[2024-04-04 20:29:14,956] {processor.py:153} INFO - Started process (PID=569889) to work on /home/dimitri/dimitri/airflowalura/venv/lib/python3.10/site-packages/airflow/example_dags/example_latest_only_with_trigger.py
[2024-04-04 20:29:14,957] {processor.py:641} INFO - Processing file /home/dimitri/dimitri/airflowalura/venv/lib/python3.10/site-packages/airflow/example_dags/example_latest_only_with_trigger.py for tasks to queue
[2024-04-04 20:29:14,957] {logging_mixin.py:115} INFO - [2024-04-04 20:29:14,957] {dagbag.py:507} INFO - Filling up the DagBag from /home/dimitri/dimitri/airflowalura/venv/lib/python3.10/site-packages/airflow/example_dags/example_latest_only_with_trigger.py
[2024-04-04 20:29:14,961] {processor.py:651} INFO - DAG(s) dict_keys(['latest_only_with_trigger']) retrieved from /home/dimitri/dimitri/airflowalura/venv/lib/python3.10/site-packages/airflow/example_dags/example_latest_only_with_trigger.py
[2024-04-04 20:29:15,021] {logging_mixin.py:115} INFO - [2024-04-04 20:29:15,021] {manager.py:508} INFO - Created Permission View: can read on DAG:latest_only_with_trigger
[2024-04-04 20:29:15,037] {logging_mixin.py:115} INFO - [2024-04-04 20:29:15,037] {manager.py:508} INFO - Created Permission View: can edit on DAG:latest_only_with_trigger
[2024-04-04 20:29:15,051] {logging_mixin.py:115} INFO - [2024-04-04 20:29:15,050] {manager.py:508} INFO - Created Permission View: can delete on DAG:latest_only_with_trigger
[2024-04-04 20:29:15,051] {logging_mixin.py:115} INFO - [2024-04-04 20:29:15,051] {dag.py:2379} INFO - Sync 1 DAGs
[2024-04-04 20:29:15,055] {logging_mixin.py:115} INFO - [2024-04-04 20:29:15,055] {dag.py:2398} INFO - Creating ORM DAG for latest_only_with_trigger
[2024-04-04 20:29:15,060] {logging_mixin.py:115} INFO - [2024-04-04 20:29:15,060] {dag.py:2927} INFO - Setting next_dagrun for latest_only_with_trigger to 2024-04-04T19:29:15.060058+00:00, run_after=2024-04-04T23:29:15.060058+00:00
[2024-04-04 20:29:15,079] {processor.py:161} INFO - Processing /home/dimitri/dimitri/airflowalura/venv/lib/python3.10/site-packages/airflow/example_dags/example_latest_only_with_trigger.py took 0.125 seconds
[2024-04-04 20:29:50,008] {processor.py:153} INFO - Started process (PID=570271) to work on /home/dimitri/dimitri/airflowalura/venv/lib/python3.10/site-packages/airflow/example_dags/example_latest_only_with_trigger.py
[2024-04-04 20:29:50,011] {processor.py:641} INFO - Processing file /home/dimitri/dimitri/airflowalura/venv/lib/python3.10/site-packages/airflow/example_dags/example_latest_only_with_trigger.py for tasks to queue
[2024-04-04 20:29:50,012] {logging_mixin.py:115} INFO - [2024-04-04 20:29:50,012] {dagbag.py:507} INFO - Filling up the DagBag from /home/dimitri/dimitri/airflowalura/venv/lib/python3.10/site-packages/airflow/example_dags/example_latest_only_with_trigger.py
[2024-04-04 20:29:50,022] {processor.py:651} INFO - DAG(s) dict_keys(['latest_only_with_trigger']) retrieved from /home/dimitri/dimitri/airflowalura/venv/lib/python3.10/site-packages/airflow/example_dags/example_latest_only_with_trigger.py
[2024-04-04 20:29:50,045] {logging_mixin.py:115} INFO - [2024-04-04 20:29:50,045] {dag.py:2379} INFO - Sync 1 DAGs
[2024-04-04 20:29:50,074] {logging_mixin.py:115} INFO - [2024-04-04 20:29:50,073] {dag.py:2927} INFO - Setting next_dagrun for latest_only_with_trigger to 2024-04-04T19:29:50.073471+00:00, run_after=2024-04-04T23:29:50.073471+00:00
[2024-04-04 20:29:50,098] {processor.py:161} INFO - Processing /home/dimitri/dimitri/airflowalura/venv/lib/python3.10/site-packages/airflow/example_dags/example_latest_only_with_trigger.py took 0.094 seconds
[2024-04-04 20:30:23,337] {processor.py:153} INFO - Started process (PID=570408) to work on /home/dimitri/dimitri/airflowalura/venv/lib/python3.10/site-packages/airflow/example_dags/example_latest_only_with_trigger.py
[2024-04-04 20:30:23,340] {processor.py:641} INFO - Processing file /home/dimitri/dimitri/airflowalura/venv/lib/python3.10/site-packages/airflow/example_dags/example_latest_only_with_trigger.py for tasks to queue
[2024-04-04 20:30:23,340] {logging_mixin.py:115} INFO - [2024-04-04 20:30:23,340] {dagbag.py:507} INFO - Filling up the DagBag from /home/dimitri/dimitri/airflowalura/venv/lib/python3.10/site-packages/airflow/example_dags/example_latest_only_with_trigger.py
[2024-04-04 20:30:23,344] {processor.py:651} INFO - DAG(s) dict_keys(['latest_only_with_trigger']) retrieved from /home/dimitri/dimitri/airflowalura/venv/lib/python3.10/site-packages/airflow/example_dags/example_latest_only_with_trigger.py
[2024-04-04 20:30:23,354] {logging_mixin.py:115} INFO - [2024-04-04 20:30:23,354] {dag.py:2379} INFO - Sync 1 DAGs
[2024-04-04 20:30:23,365] {logging_mixin.py:115} INFO - [2024-04-04 20:30:23,365] {dag.py:2927} INFO - Setting next_dagrun for latest_only_with_trigger to 2024-04-04T19:30:23.365250+00:00, run_after=2024-04-04T23:30:23.365250+00:00
[2024-04-04 20:30:23,382] {processor.py:161} INFO - Processing /home/dimitri/dimitri/airflowalura/venv/lib/python3.10/site-packages/airflow/example_dags/example_latest_only_with_trigger.py took 0.048 seconds
[2024-04-04 20:30:56,049] {processor.py:153} INFO - Started process (PID=570538) to work on /home/dimitri/dimitri/airflowalura/venv/lib/python3.10/site-packages/airflow/example_dags/example_latest_only_with_trigger.py
[2024-04-04 20:30:56,051] {processor.py:641} INFO - Processing file /home/dimitri/dimitri/airflowalura/venv/lib/python3.10/site-packages/airflow/example_dags/example_latest_only_with_trigger.py for tasks to queue
[2024-04-04 20:30:56,052] {logging_mixin.py:115} INFO - [2024-04-04 20:30:56,052] {dagbag.py:507} INFO - Filling up the DagBag from /home/dimitri/dimitri/airflowalura/venv/lib/python3.10/site-packages/airflow/example_dags/example_latest_only_with_trigger.py
[2024-04-04 20:30:56,056] {processor.py:651} INFO - DAG(s) dict_keys(['latest_only_with_trigger']) retrieved from /home/dimitri/dimitri/airflowalura/venv/lib/python3.10/site-packages/airflow/example_dags/example_latest_only_with_trigger.py
[2024-04-04 20:30:56,065] {logging_mixin.py:115} INFO - [2024-04-04 20:30:56,065] {dag.py:2379} INFO - Sync 1 DAGs
[2024-04-04 20:30:56,077] {logging_mixin.py:115} INFO - [2024-04-04 20:30:56,077] {dag.py:2927} INFO - Setting next_dagrun for latest_only_with_trigger to 2024-04-04T19:30:56.077245+00:00, run_after=2024-04-04T23:30:56.077245+00:00
[2024-04-04 20:30:56,093] {processor.py:161} INFO - Processing /home/dimitri/dimitri/airflowalura/venv/lib/python3.10/site-packages/airflow/example_dags/example_latest_only_with_trigger.py took 0.046 seconds
[2024-04-04 20:31:28,171] {processor.py:153} INFO - Started process (PID=570662) to work on /home/dimitri/dimitri/airflowalura/venv/lib/python3.10/site-packages/airflow/example_dags/example_latest_only_with_trigger.py
[2024-04-04 20:31:28,174] {processor.py:641} INFO - Processing file /home/dimitri/dimitri/airflowalura/venv/lib/python3.10/site-packages/airflow/example_dags/example_latest_only_with_trigger.py for tasks to queue
[2024-04-04 20:31:28,175] {logging_mixin.py:115} INFO - [2024-04-04 20:31:28,174] {dagbag.py:507} INFO - Filling up the DagBag from /home/dimitri/dimitri/airflowalura/venv/lib/python3.10/site-packages/airflow/example_dags/example_latest_only_with_trigger.py
[2024-04-04 20:31:28,179] {processor.py:651} INFO - DAG(s) dict_keys(['latest_only_with_trigger']) retrieved from /home/dimitri/dimitri/airflowalura/venv/lib/python3.10/site-packages/airflow/example_dags/example_latest_only_with_trigger.py
[2024-04-04 20:31:28,188] {logging_mixin.py:115} INFO - [2024-04-04 20:31:28,188] {dag.py:2379} INFO - Sync 1 DAGs
[2024-04-04 20:31:28,199] {logging_mixin.py:115} INFO - [2024-04-04 20:31:28,199] {dag.py:2927} INFO - Setting next_dagrun for latest_only_with_trigger to 2024-04-04T19:31:28.198859+00:00, run_after=2024-04-04T23:31:28.198859+00:00
[2024-04-04 20:31:28,215] {processor.py:161} INFO - Processing /home/dimitri/dimitri/airflowalura/venv/lib/python3.10/site-packages/airflow/example_dags/example_latest_only_with_trigger.py took 0.048 seconds
[2024-04-04 20:32:03,815] {processor.py:153} INFO - Started process (PID=570800) to work on /home/dimitri/dimitri/airflowalura/venv/lib/python3.10/site-packages/airflow/example_dags/example_latest_only_with_trigger.py
[2024-04-04 20:32:03,816] {processor.py:641} INFO - Processing file /home/dimitri/dimitri/airflowalura/venv/lib/python3.10/site-packages/airflow/example_dags/example_latest_only_with_trigger.py for tasks to queue
[2024-04-04 20:32:03,817] {logging_mixin.py:115} INFO - [2024-04-04 20:32:03,817] {dagbag.py:507} INFO - Filling up the DagBag from /home/dimitri/dimitri/airflowalura/venv/lib/python3.10/site-packages/airflow/example_dags/example_latest_only_with_trigger.py
[2024-04-04 20:32:03,820] {processor.py:651} INFO - DAG(s) dict_keys(['latest_only_with_trigger']) retrieved from /home/dimitri/dimitri/airflowalura/venv/lib/python3.10/site-packages/airflow/example_dags/example_latest_only_with_trigger.py
[2024-04-04 20:32:03,828] {logging_mixin.py:115} INFO - [2024-04-04 20:32:03,828] {dag.py:2379} INFO - Sync 1 DAGs
[2024-04-04 20:32:03,842] {logging_mixin.py:115} INFO - [2024-04-04 20:32:03,842] {dag.py:2927} INFO - Setting next_dagrun for latest_only_with_trigger to 2024-04-04T19:32:03.841889+00:00, run_after=2024-04-04T23:32:03.841889+00:00
[2024-04-04 20:32:03,858] {processor.py:161} INFO - Processing /home/dimitri/dimitri/airflowalura/venv/lib/python3.10/site-packages/airflow/example_dags/example_latest_only_with_trigger.py took 0.044 seconds
[2024-04-04 20:32:35,105] {processor.py:153} INFO - Started process (PID=571038) to work on /home/dimitri/dimitri/airflowalura/venv/lib/python3.10/site-packages/airflow/example_dags/example_latest_only_with_trigger.py
[2024-04-04 20:32:35,106] {processor.py:641} INFO - Processing file /home/dimitri/dimitri/airflowalura/venv/lib/python3.10/site-packages/airflow/example_dags/example_latest_only_with_trigger.py for tasks to queue
[2024-04-04 20:32:35,107] {logging_mixin.py:115} INFO - [2024-04-04 20:32:35,107] {dagbag.py:507} INFO - Filling up the DagBag from /home/dimitri/dimitri/airflowalura/venv/lib/python3.10/site-packages/airflow/example_dags/example_latest_only_with_trigger.py
[2024-04-04 20:32:35,112] {processor.py:651} INFO - DAG(s) dict_keys(['latest_only_with_trigger']) retrieved from /home/dimitri/dimitri/airflowalura/venv/lib/python3.10/site-packages/airflow/example_dags/example_latest_only_with_trigger.py
[2024-04-04 20:32:35,124] {logging_mixin.py:115} INFO - [2024-04-04 20:32:35,124] {dag.py:2379} INFO - Sync 1 DAGs
[2024-04-04 20:32:35,139] {logging_mixin.py:115} INFO - [2024-04-04 20:32:35,139] {dag.py:2927} INFO - Setting next_dagrun for latest_only_with_trigger to 2024-04-04T19:32:35.139430+00:00, run_after=2024-04-04T23:32:35.139430+00:00
[2024-04-04 20:32:35,156] {processor.py:161} INFO - Processing /home/dimitri/dimitri/airflowalura/venv/lib/python3.10/site-packages/airflow/example_dags/example_latest_only_with_trigger.py took 0.053 seconds
[2024-04-04 20:33:02,229] {processor.py:153} INFO - Started process (PID=571178) to work on /home/dimitri/dimitri/airflowalura/venv/lib/python3.10/site-packages/airflow/example_dags/example_latest_only_with_trigger.py
[2024-04-04 20:33:02,232] {processor.py:641} INFO - Processing file /home/dimitri/dimitri/airflowalura/venv/lib/python3.10/site-packages/airflow/example_dags/example_latest_only_with_trigger.py for tasks to queue
[2024-04-04 20:33:02,233] {logging_mixin.py:115} INFO - [2024-04-04 20:33:02,232] {dagbag.py:507} INFO - Filling up the DagBag from /home/dimitri/dimitri/airflowalura/venv/lib/python3.10/site-packages/airflow/example_dags/example_latest_only_with_trigger.py
[2024-04-04 20:33:02,236] {processor.py:651} INFO - DAG(s) dict_keys(['latest_only_with_trigger']) retrieved from /home/dimitri/dimitri/airflowalura/venv/lib/python3.10/site-packages/airflow/example_dags/example_latest_only_with_trigger.py
[2024-04-04 20:33:02,248] {logging_mixin.py:115} INFO - [2024-04-04 20:33:02,248] {dag.py:2379} INFO - Sync 1 DAGs
[2024-04-04 20:33:02,258] {logging_mixin.py:115} INFO - [2024-04-04 20:33:02,258] {dag.py:2927} INFO - Setting next_dagrun for latest_only_with_trigger to 2024-04-04T19:33:02.258175+00:00, run_after=2024-04-04T23:33:02.258175+00:00
[2024-04-04 20:33:02,274] {processor.py:161} INFO - Processing /home/dimitri/dimitri/airflowalura/venv/lib/python3.10/site-packages/airflow/example_dags/example_latest_only_with_trigger.py took 0.047 seconds
[2024-04-04 20:33:33,671] {processor.py:153} INFO - Started process (PID=571308) to work on /home/dimitri/dimitri/airflowalura/venv/lib/python3.10/site-packages/airflow/example_dags/example_latest_only_with_trigger.py
[2024-04-04 20:33:33,672] {processor.py:641} INFO - Processing file /home/dimitri/dimitri/airflowalura/venv/lib/python3.10/site-packages/airflow/example_dags/example_latest_only_with_trigger.py for tasks to queue
[2024-04-04 20:33:33,672] {logging_mixin.py:115} INFO - [2024-04-04 20:33:33,672] {dagbag.py:507} INFO - Filling up the DagBag from /home/dimitri/dimitri/airflowalura/venv/lib/python3.10/site-packages/airflow/example_dags/example_latest_only_with_trigger.py
[2024-04-04 20:33:33,675] {processor.py:651} INFO - DAG(s) dict_keys(['latest_only_with_trigger']) retrieved from /home/dimitri/dimitri/airflowalura/venv/lib/python3.10/site-packages/airflow/example_dags/example_latest_only_with_trigger.py
[2024-04-04 20:33:33,687] {logging_mixin.py:115} INFO - [2024-04-04 20:33:33,687] {dag.py:2379} INFO - Sync 1 DAGs
[2024-04-04 20:33:33,697] {logging_mixin.py:115} INFO - [2024-04-04 20:33:33,697] {dag.py:2927} INFO - Setting next_dagrun for latest_only_with_trigger to 2024-04-04T19:33:33.697125+00:00, run_after=2024-04-04T23:33:33.697125+00:00
[2024-04-04 20:33:33,714] {processor.py:161} INFO - Processing /home/dimitri/dimitri/airflowalura/venv/lib/python3.10/site-packages/airflow/example_dags/example_latest_only_with_trigger.py took 0.045 seconds
[2024-04-04 20:34:08,186] {processor.py:153} INFO - Started process (PID=571441) to work on /home/dimitri/dimitri/airflowalura/venv/lib/python3.10/site-packages/airflow/example_dags/example_latest_only_with_trigger.py
[2024-04-04 20:34:08,189] {processor.py:641} INFO - Processing file /home/dimitri/dimitri/airflowalura/venv/lib/python3.10/site-packages/airflow/example_dags/example_latest_only_with_trigger.py for tasks to queue
[2024-04-04 20:34:08,189] {logging_mixin.py:115} INFO - [2024-04-04 20:34:08,189] {dagbag.py:507} INFO - Filling up the DagBag from /home/dimitri/dimitri/airflowalura/venv/lib/python3.10/site-packages/airflow/example_dags/example_latest_only_with_trigger.py
[2024-04-04 20:34:08,194] {processor.py:651} INFO - DAG(s) dict_keys(['latest_only_with_trigger']) retrieved from /home/dimitri/dimitri/airflowalura/venv/lib/python3.10/site-packages/airflow/example_dags/example_latest_only_with_trigger.py
[2024-04-04 20:34:08,209] {logging_mixin.py:115} INFO - [2024-04-04 20:34:08,209] {dag.py:2379} INFO - Sync 1 DAGs
[2024-04-04 20:34:08,219] {logging_mixin.py:115} INFO - [2024-04-04 20:34:08,219] {dag.py:2927} INFO - Setting next_dagrun for latest_only_with_trigger to 2024-04-04T19:34:08.218823+00:00, run_after=2024-04-04T23:34:08.218823+00:00
[2024-04-04 20:34:08,235] {processor.py:161} INFO - Processing /home/dimitri/dimitri/airflowalura/venv/lib/python3.10/site-packages/airflow/example_dags/example_latest_only_with_trigger.py took 0.053 seconds
[2024-04-04 20:34:41,807] {processor.py:153} INFO - Started process (PID=571577) to work on /home/dimitri/dimitri/airflowalura/venv/lib/python3.10/site-packages/airflow/example_dags/example_latest_only_with_trigger.py
[2024-04-04 20:34:41,808] {processor.py:641} INFO - Processing file /home/dimitri/dimitri/airflowalura/venv/lib/python3.10/site-packages/airflow/example_dags/example_latest_only_with_trigger.py for tasks to queue
[2024-04-04 20:34:41,808] {logging_mixin.py:115} INFO - [2024-04-04 20:34:41,808] {dagbag.py:507} INFO - Filling up the DagBag from /home/dimitri/dimitri/airflowalura/venv/lib/python3.10/site-packages/airflow/example_dags/example_latest_only_with_trigger.py
[2024-04-04 20:34:41,812] {processor.py:651} INFO - DAG(s) dict_keys(['latest_only_with_trigger']) retrieved from /home/dimitri/dimitri/airflowalura/venv/lib/python3.10/site-packages/airflow/example_dags/example_latest_only_with_trigger.py
[2024-04-04 20:34:41,826] {logging_mixin.py:115} INFO - [2024-04-04 20:34:41,825] {dag.py:2379} INFO - Sync 1 DAGs
[2024-04-04 20:34:41,836] {logging_mixin.py:115} INFO - [2024-04-04 20:34:41,835] {dag.py:2927} INFO - Setting next_dagrun for latest_only_with_trigger to 2024-04-04T19:34:41.835733+00:00, run_after=2024-04-04T23:34:41.835733+00:00
[2024-04-04 20:34:41,854] {processor.py:161} INFO - Processing /home/dimitri/dimitri/airflowalura/venv/lib/python3.10/site-packages/airflow/example_dags/example_latest_only_with_trigger.py took 0.049 seconds
[2024-04-04 20:35:14,440] {processor.py:153} INFO - Started process (PID=571705) to work on /home/dimitri/dimitri/airflowalura/venv/lib/python3.10/site-packages/airflow/example_dags/example_latest_only_with_trigger.py
[2024-04-04 20:35:14,442] {processor.py:641} INFO - Processing file /home/dimitri/dimitri/airflowalura/venv/lib/python3.10/site-packages/airflow/example_dags/example_latest_only_with_trigger.py for tasks to queue
[2024-04-04 20:35:14,443] {logging_mixin.py:115} INFO - [2024-04-04 20:35:14,443] {dagbag.py:507} INFO - Filling up the DagBag from /home/dimitri/dimitri/airflowalura/venv/lib/python3.10/site-packages/airflow/example_dags/example_latest_only_with_trigger.py
[2024-04-04 20:35:14,447] {processor.py:651} INFO - DAG(s) dict_keys(['latest_only_with_trigger']) retrieved from /home/dimitri/dimitri/airflowalura/venv/lib/python3.10/site-packages/airflow/example_dags/example_latest_only_with_trigger.py
[2024-04-04 20:35:14,458] {logging_mixin.py:115} INFO - [2024-04-04 20:35:14,458] {dag.py:2379} INFO - Sync 1 DAGs
[2024-04-04 20:35:14,467] {logging_mixin.py:115} INFO - [2024-04-04 20:35:14,467] {dag.py:2927} INFO - Setting next_dagrun for latest_only_with_trigger to 2024-04-04T19:35:14.467370+00:00, run_after=2024-04-04T23:35:14.467370+00:00
[2024-04-04 20:35:14,483] {processor.py:161} INFO - Processing /home/dimitri/dimitri/airflowalura/venv/lib/python3.10/site-packages/airflow/example_dags/example_latest_only_with_trigger.py took 0.047 seconds
[2024-04-04 20:35:47,243] {processor.py:153} INFO - Started process (PID=571835) to work on /home/dimitri/dimitri/airflowalura/venv/lib/python3.10/site-packages/airflow/example_dags/example_latest_only_with_trigger.py
[2024-04-04 20:35:47,244] {processor.py:641} INFO - Processing file /home/dimitri/dimitri/airflowalura/venv/lib/python3.10/site-packages/airflow/example_dags/example_latest_only_with_trigger.py for tasks to queue
[2024-04-04 20:35:47,244] {logging_mixin.py:115} INFO - [2024-04-04 20:35:47,244] {dagbag.py:507} INFO - Filling up the DagBag from /home/dimitri/dimitri/airflowalura/venv/lib/python3.10/site-packages/airflow/example_dags/example_latest_only_with_trigger.py
[2024-04-04 20:35:47,248] {processor.py:651} INFO - DAG(s) dict_keys(['latest_only_with_trigger']) retrieved from /home/dimitri/dimitri/airflowalura/venv/lib/python3.10/site-packages/airflow/example_dags/example_latest_only_with_trigger.py
[2024-04-04 20:35:47,264] {logging_mixin.py:115} INFO - [2024-04-04 20:35:47,264] {dag.py:2379} INFO - Sync 1 DAGs
[2024-04-04 20:35:47,275] {logging_mixin.py:115} INFO - [2024-04-04 20:35:47,275] {dag.py:2927} INFO - Setting next_dagrun for latest_only_with_trigger to 2024-04-04T19:35:47.275656+00:00, run_after=2024-04-04T23:35:47.275656+00:00
[2024-04-04 20:35:47,308] {processor.py:161} INFO - Processing /home/dimitri/dimitri/airflowalura/venv/lib/python3.10/site-packages/airflow/example_dags/example_latest_only_with_trigger.py took 0.067 seconds
[2024-04-04 20:36:30,581] {processor.py:153} INFO - Started process (PID=572018) to work on /home/dimitri/dimitri/airflowalura/venv/lib/python3.10/site-packages/airflow/example_dags/example_latest_only_with_trigger.py
[2024-04-04 20:36:30,582] {processor.py:641} INFO - Processing file /home/dimitri/dimitri/airflowalura/venv/lib/python3.10/site-packages/airflow/example_dags/example_latest_only_with_trigger.py for tasks to queue
[2024-04-04 20:36:30,583] {logging_mixin.py:115} INFO - [2024-04-04 20:36:30,583] {dagbag.py:507} INFO - Filling up the DagBag from /home/dimitri/dimitri/airflowalura/venv/lib/python3.10/site-packages/airflow/example_dags/example_latest_only_with_trigger.py
[2024-04-04 20:36:30,586] {processor.py:651} INFO - DAG(s) dict_keys(['latest_only_with_trigger']) retrieved from /home/dimitri/dimitri/airflowalura/venv/lib/python3.10/site-packages/airflow/example_dags/example_latest_only_with_trigger.py
[2024-04-04 20:36:30,597] {logging_mixin.py:115} INFO - [2024-04-04 20:36:30,597] {dag.py:2379} INFO - Sync 1 DAGs
[2024-04-04 20:36:30,606] {logging_mixin.py:115} INFO - [2024-04-04 20:36:30,606] {dag.py:2927} INFO - Setting next_dagrun for latest_only_with_trigger to 2024-04-04T19:36:30.606041+00:00, run_after=2024-04-04T23:36:30.606041+00:00
[2024-04-04 20:36:30,623] {processor.py:161} INFO - Processing /home/dimitri/dimitri/airflowalura/venv/lib/python3.10/site-packages/airflow/example_dags/example_latest_only_with_trigger.py took 0.044 seconds
[2024-04-04 20:37:03,887] {processor.py:153} INFO - Started process (PID=572152) to work on /home/dimitri/dimitri/airflowalura/venv/lib/python3.10/site-packages/airflow/example_dags/example_latest_only_with_trigger.py
[2024-04-04 20:37:03,889] {processor.py:641} INFO - Processing file /home/dimitri/dimitri/airflowalura/venv/lib/python3.10/site-packages/airflow/example_dags/example_latest_only_with_trigger.py for tasks to queue
[2024-04-04 20:37:03,890] {logging_mixin.py:115} INFO - [2024-04-04 20:37:03,890] {dagbag.py:507} INFO - Filling up the DagBag from /home/dimitri/dimitri/airflowalura/venv/lib/python3.10/site-packages/airflow/example_dags/example_latest_only_with_trigger.py
[2024-04-04 20:37:03,894] {processor.py:651} INFO - DAG(s) dict_keys(['latest_only_with_trigger']) retrieved from /home/dimitri/dimitri/airflowalura/venv/lib/python3.10/site-packages/airflow/example_dags/example_latest_only_with_trigger.py
[2024-04-04 20:37:03,904] {logging_mixin.py:115} INFO - [2024-04-04 20:37:03,904] {dag.py:2379} INFO - Sync 1 DAGs
[2024-04-04 20:37:03,913] {logging_mixin.py:115} INFO - [2024-04-04 20:37:03,913] {dag.py:2927} INFO - Setting next_dagrun for latest_only_with_trigger to 2024-04-04T19:37:03.913411+00:00, run_after=2024-04-04T23:37:03.913411+00:00
[2024-04-04 20:37:03,928] {processor.py:161} INFO - Processing /home/dimitri/dimitri/airflowalura/venv/lib/python3.10/site-packages/airflow/example_dags/example_latest_only_with_trigger.py took 0.045 seconds
[2024-04-04 20:37:39,881] {processor.py:153} INFO - Started process (PID=572289) to work on /home/dimitri/dimitri/airflowalura/venv/lib/python3.10/site-packages/airflow/example_dags/example_latest_only_with_trigger.py
[2024-04-04 20:37:39,884] {processor.py:641} INFO - Processing file /home/dimitri/dimitri/airflowalura/venv/lib/python3.10/site-packages/airflow/example_dags/example_latest_only_with_trigger.py for tasks to queue
[2024-04-04 20:37:39,884] {logging_mixin.py:115} INFO - [2024-04-04 20:37:39,884] {dagbag.py:507} INFO - Filling up the DagBag from /home/dimitri/dimitri/airflowalura/venv/lib/python3.10/site-packages/airflow/example_dags/example_latest_only_with_trigger.py
[2024-04-04 20:37:39,890] {processor.py:651} INFO - DAG(s) dict_keys(['latest_only_with_trigger']) retrieved from /home/dimitri/dimitri/airflowalura/venv/lib/python3.10/site-packages/airflow/example_dags/example_latest_only_with_trigger.py
[2024-04-04 20:37:39,901] {logging_mixin.py:115} INFO - [2024-04-04 20:37:39,901] {dag.py:2379} INFO - Sync 1 DAGs
[2024-04-04 20:37:39,911] {logging_mixin.py:115} INFO - [2024-04-04 20:37:39,911] {dag.py:2927} INFO - Setting next_dagrun for latest_only_with_trigger to 2024-04-04T19:37:39.911369+00:00, run_after=2024-04-04T23:37:39.911369+00:00
[2024-04-04 20:37:39,928] {processor.py:161} INFO - Processing /home/dimitri/dimitri/airflowalura/venv/lib/python3.10/site-packages/airflow/example_dags/example_latest_only_with_trigger.py took 0.051 seconds
[2024-04-04 20:38:11,724] {processor.py:153} INFO - Started process (PID=572422) to work on /home/dimitri/dimitri/airflowalura/venv/lib/python3.10/site-packages/airflow/example_dags/example_latest_only_with_trigger.py
[2024-04-04 20:38:11,727] {processor.py:641} INFO - Processing file /home/dimitri/dimitri/airflowalura/venv/lib/python3.10/site-packages/airflow/example_dags/example_latest_only_with_trigger.py for tasks to queue
[2024-04-04 20:38:11,727] {logging_mixin.py:115} INFO - [2024-04-04 20:38:11,727] {dagbag.py:507} INFO - Filling up the DagBag from /home/dimitri/dimitri/airflowalura/venv/lib/python3.10/site-packages/airflow/example_dags/example_latest_only_with_trigger.py
[2024-04-04 20:38:11,731] {processor.py:651} INFO - DAG(s) dict_keys(['latest_only_with_trigger']) retrieved from /home/dimitri/dimitri/airflowalura/venv/lib/python3.10/site-packages/airflow/example_dags/example_latest_only_with_trigger.py
[2024-04-04 20:38:11,743] {logging_mixin.py:115} INFO - [2024-04-04 20:38:11,743] {dag.py:2379} INFO - Sync 1 DAGs
[2024-04-04 20:38:11,752] {logging_mixin.py:115} INFO - [2024-04-04 20:38:11,752] {dag.py:2927} INFO - Setting next_dagrun for latest_only_with_trigger to 2024-04-04T19:38:11.752650+00:00, run_after=2024-04-04T23:38:11.752650+00:00
[2024-04-04 20:38:11,769] {processor.py:161} INFO - Processing /home/dimitri/dimitri/airflowalura/venv/lib/python3.10/site-packages/airflow/example_dags/example_latest_only_with_trigger.py took 0.048 seconds
[2024-04-04 20:38:46,605] {processor.py:153} INFO - Started process (PID=572555) to work on /home/dimitri/dimitri/airflowalura/venv/lib/python3.10/site-packages/airflow/example_dags/example_latest_only_with_trigger.py
[2024-04-04 20:38:46,608] {processor.py:641} INFO - Processing file /home/dimitri/dimitri/airflowalura/venv/lib/python3.10/site-packages/airflow/example_dags/example_latest_only_with_trigger.py for tasks to queue
[2024-04-04 20:38:46,609] {logging_mixin.py:115} INFO - [2024-04-04 20:38:46,609] {dagbag.py:507} INFO - Filling up the DagBag from /home/dimitri/dimitri/airflowalura/venv/lib/python3.10/site-packages/airflow/example_dags/example_latest_only_with_trigger.py
[2024-04-04 20:38:46,613] {processor.py:651} INFO - DAG(s) dict_keys(['latest_only_with_trigger']) retrieved from /home/dimitri/dimitri/airflowalura/venv/lib/python3.10/site-packages/airflow/example_dags/example_latest_only_with_trigger.py
[2024-04-04 20:38:46,625] {logging_mixin.py:115} INFO - [2024-04-04 20:38:46,625] {dag.py:2379} INFO - Sync 1 DAGs
[2024-04-04 20:38:46,634] {logging_mixin.py:115} INFO - [2024-04-04 20:38:46,634] {dag.py:2927} INFO - Setting next_dagrun for latest_only_with_trigger to 2024-04-04T19:38:46.634290+00:00, run_after=2024-04-04T23:38:46.634290+00:00
[2024-04-04 20:38:46,650] {processor.py:161} INFO - Processing /home/dimitri/dimitri/airflowalura/venv/lib/python3.10/site-packages/airflow/example_dags/example_latest_only_with_trigger.py took 0.049 seconds
[2024-04-04 20:39:21,303] {processor.py:153} INFO - Started process (PID=572693) to work on /home/dimitri/dimitri/airflowalura/venv/lib/python3.10/site-packages/airflow/example_dags/example_latest_only_with_trigger.py
[2024-04-04 20:39:21,306] {processor.py:641} INFO - Processing file /home/dimitri/dimitri/airflowalura/venv/lib/python3.10/site-packages/airflow/example_dags/example_latest_only_with_trigger.py for tasks to queue
[2024-04-04 20:39:21,306] {logging_mixin.py:115} INFO - [2024-04-04 20:39:21,306] {dagbag.py:507} INFO - Filling up the DagBag from /home/dimitri/dimitri/airflowalura/venv/lib/python3.10/site-packages/airflow/example_dags/example_latest_only_with_trigger.py
[2024-04-04 20:39:21,310] {processor.py:651} INFO - DAG(s) dict_keys(['latest_only_with_trigger']) retrieved from /home/dimitri/dimitri/airflowalura/venv/lib/python3.10/site-packages/airflow/example_dags/example_latest_only_with_trigger.py
[2024-04-04 20:39:21,321] {logging_mixin.py:115} INFO - [2024-04-04 20:39:21,321] {dag.py:2379} INFO - Sync 1 DAGs
[2024-04-04 20:39:21,330] {logging_mixin.py:115} INFO - [2024-04-04 20:39:21,330] {dag.py:2927} INFO - Setting next_dagrun for latest_only_with_trigger to 2024-04-04T19:39:21.330334+00:00, run_after=2024-04-04T23:39:21.330334+00:00
[2024-04-04 20:39:21,347] {processor.py:161} INFO - Processing /home/dimitri/dimitri/airflowalura/venv/lib/python3.10/site-packages/airflow/example_dags/example_latest_only_with_trigger.py took 0.047 seconds
[2024-04-04 20:39:54,286] {processor.py:153} INFO - Started process (PID=572824) to work on /home/dimitri/dimitri/airflowalura/venv/lib/python3.10/site-packages/airflow/example_dags/example_latest_only_with_trigger.py
[2024-04-04 20:39:54,289] {processor.py:641} INFO - Processing file /home/dimitri/dimitri/airflowalura/venv/lib/python3.10/site-packages/airflow/example_dags/example_latest_only_with_trigger.py for tasks to queue
[2024-04-04 20:39:54,289] {logging_mixin.py:115} INFO - [2024-04-04 20:39:54,289] {dagbag.py:507} INFO - Filling up the DagBag from /home/dimitri/dimitri/airflowalura/venv/lib/python3.10/site-packages/airflow/example_dags/example_latest_only_with_trigger.py
[2024-04-04 20:39:54,295] {processor.py:651} INFO - DAG(s) dict_keys(['latest_only_with_trigger']) retrieved from /home/dimitri/dimitri/airflowalura/venv/lib/python3.10/site-packages/airflow/example_dags/example_latest_only_with_trigger.py
[2024-04-04 20:39:54,308] {logging_mixin.py:115} INFO - [2024-04-04 20:39:54,307] {dag.py:2379} INFO - Sync 1 DAGs
[2024-04-04 20:39:54,317] {logging_mixin.py:115} INFO - [2024-04-04 20:39:54,317] {dag.py:2927} INFO - Setting next_dagrun for latest_only_with_trigger to 2024-04-04T19:39:54.317511+00:00, run_after=2024-04-04T23:39:54.317511+00:00
[2024-04-04 20:39:54,337] {processor.py:161} INFO - Processing /home/dimitri/dimitri/airflowalura/venv/lib/python3.10/site-packages/airflow/example_dags/example_latest_only_with_trigger.py took 0.054 seconds
[2024-04-04 20:40:30,162] {processor.py:153} INFO - Started process (PID=572964) to work on /home/dimitri/dimitri/airflowalura/venv/lib/python3.10/site-packages/airflow/example_dags/example_latest_only_with_trigger.py
[2024-04-04 20:40:30,165] {processor.py:641} INFO - Processing file /home/dimitri/dimitri/airflowalura/venv/lib/python3.10/site-packages/airflow/example_dags/example_latest_only_with_trigger.py for tasks to queue
[2024-04-04 20:40:30,166] {logging_mixin.py:115} INFO - [2024-04-04 20:40:30,166] {dagbag.py:507} INFO - Filling up the DagBag from /home/dimitri/dimitri/airflowalura/venv/lib/python3.10/site-packages/airflow/example_dags/example_latest_only_with_trigger.py
[2024-04-04 20:40:30,171] {processor.py:651} INFO - DAG(s) dict_keys(['latest_only_with_trigger']) retrieved from /home/dimitri/dimitri/airflowalura/venv/lib/python3.10/site-packages/airflow/example_dags/example_latest_only_with_trigger.py
[2024-04-04 20:40:30,182] {logging_mixin.py:115} INFO - [2024-04-04 20:40:30,182] {dag.py:2379} INFO - Sync 1 DAGs
[2024-04-04 20:40:30,194] {logging_mixin.py:115} INFO - [2024-04-04 20:40:30,194] {dag.py:2927} INFO - Setting next_dagrun for latest_only_with_trigger to 2024-04-04T19:40:30.194388+00:00, run_after=2024-04-04T23:40:30.194388+00:00
[2024-04-04 20:40:30,211] {processor.py:161} INFO - Processing /home/dimitri/dimitri/airflowalura/venv/lib/python3.10/site-packages/airflow/example_dags/example_latest_only_with_trigger.py took 0.053 seconds
[2024-04-04 20:41:18,786] {processor.py:153} INFO - Started process (PID=573165) to work on /home/dimitri/dimitri/airflowalura/venv/lib/python3.10/site-packages/airflow/example_dags/example_latest_only_with_trigger.py
[2024-04-04 20:41:18,788] {processor.py:641} INFO - Processing file /home/dimitri/dimitri/airflowalura/venv/lib/python3.10/site-packages/airflow/example_dags/example_latest_only_with_trigger.py for tasks to queue
[2024-04-04 20:41:18,788] {logging_mixin.py:115} INFO - [2024-04-04 20:41:18,788] {dagbag.py:507} INFO - Filling up the DagBag from /home/dimitri/dimitri/airflowalura/venv/lib/python3.10/site-packages/airflow/example_dags/example_latest_only_with_trigger.py
[2024-04-04 20:41:18,792] {processor.py:651} INFO - DAG(s) dict_keys(['latest_only_with_trigger']) retrieved from /home/dimitri/dimitri/airflowalura/venv/lib/python3.10/site-packages/airflow/example_dags/example_latest_only_with_trigger.py
[2024-04-04 20:41:18,805] {logging_mixin.py:115} INFO - [2024-04-04 20:41:18,805] {dag.py:2379} INFO - Sync 1 DAGs
[2024-04-04 20:41:18,825] {logging_mixin.py:115} INFO - [2024-04-04 20:41:18,825] {dag.py:2927} INFO - Setting next_dagrun for latest_only_with_trigger to 2024-04-04T19:41:18.825371+00:00, run_after=2024-04-04T23:41:18.825371+00:00
[2024-04-04 20:41:18,841] {processor.py:161} INFO - Processing /home/dimitri/dimitri/airflowalura/venv/lib/python3.10/site-packages/airflow/example_dags/example_latest_only_with_trigger.py took 0.057 seconds
[2024-04-04 20:41:53,761] {processor.py:153} INFO - Started process (PID=573311) to work on /home/dimitri/dimitri/airflowalura/venv/lib/python3.10/site-packages/airflow/example_dags/example_latest_only_with_trigger.py
[2024-04-04 20:41:53,764] {processor.py:641} INFO - Processing file /home/dimitri/dimitri/airflowalura/venv/lib/python3.10/site-packages/airflow/example_dags/example_latest_only_with_trigger.py for tasks to queue
[2024-04-04 20:41:53,764] {logging_mixin.py:115} INFO - [2024-04-04 20:41:53,764] {dagbag.py:507} INFO - Filling up the DagBag from /home/dimitri/dimitri/airflowalura/venv/lib/python3.10/site-packages/airflow/example_dags/example_latest_only_with_trigger.py
[2024-04-04 20:41:53,768] {processor.py:651} INFO - DAG(s) dict_keys(['latest_only_with_trigger']) retrieved from /home/dimitri/dimitri/airflowalura/venv/lib/python3.10/site-packages/airflow/example_dags/example_latest_only_with_trigger.py
[2024-04-04 20:41:53,782] {logging_mixin.py:115} INFO - [2024-04-04 20:41:53,782] {dag.py:2379} INFO - Sync 1 DAGs
[2024-04-04 20:41:53,796] {logging_mixin.py:115} INFO - [2024-04-04 20:41:53,796] {dag.py:2927} INFO - Setting next_dagrun for latest_only_with_trigger to 2024-04-04T19:41:53.796127+00:00, run_after=2024-04-04T23:41:53.796127+00:00
[2024-04-04 20:41:53,813] {processor.py:161} INFO - Processing /home/dimitri/dimitri/airflowalura/venv/lib/python3.10/site-packages/airflow/example_dags/example_latest_only_with_trigger.py took 0.054 seconds
[2024-04-04 20:42:27,403] {processor.py:153} INFO - Started process (PID=573442) to work on /home/dimitri/dimitri/airflowalura/venv/lib/python3.10/site-packages/airflow/example_dags/example_latest_only_with_trigger.py
[2024-04-04 20:42:27,405] {processor.py:641} INFO - Processing file /home/dimitri/dimitri/airflowalura/venv/lib/python3.10/site-packages/airflow/example_dags/example_latest_only_with_trigger.py for tasks to queue
[2024-04-04 20:42:27,405] {logging_mixin.py:115} INFO - [2024-04-04 20:42:27,405] {dagbag.py:507} INFO - Filling up the DagBag from /home/dimitri/dimitri/airflowalura/venv/lib/python3.10/site-packages/airflow/example_dags/example_latest_only_with_trigger.py
[2024-04-04 20:42:27,410] {processor.py:651} INFO - DAG(s) dict_keys(['latest_only_with_trigger']) retrieved from /home/dimitri/dimitri/airflowalura/venv/lib/python3.10/site-packages/airflow/example_dags/example_latest_only_with_trigger.py
[2024-04-04 20:42:27,423] {logging_mixin.py:115} INFO - [2024-04-04 20:42:27,423] {dag.py:2379} INFO - Sync 1 DAGs
[2024-04-04 20:42:27,435] {logging_mixin.py:115} INFO - [2024-04-04 20:42:27,435] {dag.py:2927} INFO - Setting next_dagrun for latest_only_with_trigger to 2024-04-04T19:42:27.435719+00:00, run_after=2024-04-04T23:42:27.435719+00:00
[2024-04-04 20:42:27,453] {processor.py:161} INFO - Processing /home/dimitri/dimitri/airflowalura/venv/lib/python3.10/site-packages/airflow/example_dags/example_latest_only_with_trigger.py took 0.052 seconds
[2024-04-04 20:43:02,749] {processor.py:153} INFO - Started process (PID=573581) to work on /home/dimitri/dimitri/airflowalura/venv/lib/python3.10/site-packages/airflow/example_dags/example_latest_only_with_trigger.py
[2024-04-04 20:43:02,752] {processor.py:641} INFO - Processing file /home/dimitri/dimitri/airflowalura/venv/lib/python3.10/site-packages/airflow/example_dags/example_latest_only_with_trigger.py for tasks to queue
[2024-04-04 20:43:02,752] {logging_mixin.py:115} INFO - [2024-04-04 20:43:02,752] {dagbag.py:507} INFO - Filling up the DagBag from /home/dimitri/dimitri/airflowalura/venv/lib/python3.10/site-packages/airflow/example_dags/example_latest_only_with_trigger.py
[2024-04-04 20:43:02,756] {processor.py:651} INFO - DAG(s) dict_keys(['latest_only_with_trigger']) retrieved from /home/dimitri/dimitri/airflowalura/venv/lib/python3.10/site-packages/airflow/example_dags/example_latest_only_with_trigger.py
[2024-04-04 20:43:02,769] {logging_mixin.py:115} INFO - [2024-04-04 20:43:02,769] {dag.py:2379} INFO - Sync 1 DAGs
[2024-04-04 20:43:02,781] {logging_mixin.py:115} INFO - [2024-04-04 20:43:02,780] {dag.py:2927} INFO - Setting next_dagrun for latest_only_with_trigger to 2024-04-04T19:43:02.780383+00:00, run_after=2024-04-04T23:43:02.780383+00:00
[2024-04-04 20:43:02,799] {processor.py:161} INFO - Processing /home/dimitri/dimitri/airflowalura/venv/lib/python3.10/site-packages/airflow/example_dags/example_latest_only_with_trigger.py took 0.053 seconds
[2024-04-04 20:43:38,373] {processor.py:153} INFO - Started process (PID=573723) to work on /home/dimitri/dimitri/airflowalura/venv/lib/python3.10/site-packages/airflow/example_dags/example_latest_only_with_trigger.py
[2024-04-04 20:43:38,376] {processor.py:641} INFO - Processing file /home/dimitri/dimitri/airflowalura/venv/lib/python3.10/site-packages/airflow/example_dags/example_latest_only_with_trigger.py for tasks to queue
[2024-04-04 20:43:38,377] {logging_mixin.py:115} INFO - [2024-04-04 20:43:38,376] {dagbag.py:507} INFO - Filling up the DagBag from /home/dimitri/dimitri/airflowalura/venv/lib/python3.10/site-packages/airflow/example_dags/example_latest_only_with_trigger.py
[2024-04-04 20:43:38,381] {processor.py:651} INFO - DAG(s) dict_keys(['latest_only_with_trigger']) retrieved from /home/dimitri/dimitri/airflowalura/venv/lib/python3.10/site-packages/airflow/example_dags/example_latest_only_with_trigger.py
[2024-04-04 20:43:38,396] {logging_mixin.py:115} INFO - [2024-04-04 20:43:38,396] {dag.py:2379} INFO - Sync 1 DAGs
[2024-04-04 20:43:38,411] {logging_mixin.py:115} INFO - [2024-04-04 20:43:38,411] {dag.py:2927} INFO - Setting next_dagrun for latest_only_with_trigger to 2024-04-04T19:43:38.411330+00:00, run_after=2024-04-04T23:43:38.411330+00:00
[2024-04-04 20:43:38,429] {processor.py:161} INFO - Processing /home/dimitri/dimitri/airflowalura/venv/lib/python3.10/site-packages/airflow/example_dags/example_latest_only_with_trigger.py took 0.058 seconds
[2024-04-04 20:44:13,767] {processor.py:153} INFO - Started process (PID=573857) to work on /home/dimitri/dimitri/airflowalura/venv/lib/python3.10/site-packages/airflow/example_dags/example_latest_only_with_trigger.py
[2024-04-04 20:44:13,769] {processor.py:641} INFO - Processing file /home/dimitri/dimitri/airflowalura/venv/lib/python3.10/site-packages/airflow/example_dags/example_latest_only_with_trigger.py for tasks to queue
[2024-04-04 20:44:13,769] {logging_mixin.py:115} INFO - [2024-04-04 20:44:13,769] {dagbag.py:507} INFO - Filling up the DagBag from /home/dimitri/dimitri/airflowalura/venv/lib/python3.10/site-packages/airflow/example_dags/example_latest_only_with_trigger.py
[2024-04-04 20:44:13,773] {processor.py:651} INFO - DAG(s) dict_keys(['latest_only_with_trigger']) retrieved from /home/dimitri/dimitri/airflowalura/venv/lib/python3.10/site-packages/airflow/example_dags/example_latest_only_with_trigger.py
[2024-04-04 20:44:13,788] {logging_mixin.py:115} INFO - [2024-04-04 20:44:13,787] {dag.py:2379} INFO - Sync 1 DAGs
[2024-04-04 20:44:13,802] {logging_mixin.py:115} INFO - [2024-04-04 20:44:13,801] {dag.py:2927} INFO - Setting next_dagrun for latest_only_with_trigger to 2024-04-04T19:44:13.801682+00:00, run_after=2024-04-04T23:44:13.801682+00:00
[2024-04-04 20:44:13,831] {processor.py:161} INFO - Processing /home/dimitri/dimitri/airflowalura/venv/lib/python3.10/site-packages/airflow/example_dags/example_latest_only_with_trigger.py took 0.066 seconds
[2024-04-04 20:44:47,119] {processor.py:153} INFO - Started process (PID=573994) to work on /home/dimitri/dimitri/airflowalura/venv/lib/python3.10/site-packages/airflow/example_dags/example_latest_only_with_trigger.py
[2024-04-04 20:44:47,120] {processor.py:641} INFO - Processing file /home/dimitri/dimitri/airflowalura/venv/lib/python3.10/site-packages/airflow/example_dags/example_latest_only_with_trigger.py for tasks to queue
[2024-04-04 20:44:47,120] {logging_mixin.py:115} INFO - [2024-04-04 20:44:47,120] {dagbag.py:507} INFO - Filling up the DagBag from /home/dimitri/dimitri/airflowalura/venv/lib/python3.10/site-packages/airflow/example_dags/example_latest_only_with_trigger.py
[2024-04-04 20:44:47,124] {processor.py:651} INFO - DAG(s) dict_keys(['latest_only_with_trigger']) retrieved from /home/dimitri/dimitri/airflowalura/venv/lib/python3.10/site-packages/airflow/example_dags/example_latest_only_with_trigger.py
[2024-04-04 20:44:47,136] {logging_mixin.py:115} INFO - [2024-04-04 20:44:47,136] {dag.py:2379} INFO - Sync 1 DAGs
[2024-04-04 20:44:47,146] {logging_mixin.py:115} INFO - [2024-04-04 20:44:47,146] {dag.py:2927} INFO - Setting next_dagrun for latest_only_with_trigger to 2024-04-04T19:44:47.146177+00:00, run_after=2024-04-04T23:44:47.146177+00:00
[2024-04-04 20:44:47,161] {processor.py:161} INFO - Processing /home/dimitri/dimitri/airflowalura/venv/lib/python3.10/site-packages/airflow/example_dags/example_latest_only_with_trigger.py took 0.045 seconds
[2024-04-04 20:45:22,277] {processor.py:153} INFO - Started process (PID=574130) to work on /home/dimitri/dimitri/airflowalura/venv/lib/python3.10/site-packages/airflow/example_dags/example_latest_only_with_trigger.py
[2024-04-04 20:45:22,278] {processor.py:641} INFO - Processing file /home/dimitri/dimitri/airflowalura/venv/lib/python3.10/site-packages/airflow/example_dags/example_latest_only_with_trigger.py for tasks to queue
[2024-04-04 20:45:22,278] {logging_mixin.py:115} INFO - [2024-04-04 20:45:22,278] {dagbag.py:507} INFO - Filling up the DagBag from /home/dimitri/dimitri/airflowalura/venv/lib/python3.10/site-packages/airflow/example_dags/example_latest_only_with_trigger.py
[2024-04-04 20:45:22,283] {processor.py:651} INFO - DAG(s) dict_keys(['latest_only_with_trigger']) retrieved from /home/dimitri/dimitri/airflowalura/venv/lib/python3.10/site-packages/airflow/example_dags/example_latest_only_with_trigger.py
[2024-04-04 20:45:22,300] {logging_mixin.py:115} INFO - [2024-04-04 20:45:22,299] {dag.py:2379} INFO - Sync 1 DAGs
[2024-04-04 20:45:22,311] {logging_mixin.py:115} INFO - [2024-04-04 20:45:22,311] {dag.py:2927} INFO - Setting next_dagrun for latest_only_with_trigger to 2024-04-04T19:45:22.311578+00:00, run_after=2024-04-04T23:45:22.311578+00:00
[2024-04-04 20:45:22,328] {processor.py:161} INFO - Processing /home/dimitri/dimitri/airflowalura/venv/lib/python3.10/site-packages/airflow/example_dags/example_latest_only_with_trigger.py took 0.053 seconds
[2024-04-04 20:45:59,424] {processor.py:153} INFO - Started process (PID=574272) to work on /home/dimitri/dimitri/airflowalura/venv/lib/python3.10/site-packages/airflow/example_dags/example_latest_only_with_trigger.py
[2024-04-04 20:45:59,426] {processor.py:641} INFO - Processing file /home/dimitri/dimitri/airflowalura/venv/lib/python3.10/site-packages/airflow/example_dags/example_latest_only_with_trigger.py for tasks to queue
[2024-04-04 20:45:59,426] {logging_mixin.py:115} INFO - [2024-04-04 20:45:59,426] {dagbag.py:507} INFO - Filling up the DagBag from /home/dimitri/dimitri/airflowalura/venv/lib/python3.10/site-packages/airflow/example_dags/example_latest_only_with_trigger.py
[2024-04-04 20:45:59,430] {processor.py:651} INFO - DAG(s) dict_keys(['latest_only_with_trigger']) retrieved from /home/dimitri/dimitri/airflowalura/venv/lib/python3.10/site-packages/airflow/example_dags/example_latest_only_with_trigger.py
[2024-04-04 20:45:59,447] {logging_mixin.py:115} INFO - [2024-04-04 20:45:59,447] {dag.py:2379} INFO - Sync 1 DAGs
[2024-04-04 20:45:59,461] {logging_mixin.py:115} INFO - [2024-04-04 20:45:59,461] {dag.py:2927} INFO - Setting next_dagrun for latest_only_with_trigger to 2024-04-04T19:45:59.461206+00:00, run_after=2024-04-04T23:45:59.461206+00:00
[2024-04-04 20:45:59,479] {processor.py:161} INFO - Processing /home/dimitri/dimitri/airflowalura/venv/lib/python3.10/site-packages/airflow/example_dags/example_latest_only_with_trigger.py took 0.057 seconds
[2024-04-04 20:46:36,819] {processor.py:153} INFO - Started process (PID=574423) to work on /home/dimitri/dimitri/airflowalura/venv/lib/python3.10/site-packages/airflow/example_dags/example_latest_only_with_trigger.py
[2024-04-04 20:46:36,820] {processor.py:641} INFO - Processing file /home/dimitri/dimitri/airflowalura/venv/lib/python3.10/site-packages/airflow/example_dags/example_latest_only_with_trigger.py for tasks to queue
[2024-04-04 20:46:36,820] {logging_mixin.py:115} INFO - [2024-04-04 20:46:36,820] {dagbag.py:507} INFO - Filling up the DagBag from /home/dimitri/dimitri/airflowalura/venv/lib/python3.10/site-packages/airflow/example_dags/example_latest_only_with_trigger.py
[2024-04-04 20:46:36,824] {processor.py:651} INFO - DAG(s) dict_keys(['latest_only_with_trigger']) retrieved from /home/dimitri/dimitri/airflowalura/venv/lib/python3.10/site-packages/airflow/example_dags/example_latest_only_with_trigger.py
[2024-04-04 20:46:36,841] {logging_mixin.py:115} INFO - [2024-04-04 20:46:36,841] {dag.py:2379} INFO - Sync 1 DAGs
[2024-04-04 20:46:36,857] {logging_mixin.py:115} INFO - [2024-04-04 20:46:36,857] {dag.py:2927} INFO - Setting next_dagrun for latest_only_with_trigger to 2024-04-04T19:46:36.857529+00:00, run_after=2024-04-04T23:46:36.857529+00:00
[2024-04-04 20:46:36,877] {processor.py:161} INFO - Processing /home/dimitri/dimitri/airflowalura/venv/lib/python3.10/site-packages/airflow/example_dags/example_latest_only_with_trigger.py took 0.061 seconds
[2024-04-04 20:47:08,883] {processor.py:153} INFO - Started process (PID=574566) to work on /home/dimitri/dimitri/airflowalura/venv/lib/python3.10/site-packages/airflow/example_dags/example_latest_only_with_trigger.py
[2024-04-04 20:47:08,886] {processor.py:641} INFO - Processing file /home/dimitri/dimitri/airflowalura/venv/lib/python3.10/site-packages/airflow/example_dags/example_latest_only_with_trigger.py for tasks to queue
[2024-04-04 20:47:08,887] {logging_mixin.py:115} INFO - [2024-04-04 20:47:08,886] {dagbag.py:507} INFO - Filling up the DagBag from /home/dimitri/dimitri/airflowalura/venv/lib/python3.10/site-packages/airflow/example_dags/example_latest_only_with_trigger.py
[2024-04-04 20:47:08,890] {processor.py:651} INFO - DAG(s) dict_keys(['latest_only_with_trigger']) retrieved from /home/dimitri/dimitri/airflowalura/venv/lib/python3.10/site-packages/airflow/example_dags/example_latest_only_with_trigger.py
[2024-04-04 20:47:08,903] {logging_mixin.py:115} INFO - [2024-04-04 20:47:08,903] {dag.py:2379} INFO - Sync 1 DAGs
[2024-04-04 20:47:08,914] {logging_mixin.py:115} INFO - [2024-04-04 20:47:08,914] {dag.py:2927} INFO - Setting next_dagrun for latest_only_with_trigger to 2024-04-04T19:47:08.913840+00:00, run_after=2024-04-04T23:47:08.913840+00:00
[2024-04-04 20:47:08,931] {processor.py:161} INFO - Processing /home/dimitri/dimitri/airflowalura/venv/lib/python3.10/site-packages/airflow/example_dags/example_latest_only_with_trigger.py took 0.050 seconds
[2024-04-04 20:47:43,810] {processor.py:153} INFO - Started process (PID=574697) to work on /home/dimitri/dimitri/airflowalura/venv/lib/python3.10/site-packages/airflow/example_dags/example_latest_only_with_trigger.py
[2024-04-04 20:47:43,812] {processor.py:641} INFO - Processing file /home/dimitri/dimitri/airflowalura/venv/lib/python3.10/site-packages/airflow/example_dags/example_latest_only_with_trigger.py for tasks to queue
[2024-04-04 20:47:43,813] {logging_mixin.py:115} INFO - [2024-04-04 20:47:43,812] {dagbag.py:507} INFO - Filling up the DagBag from /home/dimitri/dimitri/airflowalura/venv/lib/python3.10/site-packages/airflow/example_dags/example_latest_only_with_trigger.py
[2024-04-04 20:47:43,816] {processor.py:651} INFO - DAG(s) dict_keys(['latest_only_with_trigger']) retrieved from /home/dimitri/dimitri/airflowalura/venv/lib/python3.10/site-packages/airflow/example_dags/example_latest_only_with_trigger.py
[2024-04-04 20:47:43,852] {logging_mixin.py:115} INFO - [2024-04-04 20:47:43,852] {dag.py:2379} INFO - Sync 1 DAGs
[2024-04-04 20:47:43,866] {logging_mixin.py:115} INFO - [2024-04-04 20:47:43,865] {dag.py:2927} INFO - Setting next_dagrun for latest_only_with_trigger to 2024-04-04T19:47:43.865647+00:00, run_after=2024-04-04T23:47:43.865647+00:00
[2024-04-04 20:47:43,884] {processor.py:161} INFO - Processing /home/dimitri/dimitri/airflowalura/venv/lib/python3.10/site-packages/airflow/example_dags/example_latest_only_with_trigger.py took 0.076 seconds
[2024-04-04 20:48:17,061] {processor.py:153} INFO - Started process (PID=574830) to work on /home/dimitri/dimitri/airflowalura/venv/lib/python3.10/site-packages/airflow/example_dags/example_latest_only_with_trigger.py
[2024-04-04 20:48:17,063] {processor.py:641} INFO - Processing file /home/dimitri/dimitri/airflowalura/venv/lib/python3.10/site-packages/airflow/example_dags/example_latest_only_with_trigger.py for tasks to queue
[2024-04-04 20:48:17,063] {logging_mixin.py:115} INFO - [2024-04-04 20:48:17,063] {dagbag.py:507} INFO - Filling up the DagBag from /home/dimitri/dimitri/airflowalura/venv/lib/python3.10/site-packages/airflow/example_dags/example_latest_only_with_trigger.py
[2024-04-04 20:48:17,067] {processor.py:651} INFO - DAG(s) dict_keys(['latest_only_with_trigger']) retrieved from /home/dimitri/dimitri/airflowalura/venv/lib/python3.10/site-packages/airflow/example_dags/example_latest_only_with_trigger.py
[2024-04-04 20:48:17,081] {logging_mixin.py:115} INFO - [2024-04-04 20:48:17,081] {dag.py:2379} INFO - Sync 1 DAGs
[2024-04-04 20:48:17,093] {logging_mixin.py:115} INFO - [2024-04-04 20:48:17,093] {dag.py:2927} INFO - Setting next_dagrun for latest_only_with_trigger to 2024-04-04T19:48:17.093270+00:00, run_after=2024-04-04T23:48:17.093270+00:00
[2024-04-04 20:48:17,111] {processor.py:161} INFO - Processing /home/dimitri/dimitri/airflowalura/venv/lib/python3.10/site-packages/airflow/example_dags/example_latest_only_with_trigger.py took 0.053 seconds
[2024-04-04 20:48:51,915] {processor.py:153} INFO - Started process (PID=574970) to work on /home/dimitri/dimitri/airflowalura/venv/lib/python3.10/site-packages/airflow/example_dags/example_latest_only_with_trigger.py
[2024-04-04 20:48:51,917] {processor.py:641} INFO - Processing file /home/dimitri/dimitri/airflowalura/venv/lib/python3.10/site-packages/airflow/example_dags/example_latest_only_with_trigger.py for tasks to queue
[2024-04-04 20:48:51,918] {logging_mixin.py:115} INFO - [2024-04-04 20:48:51,918] {dagbag.py:507} INFO - Filling up the DagBag from /home/dimitri/dimitri/airflowalura/venv/lib/python3.10/site-packages/airflow/example_dags/example_latest_only_with_trigger.py
[2024-04-04 20:48:51,921] {processor.py:651} INFO - DAG(s) dict_keys(['latest_only_with_trigger']) retrieved from /home/dimitri/dimitri/airflowalura/venv/lib/python3.10/site-packages/airflow/example_dags/example_latest_only_with_trigger.py
[2024-04-04 20:48:51,935] {logging_mixin.py:115} INFO - [2024-04-04 20:48:51,935] {dag.py:2379} INFO - Sync 1 DAGs
[2024-04-04 20:48:51,947] {logging_mixin.py:115} INFO - [2024-04-04 20:48:51,947] {dag.py:2927} INFO - Setting next_dagrun for latest_only_with_trigger to 2024-04-04T19:48:51.946961+00:00, run_after=2024-04-04T23:48:51.946961+00:00
[2024-04-04 20:48:51,964] {processor.py:161} INFO - Processing /home/dimitri/dimitri/airflowalura/venv/lib/python3.10/site-packages/airflow/example_dags/example_latest_only_with_trigger.py took 0.052 seconds
[2024-04-04 20:49:25,152] {processor.py:153} INFO - Started process (PID=575101) to work on /home/dimitri/dimitri/airflowalura/venv/lib/python3.10/site-packages/airflow/example_dags/example_latest_only_with_trigger.py
[2024-04-04 20:49:25,158] {processor.py:641} INFO - Processing file /home/dimitri/dimitri/airflowalura/venv/lib/python3.10/site-packages/airflow/example_dags/example_latest_only_with_trigger.py for tasks to queue
[2024-04-04 20:49:25,159] {logging_mixin.py:115} INFO - [2024-04-04 20:49:25,159] {dagbag.py:507} INFO - Filling up the DagBag from /home/dimitri/dimitri/airflowalura/venv/lib/python3.10/site-packages/airflow/example_dags/example_latest_only_with_trigger.py
[2024-04-04 20:49:25,162] {processor.py:651} INFO - DAG(s) dict_keys(['latest_only_with_trigger']) retrieved from /home/dimitri/dimitri/airflowalura/venv/lib/python3.10/site-packages/airflow/example_dags/example_latest_only_with_trigger.py
[2024-04-04 20:49:25,184] {logging_mixin.py:115} INFO - [2024-04-04 20:49:25,184] {dag.py:2379} INFO - Sync 1 DAGs
[2024-04-04 20:49:25,196] {logging_mixin.py:115} INFO - [2024-04-04 20:49:25,196] {dag.py:2927} INFO - Setting next_dagrun for latest_only_with_trigger to 2024-04-04T19:49:25.196227+00:00, run_after=2024-04-04T23:49:25.196227+00:00
[2024-04-04 20:49:25,212] {processor.py:161} INFO - Processing /home/dimitri/dimitri/airflowalura/venv/lib/python3.10/site-packages/airflow/example_dags/example_latest_only_with_trigger.py took 0.062 seconds
[2024-04-04 20:49:57,686] {processor.py:153} INFO - Started process (PID=575235) to work on /home/dimitri/dimitri/airflowalura/venv/lib/python3.10/site-packages/airflow/example_dags/example_latest_only_with_trigger.py
[2024-04-04 20:49:57,690] {processor.py:641} INFO - Processing file /home/dimitri/dimitri/airflowalura/venv/lib/python3.10/site-packages/airflow/example_dags/example_latest_only_with_trigger.py for tasks to queue
[2024-04-04 20:49:57,690] {logging_mixin.py:115} INFO - [2024-04-04 20:49:57,690] {dagbag.py:507} INFO - Filling up the DagBag from /home/dimitri/dimitri/airflowalura/venv/lib/python3.10/site-packages/airflow/example_dags/example_latest_only_with_trigger.py
[2024-04-04 20:49:57,695] {processor.py:651} INFO - DAG(s) dict_keys(['latest_only_with_trigger']) retrieved from /home/dimitri/dimitri/airflowalura/venv/lib/python3.10/site-packages/airflow/example_dags/example_latest_only_with_trigger.py
[2024-04-04 20:49:57,708] {logging_mixin.py:115} INFO - [2024-04-04 20:49:57,708] {dag.py:2379} INFO - Sync 1 DAGs
[2024-04-04 20:49:57,719] {logging_mixin.py:115} INFO - [2024-04-04 20:49:57,718] {dag.py:2927} INFO - Setting next_dagrun for latest_only_with_trigger to 2024-04-04T19:49:57.718774+00:00, run_after=2024-04-04T23:49:57.718774+00:00
[2024-04-04 20:49:57,736] {processor.py:161} INFO - Processing /home/dimitri/dimitri/airflowalura/venv/lib/python3.10/site-packages/airflow/example_dags/example_latest_only_with_trigger.py took 0.051 seconds
[2024-04-04 20:50:35,419] {processor.py:153} INFO - Started process (PID=575382) to work on /home/dimitri/dimitri/airflowalura/venv/lib/python3.10/site-packages/airflow/example_dags/example_latest_only_with_trigger.py
[2024-04-04 20:50:35,421] {processor.py:641} INFO - Processing file /home/dimitri/dimitri/airflowalura/venv/lib/python3.10/site-packages/airflow/example_dags/example_latest_only_with_trigger.py for tasks to queue
[2024-04-04 20:50:35,421] {logging_mixin.py:115} INFO - [2024-04-04 20:50:35,421] {dagbag.py:507} INFO - Filling up the DagBag from /home/dimitri/dimitri/airflowalura/venv/lib/python3.10/site-packages/airflow/example_dags/example_latest_only_with_trigger.py
[2024-04-04 20:50:35,426] {processor.py:651} INFO - DAG(s) dict_keys(['latest_only_with_trigger']) retrieved from /home/dimitri/dimitri/airflowalura/venv/lib/python3.10/site-packages/airflow/example_dags/example_latest_only_with_trigger.py
[2024-04-04 20:50:35,438] {logging_mixin.py:115} INFO - [2024-04-04 20:50:35,438] {dag.py:2379} INFO - Sync 1 DAGs
[2024-04-04 20:50:35,449] {logging_mixin.py:115} INFO - [2024-04-04 20:50:35,449] {dag.py:2927} INFO - Setting next_dagrun for latest_only_with_trigger to 2024-04-04T19:50:35.449139+00:00, run_after=2024-04-04T23:50:35.449139+00:00
[2024-04-04 20:50:35,466] {processor.py:161} INFO - Processing /home/dimitri/dimitri/airflowalura/venv/lib/python3.10/site-packages/airflow/example_dags/example_latest_only_with_trigger.py took 0.050 seconds
[2024-04-04 20:51:10,592] {processor.py:153} INFO - Started process (PID=575519) to work on /home/dimitri/dimitri/airflowalura/venv/lib/python3.10/site-packages/airflow/example_dags/example_latest_only_with_trigger.py
[2024-04-04 20:51:10,595] {processor.py:641} INFO - Processing file /home/dimitri/dimitri/airflowalura/venv/lib/python3.10/site-packages/airflow/example_dags/example_latest_only_with_trigger.py for tasks to queue
[2024-04-04 20:51:10,596] {logging_mixin.py:115} INFO - [2024-04-04 20:51:10,596] {dagbag.py:507} INFO - Filling up the DagBag from /home/dimitri/dimitri/airflowalura/venv/lib/python3.10/site-packages/airflow/example_dags/example_latest_only_with_trigger.py
[2024-04-04 20:51:10,600] {processor.py:651} INFO - DAG(s) dict_keys(['latest_only_with_trigger']) retrieved from /home/dimitri/dimitri/airflowalura/venv/lib/python3.10/site-packages/airflow/example_dags/example_latest_only_with_trigger.py
[2024-04-04 20:51:10,612] {logging_mixin.py:115} INFO - [2024-04-04 20:51:10,612] {dag.py:2379} INFO - Sync 1 DAGs
[2024-04-04 20:51:10,624] {logging_mixin.py:115} INFO - [2024-04-04 20:51:10,624] {dag.py:2927} INFO - Setting next_dagrun for latest_only_with_trigger to 2024-04-04T19:51:10.624576+00:00, run_after=2024-04-04T23:51:10.624576+00:00
[2024-04-04 20:51:10,642] {processor.py:161} INFO - Processing /home/dimitri/dimitri/airflowalura/venv/lib/python3.10/site-packages/airflow/example_dags/example_latest_only_with_trigger.py took 0.052 seconds
[2024-04-04 20:51:46,811] {processor.py:153} INFO - Started process (PID=575657) to work on /home/dimitri/dimitri/airflowalura/venv/lib/python3.10/site-packages/airflow/example_dags/example_latest_only_with_trigger.py
[2024-04-04 20:51:46,814] {processor.py:641} INFO - Processing file /home/dimitri/dimitri/airflowalura/venv/lib/python3.10/site-packages/airflow/example_dags/example_latest_only_with_trigger.py for tasks to queue
[2024-04-04 20:51:46,815] {logging_mixin.py:115} INFO - [2024-04-04 20:51:46,815] {dagbag.py:507} INFO - Filling up the DagBag from /home/dimitri/dimitri/airflowalura/venv/lib/python3.10/site-packages/airflow/example_dags/example_latest_only_with_trigger.py
[2024-04-04 20:51:46,819] {processor.py:651} INFO - DAG(s) dict_keys(['latest_only_with_trigger']) retrieved from /home/dimitri/dimitri/airflowalura/venv/lib/python3.10/site-packages/airflow/example_dags/example_latest_only_with_trigger.py
[2024-04-04 20:51:46,834] {logging_mixin.py:115} INFO - [2024-04-04 20:51:46,834] {dag.py:2379} INFO - Sync 1 DAGs
[2024-04-04 20:51:46,845] {logging_mixin.py:115} INFO - [2024-04-04 20:51:46,845] {dag.py:2927} INFO - Setting next_dagrun for latest_only_with_trigger to 2024-04-04T19:51:46.844869+00:00, run_after=2024-04-04T23:51:46.844869+00:00
[2024-04-04 20:51:46,859] {processor.py:161} INFO - Processing /home/dimitri/dimitri/airflowalura/venv/lib/python3.10/site-packages/airflow/example_dags/example_latest_only_with_trigger.py took 0.049 seconds
[2024-04-04 20:52:20,781] {processor.py:153} INFO - Started process (PID=575788) to work on /home/dimitri/dimitri/airflowalura/venv/lib/python3.10/site-packages/airflow/example_dags/example_latest_only_with_trigger.py
[2024-04-04 20:52:20,783] {processor.py:641} INFO - Processing file /home/dimitri/dimitri/airflowalura/venv/lib/python3.10/site-packages/airflow/example_dags/example_latest_only_with_trigger.py for tasks to queue
[2024-04-04 20:52:20,784] {logging_mixin.py:115} INFO - [2024-04-04 20:52:20,784] {dagbag.py:507} INFO - Filling up the DagBag from /home/dimitri/dimitri/airflowalura/venv/lib/python3.10/site-packages/airflow/example_dags/example_latest_only_with_trigger.py
[2024-04-04 20:52:20,788] {processor.py:651} INFO - DAG(s) dict_keys(['latest_only_with_trigger']) retrieved from /home/dimitri/dimitri/airflowalura/venv/lib/python3.10/site-packages/airflow/example_dags/example_latest_only_with_trigger.py
[2024-04-04 20:52:20,801] {logging_mixin.py:115} INFO - [2024-04-04 20:52:20,801] {dag.py:2379} INFO - Sync 1 DAGs
[2024-04-04 20:52:20,810] {logging_mixin.py:115} INFO - [2024-04-04 20:52:20,810] {dag.py:2927} INFO - Setting next_dagrun for latest_only_with_trigger to 2024-04-04T19:52:20.810624+00:00, run_after=2024-04-04T23:52:20.810624+00:00
[2024-04-04 20:52:20,828] {processor.py:161} INFO - Processing /home/dimitri/dimitri/airflowalura/venv/lib/python3.10/site-packages/airflow/example_dags/example_latest_only_with_trigger.py took 0.048 seconds
[2024-04-04 20:52:56,565] {processor.py:153} INFO - Started process (PID=575924) to work on /home/dimitri/dimitri/airflowalura/venv/lib/python3.10/site-packages/airflow/example_dags/example_latest_only_with_trigger.py
[2024-04-04 20:52:56,567] {processor.py:641} INFO - Processing file /home/dimitri/dimitri/airflowalura/venv/lib/python3.10/site-packages/airflow/example_dags/example_latest_only_with_trigger.py for tasks to queue
[2024-04-04 20:52:56,567] {logging_mixin.py:115} INFO - [2024-04-04 20:52:56,567] {dagbag.py:507} INFO - Filling up the DagBag from /home/dimitri/dimitri/airflowalura/venv/lib/python3.10/site-packages/airflow/example_dags/example_latest_only_with_trigger.py
[2024-04-04 20:52:56,573] {processor.py:651} INFO - DAG(s) dict_keys(['latest_only_with_trigger']) retrieved from /home/dimitri/dimitri/airflowalura/venv/lib/python3.10/site-packages/airflow/example_dags/example_latest_only_with_trigger.py
[2024-04-04 20:52:56,584] {logging_mixin.py:115} INFO - [2024-04-04 20:52:56,584] {dag.py:2379} INFO - Sync 1 DAGs
[2024-04-04 20:52:56,593] {logging_mixin.py:115} INFO - [2024-04-04 20:52:56,593] {dag.py:2927} INFO - Setting next_dagrun for latest_only_with_trigger to 2024-04-04T19:52:56.593418+00:00, run_after=2024-04-04T23:52:56.593418+00:00
[2024-04-04 20:52:56,609] {processor.py:161} INFO - Processing /home/dimitri/dimitri/airflowalura/venv/lib/python3.10/site-packages/airflow/example_dags/example_latest_only_with_trigger.py took 0.047 seconds
[2024-04-04 20:53:29,115] {processor.py:153} INFO - Started process (PID=576054) to work on /home/dimitri/dimitri/airflowalura/venv/lib/python3.10/site-packages/airflow/example_dags/example_latest_only_with_trigger.py
[2024-04-04 20:53:29,116] {processor.py:641} INFO - Processing file /home/dimitri/dimitri/airflowalura/venv/lib/python3.10/site-packages/airflow/example_dags/example_latest_only_with_trigger.py for tasks to queue
[2024-04-04 20:53:29,117] {logging_mixin.py:115} INFO - [2024-04-04 20:53:29,117] {dagbag.py:507} INFO - Filling up the DagBag from /home/dimitri/dimitri/airflowalura/venv/lib/python3.10/site-packages/airflow/example_dags/example_latest_only_with_trigger.py
[2024-04-04 20:53:29,121] {processor.py:651} INFO - DAG(s) dict_keys(['latest_only_with_trigger']) retrieved from /home/dimitri/dimitri/airflowalura/venv/lib/python3.10/site-packages/airflow/example_dags/example_latest_only_with_trigger.py
[2024-04-04 20:53:29,132] {logging_mixin.py:115} INFO - [2024-04-04 20:53:29,132] {dag.py:2379} INFO - Sync 1 DAGs
[2024-04-04 20:53:29,144] {logging_mixin.py:115} INFO - [2024-04-04 20:53:29,144] {dag.py:2927} INFO - Setting next_dagrun for latest_only_with_trigger to 2024-04-04T19:53:29.144552+00:00, run_after=2024-04-04T23:53:29.144552+00:00
[2024-04-04 20:53:29,161] {processor.py:161} INFO - Processing /home/dimitri/dimitri/airflowalura/venv/lib/python3.10/site-packages/airflow/example_dags/example_latest_only_with_trigger.py took 0.048 seconds
[2024-04-04 20:54:04,075] {processor.py:153} INFO - Started process (PID=576191) to work on /home/dimitri/dimitri/airflowalura/venv/lib/python3.10/site-packages/airflow/example_dags/example_latest_only_with_trigger.py
[2024-04-04 20:54:04,078] {processor.py:641} INFO - Processing file /home/dimitri/dimitri/airflowalura/venv/lib/python3.10/site-packages/airflow/example_dags/example_latest_only_with_trigger.py for tasks to queue
[2024-04-04 20:54:04,079] {logging_mixin.py:115} INFO - [2024-04-04 20:54:04,079] {dagbag.py:507} INFO - Filling up the DagBag from /home/dimitri/dimitri/airflowalura/venv/lib/python3.10/site-packages/airflow/example_dags/example_latest_only_with_trigger.py
[2024-04-04 20:54:04,085] {processor.py:651} INFO - DAG(s) dict_keys(['latest_only_with_trigger']) retrieved from /home/dimitri/dimitri/airflowalura/venv/lib/python3.10/site-packages/airflow/example_dags/example_latest_only_with_trigger.py
[2024-04-04 20:54:04,098] {logging_mixin.py:115} INFO - [2024-04-04 20:54:04,098] {dag.py:2379} INFO - Sync 1 DAGs
[2024-04-04 20:54:04,109] {logging_mixin.py:115} INFO - [2024-04-04 20:54:04,109] {dag.py:2927} INFO - Setting next_dagrun for latest_only_with_trigger to 2024-04-04T19:54:04.109044+00:00, run_after=2024-04-04T23:54:04.109044+00:00
[2024-04-04 20:54:04,128] {processor.py:161} INFO - Processing /home/dimitri/dimitri/airflowalura/venv/lib/python3.10/site-packages/airflow/example_dags/example_latest_only_with_trigger.py took 0.056 seconds
[2024-04-04 20:54:36,952] {processor.py:153} INFO - Started process (PID=576319) to work on /home/dimitri/dimitri/airflowalura/venv/lib/python3.10/site-packages/airflow/example_dags/example_latest_only_with_trigger.py
[2024-04-04 20:54:36,954] {processor.py:641} INFO - Processing file /home/dimitri/dimitri/airflowalura/venv/lib/python3.10/site-packages/airflow/example_dags/example_latest_only_with_trigger.py for tasks to queue
[2024-04-04 20:54:36,954] {logging_mixin.py:115} INFO - [2024-04-04 20:54:36,954] {dagbag.py:507} INFO - Filling up the DagBag from /home/dimitri/dimitri/airflowalura/venv/lib/python3.10/site-packages/airflow/example_dags/example_latest_only_with_trigger.py
[2024-04-04 20:54:36,958] {processor.py:651} INFO - DAG(s) dict_keys(['latest_only_with_trigger']) retrieved from /home/dimitri/dimitri/airflowalura/venv/lib/python3.10/site-packages/airflow/example_dags/example_latest_only_with_trigger.py
[2024-04-04 20:54:36,974] {logging_mixin.py:115} INFO - [2024-04-04 20:54:36,974] {dag.py:2379} INFO - Sync 1 DAGs
[2024-04-04 20:54:36,984] {logging_mixin.py:115} INFO - [2024-04-04 20:54:36,984] {dag.py:2927} INFO - Setting next_dagrun for latest_only_with_trigger to 2024-04-04T19:54:36.984568+00:00, run_after=2024-04-04T23:54:36.984568+00:00
[2024-04-04 20:54:37,001] {processor.py:161} INFO - Processing /home/dimitri/dimitri/airflowalura/venv/lib/python3.10/site-packages/airflow/example_dags/example_latest_only_with_trigger.py took 0.051 seconds
[2024-04-04 20:55:09,714] {processor.py:153} INFO - Started process (PID=576445) to work on /home/dimitri/dimitri/airflowalura/venv/lib/python3.10/site-packages/airflow/example_dags/example_latest_only_with_trigger.py
[2024-04-04 20:55:09,715] {processor.py:641} INFO - Processing file /home/dimitri/dimitri/airflowalura/venv/lib/python3.10/site-packages/airflow/example_dags/example_latest_only_with_trigger.py for tasks to queue
[2024-04-04 20:55:09,716] {logging_mixin.py:115} INFO - [2024-04-04 20:55:09,716] {dagbag.py:507} INFO - Filling up the DagBag from /home/dimitri/dimitri/airflowalura/venv/lib/python3.10/site-packages/airflow/example_dags/example_latest_only_with_trigger.py
[2024-04-04 20:55:09,719] {processor.py:651} INFO - DAG(s) dict_keys(['latest_only_with_trigger']) retrieved from /home/dimitri/dimitri/airflowalura/venv/lib/python3.10/site-packages/airflow/example_dags/example_latest_only_with_trigger.py
[2024-04-04 20:55:09,730] {logging_mixin.py:115} INFO - [2024-04-04 20:55:09,730] {dag.py:2379} INFO - Sync 1 DAGs
[2024-04-04 20:55:09,740] {logging_mixin.py:115} INFO - [2024-04-04 20:55:09,740] {dag.py:2927} INFO - Setting next_dagrun for latest_only_with_trigger to 2024-04-04T19:55:09.740047+00:00, run_after=2024-04-04T23:55:09.740047+00:00
[2024-04-04 20:55:09,755] {processor.py:161} INFO - Processing /home/dimitri/dimitri/airflowalura/venv/lib/python3.10/site-packages/airflow/example_dags/example_latest_only_with_trigger.py took 0.043 seconds
[2024-04-04 20:55:47,015] {processor.py:153} INFO - Started process (PID=576592) to work on /home/dimitri/dimitri/airflowalura/venv/lib/python3.10/site-packages/airflow/example_dags/example_latest_only_with_trigger.py
[2024-04-04 20:55:47,017] {processor.py:641} INFO - Processing file /home/dimitri/dimitri/airflowalura/venv/lib/python3.10/site-packages/airflow/example_dags/example_latest_only_with_trigger.py for tasks to queue
[2024-04-04 20:55:47,017] {logging_mixin.py:115} INFO - [2024-04-04 20:55:47,017] {dagbag.py:507} INFO - Filling up the DagBag from /home/dimitri/dimitri/airflowalura/venv/lib/python3.10/site-packages/airflow/example_dags/example_latest_only_with_trigger.py
[2024-04-04 20:55:47,022] {processor.py:651} INFO - DAG(s) dict_keys(['latest_only_with_trigger']) retrieved from /home/dimitri/dimitri/airflowalura/venv/lib/python3.10/site-packages/airflow/example_dags/example_latest_only_with_trigger.py
[2024-04-04 20:55:47,034] {logging_mixin.py:115} INFO - [2024-04-04 20:55:47,034] {dag.py:2379} INFO - Sync 1 DAGs
[2024-04-04 20:55:47,046] {logging_mixin.py:115} INFO - [2024-04-04 20:55:47,046] {dag.py:2927} INFO - Setting next_dagrun for latest_only_with_trigger to 2024-04-04T19:55:47.046563+00:00, run_after=2024-04-04T23:55:47.046563+00:00
[2024-04-04 20:55:47,063] {processor.py:161} INFO - Processing /home/dimitri/dimitri/airflowalura/venv/lib/python3.10/site-packages/airflow/example_dags/example_latest_only_with_trigger.py took 0.051 seconds
[2024-04-04 20:56:21,454] {processor.py:153} INFO - Started process (PID=576729) to work on /home/dimitri/dimitri/airflowalura/venv/lib/python3.10/site-packages/airflow/example_dags/example_latest_only_with_trigger.py
[2024-04-04 20:56:21,456] {processor.py:641} INFO - Processing file /home/dimitri/dimitri/airflowalura/venv/lib/python3.10/site-packages/airflow/example_dags/example_latest_only_with_trigger.py for tasks to queue
[2024-04-04 20:56:21,457] {logging_mixin.py:115} INFO - [2024-04-04 20:56:21,457] {dagbag.py:507} INFO - Filling up the DagBag from /home/dimitri/dimitri/airflowalura/venv/lib/python3.10/site-packages/airflow/example_dags/example_latest_only_with_trigger.py
[2024-04-04 20:56:21,462] {processor.py:651} INFO - DAG(s) dict_keys(['latest_only_with_trigger']) retrieved from /home/dimitri/dimitri/airflowalura/venv/lib/python3.10/site-packages/airflow/example_dags/example_latest_only_with_trigger.py
[2024-04-04 20:56:21,474] {logging_mixin.py:115} INFO - [2024-04-04 20:56:21,474] {dag.py:2379} INFO - Sync 1 DAGs
[2024-04-04 20:56:21,485] {logging_mixin.py:115} INFO - [2024-04-04 20:56:21,485] {dag.py:2927} INFO - Setting next_dagrun for latest_only_with_trigger to 2024-04-04T19:56:21.485562+00:00, run_after=2024-04-04T23:56:21.485562+00:00
[2024-04-04 20:56:21,501] {processor.py:161} INFO - Processing /home/dimitri/dimitri/airflowalura/venv/lib/python3.10/site-packages/airflow/example_dags/example_latest_only_with_trigger.py took 0.049 seconds
[2024-04-04 20:56:56,701] {processor.py:153} INFO - Started process (PID=576867) to work on /home/dimitri/dimitri/airflowalura/venv/lib/python3.10/site-packages/airflow/example_dags/example_latest_only_with_trigger.py
[2024-04-04 20:56:56,701] {processor.py:641} INFO - Processing file /home/dimitri/dimitri/airflowalura/venv/lib/python3.10/site-packages/airflow/example_dags/example_latest_only_with_trigger.py for tasks to queue
[2024-04-04 20:56:56,702] {logging_mixin.py:115} INFO - [2024-04-04 20:56:56,702] {dagbag.py:507} INFO - Filling up the DagBag from /home/dimitri/dimitri/airflowalura/venv/lib/python3.10/site-packages/airflow/example_dags/example_latest_only_with_trigger.py
[2024-04-04 20:56:56,706] {processor.py:651} INFO - DAG(s) dict_keys(['latest_only_with_trigger']) retrieved from /home/dimitri/dimitri/airflowalura/venv/lib/python3.10/site-packages/airflow/example_dags/example_latest_only_with_trigger.py
[2024-04-04 20:56:56,718] {logging_mixin.py:115} INFO - [2024-04-04 20:56:56,718] {dag.py:2379} INFO - Sync 1 DAGs
[2024-04-04 20:56:56,729] {logging_mixin.py:115} INFO - [2024-04-04 20:56:56,729] {dag.py:2927} INFO - Setting next_dagrun for latest_only_with_trigger to 2024-04-04T19:56:56.729696+00:00, run_after=2024-04-04T23:56:56.729696+00:00
[2024-04-04 20:56:56,747] {processor.py:161} INFO - Processing /home/dimitri/dimitri/airflowalura/venv/lib/python3.10/site-packages/airflow/example_dags/example_latest_only_with_trigger.py took 0.049 seconds
[2024-04-04 20:57:30,462] {processor.py:153} INFO - Started process (PID=577000) to work on /home/dimitri/dimitri/airflowalura/venv/lib/python3.10/site-packages/airflow/example_dags/example_latest_only_with_trigger.py
[2024-04-04 20:57:30,464] {processor.py:641} INFO - Processing file /home/dimitri/dimitri/airflowalura/venv/lib/python3.10/site-packages/airflow/example_dags/example_latest_only_with_trigger.py for tasks to queue
[2024-04-04 20:57:30,465] {logging_mixin.py:115} INFO - [2024-04-04 20:57:30,464] {dagbag.py:507} INFO - Filling up the DagBag from /home/dimitri/dimitri/airflowalura/venv/lib/python3.10/site-packages/airflow/example_dags/example_latest_only_with_trigger.py
[2024-04-04 20:57:30,470] {processor.py:651} INFO - DAG(s) dict_keys(['latest_only_with_trigger']) retrieved from /home/dimitri/dimitri/airflowalura/venv/lib/python3.10/site-packages/airflow/example_dags/example_latest_only_with_trigger.py
[2024-04-04 20:57:30,482] {logging_mixin.py:115} INFO - [2024-04-04 20:57:30,482] {dag.py:2379} INFO - Sync 1 DAGs
[2024-04-04 20:57:30,494] {logging_mixin.py:115} INFO - [2024-04-04 20:57:30,493] {dag.py:2927} INFO - Setting next_dagrun for latest_only_with_trigger to 2024-04-04T19:57:30.493704+00:00, run_after=2024-04-04T23:57:30.493704+00:00
[2024-04-04 20:57:30,510] {processor.py:161} INFO - Processing /home/dimitri/dimitri/airflowalura/venv/lib/python3.10/site-packages/airflow/example_dags/example_latest_only_with_trigger.py took 0.051 seconds
[2024-04-04 20:58:02,752] {processor.py:153} INFO - Started process (PID=577123) to work on /home/dimitri/dimitri/airflowalura/venv/lib/python3.10/site-packages/airflow/example_dags/example_latest_only_with_trigger.py
[2024-04-04 20:58:02,754] {processor.py:641} INFO - Processing file /home/dimitri/dimitri/airflowalura/venv/lib/python3.10/site-packages/airflow/example_dags/example_latest_only_with_trigger.py for tasks to queue
[2024-04-04 20:58:02,754] {logging_mixin.py:115} INFO - [2024-04-04 20:58:02,754] {dagbag.py:507} INFO - Filling up the DagBag from /home/dimitri/dimitri/airflowalura/venv/lib/python3.10/site-packages/airflow/example_dags/example_latest_only_with_trigger.py
[2024-04-04 20:58:02,758] {processor.py:651} INFO - DAG(s) dict_keys(['latest_only_with_trigger']) retrieved from /home/dimitri/dimitri/airflowalura/venv/lib/python3.10/site-packages/airflow/example_dags/example_latest_only_with_trigger.py
[2024-04-04 20:58:02,770] {logging_mixin.py:115} INFO - [2024-04-04 20:58:02,770] {dag.py:2379} INFO - Sync 1 DAGs
[2024-04-04 20:58:02,780] {logging_mixin.py:115} INFO - [2024-04-04 20:58:02,780] {dag.py:2927} INFO - Setting next_dagrun for latest_only_with_trigger to 2024-04-04T19:58:02.780704+00:00, run_after=2024-04-04T23:58:02.780704+00:00
[2024-04-04 20:58:02,820] {processor.py:161} INFO - Processing /home/dimitri/dimitri/airflowalura/venv/lib/python3.10/site-packages/airflow/example_dags/example_latest_only_with_trigger.py took 0.071 seconds
[2024-04-04 20:58:40,298] {processor.py:153} INFO - Started process (PID=577276) to work on /home/dimitri/dimitri/airflowalura/venv/lib/python3.10/site-packages/airflow/example_dags/example_latest_only_with_trigger.py
[2024-04-04 20:58:40,300] {processor.py:641} INFO - Processing file /home/dimitri/dimitri/airflowalura/venv/lib/python3.10/site-packages/airflow/example_dags/example_latest_only_with_trigger.py for tasks to queue
[2024-04-04 20:58:40,301] {logging_mixin.py:115} INFO - [2024-04-04 20:58:40,300] {dagbag.py:507} INFO - Filling up the DagBag from /home/dimitri/dimitri/airflowalura/venv/lib/python3.10/site-packages/airflow/example_dags/example_latest_only_with_trigger.py
[2024-04-04 20:58:40,304] {processor.py:651} INFO - DAG(s) dict_keys(['latest_only_with_trigger']) retrieved from /home/dimitri/dimitri/airflowalura/venv/lib/python3.10/site-packages/airflow/example_dags/example_latest_only_with_trigger.py
[2024-04-04 20:58:40,316] {logging_mixin.py:115} INFO - [2024-04-04 20:58:40,316] {dag.py:2379} INFO - Sync 1 DAGs
[2024-04-04 20:58:40,326] {logging_mixin.py:115} INFO - [2024-04-04 20:58:40,326] {dag.py:2927} INFO - Setting next_dagrun for latest_only_with_trigger to 2024-04-04T19:58:40.326316+00:00, run_after=2024-04-04T23:58:40.326316+00:00
[2024-04-04 20:58:40,346] {processor.py:161} INFO - Processing /home/dimitri/dimitri/airflowalura/venv/lib/python3.10/site-packages/airflow/example_dags/example_latest_only_with_trigger.py took 0.050 seconds
[2024-04-04 20:59:13,613] {processor.py:153} INFO - Started process (PID=577407) to work on /home/dimitri/dimitri/airflowalura/venv/lib/python3.10/site-packages/airflow/example_dags/example_latest_only_with_trigger.py
[2024-04-04 20:59:13,615] {processor.py:641} INFO - Processing file /home/dimitri/dimitri/airflowalura/venv/lib/python3.10/site-packages/airflow/example_dags/example_latest_only_with_trigger.py for tasks to queue
[2024-04-04 20:59:13,615] {logging_mixin.py:115} INFO - [2024-04-04 20:59:13,615] {dagbag.py:507} INFO - Filling up the DagBag from /home/dimitri/dimitri/airflowalura/venv/lib/python3.10/site-packages/airflow/example_dags/example_latest_only_with_trigger.py
[2024-04-04 20:59:13,619] {processor.py:651} INFO - DAG(s) dict_keys(['latest_only_with_trigger']) retrieved from /home/dimitri/dimitri/airflowalura/venv/lib/python3.10/site-packages/airflow/example_dags/example_latest_only_with_trigger.py
[2024-04-04 20:59:13,632] {logging_mixin.py:115} INFO - [2024-04-04 20:59:13,632] {dag.py:2379} INFO - Sync 1 DAGs
[2024-04-04 20:59:13,643] {logging_mixin.py:115} INFO - [2024-04-04 20:59:13,643] {dag.py:2927} INFO - Setting next_dagrun for latest_only_with_trigger to 2024-04-04T19:59:13.642928+00:00, run_after=2024-04-04T23:59:13.642928+00:00
[2024-04-04 20:59:13,661] {processor.py:161} INFO - Processing /home/dimitri/dimitri/airflowalura/venv/lib/python3.10/site-packages/airflow/example_dags/example_latest_only_with_trigger.py took 0.050 seconds
[2024-04-04 20:59:47,947] {processor.py:153} INFO - Started process (PID=577539) to work on /home/dimitri/dimitri/airflowalura/venv/lib/python3.10/site-packages/airflow/example_dags/example_latest_only_with_trigger.py
[2024-04-04 20:59:47,948] {processor.py:641} INFO - Processing file /home/dimitri/dimitri/airflowalura/venv/lib/python3.10/site-packages/airflow/example_dags/example_latest_only_with_trigger.py for tasks to queue
[2024-04-04 20:59:47,948] {logging_mixin.py:115} INFO - [2024-04-04 20:59:47,948] {dagbag.py:507} INFO - Filling up the DagBag from /home/dimitri/dimitri/airflowalura/venv/lib/python3.10/site-packages/airflow/example_dags/example_latest_only_with_trigger.py
[2024-04-04 20:59:47,952] {processor.py:651} INFO - DAG(s) dict_keys(['latest_only_with_trigger']) retrieved from /home/dimitri/dimitri/airflowalura/venv/lib/python3.10/site-packages/airflow/example_dags/example_latest_only_with_trigger.py
[2024-04-04 20:59:47,964] {logging_mixin.py:115} INFO - [2024-04-04 20:59:47,964] {dag.py:2379} INFO - Sync 1 DAGs
[2024-04-04 20:59:47,975] {logging_mixin.py:115} INFO - [2024-04-04 20:59:47,975] {dag.py:2927} INFO - Setting next_dagrun for latest_only_with_trigger to 2024-04-04T19:59:47.975417+00:00, run_after=2024-04-04T23:59:47.975417+00:00
[2024-04-04 20:59:47,992] {processor.py:161} INFO - Processing /home/dimitri/dimitri/airflowalura/venv/lib/python3.10/site-packages/airflow/example_dags/example_latest_only_with_trigger.py took 0.048 seconds
