[2024-04-04 20:29:03,140] {processor.py:153} INFO - Started process (PID=569878) to work on /home/dimitri/dimitri/airflowalura/venv/lib/python3.10/site-packages/airflow/example_dags/example_branch_operator.py
[2024-04-04 20:29:03,141] {processor.py:641} INFO - Processing file /home/dimitri/dimitri/airflowalura/venv/lib/python3.10/site-packages/airflow/example_dags/example_branch_operator.py for tasks to queue
[2024-04-04 20:29:03,141] {logging_mixin.py:115} INFO - [2024-04-04 20:29:03,141] {dagbag.py:507} INFO - Filling up the DagBag from /home/dimitri/dimitri/airflowalura/venv/lib/python3.10/site-packages/airflow/example_dags/example_branch_operator.py
[2024-04-04 20:29:03,147] {processor.py:651} INFO - DAG(s) dict_keys(['example_branch_operator']) retrieved from /home/dimitri/dimitri/airflowalura/venv/lib/python3.10/site-packages/airflow/example_dags/example_branch_operator.py
[2024-04-04 20:29:03,202] {logging_mixin.py:115} INFO - [2024-04-04 20:29:03,202] {manager.py:508} INFO - Created Permission View: can read on DAG:example_branch_operator
[2024-04-04 20:29:03,215] {logging_mixin.py:115} INFO - [2024-04-04 20:29:03,215] {manager.py:508} INFO - Created Permission View: can edit on DAG:example_branch_operator
[2024-04-04 20:29:03,229] {logging_mixin.py:115} INFO - [2024-04-04 20:29:03,229] {manager.py:508} INFO - Created Permission View: can delete on DAG:example_branch_operator
[2024-04-04 20:29:03,229] {logging_mixin.py:115} INFO - [2024-04-04 20:29:03,229] {dag.py:2379} INFO - Sync 1 DAGs
[2024-04-04 20:29:03,233] {logging_mixin.py:115} INFO - [2024-04-04 20:29:03,233] {dag.py:2398} INFO - Creating ORM DAG for example_branch_operator
[2024-04-04 20:29:03,239] {logging_mixin.py:115} INFO - [2024-04-04 20:29:03,239] {dag.py:2927} INFO - Setting next_dagrun for example_branch_operator to 2024-04-03T00:00:00+00:00, run_after=2024-04-04T00:00:00+00:00
[2024-04-04 20:29:03,257] {processor.py:161} INFO - Processing /home/dimitri/dimitri/airflowalura/venv/lib/python3.10/site-packages/airflow/example_dags/example_branch_operator.py took 0.118 seconds
[2024-04-04 20:29:38,302] {processor.py:153} INFO - Started process (PID=569996) to work on /home/dimitri/dimitri/airflowalura/venv/lib/python3.10/site-packages/airflow/example_dags/example_branch_operator.py
[2024-04-04 20:29:38,303] {processor.py:641} INFO - Processing file /home/dimitri/dimitri/airflowalura/venv/lib/python3.10/site-packages/airflow/example_dags/example_branch_operator.py for tasks to queue
[2024-04-04 20:29:38,303] {logging_mixin.py:115} INFO - [2024-04-04 20:29:38,303] {dagbag.py:507} INFO - Filling up the DagBag from /home/dimitri/dimitri/airflowalura/venv/lib/python3.10/site-packages/airflow/example_dags/example_branch_operator.py
[2024-04-04 20:29:38,311] {processor.py:651} INFO - DAG(s) dict_keys(['example_branch_operator']) retrieved from /home/dimitri/dimitri/airflowalura/venv/lib/python3.10/site-packages/airflow/example_dags/example_branch_operator.py
[2024-04-04 20:29:38,323] {logging_mixin.py:115} INFO - [2024-04-04 20:29:38,323] {dag.py:2379} INFO - Sync 1 DAGs
[2024-04-04 20:29:38,334] {logging_mixin.py:115} INFO - [2024-04-04 20:29:38,334] {dag.py:2927} INFO - Setting next_dagrun for example_branch_operator to 2024-04-03T00:00:00+00:00, run_after=2024-04-04T00:00:00+00:00
[2024-04-04 20:29:38,356] {processor.py:161} INFO - Processing /home/dimitri/dimitri/airflowalura/venv/lib/python3.10/site-packages/airflow/example_dags/example_branch_operator.py took 0.057 seconds
[2024-04-04 20:30:12,971] {processor.py:153} INFO - Started process (PID=570361) to work on /home/dimitri/dimitri/airflowalura/venv/lib/python3.10/site-packages/airflow/example_dags/example_branch_operator.py
[2024-04-04 20:30:12,974] {processor.py:641} INFO - Processing file /home/dimitri/dimitri/airflowalura/venv/lib/python3.10/site-packages/airflow/example_dags/example_branch_operator.py for tasks to queue
[2024-04-04 20:30:12,974] {logging_mixin.py:115} INFO - [2024-04-04 20:30:12,974] {dagbag.py:507} INFO - Filling up the DagBag from /home/dimitri/dimitri/airflowalura/venv/lib/python3.10/site-packages/airflow/example_dags/example_branch_operator.py
[2024-04-04 20:30:12,981] {processor.py:651} INFO - DAG(s) dict_keys(['example_branch_operator']) retrieved from /home/dimitri/dimitri/airflowalura/venv/lib/python3.10/site-packages/airflow/example_dags/example_branch_operator.py
[2024-04-04 20:30:12,995] {logging_mixin.py:115} INFO - [2024-04-04 20:30:12,995] {dag.py:2379} INFO - Sync 1 DAGs
[2024-04-04 20:30:13,006] {logging_mixin.py:115} INFO - [2024-04-04 20:30:13,006] {dag.py:2927} INFO - Setting next_dagrun for example_branch_operator to 2024-04-03T00:00:00+00:00, run_after=2024-04-04T00:00:00+00:00
[2024-04-04 20:30:13,020] {processor.py:161} INFO - Processing /home/dimitri/dimitri/airflowalura/venv/lib/python3.10/site-packages/airflow/example_dags/example_branch_operator.py took 0.051 seconds
[2024-04-04 20:30:44,697] {processor.py:153} INFO - Started process (PID=570491) to work on /home/dimitri/dimitri/airflowalura/venv/lib/python3.10/site-packages/airflow/example_dags/example_branch_operator.py
[2024-04-04 20:30:44,697] {processor.py:641} INFO - Processing file /home/dimitri/dimitri/airflowalura/venv/lib/python3.10/site-packages/airflow/example_dags/example_branch_operator.py for tasks to queue
[2024-04-04 20:30:44,698] {logging_mixin.py:115} INFO - [2024-04-04 20:30:44,698] {dagbag.py:507} INFO - Filling up the DagBag from /home/dimitri/dimitri/airflowalura/venv/lib/python3.10/site-packages/airflow/example_dags/example_branch_operator.py
[2024-04-04 20:30:44,704] {processor.py:651} INFO - DAG(s) dict_keys(['example_branch_operator']) retrieved from /home/dimitri/dimitri/airflowalura/venv/lib/python3.10/site-packages/airflow/example_dags/example_branch_operator.py
[2024-04-04 20:30:44,720] {logging_mixin.py:115} INFO - [2024-04-04 20:30:44,719] {dag.py:2379} INFO - Sync 1 DAGs
[2024-04-04 20:30:44,732] {logging_mixin.py:115} INFO - [2024-04-04 20:30:44,732] {dag.py:2927} INFO - Setting next_dagrun for example_branch_operator to 2024-04-03T00:00:00+00:00, run_after=2024-04-04T00:00:00+00:00
[2024-04-04 20:30:44,747] {processor.py:161} INFO - Processing /home/dimitri/dimitri/airflowalura/venv/lib/python3.10/site-packages/airflow/example_dags/example_branch_operator.py took 0.053 seconds
[2024-04-04 20:31:17,840] {processor.py:153} INFO - Started process (PID=570621) to work on /home/dimitri/dimitri/airflowalura/venv/lib/python3.10/site-packages/airflow/example_dags/example_branch_operator.py
[2024-04-04 20:31:17,841] {processor.py:641} INFO - Processing file /home/dimitri/dimitri/airflowalura/venv/lib/python3.10/site-packages/airflow/example_dags/example_branch_operator.py for tasks to queue
[2024-04-04 20:31:17,841] {logging_mixin.py:115} INFO - [2024-04-04 20:31:17,841] {dagbag.py:507} INFO - Filling up the DagBag from /home/dimitri/dimitri/airflowalura/venv/lib/python3.10/site-packages/airflow/example_dags/example_branch_operator.py
[2024-04-04 20:31:17,848] {processor.py:651} INFO - DAG(s) dict_keys(['example_branch_operator']) retrieved from /home/dimitri/dimitri/airflowalura/venv/lib/python3.10/site-packages/airflow/example_dags/example_branch_operator.py
[2024-04-04 20:31:17,858] {logging_mixin.py:115} INFO - [2024-04-04 20:31:17,858] {dag.py:2379} INFO - Sync 1 DAGs
[2024-04-04 20:31:17,869] {logging_mixin.py:115} INFO - [2024-04-04 20:31:17,869] {dag.py:2927} INFO - Setting next_dagrun for example_branch_operator to 2024-04-03T00:00:00+00:00, run_after=2024-04-04T00:00:00+00:00
[2024-04-04 20:31:17,884] {processor.py:161} INFO - Processing /home/dimitri/dimitri/airflowalura/venv/lib/python3.10/site-packages/airflow/example_dags/example_branch_operator.py took 0.047 seconds
[2024-04-04 20:31:52,356] {processor.py:153} INFO - Started process (PID=570757) to work on /home/dimitri/dimitri/airflowalura/venv/lib/python3.10/site-packages/airflow/example_dags/example_branch_operator.py
[2024-04-04 20:31:52,356] {processor.py:641} INFO - Processing file /home/dimitri/dimitri/airflowalura/venv/lib/python3.10/site-packages/airflow/example_dags/example_branch_operator.py for tasks to queue
[2024-04-04 20:31:52,357] {logging_mixin.py:115} INFO - [2024-04-04 20:31:52,357] {dagbag.py:507} INFO - Filling up the DagBag from /home/dimitri/dimitri/airflowalura/venv/lib/python3.10/site-packages/airflow/example_dags/example_branch_operator.py
[2024-04-04 20:31:52,363] {processor.py:651} INFO - DAG(s) dict_keys(['example_branch_operator']) retrieved from /home/dimitri/dimitri/airflowalura/venv/lib/python3.10/site-packages/airflow/example_dags/example_branch_operator.py
[2024-04-04 20:31:52,375] {logging_mixin.py:115} INFO - [2024-04-04 20:31:52,375] {dag.py:2379} INFO - Sync 1 DAGs
[2024-04-04 20:31:52,386] {logging_mixin.py:115} INFO - [2024-04-04 20:31:52,385] {dag.py:2927} INFO - Setting next_dagrun for example_branch_operator to 2024-04-03T00:00:00+00:00, run_after=2024-04-04T00:00:00+00:00
[2024-04-04 20:31:52,402] {processor.py:161} INFO - Processing /home/dimitri/dimitri/airflowalura/venv/lib/python3.10/site-packages/airflow/example_dags/example_branch_operator.py took 0.048 seconds
[2024-04-04 20:32:24,809] {processor.py:153} INFO - Started process (PID=570883) to work on /home/dimitri/dimitri/airflowalura/venv/lib/python3.10/site-packages/airflow/example_dags/example_branch_operator.py
[2024-04-04 20:32:24,811] {processor.py:641} INFO - Processing file /home/dimitri/dimitri/airflowalura/venv/lib/python3.10/site-packages/airflow/example_dags/example_branch_operator.py for tasks to queue
[2024-04-04 20:32:24,811] {logging_mixin.py:115} INFO - [2024-04-04 20:32:24,811] {dagbag.py:507} INFO - Filling up the DagBag from /home/dimitri/dimitri/airflowalura/venv/lib/python3.10/site-packages/airflow/example_dags/example_branch_operator.py
[2024-04-04 20:32:24,817] {processor.py:651} INFO - DAG(s) dict_keys(['example_branch_operator']) retrieved from /home/dimitri/dimitri/airflowalura/venv/lib/python3.10/site-packages/airflow/example_dags/example_branch_operator.py
[2024-04-04 20:32:24,828] {logging_mixin.py:115} INFO - [2024-04-04 20:32:24,828] {dag.py:2379} INFO - Sync 1 DAGs
[2024-04-04 20:32:24,838] {logging_mixin.py:115} INFO - [2024-04-04 20:32:24,838] {dag.py:2927} INFO - Setting next_dagrun for example_branch_operator to 2024-04-03T00:00:00+00:00, run_after=2024-04-04T00:00:00+00:00
[2024-04-04 20:32:24,856] {processor.py:161} INFO - Processing /home/dimitri/dimitri/airflowalura/venv/lib/python3.10/site-packages/airflow/example_dags/example_branch_operator.py took 0.049 seconds
[2024-04-04 20:32:51,903] {processor.py:153} INFO - Started process (PID=571137) to work on /home/dimitri/dimitri/airflowalura/venv/lib/python3.10/site-packages/airflow/example_dags/example_branch_operator.py
[2024-04-04 20:32:51,906] {processor.py:641} INFO - Processing file /home/dimitri/dimitri/airflowalura/venv/lib/python3.10/site-packages/airflow/example_dags/example_branch_operator.py for tasks to queue
[2024-04-04 20:32:51,907] {logging_mixin.py:115} INFO - [2024-04-04 20:32:51,907] {dagbag.py:507} INFO - Filling up the DagBag from /home/dimitri/dimitri/airflowalura/venv/lib/python3.10/site-packages/airflow/example_dags/example_branch_operator.py
[2024-04-04 20:32:51,920] {processor.py:651} INFO - DAG(s) dict_keys(['example_branch_operator']) retrieved from /home/dimitri/dimitri/airflowalura/venv/lib/python3.10/site-packages/airflow/example_dags/example_branch_operator.py
[2024-04-04 20:32:51,954] {logging_mixin.py:115} INFO - [2024-04-04 20:32:51,954] {dag.py:2379} INFO - Sync 1 DAGs
[2024-04-04 20:32:51,969] {logging_mixin.py:115} INFO - [2024-04-04 20:32:51,969] {dag.py:2927} INFO - Setting next_dagrun for example_branch_operator to 2024-04-03T00:00:00+00:00, run_after=2024-04-04T00:00:00+00:00
[2024-04-04 20:32:51,994] {processor.py:161} INFO - Processing /home/dimitri/dimitri/airflowalura/venv/lib/python3.10/site-packages/airflow/example_dags/example_branch_operator.py took 0.092 seconds
[2024-04-04 20:33:22,854] {processor.py:153} INFO - Started process (PID=571267) to work on /home/dimitri/dimitri/airflowalura/venv/lib/python3.10/site-packages/airflow/example_dags/example_branch_operator.py
[2024-04-04 20:33:22,856] {processor.py:641} INFO - Processing file /home/dimitri/dimitri/airflowalura/venv/lib/python3.10/site-packages/airflow/example_dags/example_branch_operator.py for tasks to queue
[2024-04-04 20:33:22,856] {logging_mixin.py:115} INFO - [2024-04-04 20:33:22,856] {dagbag.py:507} INFO - Filling up the DagBag from /home/dimitri/dimitri/airflowalura/venv/lib/python3.10/site-packages/airflow/example_dags/example_branch_operator.py
[2024-04-04 20:33:22,862] {processor.py:651} INFO - DAG(s) dict_keys(['example_branch_operator']) retrieved from /home/dimitri/dimitri/airflowalura/venv/lib/python3.10/site-packages/airflow/example_dags/example_branch_operator.py
[2024-04-04 20:33:22,875] {logging_mixin.py:115} INFO - [2024-04-04 20:33:22,875] {dag.py:2379} INFO - Sync 1 DAGs
[2024-04-04 20:33:22,886] {logging_mixin.py:115} INFO - [2024-04-04 20:33:22,886] {dag.py:2927} INFO - Setting next_dagrun for example_branch_operator to 2024-04-03T00:00:00+00:00, run_after=2024-04-04T00:00:00+00:00
[2024-04-04 20:33:22,906] {processor.py:161} INFO - Processing /home/dimitri/dimitri/airflowalura/venv/lib/python3.10/site-packages/airflow/example_dags/example_branch_operator.py took 0.054 seconds
[2024-04-04 20:33:56,783] {processor.py:153} INFO - Started process (PID=571399) to work on /home/dimitri/dimitri/airflowalura/venv/lib/python3.10/site-packages/airflow/example_dags/example_branch_operator.py
[2024-04-04 20:33:56,784] {processor.py:641} INFO - Processing file /home/dimitri/dimitri/airflowalura/venv/lib/python3.10/site-packages/airflow/example_dags/example_branch_operator.py for tasks to queue
[2024-04-04 20:33:56,784] {logging_mixin.py:115} INFO - [2024-04-04 20:33:56,784] {dagbag.py:507} INFO - Filling up the DagBag from /home/dimitri/dimitri/airflowalura/venv/lib/python3.10/site-packages/airflow/example_dags/example_branch_operator.py
[2024-04-04 20:33:56,791] {processor.py:651} INFO - DAG(s) dict_keys(['example_branch_operator']) retrieved from /home/dimitri/dimitri/airflowalura/venv/lib/python3.10/site-packages/airflow/example_dags/example_branch_operator.py
[2024-04-04 20:33:56,802] {logging_mixin.py:115} INFO - [2024-04-04 20:33:56,802] {dag.py:2379} INFO - Sync 1 DAGs
[2024-04-04 20:33:56,813] {logging_mixin.py:115} INFO - [2024-04-04 20:33:56,813] {dag.py:2927} INFO - Setting next_dagrun for example_branch_operator to 2024-04-03T00:00:00+00:00, run_after=2024-04-04T00:00:00+00:00
[2024-04-04 20:33:56,829] {processor.py:161} INFO - Processing /home/dimitri/dimitri/airflowalura/venv/lib/python3.10/site-packages/airflow/example_dags/example_branch_operator.py took 0.049 seconds
[2024-04-04 20:34:30,326] {processor.py:153} INFO - Started process (PID=571530) to work on /home/dimitri/dimitri/airflowalura/venv/lib/python3.10/site-packages/airflow/example_dags/example_branch_operator.py
[2024-04-04 20:34:30,329] {processor.py:641} INFO - Processing file /home/dimitri/dimitri/airflowalura/venv/lib/python3.10/site-packages/airflow/example_dags/example_branch_operator.py for tasks to queue
[2024-04-04 20:34:30,329] {logging_mixin.py:115} INFO - [2024-04-04 20:34:30,329] {dagbag.py:507} INFO - Filling up the DagBag from /home/dimitri/dimitri/airflowalura/venv/lib/python3.10/site-packages/airflow/example_dags/example_branch_operator.py
[2024-04-04 20:34:30,337] {processor.py:651} INFO - DAG(s) dict_keys(['example_branch_operator']) retrieved from /home/dimitri/dimitri/airflowalura/venv/lib/python3.10/site-packages/airflow/example_dags/example_branch_operator.py
[2024-04-04 20:34:30,348] {logging_mixin.py:115} INFO - [2024-04-04 20:34:30,348] {dag.py:2379} INFO - Sync 1 DAGs
[2024-04-04 20:34:30,359] {logging_mixin.py:115} INFO - [2024-04-04 20:34:30,359] {dag.py:2927} INFO - Setting next_dagrun for example_branch_operator to 2024-04-03T00:00:00+00:00, run_after=2024-04-04T00:00:00+00:00
[2024-04-04 20:34:30,376] {processor.py:161} INFO - Processing /home/dimitri/dimitri/airflowalura/venv/lib/python3.10/site-packages/airflow/example_dags/example_branch_operator.py took 0.053 seconds
[2024-04-04 20:35:03,540] {processor.py:153} INFO - Started process (PID=571662) to work on /home/dimitri/dimitri/airflowalura/venv/lib/python3.10/site-packages/airflow/example_dags/example_branch_operator.py
[2024-04-04 20:35:03,541] {processor.py:641} INFO - Processing file /home/dimitri/dimitri/airflowalura/venv/lib/python3.10/site-packages/airflow/example_dags/example_branch_operator.py for tasks to queue
[2024-04-04 20:35:03,541] {logging_mixin.py:115} INFO - [2024-04-04 20:35:03,541] {dagbag.py:507} INFO - Filling up the DagBag from /home/dimitri/dimitri/airflowalura/venv/lib/python3.10/site-packages/airflow/example_dags/example_branch_operator.py
[2024-04-04 20:35:03,547] {processor.py:651} INFO - DAG(s) dict_keys(['example_branch_operator']) retrieved from /home/dimitri/dimitri/airflowalura/venv/lib/python3.10/site-packages/airflow/example_dags/example_branch_operator.py
[2024-04-04 20:35:03,558] {logging_mixin.py:115} INFO - [2024-04-04 20:35:03,558] {dag.py:2379} INFO - Sync 1 DAGs
[2024-04-04 20:35:03,569] {logging_mixin.py:115} INFO - [2024-04-04 20:35:03,569] {dag.py:2927} INFO - Setting next_dagrun for example_branch_operator to 2024-04-03T00:00:00+00:00, run_after=2024-04-04T00:00:00+00:00
[2024-04-04 20:35:03,584] {processor.py:161} INFO - Processing /home/dimitri/dimitri/airflowalura/venv/lib/python3.10/site-packages/airflow/example_dags/example_branch_operator.py took 0.046 seconds
[2024-04-04 20:35:36,985] {processor.py:153} INFO - Started process (PID=571794) to work on /home/dimitri/dimitri/airflowalura/venv/lib/python3.10/site-packages/airflow/example_dags/example_branch_operator.py
[2024-04-04 20:35:36,988] {processor.py:641} INFO - Processing file /home/dimitri/dimitri/airflowalura/venv/lib/python3.10/site-packages/airflow/example_dags/example_branch_operator.py for tasks to queue
[2024-04-04 20:35:36,989] {logging_mixin.py:115} INFO - [2024-04-04 20:35:36,989] {dagbag.py:507} INFO - Filling up the DagBag from /home/dimitri/dimitri/airflowalura/venv/lib/python3.10/site-packages/airflow/example_dags/example_branch_operator.py
[2024-04-04 20:35:36,994] {processor.py:651} INFO - DAG(s) dict_keys(['example_branch_operator']) retrieved from /home/dimitri/dimitri/airflowalura/venv/lib/python3.10/site-packages/airflow/example_dags/example_branch_operator.py
[2024-04-04 20:35:37,007] {logging_mixin.py:115} INFO - [2024-04-04 20:35:37,007] {dag.py:2379} INFO - Sync 1 DAGs
[2024-04-04 20:35:37,019] {logging_mixin.py:115} INFO - [2024-04-04 20:35:37,019] {dag.py:2927} INFO - Setting next_dagrun for example_branch_operator to 2024-04-03T00:00:00+00:00, run_after=2024-04-04T00:00:00+00:00
[2024-04-04 20:35:37,035] {processor.py:161} INFO - Processing /home/dimitri/dimitri/airflowalura/venv/lib/python3.10/site-packages/airflow/example_dags/example_branch_operator.py took 0.051 seconds
[2024-04-04 20:36:20,429] {processor.py:153} INFO - Started process (PID=571975) to work on /home/dimitri/dimitri/airflowalura/venv/lib/python3.10/site-packages/airflow/example_dags/example_branch_operator.py
[2024-04-04 20:36:20,432] {processor.py:641} INFO - Processing file /home/dimitri/dimitri/airflowalura/venv/lib/python3.10/site-packages/airflow/example_dags/example_branch_operator.py for tasks to queue
[2024-04-04 20:36:20,432] {logging_mixin.py:115} INFO - [2024-04-04 20:36:20,432] {dagbag.py:507} INFO - Filling up the DagBag from /home/dimitri/dimitri/airflowalura/venv/lib/python3.10/site-packages/airflow/example_dags/example_branch_operator.py
[2024-04-04 20:36:20,438] {processor.py:651} INFO - DAG(s) dict_keys(['example_branch_operator']) retrieved from /home/dimitri/dimitri/airflowalura/venv/lib/python3.10/site-packages/airflow/example_dags/example_branch_operator.py
[2024-04-04 20:36:20,449] {logging_mixin.py:115} INFO - [2024-04-04 20:36:20,449] {dag.py:2379} INFO - Sync 1 DAGs
[2024-04-04 20:36:20,459] {logging_mixin.py:115} INFO - [2024-04-04 20:36:20,459] {dag.py:2927} INFO - Setting next_dagrun for example_branch_operator to 2024-04-03T00:00:00+00:00, run_after=2024-04-04T00:00:00+00:00
[2024-04-04 20:36:20,475] {processor.py:161} INFO - Processing /home/dimitri/dimitri/airflowalura/venv/lib/python3.10/site-packages/airflow/example_dags/example_branch_operator.py took 0.047 seconds
[2024-04-04 20:36:52,267] {processor.py:153} INFO - Started process (PID=572102) to work on /home/dimitri/dimitri/airflowalura/venv/lib/python3.10/site-packages/airflow/example_dags/example_branch_operator.py
[2024-04-04 20:36:52,269] {processor.py:641} INFO - Processing file /home/dimitri/dimitri/airflowalura/venv/lib/python3.10/site-packages/airflow/example_dags/example_branch_operator.py for tasks to queue
[2024-04-04 20:36:52,270] {logging_mixin.py:115} INFO - [2024-04-04 20:36:52,270] {dagbag.py:507} INFO - Filling up the DagBag from /home/dimitri/dimitri/airflowalura/venv/lib/python3.10/site-packages/airflow/example_dags/example_branch_operator.py
[2024-04-04 20:36:52,276] {processor.py:651} INFO - DAG(s) dict_keys(['example_branch_operator']) retrieved from /home/dimitri/dimitri/airflowalura/venv/lib/python3.10/site-packages/airflow/example_dags/example_branch_operator.py
[2024-04-04 20:36:52,286] {logging_mixin.py:115} INFO - [2024-04-04 20:36:52,286] {dag.py:2379} INFO - Sync 1 DAGs
[2024-04-04 20:36:52,296] {logging_mixin.py:115} INFO - [2024-04-04 20:36:52,296] {dag.py:2927} INFO - Setting next_dagrun for example_branch_operator to 2024-04-03T00:00:00+00:00, run_after=2024-04-04T00:00:00+00:00
[2024-04-04 20:36:52,312] {processor.py:161} INFO - Processing /home/dimitri/dimitri/airflowalura/venv/lib/python3.10/site-packages/airflow/example_dags/example_branch_operator.py took 0.047 seconds
[2024-04-04 20:37:28,345] {processor.py:153} INFO - Started process (PID=572248) to work on /home/dimitri/dimitri/airflowalura/venv/lib/python3.10/site-packages/airflow/example_dags/example_branch_operator.py
[2024-04-04 20:37:28,346] {processor.py:641} INFO - Processing file /home/dimitri/dimitri/airflowalura/venv/lib/python3.10/site-packages/airflow/example_dags/example_branch_operator.py for tasks to queue
[2024-04-04 20:37:28,347] {logging_mixin.py:115} INFO - [2024-04-04 20:37:28,347] {dagbag.py:507} INFO - Filling up the DagBag from /home/dimitri/dimitri/airflowalura/venv/lib/python3.10/site-packages/airflow/example_dags/example_branch_operator.py
[2024-04-04 20:37:28,353] {processor.py:651} INFO - DAG(s) dict_keys(['example_branch_operator']) retrieved from /home/dimitri/dimitri/airflowalura/venv/lib/python3.10/site-packages/airflow/example_dags/example_branch_operator.py
[2024-04-04 20:37:28,365] {logging_mixin.py:115} INFO - [2024-04-04 20:37:28,365] {dag.py:2379} INFO - Sync 1 DAGs
[2024-04-04 20:37:28,377] {logging_mixin.py:115} INFO - [2024-04-04 20:37:28,377] {dag.py:2927} INFO - Setting next_dagrun for example_branch_operator to 2024-04-03T00:00:00+00:00, run_after=2024-04-04T00:00:00+00:00
[2024-04-04 20:37:28,395] {processor.py:161} INFO - Processing /home/dimitri/dimitri/airflowalura/venv/lib/python3.10/site-packages/airflow/example_dags/example_branch_operator.py took 0.052 seconds
[2024-04-04 20:38:01,585] {processor.py:153} INFO - Started process (PID=572381) to work on /home/dimitri/dimitri/airflowalura/venv/lib/python3.10/site-packages/airflow/example_dags/example_branch_operator.py
[2024-04-04 20:38:01,588] {processor.py:641} INFO - Processing file /home/dimitri/dimitri/airflowalura/venv/lib/python3.10/site-packages/airflow/example_dags/example_branch_operator.py for tasks to queue
[2024-04-04 20:38:01,588] {logging_mixin.py:115} INFO - [2024-04-04 20:38:01,588] {dagbag.py:507} INFO - Filling up the DagBag from /home/dimitri/dimitri/airflowalura/venv/lib/python3.10/site-packages/airflow/example_dags/example_branch_operator.py
[2024-04-04 20:38:01,595] {processor.py:651} INFO - DAG(s) dict_keys(['example_branch_operator']) retrieved from /home/dimitri/dimitri/airflowalura/venv/lib/python3.10/site-packages/airflow/example_dags/example_branch_operator.py
[2024-04-04 20:38:01,610] {logging_mixin.py:115} INFO - [2024-04-04 20:38:01,610] {dag.py:2379} INFO - Sync 1 DAGs
[2024-04-04 20:38:01,623] {logging_mixin.py:115} INFO - [2024-04-04 20:38:01,622] {dag.py:2927} INFO - Setting next_dagrun for example_branch_operator to 2024-04-03T00:00:00+00:00, run_after=2024-04-04T00:00:00+00:00
[2024-04-04 20:38:01,639] {processor.py:161} INFO - Processing /home/dimitri/dimitri/airflowalura/venv/lib/python3.10/site-packages/airflow/example_dags/example_branch_operator.py took 0.056 seconds
[2024-04-04 20:38:36,337] {processor.py:153} INFO - Started process (PID=572514) to work on /home/dimitri/dimitri/airflowalura/venv/lib/python3.10/site-packages/airflow/example_dags/example_branch_operator.py
[2024-04-04 20:38:36,340] {processor.py:641} INFO - Processing file /home/dimitri/dimitri/airflowalura/venv/lib/python3.10/site-packages/airflow/example_dags/example_branch_operator.py for tasks to queue
[2024-04-04 20:38:36,341] {logging_mixin.py:115} INFO - [2024-04-04 20:38:36,340] {dagbag.py:507} INFO - Filling up the DagBag from /home/dimitri/dimitri/airflowalura/venv/lib/python3.10/site-packages/airflow/example_dags/example_branch_operator.py
[2024-04-04 20:38:36,349] {processor.py:651} INFO - DAG(s) dict_keys(['example_branch_operator']) retrieved from /home/dimitri/dimitri/airflowalura/venv/lib/python3.10/site-packages/airflow/example_dags/example_branch_operator.py
[2024-04-04 20:38:36,359] {logging_mixin.py:115} INFO - [2024-04-04 20:38:36,359] {dag.py:2379} INFO - Sync 1 DAGs
[2024-04-04 20:38:36,369] {logging_mixin.py:115} INFO - [2024-04-04 20:38:36,369] {dag.py:2927} INFO - Setting next_dagrun for example_branch_operator to 2024-04-03T00:00:00+00:00, run_after=2024-04-04T00:00:00+00:00
[2024-04-04 20:38:36,386] {processor.py:161} INFO - Processing /home/dimitri/dimitri/airflowalura/venv/lib/python3.10/site-packages/airflow/example_dags/example_branch_operator.py took 0.053 seconds
[2024-04-04 20:39:11,020] {processor.py:153} INFO - Started process (PID=572652) to work on /home/dimitri/dimitri/airflowalura/venv/lib/python3.10/site-packages/airflow/example_dags/example_branch_operator.py
[2024-04-04 20:39:11,023] {processor.py:641} INFO - Processing file /home/dimitri/dimitri/airflowalura/venv/lib/python3.10/site-packages/airflow/example_dags/example_branch_operator.py for tasks to queue
[2024-04-04 20:39:11,023] {logging_mixin.py:115} INFO - [2024-04-04 20:39:11,023] {dagbag.py:507} INFO - Filling up the DagBag from /home/dimitri/dimitri/airflowalura/venv/lib/python3.10/site-packages/airflow/example_dags/example_branch_operator.py
[2024-04-04 20:39:11,031] {processor.py:651} INFO - DAG(s) dict_keys(['example_branch_operator']) retrieved from /home/dimitri/dimitri/airflowalura/venv/lib/python3.10/site-packages/airflow/example_dags/example_branch_operator.py
[2024-04-04 20:39:11,043] {logging_mixin.py:115} INFO - [2024-04-04 20:39:11,043] {dag.py:2379} INFO - Sync 1 DAGs
[2024-04-04 20:39:11,053] {logging_mixin.py:115} INFO - [2024-04-04 20:39:11,052] {dag.py:2927} INFO - Setting next_dagrun for example_branch_operator to 2024-04-03T00:00:00+00:00, run_after=2024-04-04T00:00:00+00:00
[2024-04-04 20:39:11,067] {processor.py:161} INFO - Processing /home/dimitri/dimitri/airflowalura/venv/lib/python3.10/site-packages/airflow/example_dags/example_branch_operator.py took 0.051 seconds
[2024-04-04 20:39:43,022] {processor.py:153} INFO - Started process (PID=572777) to work on /home/dimitri/dimitri/airflowalura/venv/lib/python3.10/site-packages/airflow/example_dags/example_branch_operator.py
[2024-04-04 20:39:43,025] {processor.py:641} INFO - Processing file /home/dimitri/dimitri/airflowalura/venv/lib/python3.10/site-packages/airflow/example_dags/example_branch_operator.py for tasks to queue
[2024-04-04 20:39:43,026] {logging_mixin.py:115} INFO - [2024-04-04 20:39:43,025] {dagbag.py:507} INFO - Filling up the DagBag from /home/dimitri/dimitri/airflowalura/venv/lib/python3.10/site-packages/airflow/example_dags/example_branch_operator.py
[2024-04-04 20:39:43,033] {processor.py:651} INFO - DAG(s) dict_keys(['example_branch_operator']) retrieved from /home/dimitri/dimitri/airflowalura/venv/lib/python3.10/site-packages/airflow/example_dags/example_branch_operator.py
[2024-04-04 20:39:43,043] {logging_mixin.py:115} INFO - [2024-04-04 20:39:43,043] {dag.py:2379} INFO - Sync 1 DAGs
[2024-04-04 20:39:43,053] {logging_mixin.py:115} INFO - [2024-04-04 20:39:43,052] {dag.py:2927} INFO - Setting next_dagrun for example_branch_operator to 2024-04-03T00:00:00+00:00, run_after=2024-04-04T00:00:00+00:00
[2024-04-04 20:39:43,067] {processor.py:161} INFO - Processing /home/dimitri/dimitri/airflowalura/venv/lib/python3.10/site-packages/airflow/example_dags/example_branch_operator.py took 0.048 seconds
[2024-04-04 20:40:17,840] {processor.py:153} INFO - Started process (PID=572916) to work on /home/dimitri/dimitri/airflowalura/venv/lib/python3.10/site-packages/airflow/example_dags/example_branch_operator.py
[2024-04-04 20:40:17,843] {processor.py:641} INFO - Processing file /home/dimitri/dimitri/airflowalura/venv/lib/python3.10/site-packages/airflow/example_dags/example_branch_operator.py for tasks to queue
[2024-04-04 20:40:17,843] {logging_mixin.py:115} INFO - [2024-04-04 20:40:17,843] {dagbag.py:507} INFO - Filling up the DagBag from /home/dimitri/dimitri/airflowalura/venv/lib/python3.10/site-packages/airflow/example_dags/example_branch_operator.py
[2024-04-04 20:40:17,851] {processor.py:651} INFO - DAG(s) dict_keys(['example_branch_operator']) retrieved from /home/dimitri/dimitri/airflowalura/venv/lib/python3.10/site-packages/airflow/example_dags/example_branch_operator.py
[2024-04-04 20:40:17,864] {logging_mixin.py:115} INFO - [2024-04-04 20:40:17,864] {dag.py:2379} INFO - Sync 1 DAGs
[2024-04-04 20:40:17,875] {logging_mixin.py:115} INFO - [2024-04-04 20:40:17,875] {dag.py:2927} INFO - Setting next_dagrun for example_branch_operator to 2024-04-03T00:00:00+00:00, run_after=2024-04-04T00:00:00+00:00
[2024-04-04 20:40:17,891] {processor.py:161} INFO - Processing /home/dimitri/dimitri/airflowalura/venv/lib/python3.10/site-packages/airflow/example_dags/example_branch_operator.py took 0.053 seconds
[2024-04-04 20:40:52,138] {processor.py:153} INFO - Started process (PID=573052) to work on /home/dimitri/dimitri/airflowalura/venv/lib/python3.10/site-packages/airflow/example_dags/example_branch_operator.py
[2024-04-04 20:40:52,140] {processor.py:641} INFO - Processing file /home/dimitri/dimitri/airflowalura/venv/lib/python3.10/site-packages/airflow/example_dags/example_branch_operator.py for tasks to queue
[2024-04-04 20:40:52,140] {logging_mixin.py:115} INFO - [2024-04-04 20:40:52,140] {dagbag.py:507} INFO - Filling up the DagBag from /home/dimitri/dimitri/airflowalura/venv/lib/python3.10/site-packages/airflow/example_dags/example_branch_operator.py
[2024-04-04 20:40:52,147] {processor.py:651} INFO - DAG(s) dict_keys(['example_branch_operator']) retrieved from /home/dimitri/dimitri/airflowalura/venv/lib/python3.10/site-packages/airflow/example_dags/example_branch_operator.py
[2024-04-04 20:40:52,179] {logging_mixin.py:115} INFO - [2024-04-04 20:40:52,178] {dag.py:2379} INFO - Sync 1 DAGs
[2024-04-04 20:40:52,190] {logging_mixin.py:115} INFO - [2024-04-04 20:40:52,190] {dag.py:2927} INFO - Setting next_dagrun for example_branch_operator to 2024-04-03T00:00:00+00:00, run_after=2024-04-04T00:00:00+00:00
[2024-04-04 20:40:52,207] {processor.py:161} INFO - Processing /home/dimitri/dimitri/airflowalura/venv/lib/python3.10/site-packages/airflow/example_dags/example_branch_operator.py took 0.072 seconds
[2024-04-04 20:41:08,783] {processor.py:153} INFO - Started process (PID=573128) to work on /home/dimitri/dimitri/airflowalura/venv/lib/python3.10/site-packages/airflow/example_dags/example_branch_operator.py
[2024-04-04 20:41:08,784] {processor.py:641} INFO - Processing file /home/dimitri/dimitri/airflowalura/venv/lib/python3.10/site-packages/airflow/example_dags/example_branch_operator.py for tasks to queue
[2024-04-04 20:41:08,784] {logging_mixin.py:115} INFO - [2024-04-04 20:41:08,784] {dagbag.py:507} INFO - Filling up the DagBag from /home/dimitri/dimitri/airflowalura/venv/lib/python3.10/site-packages/airflow/example_dags/example_branch_operator.py
[2024-04-04 20:41:08,791] {processor.py:651} INFO - DAG(s) dict_keys(['example_branch_operator']) retrieved from /home/dimitri/dimitri/airflowalura/venv/lib/python3.10/site-packages/airflow/example_dags/example_branch_operator.py
[2024-04-04 20:41:08,803] {logging_mixin.py:115} INFO - [2024-04-04 20:41:08,803] {dag.py:2379} INFO - Sync 1 DAGs
[2024-04-04 20:41:08,815] {logging_mixin.py:115} INFO - [2024-04-04 20:41:08,815] {dag.py:2927} INFO - Setting next_dagrun for example_branch_operator to 2024-04-03T00:00:00+00:00, run_after=2024-04-04T00:00:00+00:00
[2024-04-04 20:41:08,832] {processor.py:161} INFO - Processing /home/dimitri/dimitri/airflowalura/venv/lib/python3.10/site-packages/airflow/example_dags/example_branch_operator.py took 0.051 seconds
[2024-04-04 20:41:42,208] {processor.py:153} INFO - Started process (PID=573268) to work on /home/dimitri/dimitri/airflowalura/venv/lib/python3.10/site-packages/airflow/example_dags/example_branch_operator.py
[2024-04-04 20:41:42,209] {processor.py:641} INFO - Processing file /home/dimitri/dimitri/airflowalura/venv/lib/python3.10/site-packages/airflow/example_dags/example_branch_operator.py for tasks to queue
[2024-04-04 20:41:42,210] {logging_mixin.py:115} INFO - [2024-04-04 20:41:42,210] {dagbag.py:507} INFO - Filling up the DagBag from /home/dimitri/dimitri/airflowalura/venv/lib/python3.10/site-packages/airflow/example_dags/example_branch_operator.py
[2024-04-04 20:41:42,217] {processor.py:651} INFO - DAG(s) dict_keys(['example_branch_operator']) retrieved from /home/dimitri/dimitri/airflowalura/venv/lib/python3.10/site-packages/airflow/example_dags/example_branch_operator.py
[2024-04-04 20:41:42,229] {logging_mixin.py:115} INFO - [2024-04-04 20:41:42,228] {dag.py:2379} INFO - Sync 1 DAGs
[2024-04-04 20:41:42,242] {logging_mixin.py:115} INFO - [2024-04-04 20:41:42,242] {dag.py:2927} INFO - Setting next_dagrun for example_branch_operator to 2024-04-03T00:00:00+00:00, run_after=2024-04-04T00:00:00+00:00
[2024-04-04 20:41:42,258] {processor.py:161} INFO - Processing /home/dimitri/dimitri/airflowalura/venv/lib/python3.10/site-packages/airflow/example_dags/example_branch_operator.py took 0.052 seconds
[2024-04-04 20:42:17,108] {processor.py:153} INFO - Started process (PID=573401) to work on /home/dimitri/dimitri/airflowalura/venv/lib/python3.10/site-packages/airflow/example_dags/example_branch_operator.py
[2024-04-04 20:42:17,109] {processor.py:641} INFO - Processing file /home/dimitri/dimitri/airflowalura/venv/lib/python3.10/site-packages/airflow/example_dags/example_branch_operator.py for tasks to queue
[2024-04-04 20:42:17,109] {logging_mixin.py:115} INFO - [2024-04-04 20:42:17,109] {dagbag.py:507} INFO - Filling up the DagBag from /home/dimitri/dimitri/airflowalura/venv/lib/python3.10/site-packages/airflow/example_dags/example_branch_operator.py
[2024-04-04 20:42:17,119] {processor.py:651} INFO - DAG(s) dict_keys(['example_branch_operator']) retrieved from /home/dimitri/dimitri/airflowalura/venv/lib/python3.10/site-packages/airflow/example_dags/example_branch_operator.py
[2024-04-04 20:42:17,135] {logging_mixin.py:115} INFO - [2024-04-04 20:42:17,134] {dag.py:2379} INFO - Sync 1 DAGs
[2024-04-04 20:42:17,149] {logging_mixin.py:115} INFO - [2024-04-04 20:42:17,149] {dag.py:2927} INFO - Setting next_dagrun for example_branch_operator to 2024-04-03T00:00:00+00:00, run_after=2024-04-04T00:00:00+00:00
[2024-04-04 20:42:17,168] {processor.py:161} INFO - Processing /home/dimitri/dimitri/airflowalura/venv/lib/python3.10/site-packages/airflow/example_dags/example_branch_operator.py took 0.062 seconds
[2024-04-04 20:42:52,387] {processor.py:153} INFO - Started process (PID=573538) to work on /home/dimitri/dimitri/airflowalura/venv/lib/python3.10/site-packages/airflow/example_dags/example_branch_operator.py
[2024-04-04 20:42:52,390] {processor.py:641} INFO - Processing file /home/dimitri/dimitri/airflowalura/venv/lib/python3.10/site-packages/airflow/example_dags/example_branch_operator.py for tasks to queue
[2024-04-04 20:42:52,391] {logging_mixin.py:115} INFO - [2024-04-04 20:42:52,391] {dagbag.py:507} INFO - Filling up the DagBag from /home/dimitri/dimitri/airflowalura/venv/lib/python3.10/site-packages/airflow/example_dags/example_branch_operator.py
[2024-04-04 20:42:52,398] {processor.py:651} INFO - DAG(s) dict_keys(['example_branch_operator']) retrieved from /home/dimitri/dimitri/airflowalura/venv/lib/python3.10/site-packages/airflow/example_dags/example_branch_operator.py
[2024-04-04 20:42:52,410] {logging_mixin.py:115} INFO - [2024-04-04 20:42:52,410] {dag.py:2379} INFO - Sync 1 DAGs
[2024-04-04 20:42:52,423] {logging_mixin.py:115} INFO - [2024-04-04 20:42:52,423] {dag.py:2927} INFO - Setting next_dagrun for example_branch_operator to 2024-04-03T00:00:00+00:00, run_after=2024-04-04T00:00:00+00:00
[2024-04-04 20:42:52,440] {processor.py:161} INFO - Processing /home/dimitri/dimitri/airflowalura/venv/lib/python3.10/site-packages/airflow/example_dags/example_branch_operator.py took 0.055 seconds
[2024-04-04 20:43:28,052] {processor.py:153} INFO - Started process (PID=573683) to work on /home/dimitri/dimitri/airflowalura/venv/lib/python3.10/site-packages/airflow/example_dags/example_branch_operator.py
[2024-04-04 20:43:28,055] {processor.py:641} INFO - Processing file /home/dimitri/dimitri/airflowalura/venv/lib/python3.10/site-packages/airflow/example_dags/example_branch_operator.py for tasks to queue
[2024-04-04 20:43:28,055] {logging_mixin.py:115} INFO - [2024-04-04 20:43:28,055] {dagbag.py:507} INFO - Filling up the DagBag from /home/dimitri/dimitri/airflowalura/venv/lib/python3.10/site-packages/airflow/example_dags/example_branch_operator.py
[2024-04-04 20:43:28,062] {processor.py:651} INFO - DAG(s) dict_keys(['example_branch_operator']) retrieved from /home/dimitri/dimitri/airflowalura/venv/lib/python3.10/site-packages/airflow/example_dags/example_branch_operator.py
[2024-04-04 20:43:28,073] {logging_mixin.py:115} INFO - [2024-04-04 20:43:28,073] {dag.py:2379} INFO - Sync 1 DAGs
[2024-04-04 20:43:28,085] {logging_mixin.py:115} INFO - [2024-04-04 20:43:28,085] {dag.py:2927} INFO - Setting next_dagrun for example_branch_operator to 2024-04-03T00:00:00+00:00, run_after=2024-04-04T00:00:00+00:00
[2024-04-04 20:43:28,101] {processor.py:161} INFO - Processing /home/dimitri/dimitri/airflowalura/venv/lib/python3.10/site-packages/airflow/example_dags/example_branch_operator.py took 0.051 seconds
[2024-04-04 20:44:02,256] {processor.py:153} INFO - Started process (PID=573816) to work on /home/dimitri/dimitri/airflowalura/venv/lib/python3.10/site-packages/airflow/example_dags/example_branch_operator.py
[2024-04-04 20:44:02,259] {processor.py:641} INFO - Processing file /home/dimitri/dimitri/airflowalura/venv/lib/python3.10/site-packages/airflow/example_dags/example_branch_operator.py for tasks to queue
[2024-04-04 20:44:02,260] {logging_mixin.py:115} INFO - [2024-04-04 20:44:02,260] {dagbag.py:507} INFO - Filling up the DagBag from /home/dimitri/dimitri/airflowalura/venv/lib/python3.10/site-packages/airflow/example_dags/example_branch_operator.py
[2024-04-04 20:44:02,266] {processor.py:651} INFO - DAG(s) dict_keys(['example_branch_operator']) retrieved from /home/dimitri/dimitri/airflowalura/venv/lib/python3.10/site-packages/airflow/example_dags/example_branch_operator.py
[2024-04-04 20:44:02,279] {logging_mixin.py:115} INFO - [2024-04-04 20:44:02,278] {dag.py:2379} INFO - Sync 1 DAGs
[2024-04-04 20:44:02,311] {logging_mixin.py:115} INFO - [2024-04-04 20:44:02,310] {dag.py:2927} INFO - Setting next_dagrun for example_branch_operator to 2024-04-03T00:00:00+00:00, run_after=2024-04-04T00:00:00+00:00
[2024-04-04 20:44:02,327] {processor.py:161} INFO - Processing /home/dimitri/dimitri/airflowalura/venv/lib/python3.10/site-packages/airflow/example_dags/example_branch_operator.py took 0.074 seconds
[2024-04-04 20:44:35,215] {processor.py:153} INFO - Started process (PID=573945) to work on /home/dimitri/dimitri/airflowalura/venv/lib/python3.10/site-packages/airflow/example_dags/example_branch_operator.py
[2024-04-04 20:44:35,215] {processor.py:641} INFO - Processing file /home/dimitri/dimitri/airflowalura/venv/lib/python3.10/site-packages/airflow/example_dags/example_branch_operator.py for tasks to queue
[2024-04-04 20:44:35,216] {logging_mixin.py:115} INFO - [2024-04-04 20:44:35,216] {dagbag.py:507} INFO - Filling up the DagBag from /home/dimitri/dimitri/airflowalura/venv/lib/python3.10/site-packages/airflow/example_dags/example_branch_operator.py
[2024-04-04 20:44:35,222] {processor.py:651} INFO - DAG(s) dict_keys(['example_branch_operator']) retrieved from /home/dimitri/dimitri/airflowalura/venv/lib/python3.10/site-packages/airflow/example_dags/example_branch_operator.py
[2024-04-04 20:44:35,236] {logging_mixin.py:115} INFO - [2024-04-04 20:44:35,236] {dag.py:2379} INFO - Sync 1 DAGs
[2024-04-04 20:44:35,248] {logging_mixin.py:115} INFO - [2024-04-04 20:44:35,248] {dag.py:2927} INFO - Setting next_dagrun for example_branch_operator to 2024-04-03T00:00:00+00:00, run_after=2024-04-04T00:00:00+00:00
[2024-04-04 20:44:35,266] {processor.py:161} INFO - Processing /home/dimitri/dimitri/airflowalura/venv/lib/python3.10/site-packages/airflow/example_dags/example_branch_operator.py took 0.054 seconds
[2024-04-04 20:45:08,950] {processor.py:153} INFO - Started process (PID=574076) to work on /home/dimitri/dimitri/airflowalura/venv/lib/python3.10/site-packages/airflow/example_dags/example_branch_operator.py
[2024-04-04 20:45:08,951] {processor.py:641} INFO - Processing file /home/dimitri/dimitri/airflowalura/venv/lib/python3.10/site-packages/airflow/example_dags/example_branch_operator.py for tasks to queue
[2024-04-04 20:45:08,952] {logging_mixin.py:115} INFO - [2024-04-04 20:45:08,951] {dagbag.py:507} INFO - Filling up the DagBag from /home/dimitri/dimitri/airflowalura/venv/lib/python3.10/site-packages/airflow/example_dags/example_branch_operator.py
[2024-04-04 20:45:08,958] {processor.py:651} INFO - DAG(s) dict_keys(['example_branch_operator']) retrieved from /home/dimitri/dimitri/airflowalura/venv/lib/python3.10/site-packages/airflow/example_dags/example_branch_operator.py
[2024-04-04 20:45:08,970] {logging_mixin.py:115} INFO - [2024-04-04 20:45:08,970] {dag.py:2379} INFO - Sync 1 DAGs
[2024-04-04 20:45:08,981] {logging_mixin.py:115} INFO - [2024-04-04 20:45:08,981] {dag.py:2927} INFO - Setting next_dagrun for example_branch_operator to 2024-04-03T00:00:00+00:00, run_after=2024-04-04T00:00:00+00:00
[2024-04-04 20:45:08,997] {processor.py:161} INFO - Processing /home/dimitri/dimitri/airflowalura/venv/lib/python3.10/site-packages/airflow/example_dags/example_branch_operator.py took 0.049 seconds
[2024-04-04 20:45:43,793] {processor.py:153} INFO - Started process (PID=574214) to work on /home/dimitri/dimitri/airflowalura/venv/lib/python3.10/site-packages/airflow/example_dags/example_branch_operator.py
[2024-04-04 20:45:43,796] {processor.py:641} INFO - Processing file /home/dimitri/dimitri/airflowalura/venv/lib/python3.10/site-packages/airflow/example_dags/example_branch_operator.py for tasks to queue
[2024-04-04 20:45:43,796] {logging_mixin.py:115} INFO - [2024-04-04 20:45:43,796] {dagbag.py:507} INFO - Filling up the DagBag from /home/dimitri/dimitri/airflowalura/venv/lib/python3.10/site-packages/airflow/example_dags/example_branch_operator.py
[2024-04-04 20:45:43,803] {processor.py:651} INFO - DAG(s) dict_keys(['example_branch_operator']) retrieved from /home/dimitri/dimitri/airflowalura/venv/lib/python3.10/site-packages/airflow/example_dags/example_branch_operator.py
[2024-04-04 20:45:43,813] {logging_mixin.py:115} INFO - [2024-04-04 20:45:43,813] {dag.py:2379} INFO - Sync 1 DAGs
[2024-04-04 20:45:43,826] {logging_mixin.py:115} INFO - [2024-04-04 20:45:43,826] {dag.py:2927} INFO - Setting next_dagrun for example_branch_operator to 2024-04-03T00:00:00+00:00, run_after=2024-04-04T00:00:00+00:00
[2024-04-04 20:45:43,841] {processor.py:161} INFO - Processing /home/dimitri/dimitri/airflowalura/venv/lib/python3.10/site-packages/airflow/example_dags/example_branch_operator.py took 0.051 seconds
[2024-04-04 20:46:19,516] {processor.py:153} INFO - Started process (PID=574356) to work on /home/dimitri/dimitri/airflowalura/venv/lib/python3.10/site-packages/airflow/example_dags/example_branch_operator.py
[2024-04-04 20:46:19,518] {processor.py:641} INFO - Processing file /home/dimitri/dimitri/airflowalura/venv/lib/python3.10/site-packages/airflow/example_dags/example_branch_operator.py for tasks to queue
[2024-04-04 20:46:19,519] {logging_mixin.py:115} INFO - [2024-04-04 20:46:19,519] {dagbag.py:507} INFO - Filling up the DagBag from /home/dimitri/dimitri/airflowalura/venv/lib/python3.10/site-packages/airflow/example_dags/example_branch_operator.py
[2024-04-04 20:46:19,526] {processor.py:651} INFO - DAG(s) dict_keys(['example_branch_operator']) retrieved from /home/dimitri/dimitri/airflowalura/venv/lib/python3.10/site-packages/airflow/example_dags/example_branch_operator.py
[2024-04-04 20:46:19,539] {logging_mixin.py:115} INFO - [2024-04-04 20:46:19,539] {dag.py:2379} INFO - Sync 1 DAGs
[2024-04-04 20:46:19,551] {logging_mixin.py:115} INFO - [2024-04-04 20:46:19,551] {dag.py:2927} INFO - Setting next_dagrun for example_branch_operator to 2024-04-03T00:00:00+00:00, run_after=2024-04-04T00:00:00+00:00
[2024-04-04 20:46:19,571] {processor.py:161} INFO - Processing /home/dimitri/dimitri/airflowalura/venv/lib/python3.10/site-packages/airflow/example_dags/example_branch_operator.py took 0.056 seconds
[2024-04-04 20:46:53,398] {processor.py:153} INFO - Started process (PID=574494) to work on /home/dimitri/dimitri/airflowalura/venv/lib/python3.10/site-packages/airflow/example_dags/example_branch_operator.py
[2024-04-04 20:46:53,400] {processor.py:641} INFO - Processing file /home/dimitri/dimitri/airflowalura/venv/lib/python3.10/site-packages/airflow/example_dags/example_branch_operator.py for tasks to queue
[2024-04-04 20:46:53,400] {logging_mixin.py:115} INFO - [2024-04-04 20:46:53,400] {dagbag.py:507} INFO - Filling up the DagBag from /home/dimitri/dimitri/airflowalura/venv/lib/python3.10/site-packages/airflow/example_dags/example_branch_operator.py
[2024-04-04 20:46:53,408] {processor.py:651} INFO - DAG(s) dict_keys(['example_branch_operator']) retrieved from /home/dimitri/dimitri/airflowalura/venv/lib/python3.10/site-packages/airflow/example_dags/example_branch_operator.py
[2024-04-04 20:46:53,419] {logging_mixin.py:115} INFO - [2024-04-04 20:46:53,419] {dag.py:2379} INFO - Sync 1 DAGs
[2024-04-04 20:46:53,490] {logging_mixin.py:115} INFO - [2024-04-04 20:46:53,490] {dag.py:2927} INFO - Setting next_dagrun for example_branch_operator to 2024-04-03T00:00:00+00:00, run_after=2024-04-04T00:00:00+00:00
[2024-04-04 20:46:53,515] {processor.py:161} INFO - Processing /home/dimitri/dimitri/airflowalura/venv/lib/python3.10/site-packages/airflow/example_dags/example_branch_operator.py took 0.119 seconds
[2024-04-04 20:47:26,384] {processor.py:153} INFO - Started process (PID=574631) to work on /home/dimitri/dimitri/airflowalura/venv/lib/python3.10/site-packages/airflow/example_dags/example_branch_operator.py
[2024-04-04 20:47:26,386] {processor.py:641} INFO - Processing file /home/dimitri/dimitri/airflowalura/venv/lib/python3.10/site-packages/airflow/example_dags/example_branch_operator.py for tasks to queue
[2024-04-04 20:47:26,386] {logging_mixin.py:115} INFO - [2024-04-04 20:47:26,386] {dagbag.py:507} INFO - Filling up the DagBag from /home/dimitri/dimitri/airflowalura/venv/lib/python3.10/site-packages/airflow/example_dags/example_branch_operator.py
[2024-04-04 20:47:26,392] {processor.py:651} INFO - DAG(s) dict_keys(['example_branch_operator']) retrieved from /home/dimitri/dimitri/airflowalura/venv/lib/python3.10/site-packages/airflow/example_dags/example_branch_operator.py
[2024-04-04 20:47:26,404] {logging_mixin.py:115} INFO - [2024-04-04 20:47:26,404] {dag.py:2379} INFO - Sync 1 DAGs
[2024-04-04 20:47:26,421] {logging_mixin.py:115} INFO - [2024-04-04 20:47:26,421] {dag.py:2927} INFO - Setting next_dagrun for example_branch_operator to 2024-04-03T00:00:00+00:00, run_after=2024-04-04T00:00:00+00:00
[2024-04-04 20:47:26,437] {processor.py:161} INFO - Processing /home/dimitri/dimitri/airflowalura/venv/lib/python3.10/site-packages/airflow/example_dags/example_branch_operator.py took 0.055 seconds
[2024-04-04 20:48:00,350] {processor.py:153} INFO - Started process (PID=574762) to work on /home/dimitri/dimitri/airflowalura/venv/lib/python3.10/site-packages/airflow/example_dags/example_branch_operator.py
[2024-04-04 20:48:00,352] {processor.py:641} INFO - Processing file /home/dimitri/dimitri/airflowalura/venv/lib/python3.10/site-packages/airflow/example_dags/example_branch_operator.py for tasks to queue
[2024-04-04 20:48:00,353] {logging_mixin.py:115} INFO - [2024-04-04 20:48:00,352] {dagbag.py:507} INFO - Filling up the DagBag from /home/dimitri/dimitri/airflowalura/venv/lib/python3.10/site-packages/airflow/example_dags/example_branch_operator.py
[2024-04-04 20:48:00,361] {processor.py:651} INFO - DAG(s) dict_keys(['example_branch_operator']) retrieved from /home/dimitri/dimitri/airflowalura/venv/lib/python3.10/site-packages/airflow/example_dags/example_branch_operator.py
[2024-04-04 20:48:00,372] {logging_mixin.py:115} INFO - [2024-04-04 20:48:00,371] {dag.py:2379} INFO - Sync 1 DAGs
[2024-04-04 20:48:00,384] {logging_mixin.py:115} INFO - [2024-04-04 20:48:00,384] {dag.py:2927} INFO - Setting next_dagrun for example_branch_operator to 2024-04-03T00:00:00+00:00, run_after=2024-04-04T00:00:00+00:00
[2024-04-04 20:48:00,399] {processor.py:161} INFO - Processing /home/dimitri/dimitri/airflowalura/venv/lib/python3.10/site-packages/airflow/example_dags/example_branch_operator.py took 0.051 seconds
[2024-04-04 20:48:32,394] {processor.py:153} INFO - Started process (PID=574895) to work on /home/dimitri/dimitri/airflowalura/venv/lib/python3.10/site-packages/airflow/example_dags/example_branch_operator.py
[2024-04-04 20:48:32,397] {processor.py:641} INFO - Processing file /home/dimitri/dimitri/airflowalura/venv/lib/python3.10/site-packages/airflow/example_dags/example_branch_operator.py for tasks to queue
[2024-04-04 20:48:32,398] {logging_mixin.py:115} INFO - [2024-04-04 20:48:32,397] {dagbag.py:507} INFO - Filling up the DagBag from /home/dimitri/dimitri/airflowalura/venv/lib/python3.10/site-packages/airflow/example_dags/example_branch_operator.py
[2024-04-04 20:48:32,404] {processor.py:651} INFO - DAG(s) dict_keys(['example_branch_operator']) retrieved from /home/dimitri/dimitri/airflowalura/venv/lib/python3.10/site-packages/airflow/example_dags/example_branch_operator.py
[2024-04-04 20:48:32,416] {logging_mixin.py:115} INFO - [2024-04-04 20:48:32,416] {dag.py:2379} INFO - Sync 1 DAGs
[2024-04-04 20:48:32,426] {logging_mixin.py:115} INFO - [2024-04-04 20:48:32,426] {dag.py:2927} INFO - Setting next_dagrun for example_branch_operator to 2024-04-03T00:00:00+00:00, run_after=2024-04-04T00:00:00+00:00
[2024-04-04 20:48:32,442] {processor.py:161} INFO - Processing /home/dimitri/dimitri/airflowalura/venv/lib/python3.10/site-packages/airflow/example_dags/example_branch_operator.py took 0.049 seconds
[2024-04-04 20:49:06,624] {processor.py:153} INFO - Started process (PID=575028) to work on /home/dimitri/dimitri/airflowalura/venv/lib/python3.10/site-packages/airflow/example_dags/example_branch_operator.py
[2024-04-04 20:49:06,626] {processor.py:641} INFO - Processing file /home/dimitri/dimitri/airflowalura/venv/lib/python3.10/site-packages/airflow/example_dags/example_branch_operator.py for tasks to queue
[2024-04-04 20:49:06,627] {logging_mixin.py:115} INFO - [2024-04-04 20:49:06,627] {dagbag.py:507} INFO - Filling up the DagBag from /home/dimitri/dimitri/airflowalura/venv/lib/python3.10/site-packages/airflow/example_dags/example_branch_operator.py
[2024-04-04 20:49:06,633] {processor.py:651} INFO - DAG(s) dict_keys(['example_branch_operator']) retrieved from /home/dimitri/dimitri/airflowalura/venv/lib/python3.10/site-packages/airflow/example_dags/example_branch_operator.py
[2024-04-04 20:49:06,648] {logging_mixin.py:115} INFO - [2024-04-04 20:49:06,648] {dag.py:2379} INFO - Sync 1 DAGs
[2024-04-04 20:49:06,661] {logging_mixin.py:115} INFO - [2024-04-04 20:49:06,661] {dag.py:2927} INFO - Setting next_dagrun for example_branch_operator to 2024-04-03T00:00:00+00:00, run_after=2024-04-04T00:00:00+00:00
[2024-04-04 20:49:06,677] {processor.py:161} INFO - Processing /home/dimitri/dimitri/airflowalura/venv/lib/python3.10/site-packages/airflow/example_dags/example_branch_operator.py took 0.055 seconds
[2024-04-04 20:49:38,252] {processor.py:153} INFO - Started process (PID=575151) to work on /home/dimitri/dimitri/airflowalura/venv/lib/python3.10/site-packages/airflow/example_dags/example_branch_operator.py
[2024-04-04 20:49:38,256] {processor.py:641} INFO - Processing file /home/dimitri/dimitri/airflowalura/venv/lib/python3.10/site-packages/airflow/example_dags/example_branch_operator.py for tasks to queue
[2024-04-04 20:49:38,257] {logging_mixin.py:115} INFO - [2024-04-04 20:49:38,257] {dagbag.py:507} INFO - Filling up the DagBag from /home/dimitri/dimitri/airflowalura/venv/lib/python3.10/site-packages/airflow/example_dags/example_branch_operator.py
[2024-04-04 20:49:38,264] {processor.py:651} INFO - DAG(s) dict_keys(['example_branch_operator']) retrieved from /home/dimitri/dimitri/airflowalura/venv/lib/python3.10/site-packages/airflow/example_dags/example_branch_operator.py
[2024-04-04 20:49:38,275] {logging_mixin.py:115} INFO - [2024-04-04 20:49:38,275] {dag.py:2379} INFO - Sync 1 DAGs
[2024-04-04 20:49:38,285] {logging_mixin.py:115} INFO - [2024-04-04 20:49:38,285] {dag.py:2927} INFO - Setting next_dagrun for example_branch_operator to 2024-04-03T00:00:00+00:00, run_after=2024-04-04T00:00:00+00:00
[2024-04-04 20:49:38,300] {processor.py:161} INFO - Processing /home/dimitri/dimitri/airflowalura/venv/lib/python3.10/site-packages/airflow/example_dags/example_branch_operator.py took 0.052 seconds
[2024-04-04 20:50:11,385] {processor.py:153} INFO - Started process (PID=575284) to work on /home/dimitri/dimitri/airflowalura/venv/lib/python3.10/site-packages/airflow/example_dags/example_branch_operator.py
[2024-04-04 20:50:11,389] {processor.py:641} INFO - Processing file /home/dimitri/dimitri/airflowalura/venv/lib/python3.10/site-packages/airflow/example_dags/example_branch_operator.py for tasks to queue
[2024-04-04 20:50:11,389] {logging_mixin.py:115} INFO - [2024-04-04 20:50:11,389] {dagbag.py:507} INFO - Filling up the DagBag from /home/dimitri/dimitri/airflowalura/venv/lib/python3.10/site-packages/airflow/example_dags/example_branch_operator.py
[2024-04-04 20:50:11,395] {processor.py:651} INFO - DAG(s) dict_keys(['example_branch_operator']) retrieved from /home/dimitri/dimitri/airflowalura/venv/lib/python3.10/site-packages/airflow/example_dags/example_branch_operator.py
[2024-04-04 20:50:11,406] {logging_mixin.py:115} INFO - [2024-04-04 20:50:11,406] {dag.py:2379} INFO - Sync 1 DAGs
[2024-04-04 20:50:11,418] {logging_mixin.py:115} INFO - [2024-04-04 20:50:11,418] {dag.py:2927} INFO - Setting next_dagrun for example_branch_operator to 2024-04-03T00:00:00+00:00, run_after=2024-04-04T00:00:00+00:00
[2024-04-04 20:50:11,436] {processor.py:161} INFO - Processing /home/dimitri/dimitri/airflowalura/venv/lib/python3.10/site-packages/airflow/example_dags/example_branch_operator.py took 0.054 seconds
[2024-04-04 20:50:46,469] {processor.py:153} INFO - Started process (PID=575422) to work on /home/dimitri/dimitri/airflowalura/venv/lib/python3.10/site-packages/airflow/example_dags/example_branch_operator.py
[2024-04-04 20:50:46,472] {processor.py:641} INFO - Processing file /home/dimitri/dimitri/airflowalura/venv/lib/python3.10/site-packages/airflow/example_dags/example_branch_operator.py for tasks to queue
[2024-04-04 20:50:46,472] {logging_mixin.py:115} INFO - [2024-04-04 20:50:46,472] {dagbag.py:507} INFO - Filling up the DagBag from /home/dimitri/dimitri/airflowalura/venv/lib/python3.10/site-packages/airflow/example_dags/example_branch_operator.py
[2024-04-04 20:50:46,480] {processor.py:651} INFO - DAG(s) dict_keys(['example_branch_operator']) retrieved from /home/dimitri/dimitri/airflowalura/venv/lib/python3.10/site-packages/airflow/example_dags/example_branch_operator.py
[2024-04-04 20:50:46,491] {logging_mixin.py:115} INFO - [2024-04-04 20:50:46,491] {dag.py:2379} INFO - Sync 1 DAGs
[2024-04-04 20:50:46,502] {logging_mixin.py:115} INFO - [2024-04-04 20:50:46,502] {dag.py:2927} INFO - Setting next_dagrun for example_branch_operator to 2024-04-03T00:00:00+00:00, run_after=2024-04-04T00:00:00+00:00
[2024-04-04 20:50:46,518] {processor.py:161} INFO - Processing /home/dimitri/dimitri/airflowalura/venv/lib/python3.10/site-packages/airflow/example_dags/example_branch_operator.py took 0.052 seconds
[2024-04-04 20:51:18,612] {processor.py:153} INFO - Started process (PID=575546) to work on /home/dimitri/dimitri/airflowalura/venv/lib/python3.10/site-packages/airflow/example_dags/example_branch_operator.py
[2024-04-04 20:51:18,614] {processor.py:641} INFO - Processing file /home/dimitri/dimitri/airflowalura/venv/lib/python3.10/site-packages/airflow/example_dags/example_branch_operator.py for tasks to queue
[2024-04-04 20:51:18,615] {logging_mixin.py:115} INFO - [2024-04-04 20:51:18,615] {dagbag.py:507} INFO - Filling up the DagBag from /home/dimitri/dimitri/airflowalura/venv/lib/python3.10/site-packages/airflow/example_dags/example_branch_operator.py
[2024-04-04 20:51:18,621] {processor.py:651} INFO - DAG(s) dict_keys(['example_branch_operator']) retrieved from /home/dimitri/dimitri/airflowalura/venv/lib/python3.10/site-packages/airflow/example_dags/example_branch_operator.py
[2024-04-04 20:51:18,634] {logging_mixin.py:115} INFO - [2024-04-04 20:51:18,634] {dag.py:2379} INFO - Sync 1 DAGs
[2024-04-04 20:51:18,645] {logging_mixin.py:115} INFO - [2024-04-04 20:51:18,645] {dag.py:2927} INFO - Setting next_dagrun for example_branch_operator to 2024-04-03T00:00:00+00:00, run_after=2024-04-04T00:00:00+00:00
[2024-04-04 20:51:18,661] {processor.py:161} INFO - Processing /home/dimitri/dimitri/airflowalura/venv/lib/python3.10/site-packages/airflow/example_dags/example_branch_operator.py took 0.051 seconds
[2024-04-04 20:51:52,548] {processor.py:153} INFO - Started process (PID=575681) to work on /home/dimitri/dimitri/airflowalura/venv/lib/python3.10/site-packages/airflow/example_dags/example_branch_operator.py
[2024-04-04 20:51:52,550] {processor.py:641} INFO - Processing file /home/dimitri/dimitri/airflowalura/venv/lib/python3.10/site-packages/airflow/example_dags/example_branch_operator.py for tasks to queue
[2024-04-04 20:51:52,551] {logging_mixin.py:115} INFO - [2024-04-04 20:51:52,550] {dagbag.py:507} INFO - Filling up the DagBag from /home/dimitri/dimitri/airflowalura/venv/lib/python3.10/site-packages/airflow/example_dags/example_branch_operator.py
[2024-04-04 20:51:52,559] {processor.py:651} INFO - DAG(s) dict_keys(['example_branch_operator']) retrieved from /home/dimitri/dimitri/airflowalura/venv/lib/python3.10/site-packages/airflow/example_dags/example_branch_operator.py
[2024-04-04 20:51:52,571] {logging_mixin.py:115} INFO - [2024-04-04 20:51:52,571] {dag.py:2379} INFO - Sync 1 DAGs
[2024-04-04 20:51:52,584] {logging_mixin.py:115} INFO - [2024-04-04 20:51:52,584] {dag.py:2927} INFO - Setting next_dagrun for example_branch_operator to 2024-04-03T00:00:00+00:00, run_after=2024-04-04T00:00:00+00:00
[2024-04-04 20:51:52,599] {processor.py:161} INFO - Processing /home/dimitri/dimitri/airflowalura/venv/lib/python3.10/site-packages/airflow/example_dags/example_branch_operator.py took 0.053 seconds
[2024-04-04 20:52:28,177] {processor.py:153} INFO - Started process (PID=575819) to work on /home/dimitri/dimitri/airflowalura/venv/lib/python3.10/site-packages/airflow/example_dags/example_branch_operator.py
[2024-04-04 20:52:28,180] {processor.py:641} INFO - Processing file /home/dimitri/dimitri/airflowalura/venv/lib/python3.10/site-packages/airflow/example_dags/example_branch_operator.py for tasks to queue
[2024-04-04 20:52:28,180] {logging_mixin.py:115} INFO - [2024-04-04 20:52:28,180] {dagbag.py:507} INFO - Filling up the DagBag from /home/dimitri/dimitri/airflowalura/venv/lib/python3.10/site-packages/airflow/example_dags/example_branch_operator.py
[2024-04-04 20:52:28,187] {processor.py:651} INFO - DAG(s) dict_keys(['example_branch_operator']) retrieved from /home/dimitri/dimitri/airflowalura/venv/lib/python3.10/site-packages/airflow/example_dags/example_branch_operator.py
[2024-04-04 20:52:28,201] {logging_mixin.py:115} INFO - [2024-04-04 20:52:28,201] {dag.py:2379} INFO - Sync 1 DAGs
[2024-04-04 20:52:28,212] {logging_mixin.py:115} INFO - [2024-04-04 20:52:28,211] {dag.py:2927} INFO - Setting next_dagrun for example_branch_operator to 2024-04-03T00:00:00+00:00, run_after=2024-04-04T00:00:00+00:00
[2024-04-04 20:52:28,227] {processor.py:161} INFO - Processing /home/dimitri/dimitri/airflowalura/venv/lib/python3.10/site-packages/airflow/example_dags/example_branch_operator.py took 0.053 seconds
[2024-04-04 20:53:03,318] {processor.py:153} INFO - Started process (PID=575952) to work on /home/dimitri/dimitri/airflowalura/venv/lib/python3.10/site-packages/airflow/example_dags/example_branch_operator.py
[2024-04-04 20:53:03,320] {processor.py:641} INFO - Processing file /home/dimitri/dimitri/airflowalura/venv/lib/python3.10/site-packages/airflow/example_dags/example_branch_operator.py for tasks to queue
[2024-04-04 20:53:03,321] {logging_mixin.py:115} INFO - [2024-04-04 20:53:03,321] {dagbag.py:507} INFO - Filling up the DagBag from /home/dimitri/dimitri/airflowalura/venv/lib/python3.10/site-packages/airflow/example_dags/example_branch_operator.py
[2024-04-04 20:53:03,328] {processor.py:651} INFO - DAG(s) dict_keys(['example_branch_operator']) retrieved from /home/dimitri/dimitri/airflowalura/venv/lib/python3.10/site-packages/airflow/example_dags/example_branch_operator.py
[2024-04-04 20:53:03,342] {logging_mixin.py:115} INFO - [2024-04-04 20:53:03,342] {dag.py:2379} INFO - Sync 1 DAGs
[2024-04-04 20:53:03,353] {logging_mixin.py:115} INFO - [2024-04-04 20:53:03,353] {dag.py:2927} INFO - Setting next_dagrun for example_branch_operator to 2024-04-03T00:00:00+00:00, run_after=2024-04-04T00:00:00+00:00
[2024-04-04 20:53:03,370] {processor.py:161} INFO - Processing /home/dimitri/dimitri/airflowalura/venv/lib/python3.10/site-packages/airflow/example_dags/example_branch_operator.py took 0.053 seconds
[2024-04-04 20:53:39,270] {processor.py:153} INFO - Started process (PID=576094) to work on /home/dimitri/dimitri/airflowalura/venv/lib/python3.10/site-packages/airflow/example_dags/example_branch_operator.py
[2024-04-04 20:53:39,273] {processor.py:641} INFO - Processing file /home/dimitri/dimitri/airflowalura/venv/lib/python3.10/site-packages/airflow/example_dags/example_branch_operator.py for tasks to queue
[2024-04-04 20:53:39,273] {logging_mixin.py:115} INFO - [2024-04-04 20:53:39,273] {dagbag.py:507} INFO - Filling up the DagBag from /home/dimitri/dimitri/airflowalura/venv/lib/python3.10/site-packages/airflow/example_dags/example_branch_operator.py
[2024-04-04 20:53:39,280] {processor.py:651} INFO - DAG(s) dict_keys(['example_branch_operator']) retrieved from /home/dimitri/dimitri/airflowalura/venv/lib/python3.10/site-packages/airflow/example_dags/example_branch_operator.py
[2024-04-04 20:53:39,291] {logging_mixin.py:115} INFO - [2024-04-04 20:53:39,291] {dag.py:2379} INFO - Sync 1 DAGs
[2024-04-04 20:53:39,301] {logging_mixin.py:115} INFO - [2024-04-04 20:53:39,301] {dag.py:2927} INFO - Setting next_dagrun for example_branch_operator to 2024-04-03T00:00:00+00:00, run_after=2024-04-04T00:00:00+00:00
[2024-04-04 20:53:39,318] {processor.py:161} INFO - Processing /home/dimitri/dimitri/airflowalura/venv/lib/python3.10/site-packages/airflow/example_dags/example_branch_operator.py took 0.050 seconds
[2024-04-04 20:54:13,112] {processor.py:153} INFO - Started process (PID=576225) to work on /home/dimitri/dimitri/airflowalura/venv/lib/python3.10/site-packages/airflow/example_dags/example_branch_operator.py
[2024-04-04 20:54:13,116] {processor.py:641} INFO - Processing file /home/dimitri/dimitri/airflowalura/venv/lib/python3.10/site-packages/airflow/example_dags/example_branch_operator.py for tasks to queue
[2024-04-04 20:54:13,116] {logging_mixin.py:115} INFO - [2024-04-04 20:54:13,116] {dagbag.py:507} INFO - Filling up the DagBag from /home/dimitri/dimitri/airflowalura/venv/lib/python3.10/site-packages/airflow/example_dags/example_branch_operator.py
[2024-04-04 20:54:13,124] {processor.py:651} INFO - DAG(s) dict_keys(['example_branch_operator']) retrieved from /home/dimitri/dimitri/airflowalura/venv/lib/python3.10/site-packages/airflow/example_dags/example_branch_operator.py
[2024-04-04 20:54:13,138] {logging_mixin.py:115} INFO - [2024-04-04 20:54:13,138] {dag.py:2379} INFO - Sync 1 DAGs
[2024-04-04 20:54:13,149] {logging_mixin.py:115} INFO - [2024-04-04 20:54:13,149] {dag.py:2927} INFO - Setting next_dagrun for example_branch_operator to 2024-04-03T00:00:00+00:00, run_after=2024-04-04T00:00:00+00:00
[2024-04-04 20:54:13,164] {processor.py:161} INFO - Processing /home/dimitri/dimitri/airflowalura/venv/lib/python3.10/site-packages/airflow/example_dags/example_branch_operator.py took 0.056 seconds
[2024-04-04 20:54:46,584] {processor.py:153} INFO - Started process (PID=576356) to work on /home/dimitri/dimitri/airflowalura/venv/lib/python3.10/site-packages/airflow/example_dags/example_branch_operator.py
[2024-04-04 20:54:46,585] {processor.py:641} INFO - Processing file /home/dimitri/dimitri/airflowalura/venv/lib/python3.10/site-packages/airflow/example_dags/example_branch_operator.py for tasks to queue
[2024-04-04 20:54:46,586] {logging_mixin.py:115} INFO - [2024-04-04 20:54:46,586] {dagbag.py:507} INFO - Filling up the DagBag from /home/dimitri/dimitri/airflowalura/venv/lib/python3.10/site-packages/airflow/example_dags/example_branch_operator.py
[2024-04-04 20:54:46,592] {processor.py:651} INFO - DAG(s) dict_keys(['example_branch_operator']) retrieved from /home/dimitri/dimitri/airflowalura/venv/lib/python3.10/site-packages/airflow/example_dags/example_branch_operator.py
[2024-04-04 20:54:46,609] {logging_mixin.py:115} INFO - [2024-04-04 20:54:46,608] {dag.py:2379} INFO - Sync 1 DAGs
[2024-04-04 20:54:46,621] {logging_mixin.py:115} INFO - [2024-04-04 20:54:46,621] {dag.py:2927} INFO - Setting next_dagrun for example_branch_operator to 2024-04-03T00:00:00+00:00, run_after=2024-04-04T00:00:00+00:00
[2024-04-04 20:54:46,638] {processor.py:161} INFO - Processing /home/dimitri/dimitri/airflowalura/venv/lib/python3.10/site-packages/airflow/example_dags/example_branch_operator.py took 0.056 seconds
[2024-04-04 20:55:18,759] {processor.py:153} INFO - Started process (PID=576485) to work on /home/dimitri/dimitri/airflowalura/venv/lib/python3.10/site-packages/airflow/example_dags/example_branch_operator.py
[2024-04-04 20:55:18,762] {processor.py:641} INFO - Processing file /home/dimitri/dimitri/airflowalura/venv/lib/python3.10/site-packages/airflow/example_dags/example_branch_operator.py for tasks to queue
[2024-04-04 20:55:18,762] {logging_mixin.py:115} INFO - [2024-04-04 20:55:18,762] {dagbag.py:507} INFO - Filling up the DagBag from /home/dimitri/dimitri/airflowalura/venv/lib/python3.10/site-packages/airflow/example_dags/example_branch_operator.py
[2024-04-04 20:55:18,769] {processor.py:651} INFO - DAG(s) dict_keys(['example_branch_operator']) retrieved from /home/dimitri/dimitri/airflowalura/venv/lib/python3.10/site-packages/airflow/example_dags/example_branch_operator.py
[2024-04-04 20:55:18,780] {logging_mixin.py:115} INFO - [2024-04-04 20:55:18,780] {dag.py:2379} INFO - Sync 1 DAGs
[2024-04-04 20:55:18,790] {logging_mixin.py:115} INFO - [2024-04-04 20:55:18,790] {dag.py:2927} INFO - Setting next_dagrun for example_branch_operator to 2024-04-03T00:00:00+00:00, run_after=2024-04-04T00:00:00+00:00
[2024-04-04 20:55:18,805] {processor.py:161} INFO - Processing /home/dimitri/dimitri/airflowalura/venv/lib/python3.10/site-packages/airflow/example_dags/example_branch_operator.py took 0.051 seconds
[2024-04-04 20:55:52,888] {processor.py:153} INFO - Started process (PID=576617) to work on /home/dimitri/dimitri/airflowalura/venv/lib/python3.10/site-packages/airflow/example_dags/example_branch_operator.py
[2024-04-04 20:55:52,889] {processor.py:641} INFO - Processing file /home/dimitri/dimitri/airflowalura/venv/lib/python3.10/site-packages/airflow/example_dags/example_branch_operator.py for tasks to queue
[2024-04-04 20:55:52,889] {logging_mixin.py:115} INFO - [2024-04-04 20:55:52,889] {dagbag.py:507} INFO - Filling up the DagBag from /home/dimitri/dimitri/airflowalura/venv/lib/python3.10/site-packages/airflow/example_dags/example_branch_operator.py
[2024-04-04 20:55:52,896] {processor.py:651} INFO - DAG(s) dict_keys(['example_branch_operator']) retrieved from /home/dimitri/dimitri/airflowalura/venv/lib/python3.10/site-packages/airflow/example_dags/example_branch_operator.py
[2024-04-04 20:55:52,907] {logging_mixin.py:115} INFO - [2024-04-04 20:55:52,907] {dag.py:2379} INFO - Sync 1 DAGs
[2024-04-04 20:55:52,918] {logging_mixin.py:115} INFO - [2024-04-04 20:55:52,918] {dag.py:2927} INFO - Setting next_dagrun for example_branch_operator to 2024-04-03T00:00:00+00:00, run_after=2024-04-04T00:00:00+00:00
[2024-04-04 20:55:52,934] {processor.py:161} INFO - Processing /home/dimitri/dimitri/airflowalura/venv/lib/python3.10/site-packages/airflow/example_dags/example_branch_operator.py took 0.049 seconds
[2024-04-04 20:56:26,889] {processor.py:153} INFO - Started process (PID=576747) to work on /home/dimitri/dimitri/airflowalura/venv/lib/python3.10/site-packages/airflow/example_dags/example_branch_operator.py
[2024-04-04 20:56:26,891] {processor.py:641} INFO - Processing file /home/dimitri/dimitri/airflowalura/venv/lib/python3.10/site-packages/airflow/example_dags/example_branch_operator.py for tasks to queue
[2024-04-04 20:56:26,891] {logging_mixin.py:115} INFO - [2024-04-04 20:56:26,891] {dagbag.py:507} INFO - Filling up the DagBag from /home/dimitri/dimitri/airflowalura/venv/lib/python3.10/site-packages/airflow/example_dags/example_branch_operator.py
[2024-04-04 20:56:26,900] {processor.py:651} INFO - DAG(s) dict_keys(['example_branch_operator']) retrieved from /home/dimitri/dimitri/airflowalura/venv/lib/python3.10/site-packages/airflow/example_dags/example_branch_operator.py
[2024-04-04 20:56:26,910] {logging_mixin.py:115} INFO - [2024-04-04 20:56:26,910] {dag.py:2379} INFO - Sync 1 DAGs
[2024-04-04 20:56:26,921] {logging_mixin.py:115} INFO - [2024-04-04 20:56:26,920] {dag.py:2927} INFO - Setting next_dagrun for example_branch_operator to 2024-04-03T00:00:00+00:00, run_after=2024-04-04T00:00:00+00:00
[2024-04-04 20:56:26,938] {processor.py:161} INFO - Processing /home/dimitri/dimitri/airflowalura/venv/lib/python3.10/site-packages/airflow/example_dags/example_branch_operator.py took 0.051 seconds
[2024-04-04 20:57:03,014] {processor.py:153} INFO - Started process (PID=576892) to work on /home/dimitri/dimitri/airflowalura/venv/lib/python3.10/site-packages/airflow/example_dags/example_branch_operator.py
[2024-04-04 20:57:03,017] {processor.py:641} INFO - Processing file /home/dimitri/dimitri/airflowalura/venv/lib/python3.10/site-packages/airflow/example_dags/example_branch_operator.py for tasks to queue
[2024-04-04 20:57:03,017] {logging_mixin.py:115} INFO - [2024-04-04 20:57:03,017] {dagbag.py:507} INFO - Filling up the DagBag from /home/dimitri/dimitri/airflowalura/venv/lib/python3.10/site-packages/airflow/example_dags/example_branch_operator.py
[2024-04-04 20:57:03,026] {processor.py:651} INFO - DAG(s) dict_keys(['example_branch_operator']) retrieved from /home/dimitri/dimitri/airflowalura/venv/lib/python3.10/site-packages/airflow/example_dags/example_branch_operator.py
[2024-04-04 20:57:03,036] {logging_mixin.py:115} INFO - [2024-04-04 20:57:03,036] {dag.py:2379} INFO - Sync 1 DAGs
[2024-04-04 20:57:03,048] {logging_mixin.py:115} INFO - [2024-04-04 20:57:03,048] {dag.py:2927} INFO - Setting next_dagrun for example_branch_operator to 2024-04-03T00:00:00+00:00, run_after=2024-04-04T00:00:00+00:00
[2024-04-04 20:57:03,064] {processor.py:161} INFO - Processing /home/dimitri/dimitri/airflowalura/venv/lib/python3.10/site-packages/airflow/example_dags/example_branch_operator.py took 0.052 seconds
[2024-04-04 20:57:38,746] {processor.py:153} INFO - Started process (PID=577032) to work on /home/dimitri/dimitri/airflowalura/venv/lib/python3.10/site-packages/airflow/example_dags/example_branch_operator.py
[2024-04-04 20:57:38,749] {processor.py:641} INFO - Processing file /home/dimitri/dimitri/airflowalura/venv/lib/python3.10/site-packages/airflow/example_dags/example_branch_operator.py for tasks to queue
[2024-04-04 20:57:38,749] {logging_mixin.py:115} INFO - [2024-04-04 20:57:38,749] {dagbag.py:507} INFO - Filling up the DagBag from /home/dimitri/dimitri/airflowalura/venv/lib/python3.10/site-packages/airflow/example_dags/example_branch_operator.py
[2024-04-04 20:57:38,757] {processor.py:651} INFO - DAG(s) dict_keys(['example_branch_operator']) retrieved from /home/dimitri/dimitri/airflowalura/venv/lib/python3.10/site-packages/airflow/example_dags/example_branch_operator.py
[2024-04-04 20:57:38,768] {logging_mixin.py:115} INFO - [2024-04-04 20:57:38,768] {dag.py:2379} INFO - Sync 1 DAGs
[2024-04-04 20:57:38,780] {logging_mixin.py:115} INFO - [2024-04-04 20:57:38,780] {dag.py:2927} INFO - Setting next_dagrun for example_branch_operator to 2024-04-03T00:00:00+00:00, run_after=2024-04-04T00:00:00+00:00
[2024-04-04 20:57:38,797] {processor.py:161} INFO - Processing /home/dimitri/dimitri/airflowalura/venv/lib/python3.10/site-packages/airflow/example_dags/example_branch_operator.py took 0.053 seconds
[2024-04-04 20:58:14,023] {processor.py:153} INFO - Started process (PID=577170) to work on /home/dimitri/dimitri/airflowalura/venv/lib/python3.10/site-packages/airflow/example_dags/example_branch_operator.py
[2024-04-04 20:58:14,026] {processor.py:641} INFO - Processing file /home/dimitri/dimitri/airflowalura/venv/lib/python3.10/site-packages/airflow/example_dags/example_branch_operator.py for tasks to queue
[2024-04-04 20:58:14,026] {logging_mixin.py:115} INFO - [2024-04-04 20:58:14,026] {dagbag.py:507} INFO - Filling up the DagBag from /home/dimitri/dimitri/airflowalura/venv/lib/python3.10/site-packages/airflow/example_dags/example_branch_operator.py
[2024-04-04 20:58:14,035] {processor.py:651} INFO - DAG(s) dict_keys(['example_branch_operator']) retrieved from /home/dimitri/dimitri/airflowalura/venv/lib/python3.10/site-packages/airflow/example_dags/example_branch_operator.py
[2024-04-04 20:58:14,045] {logging_mixin.py:115} INFO - [2024-04-04 20:58:14,045] {dag.py:2379} INFO - Sync 1 DAGs
[2024-04-04 20:58:14,056] {logging_mixin.py:115} INFO - [2024-04-04 20:58:14,056] {dag.py:2927} INFO - Setting next_dagrun for example_branch_operator to 2024-04-03T00:00:00+00:00, run_after=2024-04-04T00:00:00+00:00
[2024-04-04 20:58:14,072] {processor.py:161} INFO - Processing /home/dimitri/dimitri/airflowalura/venv/lib/python3.10/site-packages/airflow/example_dags/example_branch_operator.py took 0.051 seconds
[2024-04-04 20:58:50,178] {processor.py:153} INFO - Started process (PID=577310) to work on /home/dimitri/dimitri/airflowalura/venv/lib/python3.10/site-packages/airflow/example_dags/example_branch_operator.py
[2024-04-04 20:58:50,180] {processor.py:641} INFO - Processing file /home/dimitri/dimitri/airflowalura/venv/lib/python3.10/site-packages/airflow/example_dags/example_branch_operator.py for tasks to queue
[2024-04-04 20:58:50,180] {logging_mixin.py:115} INFO - [2024-04-04 20:58:50,180] {dagbag.py:507} INFO - Filling up the DagBag from /home/dimitri/dimitri/airflowalura/venv/lib/python3.10/site-packages/airflow/example_dags/example_branch_operator.py
[2024-04-04 20:58:50,189] {processor.py:651} INFO - DAG(s) dict_keys(['example_branch_operator']) retrieved from /home/dimitri/dimitri/airflowalura/venv/lib/python3.10/site-packages/airflow/example_dags/example_branch_operator.py
[2024-04-04 20:58:50,199] {logging_mixin.py:115} INFO - [2024-04-04 20:58:50,199] {dag.py:2379} INFO - Sync 1 DAGs
[2024-04-04 20:58:50,212] {logging_mixin.py:115} INFO - [2024-04-04 20:58:50,212] {dag.py:2927} INFO - Setting next_dagrun for example_branch_operator to 2024-04-03T00:00:00+00:00, run_after=2024-04-04T00:00:00+00:00
[2024-04-04 20:58:50,228] {processor.py:161} INFO - Processing /home/dimitri/dimitri/airflowalura/venv/lib/python3.10/site-packages/airflow/example_dags/example_branch_operator.py took 0.052 seconds
[2024-04-04 20:59:23,318] {processor.py:153} INFO - Started process (PID=577441) to work on /home/dimitri/dimitri/airflowalura/venv/lib/python3.10/site-packages/airflow/example_dags/example_branch_operator.py
[2024-04-04 20:59:23,321] {processor.py:641} INFO - Processing file /home/dimitri/dimitri/airflowalura/venv/lib/python3.10/site-packages/airflow/example_dags/example_branch_operator.py for tasks to queue
[2024-04-04 20:59:23,322] {logging_mixin.py:115} INFO - [2024-04-04 20:59:23,322] {dagbag.py:507} INFO - Filling up the DagBag from /home/dimitri/dimitri/airflowalura/venv/lib/python3.10/site-packages/airflow/example_dags/example_branch_operator.py
[2024-04-04 20:59:23,331] {processor.py:651} INFO - DAG(s) dict_keys(['example_branch_operator']) retrieved from /home/dimitri/dimitri/airflowalura/venv/lib/python3.10/site-packages/airflow/example_dags/example_branch_operator.py
[2024-04-04 20:59:23,340] {logging_mixin.py:115} INFO - [2024-04-04 20:59:23,340] {dag.py:2379} INFO - Sync 1 DAGs
[2024-04-04 20:59:23,351] {logging_mixin.py:115} INFO - [2024-04-04 20:59:23,351] {dag.py:2927} INFO - Setting next_dagrun for example_branch_operator to 2024-04-03T00:00:00+00:00, run_after=2024-04-04T00:00:00+00:00
[2024-04-04 20:59:23,368] {processor.py:161} INFO - Processing /home/dimitri/dimitri/airflowalura/venv/lib/python3.10/site-packages/airflow/example_dags/example_branch_operator.py took 0.053 seconds
[2024-04-04 20:59:54,817] {processor.py:153} INFO - Started process (PID=577565) to work on /home/dimitri/dimitri/airflowalura/venv/lib/python3.10/site-packages/airflow/example_dags/example_branch_operator.py
[2024-04-04 20:59:54,819] {processor.py:641} INFO - Processing file /home/dimitri/dimitri/airflowalura/venv/lib/python3.10/site-packages/airflow/example_dags/example_branch_operator.py for tasks to queue
[2024-04-04 20:59:54,820] {logging_mixin.py:115} INFO - [2024-04-04 20:59:54,819] {dagbag.py:507} INFO - Filling up the DagBag from /home/dimitri/dimitri/airflowalura/venv/lib/python3.10/site-packages/airflow/example_dags/example_branch_operator.py
[2024-04-04 20:59:54,828] {processor.py:651} INFO - DAG(s) dict_keys(['example_branch_operator']) retrieved from /home/dimitri/dimitri/airflowalura/venv/lib/python3.10/site-packages/airflow/example_dags/example_branch_operator.py
[2024-04-04 20:59:54,838] {logging_mixin.py:115} INFO - [2024-04-04 20:59:54,838] {dag.py:2379} INFO - Sync 1 DAGs
[2024-04-04 20:59:54,850] {logging_mixin.py:115} INFO - [2024-04-04 20:59:54,850] {dag.py:2927} INFO - Setting next_dagrun for example_branch_operator to 2024-04-03T00:00:00+00:00, run_after=2024-04-04T00:00:00+00:00
[2024-04-04 20:59:54,866] {processor.py:161} INFO - Processing /home/dimitri/dimitri/airflowalura/venv/lib/python3.10/site-packages/airflow/example_dags/example_branch_operator.py took 0.051 seconds
