[2024-04-04 20:29:00,463] {processor.py:153} INFO - Started process (PID=569872) to work on /home/dimitri/dimitri/airflowalura/venv/lib/python3.10/site-packages/airflow/example_dags/example_kubernetes_executor.py
[2024-04-04 20:29:00,463] {processor.py:641} INFO - Processing file /home/dimitri/dimitri/airflowalura/venv/lib/python3.10/site-packages/airflow/example_dags/example_kubernetes_executor.py for tasks to queue
[2024-04-04 20:29:00,464] {logging_mixin.py:115} INFO - [2024-04-04 20:29:00,464] {dagbag.py:507} INFO - Filling up the DagBag from /home/dimitri/dimitri/airflowalura/venv/lib/python3.10/site-packages/airflow/example_dags/example_kubernetes_executor.py
[2024-04-04 20:29:00,472] {logging_mixin.py:115} INFO - [2024-04-04 20:29:00,472] {example_kubernetes_executor.py:39} WARNING - The example_kubernetes_executor example DAG requires the kubernetes provider. Please install it with: pip install apache-airflow[cncf.kubernetes]
[2024-04-04 20:29:00,472] {processor.py:653} WARNING - No viable dags retrieved from /home/dimitri/dimitri/airflowalura/venv/lib/python3.10/site-packages/airflow/example_dags/example_kubernetes_executor.py
[2024-04-04 20:29:00,480] {processor.py:161} INFO - Processing /home/dimitri/dimitri/airflowalura/venv/lib/python3.10/site-packages/airflow/example_dags/example_kubernetes_executor.py took 0.018 seconds
[2024-04-04 20:29:35,677] {processor.py:153} INFO - Started process (PID=569983) to work on /home/dimitri/dimitri/airflowalura/venv/lib/python3.10/site-packages/airflow/example_dags/example_kubernetes_executor.py
[2024-04-04 20:29:35,677] {processor.py:641} INFO - Processing file /home/dimitri/dimitri/airflowalura/venv/lib/python3.10/site-packages/airflow/example_dags/example_kubernetes_executor.py for tasks to queue
[2024-04-04 20:29:35,678] {logging_mixin.py:115} INFO - [2024-04-04 20:29:35,678] {dagbag.py:507} INFO - Filling up the DagBag from /home/dimitri/dimitri/airflowalura/venv/lib/python3.10/site-packages/airflow/example_dags/example_kubernetes_executor.py
[2024-04-04 20:29:35,687] {logging_mixin.py:115} INFO - [2024-04-04 20:29:35,687] {example_kubernetes_executor.py:39} WARNING - The example_kubernetes_executor example DAG requires the kubernetes provider. Please install it with: pip install apache-airflow[cncf.kubernetes]
[2024-04-04 20:29:35,687] {processor.py:653} WARNING - No viable dags retrieved from /home/dimitri/dimitri/airflowalura/venv/lib/python3.10/site-packages/airflow/example_dags/example_kubernetes_executor.py
[2024-04-04 20:29:35,694] {processor.py:161} INFO - Processing /home/dimitri/dimitri/airflowalura/venv/lib/python3.10/site-packages/airflow/example_dags/example_kubernetes_executor.py took 0.019 seconds
[2024-04-04 20:30:09,821] {processor.py:153} INFO - Started process (PID=570351) to work on /home/dimitri/dimitri/airflowalura/venv/lib/python3.10/site-packages/airflow/example_dags/example_kubernetes_executor.py
[2024-04-04 20:30:09,824] {processor.py:641} INFO - Processing file /home/dimitri/dimitri/airflowalura/venv/lib/python3.10/site-packages/airflow/example_dags/example_kubernetes_executor.py for tasks to queue
[2024-04-04 20:30:09,824] {logging_mixin.py:115} INFO - [2024-04-04 20:30:09,824] {dagbag.py:507} INFO - Filling up the DagBag from /home/dimitri/dimitri/airflowalura/venv/lib/python3.10/site-packages/airflow/example_dags/example_kubernetes_executor.py
[2024-04-04 20:30:09,832] {logging_mixin.py:115} INFO - [2024-04-04 20:30:09,832] {example_kubernetes_executor.py:39} WARNING - The example_kubernetes_executor example DAG requires the kubernetes provider. Please install it with: pip install apache-airflow[cncf.kubernetes]
[2024-04-04 20:30:09,833] {processor.py:653} WARNING - No viable dags retrieved from /home/dimitri/dimitri/airflowalura/venv/lib/python3.10/site-packages/airflow/example_dags/example_kubernetes_executor.py
[2024-04-04 20:30:09,839] {processor.py:161} INFO - Processing /home/dimitri/dimitri/airflowalura/venv/lib/python3.10/site-packages/airflow/example_dags/example_kubernetes_executor.py took 0.020 seconds
[2024-04-04 20:30:41,644] {processor.py:153} INFO - Started process (PID=570482) to work on /home/dimitri/dimitri/airflowalura/venv/lib/python3.10/site-packages/airflow/example_dags/example_kubernetes_executor.py
[2024-04-04 20:30:41,644] {processor.py:641} INFO - Processing file /home/dimitri/dimitri/airflowalura/venv/lib/python3.10/site-packages/airflow/example_dags/example_kubernetes_executor.py for tasks to queue
[2024-04-04 20:30:41,644] {logging_mixin.py:115} INFO - [2024-04-04 20:30:41,644] {dagbag.py:507} INFO - Filling up the DagBag from /home/dimitri/dimitri/airflowalura/venv/lib/python3.10/site-packages/airflow/example_dags/example_kubernetes_executor.py
[2024-04-04 20:30:41,653] {logging_mixin.py:115} INFO - [2024-04-04 20:30:41,653] {example_kubernetes_executor.py:39} WARNING - The example_kubernetes_executor example DAG requires the kubernetes provider. Please install it with: pip install apache-airflow[cncf.kubernetes]
[2024-04-04 20:30:41,653] {processor.py:653} WARNING - No viable dags retrieved from /home/dimitri/dimitri/airflowalura/venv/lib/python3.10/site-packages/airflow/example_dags/example_kubernetes_executor.py
[2024-04-04 20:30:41,659] {processor.py:161} INFO - Processing /home/dimitri/dimitri/airflowalura/venv/lib/python3.10/site-packages/airflow/example_dags/example_kubernetes_executor.py took 0.018 seconds
[2024-04-04 20:31:15,134] {processor.py:153} INFO - Started process (PID=570612) to work on /home/dimitri/dimitri/airflowalura/venv/lib/python3.10/site-packages/airflow/example_dags/example_kubernetes_executor.py
[2024-04-04 20:31:15,135] {processor.py:641} INFO - Processing file /home/dimitri/dimitri/airflowalura/venv/lib/python3.10/site-packages/airflow/example_dags/example_kubernetes_executor.py for tasks to queue
[2024-04-04 20:31:15,136] {logging_mixin.py:115} INFO - [2024-04-04 20:31:15,136] {dagbag.py:507} INFO - Filling up the DagBag from /home/dimitri/dimitri/airflowalura/venv/lib/python3.10/site-packages/airflow/example_dags/example_kubernetes_executor.py
[2024-04-04 20:31:15,146] {logging_mixin.py:115} INFO - [2024-04-04 20:31:15,146] {example_kubernetes_executor.py:39} WARNING - The example_kubernetes_executor example DAG requires the kubernetes provider. Please install it with: pip install apache-airflow[cncf.kubernetes]
[2024-04-04 20:31:15,146] {processor.py:653} WARNING - No viable dags retrieved from /home/dimitri/dimitri/airflowalura/venv/lib/python3.10/site-packages/airflow/example_dags/example_kubernetes_executor.py
[2024-04-04 20:31:15,155] {processor.py:161} INFO - Processing /home/dimitri/dimitri/airflowalura/venv/lib/python3.10/site-packages/airflow/example_dags/example_kubernetes_executor.py took 0.023 seconds
[2024-04-04 20:31:46,739] {processor.py:153} INFO - Started process (PID=570734) to work on /home/dimitri/dimitri/airflowalura/venv/lib/python3.10/site-packages/airflow/example_dags/example_kubernetes_executor.py
[2024-04-04 20:31:46,740] {processor.py:641} INFO - Processing file /home/dimitri/dimitri/airflowalura/venv/lib/python3.10/site-packages/airflow/example_dags/example_kubernetes_executor.py for tasks to queue
[2024-04-04 20:31:46,741] {logging_mixin.py:115} INFO - [2024-04-04 20:31:46,741] {dagbag.py:507} INFO - Filling up the DagBag from /home/dimitri/dimitri/airflowalura/venv/lib/python3.10/site-packages/airflow/example_dags/example_kubernetes_executor.py
[2024-04-04 20:31:46,749] {logging_mixin.py:115} INFO - [2024-04-04 20:31:46,749] {example_kubernetes_executor.py:39} WARNING - The example_kubernetes_executor example DAG requires the kubernetes provider. Please install it with: pip install apache-airflow[cncf.kubernetes]
[2024-04-04 20:31:46,750] {processor.py:653} WARNING - No viable dags retrieved from /home/dimitri/dimitri/airflowalura/venv/lib/python3.10/site-packages/airflow/example_dags/example_kubernetes_executor.py
[2024-04-04 20:31:46,756] {processor.py:161} INFO - Processing /home/dimitri/dimitri/airflowalura/venv/lib/python3.10/site-packages/airflow/example_dags/example_kubernetes_executor.py took 0.020 seconds
[2024-04-04 20:32:18,326] {processor.py:153} INFO - Started process (PID=570858) to work on /home/dimitri/dimitri/airflowalura/venv/lib/python3.10/site-packages/airflow/example_dags/example_kubernetes_executor.py
[2024-04-04 20:32:18,326] {processor.py:641} INFO - Processing file /home/dimitri/dimitri/airflowalura/venv/lib/python3.10/site-packages/airflow/example_dags/example_kubernetes_executor.py for tasks to queue
[2024-04-04 20:32:18,327] {logging_mixin.py:115} INFO - [2024-04-04 20:32:18,326] {dagbag.py:507} INFO - Filling up the DagBag from /home/dimitri/dimitri/airflowalura/venv/lib/python3.10/site-packages/airflow/example_dags/example_kubernetes_executor.py
[2024-04-04 20:32:18,334] {logging_mixin.py:115} INFO - [2024-04-04 20:32:18,334] {example_kubernetes_executor.py:39} WARNING - The example_kubernetes_executor example DAG requires the kubernetes provider. Please install it with: pip install apache-airflow[cncf.kubernetes]
[2024-04-04 20:32:18,335] {processor.py:653} WARNING - No viable dags retrieved from /home/dimitri/dimitri/airflowalura/venv/lib/python3.10/site-packages/airflow/example_dags/example_kubernetes_executor.py
[2024-04-04 20:32:18,340] {processor.py:161} INFO - Processing /home/dimitri/dimitri/airflowalura/venv/lib/python3.10/site-packages/airflow/example_dags/example_kubernetes_executor.py took 0.017 seconds
[2024-04-04 20:32:48,462] {processor.py:153} INFO - Started process (PID=571122) to work on /home/dimitri/dimitri/airflowalura/venv/lib/python3.10/site-packages/airflow/example_dags/example_kubernetes_executor.py
[2024-04-04 20:32:48,465] {processor.py:641} INFO - Processing file /home/dimitri/dimitri/airflowalura/venv/lib/python3.10/site-packages/airflow/example_dags/example_kubernetes_executor.py for tasks to queue
[2024-04-04 20:32:48,465] {logging_mixin.py:115} INFO - [2024-04-04 20:32:48,465] {dagbag.py:507} INFO - Filling up the DagBag from /home/dimitri/dimitri/airflowalura/venv/lib/python3.10/site-packages/airflow/example_dags/example_kubernetes_executor.py
[2024-04-04 20:32:48,474] {logging_mixin.py:115} INFO - [2024-04-04 20:32:48,474] {example_kubernetes_executor.py:39} WARNING - The example_kubernetes_executor example DAG requires the kubernetes provider. Please install it with: pip install apache-airflow[cncf.kubernetes]
[2024-04-04 20:32:48,475] {processor.py:653} WARNING - No viable dags retrieved from /home/dimitri/dimitri/airflowalura/venv/lib/python3.10/site-packages/airflow/example_dags/example_kubernetes_executor.py
[2024-04-04 20:32:48,482] {processor.py:161} INFO - Processing /home/dimitri/dimitri/airflowalura/venv/lib/python3.10/site-packages/airflow/example_dags/example_kubernetes_executor.py took 0.022 seconds
[2024-04-04 20:33:20,446] {processor.py:153} INFO - Started process (PID=571258) to work on /home/dimitri/dimitri/airflowalura/venv/lib/python3.10/site-packages/airflow/example_dags/example_kubernetes_executor.py
[2024-04-04 20:33:20,449] {processor.py:641} INFO - Processing file /home/dimitri/dimitri/airflowalura/venv/lib/python3.10/site-packages/airflow/example_dags/example_kubernetes_executor.py for tasks to queue
[2024-04-04 20:33:20,449] {logging_mixin.py:115} INFO - [2024-04-04 20:33:20,449] {dagbag.py:507} INFO - Filling up the DagBag from /home/dimitri/dimitri/airflowalura/venv/lib/python3.10/site-packages/airflow/example_dags/example_kubernetes_executor.py
[2024-04-04 20:33:20,458] {logging_mixin.py:115} INFO - [2024-04-04 20:33:20,458] {example_kubernetes_executor.py:39} WARNING - The example_kubernetes_executor example DAG requires the kubernetes provider. Please install it with: pip install apache-airflow[cncf.kubernetes]
[2024-04-04 20:33:20,458] {processor.py:653} WARNING - No viable dags retrieved from /home/dimitri/dimitri/airflowalura/venv/lib/python3.10/site-packages/airflow/example_dags/example_kubernetes_executor.py
[2024-04-04 20:33:20,467] {processor.py:161} INFO - Processing /home/dimitri/dimitri/airflowalura/venv/lib/python3.10/site-packages/airflow/example_dags/example_kubernetes_executor.py took 0.023 seconds
[2024-04-04 20:33:53,351] {processor.py:153} INFO - Started process (PID=571384) to work on /home/dimitri/dimitri/airflowalura/venv/lib/python3.10/site-packages/airflow/example_dags/example_kubernetes_executor.py
[2024-04-04 20:33:53,353] {processor.py:641} INFO - Processing file /home/dimitri/dimitri/airflowalura/venv/lib/python3.10/site-packages/airflow/example_dags/example_kubernetes_executor.py for tasks to queue
[2024-04-04 20:33:53,353] {logging_mixin.py:115} INFO - [2024-04-04 20:33:53,353] {dagbag.py:507} INFO - Filling up the DagBag from /home/dimitri/dimitri/airflowalura/venv/lib/python3.10/site-packages/airflow/example_dags/example_kubernetes_executor.py
[2024-04-04 20:33:53,364] {logging_mixin.py:115} INFO - [2024-04-04 20:33:53,364] {example_kubernetes_executor.py:39} WARNING - The example_kubernetes_executor example DAG requires the kubernetes provider. Please install it with: pip install apache-airflow[cncf.kubernetes]
[2024-04-04 20:33:53,365] {processor.py:653} WARNING - No viable dags retrieved from /home/dimitri/dimitri/airflowalura/venv/lib/python3.10/site-packages/airflow/example_dags/example_kubernetes_executor.py
[2024-04-04 20:33:53,372] {processor.py:161} INFO - Processing /home/dimitri/dimitri/airflowalura/venv/lib/python3.10/site-packages/airflow/example_dags/example_kubernetes_executor.py took 0.023 seconds
[2024-04-04 20:34:27,500] {processor.py:153} INFO - Started process (PID=571521) to work on /home/dimitri/dimitri/airflowalura/venv/lib/python3.10/site-packages/airflow/example_dags/example_kubernetes_executor.py
[2024-04-04 20:34:27,502] {processor.py:641} INFO - Processing file /home/dimitri/dimitri/airflowalura/venv/lib/python3.10/site-packages/airflow/example_dags/example_kubernetes_executor.py for tasks to queue
[2024-04-04 20:34:27,503] {logging_mixin.py:115} INFO - [2024-04-04 20:34:27,503] {dagbag.py:507} INFO - Filling up the DagBag from /home/dimitri/dimitri/airflowalura/venv/lib/python3.10/site-packages/airflow/example_dags/example_kubernetes_executor.py
[2024-04-04 20:34:27,511] {logging_mixin.py:115} INFO - [2024-04-04 20:34:27,511] {example_kubernetes_executor.py:39} WARNING - The example_kubernetes_executor example DAG requires the kubernetes provider. Please install it with: pip install apache-airflow[cncf.kubernetes]
[2024-04-04 20:34:27,511] {processor.py:653} WARNING - No viable dags retrieved from /home/dimitri/dimitri/airflowalura/venv/lib/python3.10/site-packages/airflow/example_dags/example_kubernetes_executor.py
[2024-04-04 20:34:27,518] {processor.py:161} INFO - Processing /home/dimitri/dimitri/airflowalura/venv/lib/python3.10/site-packages/airflow/example_dags/example_kubernetes_executor.py took 0.022 seconds
[2024-04-04 20:35:00,948] {processor.py:153} INFO - Started process (PID=571653) to work on /home/dimitri/dimitri/airflowalura/venv/lib/python3.10/site-packages/airflow/example_dags/example_kubernetes_executor.py
[2024-04-04 20:35:00,952] {processor.py:641} INFO - Processing file /home/dimitri/dimitri/airflowalura/venv/lib/python3.10/site-packages/airflow/example_dags/example_kubernetes_executor.py for tasks to queue
[2024-04-04 20:35:00,952] {logging_mixin.py:115} INFO - [2024-04-04 20:35:00,952] {dagbag.py:507} INFO - Filling up the DagBag from /home/dimitri/dimitri/airflowalura/venv/lib/python3.10/site-packages/airflow/example_dags/example_kubernetes_executor.py
[2024-04-04 20:35:00,962] {logging_mixin.py:115} INFO - [2024-04-04 20:35:00,962] {example_kubernetes_executor.py:39} WARNING - The example_kubernetes_executor example DAG requires the kubernetes provider. Please install it with: pip install apache-airflow[cncf.kubernetes]
[2024-04-04 20:35:00,962] {processor.py:653} WARNING - No viable dags retrieved from /home/dimitri/dimitri/airflowalura/venv/lib/python3.10/site-packages/airflow/example_dags/example_kubernetes_executor.py
[2024-04-04 20:35:00,970] {processor.py:161} INFO - Processing /home/dimitri/dimitri/airflowalura/venv/lib/python3.10/site-packages/airflow/example_dags/example_kubernetes_executor.py took 0.025 seconds
[2024-04-04 20:35:34,458] {processor.py:153} INFO - Started process (PID=571785) to work on /home/dimitri/dimitri/airflowalura/venv/lib/python3.10/site-packages/airflow/example_dags/example_kubernetes_executor.py
[2024-04-04 20:35:34,459] {processor.py:641} INFO - Processing file /home/dimitri/dimitri/airflowalura/venv/lib/python3.10/site-packages/airflow/example_dags/example_kubernetes_executor.py for tasks to queue
[2024-04-04 20:35:34,460] {logging_mixin.py:115} INFO - [2024-04-04 20:35:34,460] {dagbag.py:507} INFO - Filling up the DagBag from /home/dimitri/dimitri/airflowalura/venv/lib/python3.10/site-packages/airflow/example_dags/example_kubernetes_executor.py
[2024-04-04 20:35:34,469] {logging_mixin.py:115} INFO - [2024-04-04 20:35:34,469] {example_kubernetes_executor.py:39} WARNING - The example_kubernetes_executor example DAG requires the kubernetes provider. Please install it with: pip install apache-airflow[cncf.kubernetes]
[2024-04-04 20:35:34,469] {processor.py:653} WARNING - No viable dags retrieved from /home/dimitri/dimitri/airflowalura/venv/lib/python3.10/site-packages/airflow/example_dags/example_kubernetes_executor.py
[2024-04-04 20:35:34,476] {processor.py:161} INFO - Processing /home/dimitri/dimitri/airflowalura/venv/lib/python3.10/site-packages/airflow/example_dags/example_kubernetes_executor.py took 0.022 seconds
[2024-04-04 20:36:17,733] {processor.py:153} INFO - Started process (PID=571966) to work on /home/dimitri/dimitri/airflowalura/venv/lib/python3.10/site-packages/airflow/example_dags/example_kubernetes_executor.py
[2024-04-04 20:36:17,735] {processor.py:641} INFO - Processing file /home/dimitri/dimitri/airflowalura/venv/lib/python3.10/site-packages/airflow/example_dags/example_kubernetes_executor.py for tasks to queue
[2024-04-04 20:36:17,736] {logging_mixin.py:115} INFO - [2024-04-04 20:36:17,736] {dagbag.py:507} INFO - Filling up the DagBag from /home/dimitri/dimitri/airflowalura/venv/lib/python3.10/site-packages/airflow/example_dags/example_kubernetes_executor.py
[2024-04-04 20:36:17,744] {logging_mixin.py:115} INFO - [2024-04-04 20:36:17,744] {example_kubernetes_executor.py:39} WARNING - The example_kubernetes_executor example DAG requires the kubernetes provider. Please install it with: pip install apache-airflow[cncf.kubernetes]
[2024-04-04 20:36:17,744] {processor.py:653} WARNING - No viable dags retrieved from /home/dimitri/dimitri/airflowalura/venv/lib/python3.10/site-packages/airflow/example_dags/example_kubernetes_executor.py
[2024-04-04 20:36:17,752] {processor.py:161} INFO - Processing /home/dimitri/dimitri/airflowalura/venv/lib/python3.10/site-packages/airflow/example_dags/example_kubernetes_executor.py took 0.022 seconds
[2024-04-04 20:36:50,571] {processor.py:153} INFO - Started process (PID=572099) to work on /home/dimitri/dimitri/airflowalura/venv/lib/python3.10/site-packages/airflow/example_dags/example_kubernetes_executor.py
[2024-04-04 20:36:50,574] {processor.py:641} INFO - Processing file /home/dimitri/dimitri/airflowalura/venv/lib/python3.10/site-packages/airflow/example_dags/example_kubernetes_executor.py for tasks to queue
[2024-04-04 20:36:50,574] {logging_mixin.py:115} INFO - [2024-04-04 20:36:50,574] {dagbag.py:507} INFO - Filling up the DagBag from /home/dimitri/dimitri/airflowalura/venv/lib/python3.10/site-packages/airflow/example_dags/example_kubernetes_executor.py
[2024-04-04 20:36:50,583] {logging_mixin.py:115} INFO - [2024-04-04 20:36:50,582] {example_kubernetes_executor.py:39} WARNING - The example_kubernetes_executor example DAG requires the kubernetes provider. Please install it with: pip install apache-airflow[cncf.kubernetes]
[2024-04-04 20:36:50,583] {processor.py:653} WARNING - No viable dags retrieved from /home/dimitri/dimitri/airflowalura/venv/lib/python3.10/site-packages/airflow/example_dags/example_kubernetes_executor.py
[2024-04-04 20:36:50,590] {processor.py:161} INFO - Processing /home/dimitri/dimitri/airflowalura/venv/lib/python3.10/site-packages/airflow/example_dags/example_kubernetes_executor.py took 0.022 seconds
[2024-04-04 20:37:25,645] {processor.py:153} INFO - Started process (PID=572236) to work on /home/dimitri/dimitri/airflowalura/venv/lib/python3.10/site-packages/airflow/example_dags/example_kubernetes_executor.py
[2024-04-04 20:37:25,646] {processor.py:641} INFO - Processing file /home/dimitri/dimitri/airflowalura/venv/lib/python3.10/site-packages/airflow/example_dags/example_kubernetes_executor.py for tasks to queue
[2024-04-04 20:37:25,646] {logging_mixin.py:115} INFO - [2024-04-04 20:37:25,646] {dagbag.py:507} INFO - Filling up the DagBag from /home/dimitri/dimitri/airflowalura/venv/lib/python3.10/site-packages/airflow/example_dags/example_kubernetes_executor.py
[2024-04-04 20:37:25,657] {logging_mixin.py:115} INFO - [2024-04-04 20:37:25,657] {example_kubernetes_executor.py:39} WARNING - The example_kubernetes_executor example DAG requires the kubernetes provider. Please install it with: pip install apache-airflow[cncf.kubernetes]
[2024-04-04 20:37:25,657] {processor.py:653} WARNING - No viable dags retrieved from /home/dimitri/dimitri/airflowalura/venv/lib/python3.10/site-packages/airflow/example_dags/example_kubernetes_executor.py
[2024-04-04 20:37:25,667] {processor.py:161} INFO - Processing /home/dimitri/dimitri/airflowalura/venv/lib/python3.10/site-packages/airflow/example_dags/example_kubernetes_executor.py took 0.024 seconds
[2024-04-04 20:37:58,132] {processor.py:153} INFO - Started process (PID=572366) to work on /home/dimitri/dimitri/airflowalura/venv/lib/python3.10/site-packages/airflow/example_dags/example_kubernetes_executor.py
[2024-04-04 20:37:58,133] {processor.py:641} INFO - Processing file /home/dimitri/dimitri/airflowalura/venv/lib/python3.10/site-packages/airflow/example_dags/example_kubernetes_executor.py for tasks to queue
[2024-04-04 20:37:58,134] {logging_mixin.py:115} INFO - [2024-04-04 20:37:58,134] {dagbag.py:507} INFO - Filling up the DagBag from /home/dimitri/dimitri/airflowalura/venv/lib/python3.10/site-packages/airflow/example_dags/example_kubernetes_executor.py
[2024-04-04 20:37:58,149] {logging_mixin.py:115} INFO - [2024-04-04 20:37:58,149] {example_kubernetes_executor.py:39} WARNING - The example_kubernetes_executor example DAG requires the kubernetes provider. Please install it with: pip install apache-airflow[cncf.kubernetes]
[2024-04-04 20:37:58,149] {processor.py:653} WARNING - No viable dags retrieved from /home/dimitri/dimitri/airflowalura/venv/lib/python3.10/site-packages/airflow/example_dags/example_kubernetes_executor.py
[2024-04-04 20:37:58,157] {processor.py:161} INFO - Processing /home/dimitri/dimitri/airflowalura/venv/lib/python3.10/site-packages/airflow/example_dags/example_kubernetes_executor.py took 0.026 seconds
[2024-04-04 20:38:33,128] {processor.py:153} INFO - Started process (PID=572505) to work on /home/dimitri/dimitri/airflowalura/venv/lib/python3.10/site-packages/airflow/example_dags/example_kubernetes_executor.py
[2024-04-04 20:38:33,129] {processor.py:641} INFO - Processing file /home/dimitri/dimitri/airflowalura/venv/lib/python3.10/site-packages/airflow/example_dags/example_kubernetes_executor.py for tasks to queue
[2024-04-04 20:38:33,130] {logging_mixin.py:115} INFO - [2024-04-04 20:38:33,129] {dagbag.py:507} INFO - Filling up the DagBag from /home/dimitri/dimitri/airflowalura/venv/lib/python3.10/site-packages/airflow/example_dags/example_kubernetes_executor.py
[2024-04-04 20:38:33,140] {logging_mixin.py:115} INFO - [2024-04-04 20:38:33,140] {example_kubernetes_executor.py:39} WARNING - The example_kubernetes_executor example DAG requires the kubernetes provider. Please install it with: pip install apache-airflow[cncf.kubernetes]
[2024-04-04 20:38:33,140] {processor.py:653} WARNING - No viable dags retrieved from /home/dimitri/dimitri/airflowalura/venv/lib/python3.10/site-packages/airflow/example_dags/example_kubernetes_executor.py
[2024-04-04 20:38:33,150] {processor.py:161} INFO - Processing /home/dimitri/dimitri/airflowalura/venv/lib/python3.10/site-packages/airflow/example_dags/example_kubernetes_executor.py took 0.023 seconds
[2024-04-04 20:39:08,215] {processor.py:153} INFO - Started process (PID=572643) to work on /home/dimitri/dimitri/airflowalura/venv/lib/python3.10/site-packages/airflow/example_dags/example_kubernetes_executor.py
[2024-04-04 20:39:08,218] {processor.py:641} INFO - Processing file /home/dimitri/dimitri/airflowalura/venv/lib/python3.10/site-packages/airflow/example_dags/example_kubernetes_executor.py for tasks to queue
[2024-04-04 20:39:08,219] {logging_mixin.py:115} INFO - [2024-04-04 20:39:08,219] {dagbag.py:507} INFO - Filling up the DagBag from /home/dimitri/dimitri/airflowalura/venv/lib/python3.10/site-packages/airflow/example_dags/example_kubernetes_executor.py
[2024-04-04 20:39:08,226] {logging_mixin.py:115} INFO - [2024-04-04 20:39:08,226] {example_kubernetes_executor.py:39} WARNING - The example_kubernetes_executor example DAG requires the kubernetes provider. Please install it with: pip install apache-airflow[cncf.kubernetes]
[2024-04-04 20:39:08,226] {processor.py:653} WARNING - No viable dags retrieved from /home/dimitri/dimitri/airflowalura/venv/lib/python3.10/site-packages/airflow/example_dags/example_kubernetes_executor.py
[2024-04-04 20:39:08,233] {processor.py:161} INFO - Processing /home/dimitri/dimitri/airflowalura/venv/lib/python3.10/site-packages/airflow/example_dags/example_kubernetes_executor.py took 0.022 seconds
[2024-04-04 20:39:40,716] {processor.py:153} INFO - Started process (PID=572768) to work on /home/dimitri/dimitri/airflowalura/venv/lib/python3.10/site-packages/airflow/example_dags/example_kubernetes_executor.py
[2024-04-04 20:39:40,719] {processor.py:641} INFO - Processing file /home/dimitri/dimitri/airflowalura/venv/lib/python3.10/site-packages/airflow/example_dags/example_kubernetes_executor.py for tasks to queue
[2024-04-04 20:39:40,720] {logging_mixin.py:115} INFO - [2024-04-04 20:39:40,720] {dagbag.py:507} INFO - Filling up the DagBag from /home/dimitri/dimitri/airflowalura/venv/lib/python3.10/site-packages/airflow/example_dags/example_kubernetes_executor.py
[2024-04-04 20:39:40,728] {logging_mixin.py:115} INFO - [2024-04-04 20:39:40,728] {example_kubernetes_executor.py:39} WARNING - The example_kubernetes_executor example DAG requires the kubernetes provider. Please install it with: pip install apache-airflow[cncf.kubernetes]
[2024-04-04 20:39:40,728] {processor.py:653} WARNING - No viable dags retrieved from /home/dimitri/dimitri/airflowalura/venv/lib/python3.10/site-packages/airflow/example_dags/example_kubernetes_executor.py
[2024-04-04 20:39:40,735] {processor.py:161} INFO - Processing /home/dimitri/dimitri/airflowalura/venv/lib/python3.10/site-packages/airflow/example_dags/example_kubernetes_executor.py took 0.022 seconds
[2024-04-04 20:40:13,436] {processor.py:153} INFO - Started process (PID=572900) to work on /home/dimitri/dimitri/airflowalura/venv/lib/python3.10/site-packages/airflow/example_dags/example_kubernetes_executor.py
[2024-04-04 20:40:13,437] {processor.py:641} INFO - Processing file /home/dimitri/dimitri/airflowalura/venv/lib/python3.10/site-packages/airflow/example_dags/example_kubernetes_executor.py for tasks to queue
[2024-04-04 20:40:13,438] {logging_mixin.py:115} INFO - [2024-04-04 20:40:13,438] {dagbag.py:507} INFO - Filling up the DagBag from /home/dimitri/dimitri/airflowalura/venv/lib/python3.10/site-packages/airflow/example_dags/example_kubernetes_executor.py
[2024-04-04 20:40:13,446] {logging_mixin.py:115} INFO - [2024-04-04 20:40:13,446] {example_kubernetes_executor.py:39} WARNING - The example_kubernetes_executor example DAG requires the kubernetes provider. Please install it with: pip install apache-airflow[cncf.kubernetes]
[2024-04-04 20:40:13,446] {processor.py:653} WARNING - No viable dags retrieved from /home/dimitri/dimitri/airflowalura/venv/lib/python3.10/site-packages/airflow/example_dags/example_kubernetes_executor.py
[2024-04-04 20:40:13,455] {processor.py:161} INFO - Processing /home/dimitri/dimitri/airflowalura/venv/lib/python3.10/site-packages/airflow/example_dags/example_kubernetes_executor.py took 0.021 seconds
[2024-04-04 20:40:47,567] {processor.py:153} INFO - Started process (PID=573030) to work on /home/dimitri/dimitri/airflowalura/venv/lib/python3.10/site-packages/airflow/example_dags/example_kubernetes_executor.py
[2024-04-04 20:40:47,568] {processor.py:641} INFO - Processing file /home/dimitri/dimitri/airflowalura/venv/lib/python3.10/site-packages/airflow/example_dags/example_kubernetes_executor.py for tasks to queue
[2024-04-04 20:40:47,568] {logging_mixin.py:115} INFO - [2024-04-04 20:40:47,568] {dagbag.py:507} INFO - Filling up the DagBag from /home/dimitri/dimitri/airflowalura/venv/lib/python3.10/site-packages/airflow/example_dags/example_kubernetes_executor.py
[2024-04-04 20:40:47,584] {logging_mixin.py:115} INFO - [2024-04-04 20:40:47,584] {example_kubernetes_executor.py:39} WARNING - The example_kubernetes_executor example DAG requires the kubernetes provider. Please install it with: pip install apache-airflow[cncf.kubernetes]
[2024-04-04 20:40:47,584] {processor.py:653} WARNING - No viable dags retrieved from /home/dimitri/dimitri/airflowalura/venv/lib/python3.10/site-packages/airflow/example_dags/example_kubernetes_executor.py
[2024-04-04 20:40:47,597] {processor.py:161} INFO - Processing /home/dimitri/dimitri/airflowalura/venv/lib/python3.10/site-packages/airflow/example_dags/example_kubernetes_executor.py took 0.033 seconds
[2024-04-04 20:41:06,060] {processor.py:153} INFO - Started process (PID=573113) to work on /home/dimitri/dimitri/airflowalura/venv/lib/python3.10/site-packages/airflow/example_dags/example_kubernetes_executor.py
[2024-04-04 20:41:06,064] {processor.py:641} INFO - Processing file /home/dimitri/dimitri/airflowalura/venv/lib/python3.10/site-packages/airflow/example_dags/example_kubernetes_executor.py for tasks to queue
[2024-04-04 20:41:06,064] {logging_mixin.py:115} INFO - [2024-04-04 20:41:06,064] {dagbag.py:507} INFO - Filling up the DagBag from /home/dimitri/dimitri/airflowalura/venv/lib/python3.10/site-packages/airflow/example_dags/example_kubernetes_executor.py
[2024-04-04 20:41:06,074] {logging_mixin.py:115} INFO - [2024-04-04 20:41:06,074] {example_kubernetes_executor.py:39} WARNING - The example_kubernetes_executor example DAG requires the kubernetes provider. Please install it with: pip install apache-airflow[cncf.kubernetes]
[2024-04-04 20:41:06,074] {processor.py:653} WARNING - No viable dags retrieved from /home/dimitri/dimitri/airflowalura/venv/lib/python3.10/site-packages/airflow/example_dags/example_kubernetes_executor.py
[2024-04-04 20:41:06,082] {processor.py:161} INFO - Processing /home/dimitri/dimitri/airflowalura/venv/lib/python3.10/site-packages/airflow/example_dags/example_kubernetes_executor.py took 0.026 seconds
[2024-04-04 20:41:39,226] {processor.py:153} INFO - Started process (PID=573250) to work on /home/dimitri/dimitri/airflowalura/venv/lib/python3.10/site-packages/airflow/example_dags/example_kubernetes_executor.py
[2024-04-04 20:41:39,227] {processor.py:641} INFO - Processing file /home/dimitri/dimitri/airflowalura/venv/lib/python3.10/site-packages/airflow/example_dags/example_kubernetes_executor.py for tasks to queue
[2024-04-04 20:41:39,227] {logging_mixin.py:115} INFO - [2024-04-04 20:41:39,227] {dagbag.py:507} INFO - Filling up the DagBag from /home/dimitri/dimitri/airflowalura/venv/lib/python3.10/site-packages/airflow/example_dags/example_kubernetes_executor.py
[2024-04-04 20:41:39,235] {logging_mixin.py:115} INFO - [2024-04-04 20:41:39,235] {example_kubernetes_executor.py:39} WARNING - The example_kubernetes_executor example DAG requires the kubernetes provider. Please install it with: pip install apache-airflow[cncf.kubernetes]
[2024-04-04 20:41:39,236] {processor.py:653} WARNING - No viable dags retrieved from /home/dimitri/dimitri/airflowalura/venv/lib/python3.10/site-packages/airflow/example_dags/example_kubernetes_executor.py
[2024-04-04 20:41:39,245] {processor.py:161} INFO - Processing /home/dimitri/dimitri/airflowalura/venv/lib/python3.10/site-packages/airflow/example_dags/example_kubernetes_executor.py took 0.021 seconds
[2024-04-04 20:42:14,526] {processor.py:153} INFO - Started process (PID=573392) to work on /home/dimitri/dimitri/airflowalura/venv/lib/python3.10/site-packages/airflow/example_dags/example_kubernetes_executor.py
[2024-04-04 20:42:14,528] {processor.py:641} INFO - Processing file /home/dimitri/dimitri/airflowalura/venv/lib/python3.10/site-packages/airflow/example_dags/example_kubernetes_executor.py for tasks to queue
[2024-04-04 20:42:14,528] {logging_mixin.py:115} INFO - [2024-04-04 20:42:14,528] {dagbag.py:507} INFO - Filling up the DagBag from /home/dimitri/dimitri/airflowalura/venv/lib/python3.10/site-packages/airflow/example_dags/example_kubernetes_executor.py
[2024-04-04 20:42:14,537] {logging_mixin.py:115} INFO - [2024-04-04 20:42:14,537] {example_kubernetes_executor.py:39} WARNING - The example_kubernetes_executor example DAG requires the kubernetes provider. Please install it with: pip install apache-airflow[cncf.kubernetes]
[2024-04-04 20:42:14,538] {processor.py:653} WARNING - No viable dags retrieved from /home/dimitri/dimitri/airflowalura/venv/lib/python3.10/site-packages/airflow/example_dags/example_kubernetes_executor.py
[2024-04-04 20:42:14,546] {processor.py:161} INFO - Processing /home/dimitri/dimitri/airflowalura/venv/lib/python3.10/site-packages/airflow/example_dags/example_kubernetes_executor.py took 0.022 seconds
[2024-04-04 20:42:49,277] {processor.py:153} INFO - Started process (PID=573529) to work on /home/dimitri/dimitri/airflowalura/venv/lib/python3.10/site-packages/airflow/example_dags/example_kubernetes_executor.py
[2024-04-04 20:42:49,279] {processor.py:641} INFO - Processing file /home/dimitri/dimitri/airflowalura/venv/lib/python3.10/site-packages/airflow/example_dags/example_kubernetes_executor.py for tasks to queue
[2024-04-04 20:42:49,280] {logging_mixin.py:115} INFO - [2024-04-04 20:42:49,280] {dagbag.py:507} INFO - Filling up the DagBag from /home/dimitri/dimitri/airflowalura/venv/lib/python3.10/site-packages/airflow/example_dags/example_kubernetes_executor.py
[2024-04-04 20:42:49,288] {logging_mixin.py:115} INFO - [2024-04-04 20:42:49,288] {example_kubernetes_executor.py:39} WARNING - The example_kubernetes_executor example DAG requires the kubernetes provider. Please install it with: pip install apache-airflow[cncf.kubernetes]
[2024-04-04 20:42:49,288] {processor.py:653} WARNING - No viable dags retrieved from /home/dimitri/dimitri/airflowalura/venv/lib/python3.10/site-packages/airflow/example_dags/example_kubernetes_executor.py
[2024-04-04 20:42:49,297] {processor.py:161} INFO - Processing /home/dimitri/dimitri/airflowalura/venv/lib/python3.10/site-packages/airflow/example_dags/example_kubernetes_executor.py took 0.022 seconds
[2024-04-04 20:43:24,428] {processor.py:153} INFO - Started process (PID=573668) to work on /home/dimitri/dimitri/airflowalura/venv/lib/python3.10/site-packages/airflow/example_dags/example_kubernetes_executor.py
[2024-04-04 20:43:24,431] {processor.py:641} INFO - Processing file /home/dimitri/dimitri/airflowalura/venv/lib/python3.10/site-packages/airflow/example_dags/example_kubernetes_executor.py for tasks to queue
[2024-04-04 20:43:24,432] {logging_mixin.py:115} INFO - [2024-04-04 20:43:24,432] {dagbag.py:507} INFO - Filling up the DagBag from /home/dimitri/dimitri/airflowalura/venv/lib/python3.10/site-packages/airflow/example_dags/example_kubernetes_executor.py
[2024-04-04 20:43:24,441] {logging_mixin.py:115} INFO - [2024-04-04 20:43:24,441] {example_kubernetes_executor.py:39} WARNING - The example_kubernetes_executor example DAG requires the kubernetes provider. Please install it with: pip install apache-airflow[cncf.kubernetes]
[2024-04-04 20:43:24,441] {processor.py:653} WARNING - No viable dags retrieved from /home/dimitri/dimitri/airflowalura/venv/lib/python3.10/site-packages/airflow/example_dags/example_kubernetes_executor.py
[2024-04-04 20:43:24,452] {processor.py:161} INFO - Processing /home/dimitri/dimitri/airflowalura/venv/lib/python3.10/site-packages/airflow/example_dags/example_kubernetes_executor.py took 0.025 seconds
[2024-04-04 20:43:57,847] {processor.py:153} INFO - Started process (PID=573799) to work on /home/dimitri/dimitri/airflowalura/venv/lib/python3.10/site-packages/airflow/example_dags/example_kubernetes_executor.py
[2024-04-04 20:43:57,849] {processor.py:641} INFO - Processing file /home/dimitri/dimitri/airflowalura/venv/lib/python3.10/site-packages/airflow/example_dags/example_kubernetes_executor.py for tasks to queue
[2024-04-04 20:43:57,850] {logging_mixin.py:115} INFO - [2024-04-04 20:43:57,850] {dagbag.py:507} INFO - Filling up the DagBag from /home/dimitri/dimitri/airflowalura/venv/lib/python3.10/site-packages/airflow/example_dags/example_kubernetes_executor.py
[2024-04-04 20:43:57,861] {logging_mixin.py:115} INFO - [2024-04-04 20:43:57,860] {example_kubernetes_executor.py:39} WARNING - The example_kubernetes_executor example DAG requires the kubernetes provider. Please install it with: pip install apache-airflow[cncf.kubernetes]
[2024-04-04 20:43:57,861] {processor.py:653} WARNING - No viable dags retrieved from /home/dimitri/dimitri/airflowalura/venv/lib/python3.10/site-packages/airflow/example_dags/example_kubernetes_executor.py
[2024-04-04 20:43:57,872] {processor.py:161} INFO - Processing /home/dimitri/dimitri/airflowalura/venv/lib/python3.10/site-packages/airflow/example_dags/example_kubernetes_executor.py took 0.027 seconds
[2024-04-04 20:44:31,008] {processor.py:153} INFO - Started process (PID=573929) to work on /home/dimitri/dimitri/airflowalura/venv/lib/python3.10/site-packages/airflow/example_dags/example_kubernetes_executor.py
[2024-04-04 20:44:31,010] {processor.py:641} INFO - Processing file /home/dimitri/dimitri/airflowalura/venv/lib/python3.10/site-packages/airflow/example_dags/example_kubernetes_executor.py for tasks to queue
[2024-04-04 20:44:31,011] {logging_mixin.py:115} INFO - [2024-04-04 20:44:31,011] {dagbag.py:507} INFO - Filling up the DagBag from /home/dimitri/dimitri/airflowalura/venv/lib/python3.10/site-packages/airflow/example_dags/example_kubernetes_executor.py
[2024-04-04 20:44:31,020] {logging_mixin.py:115} INFO - [2024-04-04 20:44:31,020] {example_kubernetes_executor.py:39} WARNING - The example_kubernetes_executor example DAG requires the kubernetes provider. Please install it with: pip install apache-airflow[cncf.kubernetes]
[2024-04-04 20:44:31,020] {processor.py:653} WARNING - No viable dags retrieved from /home/dimitri/dimitri/airflowalura/venv/lib/python3.10/site-packages/airflow/example_dags/example_kubernetes_executor.py
[2024-04-04 20:44:31,028] {processor.py:161} INFO - Processing /home/dimitri/dimitri/airflowalura/venv/lib/python3.10/site-packages/airflow/example_dags/example_kubernetes_executor.py took 0.023 seconds
[2024-04-04 20:45:04,921] {processor.py:153} INFO - Started process (PID=574060) to work on /home/dimitri/dimitri/airflowalura/venv/lib/python3.10/site-packages/airflow/example_dags/example_kubernetes_executor.py
[2024-04-04 20:45:04,923] {processor.py:641} INFO - Processing file /home/dimitri/dimitri/airflowalura/venv/lib/python3.10/site-packages/airflow/example_dags/example_kubernetes_executor.py for tasks to queue
[2024-04-04 20:45:04,924] {logging_mixin.py:115} INFO - [2024-04-04 20:45:04,924] {dagbag.py:507} INFO - Filling up the DagBag from /home/dimitri/dimitri/airflowalura/venv/lib/python3.10/site-packages/airflow/example_dags/example_kubernetes_executor.py
[2024-04-04 20:45:04,935] {logging_mixin.py:115} INFO - [2024-04-04 20:45:04,935] {example_kubernetes_executor.py:39} WARNING - The example_kubernetes_executor example DAG requires the kubernetes provider. Please install it with: pip install apache-airflow[cncf.kubernetes]
[2024-04-04 20:45:04,935] {processor.py:653} WARNING - No viable dags retrieved from /home/dimitri/dimitri/airflowalura/venv/lib/python3.10/site-packages/airflow/example_dags/example_kubernetes_executor.py
[2024-04-04 20:45:04,944] {processor.py:161} INFO - Processing /home/dimitri/dimitri/airflowalura/venv/lib/python3.10/site-packages/airflow/example_dags/example_kubernetes_executor.py took 0.025 seconds
[2024-04-04 20:45:41,117] {processor.py:153} INFO - Started process (PID=574202) to work on /home/dimitri/dimitri/airflowalura/venv/lib/python3.10/site-packages/airflow/example_dags/example_kubernetes_executor.py
[2024-04-04 20:45:41,119] {processor.py:641} INFO - Processing file /home/dimitri/dimitri/airflowalura/venv/lib/python3.10/site-packages/airflow/example_dags/example_kubernetes_executor.py for tasks to queue
[2024-04-04 20:45:41,120] {logging_mixin.py:115} INFO - [2024-04-04 20:45:41,120] {dagbag.py:507} INFO - Filling up the DagBag from /home/dimitri/dimitri/airflowalura/venv/lib/python3.10/site-packages/airflow/example_dags/example_kubernetes_executor.py
[2024-04-04 20:45:41,138] {logging_mixin.py:115} INFO - [2024-04-04 20:45:41,138] {example_kubernetes_executor.py:39} WARNING - The example_kubernetes_executor example DAG requires the kubernetes provider. Please install it with: pip install apache-airflow[cncf.kubernetes]
[2024-04-04 20:45:41,139] {processor.py:653} WARNING - No viable dags retrieved from /home/dimitri/dimitri/airflowalura/venv/lib/python3.10/site-packages/airflow/example_dags/example_kubernetes_executor.py
[2024-04-04 20:45:41,156] {processor.py:161} INFO - Processing /home/dimitri/dimitri/airflowalura/venv/lib/python3.10/site-packages/airflow/example_dags/example_kubernetes_executor.py took 0.043 seconds
[2024-04-04 20:46:16,139] {processor.py:153} INFO - Started process (PID=574338) to work on /home/dimitri/dimitri/airflowalura/venv/lib/python3.10/site-packages/airflow/example_dags/example_kubernetes_executor.py
[2024-04-04 20:46:16,143] {processor.py:641} INFO - Processing file /home/dimitri/dimitri/airflowalura/venv/lib/python3.10/site-packages/airflow/example_dags/example_kubernetes_executor.py for tasks to queue
[2024-04-04 20:46:16,143] {logging_mixin.py:115} INFO - [2024-04-04 20:46:16,143] {dagbag.py:507} INFO - Filling up the DagBag from /home/dimitri/dimitri/airflowalura/venv/lib/python3.10/site-packages/airflow/example_dags/example_kubernetes_executor.py
[2024-04-04 20:46:16,152] {logging_mixin.py:115} INFO - [2024-04-04 20:46:16,152] {example_kubernetes_executor.py:39} WARNING - The example_kubernetes_executor example DAG requires the kubernetes provider. Please install it with: pip install apache-airflow[cncf.kubernetes]
[2024-04-04 20:46:16,153] {processor.py:653} WARNING - No viable dags retrieved from /home/dimitri/dimitri/airflowalura/venv/lib/python3.10/site-packages/airflow/example_dags/example_kubernetes_executor.py
[2024-04-04 20:46:16,163] {processor.py:161} INFO - Processing /home/dimitri/dimitri/airflowalura/venv/lib/python3.10/site-packages/airflow/example_dags/example_kubernetes_executor.py took 0.026 seconds
[2024-04-04 20:46:47,322] {processor.py:153} INFO - Started process (PID=574468) to work on /home/dimitri/dimitri/airflowalura/venv/lib/python3.10/site-packages/airflow/example_dags/example_kubernetes_executor.py
[2024-04-04 20:46:47,324] {processor.py:641} INFO - Processing file /home/dimitri/dimitri/airflowalura/venv/lib/python3.10/site-packages/airflow/example_dags/example_kubernetes_executor.py for tasks to queue
[2024-04-04 20:46:47,324] {logging_mixin.py:115} INFO - [2024-04-04 20:46:47,324] {dagbag.py:507} INFO - Filling up the DagBag from /home/dimitri/dimitri/airflowalura/venv/lib/python3.10/site-packages/airflow/example_dags/example_kubernetes_executor.py
[2024-04-04 20:46:47,333] {logging_mixin.py:115} INFO - [2024-04-04 20:46:47,333] {example_kubernetes_executor.py:39} WARNING - The example_kubernetes_executor example DAG requires the kubernetes provider. Please install it with: pip install apache-airflow[cncf.kubernetes]
[2024-04-04 20:46:47,334] {processor.py:653} WARNING - No viable dags retrieved from /home/dimitri/dimitri/airflowalura/venv/lib/python3.10/site-packages/airflow/example_dags/example_kubernetes_executor.py
[2024-04-04 20:46:47,342] {processor.py:161} INFO - Processing /home/dimitri/dimitri/airflowalura/venv/lib/python3.10/site-packages/airflow/example_dags/example_kubernetes_executor.py took 0.023 seconds
[2024-04-04 20:47:20,997] {processor.py:153} INFO - Started process (PID=574608) to work on /home/dimitri/dimitri/airflowalura/venv/lib/python3.10/site-packages/airflow/example_dags/example_kubernetes_executor.py
[2024-04-04 20:47:20,999] {processor.py:641} INFO - Processing file /home/dimitri/dimitri/airflowalura/venv/lib/python3.10/site-packages/airflow/example_dags/example_kubernetes_executor.py for tasks to queue
[2024-04-04 20:47:21,000] {logging_mixin.py:115} INFO - [2024-04-04 20:47:21,000] {dagbag.py:507} INFO - Filling up the DagBag from /home/dimitri/dimitri/airflowalura/venv/lib/python3.10/site-packages/airflow/example_dags/example_kubernetes_executor.py
[2024-04-04 20:47:21,008] {logging_mixin.py:115} INFO - [2024-04-04 20:47:21,008] {example_kubernetes_executor.py:39} WARNING - The example_kubernetes_executor example DAG requires the kubernetes provider. Please install it with: pip install apache-airflow[cncf.kubernetes]
[2024-04-04 20:47:21,009] {processor.py:653} WARNING - No viable dags retrieved from /home/dimitri/dimitri/airflowalura/venv/lib/python3.10/site-packages/airflow/example_dags/example_kubernetes_executor.py
[2024-04-04 20:47:21,018] {processor.py:161} INFO - Processing /home/dimitri/dimitri/airflowalura/venv/lib/python3.10/site-packages/airflow/example_dags/example_kubernetes_executor.py took 0.023 seconds
[2024-04-04 20:47:55,659] {processor.py:153} INFO - Started process (PID=574745) to work on /home/dimitri/dimitri/airflowalura/venv/lib/python3.10/site-packages/airflow/example_dags/example_kubernetes_executor.py
[2024-04-04 20:47:55,661] {processor.py:641} INFO - Processing file /home/dimitri/dimitri/airflowalura/venv/lib/python3.10/site-packages/airflow/example_dags/example_kubernetes_executor.py for tasks to queue
[2024-04-04 20:47:55,662] {logging_mixin.py:115} INFO - [2024-04-04 20:47:55,662] {dagbag.py:507} INFO - Filling up the DagBag from /home/dimitri/dimitri/airflowalura/venv/lib/python3.10/site-packages/airflow/example_dags/example_kubernetes_executor.py
[2024-04-04 20:47:55,671] {logging_mixin.py:115} INFO - [2024-04-04 20:47:55,671] {example_kubernetes_executor.py:39} WARNING - The example_kubernetes_executor example DAG requires the kubernetes provider. Please install it with: pip install apache-airflow[cncf.kubernetes]
[2024-04-04 20:47:55,671] {processor.py:653} WARNING - No viable dags retrieved from /home/dimitri/dimitri/airflowalura/venv/lib/python3.10/site-packages/airflow/example_dags/example_kubernetes_executor.py
[2024-04-04 20:47:55,679] {processor.py:161} INFO - Processing /home/dimitri/dimitri/airflowalura/venv/lib/python3.10/site-packages/airflow/example_dags/example_kubernetes_executor.py took 0.022 seconds
[2024-04-04 20:48:28,367] {processor.py:153} INFO - Started process (PID=574879) to work on /home/dimitri/dimitri/airflowalura/venv/lib/python3.10/site-packages/airflow/example_dags/example_kubernetes_executor.py
[2024-04-04 20:48:28,369] {processor.py:641} INFO - Processing file /home/dimitri/dimitri/airflowalura/venv/lib/python3.10/site-packages/airflow/example_dags/example_kubernetes_executor.py for tasks to queue
[2024-04-04 20:48:28,369] {logging_mixin.py:115} INFO - [2024-04-04 20:48:28,369] {dagbag.py:507} INFO - Filling up the DagBag from /home/dimitri/dimitri/airflowalura/venv/lib/python3.10/site-packages/airflow/example_dags/example_kubernetes_executor.py
[2024-04-04 20:48:28,378] {logging_mixin.py:115} INFO - [2024-04-04 20:48:28,378] {example_kubernetes_executor.py:39} WARNING - The example_kubernetes_executor example DAG requires the kubernetes provider. Please install it with: pip install apache-airflow[cncf.kubernetes]
[2024-04-04 20:48:28,378] {processor.py:653} WARNING - No viable dags retrieved from /home/dimitri/dimitri/airflowalura/venv/lib/python3.10/site-packages/airflow/example_dags/example_kubernetes_executor.py
[2024-04-04 20:48:28,390] {processor.py:161} INFO - Processing /home/dimitri/dimitri/airflowalura/venv/lib/python3.10/site-packages/airflow/example_dags/example_kubernetes_executor.py took 0.026 seconds
[2024-04-04 20:49:02,181] {processor.py:153} INFO - Started process (PID=575010) to work on /home/dimitri/dimitri/airflowalura/venv/lib/python3.10/site-packages/airflow/example_dags/example_kubernetes_executor.py
[2024-04-04 20:49:02,184] {processor.py:641} INFO - Processing file /home/dimitri/dimitri/airflowalura/venv/lib/python3.10/site-packages/airflow/example_dags/example_kubernetes_executor.py for tasks to queue
[2024-04-04 20:49:02,185] {logging_mixin.py:115} INFO - [2024-04-04 20:49:02,185] {dagbag.py:507} INFO - Filling up the DagBag from /home/dimitri/dimitri/airflowalura/venv/lib/python3.10/site-packages/airflow/example_dags/example_kubernetes_executor.py
[2024-04-04 20:49:02,194] {logging_mixin.py:115} INFO - [2024-04-04 20:49:02,193] {example_kubernetes_executor.py:39} WARNING - The example_kubernetes_executor example DAG requires the kubernetes provider. Please install it with: pip install apache-airflow[cncf.kubernetes]
[2024-04-04 20:49:02,194] {processor.py:653} WARNING - No viable dags retrieved from /home/dimitri/dimitri/airflowalura/venv/lib/python3.10/site-packages/airflow/example_dags/example_kubernetes_executor.py
[2024-04-04 20:49:02,202] {processor.py:161} INFO - Processing /home/dimitri/dimitri/airflowalura/venv/lib/python3.10/site-packages/airflow/example_dags/example_kubernetes_executor.py took 0.024 seconds
[2024-04-04 20:49:34,928] {processor.py:153} INFO - Started process (PID=575141) to work on /home/dimitri/dimitri/airflowalura/venv/lib/python3.10/site-packages/airflow/example_dags/example_kubernetes_executor.py
[2024-04-04 20:49:34,930] {processor.py:641} INFO - Processing file /home/dimitri/dimitri/airflowalura/venv/lib/python3.10/site-packages/airflow/example_dags/example_kubernetes_executor.py for tasks to queue
[2024-04-04 20:49:34,931] {logging_mixin.py:115} INFO - [2024-04-04 20:49:34,931] {dagbag.py:507} INFO - Filling up the DagBag from /home/dimitri/dimitri/airflowalura/venv/lib/python3.10/site-packages/airflow/example_dags/example_kubernetes_executor.py
[2024-04-04 20:49:34,941] {logging_mixin.py:115} INFO - [2024-04-04 20:49:34,941] {example_kubernetes_executor.py:39} WARNING - The example_kubernetes_executor example DAG requires the kubernetes provider. Please install it with: pip install apache-airflow[cncf.kubernetes]
[2024-04-04 20:49:34,941] {processor.py:653} WARNING - No viable dags retrieved from /home/dimitri/dimitri/airflowalura/venv/lib/python3.10/site-packages/airflow/example_dags/example_kubernetes_executor.py
[2024-04-04 20:49:34,949] {processor.py:161} INFO - Processing /home/dimitri/dimitri/airflowalura/venv/lib/python3.10/site-packages/airflow/example_dags/example_kubernetes_executor.py took 0.023 seconds
[2024-04-04 20:50:06,844] {processor.py:153} INFO - Started process (PID=575268) to work on /home/dimitri/dimitri/airflowalura/venv/lib/python3.10/site-packages/airflow/example_dags/example_kubernetes_executor.py
[2024-04-04 20:50:06,847] {processor.py:641} INFO - Processing file /home/dimitri/dimitri/airflowalura/venv/lib/python3.10/site-packages/airflow/example_dags/example_kubernetes_executor.py for tasks to queue
[2024-04-04 20:50:06,847] {logging_mixin.py:115} INFO - [2024-04-04 20:50:06,847] {dagbag.py:507} INFO - Filling up the DagBag from /home/dimitri/dimitri/airflowalura/venv/lib/python3.10/site-packages/airflow/example_dags/example_kubernetes_executor.py
[2024-04-04 20:50:06,857] {logging_mixin.py:115} INFO - [2024-04-04 20:50:06,856] {example_kubernetes_executor.py:39} WARNING - The example_kubernetes_executor example DAG requires the kubernetes provider. Please install it with: pip install apache-airflow[cncf.kubernetes]
[2024-04-04 20:50:06,857] {processor.py:653} WARNING - No viable dags retrieved from /home/dimitri/dimitri/airflowalura/venv/lib/python3.10/site-packages/airflow/example_dags/example_kubernetes_executor.py
[2024-04-04 20:50:06,864] {processor.py:161} INFO - Processing /home/dimitri/dimitri/airflowalura/venv/lib/python3.10/site-packages/airflow/example_dags/example_kubernetes_executor.py took 0.024 seconds
[2024-04-04 20:50:40,141] {processor.py:153} INFO - Started process (PID=575398) to work on /home/dimitri/dimitri/airflowalura/venv/lib/python3.10/site-packages/airflow/example_dags/example_kubernetes_executor.py
[2024-04-04 20:50:40,144] {processor.py:641} INFO - Processing file /home/dimitri/dimitri/airflowalura/venv/lib/python3.10/site-packages/airflow/example_dags/example_kubernetes_executor.py for tasks to queue
[2024-04-04 20:50:40,145] {logging_mixin.py:115} INFO - [2024-04-04 20:50:40,144] {dagbag.py:507} INFO - Filling up the DagBag from /home/dimitri/dimitri/airflowalura/venv/lib/python3.10/site-packages/airflow/example_dags/example_kubernetes_executor.py
[2024-04-04 20:50:40,154] {logging_mixin.py:115} INFO - [2024-04-04 20:50:40,154] {example_kubernetes_executor.py:39} WARNING - The example_kubernetes_executor example DAG requires the kubernetes provider. Please install it with: pip install apache-airflow[cncf.kubernetes]
[2024-04-04 20:50:40,154] {processor.py:653} WARNING - No viable dags retrieved from /home/dimitri/dimitri/airflowalura/venv/lib/python3.10/site-packages/airflow/example_dags/example_kubernetes_executor.py
[2024-04-04 20:50:40,163] {processor.py:161} INFO - Processing /home/dimitri/dimitri/airflowalura/venv/lib/python3.10/site-packages/airflow/example_dags/example_kubernetes_executor.py took 0.024 seconds
[2024-04-04 20:51:14,604] {processor.py:153} INFO - Started process (PID=575533) to work on /home/dimitri/dimitri/airflowalura/venv/lib/python3.10/site-packages/airflow/example_dags/example_kubernetes_executor.py
[2024-04-04 20:51:14,607] {processor.py:641} INFO - Processing file /home/dimitri/dimitri/airflowalura/venv/lib/python3.10/site-packages/airflow/example_dags/example_kubernetes_executor.py for tasks to queue
[2024-04-04 20:51:14,608] {logging_mixin.py:115} INFO - [2024-04-04 20:51:14,608] {dagbag.py:507} INFO - Filling up the DagBag from /home/dimitri/dimitri/airflowalura/venv/lib/python3.10/site-packages/airflow/example_dags/example_kubernetes_executor.py
[2024-04-04 20:51:14,627] {logging_mixin.py:115} INFO - [2024-04-04 20:51:14,627] {example_kubernetes_executor.py:39} WARNING - The example_kubernetes_executor example DAG requires the kubernetes provider. Please install it with: pip install apache-airflow[cncf.kubernetes]
[2024-04-04 20:51:14,627] {processor.py:653} WARNING - No viable dags retrieved from /home/dimitri/dimitri/airflowalura/venv/lib/python3.10/site-packages/airflow/example_dags/example_kubernetes_executor.py
[2024-04-04 20:51:14,634] {processor.py:161} INFO - Processing /home/dimitri/dimitri/airflowalura/venv/lib/python3.10/site-packages/airflow/example_dags/example_kubernetes_executor.py took 0.032 seconds
[2024-04-04 20:51:49,619] {processor.py:153} INFO - Started process (PID=575666) to work on /home/dimitri/dimitri/airflowalura/venv/lib/python3.10/site-packages/airflow/example_dags/example_kubernetes_executor.py
[2024-04-04 20:51:49,622] {processor.py:641} INFO - Processing file /home/dimitri/dimitri/airflowalura/venv/lib/python3.10/site-packages/airflow/example_dags/example_kubernetes_executor.py for tasks to queue
[2024-04-04 20:51:49,622] {logging_mixin.py:115} INFO - [2024-04-04 20:51:49,622] {dagbag.py:507} INFO - Filling up the DagBag from /home/dimitri/dimitri/airflowalura/venv/lib/python3.10/site-packages/airflow/example_dags/example_kubernetes_executor.py
[2024-04-04 20:51:49,633] {logging_mixin.py:115} INFO - [2024-04-04 20:51:49,633] {example_kubernetes_executor.py:39} WARNING - The example_kubernetes_executor example DAG requires the kubernetes provider. Please install it with: pip install apache-airflow[cncf.kubernetes]
[2024-04-04 20:51:49,633] {processor.py:653} WARNING - No viable dags retrieved from /home/dimitri/dimitri/airflowalura/venv/lib/python3.10/site-packages/airflow/example_dags/example_kubernetes_executor.py
[2024-04-04 20:51:49,639] {processor.py:161} INFO - Processing /home/dimitri/dimitri/airflowalura/venv/lib/python3.10/site-packages/airflow/example_dags/example_kubernetes_executor.py took 0.022 seconds
[2024-04-04 20:52:25,584] {processor.py:153} INFO - Started process (PID=575805) to work on /home/dimitri/dimitri/airflowalura/venv/lib/python3.10/site-packages/airflow/example_dags/example_kubernetes_executor.py
[2024-04-04 20:52:25,586] {processor.py:641} INFO - Processing file /home/dimitri/dimitri/airflowalura/venv/lib/python3.10/site-packages/airflow/example_dags/example_kubernetes_executor.py for tasks to queue
[2024-04-04 20:52:25,587] {logging_mixin.py:115} INFO - [2024-04-04 20:52:25,587] {dagbag.py:507} INFO - Filling up the DagBag from /home/dimitri/dimitri/airflowalura/venv/lib/python3.10/site-packages/airflow/example_dags/example_kubernetes_executor.py
[2024-04-04 20:52:25,598] {logging_mixin.py:115} INFO - [2024-04-04 20:52:25,598] {example_kubernetes_executor.py:39} WARNING - The example_kubernetes_executor example DAG requires the kubernetes provider. Please install it with: pip install apache-airflow[cncf.kubernetes]
[2024-04-04 20:52:25,599] {processor.py:653} WARNING - No viable dags retrieved from /home/dimitri/dimitri/airflowalura/venv/lib/python3.10/site-packages/airflow/example_dags/example_kubernetes_executor.py
[2024-04-04 20:52:25,605] {processor.py:161} INFO - Processing /home/dimitri/dimitri/airflowalura/venv/lib/python3.10/site-packages/airflow/example_dags/example_kubernetes_executor.py took 0.023 seconds
[2024-04-04 20:52:59,932] {processor.py:153} INFO - Started process (PID=575940) to work on /home/dimitri/dimitri/airflowalura/venv/lib/python3.10/site-packages/airflow/example_dags/example_kubernetes_executor.py
[2024-04-04 20:52:59,934] {processor.py:641} INFO - Processing file /home/dimitri/dimitri/airflowalura/venv/lib/python3.10/site-packages/airflow/example_dags/example_kubernetes_executor.py for tasks to queue
[2024-04-04 20:52:59,934] {logging_mixin.py:115} INFO - [2024-04-04 20:52:59,934] {dagbag.py:507} INFO - Filling up the DagBag from /home/dimitri/dimitri/airflowalura/venv/lib/python3.10/site-packages/airflow/example_dags/example_kubernetes_executor.py
[2024-04-04 20:52:59,947] {logging_mixin.py:115} INFO - [2024-04-04 20:52:59,947] {example_kubernetes_executor.py:39} WARNING - The example_kubernetes_executor example DAG requires the kubernetes provider. Please install it with: pip install apache-airflow[cncf.kubernetes]
[2024-04-04 20:52:59,947] {processor.py:653} WARNING - No viable dags retrieved from /home/dimitri/dimitri/airflowalura/venv/lib/python3.10/site-packages/airflow/example_dags/example_kubernetes_executor.py
[2024-04-04 20:52:59,952] {processor.py:161} INFO - Processing /home/dimitri/dimitri/airflowalura/venv/lib/python3.10/site-packages/airflow/example_dags/example_kubernetes_executor.py took 0.023 seconds
[2024-04-04 20:53:32,720] {processor.py:153} INFO - Started process (PID=576069) to work on /home/dimitri/dimitri/airflowalura/venv/lib/python3.10/site-packages/airflow/example_dags/example_kubernetes_executor.py
[2024-04-04 20:53:32,723] {processor.py:641} INFO - Processing file /home/dimitri/dimitri/airflowalura/venv/lib/python3.10/site-packages/airflow/example_dags/example_kubernetes_executor.py for tasks to queue
[2024-04-04 20:53:32,723] {logging_mixin.py:115} INFO - [2024-04-04 20:53:32,723] {dagbag.py:507} INFO - Filling up the DagBag from /home/dimitri/dimitri/airflowalura/venv/lib/python3.10/site-packages/airflow/example_dags/example_kubernetes_executor.py
[2024-04-04 20:53:32,733] {logging_mixin.py:115} INFO - [2024-04-04 20:53:32,733] {example_kubernetes_executor.py:39} WARNING - The example_kubernetes_executor example DAG requires the kubernetes provider. Please install it with: pip install apache-airflow[cncf.kubernetes]
[2024-04-04 20:53:32,733] {processor.py:653} WARNING - No viable dags retrieved from /home/dimitri/dimitri/airflowalura/venv/lib/python3.10/site-packages/airflow/example_dags/example_kubernetes_executor.py
[2024-04-04 20:53:32,739] {processor.py:161} INFO - Processing /home/dimitri/dimitri/airflowalura/venv/lib/python3.10/site-packages/airflow/example_dags/example_kubernetes_executor.py took 0.022 seconds
[2024-04-04 20:54:06,383] {processor.py:153} INFO - Started process (PID=576199) to work on /home/dimitri/dimitri/airflowalura/venv/lib/python3.10/site-packages/airflow/example_dags/example_kubernetes_executor.py
[2024-04-04 20:54:06,386] {processor.py:641} INFO - Processing file /home/dimitri/dimitri/airflowalura/venv/lib/python3.10/site-packages/airflow/example_dags/example_kubernetes_executor.py for tasks to queue
[2024-04-04 20:54:06,386] {logging_mixin.py:115} INFO - [2024-04-04 20:54:06,386] {dagbag.py:507} INFO - Filling up the DagBag from /home/dimitri/dimitri/airflowalura/venv/lib/python3.10/site-packages/airflow/example_dags/example_kubernetes_executor.py
[2024-04-04 20:54:06,398] {logging_mixin.py:115} INFO - [2024-04-04 20:54:06,398] {example_kubernetes_executor.py:39} WARNING - The example_kubernetes_executor example DAG requires the kubernetes provider. Please install it with: pip install apache-airflow[cncf.kubernetes]
[2024-04-04 20:54:06,398] {processor.py:653} WARNING - No viable dags retrieved from /home/dimitri/dimitri/airflowalura/venv/lib/python3.10/site-packages/airflow/example_dags/example_kubernetes_executor.py
[2024-04-04 20:54:06,403] {processor.py:161} INFO - Processing /home/dimitri/dimitri/airflowalura/venv/lib/python3.10/site-packages/airflow/example_dags/example_kubernetes_executor.py took 0.023 seconds
[2024-04-04 20:54:38,086] {processor.py:153} INFO - Started process (PID=576323) to work on /home/dimitri/dimitri/airflowalura/venv/lib/python3.10/site-packages/airflow/example_dags/example_kubernetes_executor.py
[2024-04-04 20:54:38,087] {processor.py:641} INFO - Processing file /home/dimitri/dimitri/airflowalura/venv/lib/python3.10/site-packages/airflow/example_dags/example_kubernetes_executor.py for tasks to queue
[2024-04-04 20:54:38,088] {logging_mixin.py:115} INFO - [2024-04-04 20:54:38,088] {dagbag.py:507} INFO - Filling up the DagBag from /home/dimitri/dimitri/airflowalura/venv/lib/python3.10/site-packages/airflow/example_dags/example_kubernetes_executor.py
[2024-04-04 20:54:38,100] {logging_mixin.py:115} INFO - [2024-04-04 20:54:38,100] {example_kubernetes_executor.py:39} WARNING - The example_kubernetes_executor example DAG requires the kubernetes provider. Please install it with: pip install apache-airflow[cncf.kubernetes]
[2024-04-04 20:54:38,100] {processor.py:653} WARNING - No viable dags retrieved from /home/dimitri/dimitri/airflowalura/venv/lib/python3.10/site-packages/airflow/example_dags/example_kubernetes_executor.py
[2024-04-04 20:54:38,106] {processor.py:161} INFO - Processing /home/dimitri/dimitri/airflowalura/venv/lib/python3.10/site-packages/airflow/example_dags/example_kubernetes_executor.py took 0.022 seconds
[2024-04-04 20:55:13,556] {processor.py:153} INFO - Started process (PID=576462) to work on /home/dimitri/dimitri/airflowalura/venv/lib/python3.10/site-packages/airflow/example_dags/example_kubernetes_executor.py
[2024-04-04 20:55:13,558] {processor.py:641} INFO - Processing file /home/dimitri/dimitri/airflowalura/venv/lib/python3.10/site-packages/airflow/example_dags/example_kubernetes_executor.py for tasks to queue
[2024-04-04 20:55:13,559] {logging_mixin.py:115} INFO - [2024-04-04 20:55:13,559] {dagbag.py:507} INFO - Filling up the DagBag from /home/dimitri/dimitri/airflowalura/venv/lib/python3.10/site-packages/airflow/example_dags/example_kubernetes_executor.py
[2024-04-04 20:55:13,569] {logging_mixin.py:115} INFO - [2024-04-04 20:55:13,569] {example_kubernetes_executor.py:39} WARNING - The example_kubernetes_executor example DAG requires the kubernetes provider. Please install it with: pip install apache-airflow[cncf.kubernetes]
[2024-04-04 20:55:13,570] {processor.py:653} WARNING - No viable dags retrieved from /home/dimitri/dimitri/airflowalura/venv/lib/python3.10/site-packages/airflow/example_dags/example_kubernetes_executor.py
[2024-04-04 20:55:13,576] {processor.py:161} INFO - Processing /home/dimitri/dimitri/airflowalura/venv/lib/python3.10/site-packages/airflow/example_dags/example_kubernetes_executor.py took 0.024 seconds
[2024-04-04 20:55:51,046] {processor.py:153} INFO - Started process (PID=576608) to work on /home/dimitri/dimitri/airflowalura/venv/lib/python3.10/site-packages/airflow/example_dags/example_kubernetes_executor.py
[2024-04-04 20:55:51,048] {processor.py:641} INFO - Processing file /home/dimitri/dimitri/airflowalura/venv/lib/python3.10/site-packages/airflow/example_dags/example_kubernetes_executor.py for tasks to queue
[2024-04-04 20:55:51,049] {logging_mixin.py:115} INFO - [2024-04-04 20:55:51,049] {dagbag.py:507} INFO - Filling up the DagBag from /home/dimitri/dimitri/airflowalura/venv/lib/python3.10/site-packages/airflow/example_dags/example_kubernetes_executor.py
[2024-04-04 20:55:51,061] {logging_mixin.py:115} INFO - [2024-04-04 20:55:51,061] {example_kubernetes_executor.py:39} WARNING - The example_kubernetes_executor example DAG requires the kubernetes provider. Please install it with: pip install apache-airflow[cncf.kubernetes]
[2024-04-04 20:55:51,061] {processor.py:653} WARNING - No viable dags retrieved from /home/dimitri/dimitri/airflowalura/venv/lib/python3.10/site-packages/airflow/example_dags/example_kubernetes_executor.py
[2024-04-04 20:55:51,067] {processor.py:161} INFO - Processing /home/dimitri/dimitri/airflowalura/venv/lib/python3.10/site-packages/airflow/example_dags/example_kubernetes_executor.py took 0.022 seconds
[2024-04-04 20:56:23,464] {processor.py:153} INFO - Started process (PID=576738) to work on /home/dimitri/dimitri/airflowalura/venv/lib/python3.10/site-packages/airflow/example_dags/example_kubernetes_executor.py
[2024-04-04 20:56:23,466] {processor.py:641} INFO - Processing file /home/dimitri/dimitri/airflowalura/venv/lib/python3.10/site-packages/airflow/example_dags/example_kubernetes_executor.py for tasks to queue
[2024-04-04 20:56:23,466] {logging_mixin.py:115} INFO - [2024-04-04 20:56:23,466] {dagbag.py:507} INFO - Filling up the DagBag from /home/dimitri/dimitri/airflowalura/venv/lib/python3.10/site-packages/airflow/example_dags/example_kubernetes_executor.py
[2024-04-04 20:56:23,477] {logging_mixin.py:115} INFO - [2024-04-04 20:56:23,477] {example_kubernetes_executor.py:39} WARNING - The example_kubernetes_executor example DAG requires the kubernetes provider. Please install it with: pip install apache-airflow[cncf.kubernetes]
[2024-04-04 20:56:23,477] {processor.py:653} WARNING - No viable dags retrieved from /home/dimitri/dimitri/airflowalura/venv/lib/python3.10/site-packages/airflow/example_dags/example_kubernetes_executor.py
[2024-04-04 20:56:23,483] {processor.py:161} INFO - Processing /home/dimitri/dimitri/airflowalura/venv/lib/python3.10/site-packages/airflow/example_dags/example_kubernetes_executor.py took 0.022 seconds
[2024-04-04 20:56:59,572] {processor.py:153} INFO - Started process (PID=576877) to work on /home/dimitri/dimitri/airflowalura/venv/lib/python3.10/site-packages/airflow/example_dags/example_kubernetes_executor.py
[2024-04-04 20:56:59,574] {processor.py:641} INFO - Processing file /home/dimitri/dimitri/airflowalura/venv/lib/python3.10/site-packages/airflow/example_dags/example_kubernetes_executor.py for tasks to queue
[2024-04-04 20:56:59,575] {logging_mixin.py:115} INFO - [2024-04-04 20:56:59,575] {dagbag.py:507} INFO - Filling up the DagBag from /home/dimitri/dimitri/airflowalura/venv/lib/python3.10/site-packages/airflow/example_dags/example_kubernetes_executor.py
[2024-04-04 20:56:59,586] {logging_mixin.py:115} INFO - [2024-04-04 20:56:59,586] {example_kubernetes_executor.py:39} WARNING - The example_kubernetes_executor example DAG requires the kubernetes provider. Please install it with: pip install apache-airflow[cncf.kubernetes]
[2024-04-04 20:56:59,586] {processor.py:653} WARNING - No viable dags retrieved from /home/dimitri/dimitri/airflowalura/venv/lib/python3.10/site-packages/airflow/example_dags/example_kubernetes_executor.py
[2024-04-04 20:56:59,592] {processor.py:161} INFO - Processing /home/dimitri/dimitri/airflowalura/venv/lib/python3.10/site-packages/airflow/example_dags/example_kubernetes_executor.py took 0.023 seconds
[2024-04-04 20:57:33,476] {processor.py:153} INFO - Started process (PID=577009) to work on /home/dimitri/dimitri/airflowalura/venv/lib/python3.10/site-packages/airflow/example_dags/example_kubernetes_executor.py
[2024-04-04 20:57:33,479] {processor.py:641} INFO - Processing file /home/dimitri/dimitri/airflowalura/venv/lib/python3.10/site-packages/airflow/example_dags/example_kubernetes_executor.py for tasks to queue
[2024-04-04 20:57:33,479] {logging_mixin.py:115} INFO - [2024-04-04 20:57:33,479] {dagbag.py:507} INFO - Filling up the DagBag from /home/dimitri/dimitri/airflowalura/venv/lib/python3.10/site-packages/airflow/example_dags/example_kubernetes_executor.py
[2024-04-04 20:57:33,493] {logging_mixin.py:115} INFO - [2024-04-04 20:57:33,493] {example_kubernetes_executor.py:39} WARNING - The example_kubernetes_executor example DAG requires the kubernetes provider. Please install it with: pip install apache-airflow[cncf.kubernetes]
[2024-04-04 20:57:33,493] {processor.py:653} WARNING - No viable dags retrieved from /home/dimitri/dimitri/airflowalura/venv/lib/python3.10/site-packages/airflow/example_dags/example_kubernetes_executor.py
[2024-04-04 20:57:33,499] {processor.py:161} INFO - Processing /home/dimitri/dimitri/airflowalura/venv/lib/python3.10/site-packages/airflow/example_dags/example_kubernetes_executor.py took 0.025 seconds
[2024-04-04 20:58:06,583] {processor.py:153} INFO - Started process (PID=577139) to work on /home/dimitri/dimitri/airflowalura/venv/lib/python3.10/site-packages/airflow/example_dags/example_kubernetes_executor.py
[2024-04-04 20:58:06,586] {processor.py:641} INFO - Processing file /home/dimitri/dimitri/airflowalura/venv/lib/python3.10/site-packages/airflow/example_dags/example_kubernetes_executor.py for tasks to queue
[2024-04-04 20:58:06,587] {logging_mixin.py:115} INFO - [2024-04-04 20:58:06,586] {dagbag.py:507} INFO - Filling up the DagBag from /home/dimitri/dimitri/airflowalura/venv/lib/python3.10/site-packages/airflow/example_dags/example_kubernetes_executor.py
[2024-04-04 20:58:06,598] {logging_mixin.py:115} INFO - [2024-04-04 20:58:06,598] {example_kubernetes_executor.py:39} WARNING - The example_kubernetes_executor example DAG requires the kubernetes provider. Please install it with: pip install apache-airflow[cncf.kubernetes]
[2024-04-04 20:58:06,598] {processor.py:653} WARNING - No viable dags retrieved from /home/dimitri/dimitri/airflowalura/venv/lib/python3.10/site-packages/airflow/example_dags/example_kubernetes_executor.py
[2024-04-04 20:58:06,604] {processor.py:161} INFO - Processing /home/dimitri/dimitri/airflowalura/venv/lib/python3.10/site-packages/airflow/example_dags/example_kubernetes_executor.py took 0.024 seconds
[2024-04-04 20:58:38,731] {processor.py:153} INFO - Started process (PID=577268) to work on /home/dimitri/dimitri/airflowalura/venv/lib/python3.10/site-packages/airflow/example_dags/example_kubernetes_executor.py
[2024-04-04 20:58:38,733] {processor.py:641} INFO - Processing file /home/dimitri/dimitri/airflowalura/venv/lib/python3.10/site-packages/airflow/example_dags/example_kubernetes_executor.py for tasks to queue
[2024-04-04 20:58:38,733] {logging_mixin.py:115} INFO - [2024-04-04 20:58:38,733] {dagbag.py:507} INFO - Filling up the DagBag from /home/dimitri/dimitri/airflowalura/venv/lib/python3.10/site-packages/airflow/example_dags/example_kubernetes_executor.py
[2024-04-04 20:58:38,746] {logging_mixin.py:115} INFO - [2024-04-04 20:58:38,745] {example_kubernetes_executor.py:39} WARNING - The example_kubernetes_executor example DAG requires the kubernetes provider. Please install it with: pip install apache-airflow[cncf.kubernetes]
[2024-04-04 20:58:38,746] {processor.py:653} WARNING - No viable dags retrieved from /home/dimitri/dimitri/airflowalura/venv/lib/python3.10/site-packages/airflow/example_dags/example_kubernetes_executor.py
[2024-04-04 20:58:38,752] {processor.py:161} INFO - Processing /home/dimitri/dimitri/airflowalura/venv/lib/python3.10/site-packages/airflow/example_dags/example_kubernetes_executor.py took 0.023 seconds
[2024-04-04 20:59:11,716] {processor.py:153} INFO - Started process (PID=577399) to work on /home/dimitri/dimitri/airflowalura/venv/lib/python3.10/site-packages/airflow/example_dags/example_kubernetes_executor.py
[2024-04-04 20:59:11,719] {processor.py:641} INFO - Processing file /home/dimitri/dimitri/airflowalura/venv/lib/python3.10/site-packages/airflow/example_dags/example_kubernetes_executor.py for tasks to queue
[2024-04-04 20:59:11,719] {logging_mixin.py:115} INFO - [2024-04-04 20:59:11,719] {dagbag.py:507} INFO - Filling up the DagBag from /home/dimitri/dimitri/airflowalura/venv/lib/python3.10/site-packages/airflow/example_dags/example_kubernetes_executor.py
[2024-04-04 20:59:11,731] {logging_mixin.py:115} INFO - [2024-04-04 20:59:11,731] {example_kubernetes_executor.py:39} WARNING - The example_kubernetes_executor example DAG requires the kubernetes provider. Please install it with: pip install apache-airflow[cncf.kubernetes]
[2024-04-04 20:59:11,731] {processor.py:653} WARNING - No viable dags retrieved from /home/dimitri/dimitri/airflowalura/venv/lib/python3.10/site-packages/airflow/example_dags/example_kubernetes_executor.py
[2024-04-04 20:59:11,737] {processor.py:161} INFO - Processing /home/dimitri/dimitri/airflowalura/venv/lib/python3.10/site-packages/airflow/example_dags/example_kubernetes_executor.py took 0.023 seconds
[2024-04-04 20:59:45,660] {processor.py:153} INFO - Started process (PID=577531) to work on /home/dimitri/dimitri/airflowalura/venv/lib/python3.10/site-packages/airflow/example_dags/example_kubernetes_executor.py
[2024-04-04 20:59:45,661] {processor.py:641} INFO - Processing file /home/dimitri/dimitri/airflowalura/venv/lib/python3.10/site-packages/airflow/example_dags/example_kubernetes_executor.py for tasks to queue
[2024-04-04 20:59:45,661] {logging_mixin.py:115} INFO - [2024-04-04 20:59:45,661] {dagbag.py:507} INFO - Filling up the DagBag from /home/dimitri/dimitri/airflowalura/venv/lib/python3.10/site-packages/airflow/example_dags/example_kubernetes_executor.py
[2024-04-04 20:59:45,673] {logging_mixin.py:115} INFO - [2024-04-04 20:59:45,673] {example_kubernetes_executor.py:39} WARNING - The example_kubernetes_executor example DAG requires the kubernetes provider. Please install it with: pip install apache-airflow[cncf.kubernetes]
[2024-04-04 20:59:45,673] {processor.py:653} WARNING - No viable dags retrieved from /home/dimitri/dimitri/airflowalura/venv/lib/python3.10/site-packages/airflow/example_dags/example_kubernetes_executor.py
[2024-04-04 20:59:45,679] {processor.py:161} INFO - Processing /home/dimitri/dimitri/airflowalura/venv/lib/python3.10/site-packages/airflow/example_dags/example_kubernetes_executor.py took 0.022 seconds
