[2024-04-04 20:29:23,332] {processor.py:153} INFO - Started process (PID=569900) to work on /home/dimitri/dimitri/airflowalura/venv/lib/python3.10/site-packages/airflow/example_dags/example_trigger_target_dag.py
[2024-04-04 20:29:23,332] {processor.py:641} INFO - Processing file /home/dimitri/dimitri/airflowalura/venv/lib/python3.10/site-packages/airflow/example_dags/example_trigger_target_dag.py for tasks to queue
[2024-04-04 20:29:23,333] {logging_mixin.py:115} INFO - [2024-04-04 20:29:23,333] {dagbag.py:507} INFO - Filling up the DagBag from /home/dimitri/dimitri/airflowalura/venv/lib/python3.10/site-packages/airflow/example_dags/example_trigger_target_dag.py
[2024-04-04 20:29:23,342] {processor.py:651} INFO - DAG(s) dict_keys(['example_trigger_target_dag']) retrieved from /home/dimitri/dimitri/airflowalura/venv/lib/python3.10/site-packages/airflow/example_dags/example_trigger_target_dag.py
[2024-04-04 20:29:23,395] {logging_mixin.py:115} INFO - [2024-04-04 20:29:23,395] {manager.py:508} INFO - Created Permission View: can read on DAG:example_trigger_target_dag
[2024-04-04 20:29:23,412] {logging_mixin.py:115} INFO - [2024-04-04 20:29:23,412] {manager.py:508} INFO - Created Permission View: can edit on DAG:example_trigger_target_dag
[2024-04-04 20:29:23,425] {logging_mixin.py:115} INFO - [2024-04-04 20:29:23,425] {manager.py:508} INFO - Created Permission View: can delete on DAG:example_trigger_target_dag
[2024-04-04 20:29:23,425] {logging_mixin.py:115} INFO - [2024-04-04 20:29:23,425] {dag.py:2379} INFO - Sync 1 DAGs
[2024-04-04 20:29:23,430] {logging_mixin.py:115} INFO - [2024-04-04 20:29:23,429] {dag.py:2398} INFO - Creating ORM DAG for example_trigger_target_dag
[2024-04-04 20:29:23,434] {logging_mixin.py:115} INFO - [2024-04-04 20:29:23,434] {dag.py:2927} INFO - Setting next_dagrun for example_trigger_target_dag to None, run_after=None
[2024-04-04 20:29:23,450] {processor.py:161} INFO - Processing /home/dimitri/dimitri/airflowalura/venv/lib/python3.10/site-packages/airflow/example_dags/example_trigger_target_dag.py took 0.120 seconds
[2024-04-04 20:29:58,596] {processor.py:153} INFO - Started process (PID=570296) to work on /home/dimitri/dimitri/airflowalura/venv/lib/python3.10/site-packages/airflow/example_dags/example_trigger_target_dag.py
[2024-04-04 20:29:58,598] {processor.py:641} INFO - Processing file /home/dimitri/dimitri/airflowalura/venv/lib/python3.10/site-packages/airflow/example_dags/example_trigger_target_dag.py for tasks to queue
[2024-04-04 20:29:58,598] {logging_mixin.py:115} INFO - [2024-04-04 20:29:58,598] {dagbag.py:507} INFO - Filling up the DagBag from /home/dimitri/dimitri/airflowalura/venv/lib/python3.10/site-packages/airflow/example_dags/example_trigger_target_dag.py
[2024-04-04 20:29:58,609] {processor.py:651} INFO - DAG(s) dict_keys(['example_trigger_target_dag']) retrieved from /home/dimitri/dimitri/airflowalura/venv/lib/python3.10/site-packages/airflow/example_dags/example_trigger_target_dag.py
[2024-04-04 20:29:58,621] {logging_mixin.py:115} INFO - [2024-04-04 20:29:58,621] {dag.py:2379} INFO - Sync 1 DAGs
[2024-04-04 20:29:58,629] {logging_mixin.py:115} INFO - [2024-04-04 20:29:58,629] {dag.py:2927} INFO - Setting next_dagrun for example_trigger_target_dag to None, run_after=None
[2024-04-04 20:29:58,646] {processor.py:161} INFO - Processing /home/dimitri/dimitri/airflowalura/venv/lib/python3.10/site-packages/airflow/example_dags/example_trigger_target_dag.py took 0.053 seconds
[2024-04-04 20:30:31,342] {processor.py:153} INFO - Started process (PID=570441) to work on /home/dimitri/dimitri/airflowalura/venv/lib/python3.10/site-packages/airflow/example_dags/example_trigger_target_dag.py
[2024-04-04 20:30:31,343] {processor.py:641} INFO - Processing file /home/dimitri/dimitri/airflowalura/venv/lib/python3.10/site-packages/airflow/example_dags/example_trigger_target_dag.py for tasks to queue
[2024-04-04 20:30:31,343] {logging_mixin.py:115} INFO - [2024-04-04 20:30:31,343] {dagbag.py:507} INFO - Filling up the DagBag from /home/dimitri/dimitri/airflowalura/venv/lib/python3.10/site-packages/airflow/example_dags/example_trigger_target_dag.py
[2024-04-04 20:30:31,359] {processor.py:651} INFO - DAG(s) dict_keys(['example_trigger_target_dag']) retrieved from /home/dimitri/dimitri/airflowalura/venv/lib/python3.10/site-packages/airflow/example_dags/example_trigger_target_dag.py
[2024-04-04 20:30:31,372] {logging_mixin.py:115} INFO - [2024-04-04 20:30:31,372] {dag.py:2379} INFO - Sync 1 DAGs
[2024-04-04 20:30:31,382] {logging_mixin.py:115} INFO - [2024-04-04 20:30:31,382] {dag.py:2927} INFO - Setting next_dagrun for example_trigger_target_dag to None, run_after=None
[2024-04-04 20:30:31,399] {processor.py:161} INFO - Processing /home/dimitri/dimitri/airflowalura/venv/lib/python3.10/site-packages/airflow/example_dags/example_trigger_target_dag.py took 0.058 seconds
[2024-04-04 20:31:05,007] {processor.py:153} INFO - Started process (PID=570571) to work on /home/dimitri/dimitri/airflowalura/venv/lib/python3.10/site-packages/airflow/example_dags/example_trigger_target_dag.py
[2024-04-04 20:31:05,010] {processor.py:641} INFO - Processing file /home/dimitri/dimitri/airflowalura/venv/lib/python3.10/site-packages/airflow/example_dags/example_trigger_target_dag.py for tasks to queue
[2024-04-04 20:31:05,010] {logging_mixin.py:115} INFO - [2024-04-04 20:31:05,010] {dagbag.py:507} INFO - Filling up the DagBag from /home/dimitri/dimitri/airflowalura/venv/lib/python3.10/site-packages/airflow/example_dags/example_trigger_target_dag.py
[2024-04-04 20:31:05,019] {processor.py:651} INFO - DAG(s) dict_keys(['example_trigger_target_dag']) retrieved from /home/dimitri/dimitri/airflowalura/venv/lib/python3.10/site-packages/airflow/example_dags/example_trigger_target_dag.py
[2024-04-04 20:31:05,030] {logging_mixin.py:115} INFO - [2024-04-04 20:31:05,030] {dag.py:2379} INFO - Sync 1 DAGs
[2024-04-04 20:31:05,040] {logging_mixin.py:115} INFO - [2024-04-04 20:31:05,040] {dag.py:2927} INFO - Setting next_dagrun for example_trigger_target_dag to None, run_after=None
[2024-04-04 20:31:05,055] {processor.py:161} INFO - Processing /home/dimitri/dimitri/airflowalura/venv/lib/python3.10/site-packages/airflow/example_dags/example_trigger_target_dag.py took 0.051 seconds
[2024-04-04 20:31:37,732] {processor.py:153} INFO - Started process (PID=570701) to work on /home/dimitri/dimitri/airflowalura/venv/lib/python3.10/site-packages/airflow/example_dags/example_trigger_target_dag.py
[2024-04-04 20:31:37,735] {processor.py:641} INFO - Processing file /home/dimitri/dimitri/airflowalura/venv/lib/python3.10/site-packages/airflow/example_dags/example_trigger_target_dag.py for tasks to queue
[2024-04-04 20:31:37,735] {logging_mixin.py:115} INFO - [2024-04-04 20:31:37,735] {dagbag.py:507} INFO - Filling up the DagBag from /home/dimitri/dimitri/airflowalura/venv/lib/python3.10/site-packages/airflow/example_dags/example_trigger_target_dag.py
[2024-04-04 20:31:37,745] {processor.py:651} INFO - DAG(s) dict_keys(['example_trigger_target_dag']) retrieved from /home/dimitri/dimitri/airflowalura/venv/lib/python3.10/site-packages/airflow/example_dags/example_trigger_target_dag.py
[2024-04-04 20:31:37,754] {logging_mixin.py:115} INFO - [2024-04-04 20:31:37,754] {dag.py:2379} INFO - Sync 1 DAGs
[2024-04-04 20:31:37,763] {logging_mixin.py:115} INFO - [2024-04-04 20:31:37,763] {dag.py:2927} INFO - Setting next_dagrun for example_trigger_target_dag to None, run_after=None
[2024-04-04 20:31:37,778] {processor.py:161} INFO - Processing /home/dimitri/dimitri/airflowalura/venv/lib/python3.10/site-packages/airflow/example_dags/example_trigger_target_dag.py took 0.048 seconds
[2024-04-04 20:32:12,216] {processor.py:153} INFO - Started process (PID=570834) to work on /home/dimitri/dimitri/airflowalura/venv/lib/python3.10/site-packages/airflow/example_dags/example_trigger_target_dag.py
[2024-04-04 20:32:12,219] {processor.py:641} INFO - Processing file /home/dimitri/dimitri/airflowalura/venv/lib/python3.10/site-packages/airflow/example_dags/example_trigger_target_dag.py for tasks to queue
[2024-04-04 20:32:12,219] {logging_mixin.py:115} INFO - [2024-04-04 20:32:12,219] {dagbag.py:507} INFO - Filling up the DagBag from /home/dimitri/dimitri/airflowalura/venv/lib/python3.10/site-packages/airflow/example_dags/example_trigger_target_dag.py
[2024-04-04 20:32:12,233] {processor.py:651} INFO - DAG(s) dict_keys(['example_trigger_target_dag']) retrieved from /home/dimitri/dimitri/airflowalura/venv/lib/python3.10/site-packages/airflow/example_dags/example_trigger_target_dag.py
[2024-04-04 20:32:12,244] {logging_mixin.py:115} INFO - [2024-04-04 20:32:12,244] {dag.py:2379} INFO - Sync 1 DAGs
[2024-04-04 20:32:12,256] {logging_mixin.py:115} INFO - [2024-04-04 20:32:12,256] {dag.py:2927} INFO - Setting next_dagrun for example_trigger_target_dag to None, run_after=None
[2024-04-04 20:32:12,272] {processor.py:161} INFO - Processing /home/dimitri/dimitri/airflowalura/venv/lib/python3.10/site-packages/airflow/example_dags/example_trigger_target_dag.py took 0.058 seconds
[2024-04-04 20:33:09,030] {processor.py:153} INFO - Started process (PID=571206) to work on /home/dimitri/dimitri/airflowalura/venv/lib/python3.10/site-packages/airflow/example_dags/example_trigger_target_dag.py
[2024-04-04 20:33:09,032] {processor.py:641} INFO - Processing file /home/dimitri/dimitri/airflowalura/venv/lib/python3.10/site-packages/airflow/example_dags/example_trigger_target_dag.py for tasks to queue
[2024-04-04 20:33:09,033] {logging_mixin.py:115} INFO - [2024-04-04 20:33:09,033] {dagbag.py:507} INFO - Filling up the DagBag from /home/dimitri/dimitri/airflowalura/venv/lib/python3.10/site-packages/airflow/example_dags/example_trigger_target_dag.py
[2024-04-04 20:33:09,045] {processor.py:651} INFO - DAG(s) dict_keys(['example_trigger_target_dag']) retrieved from /home/dimitri/dimitri/airflowalura/venv/lib/python3.10/site-packages/airflow/example_dags/example_trigger_target_dag.py
[2024-04-04 20:33:09,055] {logging_mixin.py:115} INFO - [2024-04-04 20:33:09,055] {dag.py:2379} INFO - Sync 1 DAGs
[2024-04-04 20:33:09,065] {logging_mixin.py:115} INFO - [2024-04-04 20:33:09,065] {dag.py:2927} INFO - Setting next_dagrun for example_trigger_target_dag to None, run_after=None
[2024-04-04 20:33:09,082] {processor.py:161} INFO - Processing /home/dimitri/dimitri/airflowalura/venv/lib/python3.10/site-packages/airflow/example_dags/example_trigger_target_dag.py took 0.054 seconds
[2024-04-04 20:33:42,245] {processor.py:153} INFO - Started process (PID=571342) to work on /home/dimitri/dimitri/airflowalura/venv/lib/python3.10/site-packages/airflow/example_dags/example_trigger_target_dag.py
[2024-04-04 20:33:42,246] {processor.py:641} INFO - Processing file /home/dimitri/dimitri/airflowalura/venv/lib/python3.10/site-packages/airflow/example_dags/example_trigger_target_dag.py for tasks to queue
[2024-04-04 20:33:42,247] {logging_mixin.py:115} INFO - [2024-04-04 20:33:42,247] {dagbag.py:507} INFO - Filling up the DagBag from /home/dimitri/dimitri/airflowalura/venv/lib/python3.10/site-packages/airflow/example_dags/example_trigger_target_dag.py
[2024-04-04 20:33:42,264] {processor.py:651} INFO - DAG(s) dict_keys(['example_trigger_target_dag']) retrieved from /home/dimitri/dimitri/airflowalura/venv/lib/python3.10/site-packages/airflow/example_dags/example_trigger_target_dag.py
[2024-04-04 20:33:42,276] {logging_mixin.py:115} INFO - [2024-04-04 20:33:42,275] {dag.py:2379} INFO - Sync 1 DAGs
[2024-04-04 20:33:42,287] {logging_mixin.py:115} INFO - [2024-04-04 20:33:42,287] {dag.py:2927} INFO - Setting next_dagrun for example_trigger_target_dag to None, run_after=None
[2024-04-04 20:33:42,308] {processor.py:161} INFO - Processing /home/dimitri/dimitri/airflowalura/venv/lib/python3.10/site-packages/airflow/example_dags/example_trigger_target_dag.py took 0.065 seconds
[2024-04-04 20:34:17,141] {processor.py:153} INFO - Started process (PID=571480) to work on /home/dimitri/dimitri/airflowalura/venv/lib/python3.10/site-packages/airflow/example_dags/example_trigger_target_dag.py
[2024-04-04 20:34:17,144] {processor.py:641} INFO - Processing file /home/dimitri/dimitri/airflowalura/venv/lib/python3.10/site-packages/airflow/example_dags/example_trigger_target_dag.py for tasks to queue
[2024-04-04 20:34:17,145] {logging_mixin.py:115} INFO - [2024-04-04 20:34:17,144] {dagbag.py:507} INFO - Filling up the DagBag from /home/dimitri/dimitri/airflowalura/venv/lib/python3.10/site-packages/airflow/example_dags/example_trigger_target_dag.py
[2024-04-04 20:34:17,157] {processor.py:651} INFO - DAG(s) dict_keys(['example_trigger_target_dag']) retrieved from /home/dimitri/dimitri/airflowalura/venv/lib/python3.10/site-packages/airflow/example_dags/example_trigger_target_dag.py
[2024-04-04 20:34:17,166] {logging_mixin.py:115} INFO - [2024-04-04 20:34:17,166] {dag.py:2379} INFO - Sync 1 DAGs
[2024-04-04 20:34:17,178] {logging_mixin.py:115} INFO - [2024-04-04 20:34:17,178] {dag.py:2927} INFO - Setting next_dagrun for example_trigger_target_dag to None, run_after=None
[2024-04-04 20:34:17,193] {processor.py:161} INFO - Processing /home/dimitri/dimitri/airflowalura/venv/lib/python3.10/site-packages/airflow/example_dags/example_trigger_target_dag.py took 0.055 seconds
[2024-04-04 20:34:50,346] {processor.py:153} INFO - Started process (PID=571612) to work on /home/dimitri/dimitri/airflowalura/venv/lib/python3.10/site-packages/airflow/example_dags/example_trigger_target_dag.py
[2024-04-04 20:34:50,347] {processor.py:641} INFO - Processing file /home/dimitri/dimitri/airflowalura/venv/lib/python3.10/site-packages/airflow/example_dags/example_trigger_target_dag.py for tasks to queue
[2024-04-04 20:34:50,348] {logging_mixin.py:115} INFO - [2024-04-04 20:34:50,348] {dagbag.py:507} INFO - Filling up the DagBag from /home/dimitri/dimitri/airflowalura/venv/lib/python3.10/site-packages/airflow/example_dags/example_trigger_target_dag.py
[2024-04-04 20:34:50,358] {processor.py:651} INFO - DAG(s) dict_keys(['example_trigger_target_dag']) retrieved from /home/dimitri/dimitri/airflowalura/venv/lib/python3.10/site-packages/airflow/example_dags/example_trigger_target_dag.py
[2024-04-04 20:34:50,367] {logging_mixin.py:115} INFO - [2024-04-04 20:34:50,367] {dag.py:2379} INFO - Sync 1 DAGs
[2024-04-04 20:34:50,376] {logging_mixin.py:115} INFO - [2024-04-04 20:34:50,376] {dag.py:2927} INFO - Setting next_dagrun for example_trigger_target_dag to None, run_after=None
[2024-04-04 20:34:50,393] {processor.py:161} INFO - Processing /home/dimitri/dimitri/airflowalura/venv/lib/python3.10/site-packages/airflow/example_dags/example_trigger_target_dag.py took 0.048 seconds
[2024-04-04 20:35:24,582] {processor.py:153} INFO - Started process (PID=571745) to work on /home/dimitri/dimitri/airflowalura/venv/lib/python3.10/site-packages/airflow/example_dags/example_trigger_target_dag.py
[2024-04-04 20:35:24,586] {processor.py:641} INFO - Processing file /home/dimitri/dimitri/airflowalura/venv/lib/python3.10/site-packages/airflow/example_dags/example_trigger_target_dag.py for tasks to queue
[2024-04-04 20:35:24,586] {logging_mixin.py:115} INFO - [2024-04-04 20:35:24,586] {dagbag.py:507} INFO - Filling up the DagBag from /home/dimitri/dimitri/airflowalura/venv/lib/python3.10/site-packages/airflow/example_dags/example_trigger_target_dag.py
[2024-04-04 20:35:24,597] {processor.py:651} INFO - DAG(s) dict_keys(['example_trigger_target_dag']) retrieved from /home/dimitri/dimitri/airflowalura/venv/lib/python3.10/site-packages/airflow/example_dags/example_trigger_target_dag.py
[2024-04-04 20:35:24,605] {logging_mixin.py:115} INFO - [2024-04-04 20:35:24,605] {dag.py:2379} INFO - Sync 1 DAGs
[2024-04-04 20:35:24,615] {logging_mixin.py:115} INFO - [2024-04-04 20:35:24,615] {dag.py:2927} INFO - Setting next_dagrun for example_trigger_target_dag to None, run_after=None
[2024-04-04 20:35:24,632] {processor.py:161} INFO - Processing /home/dimitri/dimitri/airflowalura/venv/lib/python3.10/site-packages/airflow/example_dags/example_trigger_target_dag.py took 0.053 seconds
[2024-04-04 20:35:57,338] {processor.py:153} INFO - Started process (PID=571875) to work on /home/dimitri/dimitri/airflowalura/venv/lib/python3.10/site-packages/airflow/example_dags/example_trigger_target_dag.py
[2024-04-04 20:35:57,338] {processor.py:641} INFO - Processing file /home/dimitri/dimitri/airflowalura/venv/lib/python3.10/site-packages/airflow/example_dags/example_trigger_target_dag.py for tasks to queue
[2024-04-04 20:35:57,339] {logging_mixin.py:115} INFO - [2024-04-04 20:35:57,339] {dagbag.py:507} INFO - Filling up the DagBag from /home/dimitri/dimitri/airflowalura/venv/lib/python3.10/site-packages/airflow/example_dags/example_trigger_target_dag.py
[2024-04-04 20:35:57,351] {processor.py:651} INFO - DAG(s) dict_keys(['example_trigger_target_dag']) retrieved from /home/dimitri/dimitri/airflowalura/venv/lib/python3.10/site-packages/airflow/example_dags/example_trigger_target_dag.py
[2024-04-04 20:35:57,359] {logging_mixin.py:115} INFO - [2024-04-04 20:35:57,359] {dag.py:2379} INFO - Sync 1 DAGs
[2024-04-04 20:35:57,369] {logging_mixin.py:115} INFO - [2024-04-04 20:35:57,369] {dag.py:2927} INFO - Setting next_dagrun for example_trigger_target_dag to None, run_after=None
[2024-04-04 20:35:57,385] {processor.py:161} INFO - Processing /home/dimitri/dimitri/airflowalura/venv/lib/python3.10/site-packages/airflow/example_dags/example_trigger_target_dag.py took 0.049 seconds
[2024-04-04 20:36:39,141] {processor.py:153} INFO - Started process (PID=572050) to work on /home/dimitri/dimitri/airflowalura/venv/lib/python3.10/site-packages/airflow/example_dags/example_trigger_target_dag.py
[2024-04-04 20:36:39,144] {processor.py:641} INFO - Processing file /home/dimitri/dimitri/airflowalura/venv/lib/python3.10/site-packages/airflow/example_dags/example_trigger_target_dag.py for tasks to queue
[2024-04-04 20:36:39,145] {logging_mixin.py:115} INFO - [2024-04-04 20:36:39,145] {dagbag.py:507} INFO - Filling up the DagBag from /home/dimitri/dimitri/airflowalura/venv/lib/python3.10/site-packages/airflow/example_dags/example_trigger_target_dag.py
[2024-04-04 20:36:39,156] {processor.py:651} INFO - DAG(s) dict_keys(['example_trigger_target_dag']) retrieved from /home/dimitri/dimitri/airflowalura/venv/lib/python3.10/site-packages/airflow/example_dags/example_trigger_target_dag.py
[2024-04-04 20:36:39,164] {logging_mixin.py:115} INFO - [2024-04-04 20:36:39,164] {dag.py:2379} INFO - Sync 1 DAGs
[2024-04-04 20:36:39,173] {logging_mixin.py:115} INFO - [2024-04-04 20:36:39,173] {dag.py:2927} INFO - Setting next_dagrun for example_trigger_target_dag to None, run_after=None
[2024-04-04 20:36:39,189] {processor.py:161} INFO - Processing /home/dimitri/dimitri/airflowalura/venv/lib/python3.10/site-packages/airflow/example_dags/example_trigger_target_dag.py took 0.049 seconds
[2024-04-04 20:37:11,880] {processor.py:153} INFO - Started process (PID=572184) to work on /home/dimitri/dimitri/airflowalura/venv/lib/python3.10/site-packages/airflow/example_dags/example_trigger_target_dag.py
[2024-04-04 20:37:11,881] {processor.py:641} INFO - Processing file /home/dimitri/dimitri/airflowalura/venv/lib/python3.10/site-packages/airflow/example_dags/example_trigger_target_dag.py for tasks to queue
[2024-04-04 20:37:11,881] {logging_mixin.py:115} INFO - [2024-04-04 20:37:11,881] {dagbag.py:507} INFO - Filling up the DagBag from /home/dimitri/dimitri/airflowalura/venv/lib/python3.10/site-packages/airflow/example_dags/example_trigger_target_dag.py
[2024-04-04 20:37:11,893] {processor.py:651} INFO - DAG(s) dict_keys(['example_trigger_target_dag']) retrieved from /home/dimitri/dimitri/airflowalura/venv/lib/python3.10/site-packages/airflow/example_dags/example_trigger_target_dag.py
[2024-04-04 20:37:11,901] {logging_mixin.py:115} INFO - [2024-04-04 20:37:11,901] {dag.py:2379} INFO - Sync 1 DAGs
[2024-04-04 20:37:11,909] {logging_mixin.py:115} INFO - [2024-04-04 20:37:11,909] {dag.py:2927} INFO - Setting next_dagrun for example_trigger_target_dag to None, run_after=None
[2024-04-04 20:37:11,925] {processor.py:161} INFO - Processing /home/dimitri/dimitri/airflowalura/venv/lib/python3.10/site-packages/airflow/example_dags/example_trigger_target_dag.py took 0.048 seconds
[2024-04-04 20:37:46,131] {processor.py:153} INFO - Started process (PID=572315) to work on /home/dimitri/dimitri/airflowalura/venv/lib/python3.10/site-packages/airflow/example_dags/example_trigger_target_dag.py
[2024-04-04 20:37:46,134] {processor.py:641} INFO - Processing file /home/dimitri/dimitri/airflowalura/venv/lib/python3.10/site-packages/airflow/example_dags/example_trigger_target_dag.py for tasks to queue
[2024-04-04 20:37:46,134] {logging_mixin.py:115} INFO - [2024-04-04 20:37:46,134] {dagbag.py:507} INFO - Filling up the DagBag from /home/dimitri/dimitri/airflowalura/venv/lib/python3.10/site-packages/airflow/example_dags/example_trigger_target_dag.py
[2024-04-04 20:37:46,145] {processor.py:651} INFO - DAG(s) dict_keys(['example_trigger_target_dag']) retrieved from /home/dimitri/dimitri/airflowalura/venv/lib/python3.10/site-packages/airflow/example_dags/example_trigger_target_dag.py
[2024-04-04 20:37:46,154] {logging_mixin.py:115} INFO - [2024-04-04 20:37:46,154] {dag.py:2379} INFO - Sync 1 DAGs
[2024-04-04 20:37:46,164] {logging_mixin.py:115} INFO - [2024-04-04 20:37:46,164] {dag.py:2927} INFO - Setting next_dagrun for example_trigger_target_dag to None, run_after=None
[2024-04-04 20:37:46,177] {processor.py:161} INFO - Processing /home/dimitri/dimitri/airflowalura/venv/lib/python3.10/site-packages/airflow/example_dags/example_trigger_target_dag.py took 0.048 seconds
[2024-04-04 20:38:19,837] {processor.py:153} INFO - Started process (PID=572451) to work on /home/dimitri/dimitri/airflowalura/venv/lib/python3.10/site-packages/airflow/example_dags/example_trigger_target_dag.py
[2024-04-04 20:38:19,837] {processor.py:641} INFO - Processing file /home/dimitri/dimitri/airflowalura/venv/lib/python3.10/site-packages/airflow/example_dags/example_trigger_target_dag.py for tasks to queue
[2024-04-04 20:38:19,838] {logging_mixin.py:115} INFO - [2024-04-04 20:38:19,838] {dagbag.py:507} INFO - Filling up the DagBag from /home/dimitri/dimitri/airflowalura/venv/lib/python3.10/site-packages/airflow/example_dags/example_trigger_target_dag.py
[2024-04-04 20:38:19,853] {processor.py:651} INFO - DAG(s) dict_keys(['example_trigger_target_dag']) retrieved from /home/dimitri/dimitri/airflowalura/venv/lib/python3.10/site-packages/airflow/example_dags/example_trigger_target_dag.py
[2024-04-04 20:38:19,862] {logging_mixin.py:115} INFO - [2024-04-04 20:38:19,862] {dag.py:2379} INFO - Sync 1 DAGs
[2024-04-04 20:38:19,871] {logging_mixin.py:115} INFO - [2024-04-04 20:38:19,871] {dag.py:2927} INFO - Setting next_dagrun for example_trigger_target_dag to None, run_after=None
[2024-04-04 20:38:19,886] {processor.py:161} INFO - Processing /home/dimitri/dimitri/airflowalura/venv/lib/python3.10/site-packages/airflow/example_dags/example_trigger_target_dag.py took 0.051 seconds
[2024-04-04 20:38:55,709] {processor.py:153} INFO - Started process (PID=572594) to work on /home/dimitri/dimitri/airflowalura/venv/lib/python3.10/site-packages/airflow/example_dags/example_trigger_target_dag.py
[2024-04-04 20:38:55,712] {processor.py:641} INFO - Processing file /home/dimitri/dimitri/airflowalura/venv/lib/python3.10/site-packages/airflow/example_dags/example_trigger_target_dag.py for tasks to queue
[2024-04-04 20:38:55,712] {logging_mixin.py:115} INFO - [2024-04-04 20:38:55,712] {dagbag.py:507} INFO - Filling up the DagBag from /home/dimitri/dimitri/airflowalura/venv/lib/python3.10/site-packages/airflow/example_dags/example_trigger_target_dag.py
[2024-04-04 20:38:55,724] {processor.py:651} INFO - DAG(s) dict_keys(['example_trigger_target_dag']) retrieved from /home/dimitri/dimitri/airflowalura/venv/lib/python3.10/site-packages/airflow/example_dags/example_trigger_target_dag.py
[2024-04-04 20:38:55,732] {logging_mixin.py:115} INFO - [2024-04-04 20:38:55,732] {dag.py:2379} INFO - Sync 1 DAGs
[2024-04-04 20:38:55,741] {logging_mixin.py:115} INFO - [2024-04-04 20:38:55,741] {dag.py:2927} INFO - Setting next_dagrun for example_trigger_target_dag to None, run_after=None
[2024-04-04 20:38:55,755] {processor.py:161} INFO - Processing /home/dimitri/dimitri/airflowalura/venv/lib/python3.10/site-packages/airflow/example_dags/example_trigger_target_dag.py took 0.049 seconds
[2024-04-04 20:39:29,500] {processor.py:153} INFO - Started process (PID=572726) to work on /home/dimitri/dimitri/airflowalura/venv/lib/python3.10/site-packages/airflow/example_dags/example_trigger_target_dag.py
[2024-04-04 20:39:29,503] {processor.py:641} INFO - Processing file /home/dimitri/dimitri/airflowalura/venv/lib/python3.10/site-packages/airflow/example_dags/example_trigger_target_dag.py for tasks to queue
[2024-04-04 20:39:29,504] {logging_mixin.py:115} INFO - [2024-04-04 20:39:29,504] {dagbag.py:507} INFO - Filling up the DagBag from /home/dimitri/dimitri/airflowalura/venv/lib/python3.10/site-packages/airflow/example_dags/example_trigger_target_dag.py
[2024-04-04 20:39:29,514] {processor.py:651} INFO - DAG(s) dict_keys(['example_trigger_target_dag']) retrieved from /home/dimitri/dimitri/airflowalura/venv/lib/python3.10/site-packages/airflow/example_dags/example_trigger_target_dag.py
[2024-04-04 20:39:29,522] {logging_mixin.py:115} INFO - [2024-04-04 20:39:29,522] {dag.py:2379} INFO - Sync 1 DAGs
[2024-04-04 20:39:29,532] {logging_mixin.py:115} INFO - [2024-04-04 20:39:29,531] {dag.py:2927} INFO - Setting next_dagrun for example_trigger_target_dag to None, run_after=None
[2024-04-04 20:39:29,547] {processor.py:161} INFO - Processing /home/dimitri/dimitri/airflowalura/venv/lib/python3.10/site-packages/airflow/example_dags/example_trigger_target_dag.py took 0.049 seconds
[2024-04-04 20:40:02,434] {processor.py:153} INFO - Started process (PID=572859) to work on /home/dimitri/dimitri/airflowalura/venv/lib/python3.10/site-packages/airflow/example_dags/example_trigger_target_dag.py
[2024-04-04 20:40:02,438] {processor.py:641} INFO - Processing file /home/dimitri/dimitri/airflowalura/venv/lib/python3.10/site-packages/airflow/example_dags/example_trigger_target_dag.py for tasks to queue
[2024-04-04 20:40:02,438] {logging_mixin.py:115} INFO - [2024-04-04 20:40:02,438] {dagbag.py:507} INFO - Filling up the DagBag from /home/dimitri/dimitri/airflowalura/venv/lib/python3.10/site-packages/airflow/example_dags/example_trigger_target_dag.py
[2024-04-04 20:40:02,455] {processor.py:651} INFO - DAG(s) dict_keys(['example_trigger_target_dag']) retrieved from /home/dimitri/dimitri/airflowalura/venv/lib/python3.10/site-packages/airflow/example_dags/example_trigger_target_dag.py
[2024-04-04 20:40:02,463] {logging_mixin.py:115} INFO - [2024-04-04 20:40:02,463] {dag.py:2379} INFO - Sync 1 DAGs
[2024-04-04 20:40:02,472] {logging_mixin.py:115} INFO - [2024-04-04 20:40:02,472] {dag.py:2927} INFO - Setting next_dagrun for example_trigger_target_dag to None, run_after=None
[2024-04-04 20:40:02,488] {processor.py:161} INFO - Processing /home/dimitri/dimitri/airflowalura/venv/lib/python3.10/site-packages/airflow/example_dags/example_trigger_target_dag.py took 0.057 seconds
[2024-04-04 20:40:40,794] {processor.py:153} INFO - Started process (PID=573004) to work on /home/dimitri/dimitri/airflowalura/venv/lib/python3.10/site-packages/airflow/example_dags/example_trigger_target_dag.py
[2024-04-04 20:40:40,797] {processor.py:641} INFO - Processing file /home/dimitri/dimitri/airflowalura/venv/lib/python3.10/site-packages/airflow/example_dags/example_trigger_target_dag.py for tasks to queue
[2024-04-04 20:40:40,797] {logging_mixin.py:115} INFO - [2024-04-04 20:40:40,797] {dagbag.py:507} INFO - Filling up the DagBag from /home/dimitri/dimitri/airflowalura/venv/lib/python3.10/site-packages/airflow/example_dags/example_trigger_target_dag.py
[2024-04-04 20:40:40,809] {processor.py:651} INFO - DAG(s) dict_keys(['example_trigger_target_dag']) retrieved from /home/dimitri/dimitri/airflowalura/venv/lib/python3.10/site-packages/airflow/example_dags/example_trigger_target_dag.py
[2024-04-04 20:40:40,818] {logging_mixin.py:115} INFO - [2024-04-04 20:40:40,818] {dag.py:2379} INFO - Sync 1 DAGs
[2024-04-04 20:40:40,829] {logging_mixin.py:115} INFO - [2024-04-04 20:40:40,829] {dag.py:2927} INFO - Setting next_dagrun for example_trigger_target_dag to None, run_after=None
[2024-04-04 20:40:40,844] {processor.py:161} INFO - Processing /home/dimitri/dimitri/airflowalura/venv/lib/python3.10/site-packages/airflow/example_dags/example_trigger_target_dag.py took 0.052 seconds
[2024-04-04 20:41:25,511] {processor.py:153} INFO - Started process (PID=573199) to work on /home/dimitri/dimitri/airflowalura/venv/lib/python3.10/site-packages/airflow/example_dags/example_trigger_target_dag.py
[2024-04-04 20:41:25,513] {processor.py:641} INFO - Processing file /home/dimitri/dimitri/airflowalura/venv/lib/python3.10/site-packages/airflow/example_dags/example_trigger_target_dag.py for tasks to queue
[2024-04-04 20:41:25,514] {logging_mixin.py:115} INFO - [2024-04-04 20:41:25,514] {dagbag.py:507} INFO - Filling up the DagBag from /home/dimitri/dimitri/airflowalura/venv/lib/python3.10/site-packages/airflow/example_dags/example_trigger_target_dag.py
[2024-04-04 20:41:25,524] {processor.py:651} INFO - DAG(s) dict_keys(['example_trigger_target_dag']) retrieved from /home/dimitri/dimitri/airflowalura/venv/lib/python3.10/site-packages/airflow/example_dags/example_trigger_target_dag.py
[2024-04-04 20:41:25,533] {logging_mixin.py:115} INFO - [2024-04-04 20:41:25,533] {dag.py:2379} INFO - Sync 1 DAGs
[2024-04-04 20:41:25,544] {logging_mixin.py:115} INFO - [2024-04-04 20:41:25,544] {dag.py:2927} INFO - Setting next_dagrun for example_trigger_target_dag to None, run_after=None
[2024-04-04 20:41:25,559] {processor.py:161} INFO - Processing /home/dimitri/dimitri/airflowalura/venv/lib/python3.10/site-packages/airflow/example_dags/example_trigger_target_dag.py took 0.050 seconds
[2024-04-04 20:42:01,657] {processor.py:153} INFO - Started process (PID=573343) to work on /home/dimitri/dimitri/airflowalura/venv/lib/python3.10/site-packages/airflow/example_dags/example_trigger_target_dag.py
[2024-04-04 20:42:01,660] {processor.py:641} INFO - Processing file /home/dimitri/dimitri/airflowalura/venv/lib/python3.10/site-packages/airflow/example_dags/example_trigger_target_dag.py for tasks to queue
[2024-04-04 20:42:01,660] {logging_mixin.py:115} INFO - [2024-04-04 20:42:01,660] {dagbag.py:507} INFO - Filling up the DagBag from /home/dimitri/dimitri/airflowalura/venv/lib/python3.10/site-packages/airflow/example_dags/example_trigger_target_dag.py
[2024-04-04 20:42:01,672] {processor.py:651} INFO - DAG(s) dict_keys(['example_trigger_target_dag']) retrieved from /home/dimitri/dimitri/airflowalura/venv/lib/python3.10/site-packages/airflow/example_dags/example_trigger_target_dag.py
[2024-04-04 20:42:01,681] {logging_mixin.py:115} INFO - [2024-04-04 20:42:01,681] {dag.py:2379} INFO - Sync 1 DAGs
[2024-04-04 20:42:01,693] {logging_mixin.py:115} INFO - [2024-04-04 20:42:01,693] {dag.py:2927} INFO - Setting next_dagrun for example_trigger_target_dag to None, run_after=None
[2024-04-04 20:42:01,723] {processor.py:161} INFO - Processing /home/dimitri/dimitri/airflowalura/venv/lib/python3.10/site-packages/airflow/example_dags/example_trigger_target_dag.py took 0.068 seconds
[2024-04-04 20:42:37,258] {processor.py:153} INFO - Started process (PID=573481) to work on /home/dimitri/dimitri/airflowalura/venv/lib/python3.10/site-packages/airflow/example_dags/example_trigger_target_dag.py
[2024-04-04 20:42:37,261] {processor.py:641} INFO - Processing file /home/dimitri/dimitri/airflowalura/venv/lib/python3.10/site-packages/airflow/example_dags/example_trigger_target_dag.py for tasks to queue
[2024-04-04 20:42:37,261] {logging_mixin.py:115} INFO - [2024-04-04 20:42:37,261] {dagbag.py:507} INFO - Filling up the DagBag from /home/dimitri/dimitri/airflowalura/venv/lib/python3.10/site-packages/airflow/example_dags/example_trigger_target_dag.py
[2024-04-04 20:42:37,274] {processor.py:651} INFO - DAG(s) dict_keys(['example_trigger_target_dag']) retrieved from /home/dimitri/dimitri/airflowalura/venv/lib/python3.10/site-packages/airflow/example_dags/example_trigger_target_dag.py
[2024-04-04 20:42:37,282] {logging_mixin.py:115} INFO - [2024-04-04 20:42:37,282] {dag.py:2379} INFO - Sync 1 DAGs
[2024-04-04 20:42:37,293] {logging_mixin.py:115} INFO - [2024-04-04 20:42:37,293] {dag.py:2927} INFO - Setting next_dagrun for example_trigger_target_dag to None, run_after=None
[2024-04-04 20:42:37,313] {processor.py:161} INFO - Processing /home/dimitri/dimitri/airflowalura/venv/lib/python3.10/site-packages/airflow/example_dags/example_trigger_target_dag.py took 0.057 seconds
[2024-04-04 20:43:12,886] {processor.py:153} INFO - Started process (PID=573621) to work on /home/dimitri/dimitri/airflowalura/venv/lib/python3.10/site-packages/airflow/example_dags/example_trigger_target_dag.py
[2024-04-04 20:43:12,888] {processor.py:641} INFO - Processing file /home/dimitri/dimitri/airflowalura/venv/lib/python3.10/site-packages/airflow/example_dags/example_trigger_target_dag.py for tasks to queue
[2024-04-04 20:43:12,888] {logging_mixin.py:115} INFO - [2024-04-04 20:43:12,888] {dagbag.py:507} INFO - Filling up the DagBag from /home/dimitri/dimitri/airflowalura/venv/lib/python3.10/site-packages/airflow/example_dags/example_trigger_target_dag.py
[2024-04-04 20:43:12,903] {processor.py:651} INFO - DAG(s) dict_keys(['example_trigger_target_dag']) retrieved from /home/dimitri/dimitri/airflowalura/venv/lib/python3.10/site-packages/airflow/example_dags/example_trigger_target_dag.py
[2024-04-04 20:43:12,915] {logging_mixin.py:115} INFO - [2024-04-04 20:43:12,915] {dag.py:2379} INFO - Sync 1 DAGs
[2024-04-04 20:43:12,929] {logging_mixin.py:115} INFO - [2024-04-04 20:43:12,929] {dag.py:2927} INFO - Setting next_dagrun for example_trigger_target_dag to None, run_after=None
[2024-04-04 20:43:12,944] {processor.py:161} INFO - Processing /home/dimitri/dimitri/airflowalura/venv/lib/python3.10/site-packages/airflow/example_dags/example_trigger_target_dag.py took 0.060 seconds
[2024-04-04 20:43:47,842] {processor.py:153} INFO - Started process (PID=573760) to work on /home/dimitri/dimitri/airflowalura/venv/lib/python3.10/site-packages/airflow/example_dags/example_trigger_target_dag.py
[2024-04-04 20:43:47,844] {processor.py:641} INFO - Processing file /home/dimitri/dimitri/airflowalura/venv/lib/python3.10/site-packages/airflow/example_dags/example_trigger_target_dag.py for tasks to queue
[2024-04-04 20:43:47,845] {logging_mixin.py:115} INFO - [2024-04-04 20:43:47,845] {dagbag.py:507} INFO - Filling up the DagBag from /home/dimitri/dimitri/airflowalura/venv/lib/python3.10/site-packages/airflow/example_dags/example_trigger_target_dag.py
[2024-04-04 20:43:47,858] {processor.py:651} INFO - DAG(s) dict_keys(['example_trigger_target_dag']) retrieved from /home/dimitri/dimitri/airflowalura/venv/lib/python3.10/site-packages/airflow/example_dags/example_trigger_target_dag.py
[2024-04-04 20:43:47,868] {logging_mixin.py:115} INFO - [2024-04-04 20:43:47,868] {dag.py:2379} INFO - Sync 1 DAGs
[2024-04-04 20:43:47,878] {logging_mixin.py:115} INFO - [2024-04-04 20:43:47,878] {dag.py:2927} INFO - Setting next_dagrun for example_trigger_target_dag to None, run_after=None
[2024-04-04 20:43:47,895] {processor.py:161} INFO - Processing /home/dimitri/dimitri/airflowalura/venv/lib/python3.10/site-packages/airflow/example_dags/example_trigger_target_dag.py took 0.056 seconds
[2024-04-04 20:44:22,685] {processor.py:153} INFO - Started process (PID=573897) to work on /home/dimitri/dimitri/airflowalura/venv/lib/python3.10/site-packages/airflow/example_dags/example_trigger_target_dag.py
[2024-04-04 20:44:22,688] {processor.py:641} INFO - Processing file /home/dimitri/dimitri/airflowalura/venv/lib/python3.10/site-packages/airflow/example_dags/example_trigger_target_dag.py for tasks to queue
[2024-04-04 20:44:22,688] {logging_mixin.py:115} INFO - [2024-04-04 20:44:22,688] {dagbag.py:507} INFO - Filling up the DagBag from /home/dimitri/dimitri/airflowalura/venv/lib/python3.10/site-packages/airflow/example_dags/example_trigger_target_dag.py
[2024-04-04 20:44:22,706] {processor.py:651} INFO - DAG(s) dict_keys(['example_trigger_target_dag']) retrieved from /home/dimitri/dimitri/airflowalura/venv/lib/python3.10/site-packages/airflow/example_dags/example_trigger_target_dag.py
[2024-04-04 20:44:22,718] {logging_mixin.py:115} INFO - [2024-04-04 20:44:22,718] {dag.py:2379} INFO - Sync 1 DAGs
[2024-04-04 20:44:22,728] {logging_mixin.py:115} INFO - [2024-04-04 20:44:22,728] {dag.py:2927} INFO - Setting next_dagrun for example_trigger_target_dag to None, run_after=None
[2024-04-04 20:44:22,745] {processor.py:161} INFO - Processing /home/dimitri/dimitri/airflowalura/venv/lib/python3.10/site-packages/airflow/example_dags/example_trigger_target_dag.py took 0.062 seconds
[2024-04-04 20:44:58,585] {processor.py:153} INFO - Started process (PID=574035) to work on /home/dimitri/dimitri/airflowalura/venv/lib/python3.10/site-packages/airflow/example_dags/example_trigger_target_dag.py
[2024-04-04 20:44:58,586] {processor.py:641} INFO - Processing file /home/dimitri/dimitri/airflowalura/venv/lib/python3.10/site-packages/airflow/example_dags/example_trigger_target_dag.py for tasks to queue
[2024-04-04 20:44:58,587] {logging_mixin.py:115} INFO - [2024-04-04 20:44:58,587] {dagbag.py:507} INFO - Filling up the DagBag from /home/dimitri/dimitri/airflowalura/venv/lib/python3.10/site-packages/airflow/example_dags/example_trigger_target_dag.py
[2024-04-04 20:44:58,605] {processor.py:651} INFO - DAG(s) dict_keys(['example_trigger_target_dag']) retrieved from /home/dimitri/dimitri/airflowalura/venv/lib/python3.10/site-packages/airflow/example_dags/example_trigger_target_dag.py
[2024-04-04 20:44:58,619] {logging_mixin.py:115} INFO - [2024-04-04 20:44:58,619] {dag.py:2379} INFO - Sync 1 DAGs
[2024-04-04 20:44:58,631] {logging_mixin.py:115} INFO - [2024-04-04 20:44:58,631] {dag.py:2927} INFO - Setting next_dagrun for example_trigger_target_dag to None, run_after=None
[2024-04-04 20:44:58,651] {processor.py:161} INFO - Processing /home/dimitri/dimitri/airflowalura/venv/lib/python3.10/site-packages/airflow/example_dags/example_trigger_target_dag.py took 0.068 seconds
[2024-04-04 20:45:37,074] {processor.py:153} INFO - Started process (PID=574189) to work on /home/dimitri/dimitri/airflowalura/venv/lib/python3.10/site-packages/airflow/example_dags/example_trigger_target_dag.py
[2024-04-04 20:45:37,076] {processor.py:641} INFO - Processing file /home/dimitri/dimitri/airflowalura/venv/lib/python3.10/site-packages/airflow/example_dags/example_trigger_target_dag.py for tasks to queue
[2024-04-04 20:45:37,076] {logging_mixin.py:115} INFO - [2024-04-04 20:45:37,076] {dagbag.py:507} INFO - Filling up the DagBag from /home/dimitri/dimitri/airflowalura/venv/lib/python3.10/site-packages/airflow/example_dags/example_trigger_target_dag.py
[2024-04-04 20:45:37,090] {processor.py:651} INFO - DAG(s) dict_keys(['example_trigger_target_dag']) retrieved from /home/dimitri/dimitri/airflowalura/venv/lib/python3.10/site-packages/airflow/example_dags/example_trigger_target_dag.py
[2024-04-04 20:45:37,099] {logging_mixin.py:115} INFO - [2024-04-04 20:45:37,099] {dag.py:2379} INFO - Sync 1 DAGs
[2024-04-04 20:45:37,110] {logging_mixin.py:115} INFO - [2024-04-04 20:45:37,110] {dag.py:2927} INFO - Setting next_dagrun for example_trigger_target_dag to None, run_after=None
[2024-04-04 20:45:37,127] {processor.py:161} INFO - Processing /home/dimitri/dimitri/airflowalura/venv/lib/python3.10/site-packages/airflow/example_dags/example_trigger_target_dag.py took 0.056 seconds
[2024-04-04 20:46:13,081] {processor.py:153} INFO - Started process (PID=574329) to work on /home/dimitri/dimitri/airflowalura/venv/lib/python3.10/site-packages/airflow/example_dags/example_trigger_target_dag.py
[2024-04-04 20:46:13,083] {processor.py:641} INFO - Processing file /home/dimitri/dimitri/airflowalura/venv/lib/python3.10/site-packages/airflow/example_dags/example_trigger_target_dag.py for tasks to queue
[2024-04-04 20:46:13,084] {logging_mixin.py:115} INFO - [2024-04-04 20:46:13,084] {dagbag.py:507} INFO - Filling up the DagBag from /home/dimitri/dimitri/airflowalura/venv/lib/python3.10/site-packages/airflow/example_dags/example_trigger_target_dag.py
[2024-04-04 20:46:13,098] {processor.py:651} INFO - DAG(s) dict_keys(['example_trigger_target_dag']) retrieved from /home/dimitri/dimitri/airflowalura/venv/lib/python3.10/site-packages/airflow/example_dags/example_trigger_target_dag.py
[2024-04-04 20:46:13,107] {logging_mixin.py:115} INFO - [2024-04-04 20:46:13,107] {dag.py:2379} INFO - Sync 1 DAGs
[2024-04-04 20:46:13,118] {logging_mixin.py:115} INFO - [2024-04-04 20:46:13,118] {dag.py:2927} INFO - Setting next_dagrun for example_trigger_target_dag to None, run_after=None
[2024-04-04 20:46:13,140] {processor.py:161} INFO - Processing /home/dimitri/dimitri/airflowalura/venv/lib/python3.10/site-packages/airflow/example_dags/example_trigger_target_dag.py took 0.061 seconds
[2024-04-04 20:46:48,449] {processor.py:153} INFO - Started process (PID=574475) to work on /home/dimitri/dimitri/airflowalura/venv/lib/python3.10/site-packages/airflow/example_dags/example_trigger_target_dag.py
[2024-04-04 20:46:48,451] {processor.py:641} INFO - Processing file /home/dimitri/dimitri/airflowalura/venv/lib/python3.10/site-packages/airflow/example_dags/example_trigger_target_dag.py for tasks to queue
[2024-04-04 20:46:48,452] {logging_mixin.py:115} INFO - [2024-04-04 20:46:48,452] {dagbag.py:507} INFO - Filling up the DagBag from /home/dimitri/dimitri/airflowalura/venv/lib/python3.10/site-packages/airflow/example_dags/example_trigger_target_dag.py
[2024-04-04 20:46:48,466] {processor.py:651} INFO - DAG(s) dict_keys(['example_trigger_target_dag']) retrieved from /home/dimitri/dimitri/airflowalura/venv/lib/python3.10/site-packages/airflow/example_dags/example_trigger_target_dag.py
[2024-04-04 20:46:48,474] {logging_mixin.py:115} INFO - [2024-04-04 20:46:48,474] {dag.py:2379} INFO - Sync 1 DAGs
[2024-04-04 20:46:48,489] {logging_mixin.py:115} INFO - [2024-04-04 20:46:48,489] {dag.py:2927} INFO - Setting next_dagrun for example_trigger_target_dag to None, run_after=None
[2024-04-04 20:46:48,507] {processor.py:161} INFO - Processing /home/dimitri/dimitri/airflowalura/venv/lib/python3.10/site-packages/airflow/example_dags/example_trigger_target_dag.py took 0.060 seconds
[2024-04-04 20:47:22,056] {processor.py:153} INFO - Started process (PID=574615) to work on /home/dimitri/dimitri/airflowalura/venv/lib/python3.10/site-packages/airflow/example_dags/example_trigger_target_dag.py
[2024-04-04 20:47:22,058] {processor.py:641} INFO - Processing file /home/dimitri/dimitri/airflowalura/venv/lib/python3.10/site-packages/airflow/example_dags/example_trigger_target_dag.py for tasks to queue
[2024-04-04 20:47:22,059] {logging_mixin.py:115} INFO - [2024-04-04 20:47:22,059] {dagbag.py:507} INFO - Filling up the DagBag from /home/dimitri/dimitri/airflowalura/venv/lib/python3.10/site-packages/airflow/example_dags/example_trigger_target_dag.py
[2024-04-04 20:47:22,072] {processor.py:651} INFO - DAG(s) dict_keys(['example_trigger_target_dag']) retrieved from /home/dimitri/dimitri/airflowalura/venv/lib/python3.10/site-packages/airflow/example_dags/example_trigger_target_dag.py
[2024-04-04 20:47:22,083] {logging_mixin.py:115} INFO - [2024-04-04 20:47:22,083] {dag.py:2379} INFO - Sync 1 DAGs
[2024-04-04 20:47:22,093] {logging_mixin.py:115} INFO - [2024-04-04 20:47:22,092] {dag.py:2927} INFO - Setting next_dagrun for example_trigger_target_dag to None, run_after=None
[2024-04-04 20:47:22,110] {processor.py:161} INFO - Processing /home/dimitri/dimitri/airflowalura/venv/lib/python3.10/site-packages/airflow/example_dags/example_trigger_target_dag.py took 0.056 seconds
[2024-04-04 20:47:57,912] {processor.py:153} INFO - Started process (PID=574753) to work on /home/dimitri/dimitri/airflowalura/venv/lib/python3.10/site-packages/airflow/example_dags/example_trigger_target_dag.py
[2024-04-04 20:47:57,914] {processor.py:641} INFO - Processing file /home/dimitri/dimitri/airflowalura/venv/lib/python3.10/site-packages/airflow/example_dags/example_trigger_target_dag.py for tasks to queue
[2024-04-04 20:47:57,915] {logging_mixin.py:115} INFO - [2024-04-04 20:47:57,915] {dagbag.py:507} INFO - Filling up the DagBag from /home/dimitri/dimitri/airflowalura/venv/lib/python3.10/site-packages/airflow/example_dags/example_trigger_target_dag.py
[2024-04-04 20:47:57,929] {processor.py:651} INFO - DAG(s) dict_keys(['example_trigger_target_dag']) retrieved from /home/dimitri/dimitri/airflowalura/venv/lib/python3.10/site-packages/airflow/example_dags/example_trigger_target_dag.py
[2024-04-04 20:47:57,939] {logging_mixin.py:115} INFO - [2024-04-04 20:47:57,939] {dag.py:2379} INFO - Sync 1 DAGs
[2024-04-04 20:47:57,950] {logging_mixin.py:115} INFO - [2024-04-04 20:47:57,950] {dag.py:2927} INFO - Setting next_dagrun for example_trigger_target_dag to None, run_after=None
[2024-04-04 20:47:57,966] {processor.py:161} INFO - Processing /home/dimitri/dimitri/airflowalura/venv/lib/python3.10/site-packages/airflow/example_dags/example_trigger_target_dag.py took 0.056 seconds
[2024-04-04 20:48:33,244] {processor.py:153} INFO - Started process (PID=574896) to work on /home/dimitri/dimitri/airflowalura/venv/lib/python3.10/site-packages/airflow/example_dags/example_trigger_target_dag.py
[2024-04-04 20:48:33,247] {processor.py:641} INFO - Processing file /home/dimitri/dimitri/airflowalura/venv/lib/python3.10/site-packages/airflow/example_dags/example_trigger_target_dag.py for tasks to queue
[2024-04-04 20:48:33,247] {logging_mixin.py:115} INFO - [2024-04-04 20:48:33,247] {dagbag.py:507} INFO - Filling up the DagBag from /home/dimitri/dimitri/airflowalura/venv/lib/python3.10/site-packages/airflow/example_dags/example_trigger_target_dag.py
[2024-04-04 20:48:33,263] {processor.py:651} INFO - DAG(s) dict_keys(['example_trigger_target_dag']) retrieved from /home/dimitri/dimitri/airflowalura/venv/lib/python3.10/site-packages/airflow/example_dags/example_trigger_target_dag.py
[2024-04-04 20:48:33,272] {logging_mixin.py:115} INFO - [2024-04-04 20:48:33,271] {dag.py:2379} INFO - Sync 1 DAGs
[2024-04-04 20:48:33,284] {logging_mixin.py:115} INFO - [2024-04-04 20:48:33,284] {dag.py:2927} INFO - Setting next_dagrun for example_trigger_target_dag to None, run_after=None
[2024-04-04 20:48:33,300] {processor.py:161} INFO - Processing /home/dimitri/dimitri/airflowalura/venv/lib/python3.10/site-packages/airflow/example_dags/example_trigger_target_dag.py took 0.057 seconds
[2024-04-04 20:49:08,913] {processor.py:153} INFO - Started process (PID=575036) to work on /home/dimitri/dimitri/airflowalura/venv/lib/python3.10/site-packages/airflow/example_dags/example_trigger_target_dag.py
[2024-04-04 20:49:08,915] {processor.py:641} INFO - Processing file /home/dimitri/dimitri/airflowalura/venv/lib/python3.10/site-packages/airflow/example_dags/example_trigger_target_dag.py for tasks to queue
[2024-04-04 20:49:08,916] {logging_mixin.py:115} INFO - [2024-04-04 20:49:08,916] {dagbag.py:507} INFO - Filling up the DagBag from /home/dimitri/dimitri/airflowalura/venv/lib/python3.10/site-packages/airflow/example_dags/example_trigger_target_dag.py
[2024-04-04 20:49:08,929] {processor.py:651} INFO - DAG(s) dict_keys(['example_trigger_target_dag']) retrieved from /home/dimitri/dimitri/airflowalura/venv/lib/python3.10/site-packages/airflow/example_dags/example_trigger_target_dag.py
[2024-04-04 20:49:08,940] {logging_mixin.py:115} INFO - [2024-04-04 20:49:08,940] {dag.py:2379} INFO - Sync 1 DAGs
[2024-04-04 20:49:08,951] {logging_mixin.py:115} INFO - [2024-04-04 20:49:08,951] {dag.py:2927} INFO - Setting next_dagrun for example_trigger_target_dag to None, run_after=None
[2024-04-04 20:49:08,967] {processor.py:161} INFO - Processing /home/dimitri/dimitri/airflowalura/venv/lib/python3.10/site-packages/airflow/example_dags/example_trigger_target_dag.py took 0.056 seconds
[2024-04-04 20:49:43,397] {processor.py:153} INFO - Started process (PID=575174) to work on /home/dimitri/dimitri/airflowalura/venv/lib/python3.10/site-packages/airflow/example_dags/example_trigger_target_dag.py
[2024-04-04 20:49:43,399] {processor.py:641} INFO - Processing file /home/dimitri/dimitri/airflowalura/venv/lib/python3.10/site-packages/airflow/example_dags/example_trigger_target_dag.py for tasks to queue
[2024-04-04 20:49:43,399] {logging_mixin.py:115} INFO - [2024-04-04 20:49:43,399] {dagbag.py:507} INFO - Filling up the DagBag from /home/dimitri/dimitri/airflowalura/venv/lib/python3.10/site-packages/airflow/example_dags/example_trigger_target_dag.py
[2024-04-04 20:49:43,411] {processor.py:651} INFO - DAG(s) dict_keys(['example_trigger_target_dag']) retrieved from /home/dimitri/dimitri/airflowalura/venv/lib/python3.10/site-packages/airflow/example_dags/example_trigger_target_dag.py
[2024-04-04 20:49:43,420] {logging_mixin.py:115} INFO - [2024-04-04 20:49:43,420] {dag.py:2379} INFO - Sync 1 DAGs
[2024-04-04 20:49:43,430] {logging_mixin.py:115} INFO - [2024-04-04 20:49:43,430] {dag.py:2927} INFO - Setting next_dagrun for example_trigger_target_dag to None, run_after=None
[2024-04-04 20:49:43,446] {processor.py:161} INFO - Processing /home/dimitri/dimitri/airflowalura/venv/lib/python3.10/site-packages/airflow/example_dags/example_trigger_target_dag.py took 0.051 seconds
[2024-04-04 20:50:19,104] {processor.py:153} INFO - Started process (PID=575316) to work on /home/dimitri/dimitri/airflowalura/venv/lib/python3.10/site-packages/airflow/example_dags/example_trigger_target_dag.py
[2024-04-04 20:50:19,105] {processor.py:641} INFO - Processing file /home/dimitri/dimitri/airflowalura/venv/lib/python3.10/site-packages/airflow/example_dags/example_trigger_target_dag.py for tasks to queue
[2024-04-04 20:50:19,105] {logging_mixin.py:115} INFO - [2024-04-04 20:50:19,105] {dagbag.py:507} INFO - Filling up the DagBag from /home/dimitri/dimitri/airflowalura/venv/lib/python3.10/site-packages/airflow/example_dags/example_trigger_target_dag.py
[2024-04-04 20:50:19,118] {processor.py:651} INFO - DAG(s) dict_keys(['example_trigger_target_dag']) retrieved from /home/dimitri/dimitri/airflowalura/venv/lib/python3.10/site-packages/airflow/example_dags/example_trigger_target_dag.py
[2024-04-04 20:50:19,127] {logging_mixin.py:115} INFO - [2024-04-04 20:50:19,127] {dag.py:2379} INFO - Sync 1 DAGs
[2024-04-04 20:50:19,140] {logging_mixin.py:115} INFO - [2024-04-04 20:50:19,140] {dag.py:2927} INFO - Setting next_dagrun for example_trigger_target_dag to None, run_after=None
[2024-04-04 20:50:19,154] {processor.py:161} INFO - Processing /home/dimitri/dimitri/airflowalura/venv/lib/python3.10/site-packages/airflow/example_dags/example_trigger_target_dag.py took 0.052 seconds
[2024-04-04 20:50:55,357] {processor.py:153} INFO - Started process (PID=575455) to work on /home/dimitri/dimitri/airflowalura/venv/lib/python3.10/site-packages/airflow/example_dags/example_trigger_target_dag.py
[2024-04-04 20:50:55,359] {processor.py:641} INFO - Processing file /home/dimitri/dimitri/airflowalura/venv/lib/python3.10/site-packages/airflow/example_dags/example_trigger_target_dag.py for tasks to queue
[2024-04-04 20:50:55,360] {logging_mixin.py:115} INFO - [2024-04-04 20:50:55,360] {dagbag.py:507} INFO - Filling up the DagBag from /home/dimitri/dimitri/airflowalura/venv/lib/python3.10/site-packages/airflow/example_dags/example_trigger_target_dag.py
[2024-04-04 20:50:55,371] {processor.py:651} INFO - DAG(s) dict_keys(['example_trigger_target_dag']) retrieved from /home/dimitri/dimitri/airflowalura/venv/lib/python3.10/site-packages/airflow/example_dags/example_trigger_target_dag.py
[2024-04-04 20:50:55,383] {logging_mixin.py:115} INFO - [2024-04-04 20:50:55,383] {dag.py:2379} INFO - Sync 1 DAGs
[2024-04-04 20:50:55,399] {logging_mixin.py:115} INFO - [2024-04-04 20:50:55,399] {dag.py:2927} INFO - Setting next_dagrun for example_trigger_target_dag to None, run_after=None
[2024-04-04 20:50:55,419] {processor.py:161} INFO - Processing /home/dimitri/dimitri/airflowalura/venv/lib/python3.10/site-packages/airflow/example_dags/example_trigger_target_dag.py took 0.065 seconds
[2024-04-04 20:51:31,238] {processor.py:153} INFO - Started process (PID=575597) to work on /home/dimitri/dimitri/airflowalura/venv/lib/python3.10/site-packages/airflow/example_dags/example_trigger_target_dag.py
[2024-04-04 20:51:31,239] {processor.py:641} INFO - Processing file /home/dimitri/dimitri/airflowalura/venv/lib/python3.10/site-packages/airflow/example_dags/example_trigger_target_dag.py for tasks to queue
[2024-04-04 20:51:31,240] {logging_mixin.py:115} INFO - [2024-04-04 20:51:31,240] {dagbag.py:507} INFO - Filling up the DagBag from /home/dimitri/dimitri/airflowalura/venv/lib/python3.10/site-packages/airflow/example_dags/example_trigger_target_dag.py
[2024-04-04 20:51:31,262] {processor.py:651} INFO - DAG(s) dict_keys(['example_trigger_target_dag']) retrieved from /home/dimitri/dimitri/airflowalura/venv/lib/python3.10/site-packages/airflow/example_dags/example_trigger_target_dag.py
[2024-04-04 20:51:31,275] {logging_mixin.py:115} INFO - [2024-04-04 20:51:31,275] {dag.py:2379} INFO - Sync 1 DAGs
[2024-04-04 20:51:31,290] {logging_mixin.py:115} INFO - [2024-04-04 20:51:31,290] {dag.py:2927} INFO - Setting next_dagrun for example_trigger_target_dag to None, run_after=None
[2024-04-04 20:51:31,310] {processor.py:161} INFO - Processing /home/dimitri/dimitri/airflowalura/venv/lib/python3.10/site-packages/airflow/example_dags/example_trigger_target_dag.py took 0.073 seconds
[2024-04-04 20:52:07,575] {processor.py:153} INFO - Started process (PID=575737) to work on /home/dimitri/dimitri/airflowalura/venv/lib/python3.10/site-packages/airflow/example_dags/example_trigger_target_dag.py
[2024-04-04 20:52:07,577] {processor.py:641} INFO - Processing file /home/dimitri/dimitri/airflowalura/venv/lib/python3.10/site-packages/airflow/example_dags/example_trigger_target_dag.py for tasks to queue
[2024-04-04 20:52:07,577] {logging_mixin.py:115} INFO - [2024-04-04 20:52:07,577] {dagbag.py:507} INFO - Filling up the DagBag from /home/dimitri/dimitri/airflowalura/venv/lib/python3.10/site-packages/airflow/example_dags/example_trigger_target_dag.py
[2024-04-04 20:52:07,590] {processor.py:651} INFO - DAG(s) dict_keys(['example_trigger_target_dag']) retrieved from /home/dimitri/dimitri/airflowalura/venv/lib/python3.10/site-packages/airflow/example_dags/example_trigger_target_dag.py
[2024-04-04 20:52:07,600] {logging_mixin.py:115} INFO - [2024-04-04 20:52:07,600] {dag.py:2379} INFO - Sync 1 DAGs
[2024-04-04 20:52:07,610] {logging_mixin.py:115} INFO - [2024-04-04 20:52:07,610] {dag.py:2927} INFO - Setting next_dagrun for example_trigger_target_dag to None, run_after=None
[2024-04-04 20:52:07,628] {processor.py:161} INFO - Processing /home/dimitri/dimitri/airflowalura/venv/lib/python3.10/site-packages/airflow/example_dags/example_trigger_target_dag.py took 0.055 seconds
[2024-04-04 20:52:46,610] {processor.py:153} INFO - Started process (PID=575885) to work on /home/dimitri/dimitri/airflowalura/venv/lib/python3.10/site-packages/airflow/example_dags/example_trigger_target_dag.py
[2024-04-04 20:52:46,612] {processor.py:641} INFO - Processing file /home/dimitri/dimitri/airflowalura/venv/lib/python3.10/site-packages/airflow/example_dags/example_trigger_target_dag.py for tasks to queue
[2024-04-04 20:52:46,613] {logging_mixin.py:115} INFO - [2024-04-04 20:52:46,613] {dagbag.py:507} INFO - Filling up the DagBag from /home/dimitri/dimitri/airflowalura/venv/lib/python3.10/site-packages/airflow/example_dags/example_trigger_target_dag.py
[2024-04-04 20:52:46,629] {processor.py:651} INFO - DAG(s) dict_keys(['example_trigger_target_dag']) retrieved from /home/dimitri/dimitri/airflowalura/venv/lib/python3.10/site-packages/airflow/example_dags/example_trigger_target_dag.py
[2024-04-04 20:52:46,644] {logging_mixin.py:115} INFO - [2024-04-04 20:52:46,644] {dag.py:2379} INFO - Sync 1 DAGs
[2024-04-04 20:52:46,661] {logging_mixin.py:115} INFO - [2024-04-04 20:52:46,661] {dag.py:2927} INFO - Setting next_dagrun for example_trigger_target_dag to None, run_after=None
[2024-04-04 20:52:46,681] {processor.py:161} INFO - Processing /home/dimitri/dimitri/airflowalura/venv/lib/python3.10/site-packages/airflow/example_dags/example_trigger_target_dag.py took 0.074 seconds
[2024-04-04 20:53:21,175] {processor.py:153} INFO - Started process (PID=576022) to work on /home/dimitri/dimitri/airflowalura/venv/lib/python3.10/site-packages/airflow/example_dags/example_trigger_target_dag.py
[2024-04-04 20:53:21,178] {processor.py:641} INFO - Processing file /home/dimitri/dimitri/airflowalura/venv/lib/python3.10/site-packages/airflow/example_dags/example_trigger_target_dag.py for tasks to queue
[2024-04-04 20:53:21,178] {logging_mixin.py:115} INFO - [2024-04-04 20:53:21,178] {dagbag.py:507} INFO - Filling up the DagBag from /home/dimitri/dimitri/airflowalura/venv/lib/python3.10/site-packages/airflow/example_dags/example_trigger_target_dag.py
[2024-04-04 20:53:21,190] {processor.py:651} INFO - DAG(s) dict_keys(['example_trigger_target_dag']) retrieved from /home/dimitri/dimitri/airflowalura/venv/lib/python3.10/site-packages/airflow/example_dags/example_trigger_target_dag.py
[2024-04-04 20:53:21,200] {logging_mixin.py:115} INFO - [2024-04-04 20:53:21,200] {dag.py:2379} INFO - Sync 1 DAGs
[2024-04-04 20:53:21,210] {logging_mixin.py:115} INFO - [2024-04-04 20:53:21,210] {dag.py:2927} INFO - Setting next_dagrun for example_trigger_target_dag to None, run_after=None
[2024-04-04 20:53:21,226] {processor.py:161} INFO - Processing /home/dimitri/dimitri/airflowalura/venv/lib/python3.10/site-packages/airflow/example_dags/example_trigger_target_dag.py took 0.053 seconds
[2024-04-04 20:53:58,908] {processor.py:153} INFO - Started process (PID=576168) to work on /home/dimitri/dimitri/airflowalura/venv/lib/python3.10/site-packages/airflow/example_dags/example_trigger_target_dag.py
[2024-04-04 20:53:58,910] {processor.py:641} INFO - Processing file /home/dimitri/dimitri/airflowalura/venv/lib/python3.10/site-packages/airflow/example_dags/example_trigger_target_dag.py for tasks to queue
[2024-04-04 20:53:58,911] {logging_mixin.py:115} INFO - [2024-04-04 20:53:58,911] {dagbag.py:507} INFO - Filling up the DagBag from /home/dimitri/dimitri/airflowalura/venv/lib/python3.10/site-packages/airflow/example_dags/example_trigger_target_dag.py
[2024-04-04 20:53:58,923] {processor.py:651} INFO - DAG(s) dict_keys(['example_trigger_target_dag']) retrieved from /home/dimitri/dimitri/airflowalura/venv/lib/python3.10/site-packages/airflow/example_dags/example_trigger_target_dag.py
[2024-04-04 20:53:58,932] {logging_mixin.py:115} INFO - [2024-04-04 20:53:58,932] {dag.py:2379} INFO - Sync 1 DAGs
[2024-04-04 20:53:58,940] {logging_mixin.py:115} INFO - [2024-04-04 20:53:58,940] {dag.py:2927} INFO - Setting next_dagrun for example_trigger_target_dag to None, run_after=None
[2024-04-04 20:53:58,957] {processor.py:161} INFO - Processing /home/dimitri/dimitri/airflowalura/venv/lib/python3.10/site-packages/airflow/example_dags/example_trigger_target_dag.py took 0.052 seconds
[2024-04-04 20:54:34,491] {processor.py:153} INFO - Started process (PID=576307) to work on /home/dimitri/dimitri/airflowalura/venv/lib/python3.10/site-packages/airflow/example_dags/example_trigger_target_dag.py
[2024-04-04 20:54:34,492] {processor.py:641} INFO - Processing file /home/dimitri/dimitri/airflowalura/venv/lib/python3.10/site-packages/airflow/example_dags/example_trigger_target_dag.py for tasks to queue
[2024-04-04 20:54:34,492] {logging_mixin.py:115} INFO - [2024-04-04 20:54:34,492] {dagbag.py:507} INFO - Filling up the DagBag from /home/dimitri/dimitri/airflowalura/venv/lib/python3.10/site-packages/airflow/example_dags/example_trigger_target_dag.py
[2024-04-04 20:54:34,513] {processor.py:651} INFO - DAG(s) dict_keys(['example_trigger_target_dag']) retrieved from /home/dimitri/dimitri/airflowalura/venv/lib/python3.10/site-packages/airflow/example_dags/example_trigger_target_dag.py
[2024-04-04 20:54:34,522] {logging_mixin.py:115} INFO - [2024-04-04 20:54:34,522] {dag.py:2379} INFO - Sync 1 DAGs
[2024-04-04 20:54:34,532] {logging_mixin.py:115} INFO - [2024-04-04 20:54:34,532] {dag.py:2927} INFO - Setting next_dagrun for example_trigger_target_dag to None, run_after=None
[2024-04-04 20:54:34,548] {processor.py:161} INFO - Processing /home/dimitri/dimitri/airflowalura/venv/lib/python3.10/site-packages/airflow/example_dags/example_trigger_target_dag.py took 0.059 seconds
[2024-04-04 20:55:11,191] {processor.py:153} INFO - Started process (PID=576453) to work on /home/dimitri/dimitri/airflowalura/venv/lib/python3.10/site-packages/airflow/example_dags/example_trigger_target_dag.py
[2024-04-04 20:55:11,193] {processor.py:641} INFO - Processing file /home/dimitri/dimitri/airflowalura/venv/lib/python3.10/site-packages/airflow/example_dags/example_trigger_target_dag.py for tasks to queue
[2024-04-04 20:55:11,194] {logging_mixin.py:115} INFO - [2024-04-04 20:55:11,194] {dagbag.py:507} INFO - Filling up the DagBag from /home/dimitri/dimitri/airflowalura/venv/lib/python3.10/site-packages/airflow/example_dags/example_trigger_target_dag.py
[2024-04-04 20:55:11,207] {processor.py:651} INFO - DAG(s) dict_keys(['example_trigger_target_dag']) retrieved from /home/dimitri/dimitri/airflowalura/venv/lib/python3.10/site-packages/airflow/example_dags/example_trigger_target_dag.py
[2024-04-04 20:55:11,217] {logging_mixin.py:115} INFO - [2024-04-04 20:55:11,217] {dag.py:2379} INFO - Sync 1 DAGs
[2024-04-04 20:55:11,229] {logging_mixin.py:115} INFO - [2024-04-04 20:55:11,229] {dag.py:2927} INFO - Setting next_dagrun for example_trigger_target_dag to None, run_after=None
[2024-04-04 20:55:11,247] {processor.py:161} INFO - Processing /home/dimitri/dimitri/airflowalura/venv/lib/python3.10/site-packages/airflow/example_dags/example_trigger_target_dag.py took 0.058 seconds
[2024-04-04 20:55:48,627] {processor.py:153} INFO - Started process (PID=576600) to work on /home/dimitri/dimitri/airflowalura/venv/lib/python3.10/site-packages/airflow/example_dags/example_trigger_target_dag.py
[2024-04-04 20:55:48,629] {processor.py:641} INFO - Processing file /home/dimitri/dimitri/airflowalura/venv/lib/python3.10/site-packages/airflow/example_dags/example_trigger_target_dag.py for tasks to queue
[2024-04-04 20:55:48,630] {logging_mixin.py:115} INFO - [2024-04-04 20:55:48,630] {dagbag.py:507} INFO - Filling up the DagBag from /home/dimitri/dimitri/airflowalura/venv/lib/python3.10/site-packages/airflow/example_dags/example_trigger_target_dag.py
[2024-04-04 20:55:48,642] {processor.py:651} INFO - DAG(s) dict_keys(['example_trigger_target_dag']) retrieved from /home/dimitri/dimitri/airflowalura/venv/lib/python3.10/site-packages/airflow/example_dags/example_trigger_target_dag.py
[2024-04-04 20:55:48,650] {logging_mixin.py:115} INFO - [2024-04-04 20:55:48,650] {dag.py:2379} INFO - Sync 1 DAGs
[2024-04-04 20:55:48,659] {logging_mixin.py:115} INFO - [2024-04-04 20:55:48,659] {dag.py:2927} INFO - Setting next_dagrun for example_trigger_target_dag to None, run_after=None
[2024-04-04 20:55:48,677] {processor.py:161} INFO - Processing /home/dimitri/dimitri/airflowalura/venv/lib/python3.10/site-packages/airflow/example_dags/example_trigger_target_dag.py took 0.053 seconds
[2024-04-04 20:56:28,021] {processor.py:153} INFO - Started process (PID=576754) to work on /home/dimitri/dimitri/airflowalura/venv/lib/python3.10/site-packages/airflow/example_dags/example_trigger_target_dag.py
[2024-04-04 20:56:28,024] {processor.py:641} INFO - Processing file /home/dimitri/dimitri/airflowalura/venv/lib/python3.10/site-packages/airflow/example_dags/example_trigger_target_dag.py for tasks to queue
[2024-04-04 20:56:28,024] {logging_mixin.py:115} INFO - [2024-04-04 20:56:28,024] {dagbag.py:507} INFO - Filling up the DagBag from /home/dimitri/dimitri/airflowalura/venv/lib/python3.10/site-packages/airflow/example_dags/example_trigger_target_dag.py
[2024-04-04 20:56:28,037] {processor.py:651} INFO - DAG(s) dict_keys(['example_trigger_target_dag']) retrieved from /home/dimitri/dimitri/airflowalura/venv/lib/python3.10/site-packages/airflow/example_dags/example_trigger_target_dag.py
[2024-04-04 20:56:28,046] {logging_mixin.py:115} INFO - [2024-04-04 20:56:28,046] {dag.py:2379} INFO - Sync 1 DAGs
[2024-04-04 20:56:28,056] {logging_mixin.py:115} INFO - [2024-04-04 20:56:28,056] {dag.py:2927} INFO - Setting next_dagrun for example_trigger_target_dag to None, run_after=None
[2024-04-04 20:56:28,073] {processor.py:161} INFO - Processing /home/dimitri/dimitri/airflowalura/venv/lib/python3.10/site-packages/airflow/example_dags/example_trigger_target_dag.py took 0.054 seconds
[2024-04-04 20:57:04,146] {processor.py:153} INFO - Started process (PID=576893) to work on /home/dimitri/dimitri/airflowalura/venv/lib/python3.10/site-packages/airflow/example_dags/example_trigger_target_dag.py
[2024-04-04 20:57:04,149] {processor.py:641} INFO - Processing file /home/dimitri/dimitri/airflowalura/venv/lib/python3.10/site-packages/airflow/example_dags/example_trigger_target_dag.py for tasks to queue
[2024-04-04 20:57:04,149] {logging_mixin.py:115} INFO - [2024-04-04 20:57:04,149] {dagbag.py:507} INFO - Filling up the DagBag from /home/dimitri/dimitri/airflowalura/venv/lib/python3.10/site-packages/airflow/example_dags/example_trigger_target_dag.py
[2024-04-04 20:57:04,160] {processor.py:651} INFO - DAG(s) dict_keys(['example_trigger_target_dag']) retrieved from /home/dimitri/dimitri/airflowalura/venv/lib/python3.10/site-packages/airflow/example_dags/example_trigger_target_dag.py
[2024-04-04 20:57:04,171] {logging_mixin.py:115} INFO - [2024-04-04 20:57:04,171] {dag.py:2379} INFO - Sync 1 DAGs
[2024-04-04 20:57:04,180] {logging_mixin.py:115} INFO - [2024-04-04 20:57:04,180] {dag.py:2927} INFO - Setting next_dagrun for example_trigger_target_dag to None, run_after=None
[2024-04-04 20:57:04,196] {processor.py:161} INFO - Processing /home/dimitri/dimitri/airflowalura/venv/lib/python3.10/site-packages/airflow/example_dags/example_trigger_target_dag.py took 0.052 seconds
[2024-04-04 20:57:39,874] {processor.py:153} INFO - Started process (PID=577033) to work on /home/dimitri/dimitri/airflowalura/venv/lib/python3.10/site-packages/airflow/example_dags/example_trigger_target_dag.py
[2024-04-04 20:57:39,877] {processor.py:641} INFO - Processing file /home/dimitri/dimitri/airflowalura/venv/lib/python3.10/site-packages/airflow/example_dags/example_trigger_target_dag.py for tasks to queue
[2024-04-04 20:57:39,877] {logging_mixin.py:115} INFO - [2024-04-04 20:57:39,877] {dagbag.py:507} INFO - Filling up the DagBag from /home/dimitri/dimitri/airflowalura/venv/lib/python3.10/site-packages/airflow/example_dags/example_trigger_target_dag.py
[2024-04-04 20:57:39,890] {processor.py:651} INFO - DAG(s) dict_keys(['example_trigger_target_dag']) retrieved from /home/dimitri/dimitri/airflowalura/venv/lib/python3.10/site-packages/airflow/example_dags/example_trigger_target_dag.py
[2024-04-04 20:57:39,900] {logging_mixin.py:115} INFO - [2024-04-04 20:57:39,900] {dag.py:2379} INFO - Sync 1 DAGs
[2024-04-04 20:57:39,910] {logging_mixin.py:115} INFO - [2024-04-04 20:57:39,910] {dag.py:2927} INFO - Setting next_dagrun for example_trigger_target_dag to None, run_after=None
[2024-04-04 20:57:39,929] {processor.py:161} INFO - Processing /home/dimitri/dimitri/airflowalura/venv/lib/python3.10/site-packages/airflow/example_dags/example_trigger_target_dag.py took 0.057 seconds
[2024-04-04 20:58:15,149] {processor.py:153} INFO - Started process (PID=577171) to work on /home/dimitri/dimitri/airflowalura/venv/lib/python3.10/site-packages/airflow/example_dags/example_trigger_target_dag.py
[2024-04-04 20:58:15,152] {processor.py:641} INFO - Processing file /home/dimitri/dimitri/airflowalura/venv/lib/python3.10/site-packages/airflow/example_dags/example_trigger_target_dag.py for tasks to queue
[2024-04-04 20:58:15,152] {logging_mixin.py:115} INFO - [2024-04-04 20:58:15,152] {dagbag.py:507} INFO - Filling up the DagBag from /home/dimitri/dimitri/airflowalura/venv/lib/python3.10/site-packages/airflow/example_dags/example_trigger_target_dag.py
[2024-04-04 20:58:15,165] {processor.py:651} INFO - DAG(s) dict_keys(['example_trigger_target_dag']) retrieved from /home/dimitri/dimitri/airflowalura/venv/lib/python3.10/site-packages/airflow/example_dags/example_trigger_target_dag.py
[2024-04-04 20:58:15,174] {logging_mixin.py:115} INFO - [2024-04-04 20:58:15,174] {dag.py:2379} INFO - Sync 1 DAGs
[2024-04-04 20:58:15,185] {logging_mixin.py:115} INFO - [2024-04-04 20:58:15,185] {dag.py:2927} INFO - Setting next_dagrun for example_trigger_target_dag to None, run_after=None
[2024-04-04 20:58:15,201] {processor.py:161} INFO - Processing /home/dimitri/dimitri/airflowalura/venv/lib/python3.10/site-packages/airflow/example_dags/example_trigger_target_dag.py took 0.055 seconds
[2024-04-04 20:58:52,444] {processor.py:153} INFO - Started process (PID=577318) to work on /home/dimitri/dimitri/airflowalura/venv/lib/python3.10/site-packages/airflow/example_dags/example_trigger_target_dag.py
[2024-04-04 20:58:52,447] {processor.py:641} INFO - Processing file /home/dimitri/dimitri/airflowalura/venv/lib/python3.10/site-packages/airflow/example_dags/example_trigger_target_dag.py for tasks to queue
[2024-04-04 20:58:52,447] {logging_mixin.py:115} INFO - [2024-04-04 20:58:52,447] {dagbag.py:507} INFO - Filling up the DagBag from /home/dimitri/dimitri/airflowalura/venv/lib/python3.10/site-packages/airflow/example_dags/example_trigger_target_dag.py
[2024-04-04 20:58:52,459] {processor.py:651} INFO - DAG(s) dict_keys(['example_trigger_target_dag']) retrieved from /home/dimitri/dimitri/airflowalura/venv/lib/python3.10/site-packages/airflow/example_dags/example_trigger_target_dag.py
[2024-04-04 20:58:52,468] {logging_mixin.py:115} INFO - [2024-04-04 20:58:52,468] {dag.py:2379} INFO - Sync 1 DAGs
[2024-04-04 20:58:52,477] {logging_mixin.py:115} INFO - [2024-04-04 20:58:52,477] {dag.py:2927} INFO - Setting next_dagrun for example_trigger_target_dag to None, run_after=None
[2024-04-04 20:58:52,492] {processor.py:161} INFO - Processing /home/dimitri/dimitri/airflowalura/venv/lib/python3.10/site-packages/airflow/example_dags/example_trigger_target_dag.py took 0.052 seconds
[2024-04-04 20:59:27,949] {processor.py:153} INFO - Started process (PID=577458) to work on /home/dimitri/dimitri/airflowalura/venv/lib/python3.10/site-packages/airflow/example_dags/example_trigger_target_dag.py
[2024-04-04 20:59:27,951] {processor.py:641} INFO - Processing file /home/dimitri/dimitri/airflowalura/venv/lib/python3.10/site-packages/airflow/example_dags/example_trigger_target_dag.py for tasks to queue
[2024-04-04 20:59:27,951] {logging_mixin.py:115} INFO - [2024-04-04 20:59:27,951] {dagbag.py:507} INFO - Filling up the DagBag from /home/dimitri/dimitri/airflowalura/venv/lib/python3.10/site-packages/airflow/example_dags/example_trigger_target_dag.py
[2024-04-04 20:59:27,963] {processor.py:651} INFO - DAG(s) dict_keys(['example_trigger_target_dag']) retrieved from /home/dimitri/dimitri/airflowalura/venv/lib/python3.10/site-packages/airflow/example_dags/example_trigger_target_dag.py
[2024-04-04 20:59:27,972] {logging_mixin.py:115} INFO - [2024-04-04 20:59:27,972] {dag.py:2379} INFO - Sync 1 DAGs
[2024-04-04 20:59:27,983] {logging_mixin.py:115} INFO - [2024-04-04 20:59:27,982] {dag.py:2927} INFO - Setting next_dagrun for example_trigger_target_dag to None, run_after=None
[2024-04-04 20:59:27,997] {processor.py:161} INFO - Processing /home/dimitri/dimitri/airflowalura/venv/lib/python3.10/site-packages/airflow/example_dags/example_trigger_target_dag.py took 0.051 seconds
