[2024-04-04 20:28:59,173] {processor.py:153} INFO - Started process (PID=569871) to work on /home/dimitri/dimitri/airflowalura/venv/lib/python3.10/site-packages/airflow/example_dags/example_branch_day_of_week_operator.py
[2024-04-04 20:28:59,174] {processor.py:641} INFO - Processing file /home/dimitri/dimitri/airflowalura/venv/lib/python3.10/site-packages/airflow/example_dags/example_branch_day_of_week_operator.py for tasks to queue
[2024-04-04 20:28:59,174] {logging_mixin.py:115} INFO - [2024-04-04 20:28:59,174] {dagbag.py:507} INFO - Filling up the DagBag from /home/dimitri/dimitri/airflowalura/venv/lib/python3.10/site-packages/airflow/example_dags/example_branch_day_of_week_operator.py
[2024-04-04 20:28:59,180] {processor.py:651} INFO - DAG(s) dict_keys(['example_weekday_branch_operator']) retrieved from /home/dimitri/dimitri/airflowalura/venv/lib/python3.10/site-packages/airflow/example_dags/example_branch_day_of_week_operator.py
[2024-04-04 20:28:59,237] {logging_mixin.py:115} INFO - [2024-04-04 20:28:59,237] {manager.py:508} INFO - Created Permission View: can read on DAG:example_weekday_branch_operator
[2024-04-04 20:28:59,253] {logging_mixin.py:115} INFO - [2024-04-04 20:28:59,252] {manager.py:508} INFO - Created Permission View: can edit on DAG:example_weekday_branch_operator
[2024-04-04 20:28:59,265] {logging_mixin.py:115} INFO - [2024-04-04 20:28:59,264] {manager.py:508} INFO - Created Permission View: can delete on DAG:example_weekday_branch_operator
[2024-04-04 20:28:59,265] {logging_mixin.py:115} INFO - [2024-04-04 20:28:59,265] {dag.py:2379} INFO - Sync 1 DAGs
[2024-04-04 20:28:59,270] {logging_mixin.py:115} INFO - [2024-04-04 20:28:59,270] {dag.py:2398} INFO - Creating ORM DAG for example_weekday_branch_operator
[2024-04-04 20:28:59,275] {logging_mixin.py:115} INFO - [2024-04-04 20:28:59,275] {dag.py:2927} INFO - Setting next_dagrun for example_weekday_branch_operator to 2024-04-03T00:00:00+00:00, run_after=2024-04-04T00:00:00+00:00
[2024-04-04 20:28:59,296] {processor.py:161} INFO - Processing /home/dimitri/dimitri/airflowalura/venv/lib/python3.10/site-packages/airflow/example_dags/example_branch_day_of_week_operator.py took 0.125 seconds
[2024-04-04 20:29:34,385] {processor.py:153} INFO - Started process (PID=569952) to work on /home/dimitri/dimitri/airflowalura/venv/lib/python3.10/site-packages/airflow/example_dags/example_branch_day_of_week_operator.py
[2024-04-04 20:29:34,385] {processor.py:641} INFO - Processing file /home/dimitri/dimitri/airflowalura/venv/lib/python3.10/site-packages/airflow/example_dags/example_branch_day_of_week_operator.py for tasks to queue
[2024-04-04 20:29:34,386] {logging_mixin.py:115} INFO - [2024-04-04 20:29:34,386] {dagbag.py:507} INFO - Filling up the DagBag from /home/dimitri/dimitri/airflowalura/venv/lib/python3.10/site-packages/airflow/example_dags/example_branch_day_of_week_operator.py
[2024-04-04 20:29:34,400] {processor.py:651} INFO - DAG(s) dict_keys(['example_weekday_branch_operator']) retrieved from /home/dimitri/dimitri/airflowalura/venv/lib/python3.10/site-packages/airflow/example_dags/example_branch_day_of_week_operator.py
[2024-04-04 20:29:34,437] {logging_mixin.py:115} INFO - [2024-04-04 20:29:34,437] {dag.py:2379} INFO - Sync 1 DAGs
[2024-04-04 20:29:34,487] {logging_mixin.py:115} INFO - [2024-04-04 20:29:34,487] {dag.py:2927} INFO - Setting next_dagrun for example_weekday_branch_operator to 2024-04-03T00:00:00+00:00, run_after=2024-04-04T00:00:00+00:00
[2024-04-04 20:29:34,513] {processor.py:161} INFO - Processing /home/dimitri/dimitri/airflowalura/venv/lib/python3.10/site-packages/airflow/example_dags/example_branch_day_of_week_operator.py took 0.131 seconds
[2024-04-04 20:30:08,677] {processor.py:153} INFO - Started process (PID=570342) to work on /home/dimitri/dimitri/airflowalura/venv/lib/python3.10/site-packages/airflow/example_dags/example_branch_day_of_week_operator.py
[2024-04-04 20:30:08,680] {processor.py:641} INFO - Processing file /home/dimitri/dimitri/airflowalura/venv/lib/python3.10/site-packages/airflow/example_dags/example_branch_day_of_week_operator.py for tasks to queue
[2024-04-04 20:30:08,680] {logging_mixin.py:115} INFO - [2024-04-04 20:30:08,680] {dagbag.py:507} INFO - Filling up the DagBag from /home/dimitri/dimitri/airflowalura/venv/lib/python3.10/site-packages/airflow/example_dags/example_branch_day_of_week_operator.py
[2024-04-04 20:30:08,687] {processor.py:651} INFO - DAG(s) dict_keys(['example_weekday_branch_operator']) retrieved from /home/dimitri/dimitri/airflowalura/venv/lib/python3.10/site-packages/airflow/example_dags/example_branch_day_of_week_operator.py
[2024-04-04 20:30:08,696] {logging_mixin.py:115} INFO - [2024-04-04 20:30:08,696] {dag.py:2379} INFO - Sync 1 DAGs
[2024-04-04 20:30:08,712] {logging_mixin.py:115} INFO - [2024-04-04 20:30:08,712] {dag.py:2927} INFO - Setting next_dagrun for example_weekday_branch_operator to 2024-04-03T00:00:00+00:00, run_after=2024-04-04T00:00:00+00:00
[2024-04-04 20:30:08,728] {processor.py:161} INFO - Processing /home/dimitri/dimitri/airflowalura/venv/lib/python3.10/site-packages/airflow/example_dags/example_branch_day_of_week_operator.py took 0.054 seconds
[2024-04-04 20:30:41,239] {processor.py:153} INFO - Started process (PID=570481) to work on /home/dimitri/dimitri/airflowalura/venv/lib/python3.10/site-packages/airflow/example_dags/example_branch_day_of_week_operator.py
[2024-04-04 20:30:41,239] {processor.py:641} INFO - Processing file /home/dimitri/dimitri/airflowalura/venv/lib/python3.10/site-packages/airflow/example_dags/example_branch_day_of_week_operator.py for tasks to queue
[2024-04-04 20:30:41,240] {logging_mixin.py:115} INFO - [2024-04-04 20:30:41,240] {dagbag.py:507} INFO - Filling up the DagBag from /home/dimitri/dimitri/airflowalura/venv/lib/python3.10/site-packages/airflow/example_dags/example_branch_day_of_week_operator.py
[2024-04-04 20:30:41,245] {processor.py:651} INFO - DAG(s) dict_keys(['example_weekday_branch_operator']) retrieved from /home/dimitri/dimitri/airflowalura/venv/lib/python3.10/site-packages/airflow/example_dags/example_branch_day_of_week_operator.py
[2024-04-04 20:30:41,256] {logging_mixin.py:115} INFO - [2024-04-04 20:30:41,256] {dag.py:2379} INFO - Sync 1 DAGs
[2024-04-04 20:30:41,270] {logging_mixin.py:115} INFO - [2024-04-04 20:30:41,270] {dag.py:2927} INFO - Setting next_dagrun for example_weekday_branch_operator to 2024-04-03T00:00:00+00:00, run_after=2024-04-04T00:00:00+00:00
[2024-04-04 20:30:41,285] {processor.py:161} INFO - Processing /home/dimitri/dimitri/airflowalura/venv/lib/python3.10/site-packages/airflow/example_dags/example_branch_day_of_week_operator.py took 0.048 seconds
[2024-04-04 20:31:15,003] {processor.py:153} INFO - Started process (PID=570611) to work on /home/dimitri/dimitri/airflowalura/venv/lib/python3.10/site-packages/airflow/example_dags/example_branch_day_of_week_operator.py
[2024-04-04 20:31:15,005] {processor.py:641} INFO - Processing file /home/dimitri/dimitri/airflowalura/venv/lib/python3.10/site-packages/airflow/example_dags/example_branch_day_of_week_operator.py for tasks to queue
[2024-04-04 20:31:15,006] {logging_mixin.py:115} INFO - [2024-04-04 20:31:15,006] {dagbag.py:507} INFO - Filling up the DagBag from /home/dimitri/dimitri/airflowalura/venv/lib/python3.10/site-packages/airflow/example_dags/example_branch_day_of_week_operator.py
[2024-04-04 20:31:15,014] {processor.py:651} INFO - DAG(s) dict_keys(['example_weekday_branch_operator']) retrieved from /home/dimitri/dimitri/airflowalura/venv/lib/python3.10/site-packages/airflow/example_dags/example_branch_day_of_week_operator.py
[2024-04-04 20:31:15,028] {logging_mixin.py:115} INFO - [2024-04-04 20:31:15,028] {dag.py:2379} INFO - Sync 1 DAGs
[2024-04-04 20:31:15,042] {logging_mixin.py:115} INFO - [2024-04-04 20:31:15,041] {dag.py:2927} INFO - Setting next_dagrun for example_weekday_branch_operator to 2024-04-03T00:00:00+00:00, run_after=2024-04-04T00:00:00+00:00
[2024-04-04 20:31:15,059] {processor.py:161} INFO - Processing /home/dimitri/dimitri/airflowalura/venv/lib/python3.10/site-packages/airflow/example_dags/example_branch_day_of_week_operator.py took 0.058 seconds
[2024-04-04 20:31:45,589] {processor.py:153} INFO - Started process (PID=570733) to work on /home/dimitri/dimitri/airflowalura/venv/lib/python3.10/site-packages/airflow/example_dags/example_branch_day_of_week_operator.py
[2024-04-04 20:31:45,590] {processor.py:641} INFO - Processing file /home/dimitri/dimitri/airflowalura/venv/lib/python3.10/site-packages/airflow/example_dags/example_branch_day_of_week_operator.py for tasks to queue
[2024-04-04 20:31:45,590] {logging_mixin.py:115} INFO - [2024-04-04 20:31:45,590] {dagbag.py:507} INFO - Filling up the DagBag from /home/dimitri/dimitri/airflowalura/venv/lib/python3.10/site-packages/airflow/example_dags/example_branch_day_of_week_operator.py
[2024-04-04 20:31:45,595] {processor.py:651} INFO - DAG(s) dict_keys(['example_weekday_branch_operator']) retrieved from /home/dimitri/dimitri/airflowalura/venv/lib/python3.10/site-packages/airflow/example_dags/example_branch_day_of_week_operator.py
[2024-04-04 20:31:45,608] {logging_mixin.py:115} INFO - [2024-04-04 20:31:45,607] {dag.py:2379} INFO - Sync 1 DAGs
[2024-04-04 20:31:45,620] {logging_mixin.py:115} INFO - [2024-04-04 20:31:45,620] {dag.py:2927} INFO - Setting next_dagrun for example_weekday_branch_operator to 2024-04-03T00:00:00+00:00, run_after=2024-04-04T00:00:00+00:00
[2024-04-04 20:31:45,635] {processor.py:161} INFO - Processing /home/dimitri/dimitri/airflowalura/venv/lib/python3.10/site-packages/airflow/example_dags/example_branch_day_of_week_operator.py took 0.047 seconds
[2024-04-04 20:32:17,167] {processor.py:153} INFO - Started process (PID=570857) to work on /home/dimitri/dimitri/airflowalura/venv/lib/python3.10/site-packages/airflow/example_dags/example_branch_day_of_week_operator.py
[2024-04-04 20:32:17,169] {processor.py:641} INFO - Processing file /home/dimitri/dimitri/airflowalura/venv/lib/python3.10/site-packages/airflow/example_dags/example_branch_day_of_week_operator.py for tasks to queue
[2024-04-04 20:32:17,170] {logging_mixin.py:115} INFO - [2024-04-04 20:32:17,170] {dagbag.py:507} INFO - Filling up the DagBag from /home/dimitri/dimitri/airflowalura/venv/lib/python3.10/site-packages/airflow/example_dags/example_branch_day_of_week_operator.py
[2024-04-04 20:32:17,177] {processor.py:651} INFO - DAG(s) dict_keys(['example_weekday_branch_operator']) retrieved from /home/dimitri/dimitri/airflowalura/venv/lib/python3.10/site-packages/airflow/example_dags/example_branch_day_of_week_operator.py
[2024-04-04 20:32:17,186] {logging_mixin.py:115} INFO - [2024-04-04 20:32:17,186] {dag.py:2379} INFO - Sync 1 DAGs
[2024-04-04 20:32:17,197] {logging_mixin.py:115} INFO - [2024-04-04 20:32:17,197] {dag.py:2927} INFO - Setting next_dagrun for example_weekday_branch_operator to 2024-04-03T00:00:00+00:00, run_after=2024-04-04T00:00:00+00:00
[2024-04-04 20:32:17,213] {processor.py:161} INFO - Processing /home/dimitri/dimitri/airflowalura/venv/lib/python3.10/site-packages/airflow/example_dags/example_branch_day_of_week_operator.py took 0.049 seconds
[2024-04-04 20:32:47,329] {processor.py:153} INFO - Started process (PID=571121) to work on /home/dimitri/dimitri/airflowalura/venv/lib/python3.10/site-packages/airflow/example_dags/example_branch_day_of_week_operator.py
[2024-04-04 20:32:47,331] {processor.py:641} INFO - Processing file /home/dimitri/dimitri/airflowalura/venv/lib/python3.10/site-packages/airflow/example_dags/example_branch_day_of_week_operator.py for tasks to queue
[2024-04-04 20:32:47,332] {logging_mixin.py:115} INFO - [2024-04-04 20:32:47,332] {dagbag.py:507} INFO - Filling up the DagBag from /home/dimitri/dimitri/airflowalura/venv/lib/python3.10/site-packages/airflow/example_dags/example_branch_day_of_week_operator.py
[2024-04-04 20:32:47,337] {processor.py:651} INFO - DAG(s) dict_keys(['example_weekday_branch_operator']) retrieved from /home/dimitri/dimitri/airflowalura/venv/lib/python3.10/site-packages/airflow/example_dags/example_branch_day_of_week_operator.py
[2024-04-04 20:32:47,350] {logging_mixin.py:115} INFO - [2024-04-04 20:32:47,349] {dag.py:2379} INFO - Sync 1 DAGs
[2024-04-04 20:32:47,365] {logging_mixin.py:115} INFO - [2024-04-04 20:32:47,365] {dag.py:2927} INFO - Setting next_dagrun for example_weekday_branch_operator to 2024-04-03T00:00:00+00:00, run_after=2024-04-04T00:00:00+00:00
[2024-04-04 20:32:47,383] {processor.py:161} INFO - Processing /home/dimitri/dimitri/airflowalura/venv/lib/python3.10/site-packages/airflow/example_dags/example_branch_day_of_week_operator.py took 0.056 seconds
[2024-04-04 20:33:19,321] {processor.py:153} INFO - Started process (PID=571251) to work on /home/dimitri/dimitri/airflowalura/venv/lib/python3.10/site-packages/airflow/example_dags/example_branch_day_of_week_operator.py
[2024-04-04 20:33:19,322] {processor.py:641} INFO - Processing file /home/dimitri/dimitri/airflowalura/venv/lib/python3.10/site-packages/airflow/example_dags/example_branch_day_of_week_operator.py for tasks to queue
[2024-04-04 20:33:19,323] {logging_mixin.py:115} INFO - [2024-04-04 20:33:19,322] {dagbag.py:507} INFO - Filling up the DagBag from /home/dimitri/dimitri/airflowalura/venv/lib/python3.10/site-packages/airflow/example_dags/example_branch_day_of_week_operator.py
[2024-04-04 20:33:19,333] {processor.py:651} INFO - DAG(s) dict_keys(['example_weekday_branch_operator']) retrieved from /home/dimitri/dimitri/airflowalura/venv/lib/python3.10/site-packages/airflow/example_dags/example_branch_day_of_week_operator.py
[2024-04-04 20:33:19,350] {logging_mixin.py:115} INFO - [2024-04-04 20:33:19,350] {dag.py:2379} INFO - Sync 1 DAGs
[2024-04-04 20:33:19,364] {logging_mixin.py:115} INFO - [2024-04-04 20:33:19,364] {dag.py:2927} INFO - Setting next_dagrun for example_weekday_branch_operator to 2024-04-03T00:00:00+00:00, run_after=2024-04-04T00:00:00+00:00
[2024-04-04 20:33:19,384] {processor.py:161} INFO - Processing /home/dimitri/dimitri/airflowalura/venv/lib/python3.10/site-packages/airflow/example_dags/example_branch_day_of_week_operator.py took 0.065 seconds
[2024-04-04 20:33:52,649] {processor.py:153} INFO - Started process (PID=571383) to work on /home/dimitri/dimitri/airflowalura/venv/lib/python3.10/site-packages/airflow/example_dags/example_branch_day_of_week_operator.py
[2024-04-04 20:33:52,651] {processor.py:641} INFO - Processing file /home/dimitri/dimitri/airflowalura/venv/lib/python3.10/site-packages/airflow/example_dags/example_branch_day_of_week_operator.py for tasks to queue
[2024-04-04 20:33:52,651] {logging_mixin.py:115} INFO - [2024-04-04 20:33:52,651] {dagbag.py:507} INFO - Filling up the DagBag from /home/dimitri/dimitri/airflowalura/venv/lib/python3.10/site-packages/airflow/example_dags/example_branch_day_of_week_operator.py
[2024-04-04 20:33:52,656] {processor.py:651} INFO - DAG(s) dict_keys(['example_weekday_branch_operator']) retrieved from /home/dimitri/dimitri/airflowalura/venv/lib/python3.10/site-packages/airflow/example_dags/example_branch_day_of_week_operator.py
[2024-04-04 20:33:52,680] {logging_mixin.py:115} INFO - [2024-04-04 20:33:52,680] {dag.py:2379} INFO - Sync 1 DAGs
[2024-04-04 20:33:52,698] {logging_mixin.py:115} INFO - [2024-04-04 20:33:52,698] {dag.py:2927} INFO - Setting next_dagrun for example_weekday_branch_operator to 2024-04-03T00:00:00+00:00, run_after=2024-04-04T00:00:00+00:00
[2024-04-04 20:33:52,714] {processor.py:161} INFO - Processing /home/dimitri/dimitri/airflowalura/venv/lib/python3.10/site-packages/airflow/example_dags/example_branch_day_of_week_operator.py took 0.067 seconds
[2024-04-04 20:34:26,330] {processor.py:153} INFO - Started process (PID=571514) to work on /home/dimitri/dimitri/airflowalura/venv/lib/python3.10/site-packages/airflow/example_dags/example_branch_day_of_week_operator.py
[2024-04-04 20:34:26,333] {processor.py:641} INFO - Processing file /home/dimitri/dimitri/airflowalura/venv/lib/python3.10/site-packages/airflow/example_dags/example_branch_day_of_week_operator.py for tasks to queue
[2024-04-04 20:34:26,334] {logging_mixin.py:115} INFO - [2024-04-04 20:34:26,334] {dagbag.py:507} INFO - Filling up the DagBag from /home/dimitri/dimitri/airflowalura/venv/lib/python3.10/site-packages/airflow/example_dags/example_branch_day_of_week_operator.py
[2024-04-04 20:34:26,339] {processor.py:651} INFO - DAG(s) dict_keys(['example_weekday_branch_operator']) retrieved from /home/dimitri/dimitri/airflowalura/venv/lib/python3.10/site-packages/airflow/example_dags/example_branch_day_of_week_operator.py
[2024-04-04 20:34:26,350] {logging_mixin.py:115} INFO - [2024-04-04 20:34:26,350] {dag.py:2379} INFO - Sync 1 DAGs
[2024-04-04 20:34:26,360] {logging_mixin.py:115} INFO - [2024-04-04 20:34:26,360] {dag.py:2927} INFO - Setting next_dagrun for example_weekday_branch_operator to 2024-04-03T00:00:00+00:00, run_after=2024-04-04T00:00:00+00:00
[2024-04-04 20:34:26,376] {processor.py:161} INFO - Processing /home/dimitri/dimitri/airflowalura/venv/lib/python3.10/site-packages/airflow/example_dags/example_branch_day_of_week_operator.py took 0.049 seconds
[2024-04-04 20:34:59,776] {processor.py:153} INFO - Started process (PID=571646) to work on /home/dimitri/dimitri/airflowalura/venv/lib/python3.10/site-packages/airflow/example_dags/example_branch_day_of_week_operator.py
[2024-04-04 20:34:59,779] {processor.py:641} INFO - Processing file /home/dimitri/dimitri/airflowalura/venv/lib/python3.10/site-packages/airflow/example_dags/example_branch_day_of_week_operator.py for tasks to queue
[2024-04-04 20:34:59,779] {logging_mixin.py:115} INFO - [2024-04-04 20:34:59,779] {dagbag.py:507} INFO - Filling up the DagBag from /home/dimitri/dimitri/airflowalura/venv/lib/python3.10/site-packages/airflow/example_dags/example_branch_day_of_week_operator.py
[2024-04-04 20:34:59,784] {processor.py:651} INFO - DAG(s) dict_keys(['example_weekday_branch_operator']) retrieved from /home/dimitri/dimitri/airflowalura/venv/lib/python3.10/site-packages/airflow/example_dags/example_branch_day_of_week_operator.py
[2024-04-04 20:34:59,797] {logging_mixin.py:115} INFO - [2024-04-04 20:34:59,797] {dag.py:2379} INFO - Sync 1 DAGs
[2024-04-04 20:34:59,808] {logging_mixin.py:115} INFO - [2024-04-04 20:34:59,808] {dag.py:2927} INFO - Setting next_dagrun for example_weekday_branch_operator to 2024-04-03T00:00:00+00:00, run_after=2024-04-04T00:00:00+00:00
[2024-04-04 20:34:59,825] {processor.py:161} INFO - Processing /home/dimitri/dimitri/airflowalura/venv/lib/python3.10/site-packages/airflow/example_dags/example_branch_day_of_week_operator.py took 0.052 seconds
[2024-04-04 20:35:31,370] {processor.py:153} INFO - Started process (PID=571770) to work on /home/dimitri/dimitri/airflowalura/venv/lib/python3.10/site-packages/airflow/example_dags/example_branch_day_of_week_operator.py
[2024-04-04 20:35:31,374] {processor.py:641} INFO - Processing file /home/dimitri/dimitri/airflowalura/venv/lib/python3.10/site-packages/airflow/example_dags/example_branch_day_of_week_operator.py for tasks to queue
[2024-04-04 20:35:31,374] {logging_mixin.py:115} INFO - [2024-04-04 20:35:31,374] {dagbag.py:507} INFO - Filling up the DagBag from /home/dimitri/dimitri/airflowalura/venv/lib/python3.10/site-packages/airflow/example_dags/example_branch_day_of_week_operator.py
[2024-04-04 20:35:31,379] {processor.py:651} INFO - DAG(s) dict_keys(['example_weekday_branch_operator']) retrieved from /home/dimitri/dimitri/airflowalura/venv/lib/python3.10/site-packages/airflow/example_dags/example_branch_day_of_week_operator.py
[2024-04-04 20:35:31,389] {logging_mixin.py:115} INFO - [2024-04-04 20:35:31,389] {dag.py:2379} INFO - Sync 1 DAGs
[2024-04-04 20:35:31,399] {logging_mixin.py:115} INFO - [2024-04-04 20:35:31,399] {dag.py:2927} INFO - Setting next_dagrun for example_weekday_branch_operator to 2024-04-03T00:00:00+00:00, run_after=2024-04-04T00:00:00+00:00
[2024-04-04 20:35:31,414] {processor.py:161} INFO - Processing /home/dimitri/dimitri/airflowalura/venv/lib/python3.10/site-packages/airflow/example_dags/example_branch_day_of_week_operator.py took 0.048 seconds
[2024-04-04 20:36:16,600] {processor.py:153} INFO - Started process (PID=571959) to work on /home/dimitri/dimitri/airflowalura/venv/lib/python3.10/site-packages/airflow/example_dags/example_branch_day_of_week_operator.py
[2024-04-04 20:36:16,604] {processor.py:641} INFO - Processing file /home/dimitri/dimitri/airflowalura/venv/lib/python3.10/site-packages/airflow/example_dags/example_branch_day_of_week_operator.py for tasks to queue
[2024-04-04 20:36:16,604] {logging_mixin.py:115} INFO - [2024-04-04 20:36:16,604] {dagbag.py:507} INFO - Filling up the DagBag from /home/dimitri/dimitri/airflowalura/venv/lib/python3.10/site-packages/airflow/example_dags/example_branch_day_of_week_operator.py
[2024-04-04 20:36:16,609] {processor.py:651} INFO - DAG(s) dict_keys(['example_weekday_branch_operator']) retrieved from /home/dimitri/dimitri/airflowalura/venv/lib/python3.10/site-packages/airflow/example_dags/example_branch_day_of_week_operator.py
[2024-04-04 20:36:16,623] {logging_mixin.py:115} INFO - [2024-04-04 20:36:16,623] {dag.py:2379} INFO - Sync 1 DAGs
[2024-04-04 20:36:16,634] {logging_mixin.py:115} INFO - [2024-04-04 20:36:16,633] {dag.py:2927} INFO - Setting next_dagrun for example_weekday_branch_operator to 2024-04-03T00:00:00+00:00, run_after=2024-04-04T00:00:00+00:00
[2024-04-04 20:36:16,650] {processor.py:161} INFO - Processing /home/dimitri/dimitri/airflowalura/venv/lib/python3.10/site-packages/airflow/example_dags/example_branch_day_of_week_operator.py took 0.052 seconds
[2024-04-04 20:36:49,432] {processor.py:153} INFO - Started process (PID=572092) to work on /home/dimitri/dimitri/airflowalura/venv/lib/python3.10/site-packages/airflow/example_dags/example_branch_day_of_week_operator.py
[2024-04-04 20:36:49,435] {processor.py:641} INFO - Processing file /home/dimitri/dimitri/airflowalura/venv/lib/python3.10/site-packages/airflow/example_dags/example_branch_day_of_week_operator.py for tasks to queue
[2024-04-04 20:36:49,436] {logging_mixin.py:115} INFO - [2024-04-04 20:36:49,435] {dagbag.py:507} INFO - Filling up the DagBag from /home/dimitri/dimitri/airflowalura/venv/lib/python3.10/site-packages/airflow/example_dags/example_branch_day_of_week_operator.py
[2024-04-04 20:36:49,440] {processor.py:651} INFO - DAG(s) dict_keys(['example_weekday_branch_operator']) retrieved from /home/dimitri/dimitri/airflowalura/venv/lib/python3.10/site-packages/airflow/example_dags/example_branch_day_of_week_operator.py
[2024-04-04 20:36:49,450] {logging_mixin.py:115} INFO - [2024-04-04 20:36:49,450] {dag.py:2379} INFO - Sync 1 DAGs
[2024-04-04 20:36:49,463] {logging_mixin.py:115} INFO - [2024-04-04 20:36:49,463] {dag.py:2927} INFO - Setting next_dagrun for example_weekday_branch_operator to 2024-04-03T00:00:00+00:00, run_after=2024-04-04T00:00:00+00:00
[2024-04-04 20:36:49,479] {processor.py:161} INFO - Processing /home/dimitri/dimitri/airflowalura/venv/lib/python3.10/site-packages/airflow/example_dags/example_branch_day_of_week_operator.py took 0.049 seconds
[2024-04-04 20:37:24,508] {processor.py:153} INFO - Started process (PID=572232) to work on /home/dimitri/dimitri/airflowalura/venv/lib/python3.10/site-packages/airflow/example_dags/example_branch_day_of_week_operator.py
[2024-04-04 20:37:24,509] {processor.py:641} INFO - Processing file /home/dimitri/dimitri/airflowalura/venv/lib/python3.10/site-packages/airflow/example_dags/example_branch_day_of_week_operator.py for tasks to queue
[2024-04-04 20:37:24,509] {logging_mixin.py:115} INFO - [2024-04-04 20:37:24,509] {dagbag.py:507} INFO - Filling up the DagBag from /home/dimitri/dimitri/airflowalura/venv/lib/python3.10/site-packages/airflow/example_dags/example_branch_day_of_week_operator.py
[2024-04-04 20:37:24,514] {processor.py:651} INFO - DAG(s) dict_keys(['example_weekday_branch_operator']) retrieved from /home/dimitri/dimitri/airflowalura/venv/lib/python3.10/site-packages/airflow/example_dags/example_branch_day_of_week_operator.py
[2024-04-04 20:37:24,527] {logging_mixin.py:115} INFO - [2024-04-04 20:37:24,527] {dag.py:2379} INFO - Sync 1 DAGs
[2024-04-04 20:37:24,539] {logging_mixin.py:115} INFO - [2024-04-04 20:37:24,539] {dag.py:2927} INFO - Setting next_dagrun for example_weekday_branch_operator to 2024-04-03T00:00:00+00:00, run_after=2024-04-04T00:00:00+00:00
[2024-04-04 20:37:24,555] {processor.py:161} INFO - Processing /home/dimitri/dimitri/airflowalura/venv/lib/python3.10/site-packages/airflow/example_dags/example_branch_day_of_week_operator.py took 0.049 seconds
[2024-04-04 20:37:57,432] {processor.py:153} INFO - Started process (PID=572365) to work on /home/dimitri/dimitri/airflowalura/venv/lib/python3.10/site-packages/airflow/example_dags/example_branch_day_of_week_operator.py
[2024-04-04 20:37:57,435] {processor.py:641} INFO - Processing file /home/dimitri/dimitri/airflowalura/venv/lib/python3.10/site-packages/airflow/example_dags/example_branch_day_of_week_operator.py for tasks to queue
[2024-04-04 20:37:57,435] {logging_mixin.py:115} INFO - [2024-04-04 20:37:57,435] {dagbag.py:507} INFO - Filling up the DagBag from /home/dimitri/dimitri/airflowalura/venv/lib/python3.10/site-packages/airflow/example_dags/example_branch_day_of_week_operator.py
[2024-04-04 20:37:57,440] {processor.py:651} INFO - DAG(s) dict_keys(['example_weekday_branch_operator']) retrieved from /home/dimitri/dimitri/airflowalura/venv/lib/python3.10/site-packages/airflow/example_dags/example_branch_day_of_week_operator.py
[2024-04-04 20:37:57,450] {logging_mixin.py:115} INFO - [2024-04-04 20:37:57,450] {dag.py:2379} INFO - Sync 1 DAGs
[2024-04-04 20:37:57,461] {logging_mixin.py:115} INFO - [2024-04-04 20:37:57,461] {dag.py:2927} INFO - Setting next_dagrun for example_weekday_branch_operator to 2024-04-03T00:00:00+00:00, run_after=2024-04-04T00:00:00+00:00
[2024-04-04 20:37:57,475] {processor.py:161} INFO - Processing /home/dimitri/dimitri/airflowalura/venv/lib/python3.10/site-packages/airflow/example_dags/example_branch_day_of_week_operator.py took 0.046 seconds
[2024-04-04 20:38:31,986] {processor.py:153} INFO - Started process (PID=572498) to work on /home/dimitri/dimitri/airflowalura/venv/lib/python3.10/site-packages/airflow/example_dags/example_branch_day_of_week_operator.py
[2024-04-04 20:38:31,990] {processor.py:641} INFO - Processing file /home/dimitri/dimitri/airflowalura/venv/lib/python3.10/site-packages/airflow/example_dags/example_branch_day_of_week_operator.py for tasks to queue
[2024-04-04 20:38:31,990] {logging_mixin.py:115} INFO - [2024-04-04 20:38:31,990] {dagbag.py:507} INFO - Filling up the DagBag from /home/dimitri/dimitri/airflowalura/venv/lib/python3.10/site-packages/airflow/example_dags/example_branch_day_of_week_operator.py
[2024-04-04 20:38:31,995] {processor.py:651} INFO - DAG(s) dict_keys(['example_weekday_branch_operator']) retrieved from /home/dimitri/dimitri/airflowalura/venv/lib/python3.10/site-packages/airflow/example_dags/example_branch_day_of_week_operator.py
[2024-04-04 20:38:32,009] {logging_mixin.py:115} INFO - [2024-04-04 20:38:32,008] {dag.py:2379} INFO - Sync 1 DAGs
[2024-04-04 20:38:32,019] {logging_mixin.py:115} INFO - [2024-04-04 20:38:32,019] {dag.py:2927} INFO - Setting next_dagrun for example_weekday_branch_operator to 2024-04-03T00:00:00+00:00, run_after=2024-04-04T00:00:00+00:00
[2024-04-04 20:38:32,033] {processor.py:161} INFO - Processing /home/dimitri/dimitri/airflowalura/venv/lib/python3.10/site-packages/airflow/example_dags/example_branch_day_of_week_operator.py took 0.049 seconds
[2024-04-04 20:39:07,054] {processor.py:153} INFO - Started process (PID=572636) to work on /home/dimitri/dimitri/airflowalura/venv/lib/python3.10/site-packages/airflow/example_dags/example_branch_day_of_week_operator.py
[2024-04-04 20:39:07,057] {processor.py:641} INFO - Processing file /home/dimitri/dimitri/airflowalura/venv/lib/python3.10/site-packages/airflow/example_dags/example_branch_day_of_week_operator.py for tasks to queue
[2024-04-04 20:39:07,057] {logging_mixin.py:115} INFO - [2024-04-04 20:39:07,057] {dagbag.py:507} INFO - Filling up the DagBag from /home/dimitri/dimitri/airflowalura/venv/lib/python3.10/site-packages/airflow/example_dags/example_branch_day_of_week_operator.py
[2024-04-04 20:39:07,062] {processor.py:651} INFO - DAG(s) dict_keys(['example_weekday_branch_operator']) retrieved from /home/dimitri/dimitri/airflowalura/venv/lib/python3.10/site-packages/airflow/example_dags/example_branch_day_of_week_operator.py
[2024-04-04 20:39:07,074] {logging_mixin.py:115} INFO - [2024-04-04 20:39:07,074] {dag.py:2379} INFO - Sync 1 DAGs
[2024-04-04 20:39:07,084] {logging_mixin.py:115} INFO - [2024-04-04 20:39:07,084] {dag.py:2927} INFO - Setting next_dagrun for example_weekday_branch_operator to 2024-04-03T00:00:00+00:00, run_after=2024-04-04T00:00:00+00:00
[2024-04-04 20:39:07,100] {processor.py:161} INFO - Processing /home/dimitri/dimitri/airflowalura/venv/lib/python3.10/site-packages/airflow/example_dags/example_branch_day_of_week_operator.py took 0.048 seconds
[2024-04-04 20:39:40,208] {processor.py:153} INFO - Started process (PID=572767) to work on /home/dimitri/dimitri/airflowalura/venv/lib/python3.10/site-packages/airflow/example_dags/example_branch_day_of_week_operator.py
[2024-04-04 20:39:40,210] {processor.py:641} INFO - Processing file /home/dimitri/dimitri/airflowalura/venv/lib/python3.10/site-packages/airflow/example_dags/example_branch_day_of_week_operator.py for tasks to queue
[2024-04-04 20:39:40,211] {logging_mixin.py:115} INFO - [2024-04-04 20:39:40,211] {dagbag.py:507} INFO - Filling up the DagBag from /home/dimitri/dimitri/airflowalura/venv/lib/python3.10/site-packages/airflow/example_dags/example_branch_day_of_week_operator.py
[2024-04-04 20:39:40,215] {processor.py:651} INFO - DAG(s) dict_keys(['example_weekday_branch_operator']) retrieved from /home/dimitri/dimitri/airflowalura/venv/lib/python3.10/site-packages/airflow/example_dags/example_branch_day_of_week_operator.py
[2024-04-04 20:39:40,226] {logging_mixin.py:115} INFO - [2024-04-04 20:39:40,226] {dag.py:2379} INFO - Sync 1 DAGs
[2024-04-04 20:39:40,235] {logging_mixin.py:115} INFO - [2024-04-04 20:39:40,235] {dag.py:2927} INFO - Setting next_dagrun for example_weekday_branch_operator to 2024-04-03T00:00:00+00:00, run_after=2024-04-04T00:00:00+00:00
[2024-04-04 20:39:40,251] {processor.py:161} INFO - Processing /home/dimitri/dimitri/airflowalura/venv/lib/python3.10/site-packages/airflow/example_dags/example_branch_day_of_week_operator.py took 0.045 seconds
[2024-04-04 20:40:12,587] {processor.py:153} INFO - Started process (PID=572899) to work on /home/dimitri/dimitri/airflowalura/venv/lib/python3.10/site-packages/airflow/example_dags/example_branch_day_of_week_operator.py
[2024-04-04 20:40:12,588] {processor.py:641} INFO - Processing file /home/dimitri/dimitri/airflowalura/venv/lib/python3.10/site-packages/airflow/example_dags/example_branch_day_of_week_operator.py for tasks to queue
[2024-04-04 20:40:12,589] {logging_mixin.py:115} INFO - [2024-04-04 20:40:12,589] {dagbag.py:507} INFO - Filling up the DagBag from /home/dimitri/dimitri/airflowalura/venv/lib/python3.10/site-packages/airflow/example_dags/example_branch_day_of_week_operator.py
[2024-04-04 20:40:12,593] {processor.py:651} INFO - DAG(s) dict_keys(['example_weekday_branch_operator']) retrieved from /home/dimitri/dimitri/airflowalura/venv/lib/python3.10/site-packages/airflow/example_dags/example_branch_day_of_week_operator.py
[2024-04-04 20:40:12,605] {logging_mixin.py:115} INFO - [2024-04-04 20:40:12,605] {dag.py:2379} INFO - Sync 1 DAGs
[2024-04-04 20:40:12,617] {logging_mixin.py:115} INFO - [2024-04-04 20:40:12,617] {dag.py:2927} INFO - Setting next_dagrun for example_weekday_branch_operator to 2024-04-03T00:00:00+00:00, run_after=2024-04-04T00:00:00+00:00
[2024-04-04 20:40:12,633] {processor.py:161} INFO - Processing /home/dimitri/dimitri/airflowalura/venv/lib/python3.10/site-packages/airflow/example_dags/example_branch_day_of_week_operator.py took 0.047 seconds
[2024-04-04 20:40:47,291] {processor.py:153} INFO - Started process (PID=573029) to work on /home/dimitri/dimitri/airflowalura/venv/lib/python3.10/site-packages/airflow/example_dags/example_branch_day_of_week_operator.py
[2024-04-04 20:40:47,293] {processor.py:641} INFO - Processing file /home/dimitri/dimitri/airflowalura/venv/lib/python3.10/site-packages/airflow/example_dags/example_branch_day_of_week_operator.py for tasks to queue
[2024-04-04 20:40:47,293] {logging_mixin.py:115} INFO - [2024-04-04 20:40:47,293] {dagbag.py:507} INFO - Filling up the DagBag from /home/dimitri/dimitri/airflowalura/venv/lib/python3.10/site-packages/airflow/example_dags/example_branch_day_of_week_operator.py
[2024-04-04 20:40:47,300] {processor.py:651} INFO - DAG(s) dict_keys(['example_weekday_branch_operator']) retrieved from /home/dimitri/dimitri/airflowalura/venv/lib/python3.10/site-packages/airflow/example_dags/example_branch_day_of_week_operator.py
[2024-04-04 20:40:47,318] {logging_mixin.py:115} INFO - [2024-04-04 20:40:47,317] {dag.py:2379} INFO - Sync 1 DAGs
[2024-04-04 20:40:47,335] {logging_mixin.py:115} INFO - [2024-04-04 20:40:47,335] {dag.py:2927} INFO - Setting next_dagrun for example_weekday_branch_operator to 2024-04-03T00:00:00+00:00, run_after=2024-04-04T00:00:00+00:00
[2024-04-04 20:40:47,359] {processor.py:161} INFO - Processing /home/dimitri/dimitri/airflowalura/venv/lib/python3.10/site-packages/airflow/example_dags/example_branch_day_of_week_operator.py took 0.070 seconds
[2024-04-04 20:41:04,923] {processor.py:153} INFO - Started process (PID=573112) to work on /home/dimitri/dimitri/airflowalura/venv/lib/python3.10/site-packages/airflow/example_dags/example_branch_day_of_week_operator.py
[2024-04-04 20:41:04,926] {processor.py:641} INFO - Processing file /home/dimitri/dimitri/airflowalura/venv/lib/python3.10/site-packages/airflow/example_dags/example_branch_day_of_week_operator.py for tasks to queue
[2024-04-04 20:41:04,926] {logging_mixin.py:115} INFO - [2024-04-04 20:41:04,926] {dagbag.py:507} INFO - Filling up the DagBag from /home/dimitri/dimitri/airflowalura/venv/lib/python3.10/site-packages/airflow/example_dags/example_branch_day_of_week_operator.py
[2024-04-04 20:41:04,931] {processor.py:651} INFO - DAG(s) dict_keys(['example_weekday_branch_operator']) retrieved from /home/dimitri/dimitri/airflowalura/venv/lib/python3.10/site-packages/airflow/example_dags/example_branch_day_of_week_operator.py
[2024-04-04 20:41:04,942] {logging_mixin.py:115} INFO - [2024-04-04 20:41:04,942] {dag.py:2379} INFO - Sync 1 DAGs
[2024-04-04 20:41:04,952] {logging_mixin.py:115} INFO - [2024-04-04 20:41:04,952] {dag.py:2927} INFO - Setting next_dagrun for example_weekday_branch_operator to 2024-04-03T00:00:00+00:00, run_after=2024-04-04T00:00:00+00:00
[2024-04-04 20:41:04,967] {processor.py:161} INFO - Processing /home/dimitri/dimitri/airflowalura/venv/lib/python3.10/site-packages/airflow/example_dags/example_branch_day_of_week_operator.py took 0.047 seconds
[2024-04-04 20:41:38,072] {processor.py:153} INFO - Started process (PID=573249) to work on /home/dimitri/dimitri/airflowalura/venv/lib/python3.10/site-packages/airflow/example_dags/example_branch_day_of_week_operator.py
[2024-04-04 20:41:38,074] {processor.py:641} INFO - Processing file /home/dimitri/dimitri/airflowalura/venv/lib/python3.10/site-packages/airflow/example_dags/example_branch_day_of_week_operator.py for tasks to queue
[2024-04-04 20:41:38,075] {logging_mixin.py:115} INFO - [2024-04-04 20:41:38,075] {dagbag.py:507} INFO - Filling up the DagBag from /home/dimitri/dimitri/airflowalura/venv/lib/python3.10/site-packages/airflow/example_dags/example_branch_day_of_week_operator.py
[2024-04-04 20:41:38,080] {processor.py:651} INFO - DAG(s) dict_keys(['example_weekday_branch_operator']) retrieved from /home/dimitri/dimitri/airflowalura/venv/lib/python3.10/site-packages/airflow/example_dags/example_branch_day_of_week_operator.py
[2024-04-04 20:41:38,093] {logging_mixin.py:115} INFO - [2024-04-04 20:41:38,093] {dag.py:2379} INFO - Sync 1 DAGs
[2024-04-04 20:41:38,111] {logging_mixin.py:115} INFO - [2024-04-04 20:41:38,111] {dag.py:2927} INFO - Setting next_dagrun for example_weekday_branch_operator to 2024-04-03T00:00:00+00:00, run_after=2024-04-04T00:00:00+00:00
[2024-04-04 20:41:38,127] {processor.py:161} INFO - Processing /home/dimitri/dimitri/airflowalura/venv/lib/python3.10/site-packages/airflow/example_dags/example_branch_day_of_week_operator.py took 0.058 seconds
[2024-04-04 20:42:14,396] {processor.py:153} INFO - Started process (PID=573391) to work on /home/dimitri/dimitri/airflowalura/venv/lib/python3.10/site-packages/airflow/example_dags/example_branch_day_of_week_operator.py
[2024-04-04 20:42:14,398] {processor.py:641} INFO - Processing file /home/dimitri/dimitri/airflowalura/venv/lib/python3.10/site-packages/airflow/example_dags/example_branch_day_of_week_operator.py for tasks to queue
[2024-04-04 20:42:14,399] {logging_mixin.py:115} INFO - [2024-04-04 20:42:14,399] {dagbag.py:507} INFO - Filling up the DagBag from /home/dimitri/dimitri/airflowalura/venv/lib/python3.10/site-packages/airflow/example_dags/example_branch_day_of_week_operator.py
[2024-04-04 20:42:14,404] {processor.py:651} INFO - DAG(s) dict_keys(['example_weekday_branch_operator']) retrieved from /home/dimitri/dimitri/airflowalura/venv/lib/python3.10/site-packages/airflow/example_dags/example_branch_day_of_week_operator.py
[2024-04-04 20:42:14,416] {logging_mixin.py:115} INFO - [2024-04-04 20:42:14,416] {dag.py:2379} INFO - Sync 1 DAGs
[2024-04-04 20:42:14,426] {logging_mixin.py:115} INFO - [2024-04-04 20:42:14,426] {dag.py:2927} INFO - Setting next_dagrun for example_weekday_branch_operator to 2024-04-03T00:00:00+00:00, run_after=2024-04-04T00:00:00+00:00
[2024-04-04 20:42:14,445] {processor.py:161} INFO - Processing /home/dimitri/dimitri/airflowalura/venv/lib/python3.10/site-packages/airflow/example_dags/example_branch_day_of_week_operator.py took 0.051 seconds
[2024-04-04 20:42:48,089] {processor.py:153} INFO - Started process (PID=573522) to work on /home/dimitri/dimitri/airflowalura/venv/lib/python3.10/site-packages/airflow/example_dags/example_branch_day_of_week_operator.py
[2024-04-04 20:42:48,091] {processor.py:641} INFO - Processing file /home/dimitri/dimitri/airflowalura/venv/lib/python3.10/site-packages/airflow/example_dags/example_branch_day_of_week_operator.py for tasks to queue
[2024-04-04 20:42:48,092] {logging_mixin.py:115} INFO - [2024-04-04 20:42:48,092] {dagbag.py:507} INFO - Filling up the DagBag from /home/dimitri/dimitri/airflowalura/venv/lib/python3.10/site-packages/airflow/example_dags/example_branch_day_of_week_operator.py
[2024-04-04 20:42:48,097] {processor.py:651} INFO - DAG(s) dict_keys(['example_weekday_branch_operator']) retrieved from /home/dimitri/dimitri/airflowalura/venv/lib/python3.10/site-packages/airflow/example_dags/example_branch_day_of_week_operator.py
[2024-04-04 20:42:48,113] {logging_mixin.py:115} INFO - [2024-04-04 20:42:48,112] {dag.py:2379} INFO - Sync 1 DAGs
[2024-04-04 20:42:48,124] {logging_mixin.py:115} INFO - [2024-04-04 20:42:48,124] {dag.py:2927} INFO - Setting next_dagrun for example_weekday_branch_operator to 2024-04-03T00:00:00+00:00, run_after=2024-04-04T00:00:00+00:00
[2024-04-04 20:42:48,143] {processor.py:161} INFO - Processing /home/dimitri/dimitri/airflowalura/venv/lib/python3.10/site-packages/airflow/example_dags/example_branch_day_of_week_operator.py took 0.056 seconds
[2024-04-04 20:43:24,051] {processor.py:153} INFO - Started process (PID=573667) to work on /home/dimitri/dimitri/airflowalura/venv/lib/python3.10/site-packages/airflow/example_dags/example_branch_day_of_week_operator.py
[2024-04-04 20:43:24,053] {processor.py:641} INFO - Processing file /home/dimitri/dimitri/airflowalura/venv/lib/python3.10/site-packages/airflow/example_dags/example_branch_day_of_week_operator.py for tasks to queue
[2024-04-04 20:43:24,053] {logging_mixin.py:115} INFO - [2024-04-04 20:43:24,053] {dagbag.py:507} INFO - Filling up the DagBag from /home/dimitri/dimitri/airflowalura/venv/lib/python3.10/site-packages/airflow/example_dags/example_branch_day_of_week_operator.py
[2024-04-04 20:43:24,059] {processor.py:651} INFO - DAG(s) dict_keys(['example_weekday_branch_operator']) retrieved from /home/dimitri/dimitri/airflowalura/venv/lib/python3.10/site-packages/airflow/example_dags/example_branch_day_of_week_operator.py
[2024-04-04 20:43:24,072] {logging_mixin.py:115} INFO - [2024-04-04 20:43:24,072] {dag.py:2379} INFO - Sync 1 DAGs
[2024-04-04 20:43:24,083] {logging_mixin.py:115} INFO - [2024-04-04 20:43:24,083] {dag.py:2927} INFO - Setting next_dagrun for example_weekday_branch_operator to 2024-04-03T00:00:00+00:00, run_after=2024-04-04T00:00:00+00:00
[2024-04-04 20:43:24,107] {processor.py:161} INFO - Processing /home/dimitri/dimitri/airflowalura/venv/lib/python3.10/site-packages/airflow/example_dags/example_branch_day_of_week_operator.py took 0.059 seconds
[2024-04-04 20:43:56,678] {processor.py:153} INFO - Started process (PID=573792) to work on /home/dimitri/dimitri/airflowalura/venv/lib/python3.10/site-packages/airflow/example_dags/example_branch_day_of_week_operator.py
[2024-04-04 20:43:56,680] {processor.py:641} INFO - Processing file /home/dimitri/dimitri/airflowalura/venv/lib/python3.10/site-packages/airflow/example_dags/example_branch_day_of_week_operator.py for tasks to queue
[2024-04-04 20:43:56,681] {logging_mixin.py:115} INFO - [2024-04-04 20:43:56,681] {dagbag.py:507} INFO - Filling up the DagBag from /home/dimitri/dimitri/airflowalura/venv/lib/python3.10/site-packages/airflow/example_dags/example_branch_day_of_week_operator.py
[2024-04-04 20:43:56,686] {processor.py:651} INFO - DAG(s) dict_keys(['example_weekday_branch_operator']) retrieved from /home/dimitri/dimitri/airflowalura/venv/lib/python3.10/site-packages/airflow/example_dags/example_branch_day_of_week_operator.py
[2024-04-04 20:43:56,700] {logging_mixin.py:115} INFO - [2024-04-04 20:43:56,700] {dag.py:2379} INFO - Sync 1 DAGs
[2024-04-04 20:43:56,712] {logging_mixin.py:115} INFO - [2024-04-04 20:43:56,712] {dag.py:2927} INFO - Setting next_dagrun for example_weekday_branch_operator to 2024-04-03T00:00:00+00:00, run_after=2024-04-04T00:00:00+00:00
[2024-04-04 20:43:56,732] {processor.py:161} INFO - Processing /home/dimitri/dimitri/airflowalura/venv/lib/python3.10/site-packages/airflow/example_dags/example_branch_day_of_week_operator.py took 0.056 seconds
[2024-04-04 20:44:30,024] {processor.py:153} INFO - Started process (PID=573922) to work on /home/dimitri/dimitri/airflowalura/venv/lib/python3.10/site-packages/airflow/example_dags/example_branch_day_of_week_operator.py
[2024-04-04 20:44:30,027] {processor.py:641} INFO - Processing file /home/dimitri/dimitri/airflowalura/venv/lib/python3.10/site-packages/airflow/example_dags/example_branch_day_of_week_operator.py for tasks to queue
[2024-04-04 20:44:30,027] {logging_mixin.py:115} INFO - [2024-04-04 20:44:30,027] {dagbag.py:507} INFO - Filling up the DagBag from /home/dimitri/dimitri/airflowalura/venv/lib/python3.10/site-packages/airflow/example_dags/example_branch_day_of_week_operator.py
[2024-04-04 20:44:30,032] {processor.py:651} INFO - DAG(s) dict_keys(['example_weekday_branch_operator']) retrieved from /home/dimitri/dimitri/airflowalura/venv/lib/python3.10/site-packages/airflow/example_dags/example_branch_day_of_week_operator.py
[2024-04-04 20:44:30,046] {logging_mixin.py:115} INFO - [2024-04-04 20:44:30,046] {dag.py:2379} INFO - Sync 1 DAGs
[2024-04-04 20:44:30,057] {logging_mixin.py:115} INFO - [2024-04-04 20:44:30,057] {dag.py:2927} INFO - Setting next_dagrun for example_weekday_branch_operator to 2024-04-03T00:00:00+00:00, run_after=2024-04-04T00:00:00+00:00
[2024-04-04 20:44:30,073] {processor.py:161} INFO - Processing /home/dimitri/dimitri/airflowalura/venv/lib/python3.10/site-packages/airflow/example_dags/example_branch_day_of_week_operator.py took 0.051 seconds
[2024-04-04 20:45:03,778] {processor.py:153} INFO - Started process (PID=574059) to work on /home/dimitri/dimitri/airflowalura/venv/lib/python3.10/site-packages/airflow/example_dags/example_branch_day_of_week_operator.py
[2024-04-04 20:45:03,779] {processor.py:641} INFO - Processing file /home/dimitri/dimitri/airflowalura/venv/lib/python3.10/site-packages/airflow/example_dags/example_branch_day_of_week_operator.py for tasks to queue
[2024-04-04 20:45:03,780] {logging_mixin.py:115} INFO - [2024-04-04 20:45:03,780] {dagbag.py:507} INFO - Filling up the DagBag from /home/dimitri/dimitri/airflowalura/venv/lib/python3.10/site-packages/airflow/example_dags/example_branch_day_of_week_operator.py
[2024-04-04 20:45:03,787] {processor.py:651} INFO - DAG(s) dict_keys(['example_weekday_branch_operator']) retrieved from /home/dimitri/dimitri/airflowalura/venv/lib/python3.10/site-packages/airflow/example_dags/example_branch_day_of_week_operator.py
[2024-04-04 20:45:03,799] {logging_mixin.py:115} INFO - [2024-04-04 20:45:03,799] {dag.py:2379} INFO - Sync 1 DAGs
[2024-04-04 20:45:03,809] {logging_mixin.py:115} INFO - [2024-04-04 20:45:03,809] {dag.py:2927} INFO - Setting next_dagrun for example_weekday_branch_operator to 2024-04-03T00:00:00+00:00, run_after=2024-04-04T00:00:00+00:00
[2024-04-04 20:45:03,825] {processor.py:161} INFO - Processing /home/dimitri/dimitri/airflowalura/venv/lib/python3.10/site-packages/airflow/example_dags/example_branch_day_of_week_operator.py took 0.050 seconds
[2024-04-04 20:45:39,981] {processor.py:153} INFO - Started process (PID=574198) to work on /home/dimitri/dimitri/airflowalura/venv/lib/python3.10/site-packages/airflow/example_dags/example_branch_day_of_week_operator.py
[2024-04-04 20:45:39,982] {processor.py:641} INFO - Processing file /home/dimitri/dimitri/airflowalura/venv/lib/python3.10/site-packages/airflow/example_dags/example_branch_day_of_week_operator.py for tasks to queue
[2024-04-04 20:45:39,982] {logging_mixin.py:115} INFO - [2024-04-04 20:45:39,982] {dagbag.py:507} INFO - Filling up the DagBag from /home/dimitri/dimitri/airflowalura/venv/lib/python3.10/site-packages/airflow/example_dags/example_branch_day_of_week_operator.py
[2024-04-04 20:45:39,987] {processor.py:651} INFO - DAG(s) dict_keys(['example_weekday_branch_operator']) retrieved from /home/dimitri/dimitri/airflowalura/venv/lib/python3.10/site-packages/airflow/example_dags/example_branch_day_of_week_operator.py
[2024-04-04 20:45:40,005] {logging_mixin.py:115} INFO - [2024-04-04 20:45:40,005] {dag.py:2379} INFO - Sync 1 DAGs
[2024-04-04 20:45:40,022] {logging_mixin.py:115} INFO - [2024-04-04 20:45:40,021] {dag.py:2927} INFO - Setting next_dagrun for example_weekday_branch_operator to 2024-04-03T00:00:00+00:00, run_after=2024-04-04T00:00:00+00:00
[2024-04-04 20:45:40,039] {processor.py:161} INFO - Processing /home/dimitri/dimitri/airflowalura/venv/lib/python3.10/site-packages/airflow/example_dags/example_branch_day_of_week_operator.py took 0.060 seconds
[2024-04-04 20:46:12,155] {processor.py:153} INFO - Started process (PID=574322) to work on /home/dimitri/dimitri/airflowalura/venv/lib/python3.10/site-packages/airflow/example_dags/example_branch_day_of_week_operator.py
[2024-04-04 20:46:12,157] {processor.py:641} INFO - Processing file /home/dimitri/dimitri/airflowalura/venv/lib/python3.10/site-packages/airflow/example_dags/example_branch_day_of_week_operator.py for tasks to queue
[2024-04-04 20:46:12,158] {logging_mixin.py:115} INFO - [2024-04-04 20:46:12,158] {dagbag.py:507} INFO - Filling up the DagBag from /home/dimitri/dimitri/airflowalura/venv/lib/python3.10/site-packages/airflow/example_dags/example_branch_day_of_week_operator.py
[2024-04-04 20:46:12,163] {processor.py:651} INFO - DAG(s) dict_keys(['example_weekday_branch_operator']) retrieved from /home/dimitri/dimitri/airflowalura/venv/lib/python3.10/site-packages/airflow/example_dags/example_branch_day_of_week_operator.py
[2024-04-04 20:46:12,175] {logging_mixin.py:115} INFO - [2024-04-04 20:46:12,175] {dag.py:2379} INFO - Sync 1 DAGs
[2024-04-04 20:46:12,188] {logging_mixin.py:115} INFO - [2024-04-04 20:46:12,188] {dag.py:2927} INFO - Setting next_dagrun for example_weekday_branch_operator to 2024-04-03T00:00:00+00:00, run_after=2024-04-04T00:00:00+00:00
[2024-04-04 20:46:12,207] {processor.py:161} INFO - Processing /home/dimitri/dimitri/airflowalura/venv/lib/python3.10/site-packages/airflow/example_dags/example_branch_day_of_week_operator.py took 0.055 seconds
[2024-04-04 20:46:47,120] {processor.py:153} INFO - Started process (PID=574467) to work on /home/dimitri/dimitri/airflowalura/venv/lib/python3.10/site-packages/airflow/example_dags/example_branch_day_of_week_operator.py
[2024-04-04 20:46:47,123] {processor.py:641} INFO - Processing file /home/dimitri/dimitri/airflowalura/venv/lib/python3.10/site-packages/airflow/example_dags/example_branch_day_of_week_operator.py for tasks to queue
[2024-04-04 20:46:47,123] {logging_mixin.py:115} INFO - [2024-04-04 20:46:47,123] {dagbag.py:507} INFO - Filling up the DagBag from /home/dimitri/dimitri/airflowalura/venv/lib/python3.10/site-packages/airflow/example_dags/example_branch_day_of_week_operator.py
[2024-04-04 20:46:47,128] {processor.py:651} INFO - DAG(s) dict_keys(['example_weekday_branch_operator']) retrieved from /home/dimitri/dimitri/airflowalura/venv/lib/python3.10/site-packages/airflow/example_dags/example_branch_day_of_week_operator.py
[2024-04-04 20:46:47,140] {logging_mixin.py:115} INFO - [2024-04-04 20:46:47,140] {dag.py:2379} INFO - Sync 1 DAGs
[2024-04-04 20:46:47,151] {logging_mixin.py:115} INFO - [2024-04-04 20:46:47,151] {dag.py:2927} INFO - Setting next_dagrun for example_weekday_branch_operator to 2024-04-03T00:00:00+00:00, run_after=2024-04-04T00:00:00+00:00
[2024-04-04 20:46:47,168] {processor.py:161} INFO - Processing /home/dimitri/dimitri/airflowalura/venv/lib/python3.10/site-packages/airflow/example_dags/example_branch_day_of_week_operator.py took 0.051 seconds
[2024-04-04 20:47:19,856] {processor.py:153} INFO - Started process (PID=574607) to work on /home/dimitri/dimitri/airflowalura/venv/lib/python3.10/site-packages/airflow/example_dags/example_branch_day_of_week_operator.py
[2024-04-04 20:47:19,859] {processor.py:641} INFO - Processing file /home/dimitri/dimitri/airflowalura/venv/lib/python3.10/site-packages/airflow/example_dags/example_branch_day_of_week_operator.py for tasks to queue
[2024-04-04 20:47:19,860] {logging_mixin.py:115} INFO - [2024-04-04 20:47:19,859] {dagbag.py:507} INFO - Filling up the DagBag from /home/dimitri/dimitri/airflowalura/venv/lib/python3.10/site-packages/airflow/example_dags/example_branch_day_of_week_operator.py
[2024-04-04 20:47:19,866] {processor.py:651} INFO - DAG(s) dict_keys(['example_weekday_branch_operator']) retrieved from /home/dimitri/dimitri/airflowalura/venv/lib/python3.10/site-packages/airflow/example_dags/example_branch_day_of_week_operator.py
[2024-04-04 20:47:19,878] {logging_mixin.py:115} INFO - [2024-04-04 20:47:19,878] {dag.py:2379} INFO - Sync 1 DAGs
[2024-04-04 20:47:19,891] {logging_mixin.py:115} INFO - [2024-04-04 20:47:19,891] {dag.py:2927} INFO - Setting next_dagrun for example_weekday_branch_operator to 2024-04-03T00:00:00+00:00, run_after=2024-04-04T00:00:00+00:00
[2024-04-04 20:47:19,909] {processor.py:161} INFO - Processing /home/dimitri/dimitri/airflowalura/venv/lib/python3.10/site-packages/airflow/example_dags/example_branch_day_of_week_operator.py took 0.055 seconds
[2024-04-04 20:47:54,526] {processor.py:153} INFO - Started process (PID=574738) to work on /home/dimitri/dimitri/airflowalura/venv/lib/python3.10/site-packages/airflow/example_dags/example_branch_day_of_week_operator.py
[2024-04-04 20:47:54,528] {processor.py:641} INFO - Processing file /home/dimitri/dimitri/airflowalura/venv/lib/python3.10/site-packages/airflow/example_dags/example_branch_day_of_week_operator.py for tasks to queue
[2024-04-04 20:47:54,529] {logging_mixin.py:115} INFO - [2024-04-04 20:47:54,529] {dagbag.py:507} INFO - Filling up the DagBag from /home/dimitri/dimitri/airflowalura/venv/lib/python3.10/site-packages/airflow/example_dags/example_branch_day_of_week_operator.py
[2024-04-04 20:47:54,535] {processor.py:651} INFO - DAG(s) dict_keys(['example_weekday_branch_operator']) retrieved from /home/dimitri/dimitri/airflowalura/venv/lib/python3.10/site-packages/airflow/example_dags/example_branch_day_of_week_operator.py
[2024-04-04 20:47:54,551] {logging_mixin.py:115} INFO - [2024-04-04 20:47:54,551] {dag.py:2379} INFO - Sync 1 DAGs
[2024-04-04 20:47:54,566] {logging_mixin.py:115} INFO - [2024-04-04 20:47:54,566] {dag.py:2927} INFO - Setting next_dagrun for example_weekday_branch_operator to 2024-04-03T00:00:00+00:00, run_after=2024-04-04T00:00:00+00:00
[2024-04-04 20:47:54,583] {processor.py:161} INFO - Processing /home/dimitri/dimitri/airflowalura/venv/lib/python3.10/site-packages/airflow/example_dags/example_branch_day_of_week_operator.py took 0.059 seconds
[2024-04-04 20:48:27,231] {processor.py:153} INFO - Started process (PID=574872) to work on /home/dimitri/dimitri/airflowalura/venv/lib/python3.10/site-packages/airflow/example_dags/example_branch_day_of_week_operator.py
[2024-04-04 20:48:27,231] {processor.py:641} INFO - Processing file /home/dimitri/dimitri/airflowalura/venv/lib/python3.10/site-packages/airflow/example_dags/example_branch_day_of_week_operator.py for tasks to queue
[2024-04-04 20:48:27,232] {logging_mixin.py:115} INFO - [2024-04-04 20:48:27,231] {dagbag.py:507} INFO - Filling up the DagBag from /home/dimitri/dimitri/airflowalura/venv/lib/python3.10/site-packages/airflow/example_dags/example_branch_day_of_week_operator.py
[2024-04-04 20:48:27,236] {processor.py:651} INFO - DAG(s) dict_keys(['example_weekday_branch_operator']) retrieved from /home/dimitri/dimitri/airflowalura/venv/lib/python3.10/site-packages/airflow/example_dags/example_branch_day_of_week_operator.py
[2024-04-04 20:48:27,250] {logging_mixin.py:115} INFO - [2024-04-04 20:48:27,249] {dag.py:2379} INFO - Sync 1 DAGs
[2024-04-04 20:48:27,261] {logging_mixin.py:115} INFO - [2024-04-04 20:48:27,261] {dag.py:2927} INFO - Setting next_dagrun for example_weekday_branch_operator to 2024-04-03T00:00:00+00:00, run_after=2024-04-04T00:00:00+00:00
[2024-04-04 20:48:27,278] {processor.py:161} INFO - Processing /home/dimitri/dimitri/airflowalura/venv/lib/python3.10/site-packages/airflow/example_dags/example_branch_day_of_week_operator.py took 0.049 seconds
[2024-04-04 20:49:01,049] {processor.py:153} INFO - Started process (PID=575003) to work on /home/dimitri/dimitri/airflowalura/venv/lib/python3.10/site-packages/airflow/example_dags/example_branch_day_of_week_operator.py
[2024-04-04 20:49:01,051] {processor.py:641} INFO - Processing file /home/dimitri/dimitri/airflowalura/venv/lib/python3.10/site-packages/airflow/example_dags/example_branch_day_of_week_operator.py for tasks to queue
[2024-04-04 20:49:01,052] {logging_mixin.py:115} INFO - [2024-04-04 20:49:01,052] {dagbag.py:507} INFO - Filling up the DagBag from /home/dimitri/dimitri/airflowalura/venv/lib/python3.10/site-packages/airflow/example_dags/example_branch_day_of_week_operator.py
[2024-04-04 20:49:01,056] {processor.py:651} INFO - DAG(s) dict_keys(['example_weekday_branch_operator']) retrieved from /home/dimitri/dimitri/airflowalura/venv/lib/python3.10/site-packages/airflow/example_dags/example_branch_day_of_week_operator.py
[2024-04-04 20:49:01,068] {logging_mixin.py:115} INFO - [2024-04-04 20:49:01,068] {dag.py:2379} INFO - Sync 1 DAGs
[2024-04-04 20:49:01,080] {logging_mixin.py:115} INFO - [2024-04-04 20:49:01,079] {dag.py:2927} INFO - Setting next_dagrun for example_weekday_branch_operator to 2024-04-03T00:00:00+00:00, run_after=2024-04-04T00:00:00+00:00
[2024-04-04 20:49:01,096] {processor.py:161} INFO - Processing /home/dimitri/dimitri/airflowalura/venv/lib/python3.10/site-packages/airflow/example_dags/example_branch_day_of_week_operator.py took 0.049 seconds
[2024-04-04 20:49:33,793] {processor.py:153} INFO - Started process (PID=575134) to work on /home/dimitri/dimitri/airflowalura/venv/lib/python3.10/site-packages/airflow/example_dags/example_branch_day_of_week_operator.py
[2024-04-04 20:49:33,796] {processor.py:641} INFO - Processing file /home/dimitri/dimitri/airflowalura/venv/lib/python3.10/site-packages/airflow/example_dags/example_branch_day_of_week_operator.py for tasks to queue
[2024-04-04 20:49:33,796] {logging_mixin.py:115} INFO - [2024-04-04 20:49:33,796] {dagbag.py:507} INFO - Filling up the DagBag from /home/dimitri/dimitri/airflowalura/venv/lib/python3.10/site-packages/airflow/example_dags/example_branch_day_of_week_operator.py
[2024-04-04 20:49:33,801] {processor.py:651} INFO - DAG(s) dict_keys(['example_weekday_branch_operator']) retrieved from /home/dimitri/dimitri/airflowalura/venv/lib/python3.10/site-packages/airflow/example_dags/example_branch_day_of_week_operator.py
[2024-04-04 20:49:33,814] {logging_mixin.py:115} INFO - [2024-04-04 20:49:33,814] {dag.py:2379} INFO - Sync 1 DAGs
[2024-04-04 20:49:33,825] {logging_mixin.py:115} INFO - [2024-04-04 20:49:33,825] {dag.py:2927} INFO - Setting next_dagrun for example_weekday_branch_operator to 2024-04-03T00:00:00+00:00, run_after=2024-04-04T00:00:00+00:00
[2024-04-04 20:49:33,841] {processor.py:161} INFO - Processing /home/dimitri/dimitri/airflowalura/venv/lib/python3.10/site-packages/airflow/example_dags/example_branch_day_of_week_operator.py took 0.052 seconds
[2024-04-04 20:50:03,970] {processor.py:153} INFO - Started process (PID=575259) to work on /home/dimitri/dimitri/airflowalura/venv/lib/python3.10/site-packages/airflow/example_dags/example_branch_day_of_week_operator.py
[2024-04-04 20:50:03,972] {processor.py:641} INFO - Processing file /home/dimitri/dimitri/airflowalura/venv/lib/python3.10/site-packages/airflow/example_dags/example_branch_day_of_week_operator.py for tasks to queue
[2024-04-04 20:50:03,973] {logging_mixin.py:115} INFO - [2024-04-04 20:50:03,973] {dagbag.py:507} INFO - Filling up the DagBag from /home/dimitri/dimitri/airflowalura/venv/lib/python3.10/site-packages/airflow/example_dags/example_branch_day_of_week_operator.py
[2024-04-04 20:50:03,977] {processor.py:651} INFO - DAG(s) dict_keys(['example_weekday_branch_operator']) retrieved from /home/dimitri/dimitri/airflowalura/venv/lib/python3.10/site-packages/airflow/example_dags/example_branch_day_of_week_operator.py
[2024-04-04 20:50:03,989] {logging_mixin.py:115} INFO - [2024-04-04 20:50:03,989] {dag.py:2379} INFO - Sync 1 DAGs
[2024-04-04 20:50:03,999] {logging_mixin.py:115} INFO - [2024-04-04 20:50:03,999] {dag.py:2927} INFO - Setting next_dagrun for example_weekday_branch_operator to 2024-04-03T00:00:00+00:00, run_after=2024-04-04T00:00:00+00:00
[2024-04-04 20:50:04,015] {processor.py:161} INFO - Processing /home/dimitri/dimitri/airflowalura/venv/lib/python3.10/site-packages/airflow/example_dags/example_branch_day_of_week_operator.py took 0.047 seconds
[2024-04-04 20:50:38,942] {processor.py:153} INFO - Started process (PID=575391) to work on /home/dimitri/dimitri/airflowalura/venv/lib/python3.10/site-packages/airflow/example_dags/example_branch_day_of_week_operator.py
[2024-04-04 20:50:38,944] {processor.py:641} INFO - Processing file /home/dimitri/dimitri/airflowalura/venv/lib/python3.10/site-packages/airflow/example_dags/example_branch_day_of_week_operator.py for tasks to queue
[2024-04-04 20:50:38,944] {logging_mixin.py:115} INFO - [2024-04-04 20:50:38,944] {dagbag.py:507} INFO - Filling up the DagBag from /home/dimitri/dimitri/airflowalura/venv/lib/python3.10/site-packages/airflow/example_dags/example_branch_day_of_week_operator.py
[2024-04-04 20:50:38,949] {processor.py:651} INFO - DAG(s) dict_keys(['example_weekday_branch_operator']) retrieved from /home/dimitri/dimitri/airflowalura/venv/lib/python3.10/site-packages/airflow/example_dags/example_branch_day_of_week_operator.py
[2024-04-04 20:50:38,961] {logging_mixin.py:115} INFO - [2024-04-04 20:50:38,961] {dag.py:2379} INFO - Sync 1 DAGs
[2024-04-04 20:50:38,972] {logging_mixin.py:115} INFO - [2024-04-04 20:50:38,971] {dag.py:2927} INFO - Setting next_dagrun for example_weekday_branch_operator to 2024-04-03T00:00:00+00:00, run_after=2024-04-04T00:00:00+00:00
[2024-04-04 20:50:38,988] {processor.py:161} INFO - Processing /home/dimitri/dimitri/airflowalura/venv/lib/python3.10/site-packages/airflow/example_dags/example_branch_day_of_week_operator.py took 0.048 seconds
[2024-04-04 20:51:13,457] {processor.py:153} INFO - Started process (PID=575528) to work on /home/dimitri/dimitri/airflowalura/venv/lib/python3.10/site-packages/airflow/example_dags/example_branch_day_of_week_operator.py
[2024-04-04 20:51:13,459] {processor.py:641} INFO - Processing file /home/dimitri/dimitri/airflowalura/venv/lib/python3.10/site-packages/airflow/example_dags/example_branch_day_of_week_operator.py for tasks to queue
[2024-04-04 20:51:13,459] {logging_mixin.py:115} INFO - [2024-04-04 20:51:13,459] {dagbag.py:507} INFO - Filling up the DagBag from /home/dimitri/dimitri/airflowalura/venv/lib/python3.10/site-packages/airflow/example_dags/example_branch_day_of_week_operator.py
[2024-04-04 20:51:13,465] {processor.py:651} INFO - DAG(s) dict_keys(['example_weekday_branch_operator']) retrieved from /home/dimitri/dimitri/airflowalura/venv/lib/python3.10/site-packages/airflow/example_dags/example_branch_day_of_week_operator.py
[2024-04-04 20:51:13,476] {logging_mixin.py:115} INFO - [2024-04-04 20:51:13,476] {dag.py:2379} INFO - Sync 1 DAGs
[2024-04-04 20:51:13,486] {logging_mixin.py:115} INFO - [2024-04-04 20:51:13,486] {dag.py:2927} INFO - Setting next_dagrun for example_weekday_branch_operator to 2024-04-03T00:00:00+00:00, run_after=2024-04-04T00:00:00+00:00
[2024-04-04 20:51:13,501] {processor.py:161} INFO - Processing /home/dimitri/dimitri/airflowalura/venv/lib/python3.10/site-packages/airflow/example_dags/example_branch_day_of_week_operator.py took 0.047 seconds
[2024-04-04 20:51:44,420] {processor.py:153} INFO - Started process (PID=575649) to work on /home/dimitri/dimitri/airflowalura/venv/lib/python3.10/site-packages/airflow/example_dags/example_branch_day_of_week_operator.py
[2024-04-04 20:51:44,424] {processor.py:641} INFO - Processing file /home/dimitri/dimitri/airflowalura/venv/lib/python3.10/site-packages/airflow/example_dags/example_branch_day_of_week_operator.py for tasks to queue
[2024-04-04 20:51:44,424] {logging_mixin.py:115} INFO - [2024-04-04 20:51:44,424] {dagbag.py:507} INFO - Filling up the DagBag from /home/dimitri/dimitri/airflowalura/venv/lib/python3.10/site-packages/airflow/example_dags/example_branch_day_of_week_operator.py
[2024-04-04 20:51:44,429] {processor.py:651} INFO - DAG(s) dict_keys(['example_weekday_branch_operator']) retrieved from /home/dimitri/dimitri/airflowalura/venv/lib/python3.10/site-packages/airflow/example_dags/example_branch_day_of_week_operator.py
[2024-04-04 20:51:44,443] {logging_mixin.py:115} INFO - [2024-04-04 20:51:44,443] {dag.py:2379} INFO - Sync 1 DAGs
[2024-04-04 20:51:44,454] {logging_mixin.py:115} INFO - [2024-04-04 20:51:44,454] {dag.py:2927} INFO - Setting next_dagrun for example_weekday_branch_operator to 2024-04-03T00:00:00+00:00, run_after=2024-04-04T00:00:00+00:00
[2024-04-04 20:51:44,472] {processor.py:161} INFO - Processing /home/dimitri/dimitri/airflowalura/venv/lib/python3.10/site-packages/airflow/example_dags/example_branch_day_of_week_operator.py took 0.054 seconds
[2024-04-04 20:52:19,194] {processor.py:153} INFO - Started process (PID=575783) to work on /home/dimitri/dimitri/airflowalura/venv/lib/python3.10/site-packages/airflow/example_dags/example_branch_day_of_week_operator.py
[2024-04-04 20:52:19,197] {processor.py:641} INFO - Processing file /home/dimitri/dimitri/airflowalura/venv/lib/python3.10/site-packages/airflow/example_dags/example_branch_day_of_week_operator.py for tasks to queue
[2024-04-04 20:52:19,197] {logging_mixin.py:115} INFO - [2024-04-04 20:52:19,197] {dagbag.py:507} INFO - Filling up the DagBag from /home/dimitri/dimitri/airflowalura/venv/lib/python3.10/site-packages/airflow/example_dags/example_branch_day_of_week_operator.py
[2024-04-04 20:52:19,203] {processor.py:651} INFO - DAG(s) dict_keys(['example_weekday_branch_operator']) retrieved from /home/dimitri/dimitri/airflowalura/venv/lib/python3.10/site-packages/airflow/example_dags/example_branch_day_of_week_operator.py
[2024-04-04 20:52:19,218] {logging_mixin.py:115} INFO - [2024-04-04 20:52:19,218] {dag.py:2379} INFO - Sync 1 DAGs
[2024-04-04 20:52:19,232] {logging_mixin.py:115} INFO - [2024-04-04 20:52:19,231] {dag.py:2927} INFO - Setting next_dagrun for example_weekday_branch_operator to 2024-04-03T00:00:00+00:00, run_after=2024-04-04T00:00:00+00:00
[2024-04-04 20:52:19,254] {processor.py:161} INFO - Processing /home/dimitri/dimitri/airflowalura/venv/lib/python3.10/site-packages/airflow/example_dags/example_branch_day_of_week_operator.py took 0.062 seconds
[2024-04-04 20:52:54,210] {processor.py:153} INFO - Started process (PID=575916) to work on /home/dimitri/dimitri/airflowalura/venv/lib/python3.10/site-packages/airflow/example_dags/example_branch_day_of_week_operator.py
[2024-04-04 20:52:54,212] {processor.py:641} INFO - Processing file /home/dimitri/dimitri/airflowalura/venv/lib/python3.10/site-packages/airflow/example_dags/example_branch_day_of_week_operator.py for tasks to queue
[2024-04-04 20:52:54,212] {logging_mixin.py:115} INFO - [2024-04-04 20:52:54,212] {dagbag.py:507} INFO - Filling up the DagBag from /home/dimitri/dimitri/airflowalura/venv/lib/python3.10/site-packages/airflow/example_dags/example_branch_day_of_week_operator.py
[2024-04-04 20:52:54,220] {processor.py:651} INFO - DAG(s) dict_keys(['example_weekday_branch_operator']) retrieved from /home/dimitri/dimitri/airflowalura/venv/lib/python3.10/site-packages/airflow/example_dags/example_branch_day_of_week_operator.py
[2024-04-04 20:52:54,231] {logging_mixin.py:115} INFO - [2024-04-04 20:52:54,231] {dag.py:2379} INFO - Sync 1 DAGs
[2024-04-04 20:52:54,242] {logging_mixin.py:115} INFO - [2024-04-04 20:52:54,242] {dag.py:2927} INFO - Setting next_dagrun for example_weekday_branch_operator to 2024-04-03T00:00:00+00:00, run_after=2024-04-04T00:00:00+00:00
[2024-04-04 20:52:54,257] {processor.py:161} INFO - Processing /home/dimitri/dimitri/airflowalura/venv/lib/python3.10/site-packages/airflow/example_dags/example_branch_day_of_week_operator.py took 0.050 seconds
[2024-04-04 20:53:27,479] {processor.py:153} INFO - Started process (PID=576046) to work on /home/dimitri/dimitri/airflowalura/venv/lib/python3.10/site-packages/airflow/example_dags/example_branch_day_of_week_operator.py
[2024-04-04 20:53:27,482] {processor.py:641} INFO - Processing file /home/dimitri/dimitri/airflowalura/venv/lib/python3.10/site-packages/airflow/example_dags/example_branch_day_of_week_operator.py for tasks to queue
[2024-04-04 20:53:27,482] {logging_mixin.py:115} INFO - [2024-04-04 20:53:27,482] {dagbag.py:507} INFO - Filling up the DagBag from /home/dimitri/dimitri/airflowalura/venv/lib/python3.10/site-packages/airflow/example_dags/example_branch_day_of_week_operator.py
[2024-04-04 20:53:27,487] {processor.py:651} INFO - DAG(s) dict_keys(['example_weekday_branch_operator']) retrieved from /home/dimitri/dimitri/airflowalura/venv/lib/python3.10/site-packages/airflow/example_dags/example_branch_day_of_week_operator.py
[2024-04-04 20:53:27,498] {logging_mixin.py:115} INFO - [2024-04-04 20:53:27,498] {dag.py:2379} INFO - Sync 1 DAGs
[2024-04-04 20:53:27,509] {logging_mixin.py:115} INFO - [2024-04-04 20:53:27,509] {dag.py:2927} INFO - Setting next_dagrun for example_weekday_branch_operator to 2024-04-03T00:00:00+00:00, run_after=2024-04-04T00:00:00+00:00
[2024-04-04 20:53:27,524] {processor.py:161} INFO - Processing /home/dimitri/dimitri/airflowalura/venv/lib/python3.10/site-packages/airflow/example_dags/example_branch_day_of_week_operator.py took 0.048 seconds
[2024-04-04 20:53:59,557] {processor.py:153} INFO - Started process (PID=576175) to work on /home/dimitri/dimitri/airflowalura/venv/lib/python3.10/site-packages/airflow/example_dags/example_branch_day_of_week_operator.py
[2024-04-04 20:53:59,560] {processor.py:641} INFO - Processing file /home/dimitri/dimitri/airflowalura/venv/lib/python3.10/site-packages/airflow/example_dags/example_branch_day_of_week_operator.py for tasks to queue
[2024-04-04 20:53:59,560] {logging_mixin.py:115} INFO - [2024-04-04 20:53:59,560] {dagbag.py:507} INFO - Filling up the DagBag from /home/dimitri/dimitri/airflowalura/venv/lib/python3.10/site-packages/airflow/example_dags/example_branch_day_of_week_operator.py
[2024-04-04 20:53:59,565] {processor.py:651} INFO - DAG(s) dict_keys(['example_weekday_branch_operator']) retrieved from /home/dimitri/dimitri/airflowalura/venv/lib/python3.10/site-packages/airflow/example_dags/example_branch_day_of_week_operator.py
[2024-04-04 20:53:59,576] {logging_mixin.py:115} INFO - [2024-04-04 20:53:59,576] {dag.py:2379} INFO - Sync 1 DAGs
[2024-04-04 20:53:59,590] {logging_mixin.py:115} INFO - [2024-04-04 20:53:59,590] {dag.py:2927} INFO - Setting next_dagrun for example_weekday_branch_operator to 2024-04-03T00:00:00+00:00, run_after=2024-04-04T00:00:00+00:00
[2024-04-04 20:53:59,606] {processor.py:161} INFO - Processing /home/dimitri/dimitri/airflowalura/venv/lib/python3.10/site-packages/airflow/example_dags/example_branch_day_of_week_operator.py took 0.053 seconds
[2024-04-04 20:54:31,059] {processor.py:153} INFO - Started process (PID=576298) to work on /home/dimitri/dimitri/airflowalura/venv/lib/python3.10/site-packages/airflow/example_dags/example_branch_day_of_week_operator.py
[2024-04-04 20:54:31,061] {processor.py:641} INFO - Processing file /home/dimitri/dimitri/airflowalura/venv/lib/python3.10/site-packages/airflow/example_dags/example_branch_day_of_week_operator.py for tasks to queue
[2024-04-04 20:54:31,062] {logging_mixin.py:115} INFO - [2024-04-04 20:54:31,062] {dagbag.py:507} INFO - Filling up the DagBag from /home/dimitri/dimitri/airflowalura/venv/lib/python3.10/site-packages/airflow/example_dags/example_branch_day_of_week_operator.py
[2024-04-04 20:54:31,075] {processor.py:651} INFO - DAG(s) dict_keys(['example_weekday_branch_operator']) retrieved from /home/dimitri/dimitri/airflowalura/venv/lib/python3.10/site-packages/airflow/example_dags/example_branch_day_of_week_operator.py
[2024-04-04 20:54:31,088] {logging_mixin.py:115} INFO - [2024-04-04 20:54:31,088] {dag.py:2379} INFO - Sync 1 DAGs
[2024-04-04 20:54:31,099] {logging_mixin.py:115} INFO - [2024-04-04 20:54:31,099] {dag.py:2927} INFO - Setting next_dagrun for example_weekday_branch_operator to 2024-04-03T00:00:00+00:00, run_after=2024-04-04T00:00:00+00:00
[2024-04-04 20:54:31,117] {processor.py:161} INFO - Processing /home/dimitri/dimitri/airflowalura/venv/lib/python3.10/site-packages/airflow/example_dags/example_branch_day_of_week_operator.py took 0.060 seconds
[2024-04-04 20:55:03,222] {processor.py:153} INFO - Started process (PID=576421) to work on /home/dimitri/dimitri/airflowalura/venv/lib/python3.10/site-packages/airflow/example_dags/example_branch_day_of_week_operator.py
[2024-04-04 20:55:03,225] {processor.py:641} INFO - Processing file /home/dimitri/dimitri/airflowalura/venv/lib/python3.10/site-packages/airflow/example_dags/example_branch_day_of_week_operator.py for tasks to queue
[2024-04-04 20:55:03,225] {logging_mixin.py:115} INFO - [2024-04-04 20:55:03,225] {dagbag.py:507} INFO - Filling up the DagBag from /home/dimitri/dimitri/airflowalura/venv/lib/python3.10/site-packages/airflow/example_dags/example_branch_day_of_week_operator.py
[2024-04-04 20:55:03,231] {processor.py:651} INFO - DAG(s) dict_keys(['example_weekday_branch_operator']) retrieved from /home/dimitri/dimitri/airflowalura/venv/lib/python3.10/site-packages/airflow/example_dags/example_branch_day_of_week_operator.py
[2024-04-04 20:55:03,242] {logging_mixin.py:115} INFO - [2024-04-04 20:55:03,241] {dag.py:2379} INFO - Sync 1 DAGs
[2024-04-04 20:55:03,252] {logging_mixin.py:115} INFO - [2024-04-04 20:55:03,252] {dag.py:2927} INFO - Setting next_dagrun for example_weekday_branch_operator to 2024-04-03T00:00:00+00:00, run_after=2024-04-04T00:00:00+00:00
[2024-04-04 20:55:03,268] {processor.py:161} INFO - Processing /home/dimitri/dimitri/airflowalura/venv/lib/python3.10/site-packages/airflow/example_dags/example_branch_day_of_week_operator.py took 0.048 seconds
[2024-04-04 20:55:36,722] {processor.py:153} INFO - Started process (PID=576552) to work on /home/dimitri/dimitri/airflowalura/venv/lib/python3.10/site-packages/airflow/example_dags/example_branch_day_of_week_operator.py
[2024-04-04 20:55:36,724] {processor.py:641} INFO - Processing file /home/dimitri/dimitri/airflowalura/venv/lib/python3.10/site-packages/airflow/example_dags/example_branch_day_of_week_operator.py for tasks to queue
[2024-04-04 20:55:36,725] {logging_mixin.py:115} INFO - [2024-04-04 20:55:36,725] {dagbag.py:507} INFO - Filling up the DagBag from /home/dimitri/dimitri/airflowalura/venv/lib/python3.10/site-packages/airflow/example_dags/example_branch_day_of_week_operator.py
[2024-04-04 20:55:36,732] {processor.py:651} INFO - DAG(s) dict_keys(['example_weekday_branch_operator']) retrieved from /home/dimitri/dimitri/airflowalura/venv/lib/python3.10/site-packages/airflow/example_dags/example_branch_day_of_week_operator.py
[2024-04-04 20:55:36,744] {logging_mixin.py:115} INFO - [2024-04-04 20:55:36,743] {dag.py:2379} INFO - Sync 1 DAGs
[2024-04-04 20:55:36,754] {logging_mixin.py:115} INFO - [2024-04-04 20:55:36,754] {dag.py:2927} INFO - Setting next_dagrun for example_weekday_branch_operator to 2024-04-03T00:00:00+00:00, run_after=2024-04-04T00:00:00+00:00
[2024-04-04 20:55:36,770] {processor.py:161} INFO - Processing /home/dimitri/dimitri/airflowalura/venv/lib/python3.10/site-packages/airflow/example_dags/example_branch_day_of_week_operator.py took 0.052 seconds
[2024-04-04 20:56:07,312] {processor.py:153} INFO - Started process (PID=576673) to work on /home/dimitri/dimitri/airflowalura/venv/lib/python3.10/site-packages/airflow/example_dags/example_branch_day_of_week_operator.py
[2024-04-04 20:56:07,314] {processor.py:641} INFO - Processing file /home/dimitri/dimitri/airflowalura/venv/lib/python3.10/site-packages/airflow/example_dags/example_branch_day_of_week_operator.py for tasks to queue
[2024-04-04 20:56:07,315] {logging_mixin.py:115} INFO - [2024-04-04 20:56:07,315] {dagbag.py:507} INFO - Filling up the DagBag from /home/dimitri/dimitri/airflowalura/venv/lib/python3.10/site-packages/airflow/example_dags/example_branch_day_of_week_operator.py
[2024-04-04 20:56:07,320] {processor.py:651} INFO - DAG(s) dict_keys(['example_weekday_branch_operator']) retrieved from /home/dimitri/dimitri/airflowalura/venv/lib/python3.10/site-packages/airflow/example_dags/example_branch_day_of_week_operator.py
[2024-04-04 20:56:07,334] {logging_mixin.py:115} INFO - [2024-04-04 20:56:07,334] {dag.py:2379} INFO - Sync 1 DAGs
[2024-04-04 20:56:07,347] {logging_mixin.py:115} INFO - [2024-04-04 20:56:07,347] {dag.py:2927} INFO - Setting next_dagrun for example_weekday_branch_operator to 2024-04-03T00:00:00+00:00, run_after=2024-04-04T00:00:00+00:00
[2024-04-04 20:56:07,363] {processor.py:161} INFO - Processing /home/dimitri/dimitri/airflowalura/venv/lib/python3.10/site-packages/airflow/example_dags/example_branch_day_of_week_operator.py took 0.053 seconds
[2024-04-04 20:56:38,195] {processor.py:153} INFO - Started process (PID=576794) to work on /home/dimitri/dimitri/airflowalura/venv/lib/python3.10/site-packages/airflow/example_dags/example_branch_day_of_week_operator.py
[2024-04-04 20:56:38,196] {processor.py:641} INFO - Processing file /home/dimitri/dimitri/airflowalura/venv/lib/python3.10/site-packages/airflow/example_dags/example_branch_day_of_week_operator.py for tasks to queue
[2024-04-04 20:56:38,197] {logging_mixin.py:115} INFO - [2024-04-04 20:56:38,197] {dagbag.py:507} INFO - Filling up the DagBag from /home/dimitri/dimitri/airflowalura/venv/lib/python3.10/site-packages/airflow/example_dags/example_branch_day_of_week_operator.py
[2024-04-04 20:56:38,202] {processor.py:651} INFO - DAG(s) dict_keys(['example_weekday_branch_operator']) retrieved from /home/dimitri/dimitri/airflowalura/venv/lib/python3.10/site-packages/airflow/example_dags/example_branch_day_of_week_operator.py
[2024-04-04 20:56:38,213] {logging_mixin.py:115} INFO - [2024-04-04 20:56:38,213] {dag.py:2379} INFO - Sync 1 DAGs
[2024-04-04 20:56:38,225] {logging_mixin.py:115} INFO - [2024-04-04 20:56:38,225] {dag.py:2927} INFO - Setting next_dagrun for example_weekday_branch_operator to 2024-04-03T00:00:00+00:00, run_after=2024-04-04T00:00:00+00:00
[2024-04-04 20:56:38,241] {processor.py:161} INFO - Processing /home/dimitri/dimitri/airflowalura/venv/lib/python3.10/site-packages/airflow/example_dags/example_branch_day_of_week_operator.py took 0.048 seconds
[2024-04-04 20:57:09,610] {processor.py:153} INFO - Started process (PID=576918) to work on /home/dimitri/dimitri/airflowalura/venv/lib/python3.10/site-packages/airflow/example_dags/example_branch_day_of_week_operator.py
[2024-04-04 20:57:09,611] {processor.py:641} INFO - Processing file /home/dimitri/dimitri/airflowalura/venv/lib/python3.10/site-packages/airflow/example_dags/example_branch_day_of_week_operator.py for tasks to queue
[2024-04-04 20:57:09,611] {logging_mixin.py:115} INFO - [2024-04-04 20:57:09,611] {dagbag.py:507} INFO - Filling up the DagBag from /home/dimitri/dimitri/airflowalura/venv/lib/python3.10/site-packages/airflow/example_dags/example_branch_day_of_week_operator.py
[2024-04-04 20:57:09,617] {processor.py:651} INFO - DAG(s) dict_keys(['example_weekday_branch_operator']) retrieved from /home/dimitri/dimitri/airflowalura/venv/lib/python3.10/site-packages/airflow/example_dags/example_branch_day_of_week_operator.py
[2024-04-04 20:57:09,628] {logging_mixin.py:115} INFO - [2024-04-04 20:57:09,628] {dag.py:2379} INFO - Sync 1 DAGs
[2024-04-04 20:57:09,640] {logging_mixin.py:115} INFO - [2024-04-04 20:57:09,640] {dag.py:2927} INFO - Setting next_dagrun for example_weekday_branch_operator to 2024-04-03T00:00:00+00:00, run_after=2024-04-04T00:00:00+00:00
[2024-04-04 20:57:09,656] {processor.py:161} INFO - Processing /home/dimitri/dimitri/airflowalura/venv/lib/python3.10/site-packages/airflow/example_dags/example_branch_day_of_week_operator.py took 0.048 seconds
[2024-04-04 20:57:41,909] {processor.py:153} INFO - Started process (PID=577041) to work on /home/dimitri/dimitri/airflowalura/venv/lib/python3.10/site-packages/airflow/example_dags/example_branch_day_of_week_operator.py
[2024-04-04 20:57:41,910] {processor.py:641} INFO - Processing file /home/dimitri/dimitri/airflowalura/venv/lib/python3.10/site-packages/airflow/example_dags/example_branch_day_of_week_operator.py for tasks to queue
[2024-04-04 20:57:41,910] {logging_mixin.py:115} INFO - [2024-04-04 20:57:41,910] {dagbag.py:507} INFO - Filling up the DagBag from /home/dimitri/dimitri/airflowalura/venv/lib/python3.10/site-packages/airflow/example_dags/example_branch_day_of_week_operator.py
[2024-04-04 20:57:41,915] {processor.py:651} INFO - DAG(s) dict_keys(['example_weekday_branch_operator']) retrieved from /home/dimitri/dimitri/airflowalura/venv/lib/python3.10/site-packages/airflow/example_dags/example_branch_day_of_week_operator.py
[2024-04-04 20:57:41,928] {logging_mixin.py:115} INFO - [2024-04-04 20:57:41,927] {dag.py:2379} INFO - Sync 1 DAGs
[2024-04-04 20:57:41,940] {logging_mixin.py:115} INFO - [2024-04-04 20:57:41,940] {dag.py:2927} INFO - Setting next_dagrun for example_weekday_branch_operator to 2024-04-03T00:00:00+00:00, run_after=2024-04-04T00:00:00+00:00
[2024-04-04 20:57:41,955] {processor.py:161} INFO - Processing /home/dimitri/dimitri/airflowalura/venv/lib/python3.10/site-packages/airflow/example_dags/example_branch_day_of_week_operator.py took 0.048 seconds
[2024-04-04 20:58:16,282] {processor.py:153} INFO - Started process (PID=577178) to work on /home/dimitri/dimitri/airflowalura/venv/lib/python3.10/site-packages/airflow/example_dags/example_branch_day_of_week_operator.py
[2024-04-04 20:58:16,284] {processor.py:641} INFO - Processing file /home/dimitri/dimitri/airflowalura/venv/lib/python3.10/site-packages/airflow/example_dags/example_branch_day_of_week_operator.py for tasks to queue
[2024-04-04 20:58:16,285] {logging_mixin.py:115} INFO - [2024-04-04 20:58:16,284] {dagbag.py:507} INFO - Filling up the DagBag from /home/dimitri/dimitri/airflowalura/venv/lib/python3.10/site-packages/airflow/example_dags/example_branch_day_of_week_operator.py
[2024-04-04 20:58:16,289] {processor.py:651} INFO - DAG(s) dict_keys(['example_weekday_branch_operator']) retrieved from /home/dimitri/dimitri/airflowalura/venv/lib/python3.10/site-packages/airflow/example_dags/example_branch_day_of_week_operator.py
[2024-04-04 20:58:16,302] {logging_mixin.py:115} INFO - [2024-04-04 20:58:16,301] {dag.py:2379} INFO - Sync 1 DAGs
[2024-04-04 20:58:16,312] {logging_mixin.py:115} INFO - [2024-04-04 20:58:16,312] {dag.py:2927} INFO - Setting next_dagrun for example_weekday_branch_operator to 2024-04-03T00:00:00+00:00, run_after=2024-04-04T00:00:00+00:00
[2024-04-04 20:58:16,328] {processor.py:161} INFO - Processing /home/dimitri/dimitri/airflowalura/venv/lib/python3.10/site-packages/airflow/example_dags/example_branch_day_of_week_operator.py took 0.049 seconds
[2024-04-04 20:58:49,041] {processor.py:153} INFO - Started process (PID=577309) to work on /home/dimitri/dimitri/airflowalura/venv/lib/python3.10/site-packages/airflow/example_dags/example_branch_day_of_week_operator.py
[2024-04-04 20:58:49,043] {processor.py:641} INFO - Processing file /home/dimitri/dimitri/airflowalura/venv/lib/python3.10/site-packages/airflow/example_dags/example_branch_day_of_week_operator.py for tasks to queue
[2024-04-04 20:58:49,043] {logging_mixin.py:115} INFO - [2024-04-04 20:58:49,043] {dagbag.py:507} INFO - Filling up the DagBag from /home/dimitri/dimitri/airflowalura/venv/lib/python3.10/site-packages/airflow/example_dags/example_branch_day_of_week_operator.py
[2024-04-04 20:58:49,048] {processor.py:651} INFO - DAG(s) dict_keys(['example_weekday_branch_operator']) retrieved from /home/dimitri/dimitri/airflowalura/venv/lib/python3.10/site-packages/airflow/example_dags/example_branch_day_of_week_operator.py
[2024-04-04 20:58:49,060] {logging_mixin.py:115} INFO - [2024-04-04 20:58:49,060] {dag.py:2379} INFO - Sync 1 DAGs
[2024-04-04 20:58:49,074] {logging_mixin.py:115} INFO - [2024-04-04 20:58:49,074] {dag.py:2927} INFO - Setting next_dagrun for example_weekday_branch_operator to 2024-04-03T00:00:00+00:00, run_after=2024-04-04T00:00:00+00:00
[2024-04-04 20:58:49,091] {processor.py:161} INFO - Processing /home/dimitri/dimitri/airflowalura/venv/lib/python3.10/site-packages/airflow/example_dags/example_branch_day_of_week_operator.py took 0.053 seconds
[2024-04-04 20:59:22,181] {processor.py:153} INFO - Started process (PID=577440) to work on /home/dimitri/dimitri/airflowalura/venv/lib/python3.10/site-packages/airflow/example_dags/example_branch_day_of_week_operator.py
[2024-04-04 20:59:22,185] {processor.py:641} INFO - Processing file /home/dimitri/dimitri/airflowalura/venv/lib/python3.10/site-packages/airflow/example_dags/example_branch_day_of_week_operator.py for tasks to queue
[2024-04-04 20:59:22,185] {logging_mixin.py:115} INFO - [2024-04-04 20:59:22,185] {dagbag.py:507} INFO - Filling up the DagBag from /home/dimitri/dimitri/airflowalura/venv/lib/python3.10/site-packages/airflow/example_dags/example_branch_day_of_week_operator.py
[2024-04-04 20:59:22,191] {processor.py:651} INFO - DAG(s) dict_keys(['example_weekday_branch_operator']) retrieved from /home/dimitri/dimitri/airflowalura/venv/lib/python3.10/site-packages/airflow/example_dags/example_branch_day_of_week_operator.py
[2024-04-04 20:59:22,203] {logging_mixin.py:115} INFO - [2024-04-04 20:59:22,203] {dag.py:2379} INFO - Sync 1 DAGs
[2024-04-04 20:59:22,213] {logging_mixin.py:115} INFO - [2024-04-04 20:59:22,213] {dag.py:2927} INFO - Setting next_dagrun for example_weekday_branch_operator to 2024-04-03T00:00:00+00:00, run_after=2024-04-04T00:00:00+00:00
[2024-04-04 20:59:22,228] {processor.py:161} INFO - Processing /home/dimitri/dimitri/airflowalura/venv/lib/python3.10/site-packages/airflow/example_dags/example_branch_day_of_week_operator.py took 0.050 seconds
[2024-04-04 20:59:54,201] {processor.py:153} INFO - Started process (PID=577563) to work on /home/dimitri/dimitri/airflowalura/venv/lib/python3.10/site-packages/airflow/example_dags/example_branch_day_of_week_operator.py
[2024-04-04 20:59:54,204] {processor.py:641} INFO - Processing file /home/dimitri/dimitri/airflowalura/venv/lib/python3.10/site-packages/airflow/example_dags/example_branch_day_of_week_operator.py for tasks to queue
[2024-04-04 20:59:54,204] {logging_mixin.py:115} INFO - [2024-04-04 20:59:54,204] {dagbag.py:507} INFO - Filling up the DagBag from /home/dimitri/dimitri/airflowalura/venv/lib/python3.10/site-packages/airflow/example_dags/example_branch_day_of_week_operator.py
[2024-04-04 20:59:54,209] {processor.py:651} INFO - DAG(s) dict_keys(['example_weekday_branch_operator']) retrieved from /home/dimitri/dimitri/airflowalura/venv/lib/python3.10/site-packages/airflow/example_dags/example_branch_day_of_week_operator.py
[2024-04-04 20:59:54,223] {logging_mixin.py:115} INFO - [2024-04-04 20:59:54,223] {dag.py:2379} INFO - Sync 1 DAGs
[2024-04-04 20:59:54,239] {logging_mixin.py:115} INFO - [2024-04-04 20:59:54,238] {dag.py:2927} INFO - Setting next_dagrun for example_weekday_branch_operator to 2024-04-03T00:00:00+00:00, run_after=2024-04-04T00:00:00+00:00
[2024-04-04 20:59:54,254] {processor.py:161} INFO - Processing /home/dimitri/dimitri/airflowalura/venv/lib/python3.10/site-packages/airflow/example_dags/example_branch_day_of_week_operator.py took 0.055 seconds
