[2024-04-04 20:28:56,648] {processor.py:153} INFO - Started process (PID=569869) to work on /home/dimitri/dimitri/airflowalura/venv/lib/python3.10/site-packages/airflow/example_dags/example_latest_only.py
[2024-04-04 20:28:56,648] {processor.py:641} INFO - Processing file /home/dimitri/dimitri/airflowalura/venv/lib/python3.10/site-packages/airflow/example_dags/example_latest_only.py for tasks to queue
[2024-04-04 20:28:56,649] {logging_mixin.py:115} INFO - [2024-04-04 20:28:56,648] {dagbag.py:507} INFO - Filling up the DagBag from /home/dimitri/dimitri/airflowalura/venv/lib/python3.10/site-packages/airflow/example_dags/example_latest_only.py
[2024-04-04 20:28:56,652] {processor.py:651} INFO - DAG(s) dict_keys(['latest_only']) retrieved from /home/dimitri/dimitri/airflowalura/venv/lib/python3.10/site-packages/airflow/example_dags/example_latest_only.py
[2024-04-04 20:28:56,708] {logging_mixin.py:115} INFO - [2024-04-04 20:28:56,708] {manager.py:508} INFO - Created Permission View: can read on DAG:latest_only
[2024-04-04 20:28:56,722] {logging_mixin.py:115} INFO - [2024-04-04 20:28:56,722] {manager.py:508} INFO - Created Permission View: can edit on DAG:latest_only
[2024-04-04 20:28:56,735] {logging_mixin.py:115} INFO - [2024-04-04 20:28:56,735] {manager.py:508} INFO - Created Permission View: can delete on DAG:latest_only
[2024-04-04 20:28:56,735] {logging_mixin.py:115} INFO - [2024-04-04 20:28:56,735] {dag.py:2379} INFO - Sync 1 DAGs
[2024-04-04 20:28:56,740] {logging_mixin.py:115} INFO - [2024-04-04 20:28:56,740] {dag.py:2398} INFO - Creating ORM DAG for latest_only
[2024-04-04 20:28:56,745] {logging_mixin.py:115} INFO - [2024-04-04 20:28:56,745] {dag.py:2927} INFO - Setting next_dagrun for latest_only to 2024-04-04T19:28:56.745221+00:00, run_after=2024-04-04T23:28:56.745221+00:00
[2024-04-04 20:28:56,760] {processor.py:161} INFO - Processing /home/dimitri/dimitri/airflowalura/venv/lib/python3.10/site-packages/airflow/example_dags/example_latest_only.py took 0.115 seconds
[2024-04-04 20:29:32,865] {processor.py:153} INFO - Started process (PID=569945) to work on /home/dimitri/dimitri/airflowalura/venv/lib/python3.10/site-packages/airflow/example_dags/example_latest_only.py
[2024-04-04 20:29:32,867] {processor.py:641} INFO - Processing file /home/dimitri/dimitri/airflowalura/venv/lib/python3.10/site-packages/airflow/example_dags/example_latest_only.py for tasks to queue
[2024-04-04 20:29:32,867] {logging_mixin.py:115} INFO - [2024-04-04 20:29:32,867] {dagbag.py:507} INFO - Filling up the DagBag from /home/dimitri/dimitri/airflowalura/venv/lib/python3.10/site-packages/airflow/example_dags/example_latest_only.py
[2024-04-04 20:29:32,870] {processor.py:651} INFO - DAG(s) dict_keys(['latest_only']) retrieved from /home/dimitri/dimitri/airflowalura/venv/lib/python3.10/site-packages/airflow/example_dags/example_latest_only.py
[2024-04-04 20:29:32,902] {logging_mixin.py:115} INFO - [2024-04-04 20:29:32,902] {dag.py:2379} INFO - Sync 1 DAGs
[2024-04-04 20:29:32,924] {logging_mixin.py:115} INFO - [2024-04-04 20:29:32,924] {dag.py:2927} INFO - Setting next_dagrun for latest_only to 2024-04-04T19:29:32.924001+00:00, run_after=2024-04-04T23:29:32.924001+00:00
[2024-04-04 20:29:32,941] {processor.py:161} INFO - Processing /home/dimitri/dimitri/airflowalura/venv/lib/python3.10/site-packages/airflow/example_dags/example_latest_only.py took 0.078 seconds
[2024-04-04 20:30:06,599] {processor.py:153} INFO - Started process (PID=570330) to work on /home/dimitri/dimitri/airflowalura/venv/lib/python3.10/site-packages/airflow/example_dags/example_latest_only.py
[2024-04-04 20:30:06,600] {processor.py:641} INFO - Processing file /home/dimitri/dimitri/airflowalura/venv/lib/python3.10/site-packages/airflow/example_dags/example_latest_only.py for tasks to queue
[2024-04-04 20:30:06,600] {logging_mixin.py:115} INFO - [2024-04-04 20:30:06,600] {dagbag.py:507} INFO - Filling up the DagBag from /home/dimitri/dimitri/airflowalura/venv/lib/python3.10/site-packages/airflow/example_dags/example_latest_only.py
[2024-04-04 20:30:06,603] {processor.py:651} INFO - DAG(s) dict_keys(['latest_only']) retrieved from /home/dimitri/dimitri/airflowalura/venv/lib/python3.10/site-packages/airflow/example_dags/example_latest_only.py
[2024-04-04 20:30:06,614] {logging_mixin.py:115} INFO - [2024-04-04 20:30:06,614] {dag.py:2379} INFO - Sync 1 DAGs
[2024-04-04 20:30:06,625] {logging_mixin.py:115} INFO - [2024-04-04 20:30:06,625] {dag.py:2927} INFO - Setting next_dagrun for latest_only to 2024-04-04T19:30:06.625562+00:00, run_after=2024-04-04T23:30:06.625562+00:00
[2024-04-04 20:30:06,642] {processor.py:161} INFO - Processing /home/dimitri/dimitri/airflowalura/venv/lib/python3.10/site-packages/airflow/example_dags/example_latest_only.py took 0.045 seconds
[2024-04-04 20:30:38,975] {processor.py:153} INFO - Started process (PID=570473) to work on /home/dimitri/dimitri/airflowalura/venv/lib/python3.10/site-packages/airflow/example_dags/example_latest_only.py
[2024-04-04 20:30:38,977] {processor.py:641} INFO - Processing file /home/dimitri/dimitri/airflowalura/venv/lib/python3.10/site-packages/airflow/example_dags/example_latest_only.py for tasks to queue
[2024-04-04 20:30:38,977] {logging_mixin.py:115} INFO - [2024-04-04 20:30:38,977] {dagbag.py:507} INFO - Filling up the DagBag from /home/dimitri/dimitri/airflowalura/venv/lib/python3.10/site-packages/airflow/example_dags/example_latest_only.py
[2024-04-04 20:30:38,980] {processor.py:651} INFO - DAG(s) dict_keys(['latest_only']) retrieved from /home/dimitri/dimitri/airflowalura/venv/lib/python3.10/site-packages/airflow/example_dags/example_latest_only.py
[2024-04-04 20:30:38,991] {logging_mixin.py:115} INFO - [2024-04-04 20:30:38,991] {dag.py:2379} INFO - Sync 1 DAGs
[2024-04-04 20:30:39,003] {logging_mixin.py:115} INFO - [2024-04-04 20:30:39,002] {dag.py:2927} INFO - Setting next_dagrun for latest_only to 2024-04-04T19:30:39.002796+00:00, run_after=2024-04-04T23:30:39.002796+00:00
[2024-04-04 20:30:39,019] {processor.py:161} INFO - Processing /home/dimitri/dimitri/airflowalura/venv/lib/python3.10/site-packages/airflow/example_dags/example_latest_only.py took 0.046 seconds
[2024-04-04 20:31:10,580] {processor.py:153} INFO - Started process (PID=570595) to work on /home/dimitri/dimitri/airflowalura/venv/lib/python3.10/site-packages/airflow/example_dags/example_latest_only.py
[2024-04-04 20:31:10,583] {processor.py:641} INFO - Processing file /home/dimitri/dimitri/airflowalura/venv/lib/python3.10/site-packages/airflow/example_dags/example_latest_only.py for tasks to queue
[2024-04-04 20:31:10,584] {logging_mixin.py:115} INFO - [2024-04-04 20:31:10,584] {dagbag.py:507} INFO - Filling up the DagBag from /home/dimitri/dimitri/airflowalura/venv/lib/python3.10/site-packages/airflow/example_dags/example_latest_only.py
[2024-04-04 20:31:10,588] {processor.py:651} INFO - DAG(s) dict_keys(['latest_only']) retrieved from /home/dimitri/dimitri/airflowalura/venv/lib/python3.10/site-packages/airflow/example_dags/example_latest_only.py
[2024-04-04 20:31:10,597] {logging_mixin.py:115} INFO - [2024-04-04 20:31:10,597] {dag.py:2379} INFO - Sync 1 DAGs
[2024-04-04 20:31:10,608] {logging_mixin.py:115} INFO - [2024-04-04 20:31:10,608] {dag.py:2927} INFO - Setting next_dagrun for latest_only to 2024-04-04T19:31:10.608558+00:00, run_after=2024-04-04T23:31:10.608558+00:00
[2024-04-04 20:31:10,631] {processor.py:161} INFO - Processing /home/dimitri/dimitri/airflowalura/venv/lib/python3.10/site-packages/airflow/example_dags/example_latest_only.py took 0.054 seconds
[2024-04-04 20:31:42,036] {processor.py:153} INFO - Started process (PID=570717) to work on /home/dimitri/dimitri/airflowalura/venv/lib/python3.10/site-packages/airflow/example_dags/example_latest_only.py
[2024-04-04 20:31:42,039] {processor.py:641} INFO - Processing file /home/dimitri/dimitri/airflowalura/venv/lib/python3.10/site-packages/airflow/example_dags/example_latest_only.py for tasks to queue
[2024-04-04 20:31:42,040] {logging_mixin.py:115} INFO - [2024-04-04 20:31:42,040] {dagbag.py:507} INFO - Filling up the DagBag from /home/dimitri/dimitri/airflowalura/venv/lib/python3.10/site-packages/airflow/example_dags/example_latest_only.py
[2024-04-04 20:31:42,044] {processor.py:651} INFO - DAG(s) dict_keys(['latest_only']) retrieved from /home/dimitri/dimitri/airflowalura/venv/lib/python3.10/site-packages/airflow/example_dags/example_latest_only.py
[2024-04-04 20:31:42,053] {logging_mixin.py:115} INFO - [2024-04-04 20:31:42,053] {dag.py:2379} INFO - Sync 1 DAGs
[2024-04-04 20:31:42,064] {logging_mixin.py:115} INFO - [2024-04-04 20:31:42,064] {dag.py:2927} INFO - Setting next_dagrun for latest_only to 2024-04-04T19:31:42.064321+00:00, run_after=2024-04-04T23:31:42.064321+00:00
[2024-04-04 20:31:42,080] {processor.py:161} INFO - Processing /home/dimitri/dimitri/airflowalura/venv/lib/python3.10/site-packages/airflow/example_dags/example_latest_only.py took 0.048 seconds
[2024-04-04 20:32:14,504] {processor.py:153} INFO - Started process (PID=570842) to work on /home/dimitri/dimitri/airflowalura/venv/lib/python3.10/site-packages/airflow/example_dags/example_latest_only.py
[2024-04-04 20:32:14,506] {processor.py:641} INFO - Processing file /home/dimitri/dimitri/airflowalura/venv/lib/python3.10/site-packages/airflow/example_dags/example_latest_only.py for tasks to queue
[2024-04-04 20:32:14,506] {logging_mixin.py:115} INFO - [2024-04-04 20:32:14,506] {dagbag.py:507} INFO - Filling up the DagBag from /home/dimitri/dimitri/airflowalura/venv/lib/python3.10/site-packages/airflow/example_dags/example_latest_only.py
[2024-04-04 20:32:14,511] {processor.py:651} INFO - DAG(s) dict_keys(['latest_only']) retrieved from /home/dimitri/dimitri/airflowalura/venv/lib/python3.10/site-packages/airflow/example_dags/example_latest_only.py
[2024-04-04 20:32:14,521] {logging_mixin.py:115} INFO - [2024-04-04 20:32:14,521] {dag.py:2379} INFO - Sync 1 DAGs
[2024-04-04 20:32:14,531] {logging_mixin.py:115} INFO - [2024-04-04 20:32:14,531] {dag.py:2927} INFO - Setting next_dagrun for latest_only to 2024-04-04T19:32:14.531527+00:00, run_after=2024-04-04T23:32:14.531527+00:00
[2024-04-04 20:32:14,547] {processor.py:161} INFO - Processing /home/dimitri/dimitri/airflowalura/venv/lib/python3.10/site-packages/airflow/example_dags/example_latest_only.py took 0.047 seconds
[2024-04-04 20:32:45,908] {processor.py:153} INFO - Started process (PID=571113) to work on /home/dimitri/dimitri/airflowalura/venv/lib/python3.10/site-packages/airflow/example_dags/example_latest_only.py
[2024-04-04 20:32:45,909] {processor.py:641} INFO - Processing file /home/dimitri/dimitri/airflowalura/venv/lib/python3.10/site-packages/airflow/example_dags/example_latest_only.py for tasks to queue
[2024-04-04 20:32:45,909] {logging_mixin.py:115} INFO - [2024-04-04 20:32:45,909] {dagbag.py:507} INFO - Filling up the DagBag from /home/dimitri/dimitri/airflowalura/venv/lib/python3.10/site-packages/airflow/example_dags/example_latest_only.py
[2024-04-04 20:32:45,912] {processor.py:651} INFO - DAG(s) dict_keys(['latest_only']) retrieved from /home/dimitri/dimitri/airflowalura/venv/lib/python3.10/site-packages/airflow/example_dags/example_latest_only.py
[2024-04-04 20:32:45,927] {logging_mixin.py:115} INFO - [2024-04-04 20:32:45,927] {dag.py:2379} INFO - Sync 1 DAGs
[2024-04-04 20:32:45,940] {logging_mixin.py:115} INFO - [2024-04-04 20:32:45,940] {dag.py:2927} INFO - Setting next_dagrun for latest_only to 2024-04-04T19:32:45.939906+00:00, run_after=2024-04-04T23:32:45.939906+00:00
[2024-04-04 20:32:45,954] {processor.py:161} INFO - Processing /home/dimitri/dimitri/airflowalura/venv/lib/python3.10/site-packages/airflow/example_dags/example_latest_only.py took 0.048 seconds
[2024-04-04 20:33:17,672] {processor.py:153} INFO - Started process (PID=571243) to work on /home/dimitri/dimitri/airflowalura/venv/lib/python3.10/site-packages/airflow/example_dags/example_latest_only.py
[2024-04-04 20:33:17,675] {processor.py:641} INFO - Processing file /home/dimitri/dimitri/airflowalura/venv/lib/python3.10/site-packages/airflow/example_dags/example_latest_only.py for tasks to queue
[2024-04-04 20:33:17,675] {logging_mixin.py:115} INFO - [2024-04-04 20:33:17,675] {dagbag.py:507} INFO - Filling up the DagBag from /home/dimitri/dimitri/airflowalura/venv/lib/python3.10/site-packages/airflow/example_dags/example_latest_only.py
[2024-04-04 20:33:17,679] {processor.py:651} INFO - DAG(s) dict_keys(['latest_only']) retrieved from /home/dimitri/dimitri/airflowalura/venv/lib/python3.10/site-packages/airflow/example_dags/example_latest_only.py
[2024-04-04 20:33:17,700] {logging_mixin.py:115} INFO - [2024-04-04 20:33:17,700] {dag.py:2379} INFO - Sync 1 DAGs
[2024-04-04 20:33:17,712] {logging_mixin.py:115} INFO - [2024-04-04 20:33:17,712] {dag.py:2927} INFO - Setting next_dagrun for latest_only to 2024-04-04T19:33:17.711802+00:00, run_after=2024-04-04T23:33:17.711802+00:00
[2024-04-04 20:33:17,730] {processor.py:161} INFO - Processing /home/dimitri/dimitri/airflowalura/venv/lib/python3.10/site-packages/airflow/example_dags/example_latest_only.py took 0.060 seconds
[2024-04-04 20:33:50,291] {processor.py:153} INFO - Started process (PID=571375) to work on /home/dimitri/dimitri/airflowalura/venv/lib/python3.10/site-packages/airflow/example_dags/example_latest_only.py
[2024-04-04 20:33:50,293] {processor.py:641} INFO - Processing file /home/dimitri/dimitri/airflowalura/venv/lib/python3.10/site-packages/airflow/example_dags/example_latest_only.py for tasks to queue
[2024-04-04 20:33:50,294] {logging_mixin.py:115} INFO - [2024-04-04 20:33:50,294] {dagbag.py:507} INFO - Filling up the DagBag from /home/dimitri/dimitri/airflowalura/venv/lib/python3.10/site-packages/airflow/example_dags/example_latest_only.py
[2024-04-04 20:33:50,297] {processor.py:651} INFO - DAG(s) dict_keys(['latest_only']) retrieved from /home/dimitri/dimitri/airflowalura/venv/lib/python3.10/site-packages/airflow/example_dags/example_latest_only.py
[2024-04-04 20:33:50,311] {logging_mixin.py:115} INFO - [2024-04-04 20:33:50,311] {dag.py:2379} INFO - Sync 1 DAGs
[2024-04-04 20:33:50,323] {logging_mixin.py:115} INFO - [2024-04-04 20:33:50,322] {dag.py:2927} INFO - Setting next_dagrun for latest_only to 2024-04-04T19:33:50.322561+00:00, run_after=2024-04-04T23:33:50.322561+00:00
[2024-04-04 20:33:50,340] {processor.py:161} INFO - Processing /home/dimitri/dimitri/airflowalura/venv/lib/python3.10/site-packages/airflow/example_dags/example_latest_only.py took 0.051 seconds
[2024-04-04 20:34:23,449] {processor.py:153} INFO - Started process (PID=571504) to work on /home/dimitri/dimitri/airflowalura/venv/lib/python3.10/site-packages/airflow/example_dags/example_latest_only.py
[2024-04-04 20:34:23,451] {processor.py:641} INFO - Processing file /home/dimitri/dimitri/airflowalura/venv/lib/python3.10/site-packages/airflow/example_dags/example_latest_only.py for tasks to queue
[2024-04-04 20:34:23,452] {logging_mixin.py:115} INFO - [2024-04-04 20:34:23,452] {dagbag.py:507} INFO - Filling up the DagBag from /home/dimitri/dimitri/airflowalura/venv/lib/python3.10/site-packages/airflow/example_dags/example_latest_only.py
[2024-04-04 20:34:23,456] {processor.py:651} INFO - DAG(s) dict_keys(['latest_only']) retrieved from /home/dimitri/dimitri/airflowalura/venv/lib/python3.10/site-packages/airflow/example_dags/example_latest_only.py
[2024-04-04 20:34:23,467] {logging_mixin.py:115} INFO - [2024-04-04 20:34:23,467] {dag.py:2379} INFO - Sync 1 DAGs
[2024-04-04 20:34:23,477] {logging_mixin.py:115} INFO - [2024-04-04 20:34:23,476] {dag.py:2927} INFO - Setting next_dagrun for latest_only to 2024-04-04T19:34:23.476796+00:00, run_after=2024-04-04T23:34:23.476796+00:00
[2024-04-04 20:34:23,494] {processor.py:161} INFO - Processing /home/dimitri/dimitri/airflowalura/venv/lib/python3.10/site-packages/airflow/example_dags/example_latest_only.py took 0.048 seconds
[2024-04-04 20:34:56,095] {processor.py:153} INFO - Started process (PID=571631) to work on /home/dimitri/dimitri/airflowalura/venv/lib/python3.10/site-packages/airflow/example_dags/example_latest_only.py
[2024-04-04 20:34:56,098] {processor.py:641} INFO - Processing file /home/dimitri/dimitri/airflowalura/venv/lib/python3.10/site-packages/airflow/example_dags/example_latest_only.py for tasks to queue
[2024-04-04 20:34:56,098] {logging_mixin.py:115} INFO - [2024-04-04 20:34:56,098] {dagbag.py:507} INFO - Filling up the DagBag from /home/dimitri/dimitri/airflowalura/venv/lib/python3.10/site-packages/airflow/example_dags/example_latest_only.py
[2024-04-04 20:34:56,102] {processor.py:651} INFO - DAG(s) dict_keys(['latest_only']) retrieved from /home/dimitri/dimitri/airflowalura/venv/lib/python3.10/site-packages/airflow/example_dags/example_latest_only.py
[2024-04-04 20:34:56,113] {logging_mixin.py:115} INFO - [2024-04-04 20:34:56,113] {dag.py:2379} INFO - Sync 1 DAGs
[2024-04-04 20:34:56,122] {logging_mixin.py:115} INFO - [2024-04-04 20:34:56,122] {dag.py:2927} INFO - Setting next_dagrun for latest_only to 2024-04-04T19:34:56.122489+00:00, run_after=2024-04-04T23:34:56.122489+00:00
[2024-04-04 20:34:56,138] {processor.py:161} INFO - Processing /home/dimitri/dimitri/airflowalura/venv/lib/python3.10/site-packages/airflow/example_dags/example_latest_only.py took 0.046 seconds
[2024-04-04 20:35:28,167] {processor.py:153} INFO - Started process (PID=571761) to work on /home/dimitri/dimitri/airflowalura/venv/lib/python3.10/site-packages/airflow/example_dags/example_latest_only.py
[2024-04-04 20:35:28,170] {processor.py:641} INFO - Processing file /home/dimitri/dimitri/airflowalura/venv/lib/python3.10/site-packages/airflow/example_dags/example_latest_only.py for tasks to queue
[2024-04-04 20:35:28,171] {logging_mixin.py:115} INFO - [2024-04-04 20:35:28,171] {dagbag.py:507} INFO - Filling up the DagBag from /home/dimitri/dimitri/airflowalura/venv/lib/python3.10/site-packages/airflow/example_dags/example_latest_only.py
[2024-04-04 20:35:28,175] {processor.py:651} INFO - DAG(s) dict_keys(['latest_only']) retrieved from /home/dimitri/dimitri/airflowalura/venv/lib/python3.10/site-packages/airflow/example_dags/example_latest_only.py
[2024-04-04 20:35:28,185] {logging_mixin.py:115} INFO - [2024-04-04 20:35:28,185] {dag.py:2379} INFO - Sync 1 DAGs
[2024-04-04 20:35:28,194] {logging_mixin.py:115} INFO - [2024-04-04 20:35:28,194] {dag.py:2927} INFO - Setting next_dagrun for latest_only to 2024-04-04T19:35:28.194458+00:00, run_after=2024-04-04T23:35:28.194458+00:00
[2024-04-04 20:35:28,213] {processor.py:161} INFO - Processing /home/dimitri/dimitri/airflowalura/venv/lib/python3.10/site-packages/airflow/example_dags/example_latest_only.py took 0.050 seconds
[2024-04-04 20:36:01,357] {processor.py:153} INFO - Started process (PID=571891) to work on /home/dimitri/dimitri/airflowalura/venv/lib/python3.10/site-packages/airflow/example_dags/example_latest_only.py
[2024-04-04 20:36:01,361] {processor.py:641} INFO - Processing file /home/dimitri/dimitri/airflowalura/venv/lib/python3.10/site-packages/airflow/example_dags/example_latest_only.py for tasks to queue
[2024-04-04 20:36:01,361] {logging_mixin.py:115} INFO - [2024-04-04 20:36:01,361] {dagbag.py:507} INFO - Filling up the DagBag from /home/dimitri/dimitri/airflowalura/venv/lib/python3.10/site-packages/airflow/example_dags/example_latest_only.py
[2024-04-04 20:36:01,365] {processor.py:651} INFO - DAG(s) dict_keys(['latest_only']) retrieved from /home/dimitri/dimitri/airflowalura/venv/lib/python3.10/site-packages/airflow/example_dags/example_latest_only.py
[2024-04-04 20:36:01,377] {logging_mixin.py:115} INFO - [2024-04-04 20:36:01,377] {dag.py:2379} INFO - Sync 1 DAGs
[2024-04-04 20:36:01,388] {logging_mixin.py:115} INFO - [2024-04-04 20:36:01,388] {dag.py:2927} INFO - Setting next_dagrun for latest_only to 2024-04-04T19:36:01.387873+00:00, run_after=2024-04-04T23:36:01.387873+00:00
[2024-04-04 20:36:01,407] {processor.py:161} INFO - Processing /home/dimitri/dimitri/airflowalura/venv/lib/python3.10/site-packages/airflow/example_dags/example_latest_only.py took 0.052 seconds
[2024-04-04 20:36:15,004] {processor.py:153} INFO - Started process (PID=571951) to work on /home/dimitri/dimitri/airflowalura/venv/lib/python3.10/site-packages/airflow/example_dags/example_latest_only.py
[2024-04-04 20:36:15,007] {processor.py:641} INFO - Processing file /home/dimitri/dimitri/airflowalura/venv/lib/python3.10/site-packages/airflow/example_dags/example_latest_only.py for tasks to queue
[2024-04-04 20:36:15,007] {logging_mixin.py:115} INFO - [2024-04-04 20:36:15,007] {dagbag.py:507} INFO - Filling up the DagBag from /home/dimitri/dimitri/airflowalura/venv/lib/python3.10/site-packages/airflow/example_dags/example_latest_only.py
[2024-04-04 20:36:15,011] {processor.py:651} INFO - DAG(s) dict_keys(['latest_only']) retrieved from /home/dimitri/dimitri/airflowalura/venv/lib/python3.10/site-packages/airflow/example_dags/example_latest_only.py
[2024-04-04 20:36:15,027] {logging_mixin.py:115} INFO - [2024-04-04 20:36:15,027] {dag.py:2379} INFO - Sync 1 DAGs
[2024-04-04 20:36:15,037] {logging_mixin.py:115} INFO - [2024-04-04 20:36:15,037] {dag.py:2927} INFO - Setting next_dagrun for latest_only to 2024-04-04T19:36:15.037139+00:00, run_after=2024-04-04T23:36:15.037139+00:00
[2024-04-04 20:36:15,053] {processor.py:161} INFO - Processing /home/dimitri/dimitri/airflowalura/venv/lib/python3.10/site-packages/airflow/example_dags/example_latest_only.py took 0.051 seconds
[2024-04-04 20:36:47,141] {processor.py:153} INFO - Started process (PID=572084) to work on /home/dimitri/dimitri/airflowalura/venv/lib/python3.10/site-packages/airflow/example_dags/example_latest_only.py
[2024-04-04 20:36:47,143] {processor.py:641} INFO - Processing file /home/dimitri/dimitri/airflowalura/venv/lib/python3.10/site-packages/airflow/example_dags/example_latest_only.py for tasks to queue
[2024-04-04 20:36:47,144] {logging_mixin.py:115} INFO - [2024-04-04 20:36:47,144] {dagbag.py:507} INFO - Filling up the DagBag from /home/dimitri/dimitri/airflowalura/venv/lib/python3.10/site-packages/airflow/example_dags/example_latest_only.py
[2024-04-04 20:36:47,149] {processor.py:651} INFO - DAG(s) dict_keys(['latest_only']) retrieved from /home/dimitri/dimitri/airflowalura/venv/lib/python3.10/site-packages/airflow/example_dags/example_latest_only.py
[2024-04-04 20:36:47,160] {logging_mixin.py:115} INFO - [2024-04-04 20:36:47,160] {dag.py:2379} INFO - Sync 1 DAGs
[2024-04-04 20:36:47,170] {logging_mixin.py:115} INFO - [2024-04-04 20:36:47,170] {dag.py:2927} INFO - Setting next_dagrun for latest_only to 2024-04-04T19:36:47.170216+00:00, run_after=2024-04-04T23:36:47.170216+00:00
[2024-04-04 20:36:47,185] {processor.py:161} INFO - Processing /home/dimitri/dimitri/airflowalura/venv/lib/python3.10/site-packages/airflow/example_dags/example_latest_only.py took 0.047 seconds
[2024-04-04 20:37:22,132] {processor.py:153} INFO - Started process (PID=572224) to work on /home/dimitri/dimitri/airflowalura/venv/lib/python3.10/site-packages/airflow/example_dags/example_latest_only.py
[2024-04-04 20:37:22,134] {processor.py:641} INFO - Processing file /home/dimitri/dimitri/airflowalura/venv/lib/python3.10/site-packages/airflow/example_dags/example_latest_only.py for tasks to queue
[2024-04-04 20:37:22,134] {logging_mixin.py:115} INFO - [2024-04-04 20:37:22,134] {dagbag.py:507} INFO - Filling up the DagBag from /home/dimitri/dimitri/airflowalura/venv/lib/python3.10/site-packages/airflow/example_dags/example_latest_only.py
[2024-04-04 20:37:22,138] {processor.py:651} INFO - DAG(s) dict_keys(['latest_only']) retrieved from /home/dimitri/dimitri/airflowalura/venv/lib/python3.10/site-packages/airflow/example_dags/example_latest_only.py
[2024-04-04 20:37:22,149] {logging_mixin.py:115} INFO - [2024-04-04 20:37:22,149] {dag.py:2379} INFO - Sync 1 DAGs
[2024-04-04 20:37:22,159] {logging_mixin.py:115} INFO - [2024-04-04 20:37:22,159] {dag.py:2927} INFO - Setting next_dagrun for latest_only to 2024-04-04T19:37:22.159464+00:00, run_after=2024-04-04T23:37:22.159464+00:00
[2024-04-04 20:37:22,174] {processor.py:161} INFO - Processing /home/dimitri/dimitri/airflowalura/venv/lib/python3.10/site-packages/airflow/example_dags/example_latest_only.py took 0.044 seconds
[2024-04-04 20:37:55,300] {processor.py:153} INFO - Started process (PID=572357) to work on /home/dimitri/dimitri/airflowalura/venv/lib/python3.10/site-packages/airflow/example_dags/example_latest_only.py
[2024-04-04 20:37:55,302] {processor.py:641} INFO - Processing file /home/dimitri/dimitri/airflowalura/venv/lib/python3.10/site-packages/airflow/example_dags/example_latest_only.py for tasks to queue
[2024-04-04 20:37:55,303] {logging_mixin.py:115} INFO - [2024-04-04 20:37:55,303] {dagbag.py:507} INFO - Filling up the DagBag from /home/dimitri/dimitri/airflowalura/venv/lib/python3.10/site-packages/airflow/example_dags/example_latest_only.py
[2024-04-04 20:37:55,306] {processor.py:651} INFO - DAG(s) dict_keys(['latest_only']) retrieved from /home/dimitri/dimitri/airflowalura/venv/lib/python3.10/site-packages/airflow/example_dags/example_latest_only.py
[2024-04-04 20:37:55,318] {logging_mixin.py:115} INFO - [2024-04-04 20:37:55,318] {dag.py:2379} INFO - Sync 1 DAGs
[2024-04-04 20:37:55,328] {logging_mixin.py:115} INFO - [2024-04-04 20:37:55,328] {dag.py:2927} INFO - Setting next_dagrun for latest_only to 2024-04-04T19:37:55.328595+00:00, run_after=2024-04-04T23:37:55.328595+00:00
[2024-04-04 20:37:55,346] {processor.py:161} INFO - Processing /home/dimitri/dimitri/airflowalura/venv/lib/python3.10/site-packages/airflow/example_dags/example_latest_only.py took 0.048 seconds
[2024-04-04 20:38:29,994] {processor.py:153} INFO - Started process (PID=572490) to work on /home/dimitri/dimitri/airflowalura/venv/lib/python3.10/site-packages/airflow/example_dags/example_latest_only.py
[2024-04-04 20:38:29,995] {processor.py:641} INFO - Processing file /home/dimitri/dimitri/airflowalura/venv/lib/python3.10/site-packages/airflow/example_dags/example_latest_only.py for tasks to queue
[2024-04-04 20:38:29,996] {logging_mixin.py:115} INFO - [2024-04-04 20:38:29,995] {dagbag.py:507} INFO - Filling up the DagBag from /home/dimitri/dimitri/airflowalura/venv/lib/python3.10/site-packages/airflow/example_dags/example_latest_only.py
[2024-04-04 20:38:29,999] {processor.py:651} INFO - DAG(s) dict_keys(['latest_only']) retrieved from /home/dimitri/dimitri/airflowalura/venv/lib/python3.10/site-packages/airflow/example_dags/example_latest_only.py
[2024-04-04 20:38:30,011] {logging_mixin.py:115} INFO - [2024-04-04 20:38:30,011] {dag.py:2379} INFO - Sync 1 DAGs
[2024-04-04 20:38:30,020] {logging_mixin.py:115} INFO - [2024-04-04 20:38:30,020] {dag.py:2927} INFO - Setting next_dagrun for latest_only to 2024-04-04T19:38:30.020400+00:00, run_after=2024-04-04T23:38:30.020400+00:00
[2024-04-04 20:38:30,036] {processor.py:161} INFO - Processing /home/dimitri/dimitri/airflowalura/venv/lib/python3.10/site-packages/airflow/example_dags/example_latest_only.py took 0.044 seconds
[2024-04-04 20:39:04,750] {processor.py:153} INFO - Started process (PID=572628) to work on /home/dimitri/dimitri/airflowalura/venv/lib/python3.10/site-packages/airflow/example_dags/example_latest_only.py
[2024-04-04 20:39:04,753] {processor.py:641} INFO - Processing file /home/dimitri/dimitri/airflowalura/venv/lib/python3.10/site-packages/airflow/example_dags/example_latest_only.py for tasks to queue
[2024-04-04 20:39:04,753] {logging_mixin.py:115} INFO - [2024-04-04 20:39:04,753] {dagbag.py:507} INFO - Filling up the DagBag from /home/dimitri/dimitri/airflowalura/venv/lib/python3.10/site-packages/airflow/example_dags/example_latest_only.py
[2024-04-04 20:39:04,756] {processor.py:651} INFO - DAG(s) dict_keys(['latest_only']) retrieved from /home/dimitri/dimitri/airflowalura/venv/lib/python3.10/site-packages/airflow/example_dags/example_latest_only.py
[2024-04-04 20:39:04,767] {logging_mixin.py:115} INFO - [2024-04-04 20:39:04,767] {dag.py:2379} INFO - Sync 1 DAGs
[2024-04-04 20:39:04,777] {logging_mixin.py:115} INFO - [2024-04-04 20:39:04,777] {dag.py:2927} INFO - Setting next_dagrun for latest_only to 2024-04-04T19:39:04.776905+00:00, run_after=2024-04-04T23:39:04.776905+00:00
[2024-04-04 20:39:04,792] {processor.py:161} INFO - Processing /home/dimitri/dimitri/airflowalura/venv/lib/python3.10/site-packages/airflow/example_dags/example_latest_only.py took 0.044 seconds
[2024-04-04 20:39:36,725] {processor.py:153} INFO - Started process (PID=572752) to work on /home/dimitri/dimitri/airflowalura/venv/lib/python3.10/site-packages/airflow/example_dags/example_latest_only.py
[2024-04-04 20:39:36,726] {processor.py:641} INFO - Processing file /home/dimitri/dimitri/airflowalura/venv/lib/python3.10/site-packages/airflow/example_dags/example_latest_only.py for tasks to queue
[2024-04-04 20:39:36,726] {logging_mixin.py:115} INFO - [2024-04-04 20:39:36,726] {dagbag.py:507} INFO - Filling up the DagBag from /home/dimitri/dimitri/airflowalura/venv/lib/python3.10/site-packages/airflow/example_dags/example_latest_only.py
[2024-04-04 20:39:36,730] {processor.py:651} INFO - DAG(s) dict_keys(['latest_only']) retrieved from /home/dimitri/dimitri/airflowalura/venv/lib/python3.10/site-packages/airflow/example_dags/example_latest_only.py
[2024-04-04 20:39:36,740] {logging_mixin.py:115} INFO - [2024-04-04 20:39:36,740] {dag.py:2379} INFO - Sync 1 DAGs
[2024-04-04 20:39:36,749] {logging_mixin.py:115} INFO - [2024-04-04 20:39:36,749] {dag.py:2927} INFO - Setting next_dagrun for latest_only to 2024-04-04T19:39:36.749468+00:00, run_after=2024-04-04T23:39:36.749468+00:00
[2024-04-04 20:39:36,764] {processor.py:161} INFO - Processing /home/dimitri/dimitri/airflowalura/venv/lib/python3.10/site-packages/airflow/example_dags/example_latest_only.py took 0.043 seconds
[2024-04-04 20:40:09,841] {processor.py:153} INFO - Started process (PID=572884) to work on /home/dimitri/dimitri/airflowalura/venv/lib/python3.10/site-packages/airflow/example_dags/example_latest_only.py
[2024-04-04 20:40:09,844] {processor.py:641} INFO - Processing file /home/dimitri/dimitri/airflowalura/venv/lib/python3.10/site-packages/airflow/example_dags/example_latest_only.py for tasks to queue
[2024-04-04 20:40:09,844] {logging_mixin.py:115} INFO - [2024-04-04 20:40:09,844] {dagbag.py:507} INFO - Filling up the DagBag from /home/dimitri/dimitri/airflowalura/venv/lib/python3.10/site-packages/airflow/example_dags/example_latest_only.py
[2024-04-04 20:40:09,847] {processor.py:651} INFO - DAG(s) dict_keys(['latest_only']) retrieved from /home/dimitri/dimitri/airflowalura/venv/lib/python3.10/site-packages/airflow/example_dags/example_latest_only.py
[2024-04-04 20:40:09,862] {logging_mixin.py:115} INFO - [2024-04-04 20:40:09,862] {dag.py:2379} INFO - Sync 1 DAGs
[2024-04-04 20:40:09,875] {logging_mixin.py:115} INFO - [2024-04-04 20:40:09,875] {dag.py:2927} INFO - Setting next_dagrun for latest_only to 2024-04-04T19:40:09.875027+00:00, run_after=2024-04-04T23:40:09.875027+00:00
[2024-04-04 20:40:09,892] {processor.py:161} INFO - Processing /home/dimitri/dimitri/airflowalura/venv/lib/python3.10/site-packages/airflow/example_dags/example_latest_only.py took 0.053 seconds
[2024-04-04 20:40:45,036] {processor.py:153} INFO - Started process (PID=573021) to work on /home/dimitri/dimitri/airflowalura/venv/lib/python3.10/site-packages/airflow/example_dags/example_latest_only.py
[2024-04-04 20:40:45,039] {processor.py:641} INFO - Processing file /home/dimitri/dimitri/airflowalura/venv/lib/python3.10/site-packages/airflow/example_dags/example_latest_only.py for tasks to queue
[2024-04-04 20:40:45,039] {logging_mixin.py:115} INFO - [2024-04-04 20:40:45,039] {dagbag.py:507} INFO - Filling up the DagBag from /home/dimitri/dimitri/airflowalura/venv/lib/python3.10/site-packages/airflow/example_dags/example_latest_only.py
[2024-04-04 20:40:45,042] {processor.py:651} INFO - DAG(s) dict_keys(['latest_only']) retrieved from /home/dimitri/dimitri/airflowalura/venv/lib/python3.10/site-packages/airflow/example_dags/example_latest_only.py
[2024-04-04 20:40:45,053] {logging_mixin.py:115} INFO - [2024-04-04 20:40:45,053] {dag.py:2379} INFO - Sync 1 DAGs
[2024-04-04 20:40:45,063] {logging_mixin.py:115} INFO - [2024-04-04 20:40:45,063] {dag.py:2927} INFO - Setting next_dagrun for latest_only to 2024-04-04T19:40:45.063067+00:00, run_after=2024-04-04T23:40:45.063067+00:00
[2024-04-04 20:40:45,080] {processor.py:161} INFO - Processing /home/dimitri/dimitri/airflowalura/venv/lib/python3.10/site-packages/airflow/example_dags/example_latest_only.py took 0.047 seconds
[2024-04-04 20:41:03,454] {processor.py:153} INFO - Started process (PID=573104) to work on /home/dimitri/dimitri/airflowalura/venv/lib/python3.10/site-packages/airflow/example_dags/example_latest_only.py
[2024-04-04 20:41:03,459] {processor.py:641} INFO - Processing file /home/dimitri/dimitri/airflowalura/venv/lib/python3.10/site-packages/airflow/example_dags/example_latest_only.py for tasks to queue
[2024-04-04 20:41:03,459] {logging_mixin.py:115} INFO - [2024-04-04 20:41:03,459] {dagbag.py:507} INFO - Filling up the DagBag from /home/dimitri/dimitri/airflowalura/venv/lib/python3.10/site-packages/airflow/example_dags/example_latest_only.py
[2024-04-04 20:41:03,463] {processor.py:651} INFO - DAG(s) dict_keys(['latest_only']) retrieved from /home/dimitri/dimitri/airflowalura/venv/lib/python3.10/site-packages/airflow/example_dags/example_latest_only.py
[2024-04-04 20:41:03,475] {logging_mixin.py:115} INFO - [2024-04-04 20:41:03,475] {dag.py:2379} INFO - Sync 1 DAGs
[2024-04-04 20:41:03,487] {logging_mixin.py:115} INFO - [2024-04-04 20:41:03,487] {dag.py:2927} INFO - Setting next_dagrun for latest_only to 2024-04-04T19:41:03.487110+00:00, run_after=2024-04-04T23:41:03.487110+00:00
[2024-04-04 20:41:03,502] {processor.py:161} INFO - Processing /home/dimitri/dimitri/airflowalura/venv/lib/python3.10/site-packages/airflow/example_dags/example_latest_only.py took 0.050 seconds
[2024-04-04 20:41:35,814] {processor.py:153} INFO - Started process (PID=573241) to work on /home/dimitri/dimitri/airflowalura/venv/lib/python3.10/site-packages/airflow/example_dags/example_latest_only.py
[2024-04-04 20:41:35,815] {processor.py:641} INFO - Processing file /home/dimitri/dimitri/airflowalura/venv/lib/python3.10/site-packages/airflow/example_dags/example_latest_only.py for tasks to queue
[2024-04-04 20:41:35,815] {logging_mixin.py:115} INFO - [2024-04-04 20:41:35,815] {dagbag.py:507} INFO - Filling up the DagBag from /home/dimitri/dimitri/airflowalura/venv/lib/python3.10/site-packages/airflow/example_dags/example_latest_only.py
[2024-04-04 20:41:35,818] {processor.py:651} INFO - DAG(s) dict_keys(['latest_only']) retrieved from /home/dimitri/dimitri/airflowalura/venv/lib/python3.10/site-packages/airflow/example_dags/example_latest_only.py
[2024-04-04 20:41:35,831] {logging_mixin.py:115} INFO - [2024-04-04 20:41:35,830] {dag.py:2379} INFO - Sync 1 DAGs
[2024-04-04 20:41:35,840] {logging_mixin.py:115} INFO - [2024-04-04 20:41:35,840] {dag.py:2927} INFO - Setting next_dagrun for latest_only to 2024-04-04T19:41:35.840488+00:00, run_after=2024-04-04T23:41:35.840488+00:00
[2024-04-04 20:41:35,854] {processor.py:161} INFO - Processing /home/dimitri/dimitri/airflowalura/venv/lib/python3.10/site-packages/airflow/example_dags/example_latest_only.py took 0.042 seconds
[2024-04-04 20:42:11,963] {processor.py:153} INFO - Started process (PID=573383) to work on /home/dimitri/dimitri/airflowalura/venv/lib/python3.10/site-packages/airflow/example_dags/example_latest_only.py
[2024-04-04 20:42:11,965] {processor.py:641} INFO - Processing file /home/dimitri/dimitri/airflowalura/venv/lib/python3.10/site-packages/airflow/example_dags/example_latest_only.py for tasks to queue
[2024-04-04 20:42:11,965] {logging_mixin.py:115} INFO - [2024-04-04 20:42:11,965] {dagbag.py:507} INFO - Filling up the DagBag from /home/dimitri/dimitri/airflowalura/venv/lib/python3.10/site-packages/airflow/example_dags/example_latest_only.py
[2024-04-04 20:42:11,970] {processor.py:651} INFO - DAG(s) dict_keys(['latest_only']) retrieved from /home/dimitri/dimitri/airflowalura/venv/lib/python3.10/site-packages/airflow/example_dags/example_latest_only.py
[2024-04-04 20:42:11,983] {logging_mixin.py:115} INFO - [2024-04-04 20:42:11,982] {dag.py:2379} INFO - Sync 1 DAGs
[2024-04-04 20:42:11,996] {logging_mixin.py:115} INFO - [2024-04-04 20:42:11,995] {dag.py:2927} INFO - Setting next_dagrun for latest_only to 2024-04-04T19:42:11.995665+00:00, run_after=2024-04-04T23:42:11.995665+00:00
[2024-04-04 20:42:12,012] {processor.py:161} INFO - Processing /home/dimitri/dimitri/airflowalura/venv/lib/python3.10/site-packages/airflow/example_dags/example_latest_only.py took 0.052 seconds
[2024-04-04 20:42:44,880] {processor.py:153} INFO - Started process (PID=573513) to work on /home/dimitri/dimitri/airflowalura/venv/lib/python3.10/site-packages/airflow/example_dags/example_latest_only.py
[2024-04-04 20:42:44,883] {processor.py:641} INFO - Processing file /home/dimitri/dimitri/airflowalura/venv/lib/python3.10/site-packages/airflow/example_dags/example_latest_only.py for tasks to queue
[2024-04-04 20:42:44,883] {logging_mixin.py:115} INFO - [2024-04-04 20:42:44,883] {dagbag.py:507} INFO - Filling up the DagBag from /home/dimitri/dimitri/airflowalura/venv/lib/python3.10/site-packages/airflow/example_dags/example_latest_only.py
[2024-04-04 20:42:44,887] {processor.py:651} INFO - DAG(s) dict_keys(['latest_only']) retrieved from /home/dimitri/dimitri/airflowalura/venv/lib/python3.10/site-packages/airflow/example_dags/example_latest_only.py
[2024-04-04 20:42:44,899] {logging_mixin.py:115} INFO - [2024-04-04 20:42:44,899] {dag.py:2379} INFO - Sync 1 DAGs
[2024-04-04 20:42:44,910] {logging_mixin.py:115} INFO - [2024-04-04 20:42:44,910] {dag.py:2927} INFO - Setting next_dagrun for latest_only to 2024-04-04T19:42:44.910701+00:00, run_after=2024-04-04T23:42:44.910701+00:00
[2024-04-04 20:42:44,927] {processor.py:161} INFO - Processing /home/dimitri/dimitri/airflowalura/venv/lib/python3.10/site-packages/airflow/example_dags/example_latest_only.py took 0.050 seconds
[2024-04-04 20:43:18,679] {processor.py:153} INFO - Started process (PID=573644) to work on /home/dimitri/dimitri/airflowalura/venv/lib/python3.10/site-packages/airflow/example_dags/example_latest_only.py
[2024-04-04 20:43:18,682] {processor.py:641} INFO - Processing file /home/dimitri/dimitri/airflowalura/venv/lib/python3.10/site-packages/airflow/example_dags/example_latest_only.py for tasks to queue
[2024-04-04 20:43:18,683] {logging_mixin.py:115} INFO - [2024-04-04 20:43:18,683] {dagbag.py:507} INFO - Filling up the DagBag from /home/dimitri/dimitri/airflowalura/venv/lib/python3.10/site-packages/airflow/example_dags/example_latest_only.py
[2024-04-04 20:43:18,687] {processor.py:651} INFO - DAG(s) dict_keys(['latest_only']) retrieved from /home/dimitri/dimitri/airflowalura/venv/lib/python3.10/site-packages/airflow/example_dags/example_latest_only.py
[2024-04-04 20:43:18,701] {logging_mixin.py:115} INFO - [2024-04-04 20:43:18,701] {dag.py:2379} INFO - Sync 1 DAGs
[2024-04-04 20:43:18,716] {logging_mixin.py:115} INFO - [2024-04-04 20:43:18,716] {dag.py:2927} INFO - Setting next_dagrun for latest_only to 2024-04-04T19:43:18.716123+00:00, run_after=2024-04-04T23:43:18.716123+00:00
[2024-04-04 20:43:18,731] {processor.py:161} INFO - Processing /home/dimitri/dimitri/airflowalura/venv/lib/python3.10/site-packages/airflow/example_dags/example_latest_only.py took 0.054 seconds
[2024-04-04 20:43:52,155] {processor.py:153} INFO - Started process (PID=573776) to work on /home/dimitri/dimitri/airflowalura/venv/lib/python3.10/site-packages/airflow/example_dags/example_latest_only.py
[2024-04-04 20:43:52,156] {processor.py:641} INFO - Processing file /home/dimitri/dimitri/airflowalura/venv/lib/python3.10/site-packages/airflow/example_dags/example_latest_only.py for tasks to queue
[2024-04-04 20:43:52,156] {logging_mixin.py:115} INFO - [2024-04-04 20:43:52,156] {dagbag.py:507} INFO - Filling up the DagBag from /home/dimitri/dimitri/airflowalura/venv/lib/python3.10/site-packages/airflow/example_dags/example_latest_only.py
[2024-04-04 20:43:52,160] {processor.py:651} INFO - DAG(s) dict_keys(['latest_only']) retrieved from /home/dimitri/dimitri/airflowalura/venv/lib/python3.10/site-packages/airflow/example_dags/example_latest_only.py
[2024-04-04 20:43:52,172] {logging_mixin.py:115} INFO - [2024-04-04 20:43:52,172] {dag.py:2379} INFO - Sync 1 DAGs
[2024-04-04 20:43:52,183] {logging_mixin.py:115} INFO - [2024-04-04 20:43:52,183] {dag.py:2927} INFO - Setting next_dagrun for latest_only to 2024-04-04T19:43:52.183407+00:00, run_after=2024-04-04T23:43:52.183407+00:00
[2024-04-04 20:43:52,202] {processor.py:161} INFO - Processing /home/dimitri/dimitri/airflowalura/venv/lib/python3.10/site-packages/airflow/example_dags/example_latest_only.py took 0.049 seconds
[2024-04-04 20:44:26,315] {processor.py:153} INFO - Started process (PID=573912) to work on /home/dimitri/dimitri/airflowalura/venv/lib/python3.10/site-packages/airflow/example_dags/example_latest_only.py
[2024-04-04 20:44:26,317] {processor.py:641} INFO - Processing file /home/dimitri/dimitri/airflowalura/venv/lib/python3.10/site-packages/airflow/example_dags/example_latest_only.py for tasks to queue
[2024-04-04 20:44:26,317] {logging_mixin.py:115} INFO - [2024-04-04 20:44:26,317] {dagbag.py:507} INFO - Filling up the DagBag from /home/dimitri/dimitri/airflowalura/venv/lib/python3.10/site-packages/airflow/example_dags/example_latest_only.py
[2024-04-04 20:44:26,321] {processor.py:651} INFO - DAG(s) dict_keys(['latest_only']) retrieved from /home/dimitri/dimitri/airflowalura/venv/lib/python3.10/site-packages/airflow/example_dags/example_latest_only.py
[2024-04-04 20:44:26,333] {logging_mixin.py:115} INFO - [2024-04-04 20:44:26,333] {dag.py:2379} INFO - Sync 1 DAGs
[2024-04-04 20:44:26,343] {logging_mixin.py:115} INFO - [2024-04-04 20:44:26,343] {dag.py:2927} INFO - Setting next_dagrun for latest_only to 2024-04-04T19:44:26.343057+00:00, run_after=2024-04-04T23:44:26.343057+00:00
[2024-04-04 20:44:26,359] {processor.py:161} INFO - Processing /home/dimitri/dimitri/airflowalura/venv/lib/python3.10/site-packages/airflow/example_dags/example_latest_only.py took 0.047 seconds
[2024-04-04 20:45:00,852] {processor.py:153} INFO - Started process (PID=574043) to work on /home/dimitri/dimitri/airflowalura/venv/lib/python3.10/site-packages/airflow/example_dags/example_latest_only.py
[2024-04-04 20:45:00,854] {processor.py:641} INFO - Processing file /home/dimitri/dimitri/airflowalura/venv/lib/python3.10/site-packages/airflow/example_dags/example_latest_only.py for tasks to queue
[2024-04-04 20:45:00,855] {logging_mixin.py:115} INFO - [2024-04-04 20:45:00,854] {dagbag.py:507} INFO - Filling up the DagBag from /home/dimitri/dimitri/airflowalura/venv/lib/python3.10/site-packages/airflow/example_dags/example_latest_only.py
[2024-04-04 20:45:00,858] {processor.py:651} INFO - DAG(s) dict_keys(['latest_only']) retrieved from /home/dimitri/dimitri/airflowalura/venv/lib/python3.10/site-packages/airflow/example_dags/example_latest_only.py
[2024-04-04 20:45:00,874] {logging_mixin.py:115} INFO - [2024-04-04 20:45:00,874] {dag.py:2379} INFO - Sync 1 DAGs
[2024-04-04 20:45:00,889] {logging_mixin.py:115} INFO - [2024-04-04 20:45:00,889] {dag.py:2927} INFO - Setting next_dagrun for latest_only to 2024-04-04T19:45:00.888863+00:00, run_after=2024-04-04T23:45:00.888863+00:00
[2024-04-04 20:45:00,908] {processor.py:161} INFO - Processing /home/dimitri/dimitri/airflowalura/venv/lib/python3.10/site-packages/airflow/example_dags/example_latest_only.py took 0.058 seconds
[2024-04-04 20:45:34,801] {processor.py:153} INFO - Started process (PID=574178) to work on /home/dimitri/dimitri/airflowalura/venv/lib/python3.10/site-packages/airflow/example_dags/example_latest_only.py
[2024-04-04 20:45:34,804] {processor.py:641} INFO - Processing file /home/dimitri/dimitri/airflowalura/venv/lib/python3.10/site-packages/airflow/example_dags/example_latest_only.py for tasks to queue
[2024-04-04 20:45:34,804] {logging_mixin.py:115} INFO - [2024-04-04 20:45:34,804] {dagbag.py:507} INFO - Filling up the DagBag from /home/dimitri/dimitri/airflowalura/venv/lib/python3.10/site-packages/airflow/example_dags/example_latest_only.py
[2024-04-04 20:45:34,808] {processor.py:651} INFO - DAG(s) dict_keys(['latest_only']) retrieved from /home/dimitri/dimitri/airflowalura/venv/lib/python3.10/site-packages/airflow/example_dags/example_latest_only.py
[2024-04-04 20:45:34,821] {logging_mixin.py:115} INFO - [2024-04-04 20:45:34,821] {dag.py:2379} INFO - Sync 1 DAGs
[2024-04-04 20:45:34,832] {logging_mixin.py:115} INFO - [2024-04-04 20:45:34,832] {dag.py:2927} INFO - Setting next_dagrun for latest_only to 2024-04-04T19:45:34.832056+00:00, run_after=2024-04-04T23:45:34.832056+00:00
[2024-04-04 20:45:34,851] {processor.py:161} INFO - Processing /home/dimitri/dimitri/airflowalura/venv/lib/python3.10/site-packages/airflow/example_dags/example_latest_only.py took 0.052 seconds
[2024-04-04 20:46:06,968] {processor.py:153} INFO - Started process (PID=574303) to work on /home/dimitri/dimitri/airflowalura/venv/lib/python3.10/site-packages/airflow/example_dags/example_latest_only.py
[2024-04-04 20:46:06,971] {processor.py:641} INFO - Processing file /home/dimitri/dimitri/airflowalura/venv/lib/python3.10/site-packages/airflow/example_dags/example_latest_only.py for tasks to queue
[2024-04-04 20:46:06,972] {logging_mixin.py:115} INFO - [2024-04-04 20:46:06,972] {dagbag.py:507} INFO - Filling up the DagBag from /home/dimitri/dimitri/airflowalura/venv/lib/python3.10/site-packages/airflow/example_dags/example_latest_only.py
[2024-04-04 20:46:06,975] {processor.py:651} INFO - DAG(s) dict_keys(['latest_only']) retrieved from /home/dimitri/dimitri/airflowalura/venv/lib/python3.10/site-packages/airflow/example_dags/example_latest_only.py
[2024-04-04 20:46:06,989] {logging_mixin.py:115} INFO - [2024-04-04 20:46:06,989] {dag.py:2379} INFO - Sync 1 DAGs
[2024-04-04 20:46:06,999] {logging_mixin.py:115} INFO - [2024-04-04 20:46:06,999] {dag.py:2927} INFO - Setting next_dagrun for latest_only to 2024-04-04T19:46:06.999590+00:00, run_after=2024-04-04T23:46:06.999590+00:00
[2024-04-04 20:46:07,017] {processor.py:161} INFO - Processing /home/dimitri/dimitri/airflowalura/venv/lib/python3.10/site-packages/airflow/example_dags/example_latest_only.py took 0.051 seconds
[2024-04-04 20:46:43,118] {processor.py:153} INFO - Started process (PID=574447) to work on /home/dimitri/dimitri/airflowalura/venv/lib/python3.10/site-packages/airflow/example_dags/example_latest_only.py
[2024-04-04 20:46:43,121] {processor.py:641} INFO - Processing file /home/dimitri/dimitri/airflowalura/venv/lib/python3.10/site-packages/airflow/example_dags/example_latest_only.py for tasks to queue
[2024-04-04 20:46:43,121] {logging_mixin.py:115} INFO - [2024-04-04 20:46:43,121] {dagbag.py:507} INFO - Filling up the DagBag from /home/dimitri/dimitri/airflowalura/venv/lib/python3.10/site-packages/airflow/example_dags/example_latest_only.py
[2024-04-04 20:46:43,126] {processor.py:651} INFO - DAG(s) dict_keys(['latest_only']) retrieved from /home/dimitri/dimitri/airflowalura/venv/lib/python3.10/site-packages/airflow/example_dags/example_latest_only.py
[2024-04-04 20:46:43,141] {logging_mixin.py:115} INFO - [2024-04-04 20:46:43,140] {dag.py:2379} INFO - Sync 1 DAGs
[2024-04-04 20:46:43,151] {logging_mixin.py:115} INFO - [2024-04-04 20:46:43,150] {dag.py:2927} INFO - Setting next_dagrun for latest_only to 2024-04-04T19:46:43.150765+00:00, run_after=2024-04-04T23:46:43.150765+00:00
[2024-04-04 20:46:43,172] {processor.py:161} INFO - Processing /home/dimitri/dimitri/airflowalura/venv/lib/python3.10/site-packages/airflow/example_dags/example_latest_only.py took 0.059 seconds
[2024-04-04 20:47:15,092] {processor.py:153} INFO - Started process (PID=574590) to work on /home/dimitri/dimitri/airflowalura/venv/lib/python3.10/site-packages/airflow/example_dags/example_latest_only.py
[2024-04-04 20:47:15,095] {processor.py:641} INFO - Processing file /home/dimitri/dimitri/airflowalura/venv/lib/python3.10/site-packages/airflow/example_dags/example_latest_only.py for tasks to queue
[2024-04-04 20:47:15,095] {logging_mixin.py:115} INFO - [2024-04-04 20:47:15,095] {dagbag.py:507} INFO - Filling up the DagBag from /home/dimitri/dimitri/airflowalura/venv/lib/python3.10/site-packages/airflow/example_dags/example_latest_only.py
[2024-04-04 20:47:15,099] {processor.py:651} INFO - DAG(s) dict_keys(['latest_only']) retrieved from /home/dimitri/dimitri/airflowalura/venv/lib/python3.10/site-packages/airflow/example_dags/example_latest_only.py
[2024-04-04 20:47:15,111] {logging_mixin.py:115} INFO - [2024-04-04 20:47:15,111] {dag.py:2379} INFO - Sync 1 DAGs
[2024-04-04 20:47:15,121] {logging_mixin.py:115} INFO - [2024-04-04 20:47:15,121] {dag.py:2927} INFO - Setting next_dagrun for latest_only to 2024-04-04T19:47:15.121293+00:00, run_after=2024-04-04T23:47:15.121293+00:00
[2024-04-04 20:47:15,140] {processor.py:161} INFO - Processing /home/dimitri/dimitri/airflowalura/venv/lib/python3.10/site-packages/airflow/example_dags/example_latest_only.py took 0.049 seconds
[2024-04-04 20:47:50,067] {processor.py:153} INFO - Started process (PID=574721) to work on /home/dimitri/dimitri/airflowalura/venv/lib/python3.10/site-packages/airflow/example_dags/example_latest_only.py
[2024-04-04 20:47:50,069] {processor.py:641} INFO - Processing file /home/dimitri/dimitri/airflowalura/venv/lib/python3.10/site-packages/airflow/example_dags/example_latest_only.py for tasks to queue
[2024-04-04 20:47:50,070] {logging_mixin.py:115} INFO - [2024-04-04 20:47:50,070] {dagbag.py:507} INFO - Filling up the DagBag from /home/dimitri/dimitri/airflowalura/venv/lib/python3.10/site-packages/airflow/example_dags/example_latest_only.py
[2024-04-04 20:47:50,075] {processor.py:651} INFO - DAG(s) dict_keys(['latest_only']) retrieved from /home/dimitri/dimitri/airflowalura/venv/lib/python3.10/site-packages/airflow/example_dags/example_latest_only.py
[2024-04-04 20:47:50,088] {logging_mixin.py:115} INFO - [2024-04-04 20:47:50,088] {dag.py:2379} INFO - Sync 1 DAGs
[2024-04-04 20:47:50,100] {logging_mixin.py:115} INFO - [2024-04-04 20:47:50,099] {dag.py:2927} INFO - Setting next_dagrun for latest_only to 2024-04-04T19:47:50.099793+00:00, run_after=2024-04-04T23:47:50.099793+00:00
[2024-04-04 20:47:50,118] {processor.py:161} INFO - Processing /home/dimitri/dimitri/airflowalura/venv/lib/python3.10/site-packages/airflow/example_dags/example_latest_only.py took 0.055 seconds
[2024-04-04 20:48:22,097] {processor.py:153} INFO - Started process (PID=574853) to work on /home/dimitri/dimitri/airflowalura/venv/lib/python3.10/site-packages/airflow/example_dags/example_latest_only.py
[2024-04-04 20:48:22,100] {processor.py:641} INFO - Processing file /home/dimitri/dimitri/airflowalura/venv/lib/python3.10/site-packages/airflow/example_dags/example_latest_only.py for tasks to queue
[2024-04-04 20:48:22,100] {logging_mixin.py:115} INFO - [2024-04-04 20:48:22,100] {dagbag.py:507} INFO - Filling up the DagBag from /home/dimitri/dimitri/airflowalura/venv/lib/python3.10/site-packages/airflow/example_dags/example_latest_only.py
[2024-04-04 20:48:22,104] {processor.py:651} INFO - DAG(s) dict_keys(['latest_only']) retrieved from /home/dimitri/dimitri/airflowalura/venv/lib/python3.10/site-packages/airflow/example_dags/example_latest_only.py
[2024-04-04 20:48:22,116] {logging_mixin.py:115} INFO - [2024-04-04 20:48:22,116] {dag.py:2379} INFO - Sync 1 DAGs
[2024-04-04 20:48:22,128] {logging_mixin.py:115} INFO - [2024-04-04 20:48:22,128] {dag.py:2927} INFO - Setting next_dagrun for latest_only to 2024-04-04T19:48:22.128655+00:00, run_after=2024-04-04T23:48:22.128655+00:00
[2024-04-04 20:48:22,145] {processor.py:161} INFO - Processing /home/dimitri/dimitri/airflowalura/venv/lib/python3.10/site-packages/airflow/example_dags/example_latest_only.py took 0.051 seconds
[2024-04-04 20:48:54,786] {processor.py:153} INFO - Started process (PID=574979) to work on /home/dimitri/dimitri/airflowalura/venv/lib/python3.10/site-packages/airflow/example_dags/example_latest_only.py
[2024-04-04 20:48:54,788] {processor.py:641} INFO - Processing file /home/dimitri/dimitri/airflowalura/venv/lib/python3.10/site-packages/airflow/example_dags/example_latest_only.py for tasks to queue
[2024-04-04 20:48:54,788] {logging_mixin.py:115} INFO - [2024-04-04 20:48:54,788] {dagbag.py:507} INFO - Filling up the DagBag from /home/dimitri/dimitri/airflowalura/venv/lib/python3.10/site-packages/airflow/example_dags/example_latest_only.py
[2024-04-04 20:48:54,792] {processor.py:651} INFO - DAG(s) dict_keys(['latest_only']) retrieved from /home/dimitri/dimitri/airflowalura/venv/lib/python3.10/site-packages/airflow/example_dags/example_latest_only.py
[2024-04-04 20:48:54,804] {logging_mixin.py:115} INFO - [2024-04-04 20:48:54,804] {dag.py:2379} INFO - Sync 1 DAGs
[2024-04-04 20:48:54,816] {logging_mixin.py:115} INFO - [2024-04-04 20:48:54,815] {dag.py:2927} INFO - Setting next_dagrun for latest_only to 2024-04-04T19:48:54.815617+00:00, run_after=2024-04-04T23:48:54.815617+00:00
[2024-04-04 20:48:54,833] {processor.py:161} INFO - Processing /home/dimitri/dimitri/airflowalura/venv/lib/python3.10/site-packages/airflow/example_dags/example_latest_only.py took 0.051 seconds
[2024-04-04 20:49:26,806] {processor.py:153} INFO - Started process (PID=575109) to work on /home/dimitri/dimitri/airflowalura/venv/lib/python3.10/site-packages/airflow/example_dags/example_latest_only.py
[2024-04-04 20:49:26,809] {processor.py:641} INFO - Processing file /home/dimitri/dimitri/airflowalura/venv/lib/python3.10/site-packages/airflow/example_dags/example_latest_only.py for tasks to queue
[2024-04-04 20:49:26,809] {logging_mixin.py:115} INFO - [2024-04-04 20:49:26,809] {dagbag.py:507} INFO - Filling up the DagBag from /home/dimitri/dimitri/airflowalura/venv/lib/python3.10/site-packages/airflow/example_dags/example_latest_only.py
[2024-04-04 20:49:26,813] {processor.py:651} INFO - DAG(s) dict_keys(['latest_only']) retrieved from /home/dimitri/dimitri/airflowalura/venv/lib/python3.10/site-packages/airflow/example_dags/example_latest_only.py
[2024-04-04 20:49:26,824] {logging_mixin.py:115} INFO - [2024-04-04 20:49:26,824] {dag.py:2379} INFO - Sync 1 DAGs
[2024-04-04 20:49:26,833] {logging_mixin.py:115} INFO - [2024-04-04 20:49:26,833] {dag.py:2927} INFO - Setting next_dagrun for latest_only to 2024-04-04T19:49:26.833466+00:00, run_after=2024-04-04T23:49:26.833466+00:00
[2024-04-04 20:49:26,850] {processor.py:161} INFO - Processing /home/dimitri/dimitri/airflowalura/venv/lib/python3.10/site-packages/airflow/example_dags/example_latest_only.py took 0.045 seconds
[2024-04-04 20:49:58,827] {processor.py:153} INFO - Started process (PID=575236) to work on /home/dimitri/dimitri/airflowalura/venv/lib/python3.10/site-packages/airflow/example_dags/example_latest_only.py
[2024-04-04 20:49:58,827] {processor.py:641} INFO - Processing file /home/dimitri/dimitri/airflowalura/venv/lib/python3.10/site-packages/airflow/example_dags/example_latest_only.py for tasks to queue
[2024-04-04 20:49:58,828] {logging_mixin.py:115} INFO - [2024-04-04 20:49:58,828] {dagbag.py:507} INFO - Filling up the DagBag from /home/dimitri/dimitri/airflowalura/venv/lib/python3.10/site-packages/airflow/example_dags/example_latest_only.py
[2024-04-04 20:49:58,831] {processor.py:651} INFO - DAG(s) dict_keys(['latest_only']) retrieved from /home/dimitri/dimitri/airflowalura/venv/lib/python3.10/site-packages/airflow/example_dags/example_latest_only.py
[2024-04-04 20:49:58,842] {logging_mixin.py:115} INFO - [2024-04-04 20:49:58,842] {dag.py:2379} INFO - Sync 1 DAGs
[2024-04-04 20:49:58,852] {logging_mixin.py:115} INFO - [2024-04-04 20:49:58,852] {dag.py:2927} INFO - Setting next_dagrun for latest_only to 2024-04-04T19:49:58.852269+00:00, run_after=2024-04-04T23:49:58.852269+00:00
[2024-04-04 20:49:58,869] {processor.py:161} INFO - Processing /home/dimitri/dimitri/airflowalura/venv/lib/python3.10/site-packages/airflow/example_dags/example_latest_only.py took 0.044 seconds
[2024-04-04 20:50:32,577] {processor.py:153} INFO - Started process (PID=575367) to work on /home/dimitri/dimitri/airflowalura/venv/lib/python3.10/site-packages/airflow/example_dags/example_latest_only.py
[2024-04-04 20:50:32,579] {processor.py:641} INFO - Processing file /home/dimitri/dimitri/airflowalura/venv/lib/python3.10/site-packages/airflow/example_dags/example_latest_only.py for tasks to queue
[2024-04-04 20:50:32,580] {logging_mixin.py:115} INFO - [2024-04-04 20:50:32,580] {dagbag.py:507} INFO - Filling up the DagBag from /home/dimitri/dimitri/airflowalura/venv/lib/python3.10/site-packages/airflow/example_dags/example_latest_only.py
[2024-04-04 20:50:32,583] {processor.py:651} INFO - DAG(s) dict_keys(['latest_only']) retrieved from /home/dimitri/dimitri/airflowalura/venv/lib/python3.10/site-packages/airflow/example_dags/example_latest_only.py
[2024-04-04 20:50:32,596] {logging_mixin.py:115} INFO - [2024-04-04 20:50:32,596] {dag.py:2379} INFO - Sync 1 DAGs
[2024-04-04 20:50:32,607] {logging_mixin.py:115} INFO - [2024-04-04 20:50:32,607] {dag.py:2927} INFO - Setting next_dagrun for latest_only to 2024-04-04T19:50:32.607173+00:00, run_after=2024-04-04T23:50:32.607173+00:00
[2024-04-04 20:50:32,624] {processor.py:161} INFO - Processing /home/dimitri/dimitri/airflowalura/venv/lib/python3.10/site-packages/airflow/example_dags/example_latest_only.py took 0.049 seconds
[2024-04-04 20:51:03,279] {processor.py:153} INFO - Started process (PID=575487) to work on /home/dimitri/dimitri/airflowalura/venv/lib/python3.10/site-packages/airflow/example_dags/example_latest_only.py
[2024-04-04 20:51:03,281] {processor.py:641} INFO - Processing file /home/dimitri/dimitri/airflowalura/venv/lib/python3.10/site-packages/airflow/example_dags/example_latest_only.py for tasks to queue
[2024-04-04 20:51:03,282] {logging_mixin.py:115} INFO - [2024-04-04 20:51:03,282] {dagbag.py:507} INFO - Filling up the DagBag from /home/dimitri/dimitri/airflowalura/venv/lib/python3.10/site-packages/airflow/example_dags/example_latest_only.py
[2024-04-04 20:51:03,285] {processor.py:651} INFO - DAG(s) dict_keys(['latest_only']) retrieved from /home/dimitri/dimitri/airflowalura/venv/lib/python3.10/site-packages/airflow/example_dags/example_latest_only.py
[2024-04-04 20:51:03,296] {logging_mixin.py:115} INFO - [2024-04-04 20:51:03,296] {dag.py:2379} INFO - Sync 1 DAGs
[2024-04-04 20:51:03,305] {logging_mixin.py:115} INFO - [2024-04-04 20:51:03,305] {dag.py:2927} INFO - Setting next_dagrun for latest_only to 2024-04-04T19:51:03.305655+00:00, run_after=2024-04-04T23:51:03.305655+00:00
[2024-04-04 20:51:03,321] {processor.py:161} INFO - Processing /home/dimitri/dimitri/airflowalura/venv/lib/python3.10/site-packages/airflow/example_dags/example_latest_only.py took 0.046 seconds
[2024-04-04 20:51:33,651] {processor.py:153} INFO - Started process (PID=575608) to work on /home/dimitri/dimitri/airflowalura/venv/lib/python3.10/site-packages/airflow/example_dags/example_latest_only.py
[2024-04-04 20:51:33,654] {processor.py:641} INFO - Processing file /home/dimitri/dimitri/airflowalura/venv/lib/python3.10/site-packages/airflow/example_dags/example_latest_only.py for tasks to queue
[2024-04-04 20:51:33,655] {logging_mixin.py:115} INFO - [2024-04-04 20:51:33,655] {dagbag.py:507} INFO - Filling up the DagBag from /home/dimitri/dimitri/airflowalura/venv/lib/python3.10/site-packages/airflow/example_dags/example_latest_only.py
[2024-04-04 20:51:33,659] {processor.py:651} INFO - DAG(s) dict_keys(['latest_only']) retrieved from /home/dimitri/dimitri/airflowalura/venv/lib/python3.10/site-packages/airflow/example_dags/example_latest_only.py
[2024-04-04 20:51:33,678] {logging_mixin.py:115} INFO - [2024-04-04 20:51:33,678] {dag.py:2379} INFO - Sync 1 DAGs
[2024-04-04 20:51:33,694] {logging_mixin.py:115} INFO - [2024-04-04 20:51:33,694] {dag.py:2927} INFO - Setting next_dagrun for latest_only to 2024-04-04T19:51:33.694300+00:00, run_after=2024-04-04T23:51:33.694300+00:00
[2024-04-04 20:51:33,712] {processor.py:161} INFO - Processing /home/dimitri/dimitri/airflowalura/venv/lib/python3.10/site-packages/airflow/example_dags/example_latest_only.py took 0.064 seconds
[2024-04-04 20:52:07,893] {processor.py:153} INFO - Started process (PID=575738) to work on /home/dimitri/dimitri/airflowalura/venv/lib/python3.10/site-packages/airflow/example_dags/example_latest_only.py
[2024-04-04 20:52:07,895] {processor.py:641} INFO - Processing file /home/dimitri/dimitri/airflowalura/venv/lib/python3.10/site-packages/airflow/example_dags/example_latest_only.py for tasks to queue
[2024-04-04 20:52:07,896] {logging_mixin.py:115} INFO - [2024-04-04 20:52:07,896] {dagbag.py:507} INFO - Filling up the DagBag from /home/dimitri/dimitri/airflowalura/venv/lib/python3.10/site-packages/airflow/example_dags/example_latest_only.py
[2024-04-04 20:52:07,899] {processor.py:651} INFO - DAG(s) dict_keys(['latest_only']) retrieved from /home/dimitri/dimitri/airflowalura/venv/lib/python3.10/site-packages/airflow/example_dags/example_latest_only.py
[2024-04-04 20:52:07,915] {logging_mixin.py:115} INFO - [2024-04-04 20:52:07,915] {dag.py:2379} INFO - Sync 1 DAGs
[2024-04-04 20:52:07,926] {logging_mixin.py:115} INFO - [2024-04-04 20:52:07,926] {dag.py:2927} INFO - Setting next_dagrun for latest_only to 2024-04-04T19:52:07.926452+00:00, run_after=2024-04-04T23:52:07.926452+00:00
[2024-04-04 20:52:07,944] {processor.py:161} INFO - Processing /home/dimitri/dimitri/airflowalura/venv/lib/python3.10/site-packages/airflow/example_dags/example_latest_only.py took 0.053 seconds
[2024-04-04 20:52:41,439] {processor.py:153} INFO - Started process (PID=575868) to work on /home/dimitri/dimitri/airflowalura/venv/lib/python3.10/site-packages/airflow/example_dags/example_latest_only.py
[2024-04-04 20:52:41,441] {processor.py:641} INFO - Processing file /home/dimitri/dimitri/airflowalura/venv/lib/python3.10/site-packages/airflow/example_dags/example_latest_only.py for tasks to queue
[2024-04-04 20:52:41,441] {logging_mixin.py:115} INFO - [2024-04-04 20:52:41,441] {dagbag.py:507} INFO - Filling up the DagBag from /home/dimitri/dimitri/airflowalura/venv/lib/python3.10/site-packages/airflow/example_dags/example_latest_only.py
[2024-04-04 20:52:41,445] {processor.py:651} INFO - DAG(s) dict_keys(['latest_only']) retrieved from /home/dimitri/dimitri/airflowalura/venv/lib/python3.10/site-packages/airflow/example_dags/example_latest_only.py
[2024-04-04 20:52:41,458] {logging_mixin.py:115} INFO - [2024-04-04 20:52:41,458] {dag.py:2379} INFO - Sync 1 DAGs
[2024-04-04 20:52:41,471] {logging_mixin.py:115} INFO - [2024-04-04 20:52:41,470] {dag.py:2927} INFO - Setting next_dagrun for latest_only to 2024-04-04T19:52:41.470729+00:00, run_after=2024-04-04T23:52:41.470729+00:00
[2024-04-04 20:52:41,489] {processor.py:161} INFO - Processing /home/dimitri/dimitri/airflowalura/venv/lib/python3.10/site-packages/airflow/example_dags/example_latest_only.py took 0.053 seconds
[2024-04-04 20:53:17,103] {processor.py:153} INFO - Started process (PID=576005) to work on /home/dimitri/dimitri/airflowalura/venv/lib/python3.10/site-packages/airflow/example_dags/example_latest_only.py
[2024-04-04 20:53:17,104] {processor.py:641} INFO - Processing file /home/dimitri/dimitri/airflowalura/venv/lib/python3.10/site-packages/airflow/example_dags/example_latest_only.py for tasks to queue
[2024-04-04 20:53:17,104] {logging_mixin.py:115} INFO - [2024-04-04 20:53:17,104] {dagbag.py:507} INFO - Filling up the DagBag from /home/dimitri/dimitri/airflowalura/venv/lib/python3.10/site-packages/airflow/example_dags/example_latest_only.py
[2024-04-04 20:53:17,109] {processor.py:651} INFO - DAG(s) dict_keys(['latest_only']) retrieved from /home/dimitri/dimitri/airflowalura/venv/lib/python3.10/site-packages/airflow/example_dags/example_latest_only.py
[2024-04-04 20:53:17,119] {logging_mixin.py:115} INFO - [2024-04-04 20:53:17,119] {dag.py:2379} INFO - Sync 1 DAGs
[2024-04-04 20:53:17,128] {logging_mixin.py:115} INFO - [2024-04-04 20:53:17,128] {dag.py:2927} INFO - Setting next_dagrun for latest_only to 2024-04-04T19:53:17.128332+00:00, run_after=2024-04-04T23:53:17.128332+00:00
[2024-04-04 20:53:17,144] {processor.py:161} INFO - Processing /home/dimitri/dimitri/airflowalura/venv/lib/python3.10/site-packages/airflow/example_dags/example_latest_only.py took 0.043 seconds
[2024-04-04 20:53:48,560] {processor.py:153} INFO - Started process (PID=576127) to work on /home/dimitri/dimitri/airflowalura/venv/lib/python3.10/site-packages/airflow/example_dags/example_latest_only.py
[2024-04-04 20:53:48,562] {processor.py:641} INFO - Processing file /home/dimitri/dimitri/airflowalura/venv/lib/python3.10/site-packages/airflow/example_dags/example_latest_only.py for tasks to queue
[2024-04-04 20:53:48,563] {logging_mixin.py:115} INFO - [2024-04-04 20:53:48,563] {dagbag.py:507} INFO - Filling up the DagBag from /home/dimitri/dimitri/airflowalura/venv/lib/python3.10/site-packages/airflow/example_dags/example_latest_only.py
[2024-04-04 20:53:48,568] {processor.py:651} INFO - DAG(s) dict_keys(['latest_only']) retrieved from /home/dimitri/dimitri/airflowalura/venv/lib/python3.10/site-packages/airflow/example_dags/example_latest_only.py
[2024-04-04 20:53:48,579] {logging_mixin.py:115} INFO - [2024-04-04 20:53:48,579] {dag.py:2379} INFO - Sync 1 DAGs
[2024-04-04 20:53:48,590] {logging_mixin.py:115} INFO - [2024-04-04 20:53:48,590] {dag.py:2927} INFO - Setting next_dagrun for latest_only to 2024-04-04T19:53:48.589913+00:00, run_after=2024-04-04T23:53:48.589913+00:00
[2024-04-04 20:53:48,606] {processor.py:161} INFO - Processing /home/dimitri/dimitri/airflowalura/venv/lib/python3.10/site-packages/airflow/example_dags/example_latest_only.py took 0.050 seconds
[2024-04-04 20:54:19,549] {processor.py:153} INFO - Started process (PID=576250) to work on /home/dimitri/dimitri/airflowalura/venv/lib/python3.10/site-packages/airflow/example_dags/example_latest_only.py
[2024-04-04 20:54:19,551] {processor.py:641} INFO - Processing file /home/dimitri/dimitri/airflowalura/venv/lib/python3.10/site-packages/airflow/example_dags/example_latest_only.py for tasks to queue
[2024-04-04 20:54:19,552] {logging_mixin.py:115} INFO - [2024-04-04 20:54:19,551] {dagbag.py:507} INFO - Filling up the DagBag from /home/dimitri/dimitri/airflowalura/venv/lib/python3.10/site-packages/airflow/example_dags/example_latest_only.py
[2024-04-04 20:54:19,555] {processor.py:651} INFO - DAG(s) dict_keys(['latest_only']) retrieved from /home/dimitri/dimitri/airflowalura/venv/lib/python3.10/site-packages/airflow/example_dags/example_latest_only.py
[2024-04-04 20:54:19,569] {logging_mixin.py:115} INFO - [2024-04-04 20:54:19,568] {dag.py:2379} INFO - Sync 1 DAGs
[2024-04-04 20:54:19,578] {logging_mixin.py:115} INFO - [2024-04-04 20:54:19,578] {dag.py:2927} INFO - Setting next_dagrun for latest_only to 2024-04-04T19:54:19.578135+00:00, run_after=2024-04-04T23:54:19.578135+00:00
[2024-04-04 20:54:19,593] {processor.py:161} INFO - Processing /home/dimitri/dimitri/airflowalura/venv/lib/python3.10/site-packages/airflow/example_dags/example_latest_only.py took 0.045 seconds
[2024-04-04 20:54:50,593] {processor.py:153} INFO - Started process (PID=576373) to work on /home/dimitri/dimitri/airflowalura/venv/lib/python3.10/site-packages/airflow/example_dags/example_latest_only.py
[2024-04-04 20:54:50,594] {processor.py:641} INFO - Processing file /home/dimitri/dimitri/airflowalura/venv/lib/python3.10/site-packages/airflow/example_dags/example_latest_only.py for tasks to queue
[2024-04-04 20:54:50,594] {logging_mixin.py:115} INFO - [2024-04-04 20:54:50,594] {dagbag.py:507} INFO - Filling up the DagBag from /home/dimitri/dimitri/airflowalura/venv/lib/python3.10/site-packages/airflow/example_dags/example_latest_only.py
[2024-04-04 20:54:50,600] {processor.py:651} INFO - DAG(s) dict_keys(['latest_only']) retrieved from /home/dimitri/dimitri/airflowalura/venv/lib/python3.10/site-packages/airflow/example_dags/example_latest_only.py
[2024-04-04 20:54:50,611] {logging_mixin.py:115} INFO - [2024-04-04 20:54:50,611] {dag.py:2379} INFO - Sync 1 DAGs
[2024-04-04 20:54:50,620] {logging_mixin.py:115} INFO - [2024-04-04 20:54:50,620] {dag.py:2927} INFO - Setting next_dagrun for latest_only to 2024-04-04T19:54:50.620632+00:00, run_after=2024-04-04T23:54:50.620632+00:00
[2024-04-04 20:54:50,637] {processor.py:161} INFO - Processing /home/dimitri/dimitri/airflowalura/venv/lib/python3.10/site-packages/airflow/example_dags/example_latest_only.py took 0.048 seconds
[2024-04-04 20:55:24,901] {processor.py:153} INFO - Started process (PID=576511) to work on /home/dimitri/dimitri/airflowalura/venv/lib/python3.10/site-packages/airflow/example_dags/example_latest_only.py
[2024-04-04 20:55:24,903] {processor.py:641} INFO - Processing file /home/dimitri/dimitri/airflowalura/venv/lib/python3.10/site-packages/airflow/example_dags/example_latest_only.py for tasks to queue
[2024-04-04 20:55:24,904] {logging_mixin.py:115} INFO - [2024-04-04 20:55:24,904] {dagbag.py:507} INFO - Filling up the DagBag from /home/dimitri/dimitri/airflowalura/venv/lib/python3.10/site-packages/airflow/example_dags/example_latest_only.py
[2024-04-04 20:55:24,907] {processor.py:651} INFO - DAG(s) dict_keys(['latest_only']) retrieved from /home/dimitri/dimitri/airflowalura/venv/lib/python3.10/site-packages/airflow/example_dags/example_latest_only.py
[2024-04-04 20:55:24,918] {logging_mixin.py:115} INFO - [2024-04-04 20:55:24,918] {dag.py:2379} INFO - Sync 1 DAGs
[2024-04-04 20:55:24,928] {logging_mixin.py:115} INFO - [2024-04-04 20:55:24,928] {dag.py:2927} INFO - Setting next_dagrun for latest_only to 2024-04-04T19:55:24.927967+00:00, run_after=2024-04-04T23:55:24.927967+00:00
[2024-04-04 20:55:24,944] {processor.py:161} INFO - Processing /home/dimitri/dimitri/airflowalura/venv/lib/python3.10/site-packages/airflow/example_dags/example_latest_only.py took 0.045 seconds
[2024-04-04 20:55:57,602] {processor.py:153} INFO - Started process (PID=576633) to work on /home/dimitri/dimitri/airflowalura/venv/lib/python3.10/site-packages/airflow/example_dags/example_latest_only.py
[2024-04-04 20:55:57,603] {processor.py:641} INFO - Processing file /home/dimitri/dimitri/airflowalura/venv/lib/python3.10/site-packages/airflow/example_dags/example_latest_only.py for tasks to queue
[2024-04-04 20:55:57,603] {logging_mixin.py:115} INFO - [2024-04-04 20:55:57,603] {dagbag.py:507} INFO - Filling up the DagBag from /home/dimitri/dimitri/airflowalura/venv/lib/python3.10/site-packages/airflow/example_dags/example_latest_only.py
[2024-04-04 20:55:57,607] {processor.py:651} INFO - DAG(s) dict_keys(['latest_only']) retrieved from /home/dimitri/dimitri/airflowalura/venv/lib/python3.10/site-packages/airflow/example_dags/example_latest_only.py
[2024-04-04 20:55:57,620] {logging_mixin.py:115} INFO - [2024-04-04 20:55:57,620] {dag.py:2379} INFO - Sync 1 DAGs
[2024-04-04 20:55:57,632] {logging_mixin.py:115} INFO - [2024-04-04 20:55:57,632] {dag.py:2927} INFO - Setting next_dagrun for latest_only to 2024-04-04T19:55:57.632028+00:00, run_after=2024-04-04T23:55:57.632028+00:00
[2024-04-04 20:55:57,651] {processor.py:161} INFO - Processing /home/dimitri/dimitri/airflowalura/venv/lib/python3.10/site-packages/airflow/example_dags/example_latest_only.py took 0.051 seconds
[2024-04-04 20:56:30,927] {processor.py:153} INFO - Started process (PID=576763) to work on /home/dimitri/dimitri/airflowalura/venv/lib/python3.10/site-packages/airflow/example_dags/example_latest_only.py
[2024-04-04 20:56:30,929] {processor.py:641} INFO - Processing file /home/dimitri/dimitri/airflowalura/venv/lib/python3.10/site-packages/airflow/example_dags/example_latest_only.py for tasks to queue
[2024-04-04 20:56:30,929] {logging_mixin.py:115} INFO - [2024-04-04 20:56:30,929] {dagbag.py:507} INFO - Filling up the DagBag from /home/dimitri/dimitri/airflowalura/venv/lib/python3.10/site-packages/airflow/example_dags/example_latest_only.py
[2024-04-04 20:56:30,933] {processor.py:651} INFO - DAG(s) dict_keys(['latest_only']) retrieved from /home/dimitri/dimitri/airflowalura/venv/lib/python3.10/site-packages/airflow/example_dags/example_latest_only.py
[2024-04-04 20:56:30,945] {logging_mixin.py:115} INFO - [2024-04-04 20:56:30,945] {dag.py:2379} INFO - Sync 1 DAGs
[2024-04-04 20:56:30,955] {logging_mixin.py:115} INFO - [2024-04-04 20:56:30,955] {dag.py:2927} INFO - Setting next_dagrun for latest_only to 2024-04-04T19:56:30.955467+00:00, run_after=2024-04-04T23:56:30.955467+00:00
[2024-04-04 20:56:30,971] {processor.py:161} INFO - Processing /home/dimitri/dimitri/airflowalura/venv/lib/python3.10/site-packages/airflow/example_dags/example_latest_only.py took 0.047 seconds
[2024-04-04 20:57:05,880] {processor.py:153} INFO - Started process (PID=576902) to work on /home/dimitri/dimitri/airflowalura/venv/lib/python3.10/site-packages/airflow/example_dags/example_latest_only.py
[2024-04-04 20:57:05,881] {processor.py:641} INFO - Processing file /home/dimitri/dimitri/airflowalura/venv/lib/python3.10/site-packages/airflow/example_dags/example_latest_only.py for tasks to queue
[2024-04-04 20:57:05,881] {logging_mixin.py:115} INFO - [2024-04-04 20:57:05,881] {dagbag.py:507} INFO - Filling up the DagBag from /home/dimitri/dimitri/airflowalura/venv/lib/python3.10/site-packages/airflow/example_dags/example_latest_only.py
[2024-04-04 20:57:05,884] {processor.py:651} INFO - DAG(s) dict_keys(['latest_only']) retrieved from /home/dimitri/dimitri/airflowalura/venv/lib/python3.10/site-packages/airflow/example_dags/example_latest_only.py
[2024-04-04 20:57:05,897] {logging_mixin.py:115} INFO - [2024-04-04 20:57:05,896] {dag.py:2379} INFO - Sync 1 DAGs
[2024-04-04 20:57:05,906] {logging_mixin.py:115} INFO - [2024-04-04 20:57:05,906] {dag.py:2927} INFO - Setting next_dagrun for latest_only to 2024-04-04T19:57:05.906694+00:00, run_after=2024-04-04T23:57:05.906694+00:00
[2024-04-04 20:57:05,922] {processor.py:161} INFO - Processing /home/dimitri/dimitri/airflowalura/venv/lib/python3.10/site-packages/airflow/example_dags/example_latest_only.py took 0.045 seconds
[2024-04-04 20:57:37,888] {processor.py:153} INFO - Started process (PID=577031) to work on /home/dimitri/dimitri/airflowalura/venv/lib/python3.10/site-packages/airflow/example_dags/example_latest_only.py
[2024-04-04 20:57:37,890] {processor.py:641} INFO - Processing file /home/dimitri/dimitri/airflowalura/venv/lib/python3.10/site-packages/airflow/example_dags/example_latest_only.py for tasks to queue
[2024-04-04 20:57:37,890] {logging_mixin.py:115} INFO - [2024-04-04 20:57:37,890] {dagbag.py:507} INFO - Filling up the DagBag from /home/dimitri/dimitri/airflowalura/venv/lib/python3.10/site-packages/airflow/example_dags/example_latest_only.py
[2024-04-04 20:57:37,893] {processor.py:651} INFO - DAG(s) dict_keys(['latest_only']) retrieved from /home/dimitri/dimitri/airflowalura/venv/lib/python3.10/site-packages/airflow/example_dags/example_latest_only.py
[2024-04-04 20:57:37,905] {logging_mixin.py:115} INFO - [2024-04-04 20:57:37,905] {dag.py:2379} INFO - Sync 1 DAGs
[2024-04-04 20:57:37,916] {logging_mixin.py:115} INFO - [2024-04-04 20:57:37,916] {dag.py:2927} INFO - Setting next_dagrun for latest_only to 2024-04-04T19:57:37.916533+00:00, run_after=2024-04-04T23:57:37.916533+00:00
[2024-04-04 20:57:37,935] {processor.py:161} INFO - Processing /home/dimitri/dimitri/airflowalura/venv/lib/python3.10/site-packages/airflow/example_dags/example_latest_only.py took 0.049 seconds
[2024-04-04 20:58:11,740] {processor.py:153} INFO - Started process (PID=577162) to work on /home/dimitri/dimitri/airflowalura/venv/lib/python3.10/site-packages/airflow/example_dags/example_latest_only.py
[2024-04-04 20:58:11,743] {processor.py:641} INFO - Processing file /home/dimitri/dimitri/airflowalura/venv/lib/python3.10/site-packages/airflow/example_dags/example_latest_only.py for tasks to queue
[2024-04-04 20:58:11,743] {logging_mixin.py:115} INFO - [2024-04-04 20:58:11,743] {dagbag.py:507} INFO - Filling up the DagBag from /home/dimitri/dimitri/airflowalura/venv/lib/python3.10/site-packages/airflow/example_dags/example_latest_only.py
[2024-04-04 20:58:11,747] {processor.py:651} INFO - DAG(s) dict_keys(['latest_only']) retrieved from /home/dimitri/dimitri/airflowalura/venv/lib/python3.10/site-packages/airflow/example_dags/example_latest_only.py
[2024-04-04 20:58:11,758] {logging_mixin.py:115} INFO - [2024-04-04 20:58:11,758] {dag.py:2379} INFO - Sync 1 DAGs
[2024-04-04 20:58:11,772] {logging_mixin.py:115} INFO - [2024-04-04 20:58:11,772] {dag.py:2927} INFO - Setting next_dagrun for latest_only to 2024-04-04T19:58:11.772306+00:00, run_after=2024-04-04T23:58:11.772306+00:00
[2024-04-04 20:58:11,788] {processor.py:161} INFO - Processing /home/dimitri/dimitri/airflowalura/venv/lib/python3.10/site-packages/airflow/example_dags/example_latest_only.py took 0.050 seconds
[2024-04-04 20:58:43,399] {processor.py:153} INFO - Started process (PID=577286) to work on /home/dimitri/dimitri/airflowalura/venv/lib/python3.10/site-packages/airflow/example_dags/example_latest_only.py
[2024-04-04 20:58:43,400] {processor.py:641} INFO - Processing file /home/dimitri/dimitri/airflowalura/venv/lib/python3.10/site-packages/airflow/example_dags/example_latest_only.py for tasks to queue
[2024-04-04 20:58:43,401] {logging_mixin.py:115} INFO - [2024-04-04 20:58:43,401] {dagbag.py:507} INFO - Filling up the DagBag from /home/dimitri/dimitri/airflowalura/venv/lib/python3.10/site-packages/airflow/example_dags/example_latest_only.py
[2024-04-04 20:58:43,404] {processor.py:651} INFO - DAG(s) dict_keys(['latest_only']) retrieved from /home/dimitri/dimitri/airflowalura/venv/lib/python3.10/site-packages/airflow/example_dags/example_latest_only.py
[2024-04-04 20:58:43,415] {logging_mixin.py:115} INFO - [2024-04-04 20:58:43,415] {dag.py:2379} INFO - Sync 1 DAGs
[2024-04-04 20:58:43,425] {logging_mixin.py:115} INFO - [2024-04-04 20:58:43,425] {dag.py:2927} INFO - Setting next_dagrun for latest_only to 2024-04-04T19:58:43.425642+00:00, run_after=2024-04-04T23:58:43.425642+00:00
[2024-04-04 20:58:43,442] {processor.py:161} INFO - Processing /home/dimitri/dimitri/airflowalura/venv/lib/python3.10/site-packages/airflow/example_dags/example_latest_only.py took 0.046 seconds
[2024-04-04 20:59:14,963] {processor.py:153} INFO - Started process (PID=577409) to work on /home/dimitri/dimitri/airflowalura/venv/lib/python3.10/site-packages/airflow/example_dags/example_latest_only.py
[2024-04-04 20:59:14,966] {processor.py:641} INFO - Processing file /home/dimitri/dimitri/airflowalura/venv/lib/python3.10/site-packages/airflow/example_dags/example_latest_only.py for tasks to queue
[2024-04-04 20:59:14,966] {logging_mixin.py:115} INFO - [2024-04-04 20:59:14,966] {dagbag.py:507} INFO - Filling up the DagBag from /home/dimitri/dimitri/airflowalura/venv/lib/python3.10/site-packages/airflow/example_dags/example_latest_only.py
[2024-04-04 20:59:14,970] {processor.py:651} INFO - DAG(s) dict_keys(['latest_only']) retrieved from /home/dimitri/dimitri/airflowalura/venv/lib/python3.10/site-packages/airflow/example_dags/example_latest_only.py
[2024-04-04 20:59:14,982] {logging_mixin.py:115} INFO - [2024-04-04 20:59:14,982] {dag.py:2379} INFO - Sync 1 DAGs
[2024-04-04 20:59:14,992] {logging_mixin.py:115} INFO - [2024-04-04 20:59:14,992] {dag.py:2927} INFO - Setting next_dagrun for latest_only to 2024-04-04T19:59:14.992295+00:00, run_after=2024-04-04T23:59:14.992295+00:00
[2024-04-04 20:59:15,010] {processor.py:161} INFO - Processing /home/dimitri/dimitri/airflowalura/venv/lib/python3.10/site-packages/airflow/example_dags/example_latest_only.py took 0.049 seconds
[2024-04-04 20:59:49,074] {processor.py:153} INFO - Started process (PID=577546) to work on /home/dimitri/dimitri/airflowalura/venv/lib/python3.10/site-packages/airflow/example_dags/example_latest_only.py
[2024-04-04 20:59:49,077] {processor.py:641} INFO - Processing file /home/dimitri/dimitri/airflowalura/venv/lib/python3.10/site-packages/airflow/example_dags/example_latest_only.py for tasks to queue
[2024-04-04 20:59:49,077] {logging_mixin.py:115} INFO - [2024-04-04 20:59:49,077] {dagbag.py:507} INFO - Filling up the DagBag from /home/dimitri/dimitri/airflowalura/venv/lib/python3.10/site-packages/airflow/example_dags/example_latest_only.py
[2024-04-04 20:59:49,080] {processor.py:651} INFO - DAG(s) dict_keys(['latest_only']) retrieved from /home/dimitri/dimitri/airflowalura/venv/lib/python3.10/site-packages/airflow/example_dags/example_latest_only.py
[2024-04-04 20:59:49,094] {logging_mixin.py:115} INFO - [2024-04-04 20:59:49,094] {dag.py:2379} INFO - Sync 1 DAGs
[2024-04-04 20:59:49,106] {logging_mixin.py:115} INFO - [2024-04-04 20:59:49,106] {dag.py:2927} INFO - Setting next_dagrun for latest_only to 2024-04-04T19:59:49.106696+00:00, run_after=2024-04-04T23:59:49.106696+00:00
[2024-04-04 20:59:49,124] {processor.py:161} INFO - Processing /home/dimitri/dimitri/airflowalura/venv/lib/python3.10/site-packages/airflow/example_dags/example_latest_only.py took 0.052 seconds
