[2024-04-04 20:28:52,926] {processor.py:153} INFO - Started process (PID=569862) to work on /home/dimitri/dimitri/airflowalura/venv/lib/python3.10/site-packages/airflow/example_dags/example_trigger_controller_dag.py
[2024-04-04 20:28:52,926] {processor.py:641} INFO - Processing file /home/dimitri/dimitri/airflowalura/venv/lib/python3.10/site-packages/airflow/example_dags/example_trigger_controller_dag.py for tasks to queue
[2024-04-04 20:28:52,926] {logging_mixin.py:115} INFO - [2024-04-04 20:28:52,926] {dagbag.py:507} INFO - Filling up the DagBag from /home/dimitri/dimitri/airflowalura/venv/lib/python3.10/site-packages/airflow/example_dags/example_trigger_controller_dag.py
[2024-04-04 20:28:52,929] {processor.py:651} INFO - DAG(s) dict_keys(['example_trigger_controller_dag']) retrieved from /home/dimitri/dimitri/airflowalura/venv/lib/python3.10/site-packages/airflow/example_dags/example_trigger_controller_dag.py
[2024-04-04 20:28:52,983] {logging_mixin.py:115} INFO - [2024-04-04 20:28:52,983] {manager.py:508} INFO - Created Permission View: can read on DAG:example_trigger_controller_dag
[2024-04-04 20:28:52,996] {logging_mixin.py:115} INFO - [2024-04-04 20:28:52,996] {manager.py:508} INFO - Created Permission View: can edit on DAG:example_trigger_controller_dag
[2024-04-04 20:28:53,009] {logging_mixin.py:115} INFO - [2024-04-04 20:28:53,009] {manager.py:508} INFO - Created Permission View: can delete on DAG:example_trigger_controller_dag
[2024-04-04 20:28:53,009] {logging_mixin.py:115} INFO - [2024-04-04 20:28:53,009] {dag.py:2379} INFO - Sync 1 DAGs
[2024-04-04 20:28:53,015] {logging_mixin.py:115} INFO - [2024-04-04 20:28:53,015] {dag.py:2398} INFO - Creating ORM DAG for example_trigger_controller_dag
[2024-04-04 20:28:53,022] {logging_mixin.py:115} INFO - [2024-04-04 20:28:53,021] {dag.py:2927} INFO - Setting next_dagrun for example_trigger_controller_dag to 2021-01-01T00:00:00+00:00, run_after=2021-01-01T00:00:00+00:00
[2024-04-04 20:28:53,041] {processor.py:161} INFO - Processing /home/dimitri/dimitri/airflowalura/venv/lib/python3.10/site-packages/airflow/example_dags/example_trigger_controller_dag.py took 0.120 seconds
[2024-04-04 20:29:29,231] {processor.py:153} INFO - Started process (PID=569935) to work on /home/dimitri/dimitri/airflowalura/venv/lib/python3.10/site-packages/airflow/example_dags/example_trigger_controller_dag.py
[2024-04-04 20:29:29,233] {processor.py:641} INFO - Processing file /home/dimitri/dimitri/airflowalura/venv/lib/python3.10/site-packages/airflow/example_dags/example_trigger_controller_dag.py for tasks to queue
[2024-04-04 20:29:29,233] {logging_mixin.py:115} INFO - [2024-04-04 20:29:29,233] {dagbag.py:507} INFO - Filling up the DagBag from /home/dimitri/dimitri/airflowalura/venv/lib/python3.10/site-packages/airflow/example_dags/example_trigger_controller_dag.py
[2024-04-04 20:29:29,235] {processor.py:651} INFO - DAG(s) dict_keys(['example_trigger_controller_dag']) retrieved from /home/dimitri/dimitri/airflowalura/venv/lib/python3.10/site-packages/airflow/example_dags/example_trigger_controller_dag.py
[2024-04-04 20:29:29,262] {logging_mixin.py:115} INFO - [2024-04-04 20:29:29,262] {dag.py:2379} INFO - Sync 1 DAGs
[2024-04-04 20:29:29,299] {logging_mixin.py:115} INFO - [2024-04-04 20:29:29,299] {dag.py:2927} INFO - Setting next_dagrun for example_trigger_controller_dag to 2021-01-01T00:00:00+00:00, run_after=2021-01-01T00:00:00+00:00
[2024-04-04 20:29:29,317] {processor.py:161} INFO - Processing /home/dimitri/dimitri/airflowalura/venv/lib/python3.10/site-packages/airflow/example_dags/example_trigger_controller_dag.py took 0.089 seconds
[2024-04-04 20:29:59,735] {processor.py:153} INFO - Started process (PID=570303) to work on /home/dimitri/dimitri/airflowalura/venv/lib/python3.10/site-packages/airflow/example_dags/example_trigger_controller_dag.py
[2024-04-04 20:29:59,737] {processor.py:641} INFO - Processing file /home/dimitri/dimitri/airflowalura/venv/lib/python3.10/site-packages/airflow/example_dags/example_trigger_controller_dag.py for tasks to queue
[2024-04-04 20:29:59,738] {logging_mixin.py:115} INFO - [2024-04-04 20:29:59,738] {dagbag.py:507} INFO - Filling up the DagBag from /home/dimitri/dimitri/airflowalura/venv/lib/python3.10/site-packages/airflow/example_dags/example_trigger_controller_dag.py
[2024-04-04 20:29:59,740] {processor.py:651} INFO - DAG(s) dict_keys(['example_trigger_controller_dag']) retrieved from /home/dimitri/dimitri/airflowalura/venv/lib/python3.10/site-packages/airflow/example_dags/example_trigger_controller_dag.py
[2024-04-04 20:29:59,751] {logging_mixin.py:115} INFO - [2024-04-04 20:29:59,751] {dag.py:2379} INFO - Sync 1 DAGs
[2024-04-04 20:29:59,763] {logging_mixin.py:115} INFO - [2024-04-04 20:29:59,763] {dag.py:2927} INFO - Setting next_dagrun for example_trigger_controller_dag to 2021-01-01T00:00:00+00:00, run_after=2021-01-01T00:00:00+00:00
[2024-04-04 20:29:59,780] {processor.py:161} INFO - Processing /home/dimitri/dimitri/airflowalura/venv/lib/python3.10/site-packages/airflow/example_dags/example_trigger_controller_dag.py took 0.048 seconds
[2024-04-04 20:30:30,906] {processor.py:153} INFO - Started process (PID=570440) to work on /home/dimitri/dimitri/airflowalura/venv/lib/python3.10/site-packages/airflow/example_dags/example_trigger_controller_dag.py
[2024-04-04 20:30:30,906] {processor.py:641} INFO - Processing file /home/dimitri/dimitri/airflowalura/venv/lib/python3.10/site-packages/airflow/example_dags/example_trigger_controller_dag.py for tasks to queue
[2024-04-04 20:30:30,907] {logging_mixin.py:115} INFO - [2024-04-04 20:30:30,907] {dagbag.py:507} INFO - Filling up the DagBag from /home/dimitri/dimitri/airflowalura/venv/lib/python3.10/site-packages/airflow/example_dags/example_trigger_controller_dag.py
[2024-04-04 20:30:30,909] {processor.py:651} INFO - DAG(s) dict_keys(['example_trigger_controller_dag']) retrieved from /home/dimitri/dimitri/airflowalura/venv/lib/python3.10/site-packages/airflow/example_dags/example_trigger_controller_dag.py
[2024-04-04 20:30:30,923] {logging_mixin.py:115} INFO - [2024-04-04 20:30:30,923] {dag.py:2379} INFO - Sync 1 DAGs
[2024-04-04 20:30:30,935] {logging_mixin.py:115} INFO - [2024-04-04 20:30:30,935] {dag.py:2927} INFO - Setting next_dagrun for example_trigger_controller_dag to 2021-01-01T00:00:00+00:00, run_after=2021-01-01T00:00:00+00:00
[2024-04-04 20:30:30,950] {processor.py:161} INFO - Processing /home/dimitri/dimitri/airflowalura/venv/lib/python3.10/site-packages/airflow/example_dags/example_trigger_controller_dag.py took 0.046 seconds
[2024-04-04 20:31:03,541] {processor.py:153} INFO - Started process (PID=570563) to work on /home/dimitri/dimitri/airflowalura/venv/lib/python3.10/site-packages/airflow/example_dags/example_trigger_controller_dag.py
[2024-04-04 20:31:03,543] {processor.py:641} INFO - Processing file /home/dimitri/dimitri/airflowalura/venv/lib/python3.10/site-packages/airflow/example_dags/example_trigger_controller_dag.py for tasks to queue
[2024-04-04 20:31:03,543] {logging_mixin.py:115} INFO - [2024-04-04 20:31:03,543] {dagbag.py:507} INFO - Filling up the DagBag from /home/dimitri/dimitri/airflowalura/venv/lib/python3.10/site-packages/airflow/example_dags/example_trigger_controller_dag.py
[2024-04-04 20:31:03,546] {processor.py:651} INFO - DAG(s) dict_keys(['example_trigger_controller_dag']) retrieved from /home/dimitri/dimitri/airflowalura/venv/lib/python3.10/site-packages/airflow/example_dags/example_trigger_controller_dag.py
[2024-04-04 20:31:03,555] {logging_mixin.py:115} INFO - [2024-04-04 20:31:03,555] {dag.py:2379} INFO - Sync 1 DAGs
[2024-04-04 20:31:03,565] {logging_mixin.py:115} INFO - [2024-04-04 20:31:03,565] {dag.py:2927} INFO - Setting next_dagrun for example_trigger_controller_dag to 2021-01-01T00:00:00+00:00, run_after=2021-01-01T00:00:00+00:00
[2024-04-04 20:31:03,587] {processor.py:161} INFO - Processing /home/dimitri/dimitri/airflowalura/venv/lib/python3.10/site-packages/airflow/example_dags/example_trigger_controller_dag.py took 0.048 seconds
[2024-04-04 20:31:35,446] {processor.py:153} INFO - Started process (PID=570693) to work on /home/dimitri/dimitri/airflowalura/venv/lib/python3.10/site-packages/airflow/example_dags/example_trigger_controller_dag.py
[2024-04-04 20:31:35,449] {processor.py:641} INFO - Processing file /home/dimitri/dimitri/airflowalura/venv/lib/python3.10/site-packages/airflow/example_dags/example_trigger_controller_dag.py for tasks to queue
[2024-04-04 20:31:35,449] {logging_mixin.py:115} INFO - [2024-04-04 20:31:35,449] {dagbag.py:507} INFO - Filling up the DagBag from /home/dimitri/dimitri/airflowalura/venv/lib/python3.10/site-packages/airflow/example_dags/example_trigger_controller_dag.py
[2024-04-04 20:31:35,452] {processor.py:651} INFO - DAG(s) dict_keys(['example_trigger_controller_dag']) retrieved from /home/dimitri/dimitri/airflowalura/venv/lib/python3.10/site-packages/airflow/example_dags/example_trigger_controller_dag.py
[2024-04-04 20:31:35,463] {logging_mixin.py:115} INFO - [2024-04-04 20:31:35,463] {dag.py:2379} INFO - Sync 1 DAGs
[2024-04-04 20:31:35,474] {logging_mixin.py:115} INFO - [2024-04-04 20:31:35,474] {dag.py:2927} INFO - Setting next_dagrun for example_trigger_controller_dag to 2021-01-01T00:00:00+00:00, run_after=2021-01-01T00:00:00+00:00
[2024-04-04 20:31:35,490] {processor.py:161} INFO - Processing /home/dimitri/dimitri/airflowalura/venv/lib/python3.10/site-packages/airflow/example_dags/example_trigger_controller_dag.py took 0.048 seconds
[2024-04-04 20:32:09,294] {processor.py:153} INFO - Started process (PID=570824) to work on /home/dimitri/dimitri/airflowalura/venv/lib/python3.10/site-packages/airflow/example_dags/example_trigger_controller_dag.py
[2024-04-04 20:32:09,296] {processor.py:641} INFO - Processing file /home/dimitri/dimitri/airflowalura/venv/lib/python3.10/site-packages/airflow/example_dags/example_trigger_controller_dag.py for tasks to queue
[2024-04-04 20:32:09,297] {logging_mixin.py:115} INFO - [2024-04-04 20:32:09,297] {dagbag.py:507} INFO - Filling up the DagBag from /home/dimitri/dimitri/airflowalura/venv/lib/python3.10/site-packages/airflow/example_dags/example_trigger_controller_dag.py
[2024-04-04 20:32:09,300] {processor.py:651} INFO - DAG(s) dict_keys(['example_trigger_controller_dag']) retrieved from /home/dimitri/dimitri/airflowalura/venv/lib/python3.10/site-packages/airflow/example_dags/example_trigger_controller_dag.py
[2024-04-04 20:32:09,310] {logging_mixin.py:115} INFO - [2024-04-04 20:32:09,310] {dag.py:2379} INFO - Sync 1 DAGs
[2024-04-04 20:32:09,326] {logging_mixin.py:115} INFO - [2024-04-04 20:32:09,326] {dag.py:2927} INFO - Setting next_dagrun for example_trigger_controller_dag to 2021-01-01T00:00:00+00:00, run_after=2021-01-01T00:00:00+00:00
[2024-04-04 20:32:09,343] {processor.py:161} INFO - Processing /home/dimitri/dimitri/airflowalura/venv/lib/python3.10/site-packages/airflow/example_dags/example_trigger_controller_dag.py took 0.053 seconds
[2024-04-04 20:32:42,342] {processor.py:153} INFO - Started process (PID=571093) to work on /home/dimitri/dimitri/airflowalura/venv/lib/python3.10/site-packages/airflow/example_dags/example_trigger_controller_dag.py
[2024-04-04 20:32:42,343] {processor.py:641} INFO - Processing file /home/dimitri/dimitri/airflowalura/venv/lib/python3.10/site-packages/airflow/example_dags/example_trigger_controller_dag.py for tasks to queue
[2024-04-04 20:32:42,343] {logging_mixin.py:115} INFO - [2024-04-04 20:32:42,343] {dagbag.py:507} INFO - Filling up the DagBag from /home/dimitri/dimitri/airflowalura/venv/lib/python3.10/site-packages/airflow/example_dags/example_trigger_controller_dag.py
[2024-04-04 20:32:42,346] {processor.py:651} INFO - DAG(s) dict_keys(['example_trigger_controller_dag']) retrieved from /home/dimitri/dimitri/airflowalura/venv/lib/python3.10/site-packages/airflow/example_dags/example_trigger_controller_dag.py
[2024-04-04 20:32:42,358] {logging_mixin.py:115} INFO - [2024-04-04 20:32:42,358] {dag.py:2379} INFO - Sync 1 DAGs
[2024-04-04 20:32:42,372] {logging_mixin.py:115} INFO - [2024-04-04 20:32:42,372] {dag.py:2927} INFO - Setting next_dagrun for example_trigger_controller_dag to 2021-01-01T00:00:00+00:00, run_after=2021-01-01T00:00:00+00:00
[2024-04-04 20:32:42,393] {processor.py:161} INFO - Processing /home/dimitri/dimitri/airflowalura/venv/lib/python3.10/site-packages/airflow/example_dags/example_trigger_controller_dag.py took 0.052 seconds
[2024-04-04 20:33:14,172] {processor.py:153} INFO - Started process (PID=571232) to work on /home/dimitri/dimitri/airflowalura/venv/lib/python3.10/site-packages/airflow/example_dags/example_trigger_controller_dag.py
[2024-04-04 20:33:14,173] {processor.py:641} INFO - Processing file /home/dimitri/dimitri/airflowalura/venv/lib/python3.10/site-packages/airflow/example_dags/example_trigger_controller_dag.py for tasks to queue
[2024-04-04 20:33:14,174] {logging_mixin.py:115} INFO - [2024-04-04 20:33:14,174] {dagbag.py:507} INFO - Filling up the DagBag from /home/dimitri/dimitri/airflowalura/venv/lib/python3.10/site-packages/airflow/example_dags/example_trigger_controller_dag.py
[2024-04-04 20:33:14,176] {processor.py:651} INFO - DAG(s) dict_keys(['example_trigger_controller_dag']) retrieved from /home/dimitri/dimitri/airflowalura/venv/lib/python3.10/site-packages/airflow/example_dags/example_trigger_controller_dag.py
[2024-04-04 20:33:14,186] {logging_mixin.py:115} INFO - [2024-04-04 20:33:14,186] {dag.py:2379} INFO - Sync 1 DAGs
[2024-04-04 20:33:14,197] {logging_mixin.py:115} INFO - [2024-04-04 20:33:14,197] {dag.py:2927} INFO - Setting next_dagrun for example_trigger_controller_dag to 2021-01-01T00:00:00+00:00, run_after=2021-01-01T00:00:00+00:00
[2024-04-04 20:33:14,214] {processor.py:161} INFO - Processing /home/dimitri/dimitri/airflowalura/venv/lib/python3.10/site-packages/airflow/example_dags/example_trigger_controller_dag.py took 0.044 seconds
[2024-04-04 20:33:45,131] {processor.py:153} INFO - Started process (PID=571352) to work on /home/dimitri/dimitri/airflowalura/venv/lib/python3.10/site-packages/airflow/example_dags/example_trigger_controller_dag.py
[2024-04-04 20:33:45,132] {processor.py:641} INFO - Processing file /home/dimitri/dimitri/airflowalura/venv/lib/python3.10/site-packages/airflow/example_dags/example_trigger_controller_dag.py for tasks to queue
[2024-04-04 20:33:45,132] {logging_mixin.py:115} INFO - [2024-04-04 20:33:45,132] {dagbag.py:507} INFO - Filling up the DagBag from /home/dimitri/dimitri/airflowalura/venv/lib/python3.10/site-packages/airflow/example_dags/example_trigger_controller_dag.py
[2024-04-04 20:33:45,135] {processor.py:651} INFO - DAG(s) dict_keys(['example_trigger_controller_dag']) retrieved from /home/dimitri/dimitri/airflowalura/venv/lib/python3.10/site-packages/airflow/example_dags/example_trigger_controller_dag.py
[2024-04-04 20:33:45,149] {logging_mixin.py:115} INFO - [2024-04-04 20:33:45,149] {dag.py:2379} INFO - Sync 1 DAGs
[2024-04-04 20:33:45,166] {logging_mixin.py:115} INFO - [2024-04-04 20:33:45,166] {dag.py:2927} INFO - Setting next_dagrun for example_trigger_controller_dag to 2021-01-01T00:00:00+00:00, run_after=2021-01-01T00:00:00+00:00
[2024-04-04 20:33:45,184] {processor.py:161} INFO - Processing /home/dimitri/dimitri/airflowalura/venv/lib/python3.10/site-packages/airflow/example_dags/example_trigger_controller_dag.py took 0.055 seconds
[2024-04-04 20:34:15,976] {processor.py:153} INFO - Started process (PID=571473) to work on /home/dimitri/dimitri/airflowalura/venv/lib/python3.10/site-packages/airflow/example_dags/example_trigger_controller_dag.py
[2024-04-04 20:34:15,978] {processor.py:641} INFO - Processing file /home/dimitri/dimitri/airflowalura/venv/lib/python3.10/site-packages/airflow/example_dags/example_trigger_controller_dag.py for tasks to queue
[2024-04-04 20:34:15,979] {logging_mixin.py:115} INFO - [2024-04-04 20:34:15,979] {dagbag.py:507} INFO - Filling up the DagBag from /home/dimitri/dimitri/airflowalura/venv/lib/python3.10/site-packages/airflow/example_dags/example_trigger_controller_dag.py
[2024-04-04 20:34:15,981] {processor.py:651} INFO - DAG(s) dict_keys(['example_trigger_controller_dag']) retrieved from /home/dimitri/dimitri/airflowalura/venv/lib/python3.10/site-packages/airflow/example_dags/example_trigger_controller_dag.py
[2024-04-04 20:34:15,992] {logging_mixin.py:115} INFO - [2024-04-04 20:34:15,991] {dag.py:2379} INFO - Sync 1 DAGs
[2024-04-04 20:34:16,004] {logging_mixin.py:115} INFO - [2024-04-04 20:34:16,004] {dag.py:2927} INFO - Setting next_dagrun for example_trigger_controller_dag to 2021-01-01T00:00:00+00:00, run_after=2021-01-01T00:00:00+00:00
[2024-04-04 20:34:16,020] {processor.py:161} INFO - Processing /home/dimitri/dimitri/airflowalura/venv/lib/python3.10/site-packages/airflow/example_dags/example_trigger_controller_dag.py took 0.047 seconds
[2024-04-04 20:34:49,214] {processor.py:153} INFO - Started process (PID=571605) to work on /home/dimitri/dimitri/airflowalura/venv/lib/python3.10/site-packages/airflow/example_dags/example_trigger_controller_dag.py
[2024-04-04 20:34:49,217] {processor.py:641} INFO - Processing file /home/dimitri/dimitri/airflowalura/venv/lib/python3.10/site-packages/airflow/example_dags/example_trigger_controller_dag.py for tasks to queue
[2024-04-04 20:34:49,218] {logging_mixin.py:115} INFO - [2024-04-04 20:34:49,218] {dagbag.py:507} INFO - Filling up the DagBag from /home/dimitri/dimitri/airflowalura/venv/lib/python3.10/site-packages/airflow/example_dags/example_trigger_controller_dag.py
[2024-04-04 20:34:49,220] {processor.py:651} INFO - DAG(s) dict_keys(['example_trigger_controller_dag']) retrieved from /home/dimitri/dimitri/airflowalura/venv/lib/python3.10/site-packages/airflow/example_dags/example_trigger_controller_dag.py
[2024-04-04 20:34:49,231] {logging_mixin.py:115} INFO - [2024-04-04 20:34:49,231] {dag.py:2379} INFO - Sync 1 DAGs
[2024-04-04 20:34:49,242] {logging_mixin.py:115} INFO - [2024-04-04 20:34:49,242] {dag.py:2927} INFO - Setting next_dagrun for example_trigger_controller_dag to 2021-01-01T00:00:00+00:00, run_after=2021-01-01T00:00:00+00:00
[2024-04-04 20:34:49,260] {processor.py:161} INFO - Processing /home/dimitri/dimitri/airflowalura/venv/lib/python3.10/site-packages/airflow/example_dags/example_trigger_controller_dag.py took 0.049 seconds
[2024-04-04 20:35:20,181] {processor.py:153} INFO - Started process (PID=571728) to work on /home/dimitri/dimitri/airflowalura/venv/lib/python3.10/site-packages/airflow/example_dags/example_trigger_controller_dag.py
[2024-04-04 20:35:20,184] {processor.py:641} INFO - Processing file /home/dimitri/dimitri/airflowalura/venv/lib/python3.10/site-packages/airflow/example_dags/example_trigger_controller_dag.py for tasks to queue
[2024-04-04 20:35:20,184] {logging_mixin.py:115} INFO - [2024-04-04 20:35:20,184] {dagbag.py:507} INFO - Filling up the DagBag from /home/dimitri/dimitri/airflowalura/venv/lib/python3.10/site-packages/airflow/example_dags/example_trigger_controller_dag.py
[2024-04-04 20:35:20,186] {processor.py:651} INFO - DAG(s) dict_keys(['example_trigger_controller_dag']) retrieved from /home/dimitri/dimitri/airflowalura/venv/lib/python3.10/site-packages/airflow/example_dags/example_trigger_controller_dag.py
[2024-04-04 20:35:20,200] {logging_mixin.py:115} INFO - [2024-04-04 20:35:20,200] {dag.py:2379} INFO - Sync 1 DAGs
[2024-04-04 20:35:20,213] {logging_mixin.py:115} INFO - [2024-04-04 20:35:20,213] {dag.py:2927} INFO - Setting next_dagrun for example_trigger_controller_dag to 2021-01-01T00:00:00+00:00, run_after=2021-01-01T00:00:00+00:00
[2024-04-04 20:35:20,234] {processor.py:161} INFO - Processing /home/dimitri/dimitri/airflowalura/venv/lib/python3.10/site-packages/airflow/example_dags/example_trigger_controller_dag.py took 0.055 seconds
[2024-04-04 20:35:52,187] {processor.py:153} INFO - Started process (PID=571855) to work on /home/dimitri/dimitri/airflowalura/venv/lib/python3.10/site-packages/airflow/example_dags/example_trigger_controller_dag.py
[2024-04-04 20:35:52,188] {processor.py:641} INFO - Processing file /home/dimitri/dimitri/airflowalura/venv/lib/python3.10/site-packages/airflow/example_dags/example_trigger_controller_dag.py for tasks to queue
[2024-04-04 20:35:52,188] {logging_mixin.py:115} INFO - [2024-04-04 20:35:52,188] {dagbag.py:507} INFO - Filling up the DagBag from /home/dimitri/dimitri/airflowalura/venv/lib/python3.10/site-packages/airflow/example_dags/example_trigger_controller_dag.py
[2024-04-04 20:35:52,190] {processor.py:651} INFO - DAG(s) dict_keys(['example_trigger_controller_dag']) retrieved from /home/dimitri/dimitri/airflowalura/venv/lib/python3.10/site-packages/airflow/example_dags/example_trigger_controller_dag.py
[2024-04-04 20:35:52,201] {logging_mixin.py:115} INFO - [2024-04-04 20:35:52,201] {dag.py:2379} INFO - Sync 1 DAGs
[2024-04-04 20:35:52,228] {logging_mixin.py:115} INFO - [2024-04-04 20:35:52,228] {dag.py:2927} INFO - Setting next_dagrun for example_trigger_controller_dag to 2021-01-01T00:00:00+00:00, run_after=2021-01-01T00:00:00+00:00
[2024-04-04 20:35:52,249] {processor.py:161} INFO - Processing /home/dimitri/dimitri/airflowalura/venv/lib/python3.10/site-packages/airflow/example_dags/example_trigger_controller_dag.py took 0.064 seconds
[2024-04-04 20:36:11,605] {processor.py:153} INFO - Started process (PID=571942) to work on /home/dimitri/dimitri/airflowalura/venv/lib/python3.10/site-packages/airflow/example_dags/example_trigger_controller_dag.py
[2024-04-04 20:36:11,605] {processor.py:641} INFO - Processing file /home/dimitri/dimitri/airflowalura/venv/lib/python3.10/site-packages/airflow/example_dags/example_trigger_controller_dag.py for tasks to queue
[2024-04-04 20:36:11,606] {logging_mixin.py:115} INFO - [2024-04-04 20:36:11,606] {dagbag.py:507} INFO - Filling up the DagBag from /home/dimitri/dimitri/airflowalura/venv/lib/python3.10/site-packages/airflow/example_dags/example_trigger_controller_dag.py
[2024-04-04 20:36:11,608] {processor.py:651} INFO - DAG(s) dict_keys(['example_trigger_controller_dag']) retrieved from /home/dimitri/dimitri/airflowalura/venv/lib/python3.10/site-packages/airflow/example_dags/example_trigger_controller_dag.py
[2024-04-04 20:36:11,619] {logging_mixin.py:115} INFO - [2024-04-04 20:36:11,619] {dag.py:2379} INFO - Sync 1 DAGs
[2024-04-04 20:36:11,635] {logging_mixin.py:115} INFO - [2024-04-04 20:36:11,635] {dag.py:2927} INFO - Setting next_dagrun for example_trigger_controller_dag to 2021-01-01T00:00:00+00:00, run_after=2021-01-01T00:00:00+00:00
[2024-04-04 20:36:11,650] {processor.py:161} INFO - Processing /home/dimitri/dimitri/airflowalura/venv/lib/python3.10/site-packages/airflow/example_dags/example_trigger_controller_dag.py took 0.047 seconds
[2024-04-04 20:36:44,276] {processor.py:153} INFO - Started process (PID=572075) to work on /home/dimitri/dimitri/airflowalura/venv/lib/python3.10/site-packages/airflow/example_dags/example_trigger_controller_dag.py
[2024-04-04 20:36:44,277] {processor.py:641} INFO - Processing file /home/dimitri/dimitri/airflowalura/venv/lib/python3.10/site-packages/airflow/example_dags/example_trigger_controller_dag.py for tasks to queue
[2024-04-04 20:36:44,277] {logging_mixin.py:115} INFO - [2024-04-04 20:36:44,277] {dagbag.py:507} INFO - Filling up the DagBag from /home/dimitri/dimitri/airflowalura/venv/lib/python3.10/site-packages/airflow/example_dags/example_trigger_controller_dag.py
[2024-04-04 20:36:44,279] {processor.py:651} INFO - DAG(s) dict_keys(['example_trigger_controller_dag']) retrieved from /home/dimitri/dimitri/airflowalura/venv/lib/python3.10/site-packages/airflow/example_dags/example_trigger_controller_dag.py
[2024-04-04 20:36:44,289] {logging_mixin.py:115} INFO - [2024-04-04 20:36:44,289] {dag.py:2379} INFO - Sync 1 DAGs
[2024-04-04 20:36:44,299] {logging_mixin.py:115} INFO - [2024-04-04 20:36:44,299] {dag.py:2927} INFO - Setting next_dagrun for example_trigger_controller_dag to 2021-01-01T00:00:00+00:00, run_after=2021-01-01T00:00:00+00:00
[2024-04-04 20:36:44,315] {processor.py:161} INFO - Processing /home/dimitri/dimitri/airflowalura/venv/lib/python3.10/site-packages/airflow/example_dags/example_trigger_controller_dag.py took 0.042 seconds
[2024-04-04 20:37:19,393] {processor.py:153} INFO - Started process (PID=572209) to work on /home/dimitri/dimitri/airflowalura/venv/lib/python3.10/site-packages/airflow/example_dags/example_trigger_controller_dag.py
[2024-04-04 20:37:19,396] {processor.py:641} INFO - Processing file /home/dimitri/dimitri/airflowalura/venv/lib/python3.10/site-packages/airflow/example_dags/example_trigger_controller_dag.py for tasks to queue
[2024-04-04 20:37:19,396] {logging_mixin.py:115} INFO - [2024-04-04 20:37:19,396] {dagbag.py:507} INFO - Filling up the DagBag from /home/dimitri/dimitri/airflowalura/venv/lib/python3.10/site-packages/airflow/example_dags/example_trigger_controller_dag.py
[2024-04-04 20:37:19,398] {processor.py:651} INFO - DAG(s) dict_keys(['example_trigger_controller_dag']) retrieved from /home/dimitri/dimitri/airflowalura/venv/lib/python3.10/site-packages/airflow/example_dags/example_trigger_controller_dag.py
[2024-04-04 20:37:19,408] {logging_mixin.py:115} INFO - [2024-04-04 20:37:19,408] {dag.py:2379} INFO - Sync 1 DAGs
[2024-04-04 20:37:19,421] {logging_mixin.py:115} INFO - [2024-04-04 20:37:19,421] {dag.py:2927} INFO - Setting next_dagrun for example_trigger_controller_dag to 2021-01-01T00:00:00+00:00, run_after=2021-01-01T00:00:00+00:00
[2024-04-04 20:37:19,437] {processor.py:161} INFO - Processing /home/dimitri/dimitri/airflowalura/venv/lib/python3.10/site-packages/airflow/example_dags/example_trigger_controller_dag.py took 0.047 seconds
[2024-04-04 20:37:51,284] {processor.py:153} INFO - Started process (PID=572340) to work on /home/dimitri/dimitri/airflowalura/venv/lib/python3.10/site-packages/airflow/example_dags/example_trigger_controller_dag.py
[2024-04-04 20:37:51,287] {processor.py:641} INFO - Processing file /home/dimitri/dimitri/airflowalura/venv/lib/python3.10/site-packages/airflow/example_dags/example_trigger_controller_dag.py for tasks to queue
[2024-04-04 20:37:51,288] {logging_mixin.py:115} INFO - [2024-04-04 20:37:51,287] {dagbag.py:507} INFO - Filling up the DagBag from /home/dimitri/dimitri/airflowalura/venv/lib/python3.10/site-packages/airflow/example_dags/example_trigger_controller_dag.py
[2024-04-04 20:37:51,290] {processor.py:651} INFO - DAG(s) dict_keys(['example_trigger_controller_dag']) retrieved from /home/dimitri/dimitri/airflowalura/venv/lib/python3.10/site-packages/airflow/example_dags/example_trigger_controller_dag.py
[2024-04-04 20:37:51,302] {logging_mixin.py:115} INFO - [2024-04-04 20:37:51,302] {dag.py:2379} INFO - Sync 1 DAGs
[2024-04-04 20:37:51,314] {logging_mixin.py:115} INFO - [2024-04-04 20:37:51,313] {dag.py:2927} INFO - Setting next_dagrun for example_trigger_controller_dag to 2021-01-01T00:00:00+00:00, run_after=2021-01-01T00:00:00+00:00
[2024-04-04 20:37:51,330] {processor.py:161} INFO - Processing /home/dimitri/dimitri/airflowalura/venv/lib/python3.10/site-packages/airflow/example_dags/example_trigger_controller_dag.py took 0.050 seconds
[2024-04-04 20:38:24,971] {processor.py:153} INFO - Started process (PID=572471) to work on /home/dimitri/dimitri/airflowalura/venv/lib/python3.10/site-packages/airflow/example_dags/example_trigger_controller_dag.py
[2024-04-04 20:38:24,973] {processor.py:641} INFO - Processing file /home/dimitri/dimitri/airflowalura/venv/lib/python3.10/site-packages/airflow/example_dags/example_trigger_controller_dag.py for tasks to queue
[2024-04-04 20:38:24,974] {logging_mixin.py:115} INFO - [2024-04-04 20:38:24,973] {dagbag.py:507} INFO - Filling up the DagBag from /home/dimitri/dimitri/airflowalura/venv/lib/python3.10/site-packages/airflow/example_dags/example_trigger_controller_dag.py
[2024-04-04 20:38:24,976] {processor.py:651} INFO - DAG(s) dict_keys(['example_trigger_controller_dag']) retrieved from /home/dimitri/dimitri/airflowalura/venv/lib/python3.10/site-packages/airflow/example_dags/example_trigger_controller_dag.py
[2024-04-04 20:38:24,987] {logging_mixin.py:115} INFO - [2024-04-04 20:38:24,987] {dag.py:2379} INFO - Sync 1 DAGs
[2024-04-04 20:38:25,002] {logging_mixin.py:115} INFO - [2024-04-04 20:38:25,002] {dag.py:2927} INFO - Setting next_dagrun for example_trigger_controller_dag to 2021-01-01T00:00:00+00:00, run_after=2021-01-01T00:00:00+00:00
[2024-04-04 20:38:25,020] {processor.py:161} INFO - Processing /home/dimitri/dimitri/airflowalura/venv/lib/python3.10/site-packages/airflow/example_dags/example_trigger_controller_dag.py took 0.051 seconds
[2024-04-04 20:38:59,698] {processor.py:153} INFO - Started process (PID=572611) to work on /home/dimitri/dimitri/airflowalura/venv/lib/python3.10/site-packages/airflow/example_dags/example_trigger_controller_dag.py
[2024-04-04 20:38:59,699] {processor.py:641} INFO - Processing file /home/dimitri/dimitri/airflowalura/venv/lib/python3.10/site-packages/airflow/example_dags/example_trigger_controller_dag.py for tasks to queue
[2024-04-04 20:38:59,699] {logging_mixin.py:115} INFO - [2024-04-04 20:38:59,699] {dagbag.py:507} INFO - Filling up the DagBag from /home/dimitri/dimitri/airflowalura/venv/lib/python3.10/site-packages/airflow/example_dags/example_trigger_controller_dag.py
[2024-04-04 20:38:59,701] {processor.py:651} INFO - DAG(s) dict_keys(['example_trigger_controller_dag']) retrieved from /home/dimitri/dimitri/airflowalura/venv/lib/python3.10/site-packages/airflow/example_dags/example_trigger_controller_dag.py
[2024-04-04 20:38:59,712] {logging_mixin.py:115} INFO - [2024-04-04 20:38:59,712] {dag.py:2379} INFO - Sync 1 DAGs
[2024-04-04 20:38:59,724] {logging_mixin.py:115} INFO - [2024-04-04 20:38:59,724] {dag.py:2927} INFO - Setting next_dagrun for example_trigger_controller_dag to 2021-01-01T00:00:00+00:00, run_after=2021-01-01T00:00:00+00:00
[2024-04-04 20:38:59,741] {processor.py:161} INFO - Processing /home/dimitri/dimitri/airflowalura/venv/lib/python3.10/site-packages/airflow/example_dags/example_trigger_controller_dag.py took 0.045 seconds
[2024-04-04 20:39:32,879] {processor.py:153} INFO - Started process (PID=572742) to work on /home/dimitri/dimitri/airflowalura/venv/lib/python3.10/site-packages/airflow/example_dags/example_trigger_controller_dag.py
[2024-04-04 20:39:32,881] {processor.py:641} INFO - Processing file /home/dimitri/dimitri/airflowalura/venv/lib/python3.10/site-packages/airflow/example_dags/example_trigger_controller_dag.py for tasks to queue
[2024-04-04 20:39:32,881] {logging_mixin.py:115} INFO - [2024-04-04 20:39:32,881] {dagbag.py:507} INFO - Filling up the DagBag from /home/dimitri/dimitri/airflowalura/venv/lib/python3.10/site-packages/airflow/example_dags/example_trigger_controller_dag.py
[2024-04-04 20:39:32,883] {processor.py:651} INFO - DAG(s) dict_keys(['example_trigger_controller_dag']) retrieved from /home/dimitri/dimitri/airflowalura/venv/lib/python3.10/site-packages/airflow/example_dags/example_trigger_controller_dag.py
[2024-04-04 20:39:32,892] {logging_mixin.py:115} INFO - [2024-04-04 20:39:32,892] {dag.py:2379} INFO - Sync 1 DAGs
[2024-04-04 20:39:32,903] {logging_mixin.py:115} INFO - [2024-04-04 20:39:32,903] {dag.py:2927} INFO - Setting next_dagrun for example_trigger_controller_dag to 2021-01-01T00:00:00+00:00, run_after=2021-01-01T00:00:00+00:00
[2024-04-04 20:39:32,918] {processor.py:161} INFO - Processing /home/dimitri/dimitri/airflowalura/venv/lib/python3.10/site-packages/airflow/example_dags/example_trigger_controller_dag.py took 0.040 seconds
[2024-04-04 20:40:03,291] {processor.py:153} INFO - Started process (PID=572860) to work on /home/dimitri/dimitri/airflowalura/venv/lib/python3.10/site-packages/airflow/example_dags/example_trigger_controller_dag.py
[2024-04-04 20:40:03,294] {processor.py:641} INFO - Processing file /home/dimitri/dimitri/airflowalura/venv/lib/python3.10/site-packages/airflow/example_dags/example_trigger_controller_dag.py for tasks to queue
[2024-04-04 20:40:03,294] {logging_mixin.py:115} INFO - [2024-04-04 20:40:03,294] {dagbag.py:507} INFO - Filling up the DagBag from /home/dimitri/dimitri/airflowalura/venv/lib/python3.10/site-packages/airflow/example_dags/example_trigger_controller_dag.py
[2024-04-04 20:40:03,297] {processor.py:651} INFO - DAG(s) dict_keys(['example_trigger_controller_dag']) retrieved from /home/dimitri/dimitri/airflowalura/venv/lib/python3.10/site-packages/airflow/example_dags/example_trigger_controller_dag.py
[2024-04-04 20:40:03,308] {logging_mixin.py:115} INFO - [2024-04-04 20:40:03,308] {dag.py:2379} INFO - Sync 1 DAGs
[2024-04-04 20:40:03,319] {logging_mixin.py:115} INFO - [2024-04-04 20:40:03,318] {dag.py:2927} INFO - Setting next_dagrun for example_trigger_controller_dag to 2021-01-01T00:00:00+00:00, run_after=2021-01-01T00:00:00+00:00
[2024-04-04 20:40:03,335] {processor.py:161} INFO - Processing /home/dimitri/dimitri/airflowalura/venv/lib/python3.10/site-packages/airflow/example_dags/example_trigger_controller_dag.py took 0.047 seconds
[2024-04-04 20:40:38,463] {processor.py:153} INFO - Started process (PID=572996) to work on /home/dimitri/dimitri/airflowalura/venv/lib/python3.10/site-packages/airflow/example_dags/example_trigger_controller_dag.py
[2024-04-04 20:40:38,466] {processor.py:641} INFO - Processing file /home/dimitri/dimitri/airflowalura/venv/lib/python3.10/site-packages/airflow/example_dags/example_trigger_controller_dag.py for tasks to queue
[2024-04-04 20:40:38,466] {logging_mixin.py:115} INFO - [2024-04-04 20:40:38,466] {dagbag.py:507} INFO - Filling up the DagBag from /home/dimitri/dimitri/airflowalura/venv/lib/python3.10/site-packages/airflow/example_dags/example_trigger_controller_dag.py
[2024-04-04 20:40:38,469] {processor.py:651} INFO - DAG(s) dict_keys(['example_trigger_controller_dag']) retrieved from /home/dimitri/dimitri/airflowalura/venv/lib/python3.10/site-packages/airflow/example_dags/example_trigger_controller_dag.py
[2024-04-04 20:40:38,481] {logging_mixin.py:115} INFO - [2024-04-04 20:40:38,481] {dag.py:2379} INFO - Sync 1 DAGs
[2024-04-04 20:40:38,493] {logging_mixin.py:115} INFO - [2024-04-04 20:40:38,493] {dag.py:2927} INFO - Setting next_dagrun for example_trigger_controller_dag to 2021-01-01T00:00:00+00:00, run_after=2021-01-01T00:00:00+00:00
[2024-04-04 20:40:38,510] {processor.py:161} INFO - Processing /home/dimitri/dimitri/airflowalura/venv/lib/python3.10/site-packages/airflow/example_dags/example_trigger_controller_dag.py took 0.049 seconds
[2024-04-04 20:41:00,051] {processor.py:153} INFO - Started process (PID=573089) to work on /home/dimitri/dimitri/airflowalura/venv/lib/python3.10/site-packages/airflow/example_dags/example_trigger_controller_dag.py
[2024-04-04 20:41:00,052] {processor.py:641} INFO - Processing file /home/dimitri/dimitri/airflowalura/venv/lib/python3.10/site-packages/airflow/example_dags/example_trigger_controller_dag.py for tasks to queue
[2024-04-04 20:41:00,053] {logging_mixin.py:115} INFO - [2024-04-04 20:41:00,053] {dagbag.py:507} INFO - Filling up the DagBag from /home/dimitri/dimitri/airflowalura/venv/lib/python3.10/site-packages/airflow/example_dags/example_trigger_controller_dag.py
[2024-04-04 20:41:00,057] {processor.py:651} INFO - DAG(s) dict_keys(['example_trigger_controller_dag']) retrieved from /home/dimitri/dimitri/airflowalura/venv/lib/python3.10/site-packages/airflow/example_dags/example_trigger_controller_dag.py
[2024-04-04 20:41:00,079] {logging_mixin.py:115} INFO - [2024-04-04 20:41:00,079] {dag.py:2379} INFO - Sync 1 DAGs
[2024-04-04 20:41:00,107] {logging_mixin.py:115} INFO - [2024-04-04 20:41:00,107] {dag.py:2927} INFO - Setting next_dagrun for example_trigger_controller_dag to 2021-01-01T00:00:00+00:00, run_after=2021-01-01T00:00:00+00:00
[2024-04-04 20:41:00,129] {processor.py:161} INFO - Processing /home/dimitri/dimitri/airflowalura/venv/lib/python3.10/site-packages/airflow/example_dags/example_trigger_controller_dag.py took 0.082 seconds
[2024-04-04 20:41:33,062] {processor.py:153} INFO - Started process (PID=573224) to work on /home/dimitri/dimitri/airflowalura/venv/lib/python3.10/site-packages/airflow/example_dags/example_trigger_controller_dag.py
[2024-04-04 20:41:33,063] {processor.py:641} INFO - Processing file /home/dimitri/dimitri/airflowalura/venv/lib/python3.10/site-packages/airflow/example_dags/example_trigger_controller_dag.py for tasks to queue
[2024-04-04 20:41:33,063] {logging_mixin.py:115} INFO - [2024-04-04 20:41:33,063] {dagbag.py:507} INFO - Filling up the DagBag from /home/dimitri/dimitri/airflowalura/venv/lib/python3.10/site-packages/airflow/example_dags/example_trigger_controller_dag.py
[2024-04-04 20:41:33,066] {processor.py:651} INFO - DAG(s) dict_keys(['example_trigger_controller_dag']) retrieved from /home/dimitri/dimitri/airflowalura/venv/lib/python3.10/site-packages/airflow/example_dags/example_trigger_controller_dag.py
[2024-04-04 20:41:33,083] {logging_mixin.py:115} INFO - [2024-04-04 20:41:33,083] {dag.py:2379} INFO - Sync 1 DAGs
[2024-04-04 20:41:33,098] {logging_mixin.py:115} INFO - [2024-04-04 20:41:33,097] {dag.py:2927} INFO - Setting next_dagrun for example_trigger_controller_dag to 2021-01-01T00:00:00+00:00, run_after=2021-01-01T00:00:00+00:00
[2024-04-04 20:41:33,116] {processor.py:161} INFO - Processing /home/dimitri/dimitri/airflowalura/venv/lib/python3.10/site-packages/airflow/example_dags/example_trigger_controller_dag.py took 0.056 seconds
[2024-04-04 20:42:05,286] {processor.py:153} INFO - Started process (PID=573358) to work on /home/dimitri/dimitri/airflowalura/venv/lib/python3.10/site-packages/airflow/example_dags/example_trigger_controller_dag.py
[2024-04-04 20:42:05,288] {processor.py:641} INFO - Processing file /home/dimitri/dimitri/airflowalura/venv/lib/python3.10/site-packages/airflow/example_dags/example_trigger_controller_dag.py for tasks to queue
[2024-04-04 20:42:05,289] {logging_mixin.py:115} INFO - [2024-04-04 20:42:05,289] {dagbag.py:507} INFO - Filling up the DagBag from /home/dimitri/dimitri/airflowalura/venv/lib/python3.10/site-packages/airflow/example_dags/example_trigger_controller_dag.py
[2024-04-04 20:42:05,291] {processor.py:651} INFO - DAG(s) dict_keys(['example_trigger_controller_dag']) retrieved from /home/dimitri/dimitri/airflowalura/venv/lib/python3.10/site-packages/airflow/example_dags/example_trigger_controller_dag.py
[2024-04-04 20:42:05,302] {logging_mixin.py:115} INFO - [2024-04-04 20:42:05,302] {dag.py:2379} INFO - Sync 1 DAGs
[2024-04-04 20:42:05,314] {logging_mixin.py:115} INFO - [2024-04-04 20:42:05,314] {dag.py:2927} INFO - Setting next_dagrun for example_trigger_controller_dag to 2021-01-01T00:00:00+00:00, run_after=2021-01-01T00:00:00+00:00
[2024-04-04 20:42:05,331] {processor.py:161} INFO - Processing /home/dimitri/dimitri/airflowalura/venv/lib/python3.10/site-packages/airflow/example_dags/example_trigger_controller_dag.py took 0.047 seconds
[2024-04-04 20:42:38,967] {processor.py:153} INFO - Started process (PID=573489) to work on /home/dimitri/dimitri/airflowalura/venv/lib/python3.10/site-packages/airflow/example_dags/example_trigger_controller_dag.py
[2024-04-04 20:42:38,969] {processor.py:641} INFO - Processing file /home/dimitri/dimitri/airflowalura/venv/lib/python3.10/site-packages/airflow/example_dags/example_trigger_controller_dag.py for tasks to queue
[2024-04-04 20:42:38,970] {logging_mixin.py:115} INFO - [2024-04-04 20:42:38,970] {dagbag.py:507} INFO - Filling up the DagBag from /home/dimitri/dimitri/airflowalura/venv/lib/python3.10/site-packages/airflow/example_dags/example_trigger_controller_dag.py
[2024-04-04 20:42:38,972] {processor.py:651} INFO - DAG(s) dict_keys(['example_trigger_controller_dag']) retrieved from /home/dimitri/dimitri/airflowalura/venv/lib/python3.10/site-packages/airflow/example_dags/example_trigger_controller_dag.py
[2024-04-04 20:42:38,984] {logging_mixin.py:115} INFO - [2024-04-04 20:42:38,984] {dag.py:2379} INFO - Sync 1 DAGs
[2024-04-04 20:42:38,998] {logging_mixin.py:115} INFO - [2024-04-04 20:42:38,998] {dag.py:2927} INFO - Setting next_dagrun for example_trigger_controller_dag to 2021-01-01T00:00:00+00:00, run_after=2021-01-01T00:00:00+00:00
[2024-04-04 20:42:39,017] {processor.py:161} INFO - Processing /home/dimitri/dimitri/airflowalura/venv/lib/python3.10/site-packages/airflow/example_dags/example_trigger_controller_dag.py took 0.051 seconds
[2024-04-04 20:43:10,467] {processor.py:153} INFO - Started process (PID=573613) to work on /home/dimitri/dimitri/airflowalura/venv/lib/python3.10/site-packages/airflow/example_dags/example_trigger_controller_dag.py
[2024-04-04 20:43:10,469] {processor.py:641} INFO - Processing file /home/dimitri/dimitri/airflowalura/venv/lib/python3.10/site-packages/airflow/example_dags/example_trigger_controller_dag.py for tasks to queue
[2024-04-04 20:43:10,473] {logging_mixin.py:115} INFO - [2024-04-04 20:43:10,473] {dagbag.py:507} INFO - Filling up the DagBag from /home/dimitri/dimitri/airflowalura/venv/lib/python3.10/site-packages/airflow/example_dags/example_trigger_controller_dag.py
[2024-04-04 20:43:10,476] {processor.py:651} INFO - DAG(s) dict_keys(['example_trigger_controller_dag']) retrieved from /home/dimitri/dimitri/airflowalura/venv/lib/python3.10/site-packages/airflow/example_dags/example_trigger_controller_dag.py
[2024-04-04 20:43:10,491] {logging_mixin.py:115} INFO - [2024-04-04 20:43:10,491] {dag.py:2379} INFO - Sync 1 DAGs
[2024-04-04 20:43:10,504] {logging_mixin.py:115} INFO - [2024-04-04 20:43:10,504] {dag.py:2927} INFO - Setting next_dagrun for example_trigger_controller_dag to 2021-01-01T00:00:00+00:00, run_after=2021-01-01T00:00:00+00:00
[2024-04-04 20:43:10,520] {processor.py:161} INFO - Processing /home/dimitri/dimitri/airflowalura/venv/lib/python3.10/site-packages/airflow/example_dags/example_trigger_controller_dag.py took 0.055 seconds
[2024-04-04 20:43:45,503] {processor.py:153} INFO - Started process (PID=573752) to work on /home/dimitri/dimitri/airflowalura/venv/lib/python3.10/site-packages/airflow/example_dags/example_trigger_controller_dag.py
[2024-04-04 20:43:45,505] {processor.py:641} INFO - Processing file /home/dimitri/dimitri/airflowalura/venv/lib/python3.10/site-packages/airflow/example_dags/example_trigger_controller_dag.py for tasks to queue
[2024-04-04 20:43:45,505] {logging_mixin.py:115} INFO - [2024-04-04 20:43:45,505] {dagbag.py:507} INFO - Filling up the DagBag from /home/dimitri/dimitri/airflowalura/venv/lib/python3.10/site-packages/airflow/example_dags/example_trigger_controller_dag.py
[2024-04-04 20:43:45,507] {processor.py:651} INFO - DAG(s) dict_keys(['example_trigger_controller_dag']) retrieved from /home/dimitri/dimitri/airflowalura/venv/lib/python3.10/site-packages/airflow/example_dags/example_trigger_controller_dag.py
[2024-04-04 20:43:45,522] {logging_mixin.py:115} INFO - [2024-04-04 20:43:45,522] {dag.py:2379} INFO - Sync 1 DAGs
[2024-04-04 20:43:45,542] {logging_mixin.py:115} INFO - [2024-04-04 20:43:45,542] {dag.py:2927} INFO - Setting next_dagrun for example_trigger_controller_dag to 2021-01-01T00:00:00+00:00, run_after=2021-01-01T00:00:00+00:00
[2024-04-04 20:43:45,563] {processor.py:161} INFO - Processing /home/dimitri/dimitri/airflowalura/venv/lib/python3.10/site-packages/airflow/example_dags/example_trigger_controller_dag.py took 0.063 seconds
[2024-04-04 20:44:19,779] {processor.py:153} INFO - Started process (PID=573881) to work on /home/dimitri/dimitri/airflowalura/venv/lib/python3.10/site-packages/airflow/example_dags/example_trigger_controller_dag.py
[2024-04-04 20:44:19,782] {processor.py:641} INFO - Processing file /home/dimitri/dimitri/airflowalura/venv/lib/python3.10/site-packages/airflow/example_dags/example_trigger_controller_dag.py for tasks to queue
[2024-04-04 20:44:19,783] {logging_mixin.py:115} INFO - [2024-04-04 20:44:19,783] {dagbag.py:507} INFO - Filling up the DagBag from /home/dimitri/dimitri/airflowalura/venv/lib/python3.10/site-packages/airflow/example_dags/example_trigger_controller_dag.py
[2024-04-04 20:44:19,788] {processor.py:651} INFO - DAG(s) dict_keys(['example_trigger_controller_dag']) retrieved from /home/dimitri/dimitri/airflowalura/venv/lib/python3.10/site-packages/airflow/example_dags/example_trigger_controller_dag.py
[2024-04-04 20:44:19,809] {logging_mixin.py:115} INFO - [2024-04-04 20:44:19,809] {dag.py:2379} INFO - Sync 1 DAGs
[2024-04-04 20:44:19,832] {logging_mixin.py:115} INFO - [2024-04-04 20:44:19,831] {dag.py:2927} INFO - Setting next_dagrun for example_trigger_controller_dag to 2021-01-01T00:00:00+00:00, run_after=2021-01-01T00:00:00+00:00
[2024-04-04 20:44:19,851] {processor.py:161} INFO - Processing /home/dimitri/dimitri/airflowalura/venv/lib/python3.10/site-packages/airflow/example_dags/example_trigger_controller_dag.py took 0.075 seconds
[2024-04-04 20:44:51,826] {processor.py:153} INFO - Started process (PID=574010) to work on /home/dimitri/dimitri/airflowalura/venv/lib/python3.10/site-packages/airflow/example_dags/example_trigger_controller_dag.py
[2024-04-04 20:44:51,828] {processor.py:641} INFO - Processing file /home/dimitri/dimitri/airflowalura/venv/lib/python3.10/site-packages/airflow/example_dags/example_trigger_controller_dag.py for tasks to queue
[2024-04-04 20:44:51,829] {logging_mixin.py:115} INFO - [2024-04-04 20:44:51,829] {dagbag.py:507} INFO - Filling up the DagBag from /home/dimitri/dimitri/airflowalura/venv/lib/python3.10/site-packages/airflow/example_dags/example_trigger_controller_dag.py
[2024-04-04 20:44:51,831] {processor.py:651} INFO - DAG(s) dict_keys(['example_trigger_controller_dag']) retrieved from /home/dimitri/dimitri/airflowalura/venv/lib/python3.10/site-packages/airflow/example_dags/example_trigger_controller_dag.py
[2024-04-04 20:44:51,843] {logging_mixin.py:115} INFO - [2024-04-04 20:44:51,843] {dag.py:2379} INFO - Sync 1 DAGs
[2024-04-04 20:44:51,855] {logging_mixin.py:115} INFO - [2024-04-04 20:44:51,855] {dag.py:2927} INFO - Setting next_dagrun for example_trigger_controller_dag to 2021-01-01T00:00:00+00:00, run_after=2021-01-01T00:00:00+00:00
[2024-04-04 20:44:51,872] {processor.py:161} INFO - Processing /home/dimitri/dimitri/airflowalura/venv/lib/python3.10/site-packages/airflow/example_dags/example_trigger_controller_dag.py took 0.050 seconds
[2024-04-04 20:45:24,461] {processor.py:153} INFO - Started process (PID=574141) to work on /home/dimitri/dimitri/airflowalura/venv/lib/python3.10/site-packages/airflow/example_dags/example_trigger_controller_dag.py
[2024-04-04 20:45:24,463] {processor.py:641} INFO - Processing file /home/dimitri/dimitri/airflowalura/venv/lib/python3.10/site-packages/airflow/example_dags/example_trigger_controller_dag.py for tasks to queue
[2024-04-04 20:45:24,464] {logging_mixin.py:115} INFO - [2024-04-04 20:45:24,464] {dagbag.py:507} INFO - Filling up the DagBag from /home/dimitri/dimitri/airflowalura/venv/lib/python3.10/site-packages/airflow/example_dags/example_trigger_controller_dag.py
[2024-04-04 20:45:24,467] {processor.py:651} INFO - DAG(s) dict_keys(['example_trigger_controller_dag']) retrieved from /home/dimitri/dimitri/airflowalura/venv/lib/python3.10/site-packages/airflow/example_dags/example_trigger_controller_dag.py
[2024-04-04 20:45:24,478] {logging_mixin.py:115} INFO - [2024-04-04 20:45:24,478] {dag.py:2379} INFO - Sync 1 DAGs
[2024-04-04 20:45:24,492] {logging_mixin.py:115} INFO - [2024-04-04 20:45:24,492] {dag.py:2927} INFO - Setting next_dagrun for example_trigger_controller_dag to 2021-01-01T00:00:00+00:00, run_after=2021-01-01T00:00:00+00:00
[2024-04-04 20:45:24,509] {processor.py:161} INFO - Processing /home/dimitri/dimitri/airflowalura/venv/lib/python3.10/site-packages/airflow/example_dags/example_trigger_controller_dag.py took 0.049 seconds
[2024-04-04 20:45:56,633] {processor.py:153} INFO - Started process (PID=574263) to work on /home/dimitri/dimitri/airflowalura/venv/lib/python3.10/site-packages/airflow/example_dags/example_trigger_controller_dag.py
[2024-04-04 20:45:56,635] {processor.py:641} INFO - Processing file /home/dimitri/dimitri/airflowalura/venv/lib/python3.10/site-packages/airflow/example_dags/example_trigger_controller_dag.py for tasks to queue
[2024-04-04 20:45:56,636] {logging_mixin.py:115} INFO - [2024-04-04 20:45:56,636] {dagbag.py:507} INFO - Filling up the DagBag from /home/dimitri/dimitri/airflowalura/venv/lib/python3.10/site-packages/airflow/example_dags/example_trigger_controller_dag.py
[2024-04-04 20:45:56,638] {processor.py:651} INFO - DAG(s) dict_keys(['example_trigger_controller_dag']) retrieved from /home/dimitri/dimitri/airflowalura/venv/lib/python3.10/site-packages/airflow/example_dags/example_trigger_controller_dag.py
[2024-04-04 20:45:56,648] {logging_mixin.py:115} INFO - [2024-04-04 20:45:56,648] {dag.py:2379} INFO - Sync 1 DAGs
[2024-04-04 20:45:56,660] {logging_mixin.py:115} INFO - [2024-04-04 20:45:56,660] {dag.py:2927} INFO - Setting next_dagrun for example_trigger_controller_dag to 2021-01-01T00:00:00+00:00, run_after=2021-01-01T00:00:00+00:00
[2024-04-04 20:45:56,676] {processor.py:161} INFO - Processing /home/dimitri/dimitri/airflowalura/venv/lib/python3.10/site-packages/airflow/example_dags/example_trigger_controller_dag.py took 0.045 seconds
[2024-04-04 20:46:30,159] {processor.py:153} INFO - Started process (PID=574396) to work on /home/dimitri/dimitri/airflowalura/venv/lib/python3.10/site-packages/airflow/example_dags/example_trigger_controller_dag.py
[2024-04-04 20:46:30,161] {processor.py:641} INFO - Processing file /home/dimitri/dimitri/airflowalura/venv/lib/python3.10/site-packages/airflow/example_dags/example_trigger_controller_dag.py for tasks to queue
[2024-04-04 20:46:30,161] {logging_mixin.py:115} INFO - [2024-04-04 20:46:30,161] {dagbag.py:507} INFO - Filling up the DagBag from /home/dimitri/dimitri/airflowalura/venv/lib/python3.10/site-packages/airflow/example_dags/example_trigger_controller_dag.py
[2024-04-04 20:46:30,163] {processor.py:651} INFO - DAG(s) dict_keys(['example_trigger_controller_dag']) retrieved from /home/dimitri/dimitri/airflowalura/venv/lib/python3.10/site-packages/airflow/example_dags/example_trigger_controller_dag.py
[2024-04-04 20:46:30,175] {logging_mixin.py:115} INFO - [2024-04-04 20:46:30,175] {dag.py:2379} INFO - Sync 1 DAGs
[2024-04-04 20:46:30,186] {logging_mixin.py:115} INFO - [2024-04-04 20:46:30,186] {dag.py:2927} INFO - Setting next_dagrun for example_trigger_controller_dag to 2021-01-01T00:00:00+00:00, run_after=2021-01-01T00:00:00+00:00
[2024-04-04 20:46:30,204] {processor.py:161} INFO - Processing /home/dimitri/dimitri/airflowalura/venv/lib/python3.10/site-packages/airflow/example_dags/example_trigger_controller_dag.py took 0.047 seconds
[2024-04-04 20:47:02,467] {processor.py:153} INFO - Started process (PID=574534) to work on /home/dimitri/dimitri/airflowalura/venv/lib/python3.10/site-packages/airflow/example_dags/example_trigger_controller_dag.py
[2024-04-04 20:47:02,469] {processor.py:641} INFO - Processing file /home/dimitri/dimitri/airflowalura/venv/lib/python3.10/site-packages/airflow/example_dags/example_trigger_controller_dag.py for tasks to queue
[2024-04-04 20:47:02,470] {logging_mixin.py:115} INFO - [2024-04-04 20:47:02,470] {dagbag.py:507} INFO - Filling up the DagBag from /home/dimitri/dimitri/airflowalura/venv/lib/python3.10/site-packages/airflow/example_dags/example_trigger_controller_dag.py
[2024-04-04 20:47:02,472] {processor.py:651} INFO - DAG(s) dict_keys(['example_trigger_controller_dag']) retrieved from /home/dimitri/dimitri/airflowalura/venv/lib/python3.10/site-packages/airflow/example_dags/example_trigger_controller_dag.py
[2024-04-04 20:47:02,482] {logging_mixin.py:115} INFO - [2024-04-04 20:47:02,481] {dag.py:2379} INFO - Sync 1 DAGs
[2024-04-04 20:47:02,494] {logging_mixin.py:115} INFO - [2024-04-04 20:47:02,493] {dag.py:2927} INFO - Setting next_dagrun for example_trigger_controller_dag to 2021-01-01T00:00:00+00:00, run_after=2021-01-01T00:00:00+00:00
[2024-04-04 20:47:02,511] {processor.py:161} INFO - Processing /home/dimitri/dimitri/airflowalura/venv/lib/python3.10/site-packages/airflow/example_dags/example_trigger_controller_dag.py took 0.046 seconds
[2024-04-04 20:47:34,261] {processor.py:153} INFO - Started process (PID=574664) to work on /home/dimitri/dimitri/airflowalura/venv/lib/python3.10/site-packages/airflow/example_dags/example_trigger_controller_dag.py
[2024-04-04 20:47:34,264] {processor.py:641} INFO - Processing file /home/dimitri/dimitri/airflowalura/venv/lib/python3.10/site-packages/airflow/example_dags/example_trigger_controller_dag.py for tasks to queue
[2024-04-04 20:47:34,265] {logging_mixin.py:115} INFO - [2024-04-04 20:47:34,265] {dagbag.py:507} INFO - Filling up the DagBag from /home/dimitri/dimitri/airflowalura/venv/lib/python3.10/site-packages/airflow/example_dags/example_trigger_controller_dag.py
[2024-04-04 20:47:34,268] {processor.py:651} INFO - DAG(s) dict_keys(['example_trigger_controller_dag']) retrieved from /home/dimitri/dimitri/airflowalura/venv/lib/python3.10/site-packages/airflow/example_dags/example_trigger_controller_dag.py
[2024-04-04 20:47:34,280] {logging_mixin.py:115} INFO - [2024-04-04 20:47:34,280] {dag.py:2379} INFO - Sync 1 DAGs
[2024-04-04 20:47:34,295] {logging_mixin.py:115} INFO - [2024-04-04 20:47:34,295] {dag.py:2927} INFO - Setting next_dagrun for example_trigger_controller_dag to 2021-01-01T00:00:00+00:00, run_after=2021-01-01T00:00:00+00:00
[2024-04-04 20:47:34,313] {processor.py:161} INFO - Processing /home/dimitri/dimitri/airflowalura/venv/lib/python3.10/site-packages/airflow/example_dags/example_trigger_controller_dag.py took 0.058 seconds
[2024-04-04 20:48:08,054] {processor.py:153} INFO - Started process (PID=574795) to work on /home/dimitri/dimitri/airflowalura/venv/lib/python3.10/site-packages/airflow/example_dags/example_trigger_controller_dag.py
[2024-04-04 20:48:08,057] {processor.py:641} INFO - Processing file /home/dimitri/dimitri/airflowalura/venv/lib/python3.10/site-packages/airflow/example_dags/example_trigger_controller_dag.py for tasks to queue
[2024-04-04 20:48:08,057] {logging_mixin.py:115} INFO - [2024-04-04 20:48:08,057] {dagbag.py:507} INFO - Filling up the DagBag from /home/dimitri/dimitri/airflowalura/venv/lib/python3.10/site-packages/airflow/example_dags/example_trigger_controller_dag.py
[2024-04-04 20:48:08,059] {processor.py:651} INFO - DAG(s) dict_keys(['example_trigger_controller_dag']) retrieved from /home/dimitri/dimitri/airflowalura/venv/lib/python3.10/site-packages/airflow/example_dags/example_trigger_controller_dag.py
[2024-04-04 20:48:08,071] {logging_mixin.py:115} INFO - [2024-04-04 20:48:08,071] {dag.py:2379} INFO - Sync 1 DAGs
[2024-04-04 20:48:08,092] {logging_mixin.py:115} INFO - [2024-04-04 20:48:08,092] {dag.py:2927} INFO - Setting next_dagrun for example_trigger_controller_dag to 2021-01-01T00:00:00+00:00, run_after=2021-01-01T00:00:00+00:00
[2024-04-04 20:48:08,109] {processor.py:161} INFO - Processing /home/dimitri/dimitri/airflowalura/venv/lib/python3.10/site-packages/airflow/example_dags/example_trigger_controller_dag.py took 0.057 seconds
[2024-04-04 20:48:42,702] {processor.py:153} INFO - Started process (PID=574935) to work on /home/dimitri/dimitri/airflowalura/venv/lib/python3.10/site-packages/airflow/example_dags/example_trigger_controller_dag.py
[2024-04-04 20:48:42,705] {processor.py:641} INFO - Processing file /home/dimitri/dimitri/airflowalura/venv/lib/python3.10/site-packages/airflow/example_dags/example_trigger_controller_dag.py for tasks to queue
[2024-04-04 20:48:42,705] {logging_mixin.py:115} INFO - [2024-04-04 20:48:42,705] {dagbag.py:507} INFO - Filling up the DagBag from /home/dimitri/dimitri/airflowalura/venv/lib/python3.10/site-packages/airflow/example_dags/example_trigger_controller_dag.py
[2024-04-04 20:48:42,708] {processor.py:651} INFO - DAG(s) dict_keys(['example_trigger_controller_dag']) retrieved from /home/dimitri/dimitri/airflowalura/venv/lib/python3.10/site-packages/airflow/example_dags/example_trigger_controller_dag.py
[2024-04-04 20:48:42,717] {logging_mixin.py:115} INFO - [2024-04-04 20:48:42,717] {dag.py:2379} INFO - Sync 1 DAGs
[2024-04-04 20:48:42,728] {logging_mixin.py:115} INFO - [2024-04-04 20:48:42,728] {dag.py:2927} INFO - Setting next_dagrun for example_trigger_controller_dag to 2021-01-01T00:00:00+00:00, run_after=2021-01-01T00:00:00+00:00
[2024-04-04 20:48:42,744] {processor.py:161} INFO - Processing /home/dimitri/dimitri/airflowalura/venv/lib/python3.10/site-packages/airflow/example_dags/example_trigger_controller_dag.py took 0.045 seconds
[2024-04-04 20:49:15,371] {processor.py:153} INFO - Started process (PID=575061) to work on /home/dimitri/dimitri/airflowalura/venv/lib/python3.10/site-packages/airflow/example_dags/example_trigger_controller_dag.py
[2024-04-04 20:49:15,374] {processor.py:641} INFO - Processing file /home/dimitri/dimitri/airflowalura/venv/lib/python3.10/site-packages/airflow/example_dags/example_trigger_controller_dag.py for tasks to queue
[2024-04-04 20:49:15,374] {logging_mixin.py:115} INFO - [2024-04-04 20:49:15,374] {dagbag.py:507} INFO - Filling up the DagBag from /home/dimitri/dimitri/airflowalura/venv/lib/python3.10/site-packages/airflow/example_dags/example_trigger_controller_dag.py
[2024-04-04 20:49:15,376] {processor.py:651} INFO - DAG(s) dict_keys(['example_trigger_controller_dag']) retrieved from /home/dimitri/dimitri/airflowalura/venv/lib/python3.10/site-packages/airflow/example_dags/example_trigger_controller_dag.py
[2024-04-04 20:49:15,387] {logging_mixin.py:115} INFO - [2024-04-04 20:49:15,387] {dag.py:2379} INFO - Sync 1 DAGs
[2024-04-04 20:49:15,397] {logging_mixin.py:115} INFO - [2024-04-04 20:49:15,397] {dag.py:2927} INFO - Setting next_dagrun for example_trigger_controller_dag to 2021-01-01T00:00:00+00:00, run_after=2021-01-01T00:00:00+00:00
[2024-04-04 20:49:15,413] {processor.py:161} INFO - Processing /home/dimitri/dimitri/airflowalura/venv/lib/python3.10/site-packages/airflow/example_dags/example_trigger_controller_dag.py took 0.046 seconds
[2024-04-04 20:49:45,956] {processor.py:153} INFO - Started process (PID=575183) to work on /home/dimitri/dimitri/airflowalura/venv/lib/python3.10/site-packages/airflow/example_dags/example_trigger_controller_dag.py
[2024-04-04 20:49:45,958] {processor.py:641} INFO - Processing file /home/dimitri/dimitri/airflowalura/venv/lib/python3.10/site-packages/airflow/example_dags/example_trigger_controller_dag.py for tasks to queue
[2024-04-04 20:49:45,958] {logging_mixin.py:115} INFO - [2024-04-04 20:49:45,958] {dagbag.py:507} INFO - Filling up the DagBag from /home/dimitri/dimitri/airflowalura/venv/lib/python3.10/site-packages/airflow/example_dags/example_trigger_controller_dag.py
[2024-04-04 20:49:45,960] {processor.py:651} INFO - DAG(s) dict_keys(['example_trigger_controller_dag']) retrieved from /home/dimitri/dimitri/airflowalura/venv/lib/python3.10/site-packages/airflow/example_dags/example_trigger_controller_dag.py
[2024-04-04 20:49:45,973] {logging_mixin.py:115} INFO - [2024-04-04 20:49:45,973] {dag.py:2379} INFO - Sync 1 DAGs
[2024-04-04 20:49:45,985] {logging_mixin.py:115} INFO - [2024-04-04 20:49:45,985] {dag.py:2927} INFO - Setting next_dagrun for example_trigger_controller_dag to 2021-01-01T00:00:00+00:00, run_after=2021-01-01T00:00:00+00:00
[2024-04-04 20:49:46,004] {processor.py:161} INFO - Processing /home/dimitri/dimitri/airflowalura/venv/lib/python3.10/site-packages/airflow/example_dags/example_trigger_controller_dag.py took 0.050 seconds
[2024-04-04 20:50:17,138] {processor.py:153} INFO - Started process (PID=575308) to work on /home/dimitri/dimitri/airflowalura/venv/lib/python3.10/site-packages/airflow/example_dags/example_trigger_controller_dag.py
[2024-04-04 20:50:17,140] {processor.py:641} INFO - Processing file /home/dimitri/dimitri/airflowalura/venv/lib/python3.10/site-packages/airflow/example_dags/example_trigger_controller_dag.py for tasks to queue
[2024-04-04 20:50:17,140] {logging_mixin.py:115} INFO - [2024-04-04 20:50:17,140] {dagbag.py:507} INFO - Filling up the DagBag from /home/dimitri/dimitri/airflowalura/venv/lib/python3.10/site-packages/airflow/example_dags/example_trigger_controller_dag.py
[2024-04-04 20:50:17,142] {processor.py:651} INFO - DAG(s) dict_keys(['example_trigger_controller_dag']) retrieved from /home/dimitri/dimitri/airflowalura/venv/lib/python3.10/site-packages/airflow/example_dags/example_trigger_controller_dag.py
[2024-04-04 20:50:17,156] {logging_mixin.py:115} INFO - [2024-04-04 20:50:17,156] {dag.py:2379} INFO - Sync 1 DAGs
[2024-04-04 20:50:17,171] {logging_mixin.py:115} INFO - [2024-04-04 20:50:17,171] {dag.py:2927} INFO - Setting next_dagrun for example_trigger_controller_dag to 2021-01-01T00:00:00+00:00, run_after=2021-01-01T00:00:00+00:00
[2024-04-04 20:50:17,188] {processor.py:161} INFO - Processing /home/dimitri/dimitri/airflowalura/venv/lib/python3.10/site-packages/airflow/example_dags/example_trigger_controller_dag.py took 0.052 seconds
[2024-04-04 20:50:51,841] {processor.py:153} INFO - Started process (PID=575446) to work on /home/dimitri/dimitri/airflowalura/venv/lib/python3.10/site-packages/airflow/example_dags/example_trigger_controller_dag.py
[2024-04-04 20:50:51,843] {processor.py:641} INFO - Processing file /home/dimitri/dimitri/airflowalura/venv/lib/python3.10/site-packages/airflow/example_dags/example_trigger_controller_dag.py for tasks to queue
[2024-04-04 20:50:51,843] {logging_mixin.py:115} INFO - [2024-04-04 20:50:51,843] {dagbag.py:507} INFO - Filling up the DagBag from /home/dimitri/dimitri/airflowalura/venv/lib/python3.10/site-packages/airflow/example_dags/example_trigger_controller_dag.py
[2024-04-04 20:50:51,845] {processor.py:651} INFO - DAG(s) dict_keys(['example_trigger_controller_dag']) retrieved from /home/dimitri/dimitri/airflowalura/venv/lib/python3.10/site-packages/airflow/example_dags/example_trigger_controller_dag.py
[2024-04-04 20:50:51,856] {logging_mixin.py:115} INFO - [2024-04-04 20:50:51,856] {dag.py:2379} INFO - Sync 1 DAGs
[2024-04-04 20:50:51,868] {logging_mixin.py:115} INFO - [2024-04-04 20:50:51,868] {dag.py:2927} INFO - Setting next_dagrun for example_trigger_controller_dag to 2021-01-01T00:00:00+00:00, run_after=2021-01-01T00:00:00+00:00
[2024-04-04 20:50:51,888] {processor.py:161} INFO - Processing /home/dimitri/dimitri/airflowalura/venv/lib/python3.10/site-packages/airflow/example_dags/example_trigger_controller_dag.py took 0.050 seconds
[2024-04-04 20:51:23,761] {processor.py:153} INFO - Started process (PID=575569) to work on /home/dimitri/dimitri/airflowalura/venv/lib/python3.10/site-packages/airflow/example_dags/example_trigger_controller_dag.py
[2024-04-04 20:51:23,763] {processor.py:641} INFO - Processing file /home/dimitri/dimitri/airflowalura/venv/lib/python3.10/site-packages/airflow/example_dags/example_trigger_controller_dag.py for tasks to queue
[2024-04-04 20:51:23,764] {logging_mixin.py:115} INFO - [2024-04-04 20:51:23,763] {dagbag.py:507} INFO - Filling up the DagBag from /home/dimitri/dimitri/airflowalura/venv/lib/python3.10/site-packages/airflow/example_dags/example_trigger_controller_dag.py
[2024-04-04 20:51:23,766] {processor.py:651} INFO - DAG(s) dict_keys(['example_trigger_controller_dag']) retrieved from /home/dimitri/dimitri/airflowalura/venv/lib/python3.10/site-packages/airflow/example_dags/example_trigger_controller_dag.py
[2024-04-04 20:51:23,777] {logging_mixin.py:115} INFO - [2024-04-04 20:51:23,777] {dag.py:2379} INFO - Sync 1 DAGs
[2024-04-04 20:51:23,789] {logging_mixin.py:115} INFO - [2024-04-04 20:51:23,789] {dag.py:2927} INFO - Setting next_dagrun for example_trigger_controller_dag to 2021-01-01T00:00:00+00:00, run_after=2021-01-01T00:00:00+00:00
[2024-04-04 20:51:23,805] {processor.py:161} INFO - Processing /home/dimitri/dimitri/airflowalura/venv/lib/python3.10/site-packages/airflow/example_dags/example_trigger_controller_dag.py took 0.046 seconds
[2024-04-04 20:51:57,265] {processor.py:153} INFO - Started process (PID=575697) to work on /home/dimitri/dimitri/airflowalura/venv/lib/python3.10/site-packages/airflow/example_dags/example_trigger_controller_dag.py
[2024-04-04 20:51:57,268] {processor.py:641} INFO - Processing file /home/dimitri/dimitri/airflowalura/venv/lib/python3.10/site-packages/airflow/example_dags/example_trigger_controller_dag.py for tasks to queue
[2024-04-04 20:51:57,269] {logging_mixin.py:115} INFO - [2024-04-04 20:51:57,269] {dagbag.py:507} INFO - Filling up the DagBag from /home/dimitri/dimitri/airflowalura/venv/lib/python3.10/site-packages/airflow/example_dags/example_trigger_controller_dag.py
[2024-04-04 20:51:57,272] {processor.py:651} INFO - DAG(s) dict_keys(['example_trigger_controller_dag']) retrieved from /home/dimitri/dimitri/airflowalura/venv/lib/python3.10/site-packages/airflow/example_dags/example_trigger_controller_dag.py
[2024-04-04 20:51:57,282] {logging_mixin.py:115} INFO - [2024-04-04 20:51:57,282] {dag.py:2379} INFO - Sync 1 DAGs
[2024-04-04 20:51:57,295] {logging_mixin.py:115} INFO - [2024-04-04 20:51:57,295] {dag.py:2927} INFO - Setting next_dagrun for example_trigger_controller_dag to 2021-01-01T00:00:00+00:00, run_after=2021-01-01T00:00:00+00:00
[2024-04-04 20:51:57,312] {processor.py:161} INFO - Processing /home/dimitri/dimitri/airflowalura/venv/lib/python3.10/site-packages/airflow/example_dags/example_trigger_controller_dag.py took 0.048 seconds
[2024-04-04 20:52:32,263] {processor.py:153} INFO - Started process (PID=575835) to work on /home/dimitri/dimitri/airflowalura/venv/lib/python3.10/site-packages/airflow/example_dags/example_trigger_controller_dag.py
[2024-04-04 20:52:32,265] {processor.py:641} INFO - Processing file /home/dimitri/dimitri/airflowalura/venv/lib/python3.10/site-packages/airflow/example_dags/example_trigger_controller_dag.py for tasks to queue
[2024-04-04 20:52:32,265] {logging_mixin.py:115} INFO - [2024-04-04 20:52:32,265] {dagbag.py:507} INFO - Filling up the DagBag from /home/dimitri/dimitri/airflowalura/venv/lib/python3.10/site-packages/airflow/example_dags/example_trigger_controller_dag.py
[2024-04-04 20:52:32,268] {processor.py:651} INFO - DAG(s) dict_keys(['example_trigger_controller_dag']) retrieved from /home/dimitri/dimitri/airflowalura/venv/lib/python3.10/site-packages/airflow/example_dags/example_trigger_controller_dag.py
[2024-04-04 20:52:32,278] {logging_mixin.py:115} INFO - [2024-04-04 20:52:32,278] {dag.py:2379} INFO - Sync 1 DAGs
[2024-04-04 20:52:32,291] {logging_mixin.py:115} INFO - [2024-04-04 20:52:32,291] {dag.py:2927} INFO - Setting next_dagrun for example_trigger_controller_dag to 2021-01-01T00:00:00+00:00, run_after=2021-01-01T00:00:00+00:00
[2024-04-04 20:52:32,308] {processor.py:161} INFO - Processing /home/dimitri/dimitri/airflowalura/venv/lib/python3.10/site-packages/airflow/example_dags/example_trigger_controller_dag.py took 0.048 seconds
[2024-04-04 20:53:07,142] {processor.py:153} INFO - Started process (PID=575965) to work on /home/dimitri/dimitri/airflowalura/venv/lib/python3.10/site-packages/airflow/example_dags/example_trigger_controller_dag.py
[2024-04-04 20:53:07,145] {processor.py:641} INFO - Processing file /home/dimitri/dimitri/airflowalura/venv/lib/python3.10/site-packages/airflow/example_dags/example_trigger_controller_dag.py for tasks to queue
[2024-04-04 20:53:07,145] {logging_mixin.py:115} INFO - [2024-04-04 20:53:07,145] {dagbag.py:507} INFO - Filling up the DagBag from /home/dimitri/dimitri/airflowalura/venv/lib/python3.10/site-packages/airflow/example_dags/example_trigger_controller_dag.py
[2024-04-04 20:53:07,147] {processor.py:651} INFO - DAG(s) dict_keys(['example_trigger_controller_dag']) retrieved from /home/dimitri/dimitri/airflowalura/venv/lib/python3.10/site-packages/airflow/example_dags/example_trigger_controller_dag.py
[2024-04-04 20:53:07,157] {logging_mixin.py:115} INFO - [2024-04-04 20:53:07,157] {dag.py:2379} INFO - Sync 1 DAGs
[2024-04-04 20:53:07,168] {logging_mixin.py:115} INFO - [2024-04-04 20:53:07,167] {dag.py:2927} INFO - Setting next_dagrun for example_trigger_controller_dag to 2021-01-01T00:00:00+00:00, run_after=2021-01-01T00:00:00+00:00
[2024-04-04 20:53:07,184] {processor.py:161} INFO - Processing /home/dimitri/dimitri/airflowalura/venv/lib/python3.10/site-packages/airflow/example_dags/example_trigger_controller_dag.py took 0.044 seconds
[2024-04-04 20:53:38,232] {processor.py:153} INFO - Started process (PID=576087) to work on /home/dimitri/dimitri/airflowalura/venv/lib/python3.10/site-packages/airflow/example_dags/example_trigger_controller_dag.py
[2024-04-04 20:53:38,235] {processor.py:641} INFO - Processing file /home/dimitri/dimitri/airflowalura/venv/lib/python3.10/site-packages/airflow/example_dags/example_trigger_controller_dag.py for tasks to queue
[2024-04-04 20:53:38,235] {logging_mixin.py:115} INFO - [2024-04-04 20:53:38,235] {dagbag.py:507} INFO - Filling up the DagBag from /home/dimitri/dimitri/airflowalura/venv/lib/python3.10/site-packages/airflow/example_dags/example_trigger_controller_dag.py
[2024-04-04 20:53:38,237] {processor.py:651} INFO - DAG(s) dict_keys(['example_trigger_controller_dag']) retrieved from /home/dimitri/dimitri/airflowalura/venv/lib/python3.10/site-packages/airflow/example_dags/example_trigger_controller_dag.py
[2024-04-04 20:53:38,247] {logging_mixin.py:115} INFO - [2024-04-04 20:53:38,247] {dag.py:2379} INFO - Sync 1 DAGs
[2024-04-04 20:53:38,259] {logging_mixin.py:115} INFO - [2024-04-04 20:53:38,259] {dag.py:2927} INFO - Setting next_dagrun for example_trigger_controller_dag to 2021-01-01T00:00:00+00:00, run_after=2021-01-01T00:00:00+00:00
[2024-04-04 20:53:38,275] {processor.py:161} INFO - Processing /home/dimitri/dimitri/airflowalura/venv/lib/python3.10/site-packages/airflow/example_dags/example_trigger_controller_dag.py took 0.045 seconds
[2024-04-04 20:54:11,968] {processor.py:153} INFO - Started process (PID=576224) to work on /home/dimitri/dimitri/airflowalura/venv/lib/python3.10/site-packages/airflow/example_dags/example_trigger_controller_dag.py
[2024-04-04 20:54:11,971] {processor.py:641} INFO - Processing file /home/dimitri/dimitri/airflowalura/venv/lib/python3.10/site-packages/airflow/example_dags/example_trigger_controller_dag.py for tasks to queue
[2024-04-04 20:54:11,971] {logging_mixin.py:115} INFO - [2024-04-04 20:54:11,971] {dagbag.py:507} INFO - Filling up the DagBag from /home/dimitri/dimitri/airflowalura/venv/lib/python3.10/site-packages/airflow/example_dags/example_trigger_controller_dag.py
[2024-04-04 20:54:11,973] {processor.py:651} INFO - DAG(s) dict_keys(['example_trigger_controller_dag']) retrieved from /home/dimitri/dimitri/airflowalura/venv/lib/python3.10/site-packages/airflow/example_dags/example_trigger_controller_dag.py
[2024-04-04 20:54:11,983] {logging_mixin.py:115} INFO - [2024-04-04 20:54:11,983] {dag.py:2379} INFO - Sync 1 DAGs
[2024-04-04 20:54:11,993] {logging_mixin.py:115} INFO - [2024-04-04 20:54:11,993] {dag.py:2927} INFO - Setting next_dagrun for example_trigger_controller_dag to 2021-01-01T00:00:00+00:00, run_after=2021-01-01T00:00:00+00:00
[2024-04-04 20:54:12,010] {processor.py:161} INFO - Processing /home/dimitri/dimitri/airflowalura/venv/lib/python3.10/site-packages/airflow/example_dags/example_trigger_controller_dag.py took 0.043 seconds
[2024-04-04 20:54:45,430] {processor.py:153} INFO - Started process (PID=576355) to work on /home/dimitri/dimitri/airflowalura/venv/lib/python3.10/site-packages/airflow/example_dags/example_trigger_controller_dag.py
[2024-04-04 20:54:45,432] {processor.py:641} INFO - Processing file /home/dimitri/dimitri/airflowalura/venv/lib/python3.10/site-packages/airflow/example_dags/example_trigger_controller_dag.py for tasks to queue
[2024-04-04 20:54:45,433] {logging_mixin.py:115} INFO - [2024-04-04 20:54:45,433] {dagbag.py:507} INFO - Filling up the DagBag from /home/dimitri/dimitri/airflowalura/venv/lib/python3.10/site-packages/airflow/example_dags/example_trigger_controller_dag.py
[2024-04-04 20:54:45,435] {processor.py:651} INFO - DAG(s) dict_keys(['example_trigger_controller_dag']) retrieved from /home/dimitri/dimitri/airflowalura/venv/lib/python3.10/site-packages/airflow/example_dags/example_trigger_controller_dag.py
[2024-04-04 20:54:45,447] {logging_mixin.py:115} INFO - [2024-04-04 20:54:45,447] {dag.py:2379} INFO - Sync 1 DAGs
[2024-04-04 20:54:45,459] {logging_mixin.py:115} INFO - [2024-04-04 20:54:45,459] {dag.py:2927} INFO - Setting next_dagrun for example_trigger_controller_dag to 2021-01-01T00:00:00+00:00, run_after=2021-01-01T00:00:00+00:00
[2024-04-04 20:54:45,477] {processor.py:161} INFO - Processing /home/dimitri/dimitri/airflowalura/venv/lib/python3.10/site-packages/airflow/example_dags/example_trigger_controller_dag.py took 0.049 seconds
[2024-04-04 20:55:17,544] {processor.py:153} INFO - Started process (PID=576478) to work on /home/dimitri/dimitri/airflowalura/venv/lib/python3.10/site-packages/airflow/example_dags/example_trigger_controller_dag.py
[2024-04-04 20:55:17,545] {processor.py:641} INFO - Processing file /home/dimitri/dimitri/airflowalura/venv/lib/python3.10/site-packages/airflow/example_dags/example_trigger_controller_dag.py for tasks to queue
[2024-04-04 20:55:17,546] {logging_mixin.py:115} INFO - [2024-04-04 20:55:17,546] {dagbag.py:507} INFO - Filling up the DagBag from /home/dimitri/dimitri/airflowalura/venv/lib/python3.10/site-packages/airflow/example_dags/example_trigger_controller_dag.py
[2024-04-04 20:55:17,548] {processor.py:651} INFO - DAG(s) dict_keys(['example_trigger_controller_dag']) retrieved from /home/dimitri/dimitri/airflowalura/venv/lib/python3.10/site-packages/airflow/example_dags/example_trigger_controller_dag.py
[2024-04-04 20:55:17,560] {logging_mixin.py:115} INFO - [2024-04-04 20:55:17,560] {dag.py:2379} INFO - Sync 1 DAGs
[2024-04-04 20:55:17,573] {logging_mixin.py:115} INFO - [2024-04-04 20:55:17,573] {dag.py:2927} INFO - Setting next_dagrun for example_trigger_controller_dag to 2021-01-01T00:00:00+00:00, run_after=2021-01-01T00:00:00+00:00
[2024-04-04 20:55:17,589] {processor.py:161} INFO - Processing /home/dimitri/dimitri/airflowalura/venv/lib/python3.10/site-packages/airflow/example_dags/example_trigger_controller_dag.py took 0.047 seconds
[2024-04-04 20:55:49,839] {processor.py:153} INFO - Started process (PID=576604) to work on /home/dimitri/dimitri/airflowalura/venv/lib/python3.10/site-packages/airflow/example_dags/example_trigger_controller_dag.py
[2024-04-04 20:55:49,840] {processor.py:641} INFO - Processing file /home/dimitri/dimitri/airflowalura/venv/lib/python3.10/site-packages/airflow/example_dags/example_trigger_controller_dag.py for tasks to queue
[2024-04-04 20:55:49,841] {logging_mixin.py:115} INFO - [2024-04-04 20:55:49,841] {dagbag.py:507} INFO - Filling up the DagBag from /home/dimitri/dimitri/airflowalura/venv/lib/python3.10/site-packages/airflow/example_dags/example_trigger_controller_dag.py
[2024-04-04 20:55:49,843] {processor.py:651} INFO - DAG(s) dict_keys(['example_trigger_controller_dag']) retrieved from /home/dimitri/dimitri/airflowalura/venv/lib/python3.10/site-packages/airflow/example_dags/example_trigger_controller_dag.py
[2024-04-04 20:55:49,855] {logging_mixin.py:115} INFO - [2024-04-04 20:55:49,855] {dag.py:2379} INFO - Sync 1 DAGs
[2024-04-04 20:55:49,867] {logging_mixin.py:115} INFO - [2024-04-04 20:55:49,867] {dag.py:2927} INFO - Setting next_dagrun for example_trigger_controller_dag to 2021-01-01T00:00:00+00:00, run_after=2021-01-01T00:00:00+00:00
[2024-04-04 20:55:49,883] {processor.py:161} INFO - Processing /home/dimitri/dimitri/airflowalura/venv/lib/python3.10/site-packages/airflow/example_dags/example_trigger_controller_dag.py took 0.046 seconds
[2024-04-04 20:56:23,052] {processor.py:153} INFO - Started process (PID=576737) to work on /home/dimitri/dimitri/airflowalura/venv/lib/python3.10/site-packages/airflow/example_dags/example_trigger_controller_dag.py
[2024-04-04 20:56:23,054] {processor.py:641} INFO - Processing file /home/dimitri/dimitri/airflowalura/venv/lib/python3.10/site-packages/airflow/example_dags/example_trigger_controller_dag.py for tasks to queue
[2024-04-04 20:56:23,054] {logging_mixin.py:115} INFO - [2024-04-04 20:56:23,054] {dagbag.py:507} INFO - Filling up the DagBag from /home/dimitri/dimitri/airflowalura/venv/lib/python3.10/site-packages/airflow/example_dags/example_trigger_controller_dag.py
[2024-04-04 20:56:23,056] {processor.py:651} INFO - DAG(s) dict_keys(['example_trigger_controller_dag']) retrieved from /home/dimitri/dimitri/airflowalura/venv/lib/python3.10/site-packages/airflow/example_dags/example_trigger_controller_dag.py
[2024-04-04 20:56:23,068] {logging_mixin.py:115} INFO - [2024-04-04 20:56:23,068] {dag.py:2379} INFO - Sync 1 DAGs
[2024-04-04 20:56:23,078] {logging_mixin.py:115} INFO - [2024-04-04 20:56:23,078] {dag.py:2927} INFO - Setting next_dagrun for example_trigger_controller_dag to 2021-01-01T00:00:00+00:00, run_after=2021-01-01T00:00:00+00:00
[2024-04-04 20:56:23,094] {processor.py:161} INFO - Processing /home/dimitri/dimitri/airflowalura/venv/lib/python3.10/site-packages/airflow/example_dags/example_trigger_controller_dag.py took 0.044 seconds
[2024-04-04 20:56:53,323] {processor.py:153} INFO - Started process (PID=576852) to work on /home/dimitri/dimitri/airflowalura/venv/lib/python3.10/site-packages/airflow/example_dags/example_trigger_controller_dag.py
[2024-04-04 20:56:53,325] {processor.py:641} INFO - Processing file /home/dimitri/dimitri/airflowalura/venv/lib/python3.10/site-packages/airflow/example_dags/example_trigger_controller_dag.py for tasks to queue
[2024-04-04 20:56:53,325] {logging_mixin.py:115} INFO - [2024-04-04 20:56:53,325] {dagbag.py:507} INFO - Filling up the DagBag from /home/dimitri/dimitri/airflowalura/venv/lib/python3.10/site-packages/airflow/example_dags/example_trigger_controller_dag.py
[2024-04-04 20:56:53,327] {processor.py:651} INFO - DAG(s) dict_keys(['example_trigger_controller_dag']) retrieved from /home/dimitri/dimitri/airflowalura/venv/lib/python3.10/site-packages/airflow/example_dags/example_trigger_controller_dag.py
[2024-04-04 20:56:53,339] {logging_mixin.py:115} INFO - [2024-04-04 20:56:53,339] {dag.py:2379} INFO - Sync 1 DAGs
[2024-04-04 20:56:53,349] {logging_mixin.py:115} INFO - [2024-04-04 20:56:53,349] {dag.py:2927} INFO - Setting next_dagrun for example_trigger_controller_dag to 2021-01-01T00:00:00+00:00, run_after=2021-01-01T00:00:00+00:00
[2024-04-04 20:56:53,362] {processor.py:161} INFO - Processing /home/dimitri/dimitri/airflowalura/venv/lib/python3.10/site-packages/airflow/example_dags/example_trigger_controller_dag.py took 0.041 seconds
[2024-04-04 20:57:23,611] {processor.py:153} INFO - Started process (PID=576975) to work on /home/dimitri/dimitri/airflowalura/venv/lib/python3.10/site-packages/airflow/example_dags/example_trigger_controller_dag.py
[2024-04-04 20:57:23,614] {processor.py:641} INFO - Processing file /home/dimitri/dimitri/airflowalura/venv/lib/python3.10/site-packages/airflow/example_dags/example_trigger_controller_dag.py for tasks to queue
[2024-04-04 20:57:23,614] {logging_mixin.py:115} INFO - [2024-04-04 20:57:23,614] {dagbag.py:507} INFO - Filling up the DagBag from /home/dimitri/dimitri/airflowalura/venv/lib/python3.10/site-packages/airflow/example_dags/example_trigger_controller_dag.py
[2024-04-04 20:57:23,616] {processor.py:651} INFO - DAG(s) dict_keys(['example_trigger_controller_dag']) retrieved from /home/dimitri/dimitri/airflowalura/venv/lib/python3.10/site-packages/airflow/example_dags/example_trigger_controller_dag.py
[2024-04-04 20:57:23,628] {logging_mixin.py:115} INFO - [2024-04-04 20:57:23,628] {dag.py:2379} INFO - Sync 1 DAGs
[2024-04-04 20:57:23,639] {logging_mixin.py:115} INFO - [2024-04-04 20:57:23,639] {dag.py:2927} INFO - Setting next_dagrun for example_trigger_controller_dag to 2021-01-01T00:00:00+00:00, run_after=2021-01-01T00:00:00+00:00
[2024-04-04 20:57:23,656] {processor.py:161} INFO - Processing /home/dimitri/dimitri/airflowalura/venv/lib/python3.10/site-packages/airflow/example_dags/example_trigger_controller_dag.py took 0.048 seconds
[2024-04-04 20:57:56,021] {processor.py:153} INFO - Started process (PID=577097) to work on /home/dimitri/dimitri/airflowalura/venv/lib/python3.10/site-packages/airflow/example_dags/example_trigger_controller_dag.py
[2024-04-04 20:57:56,024] {processor.py:641} INFO - Processing file /home/dimitri/dimitri/airflowalura/venv/lib/python3.10/site-packages/airflow/example_dags/example_trigger_controller_dag.py for tasks to queue
[2024-04-04 20:57:56,025] {logging_mixin.py:115} INFO - [2024-04-04 20:57:56,024] {dagbag.py:507} INFO - Filling up the DagBag from /home/dimitri/dimitri/airflowalura/venv/lib/python3.10/site-packages/airflow/example_dags/example_trigger_controller_dag.py
[2024-04-04 20:57:56,027] {processor.py:651} INFO - DAG(s) dict_keys(['example_trigger_controller_dag']) retrieved from /home/dimitri/dimitri/airflowalura/venv/lib/python3.10/site-packages/airflow/example_dags/example_trigger_controller_dag.py
[2024-04-04 20:57:56,040] {logging_mixin.py:115} INFO - [2024-04-04 20:57:56,040] {dag.py:2379} INFO - Sync 1 DAGs
[2024-04-04 20:57:56,049] {logging_mixin.py:115} INFO - [2024-04-04 20:57:56,049] {dag.py:2927} INFO - Setting next_dagrun for example_trigger_controller_dag to 2021-01-01T00:00:00+00:00, run_after=2021-01-01T00:00:00+00:00
[2024-04-04 20:57:56,066] {processor.py:161} INFO - Processing /home/dimitri/dimitri/airflowalura/venv/lib/python3.10/site-packages/airflow/example_dags/example_trigger_controller_dag.py took 0.048 seconds
[2024-04-04 20:58:26,294] {processor.py:153} INFO - Started process (PID=577218) to work on /home/dimitri/dimitri/airflowalura/venv/lib/python3.10/site-packages/airflow/example_dags/example_trigger_controller_dag.py
[2024-04-04 20:58:26,298] {processor.py:641} INFO - Processing file /home/dimitri/dimitri/airflowalura/venv/lib/python3.10/site-packages/airflow/example_dags/example_trigger_controller_dag.py for tasks to queue
[2024-04-04 20:58:26,299] {logging_mixin.py:115} INFO - [2024-04-04 20:58:26,298] {dagbag.py:507} INFO - Filling up the DagBag from /home/dimitri/dimitri/airflowalura/venv/lib/python3.10/site-packages/airflow/example_dags/example_trigger_controller_dag.py
[2024-04-04 20:58:26,303] {processor.py:651} INFO - DAG(s) dict_keys(['example_trigger_controller_dag']) retrieved from /home/dimitri/dimitri/airflowalura/venv/lib/python3.10/site-packages/airflow/example_dags/example_trigger_controller_dag.py
[2024-04-04 20:58:26,315] {logging_mixin.py:115} INFO - [2024-04-04 20:58:26,315] {dag.py:2379} INFO - Sync 1 DAGs
[2024-04-04 20:58:26,327] {logging_mixin.py:115} INFO - [2024-04-04 20:58:26,327] {dag.py:2927} INFO - Setting next_dagrun for example_trigger_controller_dag to 2021-01-01T00:00:00+00:00, run_after=2021-01-01T00:00:00+00:00
[2024-04-04 20:58:26,343] {processor.py:161} INFO - Processing /home/dimitri/dimitri/airflowalura/venv/lib/python3.10/site-packages/airflow/example_dags/example_trigger_controller_dag.py took 0.053 seconds
[2024-04-04 20:58:57,709] {processor.py:153} INFO - Started process (PID=577342) to work on /home/dimitri/dimitri/airflowalura/venv/lib/python3.10/site-packages/airflow/example_dags/example_trigger_controller_dag.py
[2024-04-04 20:58:57,711] {processor.py:641} INFO - Processing file /home/dimitri/dimitri/airflowalura/venv/lib/python3.10/site-packages/airflow/example_dags/example_trigger_controller_dag.py for tasks to queue
[2024-04-04 20:58:57,711] {logging_mixin.py:115} INFO - [2024-04-04 20:58:57,711] {dagbag.py:507} INFO - Filling up the DagBag from /home/dimitri/dimitri/airflowalura/venv/lib/python3.10/site-packages/airflow/example_dags/example_trigger_controller_dag.py
[2024-04-04 20:58:57,714] {processor.py:651} INFO - DAG(s) dict_keys(['example_trigger_controller_dag']) retrieved from /home/dimitri/dimitri/airflowalura/venv/lib/python3.10/site-packages/airflow/example_dags/example_trigger_controller_dag.py
[2024-04-04 20:58:57,726] {logging_mixin.py:115} INFO - [2024-04-04 20:58:57,726] {dag.py:2379} INFO - Sync 1 DAGs
[2024-04-04 20:58:57,736] {logging_mixin.py:115} INFO - [2024-04-04 20:58:57,736] {dag.py:2927} INFO - Setting next_dagrun for example_trigger_controller_dag to 2021-01-01T00:00:00+00:00, run_after=2021-01-01T00:00:00+00:00
[2024-04-04 20:58:57,753] {processor.py:161} INFO - Processing /home/dimitri/dimitri/airflowalura/venv/lib/python3.10/site-packages/airflow/example_dags/example_trigger_controller_dag.py took 0.046 seconds
[2024-04-04 20:59:29,062] {processor.py:153} INFO - Started process (PID=577465) to work on /home/dimitri/dimitri/airflowalura/venv/lib/python3.10/site-packages/airflow/example_dags/example_trigger_controller_dag.py
[2024-04-04 20:59:29,064] {processor.py:641} INFO - Processing file /home/dimitri/dimitri/airflowalura/venv/lib/python3.10/site-packages/airflow/example_dags/example_trigger_controller_dag.py for tasks to queue
[2024-04-04 20:59:29,065] {logging_mixin.py:115} INFO - [2024-04-04 20:59:29,065] {dagbag.py:507} INFO - Filling up the DagBag from /home/dimitri/dimitri/airflowalura/venv/lib/python3.10/site-packages/airflow/example_dags/example_trigger_controller_dag.py
[2024-04-04 20:59:29,068] {processor.py:651} INFO - DAG(s) dict_keys(['example_trigger_controller_dag']) retrieved from /home/dimitri/dimitri/airflowalura/venv/lib/python3.10/site-packages/airflow/example_dags/example_trigger_controller_dag.py
[2024-04-04 20:59:29,088] {logging_mixin.py:115} INFO - [2024-04-04 20:59:29,088] {dag.py:2379} INFO - Sync 1 DAGs
[2024-04-04 20:59:29,099] {logging_mixin.py:115} INFO - [2024-04-04 20:59:29,099] {dag.py:2927} INFO - Setting next_dagrun for example_trigger_controller_dag to 2021-01-01T00:00:00+00:00, run_after=2021-01-01T00:00:00+00:00
[2024-04-04 20:59:29,118] {processor.py:161} INFO - Processing /home/dimitri/dimitri/airflowalura/venv/lib/python3.10/site-packages/airflow/example_dags/example_trigger_controller_dag.py took 0.058 seconds
