[2024-04-04 20:29:19,963] {processor.py:153} INFO - Started process (PID=569894) to work on /home/dimitri/dimitri/airflowalura/venv/lib/python3.10/site-packages/airflow/example_dags/example_branch_operator_decorator.py
[2024-04-04 20:29:19,964] {processor.py:641} INFO - Processing file /home/dimitri/dimitri/airflowalura/venv/lib/python3.10/site-packages/airflow/example_dags/example_branch_operator_decorator.py for tasks to queue
[2024-04-04 20:29:19,964] {logging_mixin.py:115} INFO - [2024-04-04 20:29:19,964] {dagbag.py:507} INFO - Filling up the DagBag from /home/dimitri/dimitri/airflowalura/venv/lib/python3.10/site-packages/airflow/example_dags/example_branch_operator_decorator.py
[2024-04-04 20:29:19,974] {processor.py:651} INFO - DAG(s) dict_keys(['example_branch_python_operator_decorator']) retrieved from /home/dimitri/dimitri/airflowalura/venv/lib/python3.10/site-packages/airflow/example_dags/example_branch_operator_decorator.py
[2024-04-04 20:29:20,033] {logging_mixin.py:115} INFO - [2024-04-04 20:29:20,033] {manager.py:508} INFO - Created Permission View: can read on DAG:example_branch_python_operator_decorator
[2024-04-04 20:29:20,046] {logging_mixin.py:115} INFO - [2024-04-04 20:29:20,046] {manager.py:508} INFO - Created Permission View: can edit on DAG:example_branch_python_operator_decorator
[2024-04-04 20:29:20,060] {logging_mixin.py:115} INFO - [2024-04-04 20:29:20,059] {manager.py:508} INFO - Created Permission View: can delete on DAG:example_branch_python_operator_decorator
[2024-04-04 20:29:20,060] {logging_mixin.py:115} INFO - [2024-04-04 20:29:20,060] {dag.py:2379} INFO - Sync 1 DAGs
[2024-04-04 20:29:20,064] {logging_mixin.py:115} INFO - [2024-04-04 20:29:20,064] {dag.py:2398} INFO - Creating ORM DAG for example_branch_python_operator_decorator
[2024-04-04 20:29:20,071] {logging_mixin.py:115} INFO - [2024-04-04 20:29:20,071] {dag.py:2927} INFO - Setting next_dagrun for example_branch_python_operator_decorator to 2024-04-03T00:00:00+00:00, run_after=2024-04-04T00:00:00+00:00
[2024-04-04 20:29:20,091] {processor.py:161} INFO - Processing /home/dimitri/dimitri/airflowalura/venv/lib/python3.10/site-packages/airflow/example_dags/example_branch_operator_decorator.py took 0.130 seconds
[2024-04-04 20:29:53,985] {processor.py:153} INFO - Started process (PID=570279) to work on /home/dimitri/dimitri/airflowalura/venv/lib/python3.10/site-packages/airflow/example_dags/example_branch_operator_decorator.py
[2024-04-04 20:29:53,988] {processor.py:641} INFO - Processing file /home/dimitri/dimitri/airflowalura/venv/lib/python3.10/site-packages/airflow/example_dags/example_branch_operator_decorator.py for tasks to queue
[2024-04-04 20:29:53,989] {logging_mixin.py:115} INFO - [2024-04-04 20:29:53,989] {dagbag.py:507} INFO - Filling up the DagBag from /home/dimitri/dimitri/airflowalura/venv/lib/python3.10/site-packages/airflow/example_dags/example_branch_operator_decorator.py
[2024-04-04 20:29:54,000] {processor.py:651} INFO - DAG(s) dict_keys(['example_branch_python_operator_decorator']) retrieved from /home/dimitri/dimitri/airflowalura/venv/lib/python3.10/site-packages/airflow/example_dags/example_branch_operator_decorator.py
[2024-04-04 20:29:54,011] {logging_mixin.py:115} INFO - [2024-04-04 20:29:54,011] {dag.py:2379} INFO - Sync 1 DAGs
[2024-04-04 20:29:54,022] {logging_mixin.py:115} INFO - [2024-04-04 20:29:54,022] {dag.py:2927} INFO - Setting next_dagrun for example_branch_python_operator_decorator to 2024-04-03T00:00:00+00:00, run_after=2024-04-04T00:00:00+00:00
[2024-04-04 20:29:54,037] {processor.py:161} INFO - Processing /home/dimitri/dimitri/airflowalura/venv/lib/python3.10/site-packages/airflow/example_dags/example_branch_operator_decorator.py took 0.054 seconds
[2024-04-04 20:30:26,177] {processor.py:153} INFO - Started process (PID=570421) to work on /home/dimitri/dimitri/airflowalura/venv/lib/python3.10/site-packages/airflow/example_dags/example_branch_operator_decorator.py
[2024-04-04 20:30:26,177] {processor.py:641} INFO - Processing file /home/dimitri/dimitri/airflowalura/venv/lib/python3.10/site-packages/airflow/example_dags/example_branch_operator_decorator.py for tasks to queue
[2024-04-04 20:30:26,177] {logging_mixin.py:115} INFO - [2024-04-04 20:30:26,177] {dagbag.py:507} INFO - Filling up the DagBag from /home/dimitri/dimitri/airflowalura/venv/lib/python3.10/site-packages/airflow/example_dags/example_branch_operator_decorator.py
[2024-04-04 20:30:26,192] {processor.py:651} INFO - DAG(s) dict_keys(['example_branch_python_operator_decorator']) retrieved from /home/dimitri/dimitri/airflowalura/venv/lib/python3.10/site-packages/airflow/example_dags/example_branch_operator_decorator.py
[2024-04-04 20:30:26,203] {logging_mixin.py:115} INFO - [2024-04-04 20:30:26,203] {dag.py:2379} INFO - Sync 1 DAGs
[2024-04-04 20:30:26,213] {logging_mixin.py:115} INFO - [2024-04-04 20:30:26,213] {dag.py:2927} INFO - Setting next_dagrun for example_branch_python_operator_decorator to 2024-04-03T00:00:00+00:00, run_after=2024-04-04T00:00:00+00:00
[2024-04-04 20:30:26,229] {processor.py:161} INFO - Processing /home/dimitri/dimitri/airflowalura/venv/lib/python3.10/site-packages/airflow/example_dags/example_branch_operator_decorator.py took 0.054 seconds
[2024-04-04 20:31:00,728] {processor.py:153} INFO - Started process (PID=570554) to work on /home/dimitri/dimitri/airflowalura/venv/lib/python3.10/site-packages/airflow/example_dags/example_branch_operator_decorator.py
[2024-04-04 20:31:00,731] {processor.py:641} INFO - Processing file /home/dimitri/dimitri/airflowalura/venv/lib/python3.10/site-packages/airflow/example_dags/example_branch_operator_decorator.py for tasks to queue
[2024-04-04 20:31:00,731] {logging_mixin.py:115} INFO - [2024-04-04 20:31:00,731] {dagbag.py:507} INFO - Filling up the DagBag from /home/dimitri/dimitri/airflowalura/venv/lib/python3.10/site-packages/airflow/example_dags/example_branch_operator_decorator.py
[2024-04-04 20:31:00,742] {processor.py:651} INFO - DAG(s) dict_keys(['example_branch_python_operator_decorator']) retrieved from /home/dimitri/dimitri/airflowalura/venv/lib/python3.10/site-packages/airflow/example_dags/example_branch_operator_decorator.py
[2024-04-04 20:31:00,753] {logging_mixin.py:115} INFO - [2024-04-04 20:31:00,753] {dag.py:2379} INFO - Sync 1 DAGs
[2024-04-04 20:31:00,763] {logging_mixin.py:115} INFO - [2024-04-04 20:31:00,763] {dag.py:2927} INFO - Setting next_dagrun for example_branch_python_operator_decorator to 2024-04-03T00:00:00+00:00, run_after=2024-04-04T00:00:00+00:00
[2024-04-04 20:31:00,778] {processor.py:161} INFO - Processing /home/dimitri/dimitri/airflowalura/venv/lib/python3.10/site-packages/airflow/example_dags/example_branch_operator_decorator.py took 0.052 seconds
[2024-04-04 20:31:32,876] {processor.py:153} INFO - Started process (PID=570684) to work on /home/dimitri/dimitri/airflowalura/venv/lib/python3.10/site-packages/airflow/example_dags/example_branch_operator_decorator.py
[2024-04-04 20:31:32,877] {processor.py:641} INFO - Processing file /home/dimitri/dimitri/airflowalura/venv/lib/python3.10/site-packages/airflow/example_dags/example_branch_operator_decorator.py for tasks to queue
[2024-04-04 20:31:32,877] {logging_mixin.py:115} INFO - [2024-04-04 20:31:32,877] {dagbag.py:507} INFO - Filling up the DagBag from /home/dimitri/dimitri/airflowalura/venv/lib/python3.10/site-packages/airflow/example_dags/example_branch_operator_decorator.py
[2024-04-04 20:31:32,889] {processor.py:651} INFO - DAG(s) dict_keys(['example_branch_python_operator_decorator']) retrieved from /home/dimitri/dimitri/airflowalura/venv/lib/python3.10/site-packages/airflow/example_dags/example_branch_operator_decorator.py
[2024-04-04 20:31:32,901] {logging_mixin.py:115} INFO - [2024-04-04 20:31:32,901] {dag.py:2379} INFO - Sync 1 DAGs
[2024-04-04 20:31:32,912] {logging_mixin.py:115} INFO - [2024-04-04 20:31:32,912] {dag.py:2927} INFO - Setting next_dagrun for example_branch_python_operator_decorator to 2024-04-03T00:00:00+00:00, run_after=2024-04-04T00:00:00+00:00
[2024-04-04 20:31:32,928] {processor.py:161} INFO - Processing /home/dimitri/dimitri/airflowalura/venv/lib/python3.10/site-packages/airflow/example_dags/example_branch_operator_decorator.py took 0.055 seconds
[2024-04-04 20:32:07,002] {processor.py:153} INFO - Started process (PID=570816) to work on /home/dimitri/dimitri/airflowalura/venv/lib/python3.10/site-packages/airflow/example_dags/example_branch_operator_decorator.py
[2024-04-04 20:32:07,005] {processor.py:641} INFO - Processing file /home/dimitri/dimitri/airflowalura/venv/lib/python3.10/site-packages/airflow/example_dags/example_branch_operator_decorator.py for tasks to queue
[2024-04-04 20:32:07,005] {logging_mixin.py:115} INFO - [2024-04-04 20:32:07,005] {dagbag.py:507} INFO - Filling up the DagBag from /home/dimitri/dimitri/airflowalura/venv/lib/python3.10/site-packages/airflow/example_dags/example_branch_operator_decorator.py
[2024-04-04 20:32:07,017] {processor.py:651} INFO - DAG(s) dict_keys(['example_branch_python_operator_decorator']) retrieved from /home/dimitri/dimitri/airflowalura/venv/lib/python3.10/site-packages/airflow/example_dags/example_branch_operator_decorator.py
[2024-04-04 20:32:07,028] {logging_mixin.py:115} INFO - [2024-04-04 20:32:07,028] {dag.py:2379} INFO - Sync 1 DAGs
[2024-04-04 20:32:07,039] {logging_mixin.py:115} INFO - [2024-04-04 20:32:07,039] {dag.py:2927} INFO - Setting next_dagrun for example_branch_python_operator_decorator to 2024-04-03T00:00:00+00:00, run_after=2024-04-04T00:00:00+00:00
[2024-04-04 20:32:07,057] {processor.py:161} INFO - Processing /home/dimitri/dimitri/airflowalura/venv/lib/python3.10/site-packages/airflow/example_dags/example_branch_operator_decorator.py took 0.057 seconds
[2024-04-04 20:33:05,053] {processor.py:153} INFO - Started process (PID=571190) to work on /home/dimitri/dimitri/airflowalura/venv/lib/python3.10/site-packages/airflow/example_dags/example_branch_operator_decorator.py
[2024-04-04 20:33:05,055] {processor.py:641} INFO - Processing file /home/dimitri/dimitri/airflowalura/venv/lib/python3.10/site-packages/airflow/example_dags/example_branch_operator_decorator.py for tasks to queue
[2024-04-04 20:33:05,056] {logging_mixin.py:115} INFO - [2024-04-04 20:33:05,056] {dagbag.py:507} INFO - Filling up the DagBag from /home/dimitri/dimitri/airflowalura/venv/lib/python3.10/site-packages/airflow/example_dags/example_branch_operator_decorator.py
[2024-04-04 20:33:05,074] {processor.py:651} INFO - DAG(s) dict_keys(['example_branch_python_operator_decorator']) retrieved from /home/dimitri/dimitri/airflowalura/venv/lib/python3.10/site-packages/airflow/example_dags/example_branch_operator_decorator.py
[2024-04-04 20:33:05,085] {logging_mixin.py:115} INFO - [2024-04-04 20:33:05,085] {dag.py:2379} INFO - Sync 1 DAGs
[2024-04-04 20:33:05,102] {logging_mixin.py:115} INFO - [2024-04-04 20:33:05,102] {dag.py:2927} INFO - Setting next_dagrun for example_branch_python_operator_decorator to 2024-04-03T00:00:00+00:00, run_after=2024-04-04T00:00:00+00:00
[2024-04-04 20:33:05,124] {processor.py:161} INFO - Processing /home/dimitri/dimitri/airflowalura/venv/lib/python3.10/site-packages/airflow/example_dags/example_branch_operator_decorator.py took 0.073 seconds
[2024-04-04 20:33:38,239] {processor.py:153} INFO - Started process (PID=571324) to work on /home/dimitri/dimitri/airflowalura/venv/lib/python3.10/site-packages/airflow/example_dags/example_branch_operator_decorator.py
[2024-04-04 20:33:38,239] {processor.py:641} INFO - Processing file /home/dimitri/dimitri/airflowalura/venv/lib/python3.10/site-packages/airflow/example_dags/example_branch_operator_decorator.py for tasks to queue
[2024-04-04 20:33:38,240] {logging_mixin.py:115} INFO - [2024-04-04 20:33:38,240] {dagbag.py:507} INFO - Filling up the DagBag from /home/dimitri/dimitri/airflowalura/venv/lib/python3.10/site-packages/airflow/example_dags/example_branch_operator_decorator.py
[2024-04-04 20:33:38,257] {processor.py:651} INFO - DAG(s) dict_keys(['example_branch_python_operator_decorator']) retrieved from /home/dimitri/dimitri/airflowalura/venv/lib/python3.10/site-packages/airflow/example_dags/example_branch_operator_decorator.py
[2024-04-04 20:33:38,268] {logging_mixin.py:115} INFO - [2024-04-04 20:33:38,268] {dag.py:2379} INFO - Sync 1 DAGs
[2024-04-04 20:33:38,282] {logging_mixin.py:115} INFO - [2024-04-04 20:33:38,282] {dag.py:2927} INFO - Setting next_dagrun for example_branch_python_operator_decorator to 2024-04-03T00:00:00+00:00, run_after=2024-04-04T00:00:00+00:00
[2024-04-04 20:33:38,300] {processor.py:161} INFO - Processing /home/dimitri/dimitri/airflowalura/venv/lib/python3.10/site-packages/airflow/example_dags/example_branch_operator_decorator.py took 0.063 seconds
[2024-04-04 20:34:12,109] {processor.py:153} INFO - Started process (PID=571457) to work on /home/dimitri/dimitri/airflowalura/venv/lib/python3.10/site-packages/airflow/example_dags/example_branch_operator_decorator.py
[2024-04-04 20:34:12,112] {processor.py:641} INFO - Processing file /home/dimitri/dimitri/airflowalura/venv/lib/python3.10/site-packages/airflow/example_dags/example_branch_operator_decorator.py for tasks to queue
[2024-04-04 20:34:12,112] {logging_mixin.py:115} INFO - [2024-04-04 20:34:12,112] {dagbag.py:507} INFO - Filling up the DagBag from /home/dimitri/dimitri/airflowalura/venv/lib/python3.10/site-packages/airflow/example_dags/example_branch_operator_decorator.py
[2024-04-04 20:34:12,125] {processor.py:651} INFO - DAG(s) dict_keys(['example_branch_python_operator_decorator']) retrieved from /home/dimitri/dimitri/airflowalura/venv/lib/python3.10/site-packages/airflow/example_dags/example_branch_operator_decorator.py
[2024-04-04 20:34:12,134] {logging_mixin.py:115} INFO - [2024-04-04 20:34:12,134] {dag.py:2379} INFO - Sync 1 DAGs
[2024-04-04 20:34:12,144] {logging_mixin.py:115} INFO - [2024-04-04 20:34:12,144] {dag.py:2927} INFO - Setting next_dagrun for example_branch_python_operator_decorator to 2024-04-03T00:00:00+00:00, run_after=2024-04-04T00:00:00+00:00
[2024-04-04 20:34:12,160] {processor.py:161} INFO - Processing /home/dimitri/dimitri/airflowalura/venv/lib/python3.10/site-packages/airflow/example_dags/example_branch_operator_decorator.py took 0.053 seconds
[2024-04-04 20:34:45,138] {processor.py:153} INFO - Started process (PID=571587) to work on /home/dimitri/dimitri/airflowalura/venv/lib/python3.10/site-packages/airflow/example_dags/example_branch_operator_decorator.py
[2024-04-04 20:34:45,141] {processor.py:641} INFO - Processing file /home/dimitri/dimitri/airflowalura/venv/lib/python3.10/site-packages/airflow/example_dags/example_branch_operator_decorator.py for tasks to queue
[2024-04-04 20:34:45,141] {logging_mixin.py:115} INFO - [2024-04-04 20:34:45,141] {dagbag.py:507} INFO - Filling up the DagBag from /home/dimitri/dimitri/airflowalura/venv/lib/python3.10/site-packages/airflow/example_dags/example_branch_operator_decorator.py
[2024-04-04 20:34:45,154] {processor.py:651} INFO - DAG(s) dict_keys(['example_branch_python_operator_decorator']) retrieved from /home/dimitri/dimitri/airflowalura/venv/lib/python3.10/site-packages/airflow/example_dags/example_branch_operator_decorator.py
[2024-04-04 20:34:45,163] {logging_mixin.py:115} INFO - [2024-04-04 20:34:45,163] {dag.py:2379} INFO - Sync 1 DAGs
[2024-04-04 20:34:45,176] {logging_mixin.py:115} INFO - [2024-04-04 20:34:45,176] {dag.py:2927} INFO - Setting next_dagrun for example_branch_python_operator_decorator to 2024-04-03T00:00:00+00:00, run_after=2024-04-04T00:00:00+00:00
[2024-04-04 20:34:45,190] {processor.py:161} INFO - Processing /home/dimitri/dimitri/airflowalura/venv/lib/python3.10/site-packages/airflow/example_dags/example_branch_operator_decorator.py took 0.054 seconds
[2024-04-04 20:35:18,997] {processor.py:153} INFO - Started process (PID=571721) to work on /home/dimitri/dimitri/airflowalura/venv/lib/python3.10/site-packages/airflow/example_dags/example_branch_operator_decorator.py
[2024-04-04 20:35:19,000] {processor.py:641} INFO - Processing file /home/dimitri/dimitri/airflowalura/venv/lib/python3.10/site-packages/airflow/example_dags/example_branch_operator_decorator.py for tasks to queue
[2024-04-04 20:35:19,001] {logging_mixin.py:115} INFO - [2024-04-04 20:35:19,001] {dagbag.py:507} INFO - Filling up the DagBag from /home/dimitri/dimitri/airflowalura/venv/lib/python3.10/site-packages/airflow/example_dags/example_branch_operator_decorator.py
[2024-04-04 20:35:19,013] {processor.py:651} INFO - DAG(s) dict_keys(['example_branch_python_operator_decorator']) retrieved from /home/dimitri/dimitri/airflowalura/venv/lib/python3.10/site-packages/airflow/example_dags/example_branch_operator_decorator.py
[2024-04-04 20:35:19,023] {logging_mixin.py:115} INFO - [2024-04-04 20:35:19,023] {dag.py:2379} INFO - Sync 1 DAGs
[2024-04-04 20:35:19,034] {logging_mixin.py:115} INFO - [2024-04-04 20:35:19,034] {dag.py:2927} INFO - Setting next_dagrun for example_branch_python_operator_decorator to 2024-04-03T00:00:00+00:00, run_after=2024-04-04T00:00:00+00:00
[2024-04-04 20:35:19,052] {processor.py:161} INFO - Processing /home/dimitri/dimitri/airflowalura/venv/lib/python3.10/site-packages/airflow/example_dags/example_branch_operator_decorator.py took 0.057 seconds
[2024-04-04 20:35:51,048] {processor.py:153} INFO - Started process (PID=571851) to work on /home/dimitri/dimitri/airflowalura/venv/lib/python3.10/site-packages/airflow/example_dags/example_branch_operator_decorator.py
[2024-04-04 20:35:51,049] {processor.py:641} INFO - Processing file /home/dimitri/dimitri/airflowalura/venv/lib/python3.10/site-packages/airflow/example_dags/example_branch_operator_decorator.py for tasks to queue
[2024-04-04 20:35:51,049] {logging_mixin.py:115} INFO - [2024-04-04 20:35:51,049] {dagbag.py:507} INFO - Filling up the DagBag from /home/dimitri/dimitri/airflowalura/venv/lib/python3.10/site-packages/airflow/example_dags/example_branch_operator_decorator.py
[2024-04-04 20:35:51,063] {processor.py:651} INFO - DAG(s) dict_keys(['example_branch_python_operator_decorator']) retrieved from /home/dimitri/dimitri/airflowalura/venv/lib/python3.10/site-packages/airflow/example_dags/example_branch_operator_decorator.py
[2024-04-04 20:35:51,072] {logging_mixin.py:115} INFO - [2024-04-04 20:35:51,072] {dag.py:2379} INFO - Sync 1 DAGs
[2024-04-04 20:35:51,084] {logging_mixin.py:115} INFO - [2024-04-04 20:35:51,084] {dag.py:2927} INFO - Setting next_dagrun for example_branch_python_operator_decorator to 2024-04-03T00:00:00+00:00, run_after=2024-04-04T00:00:00+00:00
[2024-04-04 20:35:51,098] {processor.py:161} INFO - Processing /home/dimitri/dimitri/airflowalura/venv/lib/python3.10/site-packages/airflow/example_dags/example_branch_operator_decorator.py took 0.052 seconds
[2024-04-04 20:36:35,165] {processor.py:153} INFO - Started process (PID=572034) to work on /home/dimitri/dimitri/airflowalura/venv/lib/python3.10/site-packages/airflow/example_dags/example_branch_operator_decorator.py
[2024-04-04 20:36:35,167] {processor.py:641} INFO - Processing file /home/dimitri/dimitri/airflowalura/venv/lib/python3.10/site-packages/airflow/example_dags/example_branch_operator_decorator.py for tasks to queue
[2024-04-04 20:36:35,167] {logging_mixin.py:115} INFO - [2024-04-04 20:36:35,167] {dagbag.py:507} INFO - Filling up the DagBag from /home/dimitri/dimitri/airflowalura/venv/lib/python3.10/site-packages/airflow/example_dags/example_branch_operator_decorator.py
[2024-04-04 20:36:35,179] {processor.py:651} INFO - DAG(s) dict_keys(['example_branch_python_operator_decorator']) retrieved from /home/dimitri/dimitri/airflowalura/venv/lib/python3.10/site-packages/airflow/example_dags/example_branch_operator_decorator.py
[2024-04-04 20:36:35,187] {logging_mixin.py:115} INFO - [2024-04-04 20:36:35,187] {dag.py:2379} INFO - Sync 1 DAGs
[2024-04-04 20:36:35,197] {logging_mixin.py:115} INFO - [2024-04-04 20:36:35,197] {dag.py:2927} INFO - Setting next_dagrun for example_branch_python_operator_decorator to 2024-04-03T00:00:00+00:00, run_after=2024-04-04T00:00:00+00:00
[2024-04-04 20:36:35,211] {processor.py:161} INFO - Processing /home/dimitri/dimitri/airflowalura/venv/lib/python3.10/site-packages/airflow/example_dags/example_branch_operator_decorator.py took 0.049 seconds
[2024-04-04 20:37:07,844] {processor.py:153} INFO - Started process (PID=572168) to work on /home/dimitri/dimitri/airflowalura/venv/lib/python3.10/site-packages/airflow/example_dags/example_branch_operator_decorator.py
[2024-04-04 20:37:07,846] {processor.py:641} INFO - Processing file /home/dimitri/dimitri/airflowalura/venv/lib/python3.10/site-packages/airflow/example_dags/example_branch_operator_decorator.py for tasks to queue
[2024-04-04 20:37:07,847] {logging_mixin.py:115} INFO - [2024-04-04 20:37:07,847] {dagbag.py:507} INFO - Filling up the DagBag from /home/dimitri/dimitri/airflowalura/venv/lib/python3.10/site-packages/airflow/example_dags/example_branch_operator_decorator.py
[2024-04-04 20:37:07,859] {processor.py:651} INFO - DAG(s) dict_keys(['example_branch_python_operator_decorator']) retrieved from /home/dimitri/dimitri/airflowalura/venv/lib/python3.10/site-packages/airflow/example_dags/example_branch_operator_decorator.py
[2024-04-04 20:37:07,867] {logging_mixin.py:115} INFO - [2024-04-04 20:37:07,867] {dag.py:2379} INFO - Sync 1 DAGs
[2024-04-04 20:37:07,878] {logging_mixin.py:115} INFO - [2024-04-04 20:37:07,878] {dag.py:2927} INFO - Setting next_dagrun for example_branch_python_operator_decorator to 2024-04-03T00:00:00+00:00, run_after=2024-04-04T00:00:00+00:00
[2024-04-04 20:37:07,894] {processor.py:161} INFO - Processing /home/dimitri/dimitri/airflowalura/venv/lib/python3.10/site-packages/airflow/example_dags/example_branch_operator_decorator.py took 0.052 seconds
[2024-04-04 20:37:42,430] {processor.py:153} INFO - Started process (PID=572305) to work on /home/dimitri/dimitri/airflowalura/venv/lib/python3.10/site-packages/airflow/example_dags/example_branch_operator_decorator.py
[2024-04-04 20:37:42,433] {processor.py:641} INFO - Processing file /home/dimitri/dimitri/airflowalura/venv/lib/python3.10/site-packages/airflow/example_dags/example_branch_operator_decorator.py for tasks to queue
[2024-04-04 20:37:42,434] {logging_mixin.py:115} INFO - [2024-04-04 20:37:42,433] {dagbag.py:507} INFO - Filling up the DagBag from /home/dimitri/dimitri/airflowalura/venv/lib/python3.10/site-packages/airflow/example_dags/example_branch_operator_decorator.py
[2024-04-04 20:37:42,447] {processor.py:651} INFO - DAG(s) dict_keys(['example_branch_python_operator_decorator']) retrieved from /home/dimitri/dimitri/airflowalura/venv/lib/python3.10/site-packages/airflow/example_dags/example_branch_operator_decorator.py
[2024-04-04 20:37:42,457] {logging_mixin.py:115} INFO - [2024-04-04 20:37:42,457] {dag.py:2379} INFO - Sync 1 DAGs
[2024-04-04 20:37:42,466] {logging_mixin.py:115} INFO - [2024-04-04 20:37:42,466] {dag.py:2927} INFO - Setting next_dagrun for example_branch_python_operator_decorator to 2024-04-03T00:00:00+00:00, run_after=2024-04-04T00:00:00+00:00
[2024-04-04 20:37:42,484] {processor.py:161} INFO - Processing /home/dimitri/dimitri/airflowalura/venv/lib/python3.10/site-packages/airflow/example_dags/example_branch_operator_decorator.py took 0.057 seconds
[2024-04-04 20:38:15,834] {processor.py:153} INFO - Started process (PID=572438) to work on /home/dimitri/dimitri/airflowalura/venv/lib/python3.10/site-packages/airflow/example_dags/example_branch_operator_decorator.py
[2024-04-04 20:38:15,836] {processor.py:641} INFO - Processing file /home/dimitri/dimitri/airflowalura/venv/lib/python3.10/site-packages/airflow/example_dags/example_branch_operator_decorator.py for tasks to queue
[2024-04-04 20:38:15,837] {logging_mixin.py:115} INFO - [2024-04-04 20:38:15,837] {dagbag.py:507} INFO - Filling up the DagBag from /home/dimitri/dimitri/airflowalura/venv/lib/python3.10/site-packages/airflow/example_dags/example_branch_operator_decorator.py
[2024-04-04 20:38:15,850] {processor.py:651} INFO - DAG(s) dict_keys(['example_branch_python_operator_decorator']) retrieved from /home/dimitri/dimitri/airflowalura/venv/lib/python3.10/site-packages/airflow/example_dags/example_branch_operator_decorator.py
[2024-04-04 20:38:15,861] {logging_mixin.py:115} INFO - [2024-04-04 20:38:15,861] {dag.py:2379} INFO - Sync 1 DAGs
[2024-04-04 20:38:15,872] {logging_mixin.py:115} INFO - [2024-04-04 20:38:15,872] {dag.py:2927} INFO - Setting next_dagrun for example_branch_python_operator_decorator to 2024-04-03T00:00:00+00:00, run_after=2024-04-04T00:00:00+00:00
[2024-04-04 20:38:15,890] {processor.py:161} INFO - Processing /home/dimitri/dimitri/airflowalura/venv/lib/python3.10/site-packages/airflow/example_dags/example_branch_operator_decorator.py took 0.059 seconds
[2024-04-04 20:38:50,557] {processor.py:153} INFO - Started process (PID=572571) to work on /home/dimitri/dimitri/airflowalura/venv/lib/python3.10/site-packages/airflow/example_dags/example_branch_operator_decorator.py
[2024-04-04 20:38:50,558] {processor.py:641} INFO - Processing file /home/dimitri/dimitri/airflowalura/venv/lib/python3.10/site-packages/airflow/example_dags/example_branch_operator_decorator.py for tasks to queue
[2024-04-04 20:38:50,558] {logging_mixin.py:115} INFO - [2024-04-04 20:38:50,558] {dagbag.py:507} INFO - Filling up the DagBag from /home/dimitri/dimitri/airflowalura/venv/lib/python3.10/site-packages/airflow/example_dags/example_branch_operator_decorator.py
[2024-04-04 20:38:50,573] {processor.py:651} INFO - DAG(s) dict_keys(['example_branch_python_operator_decorator']) retrieved from /home/dimitri/dimitri/airflowalura/venv/lib/python3.10/site-packages/airflow/example_dags/example_branch_operator_decorator.py
[2024-04-04 20:38:50,582] {logging_mixin.py:115} INFO - [2024-04-04 20:38:50,582] {dag.py:2379} INFO - Sync 1 DAGs
[2024-04-04 20:38:50,593] {logging_mixin.py:115} INFO - [2024-04-04 20:38:50,593] {dag.py:2927} INFO - Setting next_dagrun for example_branch_python_operator_decorator to 2024-04-03T00:00:00+00:00, run_after=2024-04-04T00:00:00+00:00
[2024-04-04 20:38:50,608] {processor.py:161} INFO - Processing /home/dimitri/dimitri/airflowalura/venv/lib/python3.10/site-packages/airflow/example_dags/example_branch_operator_decorator.py took 0.053 seconds
[2024-04-04 20:39:25,302] {processor.py:153} INFO - Started process (PID=572710) to work on /home/dimitri/dimitri/airflowalura/venv/lib/python3.10/site-packages/airflow/example_dags/example_branch_operator_decorator.py
[2024-04-04 20:39:25,304] {processor.py:641} INFO - Processing file /home/dimitri/dimitri/airflowalura/venv/lib/python3.10/site-packages/airflow/example_dags/example_branch_operator_decorator.py for tasks to queue
[2024-04-04 20:39:25,305] {logging_mixin.py:115} INFO - [2024-04-04 20:39:25,305] {dagbag.py:507} INFO - Filling up the DagBag from /home/dimitri/dimitri/airflowalura/venv/lib/python3.10/site-packages/airflow/example_dags/example_branch_operator_decorator.py
[2024-04-04 20:39:25,319] {processor.py:651} INFO - DAG(s) dict_keys(['example_branch_python_operator_decorator']) retrieved from /home/dimitri/dimitri/airflowalura/venv/lib/python3.10/site-packages/airflow/example_dags/example_branch_operator_decorator.py
[2024-04-04 20:39:25,329] {logging_mixin.py:115} INFO - [2024-04-04 20:39:25,329] {dag.py:2379} INFO - Sync 1 DAGs
[2024-04-04 20:39:25,339] {logging_mixin.py:115} INFO - [2024-04-04 20:39:25,339] {dag.py:2927} INFO - Setting next_dagrun for example_branch_python_operator_decorator to 2024-04-03T00:00:00+00:00, run_after=2024-04-04T00:00:00+00:00
[2024-04-04 20:39:25,356] {processor.py:161} INFO - Processing /home/dimitri/dimitri/airflowalura/venv/lib/python3.10/site-packages/airflow/example_dags/example_branch_operator_decorator.py took 0.055 seconds
[2024-04-04 20:39:58,642] {processor.py:153} INFO - Started process (PID=572843) to work on /home/dimitri/dimitri/airflowalura/venv/lib/python3.10/site-packages/airflow/example_dags/example_branch_operator_decorator.py
[2024-04-04 20:39:58,644] {processor.py:641} INFO - Processing file /home/dimitri/dimitri/airflowalura/venv/lib/python3.10/site-packages/airflow/example_dags/example_branch_operator_decorator.py for tasks to queue
[2024-04-04 20:39:58,644] {logging_mixin.py:115} INFO - [2024-04-04 20:39:58,644] {dagbag.py:507} INFO - Filling up the DagBag from /home/dimitri/dimitri/airflowalura/venv/lib/python3.10/site-packages/airflow/example_dags/example_branch_operator_decorator.py
[2024-04-04 20:39:58,660] {processor.py:651} INFO - DAG(s) dict_keys(['example_branch_python_operator_decorator']) retrieved from /home/dimitri/dimitri/airflowalura/venv/lib/python3.10/site-packages/airflow/example_dags/example_branch_operator_decorator.py
[2024-04-04 20:39:58,669] {logging_mixin.py:115} INFO - [2024-04-04 20:39:58,669] {dag.py:2379} INFO - Sync 1 DAGs
[2024-04-04 20:39:58,680] {logging_mixin.py:115} INFO - [2024-04-04 20:39:58,680] {dag.py:2927} INFO - Setting next_dagrun for example_branch_python_operator_decorator to 2024-04-03T00:00:00+00:00, run_after=2024-04-04T00:00:00+00:00
[2024-04-04 20:39:58,696] {processor.py:161} INFO - Processing /home/dimitri/dimitri/airflowalura/venv/lib/python3.10/site-packages/airflow/example_dags/example_branch_operator_decorator.py took 0.058 seconds
[2024-04-04 20:40:33,755] {processor.py:153} INFO - Started process (PID=572980) to work on /home/dimitri/dimitri/airflowalura/venv/lib/python3.10/site-packages/airflow/example_dags/example_branch_operator_decorator.py
[2024-04-04 20:40:33,756] {processor.py:641} INFO - Processing file /home/dimitri/dimitri/airflowalura/venv/lib/python3.10/site-packages/airflow/example_dags/example_branch_operator_decorator.py for tasks to queue
[2024-04-04 20:40:33,756] {logging_mixin.py:115} INFO - [2024-04-04 20:40:33,756] {dagbag.py:507} INFO - Filling up the DagBag from /home/dimitri/dimitri/airflowalura/venv/lib/python3.10/site-packages/airflow/example_dags/example_branch_operator_decorator.py
[2024-04-04 20:40:33,771] {processor.py:651} INFO - DAG(s) dict_keys(['example_branch_python_operator_decorator']) retrieved from /home/dimitri/dimitri/airflowalura/venv/lib/python3.10/site-packages/airflow/example_dags/example_branch_operator_decorator.py
[2024-04-04 20:40:33,784] {logging_mixin.py:115} INFO - [2024-04-04 20:40:33,783] {dag.py:2379} INFO - Sync 1 DAGs
[2024-04-04 20:40:33,794] {logging_mixin.py:115} INFO - [2024-04-04 20:40:33,794] {dag.py:2927} INFO - Setting next_dagrun for example_branch_python_operator_decorator to 2024-04-03T00:00:00+00:00, run_after=2024-04-04T00:00:00+00:00
[2024-04-04 20:40:33,809] {processor.py:161} INFO - Processing /home/dimitri/dimitri/airflowalura/venv/lib/python3.10/site-packages/airflow/example_dags/example_branch_operator_decorator.py took 0.056 seconds
[2024-04-04 20:41:21,481] {processor.py:153} INFO - Started process (PID=573183) to work on /home/dimitri/dimitri/airflowalura/venv/lib/python3.10/site-packages/airflow/example_dags/example_branch_operator_decorator.py
[2024-04-04 20:41:21,482] {processor.py:641} INFO - Processing file /home/dimitri/dimitri/airflowalura/venv/lib/python3.10/site-packages/airflow/example_dags/example_branch_operator_decorator.py for tasks to queue
[2024-04-04 20:41:21,482] {logging_mixin.py:115} INFO - [2024-04-04 20:41:21,482] {dagbag.py:507} INFO - Filling up the DagBag from /home/dimitri/dimitri/airflowalura/venv/lib/python3.10/site-packages/airflow/example_dags/example_branch_operator_decorator.py
[2024-04-04 20:41:21,496] {processor.py:651} INFO - DAG(s) dict_keys(['example_branch_python_operator_decorator']) retrieved from /home/dimitri/dimitri/airflowalura/venv/lib/python3.10/site-packages/airflow/example_dags/example_branch_operator_decorator.py
[2024-04-04 20:41:21,505] {logging_mixin.py:115} INFO - [2024-04-04 20:41:21,505] {dag.py:2379} INFO - Sync 1 DAGs
[2024-04-04 20:41:21,516] {logging_mixin.py:115} INFO - [2024-04-04 20:41:21,516] {dag.py:2927} INFO - Setting next_dagrun for example_branch_python_operator_decorator to 2024-04-03T00:00:00+00:00, run_after=2024-04-04T00:00:00+00:00
[2024-04-04 20:41:21,532] {processor.py:161} INFO - Processing /home/dimitri/dimitri/airflowalura/venv/lib/python3.10/site-packages/airflow/example_dags/example_branch_operator_decorator.py took 0.053 seconds
[2024-04-04 20:41:57,724] {processor.py:153} INFO - Started process (PID=573327) to work on /home/dimitri/dimitri/airflowalura/venv/lib/python3.10/site-packages/airflow/example_dags/example_branch_operator_decorator.py
[2024-04-04 20:41:57,727] {processor.py:641} INFO - Processing file /home/dimitri/dimitri/airflowalura/venv/lib/python3.10/site-packages/airflow/example_dags/example_branch_operator_decorator.py for tasks to queue
[2024-04-04 20:41:57,728] {logging_mixin.py:115} INFO - [2024-04-04 20:41:57,728] {dagbag.py:507} INFO - Filling up the DagBag from /home/dimitri/dimitri/airflowalura/venv/lib/python3.10/site-packages/airflow/example_dags/example_branch_operator_decorator.py
[2024-04-04 20:41:57,741] {processor.py:651} INFO - DAG(s) dict_keys(['example_branch_python_operator_decorator']) retrieved from /home/dimitri/dimitri/airflowalura/venv/lib/python3.10/site-packages/airflow/example_dags/example_branch_operator_decorator.py
[2024-04-04 20:41:57,752] {logging_mixin.py:115} INFO - [2024-04-04 20:41:57,752] {dag.py:2379} INFO - Sync 1 DAGs
[2024-04-04 20:41:57,765] {logging_mixin.py:115} INFO - [2024-04-04 20:41:57,765] {dag.py:2927} INFO - Setting next_dagrun for example_branch_python_operator_decorator to 2024-04-03T00:00:00+00:00, run_after=2024-04-04T00:00:00+00:00
[2024-04-04 20:41:57,782] {processor.py:161} INFO - Processing /home/dimitri/dimitri/airflowalura/venv/lib/python3.10/site-packages/airflow/example_dags/example_branch_operator_decorator.py took 0.059 seconds
[2024-04-04 20:42:32,163] {processor.py:153} INFO - Started process (PID=573464) to work on /home/dimitri/dimitri/airflowalura/venv/lib/python3.10/site-packages/airflow/example_dags/example_branch_operator_decorator.py
[2024-04-04 20:42:32,164] {processor.py:641} INFO - Processing file /home/dimitri/dimitri/airflowalura/venv/lib/python3.10/site-packages/airflow/example_dags/example_branch_operator_decorator.py for tasks to queue
[2024-04-04 20:42:32,164] {logging_mixin.py:115} INFO - [2024-04-04 20:42:32,164] {dagbag.py:507} INFO - Filling up the DagBag from /home/dimitri/dimitri/airflowalura/venv/lib/python3.10/site-packages/airflow/example_dags/example_branch_operator_decorator.py
[2024-04-04 20:42:32,179] {processor.py:651} INFO - DAG(s) dict_keys(['example_branch_python_operator_decorator']) retrieved from /home/dimitri/dimitri/airflowalura/venv/lib/python3.10/site-packages/airflow/example_dags/example_branch_operator_decorator.py
[2024-04-04 20:42:32,189] {logging_mixin.py:115} INFO - [2024-04-04 20:42:32,189] {dag.py:2379} INFO - Sync 1 DAGs
[2024-04-04 20:42:32,201] {logging_mixin.py:115} INFO - [2024-04-04 20:42:32,201] {dag.py:2927} INFO - Setting next_dagrun for example_branch_python_operator_decorator to 2024-04-03T00:00:00+00:00, run_after=2024-04-04T00:00:00+00:00
[2024-04-04 20:42:32,218] {processor.py:161} INFO - Processing /home/dimitri/dimitri/airflowalura/venv/lib/python3.10/site-packages/airflow/example_dags/example_branch_operator_decorator.py took 0.057 seconds
[2024-04-04 20:43:07,335] {processor.py:153} INFO - Started process (PID=573603) to work on /home/dimitri/dimitri/airflowalura/venv/lib/python3.10/site-packages/airflow/example_dags/example_branch_operator_decorator.py
[2024-04-04 20:43:07,338] {processor.py:641} INFO - Processing file /home/dimitri/dimitri/airflowalura/venv/lib/python3.10/site-packages/airflow/example_dags/example_branch_operator_decorator.py for tasks to queue
[2024-04-04 20:43:07,339] {logging_mixin.py:115} INFO - [2024-04-04 20:43:07,339] {dagbag.py:507} INFO - Filling up the DagBag from /home/dimitri/dimitri/airflowalura/venv/lib/python3.10/site-packages/airflow/example_dags/example_branch_operator_decorator.py
[2024-04-04 20:43:07,358] {processor.py:651} INFO - DAG(s) dict_keys(['example_branch_python_operator_decorator']) retrieved from /home/dimitri/dimitri/airflowalura/venv/lib/python3.10/site-packages/airflow/example_dags/example_branch_operator_decorator.py
[2024-04-04 20:43:07,370] {logging_mixin.py:115} INFO - [2024-04-04 20:43:07,370] {dag.py:2379} INFO - Sync 1 DAGs
[2024-04-04 20:43:07,395] {logging_mixin.py:115} INFO - [2024-04-04 20:43:07,395] {dag.py:2927} INFO - Setting next_dagrun for example_branch_python_operator_decorator to 2024-04-03T00:00:00+00:00, run_after=2024-04-04T00:00:00+00:00
[2024-04-04 20:43:07,449] {processor.py:161} INFO - Processing /home/dimitri/dimitri/airflowalura/venv/lib/python3.10/site-packages/airflow/example_dags/example_branch_operator_decorator.py took 0.115 seconds
[2024-04-04 20:43:41,996] {processor.py:153} INFO - Started process (PID=573736) to work on /home/dimitri/dimitri/airflowalura/venv/lib/python3.10/site-packages/airflow/example_dags/example_branch_operator_decorator.py
[2024-04-04 20:43:41,997] {processor.py:641} INFO - Processing file /home/dimitri/dimitri/airflowalura/venv/lib/python3.10/site-packages/airflow/example_dags/example_branch_operator_decorator.py for tasks to queue
[2024-04-04 20:43:41,997] {logging_mixin.py:115} INFO - [2024-04-04 20:43:41,997] {dagbag.py:507} INFO - Filling up the DagBag from /home/dimitri/dimitri/airflowalura/venv/lib/python3.10/site-packages/airflow/example_dags/example_branch_operator_decorator.py
[2024-04-04 20:43:42,014] {processor.py:651} INFO - DAG(s) dict_keys(['example_branch_python_operator_decorator']) retrieved from /home/dimitri/dimitri/airflowalura/venv/lib/python3.10/site-packages/airflow/example_dags/example_branch_operator_decorator.py
[2024-04-04 20:43:42,027] {logging_mixin.py:115} INFO - [2024-04-04 20:43:42,027] {dag.py:2379} INFO - Sync 1 DAGs
[2024-04-04 20:43:42,042] {logging_mixin.py:115} INFO - [2024-04-04 20:43:42,041] {dag.py:2927} INFO - Setting next_dagrun for example_branch_python_operator_decorator to 2024-04-03T00:00:00+00:00, run_after=2024-04-04T00:00:00+00:00
[2024-04-04 20:43:42,058] {processor.py:161} INFO - Processing /home/dimitri/dimitri/airflowalura/venv/lib/python3.10/site-packages/airflow/example_dags/example_branch_operator_decorator.py took 0.064 seconds
[2024-04-04 20:44:17,375] {processor.py:153} INFO - Started process (PID=573873) to work on /home/dimitri/dimitri/airflowalura/venv/lib/python3.10/site-packages/airflow/example_dags/example_branch_operator_decorator.py
[2024-04-04 20:44:17,377] {processor.py:641} INFO - Processing file /home/dimitri/dimitri/airflowalura/venv/lib/python3.10/site-packages/airflow/example_dags/example_branch_operator_decorator.py for tasks to queue
[2024-04-04 20:44:17,377] {logging_mixin.py:115} INFO - [2024-04-04 20:44:17,377] {dagbag.py:507} INFO - Filling up the DagBag from /home/dimitri/dimitri/airflowalura/venv/lib/python3.10/site-packages/airflow/example_dags/example_branch_operator_decorator.py
[2024-04-04 20:44:17,393] {processor.py:651} INFO - DAG(s) dict_keys(['example_branch_python_operator_decorator']) retrieved from /home/dimitri/dimitri/airflowalura/venv/lib/python3.10/site-packages/airflow/example_dags/example_branch_operator_decorator.py
[2024-04-04 20:44:17,404] {logging_mixin.py:115} INFO - [2024-04-04 20:44:17,404] {dag.py:2379} INFO - Sync 1 DAGs
[2024-04-04 20:44:17,416] {logging_mixin.py:115} INFO - [2024-04-04 20:44:17,416] {dag.py:2927} INFO - Setting next_dagrun for example_branch_python_operator_decorator to 2024-04-03T00:00:00+00:00, run_after=2024-04-04T00:00:00+00:00
[2024-04-04 20:44:17,433] {processor.py:161} INFO - Processing /home/dimitri/dimitri/airflowalura/venv/lib/python3.10/site-packages/airflow/example_dags/example_branch_operator_decorator.py took 0.061 seconds
[2024-04-04 20:44:53,440] {processor.py:153} INFO - Started process (PID=574018) to work on /home/dimitri/dimitri/airflowalura/venv/lib/python3.10/site-packages/airflow/example_dags/example_branch_operator_decorator.py
[2024-04-04 20:44:53,441] {processor.py:641} INFO - Processing file /home/dimitri/dimitri/airflowalura/venv/lib/python3.10/site-packages/airflow/example_dags/example_branch_operator_decorator.py for tasks to queue
[2024-04-04 20:44:53,441] {logging_mixin.py:115} INFO - [2024-04-04 20:44:53,441] {dagbag.py:507} INFO - Filling up the DagBag from /home/dimitri/dimitri/airflowalura/venv/lib/python3.10/site-packages/airflow/example_dags/example_branch_operator_decorator.py
[2024-04-04 20:44:53,459] {processor.py:651} INFO - DAG(s) dict_keys(['example_branch_python_operator_decorator']) retrieved from /home/dimitri/dimitri/airflowalura/venv/lib/python3.10/site-packages/airflow/example_dags/example_branch_operator_decorator.py
[2024-04-04 20:44:53,469] {logging_mixin.py:115} INFO - [2024-04-04 20:44:53,468] {dag.py:2379} INFO - Sync 1 DAGs
[2024-04-04 20:44:53,480] {logging_mixin.py:115} INFO - [2024-04-04 20:44:53,479] {dag.py:2927} INFO - Setting next_dagrun for example_branch_python_operator_decorator to 2024-04-03T00:00:00+00:00, run_after=2024-04-04T00:00:00+00:00
[2024-04-04 20:44:53,495] {processor.py:161} INFO - Processing /home/dimitri/dimitri/airflowalura/venv/lib/python3.10/site-packages/airflow/example_dags/example_branch_operator_decorator.py took 0.057 seconds
[2024-04-04 20:45:29,687] {processor.py:153} INFO - Started process (PID=574158) to work on /home/dimitri/dimitri/airflowalura/venv/lib/python3.10/site-packages/airflow/example_dags/example_branch_operator_decorator.py
[2024-04-04 20:45:29,689] {processor.py:641} INFO - Processing file /home/dimitri/dimitri/airflowalura/venv/lib/python3.10/site-packages/airflow/example_dags/example_branch_operator_decorator.py for tasks to queue
[2024-04-04 20:45:29,690] {logging_mixin.py:115} INFO - [2024-04-04 20:45:29,689] {dagbag.py:507} INFO - Filling up the DagBag from /home/dimitri/dimitri/airflowalura/venv/lib/python3.10/site-packages/airflow/example_dags/example_branch_operator_decorator.py
[2024-04-04 20:45:29,703] {processor.py:651} INFO - DAG(s) dict_keys(['example_branch_python_operator_decorator']) retrieved from /home/dimitri/dimitri/airflowalura/venv/lib/python3.10/site-packages/airflow/example_dags/example_branch_operator_decorator.py
[2024-04-04 20:45:29,712] {logging_mixin.py:115} INFO - [2024-04-04 20:45:29,712] {dag.py:2379} INFO - Sync 1 DAGs
[2024-04-04 20:45:29,723] {logging_mixin.py:115} INFO - [2024-04-04 20:45:29,723] {dag.py:2927} INFO - Setting next_dagrun for example_branch_python_operator_decorator to 2024-04-03T00:00:00+00:00, run_after=2024-04-04T00:00:00+00:00
[2024-04-04 20:45:29,739] {processor.py:161} INFO - Processing /home/dimitri/dimitri/airflowalura/venv/lib/python3.10/site-packages/airflow/example_dags/example_branch_operator_decorator.py took 0.054 seconds
[2024-04-04 20:46:04,591] {processor.py:153} INFO - Started process (PID=574295) to work on /home/dimitri/dimitri/airflowalura/venv/lib/python3.10/site-packages/airflow/example_dags/example_branch_operator_decorator.py
[2024-04-04 20:46:04,594] {processor.py:641} INFO - Processing file /home/dimitri/dimitri/airflowalura/venv/lib/python3.10/site-packages/airflow/example_dags/example_branch_operator_decorator.py for tasks to queue
[2024-04-04 20:46:04,594] {logging_mixin.py:115} INFO - [2024-04-04 20:46:04,594] {dagbag.py:507} INFO - Filling up the DagBag from /home/dimitri/dimitri/airflowalura/venv/lib/python3.10/site-packages/airflow/example_dags/example_branch_operator_decorator.py
[2024-04-04 20:46:04,612] {processor.py:651} INFO - DAG(s) dict_keys(['example_branch_python_operator_decorator']) retrieved from /home/dimitri/dimitri/airflowalura/venv/lib/python3.10/site-packages/airflow/example_dags/example_branch_operator_decorator.py
[2024-04-04 20:46:04,624] {logging_mixin.py:115} INFO - [2024-04-04 20:46:04,624] {dag.py:2379} INFO - Sync 1 DAGs
[2024-04-04 20:46:04,635] {logging_mixin.py:115} INFO - [2024-04-04 20:46:04,635] {dag.py:2927} INFO - Setting next_dagrun for example_branch_python_operator_decorator to 2024-04-03T00:00:00+00:00, run_after=2024-04-04T00:00:00+00:00
[2024-04-04 20:46:04,652] {processor.py:161} INFO - Processing /home/dimitri/dimitri/airflowalura/venv/lib/python3.10/site-packages/airflow/example_dags/example_branch_operator_decorator.py took 0.063 seconds
[2024-04-04 20:46:40,829] {processor.py:153} INFO - Started process (PID=574439) to work on /home/dimitri/dimitri/airflowalura/venv/lib/python3.10/site-packages/airflow/example_dags/example_branch_operator_decorator.py
[2024-04-04 20:46:40,832] {processor.py:641} INFO - Processing file /home/dimitri/dimitri/airflowalura/venv/lib/python3.10/site-packages/airflow/example_dags/example_branch_operator_decorator.py for tasks to queue
[2024-04-04 20:46:40,833] {logging_mixin.py:115} INFO - [2024-04-04 20:46:40,832] {dagbag.py:507} INFO - Filling up the DagBag from /home/dimitri/dimitri/airflowalura/venv/lib/python3.10/site-packages/airflow/example_dags/example_branch_operator_decorator.py
[2024-04-04 20:46:40,848] {processor.py:651} INFO - DAG(s) dict_keys(['example_branch_python_operator_decorator']) retrieved from /home/dimitri/dimitri/airflowalura/venv/lib/python3.10/site-packages/airflow/example_dags/example_branch_operator_decorator.py
[2024-04-04 20:46:40,858] {logging_mixin.py:115} INFO - [2024-04-04 20:46:40,858] {dag.py:2379} INFO - Sync 1 DAGs
[2024-04-04 20:46:40,869] {logging_mixin.py:115} INFO - [2024-04-04 20:46:40,869] {dag.py:2927} INFO - Setting next_dagrun for example_branch_python_operator_decorator to 2024-04-03T00:00:00+00:00, run_after=2024-04-04T00:00:00+00:00
[2024-04-04 20:46:40,886] {processor.py:161} INFO - Processing /home/dimitri/dimitri/airflowalura/venv/lib/python3.10/site-packages/airflow/example_dags/example_branch_operator_decorator.py took 0.059 seconds
[2024-04-04 20:47:12,922] {processor.py:153} INFO - Started process (PID=574579) to work on /home/dimitri/dimitri/airflowalura/venv/lib/python3.10/site-packages/airflow/example_dags/example_branch_operator_decorator.py
[2024-04-04 20:47:12,925] {processor.py:641} INFO - Processing file /home/dimitri/dimitri/airflowalura/venv/lib/python3.10/site-packages/airflow/example_dags/example_branch_operator_decorator.py for tasks to queue
[2024-04-04 20:47:12,926] {logging_mixin.py:115} INFO - [2024-04-04 20:47:12,926] {dagbag.py:507} INFO - Filling up the DagBag from /home/dimitri/dimitri/airflowalura/venv/lib/python3.10/site-packages/airflow/example_dags/example_branch_operator_decorator.py
[2024-04-04 20:47:12,940] {processor.py:651} INFO - DAG(s) dict_keys(['example_branch_python_operator_decorator']) retrieved from /home/dimitri/dimitri/airflowalura/venv/lib/python3.10/site-packages/airflow/example_dags/example_branch_operator_decorator.py
[2024-04-04 20:47:12,953] {logging_mixin.py:115} INFO - [2024-04-04 20:47:12,953] {dag.py:2379} INFO - Sync 1 DAGs
[2024-04-04 20:47:12,967] {logging_mixin.py:115} INFO - [2024-04-04 20:47:12,967] {dag.py:2927} INFO - Setting next_dagrun for example_branch_python_operator_decorator to 2024-04-03T00:00:00+00:00, run_after=2024-04-04T00:00:00+00:00
[2024-04-04 20:47:12,985] {processor.py:161} INFO - Processing /home/dimitri/dimitri/airflowalura/venv/lib/python3.10/site-packages/airflow/example_dags/example_branch_operator_decorator.py took 0.065 seconds
[2024-04-04 20:47:47,784] {processor.py:153} INFO - Started process (PID=574713) to work on /home/dimitri/dimitri/airflowalura/venv/lib/python3.10/site-packages/airflow/example_dags/example_branch_operator_decorator.py
[2024-04-04 20:47:47,786] {processor.py:641} INFO - Processing file /home/dimitri/dimitri/airflowalura/venv/lib/python3.10/site-packages/airflow/example_dags/example_branch_operator_decorator.py for tasks to queue
[2024-04-04 20:47:47,786] {logging_mixin.py:115} INFO - [2024-04-04 20:47:47,786] {dagbag.py:507} INFO - Filling up the DagBag from /home/dimitri/dimitri/airflowalura/venv/lib/python3.10/site-packages/airflow/example_dags/example_branch_operator_decorator.py
[2024-04-04 20:47:47,799] {processor.py:651} INFO - DAG(s) dict_keys(['example_branch_python_operator_decorator']) retrieved from /home/dimitri/dimitri/airflowalura/venv/lib/python3.10/site-packages/airflow/example_dags/example_branch_operator_decorator.py
[2024-04-04 20:47:47,809] {logging_mixin.py:115} INFO - [2024-04-04 20:47:47,809] {dag.py:2379} INFO - Sync 1 DAGs
[2024-04-04 20:47:47,820] {logging_mixin.py:115} INFO - [2024-04-04 20:47:47,820] {dag.py:2927} INFO - Setting next_dagrun for example_branch_python_operator_decorator to 2024-04-03T00:00:00+00:00, run_after=2024-04-04T00:00:00+00:00
[2024-04-04 20:47:47,837] {processor.py:161} INFO - Processing /home/dimitri/dimitri/airflowalura/venv/lib/python3.10/site-packages/airflow/example_dags/example_branch_operator_decorator.py took 0.054 seconds
[2024-04-04 20:48:23,237] {processor.py:153} INFO - Started process (PID=574854) to work on /home/dimitri/dimitri/airflowalura/venv/lib/python3.10/site-packages/airflow/example_dags/example_branch_operator_decorator.py
[2024-04-04 20:48:23,238] {processor.py:641} INFO - Processing file /home/dimitri/dimitri/airflowalura/venv/lib/python3.10/site-packages/airflow/example_dags/example_branch_operator_decorator.py for tasks to queue
[2024-04-04 20:48:23,238] {logging_mixin.py:115} INFO - [2024-04-04 20:48:23,238] {dagbag.py:507} INFO - Filling up the DagBag from /home/dimitri/dimitri/airflowalura/venv/lib/python3.10/site-packages/airflow/example_dags/example_branch_operator_decorator.py
[2024-04-04 20:48:23,251] {processor.py:651} INFO - DAG(s) dict_keys(['example_branch_python_operator_decorator']) retrieved from /home/dimitri/dimitri/airflowalura/venv/lib/python3.10/site-packages/airflow/example_dags/example_branch_operator_decorator.py
[2024-04-04 20:48:23,261] {logging_mixin.py:115} INFO - [2024-04-04 20:48:23,261] {dag.py:2379} INFO - Sync 1 DAGs
[2024-04-04 20:48:23,276] {logging_mixin.py:115} INFO - [2024-04-04 20:48:23,276] {dag.py:2927} INFO - Setting next_dagrun for example_branch_python_operator_decorator to 2024-04-03T00:00:00+00:00, run_after=2024-04-04T00:00:00+00:00
[2024-04-04 20:48:23,294] {processor.py:161} INFO - Processing /home/dimitri/dimitri/airflowalura/venv/lib/python3.10/site-packages/airflow/example_dags/example_branch_operator_decorator.py took 0.059 seconds
[2024-04-04 20:48:59,906] {processor.py:153} INFO - Started process (PID=575002) to work on /home/dimitri/dimitri/airflowalura/venv/lib/python3.10/site-packages/airflow/example_dags/example_branch_operator_decorator.py
[2024-04-04 20:48:59,908] {processor.py:641} INFO - Processing file /home/dimitri/dimitri/airflowalura/venv/lib/python3.10/site-packages/airflow/example_dags/example_branch_operator_decorator.py for tasks to queue
[2024-04-04 20:48:59,909] {logging_mixin.py:115} INFO - [2024-04-04 20:48:59,909] {dagbag.py:507} INFO - Filling up the DagBag from /home/dimitri/dimitri/airflowalura/venv/lib/python3.10/site-packages/airflow/example_dags/example_branch_operator_decorator.py
[2024-04-04 20:48:59,922] {processor.py:651} INFO - DAG(s) dict_keys(['example_branch_python_operator_decorator']) retrieved from /home/dimitri/dimitri/airflowalura/venv/lib/python3.10/site-packages/airflow/example_dags/example_branch_operator_decorator.py
[2024-04-04 20:48:59,932] {logging_mixin.py:115} INFO - [2024-04-04 20:48:59,932] {dag.py:2379} INFO - Sync 1 DAGs
[2024-04-04 20:48:59,943] {logging_mixin.py:115} INFO - [2024-04-04 20:48:59,943] {dag.py:2927} INFO - Setting next_dagrun for example_branch_python_operator_decorator to 2024-04-03T00:00:00+00:00, run_after=2024-04-04T00:00:00+00:00
[2024-04-04 20:48:59,958] {processor.py:161} INFO - Processing /home/dimitri/dimitri/airflowalura/venv/lib/python3.10/site-packages/airflow/example_dags/example_branch_operator_decorator.py took 0.055 seconds
[2024-04-04 20:49:33,105] {processor.py:153} INFO - Started process (PID=575133) to work on /home/dimitri/dimitri/airflowalura/venv/lib/python3.10/site-packages/airflow/example_dags/example_branch_operator_decorator.py
[2024-04-04 20:49:33,107] {processor.py:641} INFO - Processing file /home/dimitri/dimitri/airflowalura/venv/lib/python3.10/site-packages/airflow/example_dags/example_branch_operator_decorator.py for tasks to queue
[2024-04-04 20:49:33,108] {logging_mixin.py:115} INFO - [2024-04-04 20:49:33,108] {dagbag.py:507} INFO - Filling up the DagBag from /home/dimitri/dimitri/airflowalura/venv/lib/python3.10/site-packages/airflow/example_dags/example_branch_operator_decorator.py
[2024-04-04 20:49:33,122] {processor.py:651} INFO - DAG(s) dict_keys(['example_branch_python_operator_decorator']) retrieved from /home/dimitri/dimitri/airflowalura/venv/lib/python3.10/site-packages/airflow/example_dags/example_branch_operator_decorator.py
[2024-04-04 20:49:33,132] {logging_mixin.py:115} INFO - [2024-04-04 20:49:33,132] {dag.py:2379} INFO - Sync 1 DAGs
[2024-04-04 20:49:33,142] {logging_mixin.py:115} INFO - [2024-04-04 20:49:33,142] {dag.py:2927} INFO - Setting next_dagrun for example_branch_python_operator_decorator to 2024-04-03T00:00:00+00:00, run_after=2024-04-04T00:00:00+00:00
[2024-04-04 20:49:33,157] {processor.py:161} INFO - Processing /home/dimitri/dimitri/airflowalura/venv/lib/python3.10/site-packages/airflow/example_dags/example_branch_operator_decorator.py took 0.055 seconds
[2024-04-04 20:50:06,268] {processor.py:153} INFO - Started process (PID=575267) to work on /home/dimitri/dimitri/airflowalura/venv/lib/python3.10/site-packages/airflow/example_dags/example_branch_operator_decorator.py
[2024-04-04 20:50:06,269] {processor.py:641} INFO - Processing file /home/dimitri/dimitri/airflowalura/venv/lib/python3.10/site-packages/airflow/example_dags/example_branch_operator_decorator.py for tasks to queue
[2024-04-04 20:50:06,270] {logging_mixin.py:115} INFO - [2024-04-04 20:50:06,270] {dagbag.py:507} INFO - Filling up the DagBag from /home/dimitri/dimitri/airflowalura/venv/lib/python3.10/site-packages/airflow/example_dags/example_branch_operator_decorator.py
[2024-04-04 20:50:06,283] {processor.py:651} INFO - DAG(s) dict_keys(['example_branch_python_operator_decorator']) retrieved from /home/dimitri/dimitri/airflowalura/venv/lib/python3.10/site-packages/airflow/example_dags/example_branch_operator_decorator.py
[2024-04-04 20:50:06,293] {logging_mixin.py:115} INFO - [2024-04-04 20:50:06,293] {dag.py:2379} INFO - Sync 1 DAGs
[2024-04-04 20:50:06,304] {logging_mixin.py:115} INFO - [2024-04-04 20:50:06,304] {dag.py:2927} INFO - Setting next_dagrun for example_branch_python_operator_decorator to 2024-04-03T00:00:00+00:00, run_after=2024-04-04T00:00:00+00:00
[2024-04-04 20:50:06,320] {processor.py:161} INFO - Processing /home/dimitri/dimitri/airflowalura/venv/lib/python3.10/site-packages/airflow/example_dags/example_branch_operator_decorator.py took 0.054 seconds
[2024-04-04 20:50:42,888] {processor.py:153} INFO - Started process (PID=575407) to work on /home/dimitri/dimitri/airflowalura/venv/lib/python3.10/site-packages/airflow/example_dags/example_branch_operator_decorator.py
[2024-04-04 20:50:42,890] {processor.py:641} INFO - Processing file /home/dimitri/dimitri/airflowalura/venv/lib/python3.10/site-packages/airflow/example_dags/example_branch_operator_decorator.py for tasks to queue
[2024-04-04 20:50:42,890] {logging_mixin.py:115} INFO - [2024-04-04 20:50:42,890] {dagbag.py:507} INFO - Filling up the DagBag from /home/dimitri/dimitri/airflowalura/venv/lib/python3.10/site-packages/airflow/example_dags/example_branch_operator_decorator.py
[2024-04-04 20:50:42,904] {processor.py:651} INFO - DAG(s) dict_keys(['example_branch_python_operator_decorator']) retrieved from /home/dimitri/dimitri/airflowalura/venv/lib/python3.10/site-packages/airflow/example_dags/example_branch_operator_decorator.py
[2024-04-04 20:50:42,913] {logging_mixin.py:115} INFO - [2024-04-04 20:50:42,913] {dag.py:2379} INFO - Sync 1 DAGs
[2024-04-04 20:50:42,924] {logging_mixin.py:115} INFO - [2024-04-04 20:50:42,924] {dag.py:2927} INFO - Setting next_dagrun for example_branch_python_operator_decorator to 2024-04-03T00:00:00+00:00, run_after=2024-04-04T00:00:00+00:00
[2024-04-04 20:50:42,940] {processor.py:161} INFO - Processing /home/dimitri/dimitri/airflowalura/venv/lib/python3.10/site-packages/airflow/example_dags/example_branch_operator_decorator.py took 0.055 seconds
[2024-04-04 20:51:17,224] {processor.py:153} INFO - Started process (PID=575544) to work on /home/dimitri/dimitri/airflowalura/venv/lib/python3.10/site-packages/airflow/example_dags/example_branch_operator_decorator.py
[2024-04-04 20:51:17,226] {processor.py:641} INFO - Processing file /home/dimitri/dimitri/airflowalura/venv/lib/python3.10/site-packages/airflow/example_dags/example_branch_operator_decorator.py for tasks to queue
[2024-04-04 20:51:17,227] {logging_mixin.py:115} INFO - [2024-04-04 20:51:17,227] {dagbag.py:507} INFO - Filling up the DagBag from /home/dimitri/dimitri/airflowalura/venv/lib/python3.10/site-packages/airflow/example_dags/example_branch_operator_decorator.py
[2024-04-04 20:51:17,241] {processor.py:651} INFO - DAG(s) dict_keys(['example_branch_python_operator_decorator']) retrieved from /home/dimitri/dimitri/airflowalura/venv/lib/python3.10/site-packages/airflow/example_dags/example_branch_operator_decorator.py
[2024-04-04 20:51:17,250] {logging_mixin.py:115} INFO - [2024-04-04 20:51:17,250] {dag.py:2379} INFO - Sync 1 DAGs
[2024-04-04 20:51:17,262] {logging_mixin.py:115} INFO - [2024-04-04 20:51:17,262] {dag.py:2927} INFO - Setting next_dagrun for example_branch_python_operator_decorator to 2024-04-03T00:00:00+00:00, run_after=2024-04-04T00:00:00+00:00
[2024-04-04 20:51:17,277] {processor.py:161} INFO - Processing /home/dimitri/dimitri/airflowalura/venv/lib/python3.10/site-packages/airflow/example_dags/example_branch_operator_decorator.py took 0.055 seconds
[2024-04-04 20:51:54,834] {processor.py:153} INFO - Started process (PID=575689) to work on /home/dimitri/dimitri/airflowalura/venv/lib/python3.10/site-packages/airflow/example_dags/example_branch_operator_decorator.py
[2024-04-04 20:51:54,837] {processor.py:641} INFO - Processing file /home/dimitri/dimitri/airflowalura/venv/lib/python3.10/site-packages/airflow/example_dags/example_branch_operator_decorator.py for tasks to queue
[2024-04-04 20:51:54,838] {logging_mixin.py:115} INFO - [2024-04-04 20:51:54,838] {dagbag.py:507} INFO - Filling up the DagBag from /home/dimitri/dimitri/airflowalura/venv/lib/python3.10/site-packages/airflow/example_dags/example_branch_operator_decorator.py
[2024-04-04 20:51:54,856] {processor.py:651} INFO - DAG(s) dict_keys(['example_branch_python_operator_decorator']) retrieved from /home/dimitri/dimitri/airflowalura/venv/lib/python3.10/site-packages/airflow/example_dags/example_branch_operator_decorator.py
[2024-04-04 20:51:54,869] {logging_mixin.py:115} INFO - [2024-04-04 20:51:54,869] {dag.py:2379} INFO - Sync 1 DAGs
[2024-04-04 20:51:54,892] {logging_mixin.py:115} INFO - [2024-04-04 20:51:54,892] {dag.py:2927} INFO - Setting next_dagrun for example_branch_python_operator_decorator to 2024-04-03T00:00:00+00:00, run_after=2024-04-04T00:00:00+00:00
[2024-04-04 20:51:54,915] {processor.py:161} INFO - Processing /home/dimitri/dimitri/airflowalura/venv/lib/python3.10/site-packages/airflow/example_dags/example_branch_operator_decorator.py took 0.084 seconds
[2024-04-04 20:52:30,518] {processor.py:153} INFO - Started process (PID=575827) to work on /home/dimitri/dimitri/airflowalura/venv/lib/python3.10/site-packages/airflow/example_dags/example_branch_operator_decorator.py
[2024-04-04 20:52:30,519] {processor.py:641} INFO - Processing file /home/dimitri/dimitri/airflowalura/venv/lib/python3.10/site-packages/airflow/example_dags/example_branch_operator_decorator.py for tasks to queue
[2024-04-04 20:52:30,520] {logging_mixin.py:115} INFO - [2024-04-04 20:52:30,520] {dagbag.py:507} INFO - Filling up the DagBag from /home/dimitri/dimitri/airflowalura/venv/lib/python3.10/site-packages/airflow/example_dags/example_branch_operator_decorator.py
[2024-04-04 20:52:30,533] {processor.py:651} INFO - DAG(s) dict_keys(['example_branch_python_operator_decorator']) retrieved from /home/dimitri/dimitri/airflowalura/venv/lib/python3.10/site-packages/airflow/example_dags/example_branch_operator_decorator.py
[2024-04-04 20:52:30,541] {logging_mixin.py:115} INFO - [2024-04-04 20:52:30,541] {dag.py:2379} INFO - Sync 1 DAGs
[2024-04-04 20:52:30,554] {logging_mixin.py:115} INFO - [2024-04-04 20:52:30,553] {dag.py:2927} INFO - Setting next_dagrun for example_branch_python_operator_decorator to 2024-04-03T00:00:00+00:00, run_after=2024-04-04T00:00:00+00:00
[2024-04-04 20:52:30,569] {processor.py:161} INFO - Processing /home/dimitri/dimitri/airflowalura/venv/lib/python3.10/site-packages/airflow/example_dags/example_branch_operator_decorator.py took 0.053 seconds
[2024-04-04 20:53:10,088] {processor.py:153} INFO - Started process (PID=575981) to work on /home/dimitri/dimitri/airflowalura/venv/lib/python3.10/site-packages/airflow/example_dags/example_branch_operator_decorator.py
[2024-04-04 20:53:10,091] {processor.py:641} INFO - Processing file /home/dimitri/dimitri/airflowalura/venv/lib/python3.10/site-packages/airflow/example_dags/example_branch_operator_decorator.py for tasks to queue
[2024-04-04 20:53:10,091] {logging_mixin.py:115} INFO - [2024-04-04 20:53:10,091] {dagbag.py:507} INFO - Filling up the DagBag from /home/dimitri/dimitri/airflowalura/venv/lib/python3.10/site-packages/airflow/example_dags/example_branch_operator_decorator.py
[2024-04-04 20:53:10,104] {processor.py:651} INFO - DAG(s) dict_keys(['example_branch_python_operator_decorator']) retrieved from /home/dimitri/dimitri/airflowalura/venv/lib/python3.10/site-packages/airflow/example_dags/example_branch_operator_decorator.py
[2024-04-04 20:53:10,113] {logging_mixin.py:115} INFO - [2024-04-04 20:53:10,113] {dag.py:2379} INFO - Sync 1 DAGs
[2024-04-04 20:53:10,122] {logging_mixin.py:115} INFO - [2024-04-04 20:53:10,122] {dag.py:2927} INFO - Setting next_dagrun for example_branch_python_operator_decorator to 2024-04-03T00:00:00+00:00, run_after=2024-04-04T00:00:00+00:00
[2024-04-04 20:53:10,139] {processor.py:161} INFO - Processing /home/dimitri/dimitri/airflowalura/venv/lib/python3.10/site-packages/airflow/example_dags/example_branch_operator_decorator.py took 0.056 seconds
[2024-04-04 20:53:48,012] {processor.py:153} INFO - Started process (PID=576126) to work on /home/dimitri/dimitri/airflowalura/venv/lib/python3.10/site-packages/airflow/example_dags/example_branch_operator_decorator.py
[2024-04-04 20:53:48,014] {processor.py:641} INFO - Processing file /home/dimitri/dimitri/airflowalura/venv/lib/python3.10/site-packages/airflow/example_dags/example_branch_operator_decorator.py for tasks to queue
[2024-04-04 20:53:48,015] {logging_mixin.py:115} INFO - [2024-04-04 20:53:48,015] {dagbag.py:507} INFO - Filling up the DagBag from /home/dimitri/dimitri/airflowalura/venv/lib/python3.10/site-packages/airflow/example_dags/example_branch_operator_decorator.py
[2024-04-04 20:53:48,029] {processor.py:651} INFO - DAG(s) dict_keys(['example_branch_python_operator_decorator']) retrieved from /home/dimitri/dimitri/airflowalura/venv/lib/python3.10/site-packages/airflow/example_dags/example_branch_operator_decorator.py
[2024-04-04 20:53:48,039] {logging_mixin.py:115} INFO - [2024-04-04 20:53:48,039] {dag.py:2379} INFO - Sync 1 DAGs
[2024-04-04 20:53:48,049] {logging_mixin.py:115} INFO - [2024-04-04 20:53:48,049] {dag.py:2927} INFO - Setting next_dagrun for example_branch_python_operator_decorator to 2024-04-03T00:00:00+00:00, run_after=2024-04-04T00:00:00+00:00
[2024-04-04 20:53:48,067] {processor.py:161} INFO - Processing /home/dimitri/dimitri/airflowalura/venv/lib/python3.10/site-packages/airflow/example_dags/example_branch_operator_decorator.py took 0.058 seconds
[2024-04-04 20:54:22,936] {processor.py:153} INFO - Started process (PID=576266) to work on /home/dimitri/dimitri/airflowalura/venv/lib/python3.10/site-packages/airflow/example_dags/example_branch_operator_decorator.py
[2024-04-04 20:54:22,937] {processor.py:641} INFO - Processing file /home/dimitri/dimitri/airflowalura/venv/lib/python3.10/site-packages/airflow/example_dags/example_branch_operator_decorator.py for tasks to queue
[2024-04-04 20:54:22,938] {logging_mixin.py:115} INFO - [2024-04-04 20:54:22,937] {dagbag.py:507} INFO - Filling up the DagBag from /home/dimitri/dimitri/airflowalura/venv/lib/python3.10/site-packages/airflow/example_dags/example_branch_operator_decorator.py
[2024-04-04 20:54:22,951] {processor.py:651} INFO - DAG(s) dict_keys(['example_branch_python_operator_decorator']) retrieved from /home/dimitri/dimitri/airflowalura/venv/lib/python3.10/site-packages/airflow/example_dags/example_branch_operator_decorator.py
[2024-04-04 20:54:22,964] {logging_mixin.py:115} INFO - [2024-04-04 20:54:22,964] {dag.py:2379} INFO - Sync 1 DAGs
[2024-04-04 20:54:22,975] {logging_mixin.py:115} INFO - [2024-04-04 20:54:22,975] {dag.py:2927} INFO - Setting next_dagrun for example_branch_python_operator_decorator to 2024-04-03T00:00:00+00:00, run_after=2024-04-04T00:00:00+00:00
[2024-04-04 20:54:22,992] {processor.py:161} INFO - Processing /home/dimitri/dimitri/airflowalura/venv/lib/python3.10/site-packages/airflow/example_dags/example_branch_operator_decorator.py took 0.057 seconds
[2024-04-04 20:54:58,096] {processor.py:153} INFO - Started process (PID=576404) to work on /home/dimitri/dimitri/airflowalura/venv/lib/python3.10/site-packages/airflow/example_dags/example_branch_operator_decorator.py
[2024-04-04 20:54:58,099] {processor.py:641} INFO - Processing file /home/dimitri/dimitri/airflowalura/venv/lib/python3.10/site-packages/airflow/example_dags/example_branch_operator_decorator.py for tasks to queue
[2024-04-04 20:54:58,100] {logging_mixin.py:115} INFO - [2024-04-04 20:54:58,100] {dagbag.py:507} INFO - Filling up the DagBag from /home/dimitri/dimitri/airflowalura/venv/lib/python3.10/site-packages/airflow/example_dags/example_branch_operator_decorator.py
[2024-04-04 20:54:58,113] {processor.py:651} INFO - DAG(s) dict_keys(['example_branch_python_operator_decorator']) retrieved from /home/dimitri/dimitri/airflowalura/venv/lib/python3.10/site-packages/airflow/example_dags/example_branch_operator_decorator.py
[2024-04-04 20:54:58,123] {logging_mixin.py:115} INFO - [2024-04-04 20:54:58,123] {dag.py:2379} INFO - Sync 1 DAGs
[2024-04-04 20:54:58,134] {logging_mixin.py:115} INFO - [2024-04-04 20:54:58,134] {dag.py:2927} INFO - Setting next_dagrun for example_branch_python_operator_decorator to 2024-04-03T00:00:00+00:00, run_after=2024-04-04T00:00:00+00:00
[2024-04-04 20:54:58,151] {processor.py:161} INFO - Processing /home/dimitri/dimitri/airflowalura/venv/lib/python3.10/site-packages/airflow/example_dags/example_branch_operator_decorator.py took 0.058 seconds
[2024-04-04 20:55:34,294] {processor.py:153} INFO - Started process (PID=576544) to work on /home/dimitri/dimitri/airflowalura/venv/lib/python3.10/site-packages/airflow/example_dags/example_branch_operator_decorator.py
[2024-04-04 20:55:34,295] {processor.py:641} INFO - Processing file /home/dimitri/dimitri/airflowalura/venv/lib/python3.10/site-packages/airflow/example_dags/example_branch_operator_decorator.py for tasks to queue
[2024-04-04 20:55:34,295] {logging_mixin.py:115} INFO - [2024-04-04 20:55:34,295] {dagbag.py:507} INFO - Filling up the DagBag from /home/dimitri/dimitri/airflowalura/venv/lib/python3.10/site-packages/airflow/example_dags/example_branch_operator_decorator.py
[2024-04-04 20:55:34,307] {processor.py:651} INFO - DAG(s) dict_keys(['example_branch_python_operator_decorator']) retrieved from /home/dimitri/dimitri/airflowalura/venv/lib/python3.10/site-packages/airflow/example_dags/example_branch_operator_decorator.py
[2024-04-04 20:55:34,316] {logging_mixin.py:115} INFO - [2024-04-04 20:55:34,316] {dag.py:2379} INFO - Sync 1 DAGs
[2024-04-04 20:55:34,326] {logging_mixin.py:115} INFO - [2024-04-04 20:55:34,326] {dag.py:2927} INFO - Setting next_dagrun for example_branch_python_operator_decorator to 2024-04-03T00:00:00+00:00, run_after=2024-04-04T00:00:00+00:00
[2024-04-04 20:55:34,343] {processor.py:161} INFO - Processing /home/dimitri/dimitri/airflowalura/venv/lib/python3.10/site-packages/airflow/example_dags/example_branch_operator_decorator.py took 0.052 seconds
[2024-04-04 20:56:11,320] {processor.py:153} INFO - Started process (PID=576689) to work on /home/dimitri/dimitri/airflowalura/venv/lib/python3.10/site-packages/airflow/example_dags/example_branch_operator_decorator.py
[2024-04-04 20:56:11,323] {processor.py:641} INFO - Processing file /home/dimitri/dimitri/airflowalura/venv/lib/python3.10/site-packages/airflow/example_dags/example_branch_operator_decorator.py for tasks to queue
[2024-04-04 20:56:11,323] {logging_mixin.py:115} INFO - [2024-04-04 20:56:11,323] {dagbag.py:507} INFO - Filling up the DagBag from /home/dimitri/dimitri/airflowalura/venv/lib/python3.10/site-packages/airflow/example_dags/example_branch_operator_decorator.py
[2024-04-04 20:56:11,339] {processor.py:651} INFO - DAG(s) dict_keys(['example_branch_python_operator_decorator']) retrieved from /home/dimitri/dimitri/airflowalura/venv/lib/python3.10/site-packages/airflow/example_dags/example_branch_operator_decorator.py
[2024-04-04 20:56:11,348] {logging_mixin.py:115} INFO - [2024-04-04 20:56:11,347] {dag.py:2379} INFO - Sync 1 DAGs
[2024-04-04 20:56:11,359] {logging_mixin.py:115} INFO - [2024-04-04 20:56:11,359] {dag.py:2927} INFO - Setting next_dagrun for example_branch_python_operator_decorator to 2024-04-03T00:00:00+00:00, run_after=2024-04-04T00:00:00+00:00
[2024-04-04 20:56:11,376] {processor.py:161} INFO - Processing /home/dimitri/dimitri/airflowalura/venv/lib/python3.10/site-packages/airflow/example_dags/example_branch_operator_decorator.py took 0.058 seconds
[2024-04-04 20:56:47,417] {processor.py:153} INFO - Started process (PID=576827) to work on /home/dimitri/dimitri/airflowalura/venv/lib/python3.10/site-packages/airflow/example_dags/example_branch_operator_decorator.py
[2024-04-04 20:56:47,418] {processor.py:641} INFO - Processing file /home/dimitri/dimitri/airflowalura/venv/lib/python3.10/site-packages/airflow/example_dags/example_branch_operator_decorator.py for tasks to queue
[2024-04-04 20:56:47,418] {logging_mixin.py:115} INFO - [2024-04-04 20:56:47,418] {dagbag.py:507} INFO - Filling up the DagBag from /home/dimitri/dimitri/airflowalura/venv/lib/python3.10/site-packages/airflow/example_dags/example_branch_operator_decorator.py
[2024-04-04 20:56:47,431] {processor.py:651} INFO - DAG(s) dict_keys(['example_branch_python_operator_decorator']) retrieved from /home/dimitri/dimitri/airflowalura/venv/lib/python3.10/site-packages/airflow/example_dags/example_branch_operator_decorator.py
[2024-04-04 20:56:47,440] {logging_mixin.py:115} INFO - [2024-04-04 20:56:47,440] {dag.py:2379} INFO - Sync 1 DAGs
[2024-04-04 20:56:47,451] {logging_mixin.py:115} INFO - [2024-04-04 20:56:47,451] {dag.py:2927} INFO - Setting next_dagrun for example_branch_python_operator_decorator to 2024-04-03T00:00:00+00:00, run_after=2024-04-04T00:00:00+00:00
[2024-04-04 20:56:47,466] {processor.py:161} INFO - Processing /home/dimitri/dimitri/airflowalura/venv/lib/python3.10/site-packages/airflow/example_dags/example_branch_operator_decorator.py took 0.052 seconds
[2024-04-04 20:57:22,167] {processor.py:153} INFO - Started process (PID=576967) to work on /home/dimitri/dimitri/airflowalura/venv/lib/python3.10/site-packages/airflow/example_dags/example_branch_operator_decorator.py
[2024-04-04 20:57:22,168] {processor.py:641} INFO - Processing file /home/dimitri/dimitri/airflowalura/venv/lib/python3.10/site-packages/airflow/example_dags/example_branch_operator_decorator.py for tasks to queue
[2024-04-04 20:57:22,169] {logging_mixin.py:115} INFO - [2024-04-04 20:57:22,169] {dagbag.py:507} INFO - Filling up the DagBag from /home/dimitri/dimitri/airflowalura/venv/lib/python3.10/site-packages/airflow/example_dags/example_branch_operator_decorator.py
[2024-04-04 20:57:22,181] {processor.py:651} INFO - DAG(s) dict_keys(['example_branch_python_operator_decorator']) retrieved from /home/dimitri/dimitri/airflowalura/venv/lib/python3.10/site-packages/airflow/example_dags/example_branch_operator_decorator.py
[2024-04-04 20:57:22,192] {logging_mixin.py:115} INFO - [2024-04-04 20:57:22,191] {dag.py:2379} INFO - Sync 1 DAGs
[2024-04-04 20:57:22,202] {logging_mixin.py:115} INFO - [2024-04-04 20:57:22,202] {dag.py:2927} INFO - Setting next_dagrun for example_branch_python_operator_decorator to 2024-04-03T00:00:00+00:00, run_after=2024-04-04T00:00:00+00:00
[2024-04-04 20:57:22,218] {processor.py:161} INFO - Processing /home/dimitri/dimitri/airflowalura/venv/lib/python3.10/site-packages/airflow/example_dags/example_branch_operator_decorator.py took 0.053 seconds
[2024-04-04 20:57:58,471] {processor.py:153} INFO - Started process (PID=577106) to work on /home/dimitri/dimitri/airflowalura/venv/lib/python3.10/site-packages/airflow/example_dags/example_branch_operator_decorator.py
[2024-04-04 20:57:58,473] {processor.py:641} INFO - Processing file /home/dimitri/dimitri/airflowalura/venv/lib/python3.10/site-packages/airflow/example_dags/example_branch_operator_decorator.py for tasks to queue
[2024-04-04 20:57:58,473] {logging_mixin.py:115} INFO - [2024-04-04 20:57:58,473] {dagbag.py:507} INFO - Filling up the DagBag from /home/dimitri/dimitri/airflowalura/venv/lib/python3.10/site-packages/airflow/example_dags/example_branch_operator_decorator.py
[2024-04-04 20:57:58,488] {processor.py:651} INFO - DAG(s) dict_keys(['example_branch_python_operator_decorator']) retrieved from /home/dimitri/dimitri/airflowalura/venv/lib/python3.10/site-packages/airflow/example_dags/example_branch_operator_decorator.py
[2024-04-04 20:57:58,499] {logging_mixin.py:115} INFO - [2024-04-04 20:57:58,498] {dag.py:2379} INFO - Sync 1 DAGs
[2024-04-04 20:57:58,508] {logging_mixin.py:115} INFO - [2024-04-04 20:57:58,508] {dag.py:2927} INFO - Setting next_dagrun for example_branch_python_operator_decorator to 2024-04-03T00:00:00+00:00, run_after=2024-04-04T00:00:00+00:00
[2024-04-04 20:57:58,525] {processor.py:161} INFO - Processing /home/dimitri/dimitri/airflowalura/venv/lib/python3.10/site-packages/airflow/example_dags/example_branch_operator_decorator.py took 0.057 seconds
[2024-04-04 20:58:34,400] {processor.py:153} INFO - Started process (PID=577250) to work on /home/dimitri/dimitri/airflowalura/venv/lib/python3.10/site-packages/airflow/example_dags/example_branch_operator_decorator.py
[2024-04-04 20:58:34,403] {processor.py:641} INFO - Processing file /home/dimitri/dimitri/airflowalura/venv/lib/python3.10/site-packages/airflow/example_dags/example_branch_operator_decorator.py for tasks to queue
[2024-04-04 20:58:34,403] {logging_mixin.py:115} INFO - [2024-04-04 20:58:34,403] {dagbag.py:507} INFO - Filling up the DagBag from /home/dimitri/dimitri/airflowalura/venv/lib/python3.10/site-packages/airflow/example_dags/example_branch_operator_decorator.py
[2024-04-04 20:58:34,416] {processor.py:651} INFO - DAG(s) dict_keys(['example_branch_python_operator_decorator']) retrieved from /home/dimitri/dimitri/airflowalura/venv/lib/python3.10/site-packages/airflow/example_dags/example_branch_operator_decorator.py
[2024-04-04 20:58:34,426] {logging_mixin.py:115} INFO - [2024-04-04 20:58:34,426] {dag.py:2379} INFO - Sync 1 DAGs
[2024-04-04 20:58:34,436] {logging_mixin.py:115} INFO - [2024-04-04 20:58:34,436] {dag.py:2927} INFO - Setting next_dagrun for example_branch_python_operator_decorator to 2024-04-03T00:00:00+00:00, run_after=2024-04-04T00:00:00+00:00
[2024-04-04 20:58:34,453] {processor.py:161} INFO - Processing /home/dimitri/dimitri/airflowalura/venv/lib/python3.10/site-packages/airflow/example_dags/example_branch_operator_decorator.py took 0.055 seconds
[2024-04-04 20:59:08,332] {processor.py:153} INFO - Started process (PID=577383) to work on /home/dimitri/dimitri/airflowalura/venv/lib/python3.10/site-packages/airflow/example_dags/example_branch_operator_decorator.py
[2024-04-04 20:59:08,335] {processor.py:641} INFO - Processing file /home/dimitri/dimitri/airflowalura/venv/lib/python3.10/site-packages/airflow/example_dags/example_branch_operator_decorator.py for tasks to queue
[2024-04-04 20:59:08,335] {logging_mixin.py:115} INFO - [2024-04-04 20:59:08,335] {dagbag.py:507} INFO - Filling up the DagBag from /home/dimitri/dimitri/airflowalura/venv/lib/python3.10/site-packages/airflow/example_dags/example_branch_operator_decorator.py
[2024-04-04 20:59:08,348] {processor.py:651} INFO - DAG(s) dict_keys(['example_branch_python_operator_decorator']) retrieved from /home/dimitri/dimitri/airflowalura/venv/lib/python3.10/site-packages/airflow/example_dags/example_branch_operator_decorator.py
[2024-04-04 20:59:08,359] {logging_mixin.py:115} INFO - [2024-04-04 20:59:08,359] {dag.py:2379} INFO - Sync 1 DAGs
[2024-04-04 20:59:08,370] {logging_mixin.py:115} INFO - [2024-04-04 20:59:08,370] {dag.py:2927} INFO - Setting next_dagrun for example_branch_python_operator_decorator to 2024-04-03T00:00:00+00:00, run_after=2024-04-04T00:00:00+00:00
[2024-04-04 20:59:08,388] {processor.py:161} INFO - Processing /home/dimitri/dimitri/airflowalura/venv/lib/python3.10/site-packages/airflow/example_dags/example_branch_operator_decorator.py took 0.058 seconds
[2024-04-04 20:59:41,979] {processor.py:153} INFO - Started process (PID=577515) to work on /home/dimitri/dimitri/airflowalura/venv/lib/python3.10/site-packages/airflow/example_dags/example_branch_operator_decorator.py
[2024-04-04 20:59:41,981] {processor.py:641} INFO - Processing file /home/dimitri/dimitri/airflowalura/venv/lib/python3.10/site-packages/airflow/example_dags/example_branch_operator_decorator.py for tasks to queue
[2024-04-04 20:59:41,982] {logging_mixin.py:115} INFO - [2024-04-04 20:59:41,982] {dagbag.py:507} INFO - Filling up the DagBag from /home/dimitri/dimitri/airflowalura/venv/lib/python3.10/site-packages/airflow/example_dags/example_branch_operator_decorator.py
[2024-04-04 20:59:41,997] {processor.py:651} INFO - DAG(s) dict_keys(['example_branch_python_operator_decorator']) retrieved from /home/dimitri/dimitri/airflowalura/venv/lib/python3.10/site-packages/airflow/example_dags/example_branch_operator_decorator.py
[2024-04-04 20:59:42,006] {logging_mixin.py:115} INFO - [2024-04-04 20:59:42,006] {dag.py:2379} INFO - Sync 1 DAGs
[2024-04-04 20:59:42,018] {logging_mixin.py:115} INFO - [2024-04-04 20:59:42,018] {dag.py:2927} INFO - Setting next_dagrun for example_branch_python_operator_decorator to 2024-04-03T00:00:00+00:00, run_after=2024-04-04T00:00:00+00:00
[2024-04-04 20:59:42,033] {processor.py:161} INFO - Processing /home/dimitri/dimitri/airflowalura/venv/lib/python3.10/site-packages/airflow/example_dags/example_branch_operator_decorator.py took 0.056 seconds
