[2024-04-04 20:29:02,841] {processor.py:153} INFO - Started process (PID=569877) to work on /home/dimitri/dimitri/airflowalura/venv/lib/python3.10/site-packages/airflow/example_dags/example_task_group.py
[2024-04-04 20:29:02,841] {processor.py:641} INFO - Processing file /home/dimitri/dimitri/airflowalura/venv/lib/python3.10/site-packages/airflow/example_dags/example_task_group.py for tasks to queue
[2024-04-04 20:29:02,842] {logging_mixin.py:115} INFO - [2024-04-04 20:29:02,842] {dagbag.py:507} INFO - Filling up the DagBag from /home/dimitri/dimitri/airflowalura/venv/lib/python3.10/site-packages/airflow/example_dags/example_task_group.py
[2024-04-04 20:29:02,846] {processor.py:651} INFO - DAG(s) dict_keys(['example_task_group']) retrieved from /home/dimitri/dimitri/airflowalura/venv/lib/python3.10/site-packages/airflow/example_dags/example_task_group.py
[2024-04-04 20:29:02,902] {logging_mixin.py:115} INFO - [2024-04-04 20:29:02,902] {manager.py:508} INFO - Created Permission View: can read on DAG:example_task_group
[2024-04-04 20:29:02,916] {logging_mixin.py:115} INFO - [2024-04-04 20:29:02,916] {manager.py:508} INFO - Created Permission View: can edit on DAG:example_task_group
[2024-04-04 20:29:02,931] {logging_mixin.py:115} INFO - [2024-04-04 20:29:02,931] {manager.py:508} INFO - Created Permission View: can delete on DAG:example_task_group
[2024-04-04 20:29:02,931] {logging_mixin.py:115} INFO - [2024-04-04 20:29:02,931] {dag.py:2379} INFO - Sync 1 DAGs
[2024-04-04 20:29:02,936] {logging_mixin.py:115} INFO - [2024-04-04 20:29:02,936] {dag.py:2398} INFO - Creating ORM DAG for example_task_group
[2024-04-04 20:29:02,941] {logging_mixin.py:115} INFO - [2024-04-04 20:29:02,941] {dag.py:2927} INFO - Setting next_dagrun for example_task_group to 2024-04-03T23:29:02.940931+00:00, run_after=2024-04-04T23:29:02.940931+00:00
[2024-04-04 20:29:02,959] {processor.py:161} INFO - Processing /home/dimitri/dimitri/airflowalura/venv/lib/python3.10/site-packages/airflow/example_dags/example_task_group.py took 0.122 seconds
[2024-04-04 20:29:38,062] {processor.py:153} INFO - Started process (PID=569991) to work on /home/dimitri/dimitri/airflowalura/venv/lib/python3.10/site-packages/airflow/example_dags/example_task_group.py
[2024-04-04 20:29:38,063] {processor.py:641} INFO - Processing file /home/dimitri/dimitri/airflowalura/venv/lib/python3.10/site-packages/airflow/example_dags/example_task_group.py for tasks to queue
[2024-04-04 20:29:38,064] {logging_mixin.py:115} INFO - [2024-04-04 20:29:38,064] {dagbag.py:507} INFO - Filling up the DagBag from /home/dimitri/dimitri/airflowalura/venv/lib/python3.10/site-packages/airflow/example_dags/example_task_group.py
[2024-04-04 20:29:38,069] {processor.py:651} INFO - DAG(s) dict_keys(['example_task_group']) retrieved from /home/dimitri/dimitri/airflowalura/venv/lib/python3.10/site-packages/airflow/example_dags/example_task_group.py
[2024-04-04 20:29:38,080] {logging_mixin.py:115} INFO - [2024-04-04 20:29:38,080] {dag.py:2379} INFO - Sync 1 DAGs
[2024-04-04 20:29:38,097] {logging_mixin.py:115} INFO - [2024-04-04 20:29:38,096] {dag.py:2927} INFO - Setting next_dagrun for example_task_group to 2024-04-03T23:29:38.096719+00:00, run_after=2024-04-04T23:29:38.096719+00:00
[2024-04-04 20:29:38,116] {processor.py:161} INFO - Processing /home/dimitri/dimitri/airflowalura/venv/lib/python3.10/site-packages/airflow/example_dags/example_task_group.py took 0.056 seconds
[2024-04-04 20:30:11,775] {processor.py:153} INFO - Started process (PID=570360) to work on /home/dimitri/dimitri/airflowalura/venv/lib/python3.10/site-packages/airflow/example_dags/example_task_group.py
[2024-04-04 20:30:11,778] {processor.py:641} INFO - Processing file /home/dimitri/dimitri/airflowalura/venv/lib/python3.10/site-packages/airflow/example_dags/example_task_group.py for tasks to queue
[2024-04-04 20:30:11,778] {logging_mixin.py:115} INFO - [2024-04-04 20:30:11,778] {dagbag.py:507} INFO - Filling up the DagBag from /home/dimitri/dimitri/airflowalura/venv/lib/python3.10/site-packages/airflow/example_dags/example_task_group.py
[2024-04-04 20:30:11,783] {processor.py:651} INFO - DAG(s) dict_keys(['example_task_group']) retrieved from /home/dimitri/dimitri/airflowalura/venv/lib/python3.10/site-packages/airflow/example_dags/example_task_group.py
[2024-04-04 20:30:11,793] {logging_mixin.py:115} INFO - [2024-04-04 20:30:11,793] {dag.py:2379} INFO - Sync 1 DAGs
[2024-04-04 20:30:11,804] {logging_mixin.py:115} INFO - [2024-04-04 20:30:11,804] {dag.py:2927} INFO - Setting next_dagrun for example_task_group to 2024-04-03T23:30:11.804340+00:00, run_after=2024-04-04T23:30:11.804340+00:00
[2024-04-04 20:30:11,819] {processor.py:161} INFO - Processing /home/dimitri/dimitri/airflowalura/venv/lib/python3.10/site-packages/airflow/example_dags/example_task_group.py took 0.047 seconds
[2024-04-04 20:30:43,941] {processor.py:153} INFO - Started process (PID=570490) to work on /home/dimitri/dimitri/airflowalura/venv/lib/python3.10/site-packages/airflow/example_dags/example_task_group.py
[2024-04-04 20:30:43,941] {processor.py:641} INFO - Processing file /home/dimitri/dimitri/airflowalura/venv/lib/python3.10/site-packages/airflow/example_dags/example_task_group.py for tasks to queue
[2024-04-04 20:30:43,941] {logging_mixin.py:115} INFO - [2024-04-04 20:30:43,941] {dagbag.py:507} INFO - Filling up the DagBag from /home/dimitri/dimitri/airflowalura/venv/lib/python3.10/site-packages/airflow/example_dags/example_task_group.py
[2024-04-04 20:30:43,946] {processor.py:651} INFO - DAG(s) dict_keys(['example_task_group']) retrieved from /home/dimitri/dimitri/airflowalura/venv/lib/python3.10/site-packages/airflow/example_dags/example_task_group.py
[2024-04-04 20:30:43,957] {logging_mixin.py:115} INFO - [2024-04-04 20:30:43,957] {dag.py:2379} INFO - Sync 1 DAGs
[2024-04-04 20:30:43,973] {logging_mixin.py:115} INFO - [2024-04-04 20:30:43,973] {dag.py:2927} INFO - Setting next_dagrun for example_task_group to 2024-04-03T23:30:43.973239+00:00, run_after=2024-04-04T23:30:43.973239+00:00
[2024-04-04 20:30:43,989] {processor.py:161} INFO - Processing /home/dimitri/dimitri/airflowalura/venv/lib/python3.10/site-packages/airflow/example_dags/example_task_group.py took 0.050 seconds
[2024-04-04 20:31:17,413] {processor.py:153} INFO - Started process (PID=570620) to work on /home/dimitri/dimitri/airflowalura/venv/lib/python3.10/site-packages/airflow/example_dags/example_task_group.py
[2024-04-04 20:31:17,415] {processor.py:641} INFO - Processing file /home/dimitri/dimitri/airflowalura/venv/lib/python3.10/site-packages/airflow/example_dags/example_task_group.py for tasks to queue
[2024-04-04 20:31:17,415] {logging_mixin.py:115} INFO - [2024-04-04 20:31:17,415] {dagbag.py:507} INFO - Filling up the DagBag from /home/dimitri/dimitri/airflowalura/venv/lib/python3.10/site-packages/airflow/example_dags/example_task_group.py
[2024-04-04 20:31:17,420] {processor.py:651} INFO - DAG(s) dict_keys(['example_task_group']) retrieved from /home/dimitri/dimitri/airflowalura/venv/lib/python3.10/site-packages/airflow/example_dags/example_task_group.py
[2024-04-04 20:31:17,429] {logging_mixin.py:115} INFO - [2024-04-04 20:31:17,429] {dag.py:2379} INFO - Sync 1 DAGs
[2024-04-04 20:31:17,440] {logging_mixin.py:115} INFO - [2024-04-04 20:31:17,440] {dag.py:2927} INFO - Setting next_dagrun for example_task_group to 2024-04-03T23:31:17.440375+00:00, run_after=2024-04-04T23:31:17.440375+00:00
[2024-04-04 20:31:17,456] {processor.py:161} INFO - Processing /home/dimitri/dimitri/airflowalura/venv/lib/python3.10/site-packages/airflow/example_dags/example_task_group.py took 0.046 seconds
[2024-04-04 20:31:51,163] {processor.py:153} INFO - Started process (PID=570750) to work on /home/dimitri/dimitri/airflowalura/venv/lib/python3.10/site-packages/airflow/example_dags/example_task_group.py
[2024-04-04 20:31:51,166] {processor.py:641} INFO - Processing file /home/dimitri/dimitri/airflowalura/venv/lib/python3.10/site-packages/airflow/example_dags/example_task_group.py for tasks to queue
[2024-04-04 20:31:51,166] {logging_mixin.py:115} INFO - [2024-04-04 20:31:51,166] {dagbag.py:507} INFO - Filling up the DagBag from /home/dimitri/dimitri/airflowalura/venv/lib/python3.10/site-packages/airflow/example_dags/example_task_group.py
[2024-04-04 20:31:51,171] {processor.py:651} INFO - DAG(s) dict_keys(['example_task_group']) retrieved from /home/dimitri/dimitri/airflowalura/venv/lib/python3.10/site-packages/airflow/example_dags/example_task_group.py
[2024-04-04 20:31:51,185] {logging_mixin.py:115} INFO - [2024-04-04 20:31:51,184] {dag.py:2379} INFO - Sync 1 DAGs
[2024-04-04 20:31:51,200] {logging_mixin.py:115} INFO - [2024-04-04 20:31:51,200] {dag.py:2927} INFO - Setting next_dagrun for example_task_group to 2024-04-03T23:31:51.200603+00:00, run_after=2024-04-04T23:31:51.200603+00:00
[2024-04-04 20:31:51,217] {processor.py:161} INFO - Processing /home/dimitri/dimitri/airflowalura/venv/lib/python3.10/site-packages/airflow/example_dags/example_task_group.py took 0.055 seconds
[2024-04-04 20:32:24,217] {processor.py:153} INFO - Started process (PID=570882) to work on /home/dimitri/dimitri/airflowalura/venv/lib/python3.10/site-packages/airflow/example_dags/example_task_group.py
[2024-04-04 20:32:24,219] {processor.py:641} INFO - Processing file /home/dimitri/dimitri/airflowalura/venv/lib/python3.10/site-packages/airflow/example_dags/example_task_group.py for tasks to queue
[2024-04-04 20:32:24,219] {logging_mixin.py:115} INFO - [2024-04-04 20:32:24,219] {dagbag.py:507} INFO - Filling up the DagBag from /home/dimitri/dimitri/airflowalura/venv/lib/python3.10/site-packages/airflow/example_dags/example_task_group.py
[2024-04-04 20:32:24,223] {processor.py:651} INFO - DAG(s) dict_keys(['example_task_group']) retrieved from /home/dimitri/dimitri/airflowalura/venv/lib/python3.10/site-packages/airflow/example_dags/example_task_group.py
[2024-04-04 20:32:24,232] {logging_mixin.py:115} INFO - [2024-04-04 20:32:24,232] {dag.py:2379} INFO - Sync 1 DAGs
[2024-04-04 20:32:24,243] {logging_mixin.py:115} INFO - [2024-04-04 20:32:24,243] {dag.py:2927} INFO - Setting next_dagrun for example_task_group to 2024-04-03T23:32:24.243520+00:00, run_after=2024-04-04T23:32:24.243520+00:00
[2024-04-04 20:32:24,261] {processor.py:161} INFO - Processing /home/dimitri/dimitri/airflowalura/venv/lib/python3.10/site-packages/airflow/example_dags/example_task_group.py took 0.047 seconds
[2024-04-04 20:32:50,781] {processor.py:153} INFO - Started process (PID=571130) to work on /home/dimitri/dimitri/airflowalura/venv/lib/python3.10/site-packages/airflow/example_dags/example_task_group.py
[2024-04-04 20:32:50,784] {processor.py:641} INFO - Processing file /home/dimitri/dimitri/airflowalura/venv/lib/python3.10/site-packages/airflow/example_dags/example_task_group.py for tasks to queue
[2024-04-04 20:32:50,784] {logging_mixin.py:115} INFO - [2024-04-04 20:32:50,784] {dagbag.py:507} INFO - Filling up the DagBag from /home/dimitri/dimitri/airflowalura/venv/lib/python3.10/site-packages/airflow/example_dags/example_task_group.py
[2024-04-04 20:32:50,788] {processor.py:651} INFO - DAG(s) dict_keys(['example_task_group']) retrieved from /home/dimitri/dimitri/airflowalura/venv/lib/python3.10/site-packages/airflow/example_dags/example_task_group.py
[2024-04-04 20:32:50,802] {logging_mixin.py:115} INFO - [2024-04-04 20:32:50,802] {dag.py:2379} INFO - Sync 1 DAGs
[2024-04-04 20:32:50,813] {logging_mixin.py:115} INFO - [2024-04-04 20:32:50,813] {dag.py:2927} INFO - Setting next_dagrun for example_task_group to 2024-04-03T23:32:50.813189+00:00, run_after=2024-04-04T23:32:50.813189+00:00
[2024-04-04 20:32:50,829] {processor.py:161} INFO - Processing /home/dimitri/dimitri/airflowalura/venv/lib/python3.10/site-packages/airflow/example_dags/example_task_group.py took 0.050 seconds
[2024-04-04 20:33:22,711] {processor.py:153} INFO - Started process (PID=571266) to work on /home/dimitri/dimitri/airflowalura/venv/lib/python3.10/site-packages/airflow/example_dags/example_task_group.py
[2024-04-04 20:33:22,714] {processor.py:641} INFO - Processing file /home/dimitri/dimitri/airflowalura/venv/lib/python3.10/site-packages/airflow/example_dags/example_task_group.py for tasks to queue
[2024-04-04 20:33:22,715] {logging_mixin.py:115} INFO - [2024-04-04 20:33:22,715] {dagbag.py:507} INFO - Filling up the DagBag from /home/dimitri/dimitri/airflowalura/venv/lib/python3.10/site-packages/airflow/example_dags/example_task_group.py
[2024-04-04 20:33:22,719] {processor.py:651} INFO - DAG(s) dict_keys(['example_task_group']) retrieved from /home/dimitri/dimitri/airflowalura/venv/lib/python3.10/site-packages/airflow/example_dags/example_task_group.py
[2024-04-04 20:33:22,732] {logging_mixin.py:115} INFO - [2024-04-04 20:33:22,732] {dag.py:2379} INFO - Sync 1 DAGs
[2024-04-04 20:33:22,743] {logging_mixin.py:115} INFO - [2024-04-04 20:33:22,742] {dag.py:2927} INFO - Setting next_dagrun for example_task_group to 2024-04-03T23:33:22.742823+00:00, run_after=2024-04-04T23:33:22.742823+00:00
[2024-04-04 20:33:22,759] {processor.py:161} INFO - Processing /home/dimitri/dimitri/airflowalura/venv/lib/python3.10/site-packages/airflow/example_dags/example_task_group.py took 0.050 seconds
[2024-04-04 20:33:55,577] {processor.py:153} INFO - Started process (PID=571392) to work on /home/dimitri/dimitri/airflowalura/venv/lib/python3.10/site-packages/airflow/example_dags/example_task_group.py
[2024-04-04 20:33:55,578] {processor.py:641} INFO - Processing file /home/dimitri/dimitri/airflowalura/venv/lib/python3.10/site-packages/airflow/example_dags/example_task_group.py for tasks to queue
[2024-04-04 20:33:55,579] {logging_mixin.py:115} INFO - [2024-04-04 20:33:55,579] {dagbag.py:507} INFO - Filling up the DagBag from /home/dimitri/dimitri/airflowalura/venv/lib/python3.10/site-packages/airflow/example_dags/example_task_group.py
[2024-04-04 20:33:55,583] {processor.py:651} INFO - DAG(s) dict_keys(['example_task_group']) retrieved from /home/dimitri/dimitri/airflowalura/venv/lib/python3.10/site-packages/airflow/example_dags/example_task_group.py
[2024-04-04 20:33:55,594] {logging_mixin.py:115} INFO - [2024-04-04 20:33:55,594] {dag.py:2379} INFO - Sync 1 DAGs
[2024-04-04 20:33:55,604] {logging_mixin.py:115} INFO - [2024-04-04 20:33:55,604] {dag.py:2927} INFO - Setting next_dagrun for example_task_group to 2024-04-03T23:33:55.604618+00:00, run_after=2024-04-04T23:33:55.604618+00:00
[2024-04-04 20:33:55,622] {processor.py:161} INFO - Processing /home/dimitri/dimitri/airflowalura/venv/lib/python3.10/site-packages/airflow/example_dags/example_task_group.py took 0.047 seconds
[2024-04-04 20:34:29,478] {processor.py:153} INFO - Started process (PID=571529) to work on /home/dimitri/dimitri/airflowalura/venv/lib/python3.10/site-packages/airflow/example_dags/example_task_group.py
[2024-04-04 20:34:29,481] {processor.py:641} INFO - Processing file /home/dimitri/dimitri/airflowalura/venv/lib/python3.10/site-packages/airflow/example_dags/example_task_group.py for tasks to queue
[2024-04-04 20:34:29,481] {logging_mixin.py:115} INFO - [2024-04-04 20:34:29,481] {dagbag.py:507} INFO - Filling up the DagBag from /home/dimitri/dimitri/airflowalura/venv/lib/python3.10/site-packages/airflow/example_dags/example_task_group.py
[2024-04-04 20:34:29,485] {processor.py:651} INFO - DAG(s) dict_keys(['example_task_group']) retrieved from /home/dimitri/dimitri/airflowalura/venv/lib/python3.10/site-packages/airflow/example_dags/example_task_group.py
[2024-04-04 20:34:29,496] {logging_mixin.py:115} INFO - [2024-04-04 20:34:29,496] {dag.py:2379} INFO - Sync 1 DAGs
[2024-04-04 20:34:29,507] {logging_mixin.py:115} INFO - [2024-04-04 20:34:29,506] {dag.py:2927} INFO - Setting next_dagrun for example_task_group to 2024-04-03T23:34:29.506780+00:00, run_after=2024-04-04T23:34:29.506780+00:00
[2024-04-04 20:34:29,524] {processor.py:161} INFO - Processing /home/dimitri/dimitri/airflowalura/venv/lib/python3.10/site-packages/airflow/example_dags/example_task_group.py took 0.048 seconds
[2024-04-04 20:35:02,392] {processor.py:153} INFO - Started process (PID=571655) to work on /home/dimitri/dimitri/airflowalura/venv/lib/python3.10/site-packages/airflow/example_dags/example_task_group.py
[2024-04-04 20:35:02,395] {processor.py:641} INFO - Processing file /home/dimitri/dimitri/airflowalura/venv/lib/python3.10/site-packages/airflow/example_dags/example_task_group.py for tasks to queue
[2024-04-04 20:35:02,396] {logging_mixin.py:115} INFO - [2024-04-04 20:35:02,396] {dagbag.py:507} INFO - Filling up the DagBag from /home/dimitri/dimitri/airflowalura/venv/lib/python3.10/site-packages/airflow/example_dags/example_task_group.py
[2024-04-04 20:35:02,400] {processor.py:651} INFO - DAG(s) dict_keys(['example_task_group']) retrieved from /home/dimitri/dimitri/airflowalura/venv/lib/python3.10/site-packages/airflow/example_dags/example_task_group.py
[2024-04-04 20:35:02,427] {logging_mixin.py:115} INFO - [2024-04-04 20:35:02,426] {dag.py:2379} INFO - Sync 1 DAGs
[2024-04-04 20:35:02,438] {logging_mixin.py:115} INFO - [2024-04-04 20:35:02,438] {dag.py:2927} INFO - Setting next_dagrun for example_task_group to 2024-04-03T23:35:02.437795+00:00, run_after=2024-04-04T23:35:02.437795+00:00
[2024-04-04 20:35:02,457] {processor.py:161} INFO - Processing /home/dimitri/dimitri/airflowalura/venv/lib/python3.10/site-packages/airflow/example_dags/example_task_group.py took 0.067 seconds
[2024-04-04 20:35:35,852] {processor.py:153} INFO - Started process (PID=571793) to work on /home/dimitri/dimitri/airflowalura/venv/lib/python3.10/site-packages/airflow/example_dags/example_task_group.py
[2024-04-04 20:35:35,855] {processor.py:641} INFO - Processing file /home/dimitri/dimitri/airflowalura/venv/lib/python3.10/site-packages/airflow/example_dags/example_task_group.py for tasks to queue
[2024-04-04 20:35:35,856] {logging_mixin.py:115} INFO - [2024-04-04 20:35:35,855] {dagbag.py:507} INFO - Filling up the DagBag from /home/dimitri/dimitri/airflowalura/venv/lib/python3.10/site-packages/airflow/example_dags/example_task_group.py
[2024-04-04 20:35:35,861] {processor.py:651} INFO - DAG(s) dict_keys(['example_task_group']) retrieved from /home/dimitri/dimitri/airflowalura/venv/lib/python3.10/site-packages/airflow/example_dags/example_task_group.py
[2024-04-04 20:35:35,872] {logging_mixin.py:115} INFO - [2024-04-04 20:35:35,872] {dag.py:2379} INFO - Sync 1 DAGs
[2024-04-04 20:35:35,885] {logging_mixin.py:115} INFO - [2024-04-04 20:35:35,885] {dag.py:2927} INFO - Setting next_dagrun for example_task_group to 2024-04-03T23:35:35.885299+00:00, run_after=2024-04-04T23:35:35.885299+00:00
[2024-04-04 20:35:35,901] {processor.py:161} INFO - Processing /home/dimitri/dimitri/airflowalura/venv/lib/python3.10/site-packages/airflow/example_dags/example_task_group.py took 0.051 seconds
[2024-04-04 20:36:19,999] {processor.py:153} INFO - Started process (PID=571974) to work on /home/dimitri/dimitri/airflowalura/venv/lib/python3.10/site-packages/airflow/example_dags/example_task_group.py
[2024-04-04 20:36:20,002] {processor.py:641} INFO - Processing file /home/dimitri/dimitri/airflowalura/venv/lib/python3.10/site-packages/airflow/example_dags/example_task_group.py for tasks to queue
[2024-04-04 20:36:20,002] {logging_mixin.py:115} INFO - [2024-04-04 20:36:20,002] {dagbag.py:507} INFO - Filling up the DagBag from /home/dimitri/dimitri/airflowalura/venv/lib/python3.10/site-packages/airflow/example_dags/example_task_group.py
[2024-04-04 20:36:20,007] {processor.py:651} INFO - DAG(s) dict_keys(['example_task_group']) retrieved from /home/dimitri/dimitri/airflowalura/venv/lib/python3.10/site-packages/airflow/example_dags/example_task_group.py
[2024-04-04 20:36:20,017] {logging_mixin.py:115} INFO - [2024-04-04 20:36:20,017] {dag.py:2379} INFO - Sync 1 DAGs
[2024-04-04 20:36:20,027] {logging_mixin.py:115} INFO - [2024-04-04 20:36:20,027] {dag.py:2927} INFO - Setting next_dagrun for example_task_group to 2024-04-03T23:36:20.026906+00:00, run_after=2024-04-04T23:36:20.026906+00:00
[2024-04-04 20:36:20,043] {processor.py:161} INFO - Processing /home/dimitri/dimitri/airflowalura/venv/lib/python3.10/site-packages/airflow/example_dags/example_task_group.py took 0.047 seconds
[2024-04-04 20:36:51,130] {processor.py:153} INFO - Started process (PID=572101) to work on /home/dimitri/dimitri/airflowalura/venv/lib/python3.10/site-packages/airflow/example_dags/example_task_group.py
[2024-04-04 20:36:51,134] {processor.py:641} INFO - Processing file /home/dimitri/dimitri/airflowalura/venv/lib/python3.10/site-packages/airflow/example_dags/example_task_group.py for tasks to queue
[2024-04-04 20:36:51,134] {logging_mixin.py:115} INFO - [2024-04-04 20:36:51,134] {dagbag.py:507} INFO - Filling up the DagBag from /home/dimitri/dimitri/airflowalura/venv/lib/python3.10/site-packages/airflow/example_dags/example_task_group.py
[2024-04-04 20:36:51,138] {processor.py:651} INFO - DAG(s) dict_keys(['example_task_group']) retrieved from /home/dimitri/dimitri/airflowalura/venv/lib/python3.10/site-packages/airflow/example_dags/example_task_group.py
[2024-04-04 20:36:51,150] {logging_mixin.py:115} INFO - [2024-04-04 20:36:51,150] {dag.py:2379} INFO - Sync 1 DAGs
[2024-04-04 20:36:51,164] {logging_mixin.py:115} INFO - [2024-04-04 20:36:51,163] {dag.py:2927} INFO - Setting next_dagrun for example_task_group to 2024-04-03T23:36:51.163789+00:00, run_after=2024-04-04T23:36:51.163789+00:00
[2024-04-04 20:36:51,179] {processor.py:161} INFO - Processing /home/dimitri/dimitri/airflowalura/venv/lib/python3.10/site-packages/airflow/example_dags/example_task_group.py took 0.051 seconds
[2024-04-04 20:37:27,182] {processor.py:153} INFO - Started process (PID=572241) to work on /home/dimitri/dimitri/airflowalura/venv/lib/python3.10/site-packages/airflow/example_dags/example_task_group.py
[2024-04-04 20:37:27,185] {processor.py:641} INFO - Processing file /home/dimitri/dimitri/airflowalura/venv/lib/python3.10/site-packages/airflow/example_dags/example_task_group.py for tasks to queue
[2024-04-04 20:37:27,185] {logging_mixin.py:115} INFO - [2024-04-04 20:37:27,185] {dagbag.py:507} INFO - Filling up the DagBag from /home/dimitri/dimitri/airflowalura/venv/lib/python3.10/site-packages/airflow/example_dags/example_task_group.py
[2024-04-04 20:37:27,190] {processor.py:651} INFO - DAG(s) dict_keys(['example_task_group']) retrieved from /home/dimitri/dimitri/airflowalura/venv/lib/python3.10/site-packages/airflow/example_dags/example_task_group.py
[2024-04-04 20:37:27,205] {logging_mixin.py:115} INFO - [2024-04-04 20:37:27,205] {dag.py:2379} INFO - Sync 1 DAGs
[2024-04-04 20:37:27,216] {logging_mixin.py:115} INFO - [2024-04-04 20:37:27,216] {dag.py:2927} INFO - Setting next_dagrun for example_task_group to 2024-04-03T23:37:27.215863+00:00, run_after=2024-04-04T23:37:27.215863+00:00
[2024-04-04 20:37:27,234] {processor.py:161} INFO - Processing /home/dimitri/dimitri/airflowalura/venv/lib/python3.10/site-packages/airflow/example_dags/example_task_group.py took 0.053 seconds
[2024-04-04 20:38:00,409] {processor.py:153} INFO - Started process (PID=572374) to work on /home/dimitri/dimitri/airflowalura/venv/lib/python3.10/site-packages/airflow/example_dags/example_task_group.py
[2024-04-04 20:38:00,411] {processor.py:641} INFO - Processing file /home/dimitri/dimitri/airflowalura/venv/lib/python3.10/site-packages/airflow/example_dags/example_task_group.py for tasks to queue
[2024-04-04 20:38:00,412] {logging_mixin.py:115} INFO - [2024-04-04 20:38:00,412] {dagbag.py:507} INFO - Filling up the DagBag from /home/dimitri/dimitri/airflowalura/venv/lib/python3.10/site-packages/airflow/example_dags/example_task_group.py
[2024-04-04 20:38:00,416] {processor.py:651} INFO - DAG(s) dict_keys(['example_task_group']) retrieved from /home/dimitri/dimitri/airflowalura/venv/lib/python3.10/site-packages/airflow/example_dags/example_task_group.py
[2024-04-04 20:38:00,428] {logging_mixin.py:115} INFO - [2024-04-04 20:38:00,428] {dag.py:2379} INFO - Sync 1 DAGs
[2024-04-04 20:38:00,438] {logging_mixin.py:115} INFO - [2024-04-04 20:38:00,438] {dag.py:2927} INFO - Setting next_dagrun for example_task_group to 2024-04-03T23:38:00.438032+00:00, run_after=2024-04-04T23:38:00.438032+00:00
[2024-04-04 20:38:00,454] {processor.py:161} INFO - Processing /home/dimitri/dimitri/airflowalura/venv/lib/python3.10/site-packages/airflow/example_dags/example_task_group.py took 0.047 seconds
[2024-04-04 20:38:35,123] {processor.py:153} INFO - Started process (PID=572513) to work on /home/dimitri/dimitri/airflowalura/venv/lib/python3.10/site-packages/airflow/example_dags/example_task_group.py
[2024-04-04 20:38:35,125] {processor.py:641} INFO - Processing file /home/dimitri/dimitri/airflowalura/venv/lib/python3.10/site-packages/airflow/example_dags/example_task_group.py for tasks to queue
[2024-04-04 20:38:35,125] {logging_mixin.py:115} INFO - [2024-04-04 20:38:35,125] {dagbag.py:507} INFO - Filling up the DagBag from /home/dimitri/dimitri/airflowalura/venv/lib/python3.10/site-packages/airflow/example_dags/example_task_group.py
[2024-04-04 20:38:35,129] {processor.py:651} INFO - DAG(s) dict_keys(['example_task_group']) retrieved from /home/dimitri/dimitri/airflowalura/venv/lib/python3.10/site-packages/airflow/example_dags/example_task_group.py
[2024-04-04 20:38:35,140] {logging_mixin.py:115} INFO - [2024-04-04 20:38:35,140] {dag.py:2379} INFO - Sync 1 DAGs
[2024-04-04 20:38:35,149] {logging_mixin.py:115} INFO - [2024-04-04 20:38:35,149] {dag.py:2927} INFO - Setting next_dagrun for example_task_group to 2024-04-03T23:38:35.149310+00:00, run_after=2024-04-04T23:38:35.149310+00:00
[2024-04-04 20:38:35,165] {processor.py:161} INFO - Processing /home/dimitri/dimitri/airflowalura/venv/lib/python3.10/site-packages/airflow/example_dags/example_task_group.py took 0.044 seconds
[2024-04-04 20:39:09,881] {processor.py:153} INFO - Started process (PID=572651) to work on /home/dimitri/dimitri/airflowalura/venv/lib/python3.10/site-packages/airflow/example_dags/example_task_group.py
[2024-04-04 20:39:09,883] {processor.py:641} INFO - Processing file /home/dimitri/dimitri/airflowalura/venv/lib/python3.10/site-packages/airflow/example_dags/example_task_group.py for tasks to queue
[2024-04-04 20:39:09,884] {logging_mixin.py:115} INFO - [2024-04-04 20:39:09,884] {dagbag.py:507} INFO - Filling up the DagBag from /home/dimitri/dimitri/airflowalura/venv/lib/python3.10/site-packages/airflow/example_dags/example_task_group.py
[2024-04-04 20:39:09,888] {processor.py:651} INFO - DAG(s) dict_keys(['example_task_group']) retrieved from /home/dimitri/dimitri/airflowalura/venv/lib/python3.10/site-packages/airflow/example_dags/example_task_group.py
[2024-04-04 20:39:09,901] {logging_mixin.py:115} INFO - [2024-04-04 20:39:09,901] {dag.py:2379} INFO - Sync 1 DAGs
[2024-04-04 20:39:09,911] {logging_mixin.py:115} INFO - [2024-04-04 20:39:09,911] {dag.py:2927} INFO - Setting next_dagrun for example_task_group to 2024-04-03T23:39:09.911337+00:00, run_after=2024-04-04T23:39:09.911337+00:00
[2024-04-04 20:39:09,927] {processor.py:161} INFO - Processing /home/dimitri/dimitri/airflowalura/venv/lib/python3.10/site-packages/airflow/example_dags/example_task_group.py took 0.048 seconds
[2024-04-04 20:39:42,297] {processor.py:153} INFO - Started process (PID=572776) to work on /home/dimitri/dimitri/airflowalura/venv/lib/python3.10/site-packages/airflow/example_dags/example_task_group.py
[2024-04-04 20:39:42,300] {processor.py:641} INFO - Processing file /home/dimitri/dimitri/airflowalura/venv/lib/python3.10/site-packages/airflow/example_dags/example_task_group.py for tasks to queue
[2024-04-04 20:39:42,300] {logging_mixin.py:115} INFO - [2024-04-04 20:39:42,300] {dagbag.py:507} INFO - Filling up the DagBag from /home/dimitri/dimitri/airflowalura/venv/lib/python3.10/site-packages/airflow/example_dags/example_task_group.py
[2024-04-04 20:39:42,308] {processor.py:651} INFO - DAG(s) dict_keys(['example_task_group']) retrieved from /home/dimitri/dimitri/airflowalura/venv/lib/python3.10/site-packages/airflow/example_dags/example_task_group.py
[2024-04-04 20:39:42,320] {logging_mixin.py:115} INFO - [2024-04-04 20:39:42,320] {dag.py:2379} INFO - Sync 1 DAGs
[2024-04-04 20:39:42,329] {logging_mixin.py:115} INFO - [2024-04-04 20:39:42,329] {dag.py:2927} INFO - Setting next_dagrun for example_task_group to 2024-04-03T23:39:42.328885+00:00, run_after=2024-04-04T23:39:42.328885+00:00
[2024-04-04 20:39:42,346] {processor.py:161} INFO - Processing /home/dimitri/dimitri/airflowalura/venv/lib/python3.10/site-packages/airflow/example_dags/example_task_group.py took 0.052 seconds
[2024-04-04 20:40:16,714] {processor.py:153} INFO - Started process (PID=572915) to work on /home/dimitri/dimitri/airflowalura/venv/lib/python3.10/site-packages/airflow/example_dags/example_task_group.py
[2024-04-04 20:40:16,716] {processor.py:641} INFO - Processing file /home/dimitri/dimitri/airflowalura/venv/lib/python3.10/site-packages/airflow/example_dags/example_task_group.py for tasks to queue
[2024-04-04 20:40:16,717] {logging_mixin.py:115} INFO - [2024-04-04 20:40:16,717] {dagbag.py:507} INFO - Filling up the DagBag from /home/dimitri/dimitri/airflowalura/venv/lib/python3.10/site-packages/airflow/example_dags/example_task_group.py
[2024-04-04 20:40:16,722] {processor.py:651} INFO - DAG(s) dict_keys(['example_task_group']) retrieved from /home/dimitri/dimitri/airflowalura/venv/lib/python3.10/site-packages/airflow/example_dags/example_task_group.py
[2024-04-04 20:40:16,734] {logging_mixin.py:115} INFO - [2024-04-04 20:40:16,734] {dag.py:2379} INFO - Sync 1 DAGs
[2024-04-04 20:40:16,743] {logging_mixin.py:115} INFO - [2024-04-04 20:40:16,743] {dag.py:2927} INFO - Setting next_dagrun for example_task_group to 2024-04-03T23:40:16.743040+00:00, run_after=2024-04-04T23:40:16.743040+00:00
[2024-04-04 20:40:16,758] {processor.py:161} INFO - Processing /home/dimitri/dimitri/airflowalura/venv/lib/python3.10/site-packages/airflow/example_dags/example_task_group.py took 0.048 seconds
[2024-04-04 20:40:50,991] {processor.py:153} INFO - Started process (PID=573045) to work on /home/dimitri/dimitri/airflowalura/venv/lib/python3.10/site-packages/airflow/example_dags/example_task_group.py
[2024-04-04 20:40:50,991] {processor.py:641} INFO - Processing file /home/dimitri/dimitri/airflowalura/venv/lib/python3.10/site-packages/airflow/example_dags/example_task_group.py for tasks to queue
[2024-04-04 20:40:50,992] {logging_mixin.py:115} INFO - [2024-04-04 20:40:50,992] {dagbag.py:507} INFO - Filling up the DagBag from /home/dimitri/dimitri/airflowalura/venv/lib/python3.10/site-packages/airflow/example_dags/example_task_group.py
[2024-04-04 20:40:50,996] {processor.py:651} INFO - DAG(s) dict_keys(['example_task_group']) retrieved from /home/dimitri/dimitri/airflowalura/venv/lib/python3.10/site-packages/airflow/example_dags/example_task_group.py
[2024-04-04 20:40:51,008] {logging_mixin.py:115} INFO - [2024-04-04 20:40:51,008] {dag.py:2379} INFO - Sync 1 DAGs
[2024-04-04 20:40:51,019] {logging_mixin.py:115} INFO - [2024-04-04 20:40:51,019] {dag.py:2927} INFO - Setting next_dagrun for example_task_group to 2024-04-03T23:40:51.019708+00:00, run_after=2024-04-04T23:40:51.019708+00:00
[2024-04-04 20:40:51,036] {processor.py:161} INFO - Processing /home/dimitri/dimitri/airflowalura/venv/lib/python3.10/site-packages/airflow/example_dags/example_task_group.py took 0.048 seconds
[2024-04-04 20:41:08,331] {processor.py:153} INFO - Started process (PID=573121) to work on /home/dimitri/dimitri/airflowalura/venv/lib/python3.10/site-packages/airflow/example_dags/example_task_group.py
[2024-04-04 20:41:08,334] {processor.py:641} INFO - Processing file /home/dimitri/dimitri/airflowalura/venv/lib/python3.10/site-packages/airflow/example_dags/example_task_group.py for tasks to queue
[2024-04-04 20:41:08,335] {logging_mixin.py:115} INFO - [2024-04-04 20:41:08,335] {dagbag.py:507} INFO - Filling up the DagBag from /home/dimitri/dimitri/airflowalura/venv/lib/python3.10/site-packages/airflow/example_dags/example_task_group.py
[2024-04-04 20:41:08,339] {processor.py:651} INFO - DAG(s) dict_keys(['example_task_group']) retrieved from /home/dimitri/dimitri/airflowalura/venv/lib/python3.10/site-packages/airflow/example_dags/example_task_group.py
[2024-04-04 20:41:08,351] {logging_mixin.py:115} INFO - [2024-04-04 20:41:08,351] {dag.py:2379} INFO - Sync 1 DAGs
[2024-04-04 20:41:08,361] {logging_mixin.py:115} INFO - [2024-04-04 20:41:08,361] {dag.py:2927} INFO - Setting next_dagrun for example_task_group to 2024-04-03T23:41:08.361090+00:00, run_after=2024-04-04T23:41:08.361090+00:00
[2024-04-04 20:41:08,376] {processor.py:161} INFO - Processing /home/dimitri/dimitri/airflowalura/venv/lib/python3.10/site-packages/airflow/example_dags/example_task_group.py took 0.048 seconds
[2024-04-04 20:41:41,050] {processor.py:153} INFO - Started process (PID=573261) to work on /home/dimitri/dimitri/airflowalura/venv/lib/python3.10/site-packages/airflow/example_dags/example_task_group.py
[2024-04-04 20:41:41,051] {processor.py:641} INFO - Processing file /home/dimitri/dimitri/airflowalura/venv/lib/python3.10/site-packages/airflow/example_dags/example_task_group.py for tasks to queue
[2024-04-04 20:41:41,052] {logging_mixin.py:115} INFO - [2024-04-04 20:41:41,052] {dagbag.py:507} INFO - Filling up the DagBag from /home/dimitri/dimitri/airflowalura/venv/lib/python3.10/site-packages/airflow/example_dags/example_task_group.py
[2024-04-04 20:41:41,057] {processor.py:651} INFO - DAG(s) dict_keys(['example_task_group']) retrieved from /home/dimitri/dimitri/airflowalura/venv/lib/python3.10/site-packages/airflow/example_dags/example_task_group.py
[2024-04-04 20:41:41,077] {logging_mixin.py:115} INFO - [2024-04-04 20:41:41,077] {dag.py:2379} INFO - Sync 1 DAGs
[2024-04-04 20:41:41,090] {logging_mixin.py:115} INFO - [2024-04-04 20:41:41,090] {dag.py:2927} INFO - Setting next_dagrun for example_task_group to 2024-04-03T23:41:41.090187+00:00, run_after=2024-04-04T23:41:41.090187+00:00
[2024-04-04 20:41:41,105] {processor.py:161} INFO - Processing /home/dimitri/dimitri/airflowalura/venv/lib/python3.10/site-packages/airflow/example_dags/example_task_group.py took 0.058 seconds
[2024-04-04 20:42:16,903] {processor.py:153} INFO - Started process (PID=573400) to work on /home/dimitri/dimitri/airflowalura/venv/lib/python3.10/site-packages/airflow/example_dags/example_task_group.py
[2024-04-04 20:42:16,905] {processor.py:641} INFO - Processing file /home/dimitri/dimitri/airflowalura/venv/lib/python3.10/site-packages/airflow/example_dags/example_task_group.py for tasks to queue
[2024-04-04 20:42:16,905] {logging_mixin.py:115} INFO - [2024-04-04 20:42:16,905] {dagbag.py:507} INFO - Filling up the DagBag from /home/dimitri/dimitri/airflowalura/venv/lib/python3.10/site-packages/airflow/example_dags/example_task_group.py
[2024-04-04 20:42:16,911] {processor.py:651} INFO - DAG(s) dict_keys(['example_task_group']) retrieved from /home/dimitri/dimitri/airflowalura/venv/lib/python3.10/site-packages/airflow/example_dags/example_task_group.py
[2024-04-04 20:42:16,924] {logging_mixin.py:115} INFO - [2024-04-04 20:42:16,923] {dag.py:2379} INFO - Sync 1 DAGs
[2024-04-04 20:42:16,934] {logging_mixin.py:115} INFO - [2024-04-04 20:42:16,934] {dag.py:2927} INFO - Setting next_dagrun for example_task_group to 2024-04-03T23:42:16.933926+00:00, run_after=2024-04-04T23:42:16.933926+00:00
[2024-04-04 20:42:16,951] {processor.py:161} INFO - Processing /home/dimitri/dimitri/airflowalura/venv/lib/python3.10/site-packages/airflow/example_dags/example_task_group.py took 0.052 seconds
[2024-04-04 20:42:51,232] {processor.py:153} INFO - Started process (PID=573537) to work on /home/dimitri/dimitri/airflowalura/venv/lib/python3.10/site-packages/airflow/example_dags/example_task_group.py
[2024-04-04 20:42:51,234] {processor.py:641} INFO - Processing file /home/dimitri/dimitri/airflowalura/venv/lib/python3.10/site-packages/airflow/example_dags/example_task_group.py for tasks to queue
[2024-04-04 20:42:51,235] {logging_mixin.py:115} INFO - [2024-04-04 20:42:51,235] {dagbag.py:507} INFO - Filling up the DagBag from /home/dimitri/dimitri/airflowalura/venv/lib/python3.10/site-packages/airflow/example_dags/example_task_group.py
[2024-04-04 20:42:51,239] {processor.py:651} INFO - DAG(s) dict_keys(['example_task_group']) retrieved from /home/dimitri/dimitri/airflowalura/venv/lib/python3.10/site-packages/airflow/example_dags/example_task_group.py
[2024-04-04 20:42:51,253] {logging_mixin.py:115} INFO - [2024-04-04 20:42:51,253] {dag.py:2379} INFO - Sync 1 DAGs
[2024-04-04 20:42:51,264] {logging_mixin.py:115} INFO - [2024-04-04 20:42:51,264] {dag.py:2927} INFO - Setting next_dagrun for example_task_group to 2024-04-03T23:42:51.264044+00:00, run_after=2024-04-04T23:42:51.264044+00:00
[2024-04-04 20:42:51,281] {processor.py:161} INFO - Processing /home/dimitri/dimitri/airflowalura/venv/lib/python3.10/site-packages/airflow/example_dags/example_task_group.py took 0.051 seconds
[2024-04-04 20:43:26,846] {processor.py:153} INFO - Started process (PID=573676) to work on /home/dimitri/dimitri/airflowalura/venv/lib/python3.10/site-packages/airflow/example_dags/example_task_group.py
[2024-04-04 20:43:26,849] {processor.py:641} INFO - Processing file /home/dimitri/dimitri/airflowalura/venv/lib/python3.10/site-packages/airflow/example_dags/example_task_group.py for tasks to queue
[2024-04-04 20:43:26,850] {logging_mixin.py:115} INFO - [2024-04-04 20:43:26,850] {dagbag.py:507} INFO - Filling up the DagBag from /home/dimitri/dimitri/airflowalura/venv/lib/python3.10/site-packages/airflow/example_dags/example_task_group.py
[2024-04-04 20:43:26,854] {processor.py:651} INFO - DAG(s) dict_keys(['example_task_group']) retrieved from /home/dimitri/dimitri/airflowalura/venv/lib/python3.10/site-packages/airflow/example_dags/example_task_group.py
[2024-04-04 20:43:26,867] {logging_mixin.py:115} INFO - [2024-04-04 20:43:26,867] {dag.py:2379} INFO - Sync 1 DAGs
[2024-04-04 20:43:26,879] {logging_mixin.py:115} INFO - [2024-04-04 20:43:26,879] {dag.py:2927} INFO - Setting next_dagrun for example_task_group to 2024-04-03T23:43:26.878847+00:00, run_after=2024-04-04T23:43:26.878847+00:00
[2024-04-04 20:43:26,897] {processor.py:161} INFO - Processing /home/dimitri/dimitri/airflowalura/venv/lib/python3.10/site-packages/airflow/example_dags/example_task_group.py took 0.053 seconds
[2024-04-04 20:44:01,102] {processor.py:153} INFO - Started process (PID=573809) to work on /home/dimitri/dimitri/airflowalura/venv/lib/python3.10/site-packages/airflow/example_dags/example_task_group.py
[2024-04-04 20:44:01,104] {processor.py:641} INFO - Processing file /home/dimitri/dimitri/airflowalura/venv/lib/python3.10/site-packages/airflow/example_dags/example_task_group.py for tasks to queue
[2024-04-04 20:44:01,104] {logging_mixin.py:115} INFO - [2024-04-04 20:44:01,104] {dagbag.py:507} INFO - Filling up the DagBag from /home/dimitri/dimitri/airflowalura/venv/lib/python3.10/site-packages/airflow/example_dags/example_task_group.py
[2024-04-04 20:44:01,109] {processor.py:651} INFO - DAG(s) dict_keys(['example_task_group']) retrieved from /home/dimitri/dimitri/airflowalura/venv/lib/python3.10/site-packages/airflow/example_dags/example_task_group.py
[2024-04-04 20:44:01,124] {logging_mixin.py:115} INFO - [2024-04-04 20:44:01,124] {dag.py:2379} INFO - Sync 1 DAGs
[2024-04-04 20:44:01,142] {logging_mixin.py:115} INFO - [2024-04-04 20:44:01,142] {dag.py:2927} INFO - Setting next_dagrun for example_task_group to 2024-04-03T23:44:01.141979+00:00, run_after=2024-04-04T23:44:01.141979+00:00
[2024-04-04 20:44:01,162] {processor.py:161} INFO - Processing /home/dimitri/dimitri/airflowalura/venv/lib/python3.10/site-packages/airflow/example_dags/example_task_group.py took 0.062 seconds
[2024-04-04 20:44:34,005] {processor.py:153} INFO - Started process (PID=573938) to work on /home/dimitri/dimitri/airflowalura/venv/lib/python3.10/site-packages/airflow/example_dags/example_task_group.py
[2024-04-04 20:44:34,008] {processor.py:641} INFO - Processing file /home/dimitri/dimitri/airflowalura/venv/lib/python3.10/site-packages/airflow/example_dags/example_task_group.py for tasks to queue
[2024-04-04 20:44:34,008] {logging_mixin.py:115} INFO - [2024-04-04 20:44:34,008] {dagbag.py:507} INFO - Filling up the DagBag from /home/dimitri/dimitri/airflowalura/venv/lib/python3.10/site-packages/airflow/example_dags/example_task_group.py
[2024-04-04 20:44:34,012] {processor.py:651} INFO - DAG(s) dict_keys(['example_task_group']) retrieved from /home/dimitri/dimitri/airflowalura/venv/lib/python3.10/site-packages/airflow/example_dags/example_task_group.py
[2024-04-04 20:44:34,025] {logging_mixin.py:115} INFO - [2024-04-04 20:44:34,025] {dag.py:2379} INFO - Sync 1 DAGs
[2024-04-04 20:44:34,038] {logging_mixin.py:115} INFO - [2024-04-04 20:44:34,037] {dag.py:2927} INFO - Setting next_dagrun for example_task_group to 2024-04-03T23:44:34.037781+00:00, run_after=2024-04-04T23:44:34.037781+00:00
[2024-04-04 20:44:34,056] {processor.py:161} INFO - Processing /home/dimitri/dimitri/airflowalura/venv/lib/python3.10/site-packages/airflow/example_dags/example_task_group.py took 0.053 seconds
[2024-04-04 20:45:07,765] {processor.py:153} INFO - Started process (PID=574075) to work on /home/dimitri/dimitri/airflowalura/venv/lib/python3.10/site-packages/airflow/example_dags/example_task_group.py
[2024-04-04 20:45:07,767] {processor.py:641} INFO - Processing file /home/dimitri/dimitri/airflowalura/venv/lib/python3.10/site-packages/airflow/example_dags/example_task_group.py for tasks to queue
[2024-04-04 20:45:07,767] {logging_mixin.py:115} INFO - [2024-04-04 20:45:07,767] {dagbag.py:507} INFO - Filling up the DagBag from /home/dimitri/dimitri/airflowalura/venv/lib/python3.10/site-packages/airflow/example_dags/example_task_group.py
[2024-04-04 20:45:07,772] {processor.py:651} INFO - DAG(s) dict_keys(['example_task_group']) retrieved from /home/dimitri/dimitri/airflowalura/venv/lib/python3.10/site-packages/airflow/example_dags/example_task_group.py
[2024-04-04 20:45:07,788] {logging_mixin.py:115} INFO - [2024-04-04 20:45:07,787] {dag.py:2379} INFO - Sync 1 DAGs
[2024-04-04 20:45:07,797] {logging_mixin.py:115} INFO - [2024-04-04 20:45:07,797] {dag.py:2927} INFO - Setting next_dagrun for example_task_group to 2024-04-03T23:45:07.797384+00:00, run_after=2024-04-04T23:45:07.797384+00:00
[2024-04-04 20:45:07,815] {processor.py:161} INFO - Processing /home/dimitri/dimitri/airflowalura/venv/lib/python3.10/site-packages/airflow/example_dags/example_task_group.py took 0.052 seconds
[2024-04-04 20:45:42,602] {processor.py:153} INFO - Started process (PID=574207) to work on /home/dimitri/dimitri/airflowalura/venv/lib/python3.10/site-packages/airflow/example_dags/example_task_group.py
[2024-04-04 20:45:42,604] {processor.py:641} INFO - Processing file /home/dimitri/dimitri/airflowalura/venv/lib/python3.10/site-packages/airflow/example_dags/example_task_group.py for tasks to queue
[2024-04-04 20:45:42,605] {logging_mixin.py:115} INFO - [2024-04-04 20:45:42,605] {dagbag.py:507} INFO - Filling up the DagBag from /home/dimitri/dimitri/airflowalura/venv/lib/python3.10/site-packages/airflow/example_dags/example_task_group.py
[2024-04-04 20:45:42,609] {processor.py:651} INFO - DAG(s) dict_keys(['example_task_group']) retrieved from /home/dimitri/dimitri/airflowalura/venv/lib/python3.10/site-packages/airflow/example_dags/example_task_group.py
[2024-04-04 20:45:42,621] {logging_mixin.py:115} INFO - [2024-04-04 20:45:42,621] {dag.py:2379} INFO - Sync 1 DAGs
[2024-04-04 20:45:42,631] {logging_mixin.py:115} INFO - [2024-04-04 20:45:42,631] {dag.py:2927} INFO - Setting next_dagrun for example_task_group to 2024-04-03T23:45:42.631014+00:00, run_after=2024-04-04T23:45:42.631014+00:00
[2024-04-04 20:45:42,648] {processor.py:161} INFO - Processing /home/dimitri/dimitri/airflowalura/venv/lib/python3.10/site-packages/airflow/example_dags/example_task_group.py took 0.048 seconds
[2024-04-04 20:46:18,246] {processor.py:153} INFO - Started process (PID=574348) to work on /home/dimitri/dimitri/airflowalura/venv/lib/python3.10/site-packages/airflow/example_dags/example_task_group.py
[2024-04-04 20:46:18,249] {processor.py:641} INFO - Processing file /home/dimitri/dimitri/airflowalura/venv/lib/python3.10/site-packages/airflow/example_dags/example_task_group.py for tasks to queue
[2024-04-04 20:46:18,249] {logging_mixin.py:115} INFO - [2024-04-04 20:46:18,249] {dagbag.py:507} INFO - Filling up the DagBag from /home/dimitri/dimitri/airflowalura/venv/lib/python3.10/site-packages/airflow/example_dags/example_task_group.py
[2024-04-04 20:46:18,255] {processor.py:651} INFO - DAG(s) dict_keys(['example_task_group']) retrieved from /home/dimitri/dimitri/airflowalura/venv/lib/python3.10/site-packages/airflow/example_dags/example_task_group.py
[2024-04-04 20:46:18,295] {logging_mixin.py:115} INFO - [2024-04-04 20:46:18,295] {dag.py:2379} INFO - Sync 1 DAGs
[2024-04-04 20:46:18,334] {logging_mixin.py:115} INFO - [2024-04-04 20:46:18,334] {dag.py:2927} INFO - Setting next_dagrun for example_task_group to 2024-04-03T23:46:18.333781+00:00, run_after=2024-04-04T23:46:18.333781+00:00
[2024-04-04 20:46:18,356] {processor.py:161} INFO - Processing /home/dimitri/dimitri/airflowalura/venv/lib/python3.10/site-packages/airflow/example_dags/example_task_group.py took 0.112 seconds
[2024-04-04 20:46:52,269] {processor.py:153} INFO - Started process (PID=574493) to work on /home/dimitri/dimitri/airflowalura/venv/lib/python3.10/site-packages/airflow/example_dags/example_task_group.py
[2024-04-04 20:46:52,270] {processor.py:641} INFO - Processing file /home/dimitri/dimitri/airflowalura/venv/lib/python3.10/site-packages/airflow/example_dags/example_task_group.py for tasks to queue
[2024-04-04 20:46:52,270] {logging_mixin.py:115} INFO - [2024-04-04 20:46:52,270] {dagbag.py:507} INFO - Filling up the DagBag from /home/dimitri/dimitri/airflowalura/venv/lib/python3.10/site-packages/airflow/example_dags/example_task_group.py
[2024-04-04 20:46:52,275] {processor.py:651} INFO - DAG(s) dict_keys(['example_task_group']) retrieved from /home/dimitri/dimitri/airflowalura/venv/lib/python3.10/site-packages/airflow/example_dags/example_task_group.py
[2024-04-04 20:46:52,287] {logging_mixin.py:115} INFO - [2024-04-04 20:46:52,286] {dag.py:2379} INFO - Sync 1 DAGs
[2024-04-04 20:46:52,297] {logging_mixin.py:115} INFO - [2024-04-04 20:46:52,297] {dag.py:2927} INFO - Setting next_dagrun for example_task_group to 2024-04-03T23:46:52.297110+00:00, run_after=2024-04-04T23:46:52.297110+00:00
[2024-04-04 20:46:52,313] {processor.py:161} INFO - Processing /home/dimitri/dimitri/airflowalura/venv/lib/python3.10/site-packages/airflow/example_dags/example_task_group.py took 0.047 seconds
[2024-04-04 20:47:25,255] {processor.py:153} INFO - Started process (PID=574624) to work on /home/dimitri/dimitri/airflowalura/venv/lib/python3.10/site-packages/airflow/example_dags/example_task_group.py
[2024-04-04 20:47:25,258] {processor.py:641} INFO - Processing file /home/dimitri/dimitri/airflowalura/venv/lib/python3.10/site-packages/airflow/example_dags/example_task_group.py for tasks to queue
[2024-04-04 20:47:25,258] {logging_mixin.py:115} INFO - [2024-04-04 20:47:25,258] {dagbag.py:507} INFO - Filling up the DagBag from /home/dimitri/dimitri/airflowalura/venv/lib/python3.10/site-packages/airflow/example_dags/example_task_group.py
[2024-04-04 20:47:25,263] {processor.py:651} INFO - DAG(s) dict_keys(['example_task_group']) retrieved from /home/dimitri/dimitri/airflowalura/venv/lib/python3.10/site-packages/airflow/example_dags/example_task_group.py
[2024-04-04 20:47:25,274] {logging_mixin.py:115} INFO - [2024-04-04 20:47:25,274] {dag.py:2379} INFO - Sync 1 DAGs
[2024-04-04 20:47:25,284] {logging_mixin.py:115} INFO - [2024-04-04 20:47:25,284] {dag.py:2927} INFO - Setting next_dagrun for example_task_group to 2024-04-03T23:47:25.284351+00:00, run_after=2024-04-04T23:47:25.284351+00:00
[2024-04-04 20:47:25,300] {processor.py:161} INFO - Processing /home/dimitri/dimitri/airflowalura/venv/lib/python3.10/site-packages/airflow/example_dags/example_task_group.py took 0.047 seconds
[2024-04-04 20:47:59,221] {processor.py:153} INFO - Started process (PID=574761) to work on /home/dimitri/dimitri/airflowalura/venv/lib/python3.10/site-packages/airflow/example_dags/example_task_group.py
[2024-04-04 20:47:59,224] {processor.py:641} INFO - Processing file /home/dimitri/dimitri/airflowalura/venv/lib/python3.10/site-packages/airflow/example_dags/example_task_group.py for tasks to queue
[2024-04-04 20:47:59,224] {logging_mixin.py:115} INFO - [2024-04-04 20:47:59,224] {dagbag.py:507} INFO - Filling up the DagBag from /home/dimitri/dimitri/airflowalura/venv/lib/python3.10/site-packages/airflow/example_dags/example_task_group.py
[2024-04-04 20:47:59,229] {processor.py:651} INFO - DAG(s) dict_keys(['example_task_group']) retrieved from /home/dimitri/dimitri/airflowalura/venv/lib/python3.10/site-packages/airflow/example_dags/example_task_group.py
[2024-04-04 20:47:59,241] {logging_mixin.py:115} INFO - [2024-04-04 20:47:59,241] {dag.py:2379} INFO - Sync 1 DAGs
[2024-04-04 20:47:59,251] {logging_mixin.py:115} INFO - [2024-04-04 20:47:59,251] {dag.py:2927} INFO - Setting next_dagrun for example_task_group to 2024-04-03T23:47:59.251235+00:00, run_after=2024-04-04T23:47:59.251235+00:00
[2024-04-04 20:47:59,267] {processor.py:161} INFO - Processing /home/dimitri/dimitri/airflowalura/venv/lib/python3.10/site-packages/airflow/example_dags/example_task_group.py took 0.048 seconds
[2024-04-04 20:48:31,262] {processor.py:153} INFO - Started process (PID=574888) to work on /home/dimitri/dimitri/airflowalura/venv/lib/python3.10/site-packages/airflow/example_dags/example_task_group.py
[2024-04-04 20:48:31,263] {processor.py:641} INFO - Processing file /home/dimitri/dimitri/airflowalura/venv/lib/python3.10/site-packages/airflow/example_dags/example_task_group.py for tasks to queue
[2024-04-04 20:48:31,264] {logging_mixin.py:115} INFO - [2024-04-04 20:48:31,263] {dagbag.py:507} INFO - Filling up the DagBag from /home/dimitri/dimitri/airflowalura/venv/lib/python3.10/site-packages/airflow/example_dags/example_task_group.py
[2024-04-04 20:48:31,268] {processor.py:651} INFO - DAG(s) dict_keys(['example_task_group']) retrieved from /home/dimitri/dimitri/airflowalura/venv/lib/python3.10/site-packages/airflow/example_dags/example_task_group.py
[2024-04-04 20:48:31,280] {logging_mixin.py:115} INFO - [2024-04-04 20:48:31,280] {dag.py:2379} INFO - Sync 1 DAGs
[2024-04-04 20:48:31,291] {logging_mixin.py:115} INFO - [2024-04-04 20:48:31,291] {dag.py:2927} INFO - Setting next_dagrun for example_task_group to 2024-04-03T23:48:31.291695+00:00, run_after=2024-04-04T23:48:31.291695+00:00
[2024-04-04 20:48:31,308] {processor.py:161} INFO - Processing /home/dimitri/dimitri/airflowalura/venv/lib/python3.10/site-packages/airflow/example_dags/example_task_group.py took 0.048 seconds
[2024-04-04 20:49:05,492] {processor.py:153} INFO - Started process (PID=575027) to work on /home/dimitri/dimitri/airflowalura/venv/lib/python3.10/site-packages/airflow/example_dags/example_task_group.py
[2024-04-04 20:49:05,494] {processor.py:641} INFO - Processing file /home/dimitri/dimitri/airflowalura/venv/lib/python3.10/site-packages/airflow/example_dags/example_task_group.py for tasks to queue
[2024-04-04 20:49:05,494] {logging_mixin.py:115} INFO - [2024-04-04 20:49:05,494] {dagbag.py:507} INFO - Filling up the DagBag from /home/dimitri/dimitri/airflowalura/venv/lib/python3.10/site-packages/airflow/example_dags/example_task_group.py
[2024-04-04 20:49:05,498] {processor.py:651} INFO - DAG(s) dict_keys(['example_task_group']) retrieved from /home/dimitri/dimitri/airflowalura/venv/lib/python3.10/site-packages/airflow/example_dags/example_task_group.py
[2024-04-04 20:49:05,510] {logging_mixin.py:115} INFO - [2024-04-04 20:49:05,510] {dag.py:2379} INFO - Sync 1 DAGs
[2024-04-04 20:49:05,519] {logging_mixin.py:115} INFO - [2024-04-04 20:49:05,518] {dag.py:2927} INFO - Setting next_dagrun for example_task_group to 2024-04-03T23:49:05.518816+00:00, run_after=2024-04-04T23:49:05.518816+00:00
[2024-04-04 20:49:05,536] {processor.py:161} INFO - Processing /home/dimitri/dimitri/airflowalura/venv/lib/python3.10/site-packages/airflow/example_dags/example_task_group.py took 0.046 seconds
[2024-04-04 20:49:37,114] {processor.py:153} INFO - Started process (PID=575150) to work on /home/dimitri/dimitri/airflowalura/venv/lib/python3.10/site-packages/airflow/example_dags/example_task_group.py
[2024-04-04 20:49:37,117] {processor.py:641} INFO - Processing file /home/dimitri/dimitri/airflowalura/venv/lib/python3.10/site-packages/airflow/example_dags/example_task_group.py for tasks to queue
[2024-04-04 20:49:37,117] {logging_mixin.py:115} INFO - [2024-04-04 20:49:37,117] {dagbag.py:507} INFO - Filling up the DagBag from /home/dimitri/dimitri/airflowalura/venv/lib/python3.10/site-packages/airflow/example_dags/example_task_group.py
[2024-04-04 20:49:37,121] {processor.py:651} INFO - DAG(s) dict_keys(['example_task_group']) retrieved from /home/dimitri/dimitri/airflowalura/venv/lib/python3.10/site-packages/airflow/example_dags/example_task_group.py
[2024-04-04 20:49:37,133] {logging_mixin.py:115} INFO - [2024-04-04 20:49:37,133] {dag.py:2379} INFO - Sync 1 DAGs
[2024-04-04 20:49:37,143] {logging_mixin.py:115} INFO - [2024-04-04 20:49:37,143] {dag.py:2927} INFO - Setting next_dagrun for example_task_group to 2024-04-03T23:49:37.143472+00:00, run_after=2024-04-04T23:49:37.143472+00:00
[2024-04-04 20:49:37,160] {processor.py:161} INFO - Processing /home/dimitri/dimitri/airflowalura/venv/lib/python3.10/site-packages/airflow/example_dags/example_task_group.py took 0.049 seconds
[2024-04-04 20:50:10,256] {processor.py:153} INFO - Started process (PID=575283) to work on /home/dimitri/dimitri/airflowalura/venv/lib/python3.10/site-packages/airflow/example_dags/example_task_group.py
[2024-04-04 20:50:10,257] {processor.py:641} INFO - Processing file /home/dimitri/dimitri/airflowalura/venv/lib/python3.10/site-packages/airflow/example_dags/example_task_group.py for tasks to queue
[2024-04-04 20:50:10,257] {logging_mixin.py:115} INFO - [2024-04-04 20:50:10,257] {dagbag.py:507} INFO - Filling up the DagBag from /home/dimitri/dimitri/airflowalura/venv/lib/python3.10/site-packages/airflow/example_dags/example_task_group.py
[2024-04-04 20:50:10,262] {processor.py:651} INFO - DAG(s) dict_keys(['example_task_group']) retrieved from /home/dimitri/dimitri/airflowalura/venv/lib/python3.10/site-packages/airflow/example_dags/example_task_group.py
[2024-04-04 20:50:10,275] {logging_mixin.py:115} INFO - [2024-04-04 20:50:10,275] {dag.py:2379} INFO - Sync 1 DAGs
[2024-04-04 20:50:10,284] {logging_mixin.py:115} INFO - [2024-04-04 20:50:10,284] {dag.py:2927} INFO - Setting next_dagrun for example_task_group to 2024-04-03T23:50:10.284668+00:00, run_after=2024-04-04T23:50:10.284668+00:00
[2024-04-04 20:50:10,301] {processor.py:161} INFO - Processing /home/dimitri/dimitri/airflowalura/venv/lib/python3.10/site-packages/airflow/example_dags/example_task_group.py took 0.047 seconds
[2024-04-04 20:50:45,278] {processor.py:153} INFO - Started process (PID=575415) to work on /home/dimitri/dimitri/airflowalura/venv/lib/python3.10/site-packages/airflow/example_dags/example_task_group.py
[2024-04-04 20:50:45,282] {processor.py:641} INFO - Processing file /home/dimitri/dimitri/airflowalura/venv/lib/python3.10/site-packages/airflow/example_dags/example_task_group.py for tasks to queue
[2024-04-04 20:50:45,282] {logging_mixin.py:115} INFO - [2024-04-04 20:50:45,282] {dagbag.py:507} INFO - Filling up the DagBag from /home/dimitri/dimitri/airflowalura/venv/lib/python3.10/site-packages/airflow/example_dags/example_task_group.py
[2024-04-04 20:50:45,288] {processor.py:651} INFO - DAG(s) dict_keys(['example_task_group']) retrieved from /home/dimitri/dimitri/airflowalura/venv/lib/python3.10/site-packages/airflow/example_dags/example_task_group.py
[2024-04-04 20:50:45,304] {logging_mixin.py:115} INFO - [2024-04-04 20:50:45,304] {dag.py:2379} INFO - Sync 1 DAGs
[2024-04-04 20:50:45,316] {logging_mixin.py:115} INFO - [2024-04-04 20:50:45,316] {dag.py:2927} INFO - Setting next_dagrun for example_task_group to 2024-04-03T23:50:45.316049+00:00, run_after=2024-04-04T23:50:45.316049+00:00
[2024-04-04 20:50:45,334] {processor.py:161} INFO - Processing /home/dimitri/dimitri/airflowalura/venv/lib/python3.10/site-packages/airflow/example_dags/example_task_group.py took 0.058 seconds
[2024-04-04 20:51:18,372] {processor.py:153} INFO - Started process (PID=575545) to work on /home/dimitri/dimitri/airflowalura/venv/lib/python3.10/site-packages/airflow/example_dags/example_task_group.py
[2024-04-04 20:51:18,374] {processor.py:641} INFO - Processing file /home/dimitri/dimitri/airflowalura/venv/lib/python3.10/site-packages/airflow/example_dags/example_task_group.py for tasks to queue
[2024-04-04 20:51:18,374] {logging_mixin.py:115} INFO - [2024-04-04 20:51:18,374] {dagbag.py:507} INFO - Filling up the DagBag from /home/dimitri/dimitri/airflowalura/venv/lib/python3.10/site-packages/airflow/example_dags/example_task_group.py
[2024-04-04 20:51:18,380] {processor.py:651} INFO - DAG(s) dict_keys(['example_task_group']) retrieved from /home/dimitri/dimitri/airflowalura/venv/lib/python3.10/site-packages/airflow/example_dags/example_task_group.py
[2024-04-04 20:51:18,392] {logging_mixin.py:115} INFO - [2024-04-04 20:51:18,392] {dag.py:2379} INFO - Sync 1 DAGs
[2024-04-04 20:51:18,407] {logging_mixin.py:115} INFO - [2024-04-04 20:51:18,407] {dag.py:2927} INFO - Setting next_dagrun for example_task_group to 2024-04-03T23:51:18.407568+00:00, run_after=2024-04-04T23:51:18.407568+00:00
[2024-04-04 20:51:18,424] {processor.py:161} INFO - Processing /home/dimitri/dimitri/airflowalura/venv/lib/python3.10/site-packages/airflow/example_dags/example_task_group.py took 0.054 seconds
[2024-04-04 20:51:51,341] {processor.py:153} INFO - Started process (PID=575674) to work on /home/dimitri/dimitri/airflowalura/venv/lib/python3.10/site-packages/airflow/example_dags/example_task_group.py
[2024-04-04 20:51:51,342] {processor.py:641} INFO - Processing file /home/dimitri/dimitri/airflowalura/venv/lib/python3.10/site-packages/airflow/example_dags/example_task_group.py for tasks to queue
[2024-04-04 20:51:51,342] {logging_mixin.py:115} INFO - [2024-04-04 20:51:51,342] {dagbag.py:507} INFO - Filling up the DagBag from /home/dimitri/dimitri/airflowalura/venv/lib/python3.10/site-packages/airflow/example_dags/example_task_group.py
[2024-04-04 20:51:51,347] {processor.py:651} INFO - DAG(s) dict_keys(['example_task_group']) retrieved from /home/dimitri/dimitri/airflowalura/venv/lib/python3.10/site-packages/airflow/example_dags/example_task_group.py
[2024-04-04 20:51:51,361] {logging_mixin.py:115} INFO - [2024-04-04 20:51:51,361] {dag.py:2379} INFO - Sync 1 DAGs
[2024-04-04 20:51:51,372] {logging_mixin.py:115} INFO - [2024-04-04 20:51:51,372] {dag.py:2927} INFO - Setting next_dagrun for example_task_group to 2024-04-03T23:51:51.371866+00:00, run_after=2024-04-04T23:51:51.371866+00:00
[2024-04-04 20:51:51,390] {processor.py:161} INFO - Processing /home/dimitri/dimitri/airflowalura/venv/lib/python3.10/site-packages/airflow/example_dags/example_task_group.py took 0.051 seconds
[2024-04-04 20:52:27,160] {processor.py:153} INFO - Started process (PID=575812) to work on /home/dimitri/dimitri/airflowalura/venv/lib/python3.10/site-packages/airflow/example_dags/example_task_group.py
[2024-04-04 20:52:27,162] {processor.py:641} INFO - Processing file /home/dimitri/dimitri/airflowalura/venv/lib/python3.10/site-packages/airflow/example_dags/example_task_group.py for tasks to queue
[2024-04-04 20:52:27,162] {logging_mixin.py:115} INFO - [2024-04-04 20:52:27,162] {dagbag.py:507} INFO - Filling up the DagBag from /home/dimitri/dimitri/airflowalura/venv/lib/python3.10/site-packages/airflow/example_dags/example_task_group.py
[2024-04-04 20:52:27,167] {processor.py:651} INFO - DAG(s) dict_keys(['example_task_group']) retrieved from /home/dimitri/dimitri/airflowalura/venv/lib/python3.10/site-packages/airflow/example_dags/example_task_group.py
[2024-04-04 20:52:27,182] {logging_mixin.py:115} INFO - [2024-04-04 20:52:27,182] {dag.py:2379} INFO - Sync 1 DAGs
[2024-04-04 20:52:27,195] {logging_mixin.py:115} INFO - [2024-04-04 20:52:27,195] {dag.py:2927} INFO - Setting next_dagrun for example_task_group to 2024-04-03T23:52:27.195600+00:00, run_after=2024-04-04T23:52:27.195600+00:00
[2024-04-04 20:52:27,214] {processor.py:161} INFO - Processing /home/dimitri/dimitri/airflowalura/venv/lib/python3.10/site-packages/airflow/example_dags/example_task_group.py took 0.056 seconds
[2024-04-04 20:53:02,125] {processor.py:153} INFO - Started process (PID=575948) to work on /home/dimitri/dimitri/airflowalura/venv/lib/python3.10/site-packages/airflow/example_dags/example_task_group.py
[2024-04-04 20:53:02,126] {processor.py:641} INFO - Processing file /home/dimitri/dimitri/airflowalura/venv/lib/python3.10/site-packages/airflow/example_dags/example_task_group.py for tasks to queue
[2024-04-04 20:53:02,126] {logging_mixin.py:115} INFO - [2024-04-04 20:53:02,126] {dagbag.py:507} INFO - Filling up the DagBag from /home/dimitri/dimitri/airflowalura/venv/lib/python3.10/site-packages/airflow/example_dags/example_task_group.py
[2024-04-04 20:53:02,130] {processor.py:651} INFO - DAG(s) dict_keys(['example_task_group']) retrieved from /home/dimitri/dimitri/airflowalura/venv/lib/python3.10/site-packages/airflow/example_dags/example_task_group.py
[2024-04-04 20:53:02,142] {logging_mixin.py:115} INFO - [2024-04-04 20:53:02,141] {dag.py:2379} INFO - Sync 1 DAGs
[2024-04-04 20:53:02,150] {logging_mixin.py:115} INFO - [2024-04-04 20:53:02,150] {dag.py:2927} INFO - Setting next_dagrun for example_task_group to 2024-04-03T23:53:02.150754+00:00, run_after=2024-04-04T23:53:02.150754+00:00
[2024-04-04 20:53:02,165] {processor.py:161} INFO - Processing /home/dimitri/dimitri/airflowalura/venv/lib/python3.10/site-packages/airflow/example_dags/example_task_group.py took 0.043 seconds
[2024-04-04 20:53:34,297] {processor.py:153} INFO - Started process (PID=576071) to work on /home/dimitri/dimitri/airflowalura/venv/lib/python3.10/site-packages/airflow/example_dags/example_task_group.py
[2024-04-04 20:53:34,299] {processor.py:641} INFO - Processing file /home/dimitri/dimitri/airflowalura/venv/lib/python3.10/site-packages/airflow/example_dags/example_task_group.py for tasks to queue
[2024-04-04 20:53:34,299] {logging_mixin.py:115} INFO - [2024-04-04 20:53:34,299] {dagbag.py:507} INFO - Filling up the DagBag from /home/dimitri/dimitri/airflowalura/venv/lib/python3.10/site-packages/airflow/example_dags/example_task_group.py
[2024-04-04 20:53:34,305] {processor.py:651} INFO - DAG(s) dict_keys(['example_task_group']) retrieved from /home/dimitri/dimitri/airflowalura/venv/lib/python3.10/site-packages/airflow/example_dags/example_task_group.py
[2024-04-04 20:53:34,317] {logging_mixin.py:115} INFO - [2024-04-04 20:53:34,317] {dag.py:2379} INFO - Sync 1 DAGs
[2024-04-04 20:53:34,327] {logging_mixin.py:115} INFO - [2024-04-04 20:53:34,327] {dag.py:2927} INFO - Setting next_dagrun for example_task_group to 2024-04-03T23:53:34.327142+00:00, run_after=2024-04-04T23:53:34.327142+00:00
[2024-04-04 20:53:34,342] {processor.py:161} INFO - Processing /home/dimitri/dimitri/airflowalura/venv/lib/python3.10/site-packages/airflow/example_dags/example_task_group.py took 0.049 seconds
[2024-04-04 20:54:07,794] {processor.py:153} INFO - Started process (PID=576204) to work on /home/dimitri/dimitri/airflowalura/venv/lib/python3.10/site-packages/airflow/example_dags/example_task_group.py
[2024-04-04 20:54:07,797] {processor.py:641} INFO - Processing file /home/dimitri/dimitri/airflowalura/venv/lib/python3.10/site-packages/airflow/example_dags/example_task_group.py for tasks to queue
[2024-04-04 20:54:07,798] {logging_mixin.py:115} INFO - [2024-04-04 20:54:07,798] {dagbag.py:507} INFO - Filling up the DagBag from /home/dimitri/dimitri/airflowalura/venv/lib/python3.10/site-packages/airflow/example_dags/example_task_group.py
[2024-04-04 20:54:07,804] {processor.py:651} INFO - DAG(s) dict_keys(['example_task_group']) retrieved from /home/dimitri/dimitri/airflowalura/venv/lib/python3.10/site-packages/airflow/example_dags/example_task_group.py
[2024-04-04 20:54:07,821] {logging_mixin.py:115} INFO - [2024-04-04 20:54:07,821] {dag.py:2379} INFO - Sync 1 DAGs
[2024-04-04 20:54:07,834] {logging_mixin.py:115} INFO - [2024-04-04 20:54:07,834] {dag.py:2927} INFO - Setting next_dagrun for example_task_group to 2024-04-03T23:54:07.834662+00:00, run_after=2024-04-04T23:54:07.834662+00:00
[2024-04-04 20:54:07,853] {processor.py:161} INFO - Processing /home/dimitri/dimitri/airflowalura/venv/lib/python3.10/site-packages/airflow/example_dags/example_task_group.py took 0.060 seconds
[2024-04-04 20:54:40,068] {processor.py:153} INFO - Started process (PID=576331) to work on /home/dimitri/dimitri/airflowalura/venv/lib/python3.10/site-packages/airflow/example_dags/example_task_group.py
[2024-04-04 20:54:40,070] {processor.py:641} INFO - Processing file /home/dimitri/dimitri/airflowalura/venv/lib/python3.10/site-packages/airflow/example_dags/example_task_group.py for tasks to queue
[2024-04-04 20:54:40,071] {logging_mixin.py:115} INFO - [2024-04-04 20:54:40,071] {dagbag.py:507} INFO - Filling up the DagBag from /home/dimitri/dimitri/airflowalura/venv/lib/python3.10/site-packages/airflow/example_dags/example_task_group.py
[2024-04-04 20:54:40,077] {processor.py:651} INFO - DAG(s) dict_keys(['example_task_group']) retrieved from /home/dimitri/dimitri/airflowalura/venv/lib/python3.10/site-packages/airflow/example_dags/example_task_group.py
[2024-04-04 20:54:40,089] {logging_mixin.py:115} INFO - [2024-04-04 20:54:40,089] {dag.py:2379} INFO - Sync 1 DAGs
[2024-04-04 20:54:40,100] {logging_mixin.py:115} INFO - [2024-04-04 20:54:40,100] {dag.py:2927} INFO - Setting next_dagrun for example_task_group to 2024-04-03T23:54:40.100559+00:00, run_after=2024-04-04T23:54:40.100559+00:00
[2024-04-04 20:54:40,116] {processor.py:161} INFO - Processing /home/dimitri/dimitri/airflowalura/venv/lib/python3.10/site-packages/airflow/example_dags/example_task_group.py took 0.052 seconds
[2024-04-04 20:55:15,922] {processor.py:153} INFO - Started process (PID=576470) to work on /home/dimitri/dimitri/airflowalura/venv/lib/python3.10/site-packages/airflow/example_dags/example_task_group.py
[2024-04-04 20:55:15,923] {processor.py:641} INFO - Processing file /home/dimitri/dimitri/airflowalura/venv/lib/python3.10/site-packages/airflow/example_dags/example_task_group.py for tasks to queue
[2024-04-04 20:55:15,923] {logging_mixin.py:115} INFO - [2024-04-04 20:55:15,923] {dagbag.py:507} INFO - Filling up the DagBag from /home/dimitri/dimitri/airflowalura/venv/lib/python3.10/site-packages/airflow/example_dags/example_task_group.py
[2024-04-04 20:55:15,928] {processor.py:651} INFO - DAG(s) dict_keys(['example_task_group']) retrieved from /home/dimitri/dimitri/airflowalura/venv/lib/python3.10/site-packages/airflow/example_dags/example_task_group.py
[2024-04-04 20:55:15,940] {logging_mixin.py:115} INFO - [2024-04-04 20:55:15,940] {dag.py:2379} INFO - Sync 1 DAGs
[2024-04-04 20:55:15,950] {logging_mixin.py:115} INFO - [2024-04-04 20:55:15,950] {dag.py:2927} INFO - Setting next_dagrun for example_task_group to 2024-04-03T23:55:15.949942+00:00, run_after=2024-04-04T23:55:15.949942+00:00
[2024-04-04 20:55:15,966] {processor.py:161} INFO - Processing /home/dimitri/dimitri/airflowalura/venv/lib/python3.10/site-packages/airflow/example_dags/example_task_group.py took 0.047 seconds
[2024-04-04 20:55:52,572] {processor.py:153} INFO - Started process (PID=576616) to work on /home/dimitri/dimitri/airflowalura/venv/lib/python3.10/site-packages/airflow/example_dags/example_task_group.py
[2024-04-04 20:55:52,574] {processor.py:641} INFO - Processing file /home/dimitri/dimitri/airflowalura/venv/lib/python3.10/site-packages/airflow/example_dags/example_task_group.py for tasks to queue
[2024-04-04 20:55:52,575] {logging_mixin.py:115} INFO - [2024-04-04 20:55:52,575] {dagbag.py:507} INFO - Filling up the DagBag from /home/dimitri/dimitri/airflowalura/venv/lib/python3.10/site-packages/airflow/example_dags/example_task_group.py
[2024-04-04 20:55:52,580] {processor.py:651} INFO - DAG(s) dict_keys(['example_task_group']) retrieved from /home/dimitri/dimitri/airflowalura/venv/lib/python3.10/site-packages/airflow/example_dags/example_task_group.py
[2024-04-04 20:55:52,591] {logging_mixin.py:115} INFO - [2024-04-04 20:55:52,591] {dag.py:2379} INFO - Sync 1 DAGs
[2024-04-04 20:55:52,601] {logging_mixin.py:115} INFO - [2024-04-04 20:55:52,601] {dag.py:2927} INFO - Setting next_dagrun for example_task_group to 2024-04-03T23:55:52.601154+00:00, run_after=2024-04-04T23:55:52.601154+00:00
[2024-04-04 20:55:52,617] {processor.py:161} INFO - Processing /home/dimitri/dimitri/airflowalura/venv/lib/python3.10/site-packages/airflow/example_dags/example_task_group.py took 0.049 seconds
[2024-04-04 20:56:25,749] {processor.py:153} INFO - Started process (PID=576746) to work on /home/dimitri/dimitri/airflowalura/venv/lib/python3.10/site-packages/airflow/example_dags/example_task_group.py
[2024-04-04 20:56:25,751] {processor.py:641} INFO - Processing file /home/dimitri/dimitri/airflowalura/venv/lib/python3.10/site-packages/airflow/example_dags/example_task_group.py for tasks to queue
[2024-04-04 20:56:25,751] {logging_mixin.py:115} INFO - [2024-04-04 20:56:25,751] {dagbag.py:507} INFO - Filling up the DagBag from /home/dimitri/dimitri/airflowalura/venv/lib/python3.10/site-packages/airflow/example_dags/example_task_group.py
[2024-04-04 20:56:25,755] {processor.py:651} INFO - DAG(s) dict_keys(['example_task_group']) retrieved from /home/dimitri/dimitri/airflowalura/venv/lib/python3.10/site-packages/airflow/example_dags/example_task_group.py
[2024-04-04 20:56:25,769] {logging_mixin.py:115} INFO - [2024-04-04 20:56:25,769] {dag.py:2379} INFO - Sync 1 DAGs
[2024-04-04 20:56:25,781] {logging_mixin.py:115} INFO - [2024-04-04 20:56:25,781] {dag.py:2927} INFO - Setting next_dagrun for example_task_group to 2024-04-03T23:56:25.781464+00:00, run_after=2024-04-04T23:56:25.781464+00:00
[2024-04-04 20:56:25,799] {processor.py:161} INFO - Processing /home/dimitri/dimitri/airflowalura/venv/lib/python3.10/site-packages/airflow/example_dags/example_task_group.py took 0.052 seconds
[2024-04-04 20:57:01,883] {processor.py:153} INFO - Started process (PID=576885) to work on /home/dimitri/dimitri/airflowalura/venv/lib/python3.10/site-packages/airflow/example_dags/example_task_group.py
[2024-04-04 20:57:01,886] {processor.py:641} INFO - Processing file /home/dimitri/dimitri/airflowalura/venv/lib/python3.10/site-packages/airflow/example_dags/example_task_group.py for tasks to queue
[2024-04-04 20:57:01,886] {logging_mixin.py:115} INFO - [2024-04-04 20:57:01,886] {dagbag.py:507} INFO - Filling up the DagBag from /home/dimitri/dimitri/airflowalura/venv/lib/python3.10/site-packages/airflow/example_dags/example_task_group.py
[2024-04-04 20:57:01,891] {processor.py:651} INFO - DAG(s) dict_keys(['example_task_group']) retrieved from /home/dimitri/dimitri/airflowalura/venv/lib/python3.10/site-packages/airflow/example_dags/example_task_group.py
[2024-04-04 20:57:01,903] {logging_mixin.py:115} INFO - [2024-04-04 20:57:01,902] {dag.py:2379} INFO - Sync 1 DAGs
[2024-04-04 20:57:01,913] {logging_mixin.py:115} INFO - [2024-04-04 20:57:01,913] {dag.py:2927} INFO - Setting next_dagrun for example_task_group to 2024-04-03T23:57:01.913348+00:00, run_after=2024-04-04T23:57:01.913348+00:00
[2024-04-04 20:57:01,929] {processor.py:161} INFO - Processing /home/dimitri/dimitri/airflowalura/venv/lib/python3.10/site-packages/airflow/example_dags/example_task_group.py took 0.048 seconds
[2024-04-04 20:57:35,617] {processor.py:153} INFO - Started process (PID=577017) to work on /home/dimitri/dimitri/airflowalura/venv/lib/python3.10/site-packages/airflow/example_dags/example_task_group.py
[2024-04-04 20:57:35,618] {processor.py:641} INFO - Processing file /home/dimitri/dimitri/airflowalura/venv/lib/python3.10/site-packages/airflow/example_dags/example_task_group.py for tasks to queue
[2024-04-04 20:57:35,618] {logging_mixin.py:115} INFO - [2024-04-04 20:57:35,618] {dagbag.py:507} INFO - Filling up the DagBag from /home/dimitri/dimitri/airflowalura/venv/lib/python3.10/site-packages/airflow/example_dags/example_task_group.py
[2024-04-04 20:57:35,623] {processor.py:651} INFO - DAG(s) dict_keys(['example_task_group']) retrieved from /home/dimitri/dimitri/airflowalura/venv/lib/python3.10/site-packages/airflow/example_dags/example_task_group.py
[2024-04-04 20:57:35,635] {logging_mixin.py:115} INFO - [2024-04-04 20:57:35,634] {dag.py:2379} INFO - Sync 1 DAGs
[2024-04-04 20:57:35,644] {logging_mixin.py:115} INFO - [2024-04-04 20:57:35,644] {dag.py:2927} INFO - Setting next_dagrun for example_task_group to 2024-04-03T23:57:35.644756+00:00, run_after=2024-04-04T23:57:35.644756+00:00
[2024-04-04 20:57:35,661] {processor.py:161} INFO - Processing /home/dimitri/dimitri/airflowalura/venv/lib/python3.10/site-packages/airflow/example_dags/example_task_group.py took 0.046 seconds
[2024-04-04 20:58:08,889] {processor.py:153} INFO - Started process (PID=577147) to work on /home/dimitri/dimitri/airflowalura/venv/lib/python3.10/site-packages/airflow/example_dags/example_task_group.py
[2024-04-04 20:58:08,891] {processor.py:641} INFO - Processing file /home/dimitri/dimitri/airflowalura/venv/lib/python3.10/site-packages/airflow/example_dags/example_task_group.py for tasks to queue
[2024-04-04 20:58:08,892] {logging_mixin.py:115} INFO - [2024-04-04 20:58:08,892] {dagbag.py:507} INFO - Filling up the DagBag from /home/dimitri/dimitri/airflowalura/venv/lib/python3.10/site-packages/airflow/example_dags/example_task_group.py
[2024-04-04 20:58:08,896] {processor.py:651} INFO - DAG(s) dict_keys(['example_task_group']) retrieved from /home/dimitri/dimitri/airflowalura/venv/lib/python3.10/site-packages/airflow/example_dags/example_task_group.py
[2024-04-04 20:58:08,907] {logging_mixin.py:115} INFO - [2024-04-04 20:58:08,907] {dag.py:2379} INFO - Sync 1 DAGs
[2024-04-04 20:58:08,919] {logging_mixin.py:115} INFO - [2024-04-04 20:58:08,919] {dag.py:2927} INFO - Setting next_dagrun for example_task_group to 2024-04-03T23:58:08.919077+00:00, run_after=2024-04-04T23:58:08.919077+00:00
[2024-04-04 20:58:08,935] {processor.py:161} INFO - Processing /home/dimitri/dimitri/airflowalura/venv/lib/python3.10/site-packages/airflow/example_dags/example_task_group.py took 0.047 seconds
[2024-04-04 20:58:45,666] {processor.py:153} INFO - Started process (PID=577294) to work on /home/dimitri/dimitri/airflowalura/venv/lib/python3.10/site-packages/airflow/example_dags/example_task_group.py
[2024-04-04 20:58:45,667] {processor.py:641} INFO - Processing file /home/dimitri/dimitri/airflowalura/venv/lib/python3.10/site-packages/airflow/example_dags/example_task_group.py for tasks to queue
[2024-04-04 20:58:45,667] {logging_mixin.py:115} INFO - [2024-04-04 20:58:45,667] {dagbag.py:507} INFO - Filling up the DagBag from /home/dimitri/dimitri/airflowalura/venv/lib/python3.10/site-packages/airflow/example_dags/example_task_group.py
[2024-04-04 20:58:45,671] {processor.py:651} INFO - DAG(s) dict_keys(['example_task_group']) retrieved from /home/dimitri/dimitri/airflowalura/venv/lib/python3.10/site-packages/airflow/example_dags/example_task_group.py
[2024-04-04 20:58:45,684] {logging_mixin.py:115} INFO - [2024-04-04 20:58:45,684] {dag.py:2379} INFO - Sync 1 DAGs
[2024-04-04 20:58:45,694] {logging_mixin.py:115} INFO - [2024-04-04 20:58:45,694] {dag.py:2927} INFO - Setting next_dagrun for example_task_group to 2024-04-03T23:58:45.694722+00:00, run_after=2024-04-04T23:58:45.694722+00:00
[2024-04-04 20:58:45,711] {processor.py:161} INFO - Processing /home/dimitri/dimitri/airflowalura/venv/lib/python3.10/site-packages/airflow/example_dags/example_task_group.py took 0.048 seconds
[2024-04-04 20:59:19,923] {processor.py:153} INFO - Started process (PID=577432) to work on /home/dimitri/dimitri/airflowalura/venv/lib/python3.10/site-packages/airflow/example_dags/example_task_group.py
[2024-04-04 20:59:19,926] {processor.py:641} INFO - Processing file /home/dimitri/dimitri/airflowalura/venv/lib/python3.10/site-packages/airflow/example_dags/example_task_group.py for tasks to queue
[2024-04-04 20:59:19,926] {logging_mixin.py:115} INFO - [2024-04-04 20:59:19,926] {dagbag.py:507} INFO - Filling up the DagBag from /home/dimitri/dimitri/airflowalura/venv/lib/python3.10/site-packages/airflow/example_dags/example_task_group.py
[2024-04-04 20:59:19,931] {processor.py:651} INFO - DAG(s) dict_keys(['example_task_group']) retrieved from /home/dimitri/dimitri/airflowalura/venv/lib/python3.10/site-packages/airflow/example_dags/example_task_group.py
[2024-04-04 20:59:19,943] {logging_mixin.py:115} INFO - [2024-04-04 20:59:19,943] {dag.py:2379} INFO - Sync 1 DAGs
[2024-04-04 20:59:19,953] {logging_mixin.py:115} INFO - [2024-04-04 20:59:19,953] {dag.py:2927} INFO - Setting next_dagrun for example_task_group to 2024-04-03T23:59:19.953152+00:00, run_after=2024-04-04T23:59:19.953152+00:00
[2024-04-04 20:59:19,969] {processor.py:161} INFO - Processing /home/dimitri/dimitri/airflowalura/venv/lib/python3.10/site-packages/airflow/example_dags/example_task_group.py took 0.049 seconds
[2024-04-04 20:59:54,384] {processor.py:153} INFO - Started process (PID=577564) to work on /home/dimitri/dimitri/airflowalura/venv/lib/python3.10/site-packages/airflow/example_dags/example_task_group.py
[2024-04-04 20:59:54,387] {processor.py:641} INFO - Processing file /home/dimitri/dimitri/airflowalura/venv/lib/python3.10/site-packages/airflow/example_dags/example_task_group.py for tasks to queue
[2024-04-04 20:59:54,387] {logging_mixin.py:115} INFO - [2024-04-04 20:59:54,387] {dagbag.py:507} INFO - Filling up the DagBag from /home/dimitri/dimitri/airflowalura/venv/lib/python3.10/site-packages/airflow/example_dags/example_task_group.py
[2024-04-04 20:59:54,391] {processor.py:651} INFO - DAG(s) dict_keys(['example_task_group']) retrieved from /home/dimitri/dimitri/airflowalura/venv/lib/python3.10/site-packages/airflow/example_dags/example_task_group.py
[2024-04-04 20:59:54,404] {logging_mixin.py:115} INFO - [2024-04-04 20:59:54,404] {dag.py:2379} INFO - Sync 1 DAGs
[2024-04-04 20:59:54,414] {logging_mixin.py:115} INFO - [2024-04-04 20:59:54,414] {dag.py:2927} INFO - Setting next_dagrun for example_task_group to 2024-04-03T23:59:54.414165+00:00, run_after=2024-04-04T23:59:54.414165+00:00
[2024-04-04 20:59:54,431] {processor.py:161} INFO - Processing /home/dimitri/dimitri/airflowalura/venv/lib/python3.10/site-packages/airflow/example_dags/example_task_group.py took 0.049 seconds
