[2024-04-04 20:29:16,196] {processor.py:153} INFO - Started process (PID=569890) to work on /home/dimitri/dimitri/airflowalura/venv/lib/python3.10/site-packages/airflow/example_dags/example_time_delta_sensor_async.py
[2024-04-04 20:29:16,197] {processor.py:641} INFO - Processing file /home/dimitri/dimitri/airflowalura/venv/lib/python3.10/site-packages/airflow/example_dags/example_time_delta_sensor_async.py for tasks to queue
[2024-04-04 20:29:16,197] {logging_mixin.py:115} INFO - [2024-04-04 20:29:16,197] {dagbag.py:507} INFO - Filling up the DagBag from /home/dimitri/dimitri/airflowalura/venv/lib/python3.10/site-packages/airflow/example_dags/example_time_delta_sensor_async.py
[2024-04-04 20:29:16,202] {processor.py:651} INFO - DAG(s) dict_keys(['example_time_delta_sensor_async']) retrieved from /home/dimitri/dimitri/airflowalura/venv/lib/python3.10/site-packages/airflow/example_dags/example_time_delta_sensor_async.py
[2024-04-04 20:29:16,260] {logging_mixin.py:115} INFO - [2024-04-04 20:29:16,260] {manager.py:508} INFO - Created Permission View: can read on DAG:example_time_delta_sensor_async
[2024-04-04 20:29:16,276] {logging_mixin.py:115} INFO - [2024-04-04 20:29:16,276] {manager.py:508} INFO - Created Permission View: can edit on DAG:example_time_delta_sensor_async
[2024-04-04 20:29:16,288] {logging_mixin.py:115} INFO - [2024-04-04 20:29:16,288] {manager.py:508} INFO - Created Permission View: can delete on DAG:example_time_delta_sensor_async
[2024-04-04 20:29:16,288] {logging_mixin.py:115} INFO - [2024-04-04 20:29:16,288] {dag.py:2379} INFO - Sync 1 DAGs
[2024-04-04 20:29:16,293] {logging_mixin.py:115} INFO - [2024-04-04 20:29:16,293] {dag.py:2398} INFO - Creating ORM DAG for example_time_delta_sensor_async
[2024-04-04 20:29:16,299] {logging_mixin.py:115} INFO - [2024-04-04 20:29:16,299] {dag.py:2927} INFO - Setting next_dagrun for example_time_delta_sensor_async to None, run_after=None
[2024-04-04 20:29:16,315] {processor.py:161} INFO - Processing /home/dimitri/dimitri/airflowalura/venv/lib/python3.10/site-packages/airflow/example_dags/example_time_delta_sensor_async.py took 0.122 seconds
[2024-04-04 20:29:51,165] {processor.py:153} INFO - Started process (PID=570272) to work on /home/dimitri/dimitri/airflowalura/venv/lib/python3.10/site-packages/airflow/example_dags/example_time_delta_sensor_async.py
[2024-04-04 20:29:51,167] {processor.py:641} INFO - Processing file /home/dimitri/dimitri/airflowalura/venv/lib/python3.10/site-packages/airflow/example_dags/example_time_delta_sensor_async.py for tasks to queue
[2024-04-04 20:29:51,167] {logging_mixin.py:115} INFO - [2024-04-04 20:29:51,167] {dagbag.py:507} INFO - Filling up the DagBag from /home/dimitri/dimitri/airflowalura/venv/lib/python3.10/site-packages/airflow/example_dags/example_time_delta_sensor_async.py
[2024-04-04 20:29:51,171] {processor.py:651} INFO - DAG(s) dict_keys(['example_time_delta_sensor_async']) retrieved from /home/dimitri/dimitri/airflowalura/venv/lib/python3.10/site-packages/airflow/example_dags/example_time_delta_sensor_async.py
[2024-04-04 20:29:51,187] {logging_mixin.py:115} INFO - [2024-04-04 20:29:51,186] {dag.py:2379} INFO - Sync 1 DAGs
[2024-04-04 20:29:51,199] {logging_mixin.py:115} INFO - [2024-04-04 20:29:51,199] {dag.py:2927} INFO - Setting next_dagrun for example_time_delta_sensor_async to None, run_after=None
[2024-04-04 20:29:51,215] {processor.py:161} INFO - Processing /home/dimitri/dimitri/airflowalura/venv/lib/python3.10/site-packages/airflow/example_dags/example_time_delta_sensor_async.py took 0.052 seconds
[2024-04-04 20:30:23,831] {processor.py:153} INFO - Started process (PID=570409) to work on /home/dimitri/dimitri/airflowalura/venv/lib/python3.10/site-packages/airflow/example_dags/example_time_delta_sensor_async.py
[2024-04-04 20:30:23,834] {processor.py:641} INFO - Processing file /home/dimitri/dimitri/airflowalura/venv/lib/python3.10/site-packages/airflow/example_dags/example_time_delta_sensor_async.py for tasks to queue
[2024-04-04 20:30:23,834] {logging_mixin.py:115} INFO - [2024-04-04 20:30:23,834] {dagbag.py:507} INFO - Filling up the DagBag from /home/dimitri/dimitri/airflowalura/venv/lib/python3.10/site-packages/airflow/example_dags/example_time_delta_sensor_async.py
[2024-04-04 20:30:23,838] {processor.py:651} INFO - DAG(s) dict_keys(['example_time_delta_sensor_async']) retrieved from /home/dimitri/dimitri/airflowalura/venv/lib/python3.10/site-packages/airflow/example_dags/example_time_delta_sensor_async.py
[2024-04-04 20:30:23,849] {logging_mixin.py:115} INFO - [2024-04-04 20:30:23,849] {dag.py:2379} INFO - Sync 1 DAGs
[2024-04-04 20:30:23,860] {logging_mixin.py:115} INFO - [2024-04-04 20:30:23,859] {dag.py:2927} INFO - Setting next_dagrun for example_time_delta_sensor_async to None, run_after=None
[2024-04-04 20:30:23,876] {processor.py:161} INFO - Processing /home/dimitri/dimitri/airflowalura/venv/lib/python3.10/site-packages/airflow/example_dags/example_time_delta_sensor_async.py took 0.047 seconds
[2024-04-04 20:30:57,242] {processor.py:153} INFO - Started process (PID=570539) to work on /home/dimitri/dimitri/airflowalura/venv/lib/python3.10/site-packages/airflow/example_dags/example_time_delta_sensor_async.py
[2024-04-04 20:30:57,245] {processor.py:641} INFO - Processing file /home/dimitri/dimitri/airflowalura/venv/lib/python3.10/site-packages/airflow/example_dags/example_time_delta_sensor_async.py for tasks to queue
[2024-04-04 20:30:57,245] {logging_mixin.py:115} INFO - [2024-04-04 20:30:57,245] {dagbag.py:507} INFO - Filling up the DagBag from /home/dimitri/dimitri/airflowalura/venv/lib/python3.10/site-packages/airflow/example_dags/example_time_delta_sensor_async.py
[2024-04-04 20:30:57,248] {processor.py:651} INFO - DAG(s) dict_keys(['example_time_delta_sensor_async']) retrieved from /home/dimitri/dimitri/airflowalura/venv/lib/python3.10/site-packages/airflow/example_dags/example_time_delta_sensor_async.py
[2024-04-04 20:30:57,260] {logging_mixin.py:115} INFO - [2024-04-04 20:30:57,260] {dag.py:2379} INFO - Sync 1 DAGs
[2024-04-04 20:30:57,271] {logging_mixin.py:115} INFO - [2024-04-04 20:30:57,271] {dag.py:2927} INFO - Setting next_dagrun for example_time_delta_sensor_async to None, run_after=None
[2024-04-04 20:30:57,288] {processor.py:161} INFO - Processing /home/dimitri/dimitri/airflowalura/venv/lib/python3.10/site-packages/airflow/example_dags/example_time_delta_sensor_async.py took 0.048 seconds
[2024-04-04 20:31:29,318] {processor.py:153} INFO - Started process (PID=570669) to work on /home/dimitri/dimitri/airflowalura/venv/lib/python3.10/site-packages/airflow/example_dags/example_time_delta_sensor_async.py
[2024-04-04 20:31:29,321] {processor.py:641} INFO - Processing file /home/dimitri/dimitri/airflowalura/venv/lib/python3.10/site-packages/airflow/example_dags/example_time_delta_sensor_async.py for tasks to queue
[2024-04-04 20:31:29,321] {logging_mixin.py:115} INFO - [2024-04-04 20:31:29,321] {dagbag.py:507} INFO - Filling up the DagBag from /home/dimitri/dimitri/airflowalura/venv/lib/python3.10/site-packages/airflow/example_dags/example_time_delta_sensor_async.py
[2024-04-04 20:31:29,325] {processor.py:651} INFO - DAG(s) dict_keys(['example_time_delta_sensor_async']) retrieved from /home/dimitri/dimitri/airflowalura/venv/lib/python3.10/site-packages/airflow/example_dags/example_time_delta_sensor_async.py
[2024-04-04 20:31:29,337] {logging_mixin.py:115} INFO - [2024-04-04 20:31:29,337] {dag.py:2379} INFO - Sync 1 DAGs
[2024-04-04 20:31:29,358] {logging_mixin.py:115} INFO - [2024-04-04 20:31:29,358] {dag.py:2927} INFO - Setting next_dagrun for example_time_delta_sensor_async to None, run_after=None
[2024-04-04 20:31:29,386] {processor.py:161} INFO - Processing /home/dimitri/dimitri/airflowalura/venv/lib/python3.10/site-packages/airflow/example_dags/example_time_delta_sensor_async.py took 0.069 seconds
[2024-04-04 20:32:04,269] {processor.py:153} INFO - Started process (PID=570807) to work on /home/dimitri/dimitri/airflowalura/venv/lib/python3.10/site-packages/airflow/example_dags/example_time_delta_sensor_async.py
[2024-04-04 20:32:04,272] {processor.py:641} INFO - Processing file /home/dimitri/dimitri/airflowalura/venv/lib/python3.10/site-packages/airflow/example_dags/example_time_delta_sensor_async.py for tasks to queue
[2024-04-04 20:32:04,272] {logging_mixin.py:115} INFO - [2024-04-04 20:32:04,272] {dagbag.py:507} INFO - Filling up the DagBag from /home/dimitri/dimitri/airflowalura/venv/lib/python3.10/site-packages/airflow/example_dags/example_time_delta_sensor_async.py
[2024-04-04 20:32:04,275] {processor.py:651} INFO - DAG(s) dict_keys(['example_time_delta_sensor_async']) retrieved from /home/dimitri/dimitri/airflowalura/venv/lib/python3.10/site-packages/airflow/example_dags/example_time_delta_sensor_async.py
[2024-04-04 20:32:04,288] {logging_mixin.py:115} INFO - [2024-04-04 20:32:04,287] {dag.py:2379} INFO - Sync 1 DAGs
[2024-04-04 20:32:04,298] {logging_mixin.py:115} INFO - [2024-04-04 20:32:04,298] {dag.py:2927} INFO - Setting next_dagrun for example_time_delta_sensor_async to None, run_after=None
[2024-04-04 20:32:04,314] {processor.py:161} INFO - Processing /home/dimitri/dimitri/airflowalura/venv/lib/python3.10/site-packages/airflow/example_dags/example_time_delta_sensor_async.py took 0.047 seconds
[2024-04-04 20:33:02,575] {processor.py:153} INFO - Started process (PID=571179) to work on /home/dimitri/dimitri/airflowalura/venv/lib/python3.10/site-packages/airflow/example_dags/example_time_delta_sensor_async.py
[2024-04-04 20:33:02,577] {processor.py:641} INFO - Processing file /home/dimitri/dimitri/airflowalura/venv/lib/python3.10/site-packages/airflow/example_dags/example_time_delta_sensor_async.py for tasks to queue
[2024-04-04 20:33:02,578] {logging_mixin.py:115} INFO - [2024-04-04 20:33:02,578] {dagbag.py:507} INFO - Filling up the DagBag from /home/dimitri/dimitri/airflowalura/venv/lib/python3.10/site-packages/airflow/example_dags/example_time_delta_sensor_async.py
[2024-04-04 20:33:02,581] {processor.py:651} INFO - DAG(s) dict_keys(['example_time_delta_sensor_async']) retrieved from /home/dimitri/dimitri/airflowalura/venv/lib/python3.10/site-packages/airflow/example_dags/example_time_delta_sensor_async.py
[2024-04-04 20:33:02,596] {logging_mixin.py:115} INFO - [2024-04-04 20:33:02,596] {dag.py:2379} INFO - Sync 1 DAGs
[2024-04-04 20:33:02,607] {logging_mixin.py:115} INFO - [2024-04-04 20:33:02,607] {dag.py:2927} INFO - Setting next_dagrun for example_time_delta_sensor_async to None, run_after=None
[2024-04-04 20:33:02,644] {processor.py:161} INFO - Processing /home/dimitri/dimitri/airflowalura/venv/lib/python3.10/site-packages/airflow/example_dags/example_time_delta_sensor_async.py took 0.071 seconds
[2024-04-04 20:33:34,830] {processor.py:153} INFO - Started process (PID=571309) to work on /home/dimitri/dimitri/airflowalura/venv/lib/python3.10/site-packages/airflow/example_dags/example_time_delta_sensor_async.py
[2024-04-04 20:33:34,831] {processor.py:641} INFO - Processing file /home/dimitri/dimitri/airflowalura/venv/lib/python3.10/site-packages/airflow/example_dags/example_time_delta_sensor_async.py for tasks to queue
[2024-04-04 20:33:34,832] {logging_mixin.py:115} INFO - [2024-04-04 20:33:34,832] {dagbag.py:507} INFO - Filling up the DagBag from /home/dimitri/dimitri/airflowalura/venv/lib/python3.10/site-packages/airflow/example_dags/example_time_delta_sensor_async.py
[2024-04-04 20:33:34,835] {processor.py:651} INFO - DAG(s) dict_keys(['example_time_delta_sensor_async']) retrieved from /home/dimitri/dimitri/airflowalura/venv/lib/python3.10/site-packages/airflow/example_dags/example_time_delta_sensor_async.py
[2024-04-04 20:33:34,848] {logging_mixin.py:115} INFO - [2024-04-04 20:33:34,848] {dag.py:2379} INFO - Sync 1 DAGs
[2024-04-04 20:33:34,859] {logging_mixin.py:115} INFO - [2024-04-04 20:33:34,859] {dag.py:2927} INFO - Setting next_dagrun for example_time_delta_sensor_async to None, run_after=None
[2024-04-04 20:33:34,876] {processor.py:161} INFO - Processing /home/dimitri/dimitri/airflowalura/venv/lib/python3.10/site-packages/airflow/example_dags/example_time_delta_sensor_async.py took 0.047 seconds
[2024-04-04 20:34:09,326] {processor.py:153} INFO - Started process (PID=571448) to work on /home/dimitri/dimitri/airflowalura/venv/lib/python3.10/site-packages/airflow/example_dags/example_time_delta_sensor_async.py
[2024-04-04 20:34:09,328] {processor.py:641} INFO - Processing file /home/dimitri/dimitri/airflowalura/venv/lib/python3.10/site-packages/airflow/example_dags/example_time_delta_sensor_async.py for tasks to queue
[2024-04-04 20:34:09,329] {logging_mixin.py:115} INFO - [2024-04-04 20:34:09,329] {dagbag.py:507} INFO - Filling up the DagBag from /home/dimitri/dimitri/airflowalura/venv/lib/python3.10/site-packages/airflow/example_dags/example_time_delta_sensor_async.py
[2024-04-04 20:34:09,332] {processor.py:651} INFO - DAG(s) dict_keys(['example_time_delta_sensor_async']) retrieved from /home/dimitri/dimitri/airflowalura/venv/lib/python3.10/site-packages/airflow/example_dags/example_time_delta_sensor_async.py
[2024-04-04 20:34:09,345] {logging_mixin.py:115} INFO - [2024-04-04 20:34:09,345] {dag.py:2379} INFO - Sync 1 DAGs
[2024-04-04 20:34:09,354] {logging_mixin.py:115} INFO - [2024-04-04 20:34:09,354] {dag.py:2927} INFO - Setting next_dagrun for example_time_delta_sensor_async to None, run_after=None
[2024-04-04 20:34:09,370] {processor.py:161} INFO - Processing /home/dimitri/dimitri/airflowalura/venv/lib/python3.10/site-packages/airflow/example_dags/example_time_delta_sensor_async.py took 0.048 seconds
[2024-04-04 20:34:42,983] {processor.py:153} INFO - Started process (PID=571578) to work on /home/dimitri/dimitri/airflowalura/venv/lib/python3.10/site-packages/airflow/example_dags/example_time_delta_sensor_async.py
[2024-04-04 20:34:42,985] {processor.py:641} INFO - Processing file /home/dimitri/dimitri/airflowalura/venv/lib/python3.10/site-packages/airflow/example_dags/example_time_delta_sensor_async.py for tasks to queue
[2024-04-04 20:34:42,986] {logging_mixin.py:115} INFO - [2024-04-04 20:34:42,986] {dagbag.py:507} INFO - Filling up the DagBag from /home/dimitri/dimitri/airflowalura/venv/lib/python3.10/site-packages/airflow/example_dags/example_time_delta_sensor_async.py
[2024-04-04 20:34:42,989] {processor.py:651} INFO - DAG(s) dict_keys(['example_time_delta_sensor_async']) retrieved from /home/dimitri/dimitri/airflowalura/venv/lib/python3.10/site-packages/airflow/example_dags/example_time_delta_sensor_async.py
[2024-04-04 20:34:43,002] {logging_mixin.py:115} INFO - [2024-04-04 20:34:43,002] {dag.py:2379} INFO - Sync 1 DAGs
[2024-04-04 20:34:43,011] {logging_mixin.py:115} INFO - [2024-04-04 20:34:43,011] {dag.py:2927} INFO - Setting next_dagrun for example_time_delta_sensor_async to None, run_after=None
[2024-04-04 20:34:43,026] {processor.py:161} INFO - Processing /home/dimitri/dimitri/airflowalura/venv/lib/python3.10/site-packages/airflow/example_dags/example_time_delta_sensor_async.py took 0.045 seconds
[2024-04-04 20:35:15,574] {processor.py:153} INFO - Started process (PID=571712) to work on /home/dimitri/dimitri/airflowalura/venv/lib/python3.10/site-packages/airflow/example_dags/example_time_delta_sensor_async.py
[2024-04-04 20:35:15,577] {processor.py:641} INFO - Processing file /home/dimitri/dimitri/airflowalura/venv/lib/python3.10/site-packages/airflow/example_dags/example_time_delta_sensor_async.py for tasks to queue
[2024-04-04 20:35:15,577] {logging_mixin.py:115} INFO - [2024-04-04 20:35:15,577] {dagbag.py:507} INFO - Filling up the DagBag from /home/dimitri/dimitri/airflowalura/venv/lib/python3.10/site-packages/airflow/example_dags/example_time_delta_sensor_async.py
[2024-04-04 20:35:15,580] {processor.py:651} INFO - DAG(s) dict_keys(['example_time_delta_sensor_async']) retrieved from /home/dimitri/dimitri/airflowalura/venv/lib/python3.10/site-packages/airflow/example_dags/example_time_delta_sensor_async.py
[2024-04-04 20:35:15,594] {logging_mixin.py:115} INFO - [2024-04-04 20:35:15,594] {dag.py:2379} INFO - Sync 1 DAGs
[2024-04-04 20:35:15,605] {logging_mixin.py:115} INFO - [2024-04-04 20:35:15,605] {dag.py:2927} INFO - Setting next_dagrun for example_time_delta_sensor_async to None, run_after=None
[2024-04-04 20:35:15,620] {processor.py:161} INFO - Processing /home/dimitri/dimitri/airflowalura/venv/lib/python3.10/site-packages/airflow/example_dags/example_time_delta_sensor_async.py took 0.049 seconds
[2024-04-04 20:35:47,646] {processor.py:153} INFO - Started process (PID=571836) to work on /home/dimitri/dimitri/airflowalura/venv/lib/python3.10/site-packages/airflow/example_dags/example_time_delta_sensor_async.py
[2024-04-04 20:35:47,648] {processor.py:641} INFO - Processing file /home/dimitri/dimitri/airflowalura/venv/lib/python3.10/site-packages/airflow/example_dags/example_time_delta_sensor_async.py for tasks to queue
[2024-04-04 20:35:47,649] {logging_mixin.py:115} INFO - [2024-04-04 20:35:47,649] {dagbag.py:507} INFO - Filling up the DagBag from /home/dimitri/dimitri/airflowalura/venv/lib/python3.10/site-packages/airflow/example_dags/example_time_delta_sensor_async.py
[2024-04-04 20:35:47,653] {processor.py:651} INFO - DAG(s) dict_keys(['example_time_delta_sensor_async']) retrieved from /home/dimitri/dimitri/airflowalura/venv/lib/python3.10/site-packages/airflow/example_dags/example_time_delta_sensor_async.py
[2024-04-04 20:35:47,667] {logging_mixin.py:115} INFO - [2024-04-04 20:35:47,667] {dag.py:2379} INFO - Sync 1 DAGs
[2024-04-04 20:35:47,678] {logging_mixin.py:115} INFO - [2024-04-04 20:35:47,678] {dag.py:2927} INFO - Setting next_dagrun for example_time_delta_sensor_async to None, run_after=None
[2024-04-04 20:35:47,695] {processor.py:161} INFO - Processing /home/dimitri/dimitri/airflowalura/venv/lib/python3.10/site-packages/airflow/example_dags/example_time_delta_sensor_async.py took 0.051 seconds
[2024-04-04 20:36:31,711] {processor.py:153} INFO - Started process (PID=572022) to work on /home/dimitri/dimitri/airflowalura/venv/lib/python3.10/site-packages/airflow/example_dags/example_time_delta_sensor_async.py
[2024-04-04 20:36:31,712] {processor.py:641} INFO - Processing file /home/dimitri/dimitri/airflowalura/venv/lib/python3.10/site-packages/airflow/example_dags/example_time_delta_sensor_async.py for tasks to queue
[2024-04-04 20:36:31,713] {logging_mixin.py:115} INFO - [2024-04-04 20:36:31,713] {dagbag.py:507} INFO - Filling up the DagBag from /home/dimitri/dimitri/airflowalura/venv/lib/python3.10/site-packages/airflow/example_dags/example_time_delta_sensor_async.py
[2024-04-04 20:36:31,716] {processor.py:651} INFO - DAG(s) dict_keys(['example_time_delta_sensor_async']) retrieved from /home/dimitri/dimitri/airflowalura/venv/lib/python3.10/site-packages/airflow/example_dags/example_time_delta_sensor_async.py
[2024-04-04 20:36:31,733] {logging_mixin.py:115} INFO - [2024-04-04 20:36:31,733] {dag.py:2379} INFO - Sync 1 DAGs
[2024-04-04 20:36:31,742] {logging_mixin.py:115} INFO - [2024-04-04 20:36:31,742] {dag.py:2927} INFO - Setting next_dagrun for example_time_delta_sensor_async to None, run_after=None
[2024-04-04 20:36:31,759] {processor.py:161} INFO - Processing /home/dimitri/dimitri/airflowalura/venv/lib/python3.10/site-packages/airflow/example_dags/example_time_delta_sensor_async.py took 0.050 seconds
[2024-04-04 20:37:05,013] {processor.py:153} INFO - Started process (PID=572159) to work on /home/dimitri/dimitri/airflowalura/venv/lib/python3.10/site-packages/airflow/example_dags/example_time_delta_sensor_async.py
[2024-04-04 20:37:05,015] {processor.py:641} INFO - Processing file /home/dimitri/dimitri/airflowalura/venv/lib/python3.10/site-packages/airflow/example_dags/example_time_delta_sensor_async.py for tasks to queue
[2024-04-04 20:37:05,016] {logging_mixin.py:115} INFO - [2024-04-04 20:37:05,016] {dagbag.py:507} INFO - Filling up the DagBag from /home/dimitri/dimitri/airflowalura/venv/lib/python3.10/site-packages/airflow/example_dags/example_time_delta_sensor_async.py
[2024-04-04 20:37:05,020] {processor.py:651} INFO - DAG(s) dict_keys(['example_time_delta_sensor_async']) retrieved from /home/dimitri/dimitri/airflowalura/venv/lib/python3.10/site-packages/airflow/example_dags/example_time_delta_sensor_async.py
[2024-04-04 20:37:05,032] {logging_mixin.py:115} INFO - [2024-04-04 20:37:05,032] {dag.py:2379} INFO - Sync 1 DAGs
[2024-04-04 20:37:05,042] {logging_mixin.py:115} INFO - [2024-04-04 20:37:05,042] {dag.py:2927} INFO - Setting next_dagrun for example_time_delta_sensor_async to None, run_after=None
[2024-04-04 20:37:05,058] {processor.py:161} INFO - Processing /home/dimitri/dimitri/airflowalura/venv/lib/python3.10/site-packages/airflow/example_dags/example_time_delta_sensor_async.py took 0.048 seconds
[2024-04-04 20:37:41,011] {processor.py:153} INFO - Started process (PID=572296) to work on /home/dimitri/dimitri/airflowalura/venv/lib/python3.10/site-packages/airflow/example_dags/example_time_delta_sensor_async.py
[2024-04-04 20:37:41,013] {processor.py:641} INFO - Processing file /home/dimitri/dimitri/airflowalura/venv/lib/python3.10/site-packages/airflow/example_dags/example_time_delta_sensor_async.py for tasks to queue
[2024-04-04 20:37:41,013] {logging_mixin.py:115} INFO - [2024-04-04 20:37:41,013] {dagbag.py:507} INFO - Filling up the DagBag from /home/dimitri/dimitri/airflowalura/venv/lib/python3.10/site-packages/airflow/example_dags/example_time_delta_sensor_async.py
[2024-04-04 20:37:41,018] {processor.py:651} INFO - DAG(s) dict_keys(['example_time_delta_sensor_async']) retrieved from /home/dimitri/dimitri/airflowalura/venv/lib/python3.10/site-packages/airflow/example_dags/example_time_delta_sensor_async.py
[2024-04-04 20:37:41,032] {logging_mixin.py:115} INFO - [2024-04-04 20:37:41,032] {dag.py:2379} INFO - Sync 1 DAGs
[2024-04-04 20:37:41,041] {logging_mixin.py:115} INFO - [2024-04-04 20:37:41,041] {dag.py:2927} INFO - Setting next_dagrun for example_time_delta_sensor_async to None, run_after=None
[2024-04-04 20:37:41,056] {processor.py:161} INFO - Processing /home/dimitri/dimitri/airflowalura/venv/lib/python3.10/site-packages/airflow/example_dags/example_time_delta_sensor_async.py took 0.049 seconds
[2024-04-04 20:38:12,875] {processor.py:153} INFO - Started process (PID=572423) to work on /home/dimitri/dimitri/airflowalura/venv/lib/python3.10/site-packages/airflow/example_dags/example_time_delta_sensor_async.py
[2024-04-04 20:38:12,878] {processor.py:641} INFO - Processing file /home/dimitri/dimitri/airflowalura/venv/lib/python3.10/site-packages/airflow/example_dags/example_time_delta_sensor_async.py for tasks to queue
[2024-04-04 20:38:12,878] {logging_mixin.py:115} INFO - [2024-04-04 20:38:12,878] {dagbag.py:507} INFO - Filling up the DagBag from /home/dimitri/dimitri/airflowalura/venv/lib/python3.10/site-packages/airflow/example_dags/example_time_delta_sensor_async.py
[2024-04-04 20:38:12,881] {processor.py:651} INFO - DAG(s) dict_keys(['example_time_delta_sensor_async']) retrieved from /home/dimitri/dimitri/airflowalura/venv/lib/python3.10/site-packages/airflow/example_dags/example_time_delta_sensor_async.py
[2024-04-04 20:38:12,894] {logging_mixin.py:115} INFO - [2024-04-04 20:38:12,894] {dag.py:2379} INFO - Sync 1 DAGs
[2024-04-04 20:38:12,903] {logging_mixin.py:115} INFO - [2024-04-04 20:38:12,903] {dag.py:2927} INFO - Setting next_dagrun for example_time_delta_sensor_async to None, run_after=None
[2024-04-04 20:38:12,918] {processor.py:161} INFO - Processing /home/dimitri/dimitri/airflowalura/venv/lib/python3.10/site-packages/airflow/example_dags/example_time_delta_sensor_async.py took 0.045 seconds
[2024-04-04 20:38:47,755] {processor.py:153} INFO - Started process (PID=572562) to work on /home/dimitri/dimitri/airflowalura/venv/lib/python3.10/site-packages/airflow/example_dags/example_time_delta_sensor_async.py
[2024-04-04 20:38:47,758] {processor.py:641} INFO - Processing file /home/dimitri/dimitri/airflowalura/venv/lib/python3.10/site-packages/airflow/example_dags/example_time_delta_sensor_async.py for tasks to queue
[2024-04-04 20:38:47,758] {logging_mixin.py:115} INFO - [2024-04-04 20:38:47,758] {dagbag.py:507} INFO - Filling up the DagBag from /home/dimitri/dimitri/airflowalura/venv/lib/python3.10/site-packages/airflow/example_dags/example_time_delta_sensor_async.py
[2024-04-04 20:38:47,762] {processor.py:651} INFO - DAG(s) dict_keys(['example_time_delta_sensor_async']) retrieved from /home/dimitri/dimitri/airflowalura/venv/lib/python3.10/site-packages/airflow/example_dags/example_time_delta_sensor_async.py
[2024-04-04 20:38:47,777] {logging_mixin.py:115} INFO - [2024-04-04 20:38:47,777] {dag.py:2379} INFO - Sync 1 DAGs
[2024-04-04 20:38:47,786] {logging_mixin.py:115} INFO - [2024-04-04 20:38:47,786] {dag.py:2927} INFO - Setting next_dagrun for example_time_delta_sensor_async to None, run_after=None
[2024-04-04 20:38:47,801] {processor.py:161} INFO - Processing /home/dimitri/dimitri/airflowalura/venv/lib/python3.10/site-packages/airflow/example_dags/example_time_delta_sensor_async.py took 0.049 seconds
[2024-04-04 20:39:22,445] {processor.py:153} INFO - Started process (PID=572697) to work on /home/dimitri/dimitri/airflowalura/venv/lib/python3.10/site-packages/airflow/example_dags/example_time_delta_sensor_async.py
[2024-04-04 20:39:22,446] {processor.py:641} INFO - Processing file /home/dimitri/dimitri/airflowalura/venv/lib/python3.10/site-packages/airflow/example_dags/example_time_delta_sensor_async.py for tasks to queue
[2024-04-04 20:39:22,447] {logging_mixin.py:115} INFO - [2024-04-04 20:39:22,447] {dagbag.py:507} INFO - Filling up the DagBag from /home/dimitri/dimitri/airflowalura/venv/lib/python3.10/site-packages/airflow/example_dags/example_time_delta_sensor_async.py
[2024-04-04 20:39:22,450] {processor.py:651} INFO - DAG(s) dict_keys(['example_time_delta_sensor_async']) retrieved from /home/dimitri/dimitri/airflowalura/venv/lib/python3.10/site-packages/airflow/example_dags/example_time_delta_sensor_async.py
[2024-04-04 20:39:22,464] {logging_mixin.py:115} INFO - [2024-04-04 20:39:22,464] {dag.py:2379} INFO - Sync 1 DAGs
[2024-04-04 20:39:22,473] {logging_mixin.py:115} INFO - [2024-04-04 20:39:22,473] {dag.py:2927} INFO - Setting next_dagrun for example_time_delta_sensor_async to None, run_after=None
[2024-04-04 20:39:22,489] {processor.py:161} INFO - Processing /home/dimitri/dimitri/airflowalura/venv/lib/python3.10/site-packages/airflow/example_dags/example_time_delta_sensor_async.py took 0.046 seconds
[2024-04-04 20:39:56,134] {processor.py:153} INFO - Started process (PID=572832) to work on /home/dimitri/dimitri/airflowalura/venv/lib/python3.10/site-packages/airflow/example_dags/example_time_delta_sensor_async.py
[2024-04-04 20:39:56,135] {processor.py:641} INFO - Processing file /home/dimitri/dimitri/airflowalura/venv/lib/python3.10/site-packages/airflow/example_dags/example_time_delta_sensor_async.py for tasks to queue
[2024-04-04 20:39:56,135] {logging_mixin.py:115} INFO - [2024-04-04 20:39:56,135] {dagbag.py:507} INFO - Filling up the DagBag from /home/dimitri/dimitri/airflowalura/venv/lib/python3.10/site-packages/airflow/example_dags/example_time_delta_sensor_async.py
[2024-04-04 20:39:56,139] {processor.py:651} INFO - DAG(s) dict_keys(['example_time_delta_sensor_async']) retrieved from /home/dimitri/dimitri/airflowalura/venv/lib/python3.10/site-packages/airflow/example_dags/example_time_delta_sensor_async.py
[2024-04-04 20:39:56,152] {logging_mixin.py:115} INFO - [2024-04-04 20:39:56,152] {dag.py:2379} INFO - Sync 1 DAGs
[2024-04-04 20:39:56,161] {logging_mixin.py:115} INFO - [2024-04-04 20:39:56,161] {dag.py:2927} INFO - Setting next_dagrun for example_time_delta_sensor_async to None, run_after=None
[2024-04-04 20:39:56,178] {processor.py:161} INFO - Processing /home/dimitri/dimitri/airflowalura/venv/lib/python3.10/site-packages/airflow/example_dags/example_time_delta_sensor_async.py took 0.047 seconds
[2024-04-04 20:40:31,295] {processor.py:153} INFO - Started process (PID=572971) to work on /home/dimitri/dimitri/airflowalura/venv/lib/python3.10/site-packages/airflow/example_dags/example_time_delta_sensor_async.py
[2024-04-04 20:40:31,296] {processor.py:641} INFO - Processing file /home/dimitri/dimitri/airflowalura/venv/lib/python3.10/site-packages/airflow/example_dags/example_time_delta_sensor_async.py for tasks to queue
[2024-04-04 20:40:31,296] {logging_mixin.py:115} INFO - [2024-04-04 20:40:31,296] {dagbag.py:507} INFO - Filling up the DagBag from /home/dimitri/dimitri/airflowalura/venv/lib/python3.10/site-packages/airflow/example_dags/example_time_delta_sensor_async.py
[2024-04-04 20:40:31,299] {processor.py:651} INFO - DAG(s) dict_keys(['example_time_delta_sensor_async']) retrieved from /home/dimitri/dimitri/airflowalura/venv/lib/python3.10/site-packages/airflow/example_dags/example_time_delta_sensor_async.py
[2024-04-04 20:40:31,313] {logging_mixin.py:115} INFO - [2024-04-04 20:40:31,313] {dag.py:2379} INFO - Sync 1 DAGs
[2024-04-04 20:40:31,321] {logging_mixin.py:115} INFO - [2024-04-04 20:40:31,321] {dag.py:2927} INFO - Setting next_dagrun for example_time_delta_sensor_async to None, run_after=None
[2024-04-04 20:40:31,338] {processor.py:161} INFO - Processing /home/dimitri/dimitri/airflowalura/venv/lib/python3.10/site-packages/airflow/example_dags/example_time_delta_sensor_async.py took 0.045 seconds
[2024-04-04 20:41:18,911] {processor.py:153} INFO - Started process (PID=573174) to work on /home/dimitri/dimitri/airflowalura/venv/lib/python3.10/site-packages/airflow/example_dags/example_time_delta_sensor_async.py
[2024-04-04 20:41:18,913] {processor.py:641} INFO - Processing file /home/dimitri/dimitri/airflowalura/venv/lib/python3.10/site-packages/airflow/example_dags/example_time_delta_sensor_async.py for tasks to queue
[2024-04-04 20:41:18,913] {logging_mixin.py:115} INFO - [2024-04-04 20:41:18,913] {dagbag.py:507} INFO - Filling up the DagBag from /home/dimitri/dimitri/airflowalura/venv/lib/python3.10/site-packages/airflow/example_dags/example_time_delta_sensor_async.py
[2024-04-04 20:41:18,916] {processor.py:651} INFO - DAG(s) dict_keys(['example_time_delta_sensor_async']) retrieved from /home/dimitri/dimitri/airflowalura/venv/lib/python3.10/site-packages/airflow/example_dags/example_time_delta_sensor_async.py
[2024-04-04 20:41:18,932] {logging_mixin.py:115} INFO - [2024-04-04 20:41:18,932] {dag.py:2379} INFO - Sync 1 DAGs
[2024-04-04 20:41:18,952] {logging_mixin.py:115} INFO - [2024-04-04 20:41:18,952] {dag.py:2927} INFO - Setting next_dagrun for example_time_delta_sensor_async to None, run_after=None
[2024-04-04 20:41:18,968] {processor.py:161} INFO - Processing /home/dimitri/dimitri/airflowalura/venv/lib/python3.10/site-packages/airflow/example_dags/example_time_delta_sensor_async.py took 0.058 seconds
[2024-04-04 20:41:54,969] {processor.py:153} INFO - Started process (PID=573318) to work on /home/dimitri/dimitri/airflowalura/venv/lib/python3.10/site-packages/airflow/example_dags/example_time_delta_sensor_async.py
[2024-04-04 20:41:54,972] {processor.py:641} INFO - Processing file /home/dimitri/dimitri/airflowalura/venv/lib/python3.10/site-packages/airflow/example_dags/example_time_delta_sensor_async.py for tasks to queue
[2024-04-04 20:41:54,972] {logging_mixin.py:115} INFO - [2024-04-04 20:41:54,972] {dagbag.py:507} INFO - Filling up the DagBag from /home/dimitri/dimitri/airflowalura/venv/lib/python3.10/site-packages/airflow/example_dags/example_time_delta_sensor_async.py
[2024-04-04 20:41:54,976] {processor.py:651} INFO - DAG(s) dict_keys(['example_time_delta_sensor_async']) retrieved from /home/dimitri/dimitri/airflowalura/venv/lib/python3.10/site-packages/airflow/example_dags/example_time_delta_sensor_async.py
[2024-04-04 20:41:54,992] {logging_mixin.py:115} INFO - [2024-04-04 20:41:54,991] {dag.py:2379} INFO - Sync 1 DAGs
[2024-04-04 20:41:55,005] {logging_mixin.py:115} INFO - [2024-04-04 20:41:55,005] {dag.py:2927} INFO - Setting next_dagrun for example_time_delta_sensor_async to None, run_after=None
[2024-04-04 20:41:55,025] {processor.py:161} INFO - Processing /home/dimitri/dimitri/airflowalura/venv/lib/python3.10/site-packages/airflow/example_dags/example_time_delta_sensor_async.py took 0.057 seconds
[2024-04-04 20:42:28,554] {processor.py:153} INFO - Started process (PID=573449) to work on /home/dimitri/dimitri/airflowalura/venv/lib/python3.10/site-packages/airflow/example_dags/example_time_delta_sensor_async.py
[2024-04-04 20:42:28,555] {processor.py:641} INFO - Processing file /home/dimitri/dimitri/airflowalura/venv/lib/python3.10/site-packages/airflow/example_dags/example_time_delta_sensor_async.py for tasks to queue
[2024-04-04 20:42:28,555] {logging_mixin.py:115} INFO - [2024-04-04 20:42:28,555] {dagbag.py:507} INFO - Filling up the DagBag from /home/dimitri/dimitri/airflowalura/venv/lib/python3.10/site-packages/airflow/example_dags/example_time_delta_sensor_async.py
[2024-04-04 20:42:28,559] {processor.py:651} INFO - DAG(s) dict_keys(['example_time_delta_sensor_async']) retrieved from /home/dimitri/dimitri/airflowalura/venv/lib/python3.10/site-packages/airflow/example_dags/example_time_delta_sensor_async.py
[2024-04-04 20:42:28,574] {logging_mixin.py:115} INFO - [2024-04-04 20:42:28,574] {dag.py:2379} INFO - Sync 1 DAGs
[2024-04-04 20:42:28,584] {logging_mixin.py:115} INFO - [2024-04-04 20:42:28,584] {dag.py:2927} INFO - Setting next_dagrun for example_time_delta_sensor_async to None, run_after=None
[2024-04-04 20:42:28,601] {processor.py:161} INFO - Processing /home/dimitri/dimitri/airflowalura/venv/lib/python3.10/site-packages/airflow/example_dags/example_time_delta_sensor_async.py took 0.049 seconds
[2024-04-04 20:43:03,815] {processor.py:153} INFO - Started process (PID=573588) to work on /home/dimitri/dimitri/airflowalura/venv/lib/python3.10/site-packages/airflow/example_dags/example_time_delta_sensor_async.py
[2024-04-04 20:43:03,818] {processor.py:641} INFO - Processing file /home/dimitri/dimitri/airflowalura/venv/lib/python3.10/site-packages/airflow/example_dags/example_time_delta_sensor_async.py for tasks to queue
[2024-04-04 20:43:03,818] {logging_mixin.py:115} INFO - [2024-04-04 20:43:03,818] {dagbag.py:507} INFO - Filling up the DagBag from /home/dimitri/dimitri/airflowalura/venv/lib/python3.10/site-packages/airflow/example_dags/example_time_delta_sensor_async.py
[2024-04-04 20:43:03,822] {processor.py:651} INFO - DAG(s) dict_keys(['example_time_delta_sensor_async']) retrieved from /home/dimitri/dimitri/airflowalura/venv/lib/python3.10/site-packages/airflow/example_dags/example_time_delta_sensor_async.py
[2024-04-04 20:43:03,837] {logging_mixin.py:115} INFO - [2024-04-04 20:43:03,837] {dag.py:2379} INFO - Sync 1 DAGs
[2024-04-04 20:43:03,848] {logging_mixin.py:115} INFO - [2024-04-04 20:43:03,848] {dag.py:2927} INFO - Setting next_dagrun for example_time_delta_sensor_async to None, run_after=None
[2024-04-04 20:43:03,866] {processor.py:161} INFO - Processing /home/dimitri/dimitri/airflowalura/venv/lib/python3.10/site-packages/airflow/example_dags/example_time_delta_sensor_async.py took 0.053 seconds
[2024-04-04 20:43:39,541] {processor.py:153} INFO - Started process (PID=573727) to work on /home/dimitri/dimitri/airflowalura/venv/lib/python3.10/site-packages/airflow/example_dags/example_time_delta_sensor_async.py
[2024-04-04 20:43:39,544] {processor.py:641} INFO - Processing file /home/dimitri/dimitri/airflowalura/venv/lib/python3.10/site-packages/airflow/example_dags/example_time_delta_sensor_async.py for tasks to queue
[2024-04-04 20:43:39,544] {logging_mixin.py:115} INFO - [2024-04-04 20:43:39,544] {dagbag.py:507} INFO - Filling up the DagBag from /home/dimitri/dimitri/airflowalura/venv/lib/python3.10/site-packages/airflow/example_dags/example_time_delta_sensor_async.py
[2024-04-04 20:43:39,548] {processor.py:651} INFO - DAG(s) dict_keys(['example_time_delta_sensor_async']) retrieved from /home/dimitri/dimitri/airflowalura/venv/lib/python3.10/site-packages/airflow/example_dags/example_time_delta_sensor_async.py
[2024-04-04 20:43:39,567] {logging_mixin.py:115} INFO - [2024-04-04 20:43:39,567] {dag.py:2379} INFO - Sync 1 DAGs
[2024-04-04 20:43:39,580] {logging_mixin.py:115} INFO - [2024-04-04 20:43:39,579] {dag.py:2927} INFO - Setting next_dagrun for example_time_delta_sensor_async to None, run_after=None
[2024-04-04 20:43:39,598] {processor.py:161} INFO - Processing /home/dimitri/dimitri/airflowalura/venv/lib/python3.10/site-packages/airflow/example_dags/example_time_delta_sensor_async.py took 0.060 seconds
[2024-04-04 20:44:14,976] {processor.py:153} INFO - Started process (PID=573864) to work on /home/dimitri/dimitri/airflowalura/venv/lib/python3.10/site-packages/airflow/example_dags/example_time_delta_sensor_async.py
[2024-04-04 20:44:14,978] {processor.py:641} INFO - Processing file /home/dimitri/dimitri/airflowalura/venv/lib/python3.10/site-packages/airflow/example_dags/example_time_delta_sensor_async.py for tasks to queue
[2024-04-04 20:44:14,979] {logging_mixin.py:115} INFO - [2024-04-04 20:44:14,979] {dagbag.py:507} INFO - Filling up the DagBag from /home/dimitri/dimitri/airflowalura/venv/lib/python3.10/site-packages/airflow/example_dags/example_time_delta_sensor_async.py
[2024-04-04 20:44:14,982] {processor.py:651} INFO - DAG(s) dict_keys(['example_time_delta_sensor_async']) retrieved from /home/dimitri/dimitri/airflowalura/venv/lib/python3.10/site-packages/airflow/example_dags/example_time_delta_sensor_async.py
[2024-04-04 20:44:14,996] {logging_mixin.py:115} INFO - [2024-04-04 20:44:14,996] {dag.py:2379} INFO - Sync 1 DAGs
[2024-04-04 20:44:15,007] {logging_mixin.py:115} INFO - [2024-04-04 20:44:15,007] {dag.py:2927} INFO - Setting next_dagrun for example_time_delta_sensor_async to None, run_after=None
[2024-04-04 20:44:15,025] {processor.py:161} INFO - Processing /home/dimitri/dimitri/airflowalura/venv/lib/python3.10/site-packages/airflow/example_dags/example_time_delta_sensor_async.py took 0.052 seconds
[2024-04-04 20:44:48,281] {processor.py:153} INFO - Started process (PID=573995) to work on /home/dimitri/dimitri/airflowalura/venv/lib/python3.10/site-packages/airflow/example_dags/example_time_delta_sensor_async.py
[2024-04-04 20:44:48,282] {processor.py:641} INFO - Processing file /home/dimitri/dimitri/airflowalura/venv/lib/python3.10/site-packages/airflow/example_dags/example_time_delta_sensor_async.py for tasks to queue
[2024-04-04 20:44:48,282] {logging_mixin.py:115} INFO - [2024-04-04 20:44:48,282] {dagbag.py:507} INFO - Filling up the DagBag from /home/dimitri/dimitri/airflowalura/venv/lib/python3.10/site-packages/airflow/example_dags/example_time_delta_sensor_async.py
[2024-04-04 20:44:48,286] {processor.py:651} INFO - DAG(s) dict_keys(['example_time_delta_sensor_async']) retrieved from /home/dimitri/dimitri/airflowalura/venv/lib/python3.10/site-packages/airflow/example_dags/example_time_delta_sensor_async.py
[2024-04-04 20:44:48,301] {logging_mixin.py:115} INFO - [2024-04-04 20:44:48,301] {dag.py:2379} INFO - Sync 1 DAGs
[2024-04-04 20:44:48,311] {logging_mixin.py:115} INFO - [2024-04-04 20:44:48,311] {dag.py:2927} INFO - Setting next_dagrun for example_time_delta_sensor_async to None, run_after=None
[2024-04-04 20:44:48,329] {processor.py:161} INFO - Processing /home/dimitri/dimitri/airflowalura/venv/lib/python3.10/site-packages/airflow/example_dags/example_time_delta_sensor_async.py took 0.050 seconds
[2024-04-04 20:45:25,669] {processor.py:153} INFO - Started process (PID=574142) to work on /home/dimitri/dimitri/airflowalura/venv/lib/python3.10/site-packages/airflow/example_dags/example_time_delta_sensor_async.py
[2024-04-04 20:45:25,670] {processor.py:641} INFO - Processing file /home/dimitri/dimitri/airflowalura/venv/lib/python3.10/site-packages/airflow/example_dags/example_time_delta_sensor_async.py for tasks to queue
[2024-04-04 20:45:25,670] {logging_mixin.py:115} INFO - [2024-04-04 20:45:25,670] {dagbag.py:507} INFO - Filling up the DagBag from /home/dimitri/dimitri/airflowalura/venv/lib/python3.10/site-packages/airflow/example_dags/example_time_delta_sensor_async.py
[2024-04-04 20:45:25,674] {processor.py:651} INFO - DAG(s) dict_keys(['example_time_delta_sensor_async']) retrieved from /home/dimitri/dimitri/airflowalura/venv/lib/python3.10/site-packages/airflow/example_dags/example_time_delta_sensor_async.py
[2024-04-04 20:45:25,689] {logging_mixin.py:115} INFO - [2024-04-04 20:45:25,689] {dag.py:2379} INFO - Sync 1 DAGs
[2024-04-04 20:45:25,708] {logging_mixin.py:115} INFO - [2024-04-04 20:45:25,707] {dag.py:2927} INFO - Setting next_dagrun for example_time_delta_sensor_async to None, run_after=None
[2024-04-04 20:45:25,727] {processor.py:161} INFO - Processing /home/dimitri/dimitri/airflowalura/venv/lib/python3.10/site-packages/airflow/example_dags/example_time_delta_sensor_async.py took 0.060 seconds
[2024-04-04 20:46:01,851] {processor.py:153} INFO - Started process (PID=574280) to work on /home/dimitri/dimitri/airflowalura/venv/lib/python3.10/site-packages/airflow/example_dags/example_time_delta_sensor_async.py
[2024-04-04 20:46:01,851] {processor.py:641} INFO - Processing file /home/dimitri/dimitri/airflowalura/venv/lib/python3.10/site-packages/airflow/example_dags/example_time_delta_sensor_async.py for tasks to queue
[2024-04-04 20:46:01,852] {logging_mixin.py:115} INFO - [2024-04-04 20:46:01,852] {dagbag.py:507} INFO - Filling up the DagBag from /home/dimitri/dimitri/airflowalura/venv/lib/python3.10/site-packages/airflow/example_dags/example_time_delta_sensor_async.py
[2024-04-04 20:46:01,856] {processor.py:651} INFO - DAG(s) dict_keys(['example_time_delta_sensor_async']) retrieved from /home/dimitri/dimitri/airflowalura/venv/lib/python3.10/site-packages/airflow/example_dags/example_time_delta_sensor_async.py
[2024-04-04 20:46:01,871] {logging_mixin.py:115} INFO - [2024-04-04 20:46:01,871] {dag.py:2379} INFO - Sync 1 DAGs
[2024-04-04 20:46:01,883] {logging_mixin.py:115} INFO - [2024-04-04 20:46:01,883] {dag.py:2927} INFO - Setting next_dagrun for example_time_delta_sensor_async to None, run_after=None
[2024-04-04 20:46:01,900] {processor.py:161} INFO - Processing /home/dimitri/dimitri/airflowalura/venv/lib/python3.10/site-packages/airflow/example_dags/example_time_delta_sensor_async.py took 0.051 seconds
[2024-04-04 20:46:38,033] {processor.py:153} INFO - Started process (PID=574430) to work on /home/dimitri/dimitri/airflowalura/venv/lib/python3.10/site-packages/airflow/example_dags/example_time_delta_sensor_async.py
[2024-04-04 20:46:38,037] {processor.py:641} INFO - Processing file /home/dimitri/dimitri/airflowalura/venv/lib/python3.10/site-packages/airflow/example_dags/example_time_delta_sensor_async.py for tasks to queue
[2024-04-04 20:46:38,038] {logging_mixin.py:115} INFO - [2024-04-04 20:46:38,038] {dagbag.py:507} INFO - Filling up the DagBag from /home/dimitri/dimitri/airflowalura/venv/lib/python3.10/site-packages/airflow/example_dags/example_time_delta_sensor_async.py
[2024-04-04 20:46:38,042] {processor.py:651} INFO - DAG(s) dict_keys(['example_time_delta_sensor_async']) retrieved from /home/dimitri/dimitri/airflowalura/venv/lib/python3.10/site-packages/airflow/example_dags/example_time_delta_sensor_async.py
[2024-04-04 20:46:38,063] {logging_mixin.py:115} INFO - [2024-04-04 20:46:38,062] {dag.py:2379} INFO - Sync 1 DAGs
[2024-04-04 20:46:38,075] {logging_mixin.py:115} INFO - [2024-04-04 20:46:38,075] {dag.py:2927} INFO - Setting next_dagrun for example_time_delta_sensor_async to None, run_after=None
[2024-04-04 20:46:38,094] {processor.py:161} INFO - Processing /home/dimitri/dimitri/airflowalura/venv/lib/python3.10/site-packages/airflow/example_dags/example_time_delta_sensor_async.py took 0.063 seconds
[2024-04-04 20:47:10,022] {processor.py:153} INFO - Started process (PID=574567) to work on /home/dimitri/dimitri/airflowalura/venv/lib/python3.10/site-packages/airflow/example_dags/example_time_delta_sensor_async.py
[2024-04-04 20:47:10,023] {processor.py:641} INFO - Processing file /home/dimitri/dimitri/airflowalura/venv/lib/python3.10/site-packages/airflow/example_dags/example_time_delta_sensor_async.py for tasks to queue
[2024-04-04 20:47:10,024] {logging_mixin.py:115} INFO - [2024-04-04 20:47:10,024] {dagbag.py:507} INFO - Filling up the DagBag from /home/dimitri/dimitri/airflowalura/venv/lib/python3.10/site-packages/airflow/example_dags/example_time_delta_sensor_async.py
[2024-04-04 20:47:10,027] {processor.py:651} INFO - DAG(s) dict_keys(['example_time_delta_sensor_async']) retrieved from /home/dimitri/dimitri/airflowalura/venv/lib/python3.10/site-packages/airflow/example_dags/example_time_delta_sensor_async.py
[2024-04-04 20:47:10,043] {logging_mixin.py:115} INFO - [2024-04-04 20:47:10,043] {dag.py:2379} INFO - Sync 1 DAGs
[2024-04-04 20:47:10,054] {logging_mixin.py:115} INFO - [2024-04-04 20:47:10,053] {dag.py:2927} INFO - Setting next_dagrun for example_time_delta_sensor_async to None, run_after=None
[2024-04-04 20:47:10,074] {processor.py:161} INFO - Processing /home/dimitri/dimitri/airflowalura/venv/lib/python3.10/site-packages/airflow/example_dags/example_time_delta_sensor_async.py took 0.053 seconds
[2024-04-04 20:47:44,390] {processor.py:153} INFO - Started process (PID=574704) to work on /home/dimitri/dimitri/airflowalura/venv/lib/python3.10/site-packages/airflow/example_dags/example_time_delta_sensor_async.py
[2024-04-04 20:47:44,393] {processor.py:641} INFO - Processing file /home/dimitri/dimitri/airflowalura/venv/lib/python3.10/site-packages/airflow/example_dags/example_time_delta_sensor_async.py for tasks to queue
[2024-04-04 20:47:44,393] {logging_mixin.py:115} INFO - [2024-04-04 20:47:44,393] {dagbag.py:507} INFO - Filling up the DagBag from /home/dimitri/dimitri/airflowalura/venv/lib/python3.10/site-packages/airflow/example_dags/example_time_delta_sensor_async.py
[2024-04-04 20:47:44,397] {processor.py:651} INFO - DAG(s) dict_keys(['example_time_delta_sensor_async']) retrieved from /home/dimitri/dimitri/airflowalura/venv/lib/python3.10/site-packages/airflow/example_dags/example_time_delta_sensor_async.py
[2024-04-04 20:47:44,412] {logging_mixin.py:115} INFO - [2024-04-04 20:47:44,412] {dag.py:2379} INFO - Sync 1 DAGs
[2024-04-04 20:47:44,423] {logging_mixin.py:115} INFO - [2024-04-04 20:47:44,423] {dag.py:2927} INFO - Setting next_dagrun for example_time_delta_sensor_async to None, run_after=None
[2024-04-04 20:47:44,441] {processor.py:161} INFO - Processing /home/dimitri/dimitri/airflowalura/venv/lib/python3.10/site-packages/airflow/example_dags/example_time_delta_sensor_async.py took 0.053 seconds
[2024-04-04 20:48:18,095] {processor.py:153} INFO - Started process (PID=574837) to work on /home/dimitri/dimitri/airflowalura/venv/lib/python3.10/site-packages/airflow/example_dags/example_time_delta_sensor_async.py
[2024-04-04 20:48:18,097] {processor.py:641} INFO - Processing file /home/dimitri/dimitri/airflowalura/venv/lib/python3.10/site-packages/airflow/example_dags/example_time_delta_sensor_async.py for tasks to queue
[2024-04-04 20:48:18,097] {logging_mixin.py:115} INFO - [2024-04-04 20:48:18,097] {dagbag.py:507} INFO - Filling up the DagBag from /home/dimitri/dimitri/airflowalura/venv/lib/python3.10/site-packages/airflow/example_dags/example_time_delta_sensor_async.py
[2024-04-04 20:48:18,102] {processor.py:651} INFO - DAG(s) dict_keys(['example_time_delta_sensor_async']) retrieved from /home/dimitri/dimitri/airflowalura/venv/lib/python3.10/site-packages/airflow/example_dags/example_time_delta_sensor_async.py
[2024-04-04 20:48:18,116] {logging_mixin.py:115} INFO - [2024-04-04 20:48:18,115] {dag.py:2379} INFO - Sync 1 DAGs
[2024-04-04 20:48:18,125] {logging_mixin.py:115} INFO - [2024-04-04 20:48:18,125] {dag.py:2927} INFO - Setting next_dagrun for example_time_delta_sensor_async to None, run_after=None
[2024-04-04 20:48:18,141] {processor.py:161} INFO - Processing /home/dimitri/dimitri/airflowalura/venv/lib/python3.10/site-packages/airflow/example_dags/example_time_delta_sensor_async.py took 0.049 seconds
[2024-04-04 20:48:56,508] {processor.py:153} INFO - Started process (PID=574987) to work on /home/dimitri/dimitri/airflowalura/venv/lib/python3.10/site-packages/airflow/example_dags/example_time_delta_sensor_async.py
[2024-04-04 20:48:56,509] {processor.py:641} INFO - Processing file /home/dimitri/dimitri/airflowalura/venv/lib/python3.10/site-packages/airflow/example_dags/example_time_delta_sensor_async.py for tasks to queue
[2024-04-04 20:48:56,510] {logging_mixin.py:115} INFO - [2024-04-04 20:48:56,510] {dagbag.py:507} INFO - Filling up the DagBag from /home/dimitri/dimitri/airflowalura/venv/lib/python3.10/site-packages/airflow/example_dags/example_time_delta_sensor_async.py
[2024-04-04 20:48:56,514] {processor.py:651} INFO - DAG(s) dict_keys(['example_time_delta_sensor_async']) retrieved from /home/dimitri/dimitri/airflowalura/venv/lib/python3.10/site-packages/airflow/example_dags/example_time_delta_sensor_async.py
[2024-04-04 20:48:56,532] {logging_mixin.py:115} INFO - [2024-04-04 20:48:56,532] {dag.py:2379} INFO - Sync 1 DAGs
[2024-04-04 20:48:56,543] {logging_mixin.py:115} INFO - [2024-04-04 20:48:56,543] {dag.py:2927} INFO - Setting next_dagrun for example_time_delta_sensor_async to None, run_after=None
[2024-04-04 20:48:56,566] {processor.py:161} INFO - Processing /home/dimitri/dimitri/airflowalura/venv/lib/python3.10/site-packages/airflow/example_dags/example_time_delta_sensor_async.py took 0.060 seconds
[2024-04-04 20:49:30,226] {processor.py:153} INFO - Started process (PID=575118) to work on /home/dimitri/dimitri/airflowalura/venv/lib/python3.10/site-packages/airflow/example_dags/example_time_delta_sensor_async.py
[2024-04-04 20:49:30,229] {processor.py:641} INFO - Processing file /home/dimitri/dimitri/airflowalura/venv/lib/python3.10/site-packages/airflow/example_dags/example_time_delta_sensor_async.py for tasks to queue
[2024-04-04 20:49:30,229] {logging_mixin.py:115} INFO - [2024-04-04 20:49:30,229] {dagbag.py:507} INFO - Filling up the DagBag from /home/dimitri/dimitri/airflowalura/venv/lib/python3.10/site-packages/airflow/example_dags/example_time_delta_sensor_async.py
[2024-04-04 20:49:30,234] {processor.py:651} INFO - DAG(s) dict_keys(['example_time_delta_sensor_async']) retrieved from /home/dimitri/dimitri/airflowalura/venv/lib/python3.10/site-packages/airflow/example_dags/example_time_delta_sensor_async.py
[2024-04-04 20:49:30,247] {logging_mixin.py:115} INFO - [2024-04-04 20:49:30,247] {dag.py:2379} INFO - Sync 1 DAGs
[2024-04-04 20:49:30,257] {logging_mixin.py:115} INFO - [2024-04-04 20:49:30,257] {dag.py:2927} INFO - Setting next_dagrun for example_time_delta_sensor_async to None, run_after=None
[2024-04-04 20:49:30,273] {processor.py:161} INFO - Processing /home/dimitri/dimitri/airflowalura/venv/lib/python3.10/site-packages/airflow/example_dags/example_time_delta_sensor_async.py took 0.051 seconds
[2024-04-04 20:50:01,122] {processor.py:153} INFO - Started process (PID=575244) to work on /home/dimitri/dimitri/airflowalura/venv/lib/python3.10/site-packages/airflow/example_dags/example_time_delta_sensor_async.py
[2024-04-04 20:50:01,125] {processor.py:641} INFO - Processing file /home/dimitri/dimitri/airflowalura/venv/lib/python3.10/site-packages/airflow/example_dags/example_time_delta_sensor_async.py for tasks to queue
[2024-04-04 20:50:01,125] {logging_mixin.py:115} INFO - [2024-04-04 20:50:01,125] {dagbag.py:507} INFO - Filling up the DagBag from /home/dimitri/dimitri/airflowalura/venv/lib/python3.10/site-packages/airflow/example_dags/example_time_delta_sensor_async.py
[2024-04-04 20:50:01,129] {processor.py:651} INFO - DAG(s) dict_keys(['example_time_delta_sensor_async']) retrieved from /home/dimitri/dimitri/airflowalura/venv/lib/python3.10/site-packages/airflow/example_dags/example_time_delta_sensor_async.py
[2024-04-04 20:50:01,143] {logging_mixin.py:115} INFO - [2024-04-04 20:50:01,143] {dag.py:2379} INFO - Sync 1 DAGs
[2024-04-04 20:50:01,152] {logging_mixin.py:115} INFO - [2024-04-04 20:50:01,152] {dag.py:2927} INFO - Setting next_dagrun for example_time_delta_sensor_async to None, run_after=None
[2024-04-04 20:50:01,168] {processor.py:161} INFO - Processing /home/dimitri/dimitri/airflowalura/venv/lib/python3.10/site-packages/airflow/example_dags/example_time_delta_sensor_async.py took 0.048 seconds
[2024-04-04 20:50:36,576] {processor.py:153} INFO - Started process (PID=575383) to work on /home/dimitri/dimitri/airflowalura/venv/lib/python3.10/site-packages/airflow/example_dags/example_time_delta_sensor_async.py
[2024-04-04 20:50:36,579] {processor.py:641} INFO - Processing file /home/dimitri/dimitri/airflowalura/venv/lib/python3.10/site-packages/airflow/example_dags/example_time_delta_sensor_async.py for tasks to queue
[2024-04-04 20:50:36,580] {logging_mixin.py:115} INFO - [2024-04-04 20:50:36,580] {dagbag.py:507} INFO - Filling up the DagBag from /home/dimitri/dimitri/airflowalura/venv/lib/python3.10/site-packages/airflow/example_dags/example_time_delta_sensor_async.py
[2024-04-04 20:50:36,583] {processor.py:651} INFO - DAG(s) dict_keys(['example_time_delta_sensor_async']) retrieved from /home/dimitri/dimitri/airflowalura/venv/lib/python3.10/site-packages/airflow/example_dags/example_time_delta_sensor_async.py
[2024-04-04 20:50:36,598] {logging_mixin.py:115} INFO - [2024-04-04 20:50:36,598] {dag.py:2379} INFO - Sync 1 DAGs
[2024-04-04 20:50:36,608] {logging_mixin.py:115} INFO - [2024-04-04 20:50:36,607] {dag.py:2927} INFO - Setting next_dagrun for example_time_delta_sensor_async to None, run_after=None
[2024-04-04 20:50:36,623] {processor.py:161} INFO - Processing /home/dimitri/dimitri/airflowalura/venv/lib/python3.10/site-packages/airflow/example_dags/example_time_delta_sensor_async.py took 0.050 seconds
[2024-04-04 20:51:11,803] {processor.py:153} INFO - Started process (PID=575520) to work on /home/dimitri/dimitri/airflowalura/venv/lib/python3.10/site-packages/airflow/example_dags/example_time_delta_sensor_async.py
[2024-04-04 20:51:11,806] {processor.py:641} INFO - Processing file /home/dimitri/dimitri/airflowalura/venv/lib/python3.10/site-packages/airflow/example_dags/example_time_delta_sensor_async.py for tasks to queue
[2024-04-04 20:51:11,806] {logging_mixin.py:115} INFO - [2024-04-04 20:51:11,806] {dagbag.py:507} INFO - Filling up the DagBag from /home/dimitri/dimitri/airflowalura/venv/lib/python3.10/site-packages/airflow/example_dags/example_time_delta_sensor_async.py
[2024-04-04 20:51:11,810] {processor.py:651} INFO - DAG(s) dict_keys(['example_time_delta_sensor_async']) retrieved from /home/dimitri/dimitri/airflowalura/venv/lib/python3.10/site-packages/airflow/example_dags/example_time_delta_sensor_async.py
[2024-04-04 20:51:11,823] {logging_mixin.py:115} INFO - [2024-04-04 20:51:11,823] {dag.py:2379} INFO - Sync 1 DAGs
[2024-04-04 20:51:11,833] {logging_mixin.py:115} INFO - [2024-04-04 20:51:11,832] {dag.py:2927} INFO - Setting next_dagrun for example_time_delta_sensor_async to None, run_after=None
[2024-04-04 20:51:11,848] {processor.py:161} INFO - Processing /home/dimitri/dimitri/airflowalura/venv/lib/python3.10/site-packages/airflow/example_dags/example_time_delta_sensor_async.py took 0.048 seconds
[2024-04-04 20:51:47,597] {processor.py:153} INFO - Started process (PID=575658) to work on /home/dimitri/dimitri/airflowalura/venv/lib/python3.10/site-packages/airflow/example_dags/example_time_delta_sensor_async.py
[2024-04-04 20:51:47,598] {processor.py:641} INFO - Processing file /home/dimitri/dimitri/airflowalura/venv/lib/python3.10/site-packages/airflow/example_dags/example_time_delta_sensor_async.py for tasks to queue
[2024-04-04 20:51:47,598] {logging_mixin.py:115} INFO - [2024-04-04 20:51:47,598] {dagbag.py:507} INFO - Filling up the DagBag from /home/dimitri/dimitri/airflowalura/venv/lib/python3.10/site-packages/airflow/example_dags/example_time_delta_sensor_async.py
[2024-04-04 20:51:47,601] {processor.py:651} INFO - DAG(s) dict_keys(['example_time_delta_sensor_async']) retrieved from /home/dimitri/dimitri/airflowalura/venv/lib/python3.10/site-packages/airflow/example_dags/example_time_delta_sensor_async.py
[2024-04-04 20:51:47,614] {logging_mixin.py:115} INFO - [2024-04-04 20:51:47,614] {dag.py:2379} INFO - Sync 1 DAGs
[2024-04-04 20:51:47,623] {logging_mixin.py:115} INFO - [2024-04-04 20:51:47,623] {dag.py:2927} INFO - Setting next_dagrun for example_time_delta_sensor_async to None, run_after=None
[2024-04-04 20:51:47,643] {processor.py:161} INFO - Processing /home/dimitri/dimitri/airflowalura/venv/lib/python3.10/site-packages/airflow/example_dags/example_time_delta_sensor_async.py took 0.049 seconds
[2024-04-04 20:52:21,966] {processor.py:153} INFO - Started process (PID=575795) to work on /home/dimitri/dimitri/airflowalura/venv/lib/python3.10/site-packages/airflow/example_dags/example_time_delta_sensor_async.py
[2024-04-04 20:52:21,967] {processor.py:641} INFO - Processing file /home/dimitri/dimitri/airflowalura/venv/lib/python3.10/site-packages/airflow/example_dags/example_time_delta_sensor_async.py for tasks to queue
[2024-04-04 20:52:21,968] {logging_mixin.py:115} INFO - [2024-04-04 20:52:21,968] {dagbag.py:507} INFO - Filling up the DagBag from /home/dimitri/dimitri/airflowalura/venv/lib/python3.10/site-packages/airflow/example_dags/example_time_delta_sensor_async.py
[2024-04-04 20:52:21,972] {processor.py:651} INFO - DAG(s) dict_keys(['example_time_delta_sensor_async']) retrieved from /home/dimitri/dimitri/airflowalura/venv/lib/python3.10/site-packages/airflow/example_dags/example_time_delta_sensor_async.py
[2024-04-04 20:52:21,987] {logging_mixin.py:115} INFO - [2024-04-04 20:52:21,987] {dag.py:2379} INFO - Sync 1 DAGs
[2024-04-04 20:52:21,997] {logging_mixin.py:115} INFO - [2024-04-04 20:52:21,997] {dag.py:2927} INFO - Setting next_dagrun for example_time_delta_sensor_async to None, run_after=None
[2024-04-04 20:52:22,013] {processor.py:161} INFO - Processing /home/dimitri/dimitri/airflowalura/venv/lib/python3.10/site-packages/airflow/example_dags/example_time_delta_sensor_async.py took 0.049 seconds
[2024-04-04 20:52:56,938] {processor.py:153} INFO - Started process (PID=575925) to work on /home/dimitri/dimitri/airflowalura/venv/lib/python3.10/site-packages/airflow/example_dags/example_time_delta_sensor_async.py
[2024-04-04 20:52:56,941] {processor.py:641} INFO - Processing file /home/dimitri/dimitri/airflowalura/venv/lib/python3.10/site-packages/airflow/example_dags/example_time_delta_sensor_async.py for tasks to queue
[2024-04-04 20:52:56,942] {logging_mixin.py:115} INFO - [2024-04-04 20:52:56,942] {dagbag.py:507} INFO - Filling up the DagBag from /home/dimitri/dimitri/airflowalura/venv/lib/python3.10/site-packages/airflow/example_dags/example_time_delta_sensor_async.py
[2024-04-04 20:52:56,946] {processor.py:651} INFO - DAG(s) dict_keys(['example_time_delta_sensor_async']) retrieved from /home/dimitri/dimitri/airflowalura/venv/lib/python3.10/site-packages/airflow/example_dags/example_time_delta_sensor_async.py
[2024-04-04 20:52:56,961] {logging_mixin.py:115} INFO - [2024-04-04 20:52:56,961] {dag.py:2379} INFO - Sync 1 DAGs
[2024-04-04 20:52:56,971] {logging_mixin.py:115} INFO - [2024-04-04 20:52:56,971] {dag.py:2927} INFO - Setting next_dagrun for example_time_delta_sensor_async to None, run_after=None
[2024-04-04 20:52:56,986] {processor.py:161} INFO - Processing /home/dimitri/dimitri/airflowalura/venv/lib/python3.10/site-packages/airflow/example_dags/example_time_delta_sensor_async.py took 0.051 seconds
[2024-04-04 20:53:30,328] {processor.py:153} INFO - Started process (PID=576055) to work on /home/dimitri/dimitri/airflowalura/venv/lib/python3.10/site-packages/airflow/example_dags/example_time_delta_sensor_async.py
[2024-04-04 20:53:30,330] {processor.py:641} INFO - Processing file /home/dimitri/dimitri/airflowalura/venv/lib/python3.10/site-packages/airflow/example_dags/example_time_delta_sensor_async.py for tasks to queue
[2024-04-04 20:53:30,331] {logging_mixin.py:115} INFO - [2024-04-04 20:53:30,331] {dagbag.py:507} INFO - Filling up the DagBag from /home/dimitri/dimitri/airflowalura/venv/lib/python3.10/site-packages/airflow/example_dags/example_time_delta_sensor_async.py
[2024-04-04 20:53:30,334] {processor.py:651} INFO - DAG(s) dict_keys(['example_time_delta_sensor_async']) retrieved from /home/dimitri/dimitri/airflowalura/venv/lib/python3.10/site-packages/airflow/example_dags/example_time_delta_sensor_async.py
[2024-04-04 20:53:30,346] {logging_mixin.py:115} INFO - [2024-04-04 20:53:30,346] {dag.py:2379} INFO - Sync 1 DAGs
[2024-04-04 20:53:30,356] {logging_mixin.py:115} INFO - [2024-04-04 20:53:30,356] {dag.py:2927} INFO - Setting next_dagrun for example_time_delta_sensor_async to None, run_after=None
[2024-04-04 20:53:30,375] {processor.py:161} INFO - Processing /home/dimitri/dimitri/airflowalura/venv/lib/python3.10/site-packages/airflow/example_dags/example_time_delta_sensor_async.py took 0.051 seconds
[2024-04-04 20:54:08,933] {processor.py:153} INFO - Started process (PID=576208) to work on /home/dimitri/dimitri/airflowalura/venv/lib/python3.10/site-packages/airflow/example_dags/example_time_delta_sensor_async.py
[2024-04-04 20:54:08,935] {processor.py:641} INFO - Processing file /home/dimitri/dimitri/airflowalura/venv/lib/python3.10/site-packages/airflow/example_dags/example_time_delta_sensor_async.py for tasks to queue
[2024-04-04 20:54:08,936] {logging_mixin.py:115} INFO - [2024-04-04 20:54:08,936] {dagbag.py:507} INFO - Filling up the DagBag from /home/dimitri/dimitri/airflowalura/venv/lib/python3.10/site-packages/airflow/example_dags/example_time_delta_sensor_async.py
[2024-04-04 20:54:08,940] {processor.py:651} INFO - DAG(s) dict_keys(['example_time_delta_sensor_async']) retrieved from /home/dimitri/dimitri/airflowalura/venv/lib/python3.10/site-packages/airflow/example_dags/example_time_delta_sensor_async.py
[2024-04-04 20:54:08,954] {logging_mixin.py:115} INFO - [2024-04-04 20:54:08,954] {dag.py:2379} INFO - Sync 1 DAGs
[2024-04-04 20:54:08,963] {logging_mixin.py:115} INFO - [2024-04-04 20:54:08,963] {dag.py:2927} INFO - Setting next_dagrun for example_time_delta_sensor_async to None, run_after=None
[2024-04-04 20:54:08,979] {processor.py:161} INFO - Processing /home/dimitri/dimitri/airflowalura/venv/lib/python3.10/site-packages/airflow/example_dags/example_time_delta_sensor_async.py took 0.050 seconds
[2024-04-04 20:54:42,611] {processor.py:153} INFO - Started process (PID=576340) to work on /home/dimitri/dimitri/airflowalura/venv/lib/python3.10/site-packages/airflow/example_dags/example_time_delta_sensor_async.py
[2024-04-04 20:54:42,613] {processor.py:641} INFO - Processing file /home/dimitri/dimitri/airflowalura/venv/lib/python3.10/site-packages/airflow/example_dags/example_time_delta_sensor_async.py for tasks to queue
[2024-04-04 20:54:42,613] {logging_mixin.py:115} INFO - [2024-04-04 20:54:42,613] {dagbag.py:507} INFO - Filling up the DagBag from /home/dimitri/dimitri/airflowalura/venv/lib/python3.10/site-packages/airflow/example_dags/example_time_delta_sensor_async.py
[2024-04-04 20:54:42,617] {processor.py:651} INFO - DAG(s) dict_keys(['example_time_delta_sensor_async']) retrieved from /home/dimitri/dimitri/airflowalura/venv/lib/python3.10/site-packages/airflow/example_dags/example_time_delta_sensor_async.py
[2024-04-04 20:54:42,631] {logging_mixin.py:115} INFO - [2024-04-04 20:54:42,631] {dag.py:2379} INFO - Sync 1 DAGs
[2024-04-04 20:54:42,643] {logging_mixin.py:115} INFO - [2024-04-04 20:54:42,643] {dag.py:2927} INFO - Setting next_dagrun for example_time_delta_sensor_async to None, run_after=None
[2024-04-04 20:54:42,659] {processor.py:161} INFO - Processing /home/dimitri/dimitri/airflowalura/venv/lib/python3.10/site-packages/airflow/example_dags/example_time_delta_sensor_async.py took 0.050 seconds
[2024-04-04 20:55:19,909] {processor.py:153} INFO - Started process (PID=576486) to work on /home/dimitri/dimitri/airflowalura/venv/lib/python3.10/site-packages/airflow/example_dags/example_time_delta_sensor_async.py
[2024-04-04 20:55:19,912] {processor.py:641} INFO - Processing file /home/dimitri/dimitri/airflowalura/venv/lib/python3.10/site-packages/airflow/example_dags/example_time_delta_sensor_async.py for tasks to queue
[2024-04-04 20:55:19,912] {logging_mixin.py:115} INFO - [2024-04-04 20:55:19,912] {dagbag.py:507} INFO - Filling up the DagBag from /home/dimitri/dimitri/airflowalura/venv/lib/python3.10/site-packages/airflow/example_dags/example_time_delta_sensor_async.py
[2024-04-04 20:55:19,916] {processor.py:651} INFO - DAG(s) dict_keys(['example_time_delta_sensor_async']) retrieved from /home/dimitri/dimitri/airflowalura/venv/lib/python3.10/site-packages/airflow/example_dags/example_time_delta_sensor_async.py
[2024-04-04 20:55:19,932] {logging_mixin.py:115} INFO - [2024-04-04 20:55:19,932] {dag.py:2379} INFO - Sync 1 DAGs
[2024-04-04 20:55:19,942] {logging_mixin.py:115} INFO - [2024-04-04 20:55:19,942] {dag.py:2927} INFO - Setting next_dagrun for example_time_delta_sensor_async to None, run_after=None
[2024-04-04 20:55:19,959] {processor.py:161} INFO - Processing /home/dimitri/dimitri/airflowalura/venv/lib/python3.10/site-packages/airflow/example_dags/example_time_delta_sensor_async.py took 0.051 seconds
[2024-04-04 20:55:58,787] {processor.py:153} INFO - Started process (PID=576640) to work on /home/dimitri/dimitri/airflowalura/venv/lib/python3.10/site-packages/airflow/example_dags/example_time_delta_sensor_async.py
[2024-04-04 20:55:58,788] {processor.py:641} INFO - Processing file /home/dimitri/dimitri/airflowalura/venv/lib/python3.10/site-packages/airflow/example_dags/example_time_delta_sensor_async.py for tasks to queue
[2024-04-04 20:55:58,789] {logging_mixin.py:115} INFO - [2024-04-04 20:55:58,789] {dagbag.py:507} INFO - Filling up the DagBag from /home/dimitri/dimitri/airflowalura/venv/lib/python3.10/site-packages/airflow/example_dags/example_time_delta_sensor_async.py
[2024-04-04 20:55:58,792] {processor.py:651} INFO - DAG(s) dict_keys(['example_time_delta_sensor_async']) retrieved from /home/dimitri/dimitri/airflowalura/venv/lib/python3.10/site-packages/airflow/example_dags/example_time_delta_sensor_async.py
[2024-04-04 20:55:58,812] {logging_mixin.py:115} INFO - [2024-04-04 20:55:58,811] {dag.py:2379} INFO - Sync 1 DAGs
[2024-04-04 20:55:58,823] {logging_mixin.py:115} INFO - [2024-04-04 20:55:58,823] {dag.py:2927} INFO - Setting next_dagrun for example_time_delta_sensor_async to None, run_after=None
[2024-04-04 20:55:58,838] {processor.py:161} INFO - Processing /home/dimitri/dimitri/airflowalura/venv/lib/python3.10/site-packages/airflow/example_dags/example_time_delta_sensor_async.py took 0.053 seconds
[2024-04-04 20:56:34,969] {processor.py:153} INFO - Started process (PID=576779) to work on /home/dimitri/dimitri/airflowalura/venv/lib/python3.10/site-packages/airflow/example_dags/example_time_delta_sensor_async.py
[2024-04-04 20:56:34,971] {processor.py:641} INFO - Processing file /home/dimitri/dimitri/airflowalura/venv/lib/python3.10/site-packages/airflow/example_dags/example_time_delta_sensor_async.py for tasks to queue
[2024-04-04 20:56:34,972] {logging_mixin.py:115} INFO - [2024-04-04 20:56:34,972] {dagbag.py:507} INFO - Filling up the DagBag from /home/dimitri/dimitri/airflowalura/venv/lib/python3.10/site-packages/airflow/example_dags/example_time_delta_sensor_async.py
[2024-04-04 20:56:34,975] {processor.py:651} INFO - DAG(s) dict_keys(['example_time_delta_sensor_async']) retrieved from /home/dimitri/dimitri/airflowalura/venv/lib/python3.10/site-packages/airflow/example_dags/example_time_delta_sensor_async.py
[2024-04-04 20:56:34,989] {logging_mixin.py:115} INFO - [2024-04-04 20:56:34,989] {dag.py:2379} INFO - Sync 1 DAGs
[2024-04-04 20:56:35,001] {logging_mixin.py:115} INFO - [2024-04-04 20:56:35,001] {dag.py:2927} INFO - Setting next_dagrun for example_time_delta_sensor_async to None, run_after=None
[2024-04-04 20:56:35,019] {processor.py:161} INFO - Processing /home/dimitri/dimitri/airflowalura/venv/lib/python3.10/site-packages/airflow/example_dags/example_time_delta_sensor_async.py took 0.053 seconds
[2024-04-04 20:57:11,024] {processor.py:153} INFO - Started process (PID=576926) to work on /home/dimitri/dimitri/airflowalura/venv/lib/python3.10/site-packages/airflow/example_dags/example_time_delta_sensor_async.py
[2024-04-04 20:57:11,025] {processor.py:641} INFO - Processing file /home/dimitri/dimitri/airflowalura/venv/lib/python3.10/site-packages/airflow/example_dags/example_time_delta_sensor_async.py for tasks to queue
[2024-04-04 20:57:11,026] {logging_mixin.py:115} INFO - [2024-04-04 20:57:11,026] {dagbag.py:507} INFO - Filling up the DagBag from /home/dimitri/dimitri/airflowalura/venv/lib/python3.10/site-packages/airflow/example_dags/example_time_delta_sensor_async.py
[2024-04-04 20:57:11,029] {processor.py:651} INFO - DAG(s) dict_keys(['example_time_delta_sensor_async']) retrieved from /home/dimitri/dimitri/airflowalura/venv/lib/python3.10/site-packages/airflow/example_dags/example_time_delta_sensor_async.py
[2024-04-04 20:57:11,042] {logging_mixin.py:115} INFO - [2024-04-04 20:57:11,042] {dag.py:2379} INFO - Sync 1 DAGs
[2024-04-04 20:57:11,052] {logging_mixin.py:115} INFO - [2024-04-04 20:57:11,052] {dag.py:2927} INFO - Setting next_dagrun for example_time_delta_sensor_async to None, run_after=None
[2024-04-04 20:57:11,068] {processor.py:161} INFO - Processing /home/dimitri/dimitri/airflowalura/venv/lib/python3.10/site-packages/airflow/example_dags/example_time_delta_sensor_async.py took 0.047 seconds
[2024-04-04 20:57:48,149] {processor.py:153} INFO - Started process (PID=577065) to work on /home/dimitri/dimitri/airflowalura/venv/lib/python3.10/site-packages/airflow/example_dags/example_time_delta_sensor_async.py
[2024-04-04 20:57:48,151] {processor.py:641} INFO - Processing file /home/dimitri/dimitri/airflowalura/venv/lib/python3.10/site-packages/airflow/example_dags/example_time_delta_sensor_async.py for tasks to queue
[2024-04-04 20:57:48,152] {logging_mixin.py:115} INFO - [2024-04-04 20:57:48,152] {dagbag.py:507} INFO - Filling up the DagBag from /home/dimitri/dimitri/airflowalura/venv/lib/python3.10/site-packages/airflow/example_dags/example_time_delta_sensor_async.py
[2024-04-04 20:57:48,155] {processor.py:651} INFO - DAG(s) dict_keys(['example_time_delta_sensor_async']) retrieved from /home/dimitri/dimitri/airflowalura/venv/lib/python3.10/site-packages/airflow/example_dags/example_time_delta_sensor_async.py
[2024-04-04 20:57:48,169] {logging_mixin.py:115} INFO - [2024-04-04 20:57:48,169] {dag.py:2379} INFO - Sync 1 DAGs
[2024-04-04 20:57:48,183] {logging_mixin.py:115} INFO - [2024-04-04 20:57:48,183] {dag.py:2927} INFO - Setting next_dagrun for example_time_delta_sensor_async to None, run_after=None
[2024-04-04 20:57:48,199] {processor.py:161} INFO - Processing /home/dimitri/dimitri/airflowalura/venv/lib/python3.10/site-packages/airflow/example_dags/example_time_delta_sensor_async.py took 0.052 seconds
[2024-04-04 20:58:23,016] {processor.py:153} INFO - Started process (PID=577203) to work on /home/dimitri/dimitri/airflowalura/venv/lib/python3.10/site-packages/airflow/example_dags/example_time_delta_sensor_async.py
[2024-04-04 20:58:23,019] {processor.py:641} INFO - Processing file /home/dimitri/dimitri/airflowalura/venv/lib/python3.10/site-packages/airflow/example_dags/example_time_delta_sensor_async.py for tasks to queue
[2024-04-04 20:58:23,019] {logging_mixin.py:115} INFO - [2024-04-04 20:58:23,019] {dagbag.py:507} INFO - Filling up the DagBag from /home/dimitri/dimitri/airflowalura/venv/lib/python3.10/site-packages/airflow/example_dags/example_time_delta_sensor_async.py
[2024-04-04 20:58:23,023] {processor.py:651} INFO - DAG(s) dict_keys(['example_time_delta_sensor_async']) retrieved from /home/dimitri/dimitri/airflowalura/venv/lib/python3.10/site-packages/airflow/example_dags/example_time_delta_sensor_async.py
[2024-04-04 20:58:23,039] {logging_mixin.py:115} INFO - [2024-04-04 20:58:23,039] {dag.py:2379} INFO - Sync 1 DAGs
[2024-04-04 20:58:23,049] {logging_mixin.py:115} INFO - [2024-04-04 20:58:23,049] {dag.py:2927} INFO - Setting next_dagrun for example_time_delta_sensor_async to None, run_after=None
[2024-04-04 20:58:23,065] {processor.py:161} INFO - Processing /home/dimitri/dimitri/airflowalura/venv/lib/python3.10/site-packages/airflow/example_dags/example_time_delta_sensor_async.py took 0.050 seconds
[2024-04-04 20:58:59,334] {processor.py:153} INFO - Started process (PID=577350) to work on /home/dimitri/dimitri/airflowalura/venv/lib/python3.10/site-packages/airflow/example_dags/example_time_delta_sensor_async.py
[2024-04-04 20:58:59,337] {processor.py:641} INFO - Processing file /home/dimitri/dimitri/airflowalura/venv/lib/python3.10/site-packages/airflow/example_dags/example_time_delta_sensor_async.py for tasks to queue
[2024-04-04 20:58:59,337] {logging_mixin.py:115} INFO - [2024-04-04 20:58:59,337] {dagbag.py:507} INFO - Filling up the DagBag from /home/dimitri/dimitri/airflowalura/venv/lib/python3.10/site-packages/airflow/example_dags/example_time_delta_sensor_async.py
[2024-04-04 20:58:59,341] {processor.py:651} INFO - DAG(s) dict_keys(['example_time_delta_sensor_async']) retrieved from /home/dimitri/dimitri/airflowalura/venv/lib/python3.10/site-packages/airflow/example_dags/example_time_delta_sensor_async.py
[2024-04-04 20:58:59,355] {logging_mixin.py:115} INFO - [2024-04-04 20:58:59,355] {dag.py:2379} INFO - Sync 1 DAGs
[2024-04-04 20:58:59,366] {logging_mixin.py:115} INFO - [2024-04-04 20:58:59,366] {dag.py:2927} INFO - Setting next_dagrun for example_time_delta_sensor_async to None, run_after=None
[2024-04-04 20:58:59,384] {processor.py:161} INFO - Processing /home/dimitri/dimitri/airflowalura/venv/lib/python3.10/site-packages/airflow/example_dags/example_time_delta_sensor_async.py took 0.052 seconds
[2024-04-04 20:59:34,207] {processor.py:153} INFO - Started process (PID=577483) to work on /home/dimitri/dimitri/airflowalura/venv/lib/python3.10/site-packages/airflow/example_dags/example_time_delta_sensor_async.py
[2024-04-04 20:59:34,209] {processor.py:641} INFO - Processing file /home/dimitri/dimitri/airflowalura/venv/lib/python3.10/site-packages/airflow/example_dags/example_time_delta_sensor_async.py for tasks to queue
[2024-04-04 20:59:34,209] {logging_mixin.py:115} INFO - [2024-04-04 20:59:34,209] {dagbag.py:507} INFO - Filling up the DagBag from /home/dimitri/dimitri/airflowalura/venv/lib/python3.10/site-packages/airflow/example_dags/example_time_delta_sensor_async.py
[2024-04-04 20:59:34,213] {processor.py:651} INFO - DAG(s) dict_keys(['example_time_delta_sensor_async']) retrieved from /home/dimitri/dimitri/airflowalura/venv/lib/python3.10/site-packages/airflow/example_dags/example_time_delta_sensor_async.py
[2024-04-04 20:59:34,228] {logging_mixin.py:115} INFO - [2024-04-04 20:59:34,228] {dag.py:2379} INFO - Sync 1 DAGs
[2024-04-04 20:59:34,238] {logging_mixin.py:115} INFO - [2024-04-04 20:59:34,238] {dag.py:2927} INFO - Setting next_dagrun for example_time_delta_sensor_async to None, run_after=None
[2024-04-04 20:59:34,254] {processor.py:161} INFO - Processing /home/dimitri/dimitri/airflowalura/venv/lib/python3.10/site-packages/airflow/example_dags/example_time_delta_sensor_async.py took 0.049 seconds
