[2024-04-04 20:29:17,439] {processor.py:153} INFO - Started process (PID=569891) to work on /home/dimitri/dimitri/airflowalura/venv/lib/python3.10/site-packages/airflow/example_dags/example_branch_python_dop_operator_3.py
[2024-04-04 20:29:17,440] {processor.py:641} INFO - Processing file /home/dimitri/dimitri/airflowalura/venv/lib/python3.10/site-packages/airflow/example_dags/example_branch_python_dop_operator_3.py for tasks to queue
[2024-04-04 20:29:17,440] {logging_mixin.py:115} INFO - [2024-04-04 20:29:17,440] {dagbag.py:507} INFO - Filling up the DagBag from /home/dimitri/dimitri/airflowalura/venv/lib/python3.10/site-packages/airflow/example_dags/example_branch_python_dop_operator_3.py
[2024-04-04 20:29:17,447] {processor.py:651} INFO - DAG(s) dict_keys(['example_branch_dop_operator_v3']) retrieved from /home/dimitri/dimitri/airflowalura/venv/lib/python3.10/site-packages/airflow/example_dags/example_branch_python_dop_operator_3.py
[2024-04-04 20:29:17,500] {logging_mixin.py:115} INFO - [2024-04-04 20:29:17,500] {manager.py:508} INFO - Created Permission View: can read on DAG:example_branch_dop_operator_v3
[2024-04-04 20:29:17,513] {logging_mixin.py:115} INFO - [2024-04-04 20:29:17,513] {manager.py:508} INFO - Created Permission View: can edit on DAG:example_branch_dop_operator_v3
[2024-04-04 20:29:17,525] {logging_mixin.py:115} INFO - [2024-04-04 20:29:17,525] {manager.py:508} INFO - Created Permission View: can delete on DAG:example_branch_dop_operator_v3
[2024-04-04 20:29:17,525] {logging_mixin.py:115} INFO - [2024-04-04 20:29:17,525] {dag.py:2379} INFO - Sync 1 DAGs
[2024-04-04 20:29:17,529] {logging_mixin.py:115} INFO - [2024-04-04 20:29:17,529] {dag.py:2398} INFO - Creating ORM DAG for example_branch_dop_operator_v3
[2024-04-04 20:29:17,536] {logging_mixin.py:115} INFO - [2024-04-04 20:29:17,536] {dag.py:2927} INFO - Setting next_dagrun for example_branch_dop_operator_v3 to 2024-04-04T23:28:00+00:00, run_after=2024-04-04T23:29:00+00:00
[2024-04-04 20:29:17,552] {processor.py:161} INFO - Processing /home/dimitri/dimitri/airflowalura/venv/lib/python3.10/site-packages/airflow/example_dags/example_branch_python_dop_operator_3.py took 0.115 seconds
[2024-04-04 20:29:52,329] {processor.py:153} INFO - Started process (PID=570273) to work on /home/dimitri/dimitri/airflowalura/venv/lib/python3.10/site-packages/airflow/example_dags/example_branch_python_dop_operator_3.py
[2024-04-04 20:29:52,330] {processor.py:641} INFO - Processing file /home/dimitri/dimitri/airflowalura/venv/lib/python3.10/site-packages/airflow/example_dags/example_branch_python_dop_operator_3.py for tasks to queue
[2024-04-04 20:29:52,330] {logging_mixin.py:115} INFO - [2024-04-04 20:29:52,330] {dagbag.py:507} INFO - Filling up the DagBag from /home/dimitri/dimitri/airflowalura/venv/lib/python3.10/site-packages/airflow/example_dags/example_branch_python_dop_operator_3.py
[2024-04-04 20:29:52,336] {processor.py:651} INFO - DAG(s) dict_keys(['example_branch_dop_operator_v3']) retrieved from /home/dimitri/dimitri/airflowalura/venv/lib/python3.10/site-packages/airflow/example_dags/example_branch_python_dop_operator_3.py
[2024-04-04 20:29:52,345] {logging_mixin.py:115} INFO - [2024-04-04 20:29:52,345] {dag.py:2379} INFO - Sync 1 DAGs
[2024-04-04 20:29:52,360] {logging_mixin.py:115} INFO - [2024-04-04 20:29:52,360] {dag.py:2927} INFO - Setting next_dagrun for example_branch_dop_operator_v3 to 2024-04-04T23:28:00+00:00, run_after=2024-04-04T23:29:00+00:00
[2024-04-04 20:29:52,375] {processor.py:161} INFO - Processing /home/dimitri/dimitri/airflowalura/venv/lib/python3.10/site-packages/airflow/example_dags/example_branch_python_dop_operator_3.py took 0.048 seconds
[2024-04-04 20:30:24,415] {processor.py:153} INFO - Started process (PID=570416) to work on /home/dimitri/dimitri/airflowalura/venv/lib/python3.10/site-packages/airflow/example_dags/example_branch_python_dop_operator_3.py
[2024-04-04 20:30:24,416] {processor.py:641} INFO - Processing file /home/dimitri/dimitri/airflowalura/venv/lib/python3.10/site-packages/airflow/example_dags/example_branch_python_dop_operator_3.py for tasks to queue
[2024-04-04 20:30:24,416] {logging_mixin.py:115} INFO - [2024-04-04 20:30:24,416] {dagbag.py:507} INFO - Filling up the DagBag from /home/dimitri/dimitri/airflowalura/venv/lib/python3.10/site-packages/airflow/example_dags/example_branch_python_dop_operator_3.py
[2024-04-04 20:30:24,422] {processor.py:651} INFO - DAG(s) dict_keys(['example_branch_dop_operator_v3']) retrieved from /home/dimitri/dimitri/airflowalura/venv/lib/python3.10/site-packages/airflow/example_dags/example_branch_python_dop_operator_3.py
[2024-04-04 20:30:24,432] {logging_mixin.py:115} INFO - [2024-04-04 20:30:24,432] {dag.py:2379} INFO - Sync 1 DAGs
[2024-04-04 20:30:24,446] {logging_mixin.py:115} INFO - [2024-04-04 20:30:24,446] {dag.py:2927} INFO - Setting next_dagrun for example_branch_dop_operator_v3 to 2024-04-04T23:29:00+00:00, run_after=2024-04-04T23:30:00+00:00
[2024-04-04 20:30:24,462] {processor.py:161} INFO - Processing /home/dimitri/dimitri/airflowalura/venv/lib/python3.10/site-packages/airflow/example_dags/example_branch_python_dop_operator_3.py took 0.049 seconds
[2024-04-04 20:30:58,462] {processor.py:153} INFO - Started process (PID=570546) to work on /home/dimitri/dimitri/airflowalura/venv/lib/python3.10/site-packages/airflow/example_dags/example_branch_python_dop_operator_3.py
[2024-04-04 20:30:58,465] {processor.py:641} INFO - Processing file /home/dimitri/dimitri/airflowalura/venv/lib/python3.10/site-packages/airflow/example_dags/example_branch_python_dop_operator_3.py for tasks to queue
[2024-04-04 20:30:58,465] {logging_mixin.py:115} INFO - [2024-04-04 20:30:58,465] {dagbag.py:507} INFO - Filling up the DagBag from /home/dimitri/dimitri/airflowalura/venv/lib/python3.10/site-packages/airflow/example_dags/example_branch_python_dop_operator_3.py
[2024-04-04 20:30:58,473] {processor.py:651} INFO - DAG(s) dict_keys(['example_branch_dop_operator_v3']) retrieved from /home/dimitri/dimitri/airflowalura/venv/lib/python3.10/site-packages/airflow/example_dags/example_branch_python_dop_operator_3.py
[2024-04-04 20:30:58,483] {logging_mixin.py:115} INFO - [2024-04-04 20:30:58,483] {dag.py:2379} INFO - Sync 1 DAGs
[2024-04-04 20:30:58,499] {logging_mixin.py:115} INFO - [2024-04-04 20:30:58,499] {dag.py:2927} INFO - Setting next_dagrun for example_branch_dop_operator_v3 to 2024-04-04T23:29:00+00:00, run_after=2024-04-04T23:30:00+00:00
[2024-04-04 20:30:58,514] {processor.py:161} INFO - Processing /home/dimitri/dimitri/airflowalura/venv/lib/python3.10/site-packages/airflow/example_dags/example_branch_python_dop_operator_3.py took 0.053 seconds
[2024-04-04 20:31:30,524] {processor.py:153} INFO - Started process (PID=570673) to work on /home/dimitri/dimitri/airflowalura/venv/lib/python3.10/site-packages/airflow/example_dags/example_branch_python_dop_operator_3.py
[2024-04-04 20:31:30,527] {processor.py:641} INFO - Processing file /home/dimitri/dimitri/airflowalura/venv/lib/python3.10/site-packages/airflow/example_dags/example_branch_python_dop_operator_3.py for tasks to queue
[2024-04-04 20:31:30,528] {logging_mixin.py:115} INFO - [2024-04-04 20:31:30,528] {dagbag.py:507} INFO - Filling up the DagBag from /home/dimitri/dimitri/airflowalura/venv/lib/python3.10/site-packages/airflow/example_dags/example_branch_python_dop_operator_3.py
[2024-04-04 20:31:30,533] {processor.py:651} INFO - DAG(s) dict_keys(['example_branch_dop_operator_v3']) retrieved from /home/dimitri/dimitri/airflowalura/venv/lib/python3.10/site-packages/airflow/example_dags/example_branch_python_dop_operator_3.py
[2024-04-04 20:31:30,547] {logging_mixin.py:115} INFO - [2024-04-04 20:31:30,547] {dag.py:2379} INFO - Sync 1 DAGs
[2024-04-04 20:31:30,563] {logging_mixin.py:115} INFO - [2024-04-04 20:31:30,563] {dag.py:2927} INFO - Setting next_dagrun for example_branch_dop_operator_v3 to 2024-04-04T23:30:00+00:00, run_after=2024-04-04T23:31:00+00:00
[2024-04-04 20:31:30,581] {processor.py:161} INFO - Processing /home/dimitri/dimitri/airflowalura/venv/lib/python3.10/site-packages/airflow/example_dags/example_branch_python_dop_operator_3.py took 0.059 seconds
[2024-04-04 20:32:05,426] {processor.py:153} INFO - Started process (PID=570808) to work on /home/dimitri/dimitri/airflowalura/venv/lib/python3.10/site-packages/airflow/example_dags/example_branch_python_dop_operator_3.py
[2024-04-04 20:32:05,429] {processor.py:641} INFO - Processing file /home/dimitri/dimitri/airflowalura/venv/lib/python3.10/site-packages/airflow/example_dags/example_branch_python_dop_operator_3.py for tasks to queue
[2024-04-04 20:32:05,430] {logging_mixin.py:115} INFO - [2024-04-04 20:32:05,430] {dagbag.py:507} INFO - Filling up the DagBag from /home/dimitri/dimitri/airflowalura/venv/lib/python3.10/site-packages/airflow/example_dags/example_branch_python_dop_operator_3.py
[2024-04-04 20:32:05,435] {processor.py:651} INFO - DAG(s) dict_keys(['example_branch_dop_operator_v3']) retrieved from /home/dimitri/dimitri/airflowalura/venv/lib/python3.10/site-packages/airflow/example_dags/example_branch_python_dop_operator_3.py
[2024-04-04 20:32:05,447] {logging_mixin.py:115} INFO - [2024-04-04 20:32:05,447] {dag.py:2379} INFO - Sync 1 DAGs
[2024-04-04 20:32:05,462] {logging_mixin.py:115} INFO - [2024-04-04 20:32:05,462] {dag.py:2927} INFO - Setting next_dagrun for example_branch_dop_operator_v3 to 2024-04-04T23:31:00+00:00, run_after=2024-04-04T23:32:00+00:00
[2024-04-04 20:32:05,478] {processor.py:161} INFO - Processing /home/dimitri/dimitri/airflowalura/venv/lib/python3.10/site-packages/airflow/example_dags/example_branch_python_dop_operator_3.py took 0.054 seconds
[2024-04-04 20:33:02,721] {processor.py:153} INFO - Started process (PID=571180) to work on /home/dimitri/dimitri/airflowalura/venv/lib/python3.10/site-packages/airflow/example_dags/example_branch_python_dop_operator_3.py
[2024-04-04 20:33:02,723] {processor.py:641} INFO - Processing file /home/dimitri/dimitri/airflowalura/venv/lib/python3.10/site-packages/airflow/example_dags/example_branch_python_dop_operator_3.py for tasks to queue
[2024-04-04 20:33:02,724] {logging_mixin.py:115} INFO - [2024-04-04 20:33:02,723] {dagbag.py:507} INFO - Filling up the DagBag from /home/dimitri/dimitri/airflowalura/venv/lib/python3.10/site-packages/airflow/example_dags/example_branch_python_dop_operator_3.py
[2024-04-04 20:33:02,730] {processor.py:651} INFO - DAG(s) dict_keys(['example_branch_dop_operator_v3']) retrieved from /home/dimitri/dimitri/airflowalura/venv/lib/python3.10/site-packages/airflow/example_dags/example_branch_python_dop_operator_3.py
[2024-04-04 20:33:02,744] {logging_mixin.py:115} INFO - [2024-04-04 20:33:02,744] {dag.py:2379} INFO - Sync 1 DAGs
[2024-04-04 20:33:02,757] {logging_mixin.py:115} INFO - [2024-04-04 20:33:02,757] {dag.py:2927} INFO - Setting next_dagrun for example_branch_dop_operator_v3 to 2024-04-04T23:32:00+00:00, run_after=2024-04-04T23:33:00+00:00
[2024-04-04 20:33:02,774] {processor.py:161} INFO - Processing /home/dimitri/dimitri/airflowalura/venv/lib/python3.10/site-packages/airflow/example_dags/example_branch_python_dop_operator_3.py took 0.054 seconds
[2024-04-04 20:33:35,961] {processor.py:153} INFO - Started process (PID=571316) to work on /home/dimitri/dimitri/airflowalura/venv/lib/python3.10/site-packages/airflow/example_dags/example_branch_python_dop_operator_3.py
[2024-04-04 20:33:35,962] {processor.py:641} INFO - Processing file /home/dimitri/dimitri/airflowalura/venv/lib/python3.10/site-packages/airflow/example_dags/example_branch_python_dop_operator_3.py for tasks to queue
[2024-04-04 20:33:35,962] {logging_mixin.py:115} INFO - [2024-04-04 20:33:35,962] {dagbag.py:507} INFO - Filling up the DagBag from /home/dimitri/dimitri/airflowalura/venv/lib/python3.10/site-packages/airflow/example_dags/example_branch_python_dop_operator_3.py
[2024-04-04 20:33:35,968] {processor.py:651} INFO - DAG(s) dict_keys(['example_branch_dop_operator_v3']) retrieved from /home/dimitri/dimitri/airflowalura/venv/lib/python3.10/site-packages/airflow/example_dags/example_branch_python_dop_operator_3.py
[2024-04-04 20:33:35,981] {logging_mixin.py:115} INFO - [2024-04-04 20:33:35,981] {dag.py:2379} INFO - Sync 1 DAGs
[2024-04-04 20:33:35,992] {logging_mixin.py:115} INFO - [2024-04-04 20:33:35,992] {dag.py:2927} INFO - Setting next_dagrun for example_branch_dop_operator_v3 to 2024-04-04T23:32:00+00:00, run_after=2024-04-04T23:33:00+00:00
[2024-04-04 20:33:36,009] {processor.py:161} INFO - Processing /home/dimitri/dimitri/airflowalura/venv/lib/python3.10/site-packages/airflow/example_dags/example_branch_python_dop_operator_3.py took 0.050 seconds
[2024-04-04 20:34:09,785] {processor.py:153} INFO - Started process (PID=571449) to work on /home/dimitri/dimitri/airflowalura/venv/lib/python3.10/site-packages/airflow/example_dags/example_branch_python_dop_operator_3.py
[2024-04-04 20:34:09,788] {processor.py:641} INFO - Processing file /home/dimitri/dimitri/airflowalura/venv/lib/python3.10/site-packages/airflow/example_dags/example_branch_python_dop_operator_3.py for tasks to queue
[2024-04-04 20:34:09,789] {logging_mixin.py:115} INFO - [2024-04-04 20:34:09,789] {dagbag.py:507} INFO - Filling up the DagBag from /home/dimitri/dimitri/airflowalura/venv/lib/python3.10/site-packages/airflow/example_dags/example_branch_python_dop_operator_3.py
[2024-04-04 20:34:09,795] {processor.py:651} INFO - DAG(s) dict_keys(['example_branch_dop_operator_v3']) retrieved from /home/dimitri/dimitri/airflowalura/venv/lib/python3.10/site-packages/airflow/example_dags/example_branch_python_dop_operator_3.py
[2024-04-04 20:34:09,806] {logging_mixin.py:115} INFO - [2024-04-04 20:34:09,806] {dag.py:2379} INFO - Sync 1 DAGs
[2024-04-04 20:34:09,818] {logging_mixin.py:115} INFO - [2024-04-04 20:34:09,818] {dag.py:2927} INFO - Setting next_dagrun for example_branch_dop_operator_v3 to 2024-04-04T23:33:00+00:00, run_after=2024-04-04T23:34:00+00:00
[2024-04-04 20:34:09,834] {processor.py:161} INFO - Processing /home/dimitri/dimitri/airflowalura/venv/lib/python3.10/site-packages/airflow/example_dags/example_branch_python_dop_operator_3.py took 0.052 seconds
[2024-04-04 20:34:43,444] {processor.py:153} INFO - Started process (PID=571579) to work on /home/dimitri/dimitri/airflowalura/venv/lib/python3.10/site-packages/airflow/example_dags/example_branch_python_dop_operator_3.py
[2024-04-04 20:34:43,448] {processor.py:641} INFO - Processing file /home/dimitri/dimitri/airflowalura/venv/lib/python3.10/site-packages/airflow/example_dags/example_branch_python_dop_operator_3.py for tasks to queue
[2024-04-04 20:34:43,448] {logging_mixin.py:115} INFO - [2024-04-04 20:34:43,448] {dagbag.py:507} INFO - Filling up the DagBag from /home/dimitri/dimitri/airflowalura/venv/lib/python3.10/site-packages/airflow/example_dags/example_branch_python_dop_operator_3.py
[2024-04-04 20:34:43,455] {processor.py:651} INFO - DAG(s) dict_keys(['example_branch_dop_operator_v3']) retrieved from /home/dimitri/dimitri/airflowalura/venv/lib/python3.10/site-packages/airflow/example_dags/example_branch_python_dop_operator_3.py
[2024-04-04 20:34:43,465] {logging_mixin.py:115} INFO - [2024-04-04 20:34:43,465] {dag.py:2379} INFO - Sync 1 DAGs
[2024-04-04 20:34:43,476] {logging_mixin.py:115} INFO - [2024-04-04 20:34:43,476] {dag.py:2927} INFO - Setting next_dagrun for example_branch_dop_operator_v3 to 2024-04-04T23:33:00+00:00, run_after=2024-04-04T23:34:00+00:00
[2024-04-04 20:34:43,491] {processor.py:161} INFO - Processing /home/dimitri/dimitri/airflowalura/venv/lib/python3.10/site-packages/airflow/example_dags/example_branch_python_dop_operator_3.py took 0.050 seconds
[2024-04-04 20:35:16,707] {processor.py:153} INFO - Started process (PID=571713) to work on /home/dimitri/dimitri/airflowalura/venv/lib/python3.10/site-packages/airflow/example_dags/example_branch_python_dop_operator_3.py
[2024-04-04 20:35:16,707] {processor.py:641} INFO - Processing file /home/dimitri/dimitri/airflowalura/venv/lib/python3.10/site-packages/airflow/example_dags/example_branch_python_dop_operator_3.py for tasks to queue
[2024-04-04 20:35:16,708] {logging_mixin.py:115} INFO - [2024-04-04 20:35:16,708] {dagbag.py:507} INFO - Filling up the DagBag from /home/dimitri/dimitri/airflowalura/venv/lib/python3.10/site-packages/airflow/example_dags/example_branch_python_dop_operator_3.py
[2024-04-04 20:35:16,713] {processor.py:651} INFO - DAG(s) dict_keys(['example_branch_dop_operator_v3']) retrieved from /home/dimitri/dimitri/airflowalura/venv/lib/python3.10/site-packages/airflow/example_dags/example_branch_python_dop_operator_3.py
[2024-04-04 20:35:16,727] {logging_mixin.py:115} INFO - [2024-04-04 20:35:16,727] {dag.py:2379} INFO - Sync 1 DAGs
[2024-04-04 20:35:16,739] {logging_mixin.py:115} INFO - [2024-04-04 20:35:16,739] {dag.py:2927} INFO - Setting next_dagrun for example_branch_dop_operator_v3 to 2024-04-04T23:34:00+00:00, run_after=2024-04-04T23:35:00+00:00
[2024-04-04 20:35:16,755] {processor.py:161} INFO - Processing /home/dimitri/dimitri/airflowalura/venv/lib/python3.10/site-packages/airflow/example_dags/example_branch_python_dop_operator_3.py took 0.050 seconds
[2024-04-04 20:35:48,791] {processor.py:153} INFO - Started process (PID=571843) to work on /home/dimitri/dimitri/airflowalura/venv/lib/python3.10/site-packages/airflow/example_dags/example_branch_python_dop_operator_3.py
[2024-04-04 20:35:48,793] {processor.py:641} INFO - Processing file /home/dimitri/dimitri/airflowalura/venv/lib/python3.10/site-packages/airflow/example_dags/example_branch_python_dop_operator_3.py for tasks to queue
[2024-04-04 20:35:48,793] {logging_mixin.py:115} INFO - [2024-04-04 20:35:48,793] {dagbag.py:507} INFO - Filling up the DagBag from /home/dimitri/dimitri/airflowalura/venv/lib/python3.10/site-packages/airflow/example_dags/example_branch_python_dop_operator_3.py
[2024-04-04 20:35:48,799] {processor.py:651} INFO - DAG(s) dict_keys(['example_branch_dop_operator_v3']) retrieved from /home/dimitri/dimitri/airflowalura/venv/lib/python3.10/site-packages/airflow/example_dags/example_branch_python_dop_operator_3.py
[2024-04-04 20:35:48,811] {logging_mixin.py:115} INFO - [2024-04-04 20:35:48,811] {dag.py:2379} INFO - Sync 1 DAGs
[2024-04-04 20:35:48,823] {logging_mixin.py:115} INFO - [2024-04-04 20:35:48,823] {dag.py:2927} INFO - Setting next_dagrun for example_branch_dop_operator_v3 to 2024-04-04T23:34:00+00:00, run_after=2024-04-04T23:35:00+00:00
[2024-04-04 20:35:48,839] {processor.py:161} INFO - Processing /home/dimitri/dimitri/airflowalura/venv/lib/python3.10/site-packages/airflow/example_dags/example_branch_python_dop_operator_3.py took 0.051 seconds
[2024-04-04 20:36:32,866] {processor.py:153} INFO - Started process (PID=572026) to work on /home/dimitri/dimitri/airflowalura/venv/lib/python3.10/site-packages/airflow/example_dags/example_branch_python_dop_operator_3.py
[2024-04-04 20:36:32,868] {processor.py:641} INFO - Processing file /home/dimitri/dimitri/airflowalura/venv/lib/python3.10/site-packages/airflow/example_dags/example_branch_python_dop_operator_3.py for tasks to queue
[2024-04-04 20:36:32,869] {logging_mixin.py:115} INFO - [2024-04-04 20:36:32,869] {dagbag.py:507} INFO - Filling up the DagBag from /home/dimitri/dimitri/airflowalura/venv/lib/python3.10/site-packages/airflow/example_dags/example_branch_python_dop_operator_3.py
[2024-04-04 20:36:32,875] {processor.py:651} INFO - DAG(s) dict_keys(['example_branch_dop_operator_v3']) retrieved from /home/dimitri/dimitri/airflowalura/venv/lib/python3.10/site-packages/airflow/example_dags/example_branch_python_dop_operator_3.py
[2024-04-04 20:36:32,885] {logging_mixin.py:115} INFO - [2024-04-04 20:36:32,885] {dag.py:2379} INFO - Sync 1 DAGs
[2024-04-04 20:36:32,896] {logging_mixin.py:115} INFO - [2024-04-04 20:36:32,895] {dag.py:2927} INFO - Setting next_dagrun for example_branch_dop_operator_v3 to 2024-04-04T23:35:00+00:00, run_after=2024-04-04T23:36:00+00:00
[2024-04-04 20:36:32,913] {processor.py:161} INFO - Processing /home/dimitri/dimitri/airflowalura/venv/lib/python3.10/site-packages/airflow/example_dags/example_branch_python_dop_operator_3.py took 0.049 seconds
[2024-04-04 20:37:06,161] {processor.py:153} INFO - Started process (PID=572160) to work on /home/dimitri/dimitri/airflowalura/venv/lib/python3.10/site-packages/airflow/example_dags/example_branch_python_dop_operator_3.py
[2024-04-04 20:37:06,163] {processor.py:641} INFO - Processing file /home/dimitri/dimitri/airflowalura/venv/lib/python3.10/site-packages/airflow/example_dags/example_branch_python_dop_operator_3.py for tasks to queue
[2024-04-04 20:37:06,163] {logging_mixin.py:115} INFO - [2024-04-04 20:37:06,163] {dagbag.py:507} INFO - Filling up the DagBag from /home/dimitri/dimitri/airflowalura/venv/lib/python3.10/site-packages/airflow/example_dags/example_branch_python_dop_operator_3.py
[2024-04-04 20:37:06,170] {processor.py:651} INFO - DAG(s) dict_keys(['example_branch_dop_operator_v3']) retrieved from /home/dimitri/dimitri/airflowalura/venv/lib/python3.10/site-packages/airflow/example_dags/example_branch_python_dop_operator_3.py
[2024-04-04 20:37:06,181] {logging_mixin.py:115} INFO - [2024-04-04 20:37:06,181] {dag.py:2379} INFO - Sync 1 DAGs
[2024-04-04 20:37:06,192] {logging_mixin.py:115} INFO - [2024-04-04 20:37:06,192] {dag.py:2927} INFO - Setting next_dagrun for example_branch_dop_operator_v3 to 2024-04-04T23:36:00+00:00, run_after=2024-04-04T23:37:00+00:00
[2024-04-04 20:37:06,208] {processor.py:161} INFO - Processing /home/dimitri/dimitri/airflowalura/venv/lib/python3.10/site-packages/airflow/example_dags/example_branch_python_dop_operator_3.py took 0.050 seconds
[2024-04-04 20:37:41,136] {processor.py:153} INFO - Started process (PID=572297) to work on /home/dimitri/dimitri/airflowalura/venv/lib/python3.10/site-packages/airflow/example_dags/example_branch_python_dop_operator_3.py
[2024-04-04 20:37:41,138] {processor.py:641} INFO - Processing file /home/dimitri/dimitri/airflowalura/venv/lib/python3.10/site-packages/airflow/example_dags/example_branch_python_dop_operator_3.py for tasks to queue
[2024-04-04 20:37:41,138] {logging_mixin.py:115} INFO - [2024-04-04 20:37:41,138] {dagbag.py:507} INFO - Filling up the DagBag from /home/dimitri/dimitri/airflowalura/venv/lib/python3.10/site-packages/airflow/example_dags/example_branch_python_dop_operator_3.py
[2024-04-04 20:37:41,144] {processor.py:651} INFO - DAG(s) dict_keys(['example_branch_dop_operator_v3']) retrieved from /home/dimitri/dimitri/airflowalura/venv/lib/python3.10/site-packages/airflow/example_dags/example_branch_python_dop_operator_3.py
[2024-04-04 20:37:41,155] {logging_mixin.py:115} INFO - [2024-04-04 20:37:41,155] {dag.py:2379} INFO - Sync 1 DAGs
[2024-04-04 20:37:41,167] {logging_mixin.py:115} INFO - [2024-04-04 20:37:41,166] {dag.py:2927} INFO - Setting next_dagrun for example_branch_dop_operator_v3 to 2024-04-04T23:36:00+00:00, run_after=2024-04-04T23:37:00+00:00
[2024-04-04 20:37:41,181] {processor.py:161} INFO - Processing /home/dimitri/dimitri/airflowalura/venv/lib/python3.10/site-packages/airflow/example_dags/example_branch_python_dop_operator_3.py took 0.047 seconds
[2024-04-04 20:38:13,551] {processor.py:153} INFO - Started process (PID=572430) to work on /home/dimitri/dimitri/airflowalura/venv/lib/python3.10/site-packages/airflow/example_dags/example_branch_python_dop_operator_3.py
[2024-04-04 20:38:13,553] {processor.py:641} INFO - Processing file /home/dimitri/dimitri/airflowalura/venv/lib/python3.10/site-packages/airflow/example_dags/example_branch_python_dop_operator_3.py for tasks to queue
[2024-04-04 20:38:13,554] {logging_mixin.py:115} INFO - [2024-04-04 20:38:13,554] {dagbag.py:507} INFO - Filling up the DagBag from /home/dimitri/dimitri/airflowalura/venv/lib/python3.10/site-packages/airflow/example_dags/example_branch_python_dop_operator_3.py
[2024-04-04 20:38:13,560] {processor.py:651} INFO - DAG(s) dict_keys(['example_branch_dop_operator_v3']) retrieved from /home/dimitri/dimitri/airflowalura/venv/lib/python3.10/site-packages/airflow/example_dags/example_branch_python_dop_operator_3.py
[2024-04-04 20:38:13,571] {logging_mixin.py:115} INFO - [2024-04-04 20:38:13,571] {dag.py:2379} INFO - Sync 1 DAGs
[2024-04-04 20:38:13,583] {logging_mixin.py:115} INFO - [2024-04-04 20:38:13,583] {dag.py:2927} INFO - Setting next_dagrun for example_branch_dop_operator_v3 to 2024-04-04T23:37:00+00:00, run_after=2024-04-04T23:38:00+00:00
[2024-04-04 20:38:13,599] {processor.py:161} INFO - Processing /home/dimitri/dimitri/airflowalura/venv/lib/python3.10/site-packages/airflow/example_dags/example_branch_python_dop_operator_3.py took 0.050 seconds
[2024-04-04 20:38:48,889] {processor.py:153} INFO - Started process (PID=572563) to work on /home/dimitri/dimitri/airflowalura/venv/lib/python3.10/site-packages/airflow/example_dags/example_branch_python_dop_operator_3.py
[2024-04-04 20:38:48,892] {processor.py:641} INFO - Processing file /home/dimitri/dimitri/airflowalura/venv/lib/python3.10/site-packages/airflow/example_dags/example_branch_python_dop_operator_3.py for tasks to queue
[2024-04-04 20:38:48,892] {logging_mixin.py:115} INFO - [2024-04-04 20:38:48,892] {dagbag.py:507} INFO - Filling up the DagBag from /home/dimitri/dimitri/airflowalura/venv/lib/python3.10/site-packages/airflow/example_dags/example_branch_python_dop_operator_3.py
[2024-04-04 20:38:48,900] {processor.py:651} INFO - DAG(s) dict_keys(['example_branch_dop_operator_v3']) retrieved from /home/dimitri/dimitri/airflowalura/venv/lib/python3.10/site-packages/airflow/example_dags/example_branch_python_dop_operator_3.py
[2024-04-04 20:38:48,911] {logging_mixin.py:115} INFO - [2024-04-04 20:38:48,911] {dag.py:2379} INFO - Sync 1 DAGs
[2024-04-04 20:38:48,921] {logging_mixin.py:115} INFO - [2024-04-04 20:38:48,921] {dag.py:2927} INFO - Setting next_dagrun for example_branch_dop_operator_v3 to 2024-04-04T23:37:00+00:00, run_after=2024-04-04T23:38:00+00:00
[2024-04-04 20:38:48,937] {processor.py:161} INFO - Processing /home/dimitri/dimitri/airflowalura/venv/lib/python3.10/site-packages/airflow/example_dags/example_branch_python_dop_operator_3.py took 0.052 seconds
[2024-04-04 20:39:22,751] {processor.py:153} INFO - Started process (PID=572701) to work on /home/dimitri/dimitri/airflowalura/venv/lib/python3.10/site-packages/airflow/example_dags/example_branch_python_dop_operator_3.py
[2024-04-04 20:39:22,754] {processor.py:641} INFO - Processing file /home/dimitri/dimitri/airflowalura/venv/lib/python3.10/site-packages/airflow/example_dags/example_branch_python_dop_operator_3.py for tasks to queue
[2024-04-04 20:39:22,755] {logging_mixin.py:115} INFO - [2024-04-04 20:39:22,755] {dagbag.py:507} INFO - Filling up the DagBag from /home/dimitri/dimitri/airflowalura/venv/lib/python3.10/site-packages/airflow/example_dags/example_branch_python_dop_operator_3.py
[2024-04-04 20:39:22,764] {processor.py:651} INFO - DAG(s) dict_keys(['example_branch_dop_operator_v3']) retrieved from /home/dimitri/dimitri/airflowalura/venv/lib/python3.10/site-packages/airflow/example_dags/example_branch_python_dop_operator_3.py
[2024-04-04 20:39:22,774] {logging_mixin.py:115} INFO - [2024-04-04 20:39:22,774] {dag.py:2379} INFO - Sync 1 DAGs
[2024-04-04 20:39:22,785] {logging_mixin.py:115} INFO - [2024-04-04 20:39:22,785] {dag.py:2927} INFO - Setting next_dagrun for example_branch_dop_operator_v3 to 2024-04-04T23:38:00+00:00, run_after=2024-04-04T23:39:00+00:00
[2024-04-04 20:39:22,801] {processor.py:161} INFO - Processing /home/dimitri/dimitri/airflowalura/venv/lib/python3.10/site-packages/airflow/example_dags/example_branch_python_dop_operator_3.py took 0.054 seconds
[2024-04-04 20:39:57,273] {processor.py:153} INFO - Started process (PID=572833) to work on /home/dimitri/dimitri/airflowalura/venv/lib/python3.10/site-packages/airflow/example_dags/example_branch_python_dop_operator_3.py
[2024-04-04 20:39:57,274] {processor.py:641} INFO - Processing file /home/dimitri/dimitri/airflowalura/venv/lib/python3.10/site-packages/airflow/example_dags/example_branch_python_dop_operator_3.py for tasks to queue
[2024-04-04 20:39:57,275] {logging_mixin.py:115} INFO - [2024-04-04 20:39:57,275] {dagbag.py:507} INFO - Filling up the DagBag from /home/dimitri/dimitri/airflowalura/venv/lib/python3.10/site-packages/airflow/example_dags/example_branch_python_dop_operator_3.py
[2024-04-04 20:39:57,281] {processor.py:651} INFO - DAG(s) dict_keys(['example_branch_dop_operator_v3']) retrieved from /home/dimitri/dimitri/airflowalura/venv/lib/python3.10/site-packages/airflow/example_dags/example_branch_python_dop_operator_3.py
[2024-04-04 20:39:57,291] {logging_mixin.py:115} INFO - [2024-04-04 20:39:57,291] {dag.py:2379} INFO - Sync 1 DAGs
[2024-04-04 20:39:57,303] {logging_mixin.py:115} INFO - [2024-04-04 20:39:57,302] {dag.py:2927} INFO - Setting next_dagrun for example_branch_dop_operator_v3 to 2024-04-04T23:38:00+00:00, run_after=2024-04-04T23:39:00+00:00
[2024-04-04 20:39:57,318] {processor.py:161} INFO - Processing /home/dimitri/dimitri/airflowalura/venv/lib/python3.10/site-packages/airflow/example_dags/example_branch_python_dop_operator_3.py took 0.049 seconds
[2024-04-04 20:40:32,108] {processor.py:153} INFO - Started process (PID=572972) to work on /home/dimitri/dimitri/airflowalura/venv/lib/python3.10/site-packages/airflow/example_dags/example_branch_python_dop_operator_3.py
[2024-04-04 20:40:32,110] {processor.py:641} INFO - Processing file /home/dimitri/dimitri/airflowalura/venv/lib/python3.10/site-packages/airflow/example_dags/example_branch_python_dop_operator_3.py for tasks to queue
[2024-04-04 20:40:32,111] {logging_mixin.py:115} INFO - [2024-04-04 20:40:32,111] {dagbag.py:507} INFO - Filling up the DagBag from /home/dimitri/dimitri/airflowalura/venv/lib/python3.10/site-packages/airflow/example_dags/example_branch_python_dop_operator_3.py
[2024-04-04 20:40:32,128] {processor.py:651} INFO - DAG(s) dict_keys(['example_branch_dop_operator_v3']) retrieved from /home/dimitri/dimitri/airflowalura/venv/lib/python3.10/site-packages/airflow/example_dags/example_branch_python_dop_operator_3.py
[2024-04-04 20:40:32,148] {logging_mixin.py:115} INFO - [2024-04-04 20:40:32,148] {dag.py:2379} INFO - Sync 1 DAGs
[2024-04-04 20:40:32,169] {logging_mixin.py:115} INFO - [2024-04-04 20:40:32,169] {dag.py:2927} INFO - Setting next_dagrun for example_branch_dop_operator_v3 to 2024-04-04T23:39:00+00:00, run_after=2024-04-04T23:40:00+00:00
[2024-04-04 20:40:32,188] {processor.py:161} INFO - Processing /home/dimitri/dimitri/airflowalura/venv/lib/python3.10/site-packages/airflow/example_dags/example_branch_python_dop_operator_3.py took 0.082 seconds
[2024-04-04 20:41:19,200] {processor.py:153} INFO - Started process (PID=573175) to work on /home/dimitri/dimitri/airflowalura/venv/lib/python3.10/site-packages/airflow/example_dags/example_branch_python_dop_operator_3.py
[2024-04-04 20:41:19,202] {processor.py:641} INFO - Processing file /home/dimitri/dimitri/airflowalura/venv/lib/python3.10/site-packages/airflow/example_dags/example_branch_python_dop_operator_3.py for tasks to queue
[2024-04-04 20:41:19,203] {logging_mixin.py:115} INFO - [2024-04-04 20:41:19,203] {dagbag.py:507} INFO - Filling up the DagBag from /home/dimitri/dimitri/airflowalura/venv/lib/python3.10/site-packages/airflow/example_dags/example_branch_python_dop_operator_3.py
[2024-04-04 20:41:19,208] {processor.py:651} INFO - DAG(s) dict_keys(['example_branch_dop_operator_v3']) retrieved from /home/dimitri/dimitri/airflowalura/venv/lib/python3.10/site-packages/airflow/example_dags/example_branch_python_dop_operator_3.py
[2024-04-04 20:41:19,220] {logging_mixin.py:115} INFO - [2024-04-04 20:41:19,220] {dag.py:2379} INFO - Sync 1 DAGs
[2024-04-04 20:41:19,233] {logging_mixin.py:115} INFO - [2024-04-04 20:41:19,233] {dag.py:2927} INFO - Setting next_dagrun for example_branch_dop_operator_v3 to 2024-04-04T23:40:00+00:00, run_after=2024-04-04T23:41:00+00:00
[2024-04-04 20:41:19,249] {processor.py:161} INFO - Processing /home/dimitri/dimitri/airflowalura/venv/lib/python3.10/site-packages/airflow/example_dags/example_branch_python_dop_operator_3.py took 0.051 seconds
[2024-04-04 20:41:56,099] {processor.py:153} INFO - Started process (PID=573319) to work on /home/dimitri/dimitri/airflowalura/venv/lib/python3.10/site-packages/airflow/example_dags/example_branch_python_dop_operator_3.py
[2024-04-04 20:41:56,101] {processor.py:641} INFO - Processing file /home/dimitri/dimitri/airflowalura/venv/lib/python3.10/site-packages/airflow/example_dags/example_branch_python_dop_operator_3.py for tasks to queue
[2024-04-04 20:41:56,101] {logging_mixin.py:115} INFO - [2024-04-04 20:41:56,101] {dagbag.py:507} INFO - Filling up the DagBag from /home/dimitri/dimitri/airflowalura/venv/lib/python3.10/site-packages/airflow/example_dags/example_branch_python_dop_operator_3.py
[2024-04-04 20:41:56,108] {processor.py:651} INFO - DAG(s) dict_keys(['example_branch_dop_operator_v3']) retrieved from /home/dimitri/dimitri/airflowalura/venv/lib/python3.10/site-packages/airflow/example_dags/example_branch_python_dop_operator_3.py
[2024-04-04 20:41:56,124] {logging_mixin.py:115} INFO - [2024-04-04 20:41:56,124] {dag.py:2379} INFO - Sync 1 DAGs
[2024-04-04 20:41:56,142] {logging_mixin.py:115} INFO - [2024-04-04 20:41:56,142] {dag.py:2927} INFO - Setting next_dagrun for example_branch_dop_operator_v3 to 2024-04-04T23:40:00+00:00, run_after=2024-04-04T23:41:00+00:00
[2024-04-04 20:41:56,159] {processor.py:161} INFO - Processing /home/dimitri/dimitri/airflowalura/venv/lib/python3.10/site-packages/airflow/example_dags/example_branch_python_dop_operator_3.py took 0.062 seconds
[2024-04-04 20:42:29,741] {processor.py:153} INFO - Started process (PID=573456) to work on /home/dimitri/dimitri/airflowalura/venv/lib/python3.10/site-packages/airflow/example_dags/example_branch_python_dop_operator_3.py
[2024-04-04 20:42:29,743] {processor.py:641} INFO - Processing file /home/dimitri/dimitri/airflowalura/venv/lib/python3.10/site-packages/airflow/example_dags/example_branch_python_dop_operator_3.py for tasks to queue
[2024-04-04 20:42:29,743] {logging_mixin.py:115} INFO - [2024-04-04 20:42:29,743] {dagbag.py:507} INFO - Filling up the DagBag from /home/dimitri/dimitri/airflowalura/venv/lib/python3.10/site-packages/airflow/example_dags/example_branch_python_dop_operator_3.py
[2024-04-04 20:42:29,750] {processor.py:651} INFO - DAG(s) dict_keys(['example_branch_dop_operator_v3']) retrieved from /home/dimitri/dimitri/airflowalura/venv/lib/python3.10/site-packages/airflow/example_dags/example_branch_python_dop_operator_3.py
[2024-04-04 20:42:29,762] {logging_mixin.py:115} INFO - [2024-04-04 20:42:29,762] {dag.py:2379} INFO - Sync 1 DAGs
[2024-04-04 20:42:29,774] {logging_mixin.py:115} INFO - [2024-04-04 20:42:29,774] {dag.py:2927} INFO - Setting next_dagrun for example_branch_dop_operator_v3 to 2024-04-04T23:41:00+00:00, run_after=2024-04-04T23:42:00+00:00
[2024-04-04 20:42:29,791] {processor.py:161} INFO - Processing /home/dimitri/dimitri/airflowalura/venv/lib/python3.10/site-packages/airflow/example_dags/example_branch_python_dop_operator_3.py took 0.053 seconds
[2024-04-04 20:43:05,038] {processor.py:153} INFO - Started process (PID=573589) to work on /home/dimitri/dimitri/airflowalura/venv/lib/python3.10/site-packages/airflow/example_dags/example_branch_python_dop_operator_3.py
[2024-04-04 20:43:05,040] {processor.py:641} INFO - Processing file /home/dimitri/dimitri/airflowalura/venv/lib/python3.10/site-packages/airflow/example_dags/example_branch_python_dop_operator_3.py for tasks to queue
[2024-04-04 20:43:05,041] {logging_mixin.py:115} INFO - [2024-04-04 20:43:05,041] {dagbag.py:507} INFO - Filling up the DagBag from /home/dimitri/dimitri/airflowalura/venv/lib/python3.10/site-packages/airflow/example_dags/example_branch_python_dop_operator_3.py
[2024-04-04 20:43:05,047] {processor.py:651} INFO - DAG(s) dict_keys(['example_branch_dop_operator_v3']) retrieved from /home/dimitri/dimitri/airflowalura/venv/lib/python3.10/site-packages/airflow/example_dags/example_branch_python_dop_operator_3.py
[2024-04-04 20:43:05,060] {logging_mixin.py:115} INFO - [2024-04-04 20:43:05,060] {dag.py:2379} INFO - Sync 1 DAGs
[2024-04-04 20:43:05,074] {logging_mixin.py:115} INFO - [2024-04-04 20:43:05,074] {dag.py:2927} INFO - Setting next_dagrun for example_branch_dop_operator_v3 to 2024-04-04T23:42:00+00:00, run_after=2024-04-04T23:43:00+00:00
[2024-04-04 20:43:05,092] {processor.py:161} INFO - Processing /home/dimitri/dimitri/airflowalura/venv/lib/python3.10/site-packages/airflow/example_dags/example_branch_python_dop_operator_3.py took 0.056 seconds
[2024-04-04 20:43:39,926] {processor.py:153} INFO - Started process (PID=573728) to work on /home/dimitri/dimitri/airflowalura/venv/lib/python3.10/site-packages/airflow/example_dags/example_branch_python_dop_operator_3.py
[2024-04-04 20:43:39,930] {processor.py:641} INFO - Processing file /home/dimitri/dimitri/airflowalura/venv/lib/python3.10/site-packages/airflow/example_dags/example_branch_python_dop_operator_3.py for tasks to queue
[2024-04-04 20:43:39,930] {logging_mixin.py:115} INFO - [2024-04-04 20:43:39,930] {dagbag.py:507} INFO - Filling up the DagBag from /home/dimitri/dimitri/airflowalura/venv/lib/python3.10/site-packages/airflow/example_dags/example_branch_python_dop_operator_3.py
[2024-04-04 20:43:39,936] {processor.py:651} INFO - DAG(s) dict_keys(['example_branch_dop_operator_v3']) retrieved from /home/dimitri/dimitri/airflowalura/venv/lib/python3.10/site-packages/airflow/example_dags/example_branch_python_dop_operator_3.py
[2024-04-04 20:43:39,949] {logging_mixin.py:115} INFO - [2024-04-04 20:43:39,949] {dag.py:2379} INFO - Sync 1 DAGs
[2024-04-04 20:43:39,964] {logging_mixin.py:115} INFO - [2024-04-04 20:43:39,964] {dag.py:2927} INFO - Setting next_dagrun for example_branch_dop_operator_v3 to 2024-04-04T23:42:00+00:00, run_after=2024-04-04T23:43:00+00:00
[2024-04-04 20:43:39,981] {processor.py:161} INFO - Processing /home/dimitri/dimitri/airflowalura/venv/lib/python3.10/site-packages/airflow/example_dags/example_branch_python_dop_operator_3.py took 0.057 seconds
[2024-04-04 20:44:15,815] {processor.py:153} INFO - Started process (PID=573865) to work on /home/dimitri/dimitri/airflowalura/venv/lib/python3.10/site-packages/airflow/example_dags/example_branch_python_dop_operator_3.py
[2024-04-04 20:44:15,817] {processor.py:641} INFO - Processing file /home/dimitri/dimitri/airflowalura/venv/lib/python3.10/site-packages/airflow/example_dags/example_branch_python_dop_operator_3.py for tasks to queue
[2024-04-04 20:44:15,817] {logging_mixin.py:115} INFO - [2024-04-04 20:44:15,817] {dagbag.py:507} INFO - Filling up the DagBag from /home/dimitri/dimitri/airflowalura/venv/lib/python3.10/site-packages/airflow/example_dags/example_branch_python_dop_operator_3.py
[2024-04-04 20:44:15,823] {processor.py:651} INFO - DAG(s) dict_keys(['example_branch_dop_operator_v3']) retrieved from /home/dimitri/dimitri/airflowalura/venv/lib/python3.10/site-packages/airflow/example_dags/example_branch_python_dop_operator_3.py
[2024-04-04 20:44:15,835] {logging_mixin.py:115} INFO - [2024-04-04 20:44:15,835] {dag.py:2379} INFO - Sync 1 DAGs
[2024-04-04 20:44:15,853] {logging_mixin.py:115} INFO - [2024-04-04 20:44:15,853] {dag.py:2927} INFO - Setting next_dagrun for example_branch_dop_operator_v3 to 2024-04-04T23:43:00+00:00, run_after=2024-04-04T23:44:00+00:00
[2024-04-04 20:44:15,872] {processor.py:161} INFO - Processing /home/dimitri/dimitri/airflowalura/venv/lib/python3.10/site-packages/airflow/example_dags/example_branch_python_dop_operator_3.py took 0.060 seconds
[2024-04-04 20:44:49,429] {processor.py:153} INFO - Started process (PID=574002) to work on /home/dimitri/dimitri/airflowalura/venv/lib/python3.10/site-packages/airflow/example_dags/example_branch_python_dop_operator_3.py
[2024-04-04 20:44:49,435] {processor.py:641} INFO - Processing file /home/dimitri/dimitri/airflowalura/venv/lib/python3.10/site-packages/airflow/example_dags/example_branch_python_dop_operator_3.py for tasks to queue
[2024-04-04 20:44:49,436] {logging_mixin.py:115} INFO - [2024-04-04 20:44:49,435] {dagbag.py:507} INFO - Filling up the DagBag from /home/dimitri/dimitri/airflowalura/venv/lib/python3.10/site-packages/airflow/example_dags/example_branch_python_dop_operator_3.py
[2024-04-04 20:44:49,443] {processor.py:651} INFO - DAG(s) dict_keys(['example_branch_dop_operator_v3']) retrieved from /home/dimitri/dimitri/airflowalura/venv/lib/python3.10/site-packages/airflow/example_dags/example_branch_python_dop_operator_3.py
[2024-04-04 20:44:49,464] {logging_mixin.py:115} INFO - [2024-04-04 20:44:49,464] {dag.py:2379} INFO - Sync 1 DAGs
[2024-04-04 20:44:49,477] {logging_mixin.py:115} INFO - [2024-04-04 20:44:49,477] {dag.py:2927} INFO - Setting next_dagrun for example_branch_dop_operator_v3 to 2024-04-04T23:43:00+00:00, run_after=2024-04-04T23:44:00+00:00
[2024-04-04 20:44:49,492] {processor.py:161} INFO - Processing /home/dimitri/dimitri/airflowalura/venv/lib/python3.10/site-packages/airflow/example_dags/example_branch_python_dop_operator_3.py took 0.065 seconds
[2024-04-04 20:45:26,817] {processor.py:153} INFO - Started process (PID=574149) to work on /home/dimitri/dimitri/airflowalura/venv/lib/python3.10/site-packages/airflow/example_dags/example_branch_python_dop_operator_3.py
[2024-04-04 20:45:26,819] {processor.py:641} INFO - Processing file /home/dimitri/dimitri/airflowalura/venv/lib/python3.10/site-packages/airflow/example_dags/example_branch_python_dop_operator_3.py for tasks to queue
[2024-04-04 20:45:26,819] {logging_mixin.py:115} INFO - [2024-04-04 20:45:26,819] {dagbag.py:507} INFO - Filling up the DagBag from /home/dimitri/dimitri/airflowalura/venv/lib/python3.10/site-packages/airflow/example_dags/example_branch_python_dop_operator_3.py
[2024-04-04 20:45:26,825] {processor.py:651} INFO - DAG(s) dict_keys(['example_branch_dop_operator_v3']) retrieved from /home/dimitri/dimitri/airflowalura/venv/lib/python3.10/site-packages/airflow/example_dags/example_branch_python_dop_operator_3.py
[2024-04-04 20:45:26,839] {logging_mixin.py:115} INFO - [2024-04-04 20:45:26,839] {dag.py:2379} INFO - Sync 1 DAGs
[2024-04-04 20:45:26,852] {logging_mixin.py:115} INFO - [2024-04-04 20:45:26,852] {dag.py:2927} INFO - Setting next_dagrun for example_branch_dop_operator_v3 to 2024-04-04T23:44:00+00:00, run_after=2024-04-04T23:45:00+00:00
[2024-04-04 20:45:26,865] {processor.py:161} INFO - Processing /home/dimitri/dimitri/airflowalura/venv/lib/python3.10/site-packages/airflow/example_dags/example_branch_python_dop_operator_3.py took 0.050 seconds
[2024-04-04 20:46:02,895] {processor.py:153} INFO - Started process (PID=574287) to work on /home/dimitri/dimitri/airflowalura/venv/lib/python3.10/site-packages/airflow/example_dags/example_branch_python_dop_operator_3.py
[2024-04-04 20:46:02,897] {processor.py:641} INFO - Processing file /home/dimitri/dimitri/airflowalura/venv/lib/python3.10/site-packages/airflow/example_dags/example_branch_python_dop_operator_3.py for tasks to queue
[2024-04-04 20:46:02,897] {logging_mixin.py:115} INFO - [2024-04-04 20:46:02,897] {dagbag.py:507} INFO - Filling up the DagBag from /home/dimitri/dimitri/airflowalura/venv/lib/python3.10/site-packages/airflow/example_dags/example_branch_python_dop_operator_3.py
[2024-04-04 20:46:02,903] {processor.py:651} INFO - DAG(s) dict_keys(['example_branch_dop_operator_v3']) retrieved from /home/dimitri/dimitri/airflowalura/venv/lib/python3.10/site-packages/airflow/example_dags/example_branch_python_dop_operator_3.py
[2024-04-04 20:46:02,916] {logging_mixin.py:115} INFO - [2024-04-04 20:46:02,916] {dag.py:2379} INFO - Sync 1 DAGs
[2024-04-04 20:46:02,930] {logging_mixin.py:115} INFO - [2024-04-04 20:46:02,930] {dag.py:2927} INFO - Setting next_dagrun for example_branch_dop_operator_v3 to 2024-04-04T23:45:00+00:00, run_after=2024-04-04T23:46:00+00:00
[2024-04-04 20:46:02,946] {processor.py:161} INFO - Processing /home/dimitri/dimitri/airflowalura/venv/lib/python3.10/site-packages/airflow/example_dags/example_branch_python_dop_operator_3.py took 0.053 seconds
[2024-04-04 20:46:39,161] {processor.py:153} INFO - Started process (PID=574431) to work on /home/dimitri/dimitri/airflowalura/venv/lib/python3.10/site-packages/airflow/example_dags/example_branch_python_dop_operator_3.py
[2024-04-04 20:46:39,163] {processor.py:641} INFO - Processing file /home/dimitri/dimitri/airflowalura/venv/lib/python3.10/site-packages/airflow/example_dags/example_branch_python_dop_operator_3.py for tasks to queue
[2024-04-04 20:46:39,164] {logging_mixin.py:115} INFO - [2024-04-04 20:46:39,164] {dagbag.py:507} INFO - Filling up the DagBag from /home/dimitri/dimitri/airflowalura/venv/lib/python3.10/site-packages/airflow/example_dags/example_branch_python_dop_operator_3.py
[2024-04-04 20:46:39,170] {processor.py:651} INFO - DAG(s) dict_keys(['example_branch_dop_operator_v3']) retrieved from /home/dimitri/dimitri/airflowalura/venv/lib/python3.10/site-packages/airflow/example_dags/example_branch_python_dop_operator_3.py
[2024-04-04 20:46:39,183] {logging_mixin.py:115} INFO - [2024-04-04 20:46:39,183] {dag.py:2379} INFO - Sync 1 DAGs
[2024-04-04 20:46:39,198] {logging_mixin.py:115} INFO - [2024-04-04 20:46:39,198] {dag.py:2927} INFO - Setting next_dagrun for example_branch_dop_operator_v3 to 2024-04-04T23:45:00+00:00, run_after=2024-04-04T23:46:00+00:00
[2024-04-04 20:46:39,214] {processor.py:161} INFO - Processing /home/dimitri/dimitri/airflowalura/venv/lib/python3.10/site-packages/airflow/example_dags/example_branch_python_dop_operator_3.py took 0.055 seconds
[2024-04-04 20:47:11,162] {processor.py:153} INFO - Started process (PID=574574) to work on /home/dimitri/dimitri/airflowalura/venv/lib/python3.10/site-packages/airflow/example_dags/example_branch_python_dop_operator_3.py
[2024-04-04 20:47:11,164] {processor.py:641} INFO - Processing file /home/dimitri/dimitri/airflowalura/venv/lib/python3.10/site-packages/airflow/example_dags/example_branch_python_dop_operator_3.py for tasks to queue
[2024-04-04 20:47:11,164] {logging_mixin.py:115} INFO - [2024-04-04 20:47:11,164] {dagbag.py:507} INFO - Filling up the DagBag from /home/dimitri/dimitri/airflowalura/venv/lib/python3.10/site-packages/airflow/example_dags/example_branch_python_dop_operator_3.py
[2024-04-04 20:47:11,170] {processor.py:651} INFO - DAG(s) dict_keys(['example_branch_dop_operator_v3']) retrieved from /home/dimitri/dimitri/airflowalura/venv/lib/python3.10/site-packages/airflow/example_dags/example_branch_python_dop_operator_3.py
[2024-04-04 20:47:11,183] {logging_mixin.py:115} INFO - [2024-04-04 20:47:11,183] {dag.py:2379} INFO - Sync 1 DAGs
[2024-04-04 20:47:11,199] {logging_mixin.py:115} INFO - [2024-04-04 20:47:11,198] {dag.py:2927} INFO - Setting next_dagrun for example_branch_dop_operator_v3 to 2024-04-04T23:46:00+00:00, run_after=2024-04-04T23:47:00+00:00
[2024-04-04 20:47:11,216] {processor.py:161} INFO - Processing /home/dimitri/dimitri/airflowalura/venv/lib/python3.10/site-packages/airflow/example_dags/example_branch_python_dop_operator_3.py took 0.056 seconds
[2024-04-04 20:47:45,528] {processor.py:153} INFO - Started process (PID=574705) to work on /home/dimitri/dimitri/airflowalura/venv/lib/python3.10/site-packages/airflow/example_dags/example_branch_python_dop_operator_3.py
[2024-04-04 20:47:45,530] {processor.py:641} INFO - Processing file /home/dimitri/dimitri/airflowalura/venv/lib/python3.10/site-packages/airflow/example_dags/example_branch_python_dop_operator_3.py for tasks to queue
[2024-04-04 20:47:45,531] {logging_mixin.py:115} INFO - [2024-04-04 20:47:45,531] {dagbag.py:507} INFO - Filling up the DagBag from /home/dimitri/dimitri/airflowalura/venv/lib/python3.10/site-packages/airflow/example_dags/example_branch_python_dop_operator_3.py
[2024-04-04 20:47:45,537] {processor.py:651} INFO - DAG(s) dict_keys(['example_branch_dop_operator_v3']) retrieved from /home/dimitri/dimitri/airflowalura/venv/lib/python3.10/site-packages/airflow/example_dags/example_branch_python_dop_operator_3.py
[2024-04-04 20:47:45,548] {logging_mixin.py:115} INFO - [2024-04-04 20:47:45,548] {dag.py:2379} INFO - Sync 1 DAGs
[2024-04-04 20:47:45,560] {logging_mixin.py:115} INFO - [2024-04-04 20:47:45,560] {dag.py:2927} INFO - Setting next_dagrun for example_branch_dop_operator_v3 to 2024-04-04T23:46:00+00:00, run_after=2024-04-04T23:47:00+00:00
[2024-04-04 20:47:45,576] {processor.py:161} INFO - Processing /home/dimitri/dimitri/airflowalura/venv/lib/python3.10/site-packages/airflow/example_dags/example_branch_python_dop_operator_3.py took 0.051 seconds
[2024-04-04 20:48:18,677] {processor.py:153} INFO - Started process (PID=574838) to work on /home/dimitri/dimitri/airflowalura/venv/lib/python3.10/site-packages/airflow/example_dags/example_branch_python_dop_operator_3.py
[2024-04-04 20:48:18,680] {processor.py:641} INFO - Processing file /home/dimitri/dimitri/airflowalura/venv/lib/python3.10/site-packages/airflow/example_dags/example_branch_python_dop_operator_3.py for tasks to queue
[2024-04-04 20:48:18,680] {logging_mixin.py:115} INFO - [2024-04-04 20:48:18,680] {dagbag.py:507} INFO - Filling up the DagBag from /home/dimitri/dimitri/airflowalura/venv/lib/python3.10/site-packages/airflow/example_dags/example_branch_python_dop_operator_3.py
[2024-04-04 20:48:18,686] {processor.py:651} INFO - DAG(s) dict_keys(['example_branch_dop_operator_v3']) retrieved from /home/dimitri/dimitri/airflowalura/venv/lib/python3.10/site-packages/airflow/example_dags/example_branch_python_dop_operator_3.py
[2024-04-04 20:48:18,697] {logging_mixin.py:115} INFO - [2024-04-04 20:48:18,697] {dag.py:2379} INFO - Sync 1 DAGs
[2024-04-04 20:48:18,709] {logging_mixin.py:115} INFO - [2024-04-04 20:48:18,709] {dag.py:2927} INFO - Setting next_dagrun for example_branch_dop_operator_v3 to 2024-04-04T23:47:00+00:00, run_after=2024-04-04T23:48:00+00:00
[2024-04-04 20:48:18,724] {processor.py:161} INFO - Processing /home/dimitri/dimitri/airflowalura/venv/lib/python3.10/site-packages/airflow/example_dags/example_branch_python_dop_operator_3.py took 0.049 seconds
[2024-04-04 20:48:57,637] {processor.py:153} INFO - Started process (PID=574994) to work on /home/dimitri/dimitri/airflowalura/venv/lib/python3.10/site-packages/airflow/example_dags/example_branch_python_dop_operator_3.py
[2024-04-04 20:48:57,640] {processor.py:641} INFO - Processing file /home/dimitri/dimitri/airflowalura/venv/lib/python3.10/site-packages/airflow/example_dags/example_branch_python_dop_operator_3.py for tasks to queue
[2024-04-04 20:48:57,640] {logging_mixin.py:115} INFO - [2024-04-04 20:48:57,640] {dagbag.py:507} INFO - Filling up the DagBag from /home/dimitri/dimitri/airflowalura/venv/lib/python3.10/site-packages/airflow/example_dags/example_branch_python_dop_operator_3.py
[2024-04-04 20:48:57,646] {processor.py:651} INFO - DAG(s) dict_keys(['example_branch_dop_operator_v3']) retrieved from /home/dimitri/dimitri/airflowalura/venv/lib/python3.10/site-packages/airflow/example_dags/example_branch_python_dop_operator_3.py
[2024-04-04 20:48:57,657] {logging_mixin.py:115} INFO - [2024-04-04 20:48:57,657] {dag.py:2379} INFO - Sync 1 DAGs
[2024-04-04 20:48:57,670] {logging_mixin.py:115} INFO - [2024-04-04 20:48:57,669] {dag.py:2927} INFO - Setting next_dagrun for example_branch_dop_operator_v3 to 2024-04-04T23:47:00+00:00, run_after=2024-04-04T23:48:00+00:00
[2024-04-04 20:48:57,686] {processor.py:161} INFO - Processing /home/dimitri/dimitri/airflowalura/venv/lib/python3.10/site-packages/airflow/example_dags/example_branch_python_dop_operator_3.py took 0.051 seconds
[2024-04-04 20:49:30,816] {processor.py:153} INFO - Started process (PID=575125) to work on /home/dimitri/dimitri/airflowalura/venv/lib/python3.10/site-packages/airflow/example_dags/example_branch_python_dop_operator_3.py
[2024-04-04 20:49:30,819] {processor.py:641} INFO - Processing file /home/dimitri/dimitri/airflowalura/venv/lib/python3.10/site-packages/airflow/example_dags/example_branch_python_dop_operator_3.py for tasks to queue
[2024-04-04 20:49:30,819] {logging_mixin.py:115} INFO - [2024-04-04 20:49:30,819] {dagbag.py:507} INFO - Filling up the DagBag from /home/dimitri/dimitri/airflowalura/venv/lib/python3.10/site-packages/airflow/example_dags/example_branch_python_dop_operator_3.py
[2024-04-04 20:49:30,826] {processor.py:651} INFO - DAG(s) dict_keys(['example_branch_dop_operator_v3']) retrieved from /home/dimitri/dimitri/airflowalura/venv/lib/python3.10/site-packages/airflow/example_dags/example_branch_python_dop_operator_3.py
[2024-04-04 20:49:30,839] {logging_mixin.py:115} INFO - [2024-04-04 20:49:30,839] {dag.py:2379} INFO - Sync 1 DAGs
[2024-04-04 20:49:30,855] {logging_mixin.py:115} INFO - [2024-04-04 20:49:30,854] {dag.py:2927} INFO - Setting next_dagrun for example_branch_dop_operator_v3 to 2024-04-04T23:48:00+00:00, run_after=2024-04-04T23:49:00+00:00
[2024-04-04 20:49:30,873] {processor.py:161} INFO - Processing /home/dimitri/dimitri/airflowalura/venv/lib/python3.10/site-packages/airflow/example_dags/example_branch_python_dop_operator_3.py took 0.059 seconds
[2024-04-04 20:50:01,682] {processor.py:153} INFO - Started process (PID=575248) to work on /home/dimitri/dimitri/airflowalura/venv/lib/python3.10/site-packages/airflow/example_dags/example_branch_python_dop_operator_3.py
[2024-04-04 20:50:01,684] {processor.py:641} INFO - Processing file /home/dimitri/dimitri/airflowalura/venv/lib/python3.10/site-packages/airflow/example_dags/example_branch_python_dop_operator_3.py for tasks to queue
[2024-04-04 20:50:01,684] {logging_mixin.py:115} INFO - [2024-04-04 20:50:01,684] {dagbag.py:507} INFO - Filling up the DagBag from /home/dimitri/dimitri/airflowalura/venv/lib/python3.10/site-packages/airflow/example_dags/example_branch_python_dop_operator_3.py
[2024-04-04 20:50:01,691] {processor.py:651} INFO - DAG(s) dict_keys(['example_branch_dop_operator_v3']) retrieved from /home/dimitri/dimitri/airflowalura/venv/lib/python3.10/site-packages/airflow/example_dags/example_branch_python_dop_operator_3.py
[2024-04-04 20:50:01,705] {logging_mixin.py:115} INFO - [2024-04-04 20:50:01,705] {dag.py:2379} INFO - Sync 1 DAGs
[2024-04-04 20:50:01,720] {logging_mixin.py:115} INFO - [2024-04-04 20:50:01,720] {dag.py:2927} INFO - Setting next_dagrun for example_branch_dop_operator_v3 to 2024-04-04T23:49:00+00:00, run_after=2024-04-04T23:50:00+00:00
[2024-04-04 20:50:01,736] {processor.py:161} INFO - Processing /home/dimitri/dimitri/airflowalura/venv/lib/python3.10/site-packages/airflow/example_dags/example_branch_python_dop_operator_3.py took 0.056 seconds
[2024-04-04 20:50:37,723] {processor.py:153} INFO - Started process (PID=575390) to work on /home/dimitri/dimitri/airflowalura/venv/lib/python3.10/site-packages/airflow/example_dags/example_branch_python_dop_operator_3.py
[2024-04-04 20:50:37,725] {processor.py:641} INFO - Processing file /home/dimitri/dimitri/airflowalura/venv/lib/python3.10/site-packages/airflow/example_dags/example_branch_python_dop_operator_3.py for tasks to queue
[2024-04-04 20:50:37,725] {logging_mixin.py:115} INFO - [2024-04-04 20:50:37,725] {dagbag.py:507} INFO - Filling up the DagBag from /home/dimitri/dimitri/airflowalura/venv/lib/python3.10/site-packages/airflow/example_dags/example_branch_python_dop_operator_3.py
[2024-04-04 20:50:37,732] {processor.py:651} INFO - DAG(s) dict_keys(['example_branch_dop_operator_v3']) retrieved from /home/dimitri/dimitri/airflowalura/venv/lib/python3.10/site-packages/airflow/example_dags/example_branch_python_dop_operator_3.py
[2024-04-04 20:50:37,744] {logging_mixin.py:115} INFO - [2024-04-04 20:50:37,744] {dag.py:2379} INFO - Sync 1 DAGs
[2024-04-04 20:50:37,757] {logging_mixin.py:115} INFO - [2024-04-04 20:50:37,757] {dag.py:2927} INFO - Setting next_dagrun for example_branch_dop_operator_v3 to 2024-04-04T23:49:00+00:00, run_after=2024-04-04T23:50:00+00:00
[2024-04-04 20:50:37,774] {processor.py:161} INFO - Processing /home/dimitri/dimitri/airflowalura/venv/lib/python3.10/site-packages/airflow/example_dags/example_branch_python_dop_operator_3.py took 0.053 seconds
[2024-04-04 20:51:12,948] {processor.py:153} INFO - Started process (PID=575527) to work on /home/dimitri/dimitri/airflowalura/venv/lib/python3.10/site-packages/airflow/example_dags/example_branch_python_dop_operator_3.py
[2024-04-04 20:51:12,952] {processor.py:641} INFO - Processing file /home/dimitri/dimitri/airflowalura/venv/lib/python3.10/site-packages/airflow/example_dags/example_branch_python_dop_operator_3.py for tasks to queue
[2024-04-04 20:51:12,952] {logging_mixin.py:115} INFO - [2024-04-04 20:51:12,952] {dagbag.py:507} INFO - Filling up the DagBag from /home/dimitri/dimitri/airflowalura/venv/lib/python3.10/site-packages/airflow/example_dags/example_branch_python_dop_operator_3.py
[2024-04-04 20:51:12,959] {processor.py:651} INFO - DAG(s) dict_keys(['example_branch_dop_operator_v3']) retrieved from /home/dimitri/dimitri/airflowalura/venv/lib/python3.10/site-packages/airflow/example_dags/example_branch_python_dop_operator_3.py
[2024-04-04 20:51:12,971] {logging_mixin.py:115} INFO - [2024-04-04 20:51:12,971] {dag.py:2379} INFO - Sync 1 DAGs
[2024-04-04 20:51:12,985] {logging_mixin.py:115} INFO - [2024-04-04 20:51:12,985] {dag.py:2927} INFO - Setting next_dagrun for example_branch_dop_operator_v3 to 2024-04-04T23:50:00+00:00, run_after=2024-04-04T23:51:00+00:00
[2024-04-04 20:51:13,001] {processor.py:161} INFO - Processing /home/dimitri/dimitri/airflowalura/venv/lib/python3.10/site-packages/airflow/example_dags/example_branch_python_dop_operator_3.py took 0.055 seconds
[2024-04-04 20:51:48,794] {processor.py:153} INFO - Started process (PID=575665) to work on /home/dimitri/dimitri/airflowalura/venv/lib/python3.10/site-packages/airflow/example_dags/example_branch_python_dop_operator_3.py
[2024-04-04 20:51:48,795] {processor.py:641} INFO - Processing file /home/dimitri/dimitri/airflowalura/venv/lib/python3.10/site-packages/airflow/example_dags/example_branch_python_dop_operator_3.py for tasks to queue
[2024-04-04 20:51:48,796] {logging_mixin.py:115} INFO - [2024-04-04 20:51:48,796] {dagbag.py:507} INFO - Filling up the DagBag from /home/dimitri/dimitri/airflowalura/venv/lib/python3.10/site-packages/airflow/example_dags/example_branch_python_dop_operator_3.py
[2024-04-04 20:51:48,802] {processor.py:651} INFO - DAG(s) dict_keys(['example_branch_dop_operator_v3']) retrieved from /home/dimitri/dimitri/airflowalura/venv/lib/python3.10/site-packages/airflow/example_dags/example_branch_python_dop_operator_3.py
[2024-04-04 20:51:48,814] {logging_mixin.py:115} INFO - [2024-04-04 20:51:48,814] {dag.py:2379} INFO - Sync 1 DAGs
[2024-04-04 20:51:48,828] {logging_mixin.py:115} INFO - [2024-04-04 20:51:48,828] {dag.py:2927} INFO - Setting next_dagrun for example_branch_dop_operator_v3 to 2024-04-04T23:50:00+00:00, run_after=2024-04-04T23:51:00+00:00
[2024-04-04 20:51:48,847] {processor.py:161} INFO - Processing /home/dimitri/dimitri/airflowalura/venv/lib/python3.10/site-packages/airflow/example_dags/example_branch_python_dop_operator_3.py took 0.056 seconds
[2024-04-04 20:52:23,176] {processor.py:153} INFO - Started process (PID=575796) to work on /home/dimitri/dimitri/airflowalura/venv/lib/python3.10/site-packages/airflow/example_dags/example_branch_python_dop_operator_3.py
[2024-04-04 20:52:23,177] {processor.py:641} INFO - Processing file /home/dimitri/dimitri/airflowalura/venv/lib/python3.10/site-packages/airflow/example_dags/example_branch_python_dop_operator_3.py for tasks to queue
[2024-04-04 20:52:23,177] {logging_mixin.py:115} INFO - [2024-04-04 20:52:23,177] {dagbag.py:507} INFO - Filling up the DagBag from /home/dimitri/dimitri/airflowalura/venv/lib/python3.10/site-packages/airflow/example_dags/example_branch_python_dop_operator_3.py
[2024-04-04 20:52:23,184] {processor.py:651} INFO - DAG(s) dict_keys(['example_branch_dop_operator_v3']) retrieved from /home/dimitri/dimitri/airflowalura/venv/lib/python3.10/site-packages/airflow/example_dags/example_branch_python_dop_operator_3.py
[2024-04-04 20:52:23,195] {logging_mixin.py:115} INFO - [2024-04-04 20:52:23,195] {dag.py:2379} INFO - Sync 1 DAGs
[2024-04-04 20:52:23,208] {logging_mixin.py:115} INFO - [2024-04-04 20:52:23,208] {dag.py:2927} INFO - Setting next_dagrun for example_branch_dop_operator_v3 to 2024-04-04T23:51:00+00:00, run_after=2024-04-04T23:52:00+00:00
[2024-04-04 20:52:23,224] {processor.py:161} INFO - Processing /home/dimitri/dimitri/airflowalura/venv/lib/python3.10/site-packages/airflow/example_dags/example_branch_python_dop_operator_3.py took 0.051 seconds
[2024-04-04 20:52:58,167] {processor.py:153} INFO - Started process (PID=575932) to work on /home/dimitri/dimitri/airflowalura/venv/lib/python3.10/site-packages/airflow/example_dags/example_branch_python_dop_operator_3.py
[2024-04-04 20:52:58,169] {processor.py:641} INFO - Processing file /home/dimitri/dimitri/airflowalura/venv/lib/python3.10/site-packages/airflow/example_dags/example_branch_python_dop_operator_3.py for tasks to queue
[2024-04-04 20:52:58,169] {logging_mixin.py:115} INFO - [2024-04-04 20:52:58,169] {dagbag.py:507} INFO - Filling up the DagBag from /home/dimitri/dimitri/airflowalura/venv/lib/python3.10/site-packages/airflow/example_dags/example_branch_python_dop_operator_3.py
[2024-04-04 20:52:58,175] {processor.py:651} INFO - DAG(s) dict_keys(['example_branch_dop_operator_v3']) retrieved from /home/dimitri/dimitri/airflowalura/venv/lib/python3.10/site-packages/airflow/example_dags/example_branch_python_dop_operator_3.py
[2024-04-04 20:52:58,188] {logging_mixin.py:115} INFO - [2024-04-04 20:52:58,188] {dag.py:2379} INFO - Sync 1 DAGs
[2024-04-04 20:52:58,204] {logging_mixin.py:115} INFO - [2024-04-04 20:52:58,203] {dag.py:2927} INFO - Setting next_dagrun for example_branch_dop_operator_v3 to 2024-04-04T23:51:00+00:00, run_after=2024-04-04T23:52:00+00:00
[2024-04-04 20:52:58,220] {processor.py:161} INFO - Processing /home/dimitri/dimitri/airflowalura/venv/lib/python3.10/site-packages/airflow/example_dags/example_branch_python_dop_operator_3.py took 0.055 seconds
[2024-04-04 20:53:35,505] {processor.py:153} INFO - Started process (PID=576078) to work on /home/dimitri/dimitri/airflowalura/venv/lib/python3.10/site-packages/airflow/example_dags/example_branch_python_dop_operator_3.py
[2024-04-04 20:53:35,506] {processor.py:641} INFO - Processing file /home/dimitri/dimitri/airflowalura/venv/lib/python3.10/site-packages/airflow/example_dags/example_branch_python_dop_operator_3.py for tasks to queue
[2024-04-04 20:53:35,507] {logging_mixin.py:115} INFO - [2024-04-04 20:53:35,507] {dagbag.py:507} INFO - Filling up the DagBag from /home/dimitri/dimitri/airflowalura/venv/lib/python3.10/site-packages/airflow/example_dags/example_branch_python_dop_operator_3.py
[2024-04-04 20:53:35,514] {processor.py:651} INFO - DAG(s) dict_keys(['example_branch_dop_operator_v3']) retrieved from /home/dimitri/dimitri/airflowalura/venv/lib/python3.10/site-packages/airflow/example_dags/example_branch_python_dop_operator_3.py
[2024-04-04 20:53:35,524] {logging_mixin.py:115} INFO - [2024-04-04 20:53:35,524] {dag.py:2379} INFO - Sync 1 DAGs
[2024-04-04 20:53:35,536] {logging_mixin.py:115} INFO - [2024-04-04 20:53:35,536] {dag.py:2927} INFO - Setting next_dagrun for example_branch_dop_operator_v3 to 2024-04-04T23:52:00+00:00, run_after=2024-04-04T23:53:00+00:00
[2024-04-04 20:53:35,552] {processor.py:161} INFO - Processing /home/dimitri/dimitri/airflowalura/venv/lib/python3.10/site-packages/airflow/example_dags/example_branch_python_dop_operator_3.py took 0.051 seconds
[2024-04-04 20:54:09,227] {processor.py:153} INFO - Started process (PID=576209) to work on /home/dimitri/dimitri/airflowalura/venv/lib/python3.10/site-packages/airflow/example_dags/example_branch_python_dop_operator_3.py
[2024-04-04 20:54:09,228] {processor.py:641} INFO - Processing file /home/dimitri/dimitri/airflowalura/venv/lib/python3.10/site-packages/airflow/example_dags/example_branch_python_dop_operator_3.py for tasks to queue
[2024-04-04 20:54:09,229] {logging_mixin.py:115} INFO - [2024-04-04 20:54:09,228] {dagbag.py:507} INFO - Filling up the DagBag from /home/dimitri/dimitri/airflowalura/venv/lib/python3.10/site-packages/airflow/example_dags/example_branch_python_dop_operator_3.py
[2024-04-04 20:54:09,235] {processor.py:651} INFO - DAG(s) dict_keys(['example_branch_dop_operator_v3']) retrieved from /home/dimitri/dimitri/airflowalura/venv/lib/python3.10/site-packages/airflow/example_dags/example_branch_python_dop_operator_3.py
[2024-04-04 20:54:09,246] {logging_mixin.py:115} INFO - [2024-04-04 20:54:09,246] {dag.py:2379} INFO - Sync 1 DAGs
[2024-04-04 20:54:09,257] {logging_mixin.py:115} INFO - [2024-04-04 20:54:09,257] {dag.py:2927} INFO - Setting next_dagrun for example_branch_dop_operator_v3 to 2024-04-04T23:53:00+00:00, run_after=2024-04-04T23:54:00+00:00
[2024-04-04 20:54:09,273] {processor.py:161} INFO - Processing /home/dimitri/dimitri/airflowalura/venv/lib/python3.10/site-packages/airflow/example_dags/example_branch_python_dop_operator_3.py took 0.049 seconds
[2024-04-04 20:54:43,741] {processor.py:153} INFO - Started process (PID=576347) to work on /home/dimitri/dimitri/airflowalura/venv/lib/python3.10/site-packages/airflow/example_dags/example_branch_python_dop_operator_3.py
[2024-04-04 20:54:43,743] {processor.py:641} INFO - Processing file /home/dimitri/dimitri/airflowalura/venv/lib/python3.10/site-packages/airflow/example_dags/example_branch_python_dop_operator_3.py for tasks to queue
[2024-04-04 20:54:43,744] {logging_mixin.py:115} INFO - [2024-04-04 20:54:43,743] {dagbag.py:507} INFO - Filling up the DagBag from /home/dimitri/dimitri/airflowalura/venv/lib/python3.10/site-packages/airflow/example_dags/example_branch_python_dop_operator_3.py
[2024-04-04 20:54:43,751] {processor.py:651} INFO - DAG(s) dict_keys(['example_branch_dop_operator_v3']) retrieved from /home/dimitri/dimitri/airflowalura/venv/lib/python3.10/site-packages/airflow/example_dags/example_branch_python_dop_operator_3.py
[2024-04-04 20:54:43,763] {logging_mixin.py:115} INFO - [2024-04-04 20:54:43,762] {dag.py:2379} INFO - Sync 1 DAGs
[2024-04-04 20:54:43,775] {logging_mixin.py:115} INFO - [2024-04-04 20:54:43,774] {dag.py:2927} INFO - Setting next_dagrun for example_branch_dop_operator_v3 to 2024-04-04T23:53:00+00:00, run_after=2024-04-04T23:54:00+00:00
[2024-04-04 20:54:43,790] {processor.py:161} INFO - Processing /home/dimitri/dimitri/airflowalura/venv/lib/python3.10/site-packages/airflow/example_dags/example_branch_python_dop_operator_3.py took 0.051 seconds
[2024-04-04 20:55:20,676] {processor.py:153} INFO - Started process (PID=576493) to work on /home/dimitri/dimitri/airflowalura/venv/lib/python3.10/site-packages/airflow/example_dags/example_branch_python_dop_operator_3.py
[2024-04-04 20:55:20,678] {processor.py:641} INFO - Processing file /home/dimitri/dimitri/airflowalura/venv/lib/python3.10/site-packages/airflow/example_dags/example_branch_python_dop_operator_3.py for tasks to queue
[2024-04-04 20:55:20,679] {logging_mixin.py:115} INFO - [2024-04-04 20:55:20,678] {dagbag.py:507} INFO - Filling up the DagBag from /home/dimitri/dimitri/airflowalura/venv/lib/python3.10/site-packages/airflow/example_dags/example_branch_python_dop_operator_3.py
[2024-04-04 20:55:20,686] {processor.py:651} INFO - DAG(s) dict_keys(['example_branch_dop_operator_v3']) retrieved from /home/dimitri/dimitri/airflowalura/venv/lib/python3.10/site-packages/airflow/example_dags/example_branch_python_dop_operator_3.py
[2024-04-04 20:55:20,696] {logging_mixin.py:115} INFO - [2024-04-04 20:55:20,696] {dag.py:2379} INFO - Sync 1 DAGs
[2024-04-04 20:55:20,709] {logging_mixin.py:115} INFO - [2024-04-04 20:55:20,708] {dag.py:2927} INFO - Setting next_dagrun for example_branch_dop_operator_v3 to 2024-04-04T23:54:00+00:00, run_after=2024-04-04T23:55:00+00:00
[2024-04-04 20:55:20,724] {processor.py:161} INFO - Processing /home/dimitri/dimitri/airflowalura/venv/lib/python3.10/site-packages/airflow/example_dags/example_branch_python_dop_operator_3.py took 0.050 seconds
[2024-04-04 20:55:59,177] {processor.py:153} INFO - Started process (PID=576641) to work on /home/dimitri/dimitri/airflowalura/venv/lib/python3.10/site-packages/airflow/example_dags/example_branch_python_dop_operator_3.py
[2024-04-04 20:55:59,179] {processor.py:641} INFO - Processing file /home/dimitri/dimitri/airflowalura/venv/lib/python3.10/site-packages/airflow/example_dags/example_branch_python_dop_operator_3.py for tasks to queue
[2024-04-04 20:55:59,180] {logging_mixin.py:115} INFO - [2024-04-04 20:55:59,180] {dagbag.py:507} INFO - Filling up the DagBag from /home/dimitri/dimitri/airflowalura/venv/lib/python3.10/site-packages/airflow/example_dags/example_branch_python_dop_operator_3.py
[2024-04-04 20:55:59,186] {processor.py:651} INFO - DAG(s) dict_keys(['example_branch_dop_operator_v3']) retrieved from /home/dimitri/dimitri/airflowalura/venv/lib/python3.10/site-packages/airflow/example_dags/example_branch_python_dop_operator_3.py
[2024-04-04 20:55:59,197] {logging_mixin.py:115} INFO - [2024-04-04 20:55:59,197] {dag.py:2379} INFO - Sync 1 DAGs
[2024-04-04 20:55:59,210] {logging_mixin.py:115} INFO - [2024-04-04 20:55:59,210] {dag.py:2927} INFO - Setting next_dagrun for example_branch_dop_operator_v3 to 2024-04-04T23:54:00+00:00, run_after=2024-04-04T23:55:00+00:00
[2024-04-04 20:55:59,226] {processor.py:161} INFO - Processing /home/dimitri/dimitri/airflowalura/venv/lib/python3.10/site-packages/airflow/example_dags/example_branch_python_dop_operator_3.py took 0.051 seconds
[2024-04-04 20:56:36,093] {processor.py:153} INFO - Started process (PID=576786) to work on /home/dimitri/dimitri/airflowalura/venv/lib/python3.10/site-packages/airflow/example_dags/example_branch_python_dop_operator_3.py
[2024-04-04 20:56:36,095] {processor.py:641} INFO - Processing file /home/dimitri/dimitri/airflowalura/venv/lib/python3.10/site-packages/airflow/example_dags/example_branch_python_dop_operator_3.py for tasks to queue
[2024-04-04 20:56:36,096] {logging_mixin.py:115} INFO - [2024-04-04 20:56:36,096] {dagbag.py:507} INFO - Filling up the DagBag from /home/dimitri/dimitri/airflowalura/venv/lib/python3.10/site-packages/airflow/example_dags/example_branch_python_dop_operator_3.py
[2024-04-04 20:56:36,101] {processor.py:651} INFO - DAG(s) dict_keys(['example_branch_dop_operator_v3']) retrieved from /home/dimitri/dimitri/airflowalura/venv/lib/python3.10/site-packages/airflow/example_dags/example_branch_python_dop_operator_3.py
[2024-04-04 20:56:36,114] {logging_mixin.py:115} INFO - [2024-04-04 20:56:36,114] {dag.py:2379} INFO - Sync 1 DAGs
[2024-04-04 20:56:36,127] {logging_mixin.py:115} INFO - [2024-04-04 20:56:36,127] {dag.py:2927} INFO - Setting next_dagrun for example_branch_dop_operator_v3 to 2024-04-04T23:55:00+00:00, run_after=2024-04-04T23:56:00+00:00
[2024-04-04 20:56:36,146] {processor.py:161} INFO - Processing /home/dimitri/dimitri/airflowalura/venv/lib/python3.10/site-packages/airflow/example_dags/example_branch_python_dop_operator_3.py took 0.056 seconds
[2024-04-04 20:57:12,039] {processor.py:153} INFO - Started process (PID=576927) to work on /home/dimitri/dimitri/airflowalura/venv/lib/python3.10/site-packages/airflow/example_dags/example_branch_python_dop_operator_3.py
[2024-04-04 20:57:12,042] {processor.py:641} INFO - Processing file /home/dimitri/dimitri/airflowalura/venv/lib/python3.10/site-packages/airflow/example_dags/example_branch_python_dop_operator_3.py for tasks to queue
[2024-04-04 20:57:12,042] {logging_mixin.py:115} INFO - [2024-04-04 20:57:12,042] {dagbag.py:507} INFO - Filling up the DagBag from /home/dimitri/dimitri/airflowalura/venv/lib/python3.10/site-packages/airflow/example_dags/example_branch_python_dop_operator_3.py
[2024-04-04 20:57:12,048] {processor.py:651} INFO - DAG(s) dict_keys(['example_branch_dop_operator_v3']) retrieved from /home/dimitri/dimitri/airflowalura/venv/lib/python3.10/site-packages/airflow/example_dags/example_branch_python_dop_operator_3.py
[2024-04-04 20:57:12,059] {logging_mixin.py:115} INFO - [2024-04-04 20:57:12,059] {dag.py:2379} INFO - Sync 1 DAGs
[2024-04-04 20:57:12,072] {logging_mixin.py:115} INFO - [2024-04-04 20:57:12,072] {dag.py:2927} INFO - Setting next_dagrun for example_branch_dop_operator_v3 to 2024-04-04T23:56:00+00:00, run_after=2024-04-04T23:57:00+00:00
[2024-04-04 20:57:12,090] {processor.py:161} INFO - Processing /home/dimitri/dimitri/airflowalura/venv/lib/python3.10/site-packages/airflow/example_dags/example_branch_python_dop_operator_3.py took 0.053 seconds
[2024-04-04 20:57:49,278] {processor.py:153} INFO - Started process (PID=577072) to work on /home/dimitri/dimitri/airflowalura/venv/lib/python3.10/site-packages/airflow/example_dags/example_branch_python_dop_operator_3.py
[2024-04-04 20:57:49,281] {processor.py:641} INFO - Processing file /home/dimitri/dimitri/airflowalura/venv/lib/python3.10/site-packages/airflow/example_dags/example_branch_python_dop_operator_3.py for tasks to queue
[2024-04-04 20:57:49,281] {logging_mixin.py:115} INFO - [2024-04-04 20:57:49,281] {dagbag.py:507} INFO - Filling up the DagBag from /home/dimitri/dimitri/airflowalura/venv/lib/python3.10/site-packages/airflow/example_dags/example_branch_python_dop_operator_3.py
[2024-04-04 20:57:49,287] {processor.py:651} INFO - DAG(s) dict_keys(['example_branch_dop_operator_v3']) retrieved from /home/dimitri/dimitri/airflowalura/venv/lib/python3.10/site-packages/airflow/example_dags/example_branch_python_dop_operator_3.py
[2024-04-04 20:57:49,298] {logging_mixin.py:115} INFO - [2024-04-04 20:57:49,298] {dag.py:2379} INFO - Sync 1 DAGs
[2024-04-04 20:57:49,311] {logging_mixin.py:115} INFO - [2024-04-04 20:57:49,310] {dag.py:2927} INFO - Setting next_dagrun for example_branch_dop_operator_v3 to 2024-04-04T23:56:00+00:00, run_after=2024-04-04T23:57:00+00:00
[2024-04-04 20:57:49,327] {processor.py:161} INFO - Processing /home/dimitri/dimitri/airflowalura/venv/lib/python3.10/site-packages/airflow/example_dags/example_branch_python_dop_operator_3.py took 0.050 seconds
[2024-04-04 20:58:24,022] {processor.py:153} INFO - Started process (PID=577210) to work on /home/dimitri/dimitri/airflowalura/venv/lib/python3.10/site-packages/airflow/example_dags/example_branch_python_dop_operator_3.py
[2024-04-04 20:58:24,025] {processor.py:641} INFO - Processing file /home/dimitri/dimitri/airflowalura/venv/lib/python3.10/site-packages/airflow/example_dags/example_branch_python_dop_operator_3.py for tasks to queue
[2024-04-04 20:58:24,025] {logging_mixin.py:115} INFO - [2024-04-04 20:58:24,025] {dagbag.py:507} INFO - Filling up the DagBag from /home/dimitri/dimitri/airflowalura/venv/lib/python3.10/site-packages/airflow/example_dags/example_branch_python_dop_operator_3.py
[2024-04-04 20:58:24,032] {processor.py:651} INFO - DAG(s) dict_keys(['example_branch_dop_operator_v3']) retrieved from /home/dimitri/dimitri/airflowalura/venv/lib/python3.10/site-packages/airflow/example_dags/example_branch_python_dop_operator_3.py
[2024-04-04 20:58:24,045] {logging_mixin.py:115} INFO - [2024-04-04 20:58:24,045] {dag.py:2379} INFO - Sync 1 DAGs
[2024-04-04 20:58:24,057] {logging_mixin.py:115} INFO - [2024-04-04 20:58:24,056] {dag.py:2927} INFO - Setting next_dagrun for example_branch_dop_operator_v3 to 2024-04-04T23:57:00+00:00, run_after=2024-04-04T23:58:00+00:00
[2024-04-04 20:58:24,073] {processor.py:161} INFO - Processing /home/dimitri/dimitri/airflowalura/venv/lib/python3.10/site-packages/airflow/example_dags/example_branch_python_dop_operator_3.py took 0.054 seconds
[2024-04-04 20:59:00,461] {processor.py:153} INFO - Started process (PID=577351) to work on /home/dimitri/dimitri/airflowalura/venv/lib/python3.10/site-packages/airflow/example_dags/example_branch_python_dop_operator_3.py
[2024-04-04 20:59:00,462] {processor.py:641} INFO - Processing file /home/dimitri/dimitri/airflowalura/venv/lib/python3.10/site-packages/airflow/example_dags/example_branch_python_dop_operator_3.py for tasks to queue
[2024-04-04 20:59:00,463] {logging_mixin.py:115} INFO - [2024-04-04 20:59:00,463] {dagbag.py:507} INFO - Filling up the DagBag from /home/dimitri/dimitri/airflowalura/venv/lib/python3.10/site-packages/airflow/example_dags/example_branch_python_dop_operator_3.py
[2024-04-04 20:59:00,468] {processor.py:651} INFO - DAG(s) dict_keys(['example_branch_dop_operator_v3']) retrieved from /home/dimitri/dimitri/airflowalura/venv/lib/python3.10/site-packages/airflow/example_dags/example_branch_python_dop_operator_3.py
[2024-04-04 20:59:00,480] {logging_mixin.py:115} INFO - [2024-04-04 20:59:00,480] {dag.py:2379} INFO - Sync 1 DAGs
[2024-04-04 20:59:00,492] {logging_mixin.py:115} INFO - [2024-04-04 20:59:00,492] {dag.py:2927} INFO - Setting next_dagrun for example_branch_dop_operator_v3 to 2024-04-04T23:58:00+00:00, run_after=2024-04-04T23:59:00+00:00
[2024-04-04 20:59:00,509] {processor.py:161} INFO - Processing /home/dimitri/dimitri/airflowalura/venv/lib/python3.10/site-packages/airflow/example_dags/example_branch_python_dop_operator_3.py took 0.050 seconds
[2024-04-04 20:59:35,362] {processor.py:153} INFO - Started process (PID=577490) to work on /home/dimitri/dimitri/airflowalura/venv/lib/python3.10/site-packages/airflow/example_dags/example_branch_python_dop_operator_3.py
[2024-04-04 20:59:35,364] {processor.py:641} INFO - Processing file /home/dimitri/dimitri/airflowalura/venv/lib/python3.10/site-packages/airflow/example_dags/example_branch_python_dop_operator_3.py for tasks to queue
[2024-04-04 20:59:35,365] {logging_mixin.py:115} INFO - [2024-04-04 20:59:35,365] {dagbag.py:507} INFO - Filling up the DagBag from /home/dimitri/dimitri/airflowalura/venv/lib/python3.10/site-packages/airflow/example_dags/example_branch_python_dop_operator_3.py
[2024-04-04 20:59:35,371] {processor.py:651} INFO - DAG(s) dict_keys(['example_branch_dop_operator_v3']) retrieved from /home/dimitri/dimitri/airflowalura/venv/lib/python3.10/site-packages/airflow/example_dags/example_branch_python_dop_operator_3.py
[2024-04-04 20:59:35,382] {logging_mixin.py:115} INFO - [2024-04-04 20:59:35,382] {dag.py:2379} INFO - Sync 1 DAGs
[2024-04-04 20:59:35,395] {logging_mixin.py:115} INFO - [2024-04-04 20:59:35,395] {dag.py:2927} INFO - Setting next_dagrun for example_branch_dop_operator_v3 to 2024-04-04T23:58:00+00:00, run_after=2024-04-04T23:59:00+00:00
[2024-04-04 20:59:35,412] {processor.py:161} INFO - Processing /home/dimitri/dimitri/airflowalura/venv/lib/python3.10/site-packages/airflow/example_dags/example_branch_python_dop_operator_3.py took 0.052 seconds
