[2024-04-04 20:29:23,985] {processor.py:153} INFO - Started process (PID=569901) to work on /home/dimitri/dimitri/airflowalura/venv/lib/python3.10/site-packages/airflow/example_dags/example_nested_branch_dag.py
[2024-04-04 20:29:23,986] {processor.py:641} INFO - Processing file /home/dimitri/dimitri/airflowalura/venv/lib/python3.10/site-packages/airflow/example_dags/example_nested_branch_dag.py for tasks to queue
[2024-04-04 20:29:23,986] {logging_mixin.py:115} INFO - [2024-04-04 20:29:23,986] {dagbag.py:507} INFO - Filling up the DagBag from /home/dimitri/dimitri/airflowalura/venv/lib/python3.10/site-packages/airflow/example_dags/example_nested_branch_dag.py
[2024-04-04 20:29:23,992] {processor.py:651} INFO - DAG(s) dict_keys(['example_nested_branch_dag']) retrieved from /home/dimitri/dimitri/airflowalura/venv/lib/python3.10/site-packages/airflow/example_dags/example_nested_branch_dag.py
[2024-04-04 20:29:24,049] {logging_mixin.py:115} INFO - [2024-04-04 20:29:24,049] {manager.py:508} INFO - Created Permission View: can read on DAG:example_nested_branch_dag
[2024-04-04 20:29:24,063] {logging_mixin.py:115} INFO - [2024-04-04 20:29:24,063] {manager.py:508} INFO - Created Permission View: can edit on DAG:example_nested_branch_dag
[2024-04-04 20:29:24,075] {logging_mixin.py:115} INFO - [2024-04-04 20:29:24,075] {manager.py:508} INFO - Created Permission View: can delete on DAG:example_nested_branch_dag
[2024-04-04 20:29:24,075] {logging_mixin.py:115} INFO - [2024-04-04 20:29:24,075] {dag.py:2379} INFO - Sync 1 DAGs
[2024-04-04 20:29:24,080] {logging_mixin.py:115} INFO - [2024-04-04 20:29:24,080] {dag.py:2398} INFO - Creating ORM DAG for example_nested_branch_dag
[2024-04-04 20:29:24,085] {logging_mixin.py:115} INFO - [2024-04-04 20:29:24,085] {dag.py:2927} INFO - Setting next_dagrun for example_nested_branch_dag to 2024-04-03T00:00:00+00:00, run_after=2024-04-04T00:00:00+00:00
[2024-04-04 20:29:24,103] {processor.py:161} INFO - Processing /home/dimitri/dimitri/airflowalura/venv/lib/python3.10/site-packages/airflow/example_dags/example_nested_branch_dag.py took 0.120 seconds
[2024-04-04 20:30:00,312] {processor.py:153} INFO - Started process (PID=570305) to work on /home/dimitri/dimitri/airflowalura/venv/lib/python3.10/site-packages/airflow/example_dags/example_nested_branch_dag.py
[2024-04-04 20:30:00,315] {processor.py:641} INFO - Processing file /home/dimitri/dimitri/airflowalura/venv/lib/python3.10/site-packages/airflow/example_dags/example_nested_branch_dag.py for tasks to queue
[2024-04-04 20:30:00,315] {logging_mixin.py:115} INFO - [2024-04-04 20:30:00,315] {dagbag.py:507} INFO - Filling up the DagBag from /home/dimitri/dimitri/airflowalura/venv/lib/python3.10/site-packages/airflow/example_dags/example_nested_branch_dag.py
[2024-04-04 20:30:00,321] {processor.py:651} INFO - DAG(s) dict_keys(['example_nested_branch_dag']) retrieved from /home/dimitri/dimitri/airflowalura/venv/lib/python3.10/site-packages/airflow/example_dags/example_nested_branch_dag.py
[2024-04-04 20:30:00,332] {logging_mixin.py:115} INFO - [2024-04-04 20:30:00,332] {dag.py:2379} INFO - Sync 1 DAGs
[2024-04-04 20:30:00,341] {logging_mixin.py:115} INFO - [2024-04-04 20:30:00,341] {dag.py:2927} INFO - Setting next_dagrun for example_nested_branch_dag to 2024-04-03T00:00:00+00:00, run_after=2024-04-04T00:00:00+00:00
[2024-04-04 20:30:00,357] {processor.py:161} INFO - Processing /home/dimitri/dimitri/airflowalura/venv/lib/python3.10/site-packages/airflow/example_dags/example_nested_branch_dag.py took 0.048 seconds
[2024-04-04 20:30:32,482] {processor.py:153} INFO - Started process (PID=570448) to work on /home/dimitri/dimitri/airflowalura/venv/lib/python3.10/site-packages/airflow/example_dags/example_nested_branch_dag.py
[2024-04-04 20:30:32,484] {processor.py:641} INFO - Processing file /home/dimitri/dimitri/airflowalura/venv/lib/python3.10/site-packages/airflow/example_dags/example_nested_branch_dag.py for tasks to queue
[2024-04-04 20:30:32,485] {logging_mixin.py:115} INFO - [2024-04-04 20:30:32,485] {dagbag.py:507} INFO - Filling up the DagBag from /home/dimitri/dimitri/airflowalura/venv/lib/python3.10/site-packages/airflow/example_dags/example_nested_branch_dag.py
[2024-04-04 20:30:32,491] {processor.py:651} INFO - DAG(s) dict_keys(['example_nested_branch_dag']) retrieved from /home/dimitri/dimitri/airflowalura/venv/lib/python3.10/site-packages/airflow/example_dags/example_nested_branch_dag.py
[2024-04-04 20:30:32,502] {logging_mixin.py:115} INFO - [2024-04-04 20:30:32,502] {dag.py:2379} INFO - Sync 1 DAGs
[2024-04-04 20:30:32,513] {logging_mixin.py:115} INFO - [2024-04-04 20:30:32,513] {dag.py:2927} INFO - Setting next_dagrun for example_nested_branch_dag to 2024-04-03T00:00:00+00:00, run_after=2024-04-04T00:00:00+00:00
[2024-04-04 20:30:32,529] {processor.py:161} INFO - Processing /home/dimitri/dimitri/airflowalura/venv/lib/python3.10/site-packages/airflow/example_dags/example_nested_branch_dag.py took 0.049 seconds
[2024-04-04 20:31:06,170] {processor.py:153} INFO - Started process (PID=570578) to work on /home/dimitri/dimitri/airflowalura/venv/lib/python3.10/site-packages/airflow/example_dags/example_nested_branch_dag.py
[2024-04-04 20:31:06,173] {processor.py:641} INFO - Processing file /home/dimitri/dimitri/airflowalura/venv/lib/python3.10/site-packages/airflow/example_dags/example_nested_branch_dag.py for tasks to queue
[2024-04-04 20:31:06,173] {logging_mixin.py:115} INFO - [2024-04-04 20:31:06,173] {dagbag.py:507} INFO - Filling up the DagBag from /home/dimitri/dimitri/airflowalura/venv/lib/python3.10/site-packages/airflow/example_dags/example_nested_branch_dag.py
[2024-04-04 20:31:06,180] {processor.py:651} INFO - DAG(s) dict_keys(['example_nested_branch_dag']) retrieved from /home/dimitri/dimitri/airflowalura/venv/lib/python3.10/site-packages/airflow/example_dags/example_nested_branch_dag.py
[2024-04-04 20:31:06,190] {logging_mixin.py:115} INFO - [2024-04-04 20:31:06,190] {dag.py:2379} INFO - Sync 1 DAGs
[2024-04-04 20:31:06,202] {logging_mixin.py:115} INFO - [2024-04-04 20:31:06,202] {dag.py:2927} INFO - Setting next_dagrun for example_nested_branch_dag to 2024-04-03T00:00:00+00:00, run_after=2024-04-04T00:00:00+00:00
[2024-04-04 20:31:06,217] {processor.py:161} INFO - Processing /home/dimitri/dimitri/airflowalura/venv/lib/python3.10/site-packages/airflow/example_dags/example_nested_branch_dag.py took 0.049 seconds
[2024-04-04 20:31:40,873] {processor.py:153} INFO - Started process (PID=570710) to work on /home/dimitri/dimitri/airflowalura/venv/lib/python3.10/site-packages/airflow/example_dags/example_nested_branch_dag.py
[2024-04-04 20:31:40,876] {processor.py:641} INFO - Processing file /home/dimitri/dimitri/airflowalura/venv/lib/python3.10/site-packages/airflow/example_dags/example_nested_branch_dag.py for tasks to queue
[2024-04-04 20:31:40,876] {logging_mixin.py:115} INFO - [2024-04-04 20:31:40,876] {dagbag.py:507} INFO - Filling up the DagBag from /home/dimitri/dimitri/airflowalura/venv/lib/python3.10/site-packages/airflow/example_dags/example_nested_branch_dag.py
[2024-04-04 20:31:40,881] {processor.py:651} INFO - DAG(s) dict_keys(['example_nested_branch_dag']) retrieved from /home/dimitri/dimitri/airflowalura/venv/lib/python3.10/site-packages/airflow/example_dags/example_nested_branch_dag.py
[2024-04-04 20:31:40,892] {logging_mixin.py:115} INFO - [2024-04-04 20:31:40,892] {dag.py:2379} INFO - Sync 1 DAGs
[2024-04-04 20:31:40,902] {logging_mixin.py:115} INFO - [2024-04-04 20:31:40,902] {dag.py:2927} INFO - Setting next_dagrun for example_nested_branch_dag to 2024-04-03T00:00:00+00:00, run_after=2024-04-04T00:00:00+00:00
[2024-04-04 20:31:40,917] {processor.py:161} INFO - Processing /home/dimitri/dimitri/airflowalura/venv/lib/python3.10/site-packages/airflow/example_dags/example_nested_branch_dag.py took 0.046 seconds
[2024-04-04 20:32:16,002] {processor.py:153} INFO - Started process (PID=570850) to work on /home/dimitri/dimitri/airflowalura/venv/lib/python3.10/site-packages/airflow/example_dags/example_nested_branch_dag.py
[2024-04-04 20:32:16,005] {processor.py:641} INFO - Processing file /home/dimitri/dimitri/airflowalura/venv/lib/python3.10/site-packages/airflow/example_dags/example_nested_branch_dag.py for tasks to queue
[2024-04-04 20:32:16,005] {logging_mixin.py:115} INFO - [2024-04-04 20:32:16,005] {dagbag.py:507} INFO - Filling up the DagBag from /home/dimitri/dimitri/airflowalura/venv/lib/python3.10/site-packages/airflow/example_dags/example_nested_branch_dag.py
[2024-04-04 20:32:16,011] {processor.py:651} INFO - DAG(s) dict_keys(['example_nested_branch_dag']) retrieved from /home/dimitri/dimitri/airflowalura/venv/lib/python3.10/site-packages/airflow/example_dags/example_nested_branch_dag.py
[2024-04-04 20:32:16,022] {logging_mixin.py:115} INFO - [2024-04-04 20:32:16,022] {dag.py:2379} INFO - Sync 1 DAGs
[2024-04-04 20:32:16,033] {logging_mixin.py:115} INFO - [2024-04-04 20:32:16,033] {dag.py:2927} INFO - Setting next_dagrun for example_nested_branch_dag to 2024-04-03T00:00:00+00:00, run_after=2024-04-04T00:00:00+00:00
[2024-04-04 20:32:16,048] {processor.py:161} INFO - Processing /home/dimitri/dimitri/airflowalura/venv/lib/python3.10/site-packages/airflow/example_dags/example_nested_branch_dag.py took 0.049 seconds
[2024-04-04 20:33:10,163] {processor.py:153} INFO - Started process (PID=571213) to work on /home/dimitri/dimitri/airflowalura/venv/lib/python3.10/site-packages/airflow/example_dags/example_nested_branch_dag.py
[2024-04-04 20:33:10,166] {processor.py:641} INFO - Processing file /home/dimitri/dimitri/airflowalura/venv/lib/python3.10/site-packages/airflow/example_dags/example_nested_branch_dag.py for tasks to queue
[2024-04-04 20:33:10,166] {logging_mixin.py:115} INFO - [2024-04-04 20:33:10,166] {dagbag.py:507} INFO - Filling up the DagBag from /home/dimitri/dimitri/airflowalura/venv/lib/python3.10/site-packages/airflow/example_dags/example_nested_branch_dag.py
[2024-04-04 20:33:10,173] {processor.py:651} INFO - DAG(s) dict_keys(['example_nested_branch_dag']) retrieved from /home/dimitri/dimitri/airflowalura/venv/lib/python3.10/site-packages/airflow/example_dags/example_nested_branch_dag.py
[2024-04-04 20:33:10,184] {logging_mixin.py:115} INFO - [2024-04-04 20:33:10,184] {dag.py:2379} INFO - Sync 1 DAGs
[2024-04-04 20:33:10,196] {logging_mixin.py:115} INFO - [2024-04-04 20:33:10,196] {dag.py:2927} INFO - Setting next_dagrun for example_nested_branch_dag to 2024-04-03T00:00:00+00:00, run_after=2024-04-04T00:00:00+00:00
[2024-04-04 20:33:10,212] {processor.py:161} INFO - Processing /home/dimitri/dimitri/airflowalura/venv/lib/python3.10/site-packages/airflow/example_dags/example_nested_branch_dag.py took 0.051 seconds
[2024-04-04 20:33:42,760] {processor.py:153} INFO - Started process (PID=571343) to work on /home/dimitri/dimitri/airflowalura/venv/lib/python3.10/site-packages/airflow/example_dags/example_nested_branch_dag.py
[2024-04-04 20:33:42,763] {processor.py:641} INFO - Processing file /home/dimitri/dimitri/airflowalura/venv/lib/python3.10/site-packages/airflow/example_dags/example_nested_branch_dag.py for tasks to queue
[2024-04-04 20:33:42,763] {logging_mixin.py:115} INFO - [2024-04-04 20:33:42,763] {dagbag.py:507} INFO - Filling up the DagBag from /home/dimitri/dimitri/airflowalura/venv/lib/python3.10/site-packages/airflow/example_dags/example_nested_branch_dag.py
[2024-04-04 20:33:42,769] {processor.py:651} INFO - DAG(s) dict_keys(['example_nested_branch_dag']) retrieved from /home/dimitri/dimitri/airflowalura/venv/lib/python3.10/site-packages/airflow/example_dags/example_nested_branch_dag.py
[2024-04-04 20:33:42,780] {logging_mixin.py:115} INFO - [2024-04-04 20:33:42,780] {dag.py:2379} INFO - Sync 1 DAGs
[2024-04-04 20:33:42,790] {logging_mixin.py:115} INFO - [2024-04-04 20:33:42,790] {dag.py:2927} INFO - Setting next_dagrun for example_nested_branch_dag to 2024-04-03T00:00:00+00:00, run_after=2024-04-04T00:00:00+00:00
[2024-04-04 20:33:42,806] {processor.py:161} INFO - Processing /home/dimitri/dimitri/airflowalura/venv/lib/python3.10/site-packages/airflow/example_dags/example_nested_branch_dag.py took 0.048 seconds
[2024-04-04 20:34:18,348] {processor.py:153} INFO - Started process (PID=571481) to work on /home/dimitri/dimitri/airflowalura/venv/lib/python3.10/site-packages/airflow/example_dags/example_nested_branch_dag.py
[2024-04-04 20:34:18,349] {processor.py:641} INFO - Processing file /home/dimitri/dimitri/airflowalura/venv/lib/python3.10/site-packages/airflow/example_dags/example_nested_branch_dag.py for tasks to queue
[2024-04-04 20:34:18,350] {logging_mixin.py:115} INFO - [2024-04-04 20:34:18,350] {dagbag.py:507} INFO - Filling up the DagBag from /home/dimitri/dimitri/airflowalura/venv/lib/python3.10/site-packages/airflow/example_dags/example_nested_branch_dag.py
[2024-04-04 20:34:18,356] {processor.py:651} INFO - DAG(s) dict_keys(['example_nested_branch_dag']) retrieved from /home/dimitri/dimitri/airflowalura/venv/lib/python3.10/site-packages/airflow/example_dags/example_nested_branch_dag.py
[2024-04-04 20:34:18,368] {logging_mixin.py:115} INFO - [2024-04-04 20:34:18,367] {dag.py:2379} INFO - Sync 1 DAGs
[2024-04-04 20:34:18,377] {logging_mixin.py:115} INFO - [2024-04-04 20:34:18,377] {dag.py:2927} INFO - Setting next_dagrun for example_nested_branch_dag to 2024-04-03T00:00:00+00:00, run_after=2024-04-04T00:00:00+00:00
[2024-04-04 20:34:18,391] {processor.py:161} INFO - Processing /home/dimitri/dimitri/airflowalura/venv/lib/python3.10/site-packages/airflow/example_dags/example_nested_branch_dag.py took 0.045 seconds
[2024-04-04 20:34:50,948] {processor.py:153} INFO - Started process (PID=571613) to work on /home/dimitri/dimitri/airflowalura/venv/lib/python3.10/site-packages/airflow/example_dags/example_nested_branch_dag.py
[2024-04-04 20:34:50,951] {processor.py:641} INFO - Processing file /home/dimitri/dimitri/airflowalura/venv/lib/python3.10/site-packages/airflow/example_dags/example_nested_branch_dag.py for tasks to queue
[2024-04-04 20:34:50,952] {logging_mixin.py:115} INFO - [2024-04-04 20:34:50,952] {dagbag.py:507} INFO - Filling up the DagBag from /home/dimitri/dimitri/airflowalura/venv/lib/python3.10/site-packages/airflow/example_dags/example_nested_branch_dag.py
[2024-04-04 20:34:50,957] {processor.py:651} INFO - DAG(s) dict_keys(['example_nested_branch_dag']) retrieved from /home/dimitri/dimitri/airflowalura/venv/lib/python3.10/site-packages/airflow/example_dags/example_nested_branch_dag.py
[2024-04-04 20:34:50,967] {logging_mixin.py:115} INFO - [2024-04-04 20:34:50,967] {dag.py:2379} INFO - Sync 1 DAGs
[2024-04-04 20:34:50,977] {logging_mixin.py:115} INFO - [2024-04-04 20:34:50,977] {dag.py:2927} INFO - Setting next_dagrun for example_nested_branch_dag to 2024-04-03T00:00:00+00:00, run_after=2024-04-04T00:00:00+00:00
[2024-04-04 20:34:50,993] {processor.py:161} INFO - Processing /home/dimitri/dimitri/airflowalura/venv/lib/python3.10/site-packages/airflow/example_dags/example_nested_branch_dag.py took 0.047 seconds
[2024-04-04 20:35:25,715] {processor.py:153} INFO - Started process (PID=571752) to work on /home/dimitri/dimitri/airflowalura/venv/lib/python3.10/site-packages/airflow/example_dags/example_nested_branch_dag.py
[2024-04-04 20:35:25,717] {processor.py:641} INFO - Processing file /home/dimitri/dimitri/airflowalura/venv/lib/python3.10/site-packages/airflow/example_dags/example_nested_branch_dag.py for tasks to queue
[2024-04-04 20:35:25,717] {logging_mixin.py:115} INFO - [2024-04-04 20:35:25,717] {dagbag.py:507} INFO - Filling up the DagBag from /home/dimitri/dimitri/airflowalura/venv/lib/python3.10/site-packages/airflow/example_dags/example_nested_branch_dag.py
[2024-04-04 20:35:25,724] {processor.py:651} INFO - DAG(s) dict_keys(['example_nested_branch_dag']) retrieved from /home/dimitri/dimitri/airflowalura/venv/lib/python3.10/site-packages/airflow/example_dags/example_nested_branch_dag.py
[2024-04-04 20:35:25,735] {logging_mixin.py:115} INFO - [2024-04-04 20:35:25,735] {dag.py:2379} INFO - Sync 1 DAGs
[2024-04-04 20:35:25,746] {logging_mixin.py:115} INFO - [2024-04-04 20:35:25,745] {dag.py:2927} INFO - Setting next_dagrun for example_nested_branch_dag to 2024-04-03T00:00:00+00:00, run_after=2024-04-04T00:00:00+00:00
[2024-04-04 20:35:25,760] {processor.py:161} INFO - Processing /home/dimitri/dimitri/airflowalura/venv/lib/python3.10/site-packages/airflow/example_dags/example_nested_branch_dag.py took 0.047 seconds
[2024-04-04 20:35:59,094] {processor.py:153} INFO - Started process (PID=571883) to work on /home/dimitri/dimitri/airflowalura/venv/lib/python3.10/site-packages/airflow/example_dags/example_nested_branch_dag.py
[2024-04-04 20:35:59,096] {processor.py:641} INFO - Processing file /home/dimitri/dimitri/airflowalura/venv/lib/python3.10/site-packages/airflow/example_dags/example_nested_branch_dag.py for tasks to queue
[2024-04-04 20:35:59,096] {logging_mixin.py:115} INFO - [2024-04-04 20:35:59,096] {dagbag.py:507} INFO - Filling up the DagBag from /home/dimitri/dimitri/airflowalura/venv/lib/python3.10/site-packages/airflow/example_dags/example_nested_branch_dag.py
[2024-04-04 20:35:59,103] {processor.py:651} INFO - DAG(s) dict_keys(['example_nested_branch_dag']) retrieved from /home/dimitri/dimitri/airflowalura/venv/lib/python3.10/site-packages/airflow/example_dags/example_nested_branch_dag.py
[2024-04-04 20:35:59,114] {logging_mixin.py:115} INFO - [2024-04-04 20:35:59,114] {dag.py:2379} INFO - Sync 1 DAGs
[2024-04-04 20:35:59,126] {logging_mixin.py:115} INFO - [2024-04-04 20:35:59,126] {dag.py:2927} INFO - Setting next_dagrun for example_nested_branch_dag to 2024-04-03T00:00:00+00:00, run_after=2024-04-04T00:00:00+00:00
[2024-04-04 20:35:59,143] {processor.py:161} INFO - Processing /home/dimitri/dimitri/airflowalura/venv/lib/python3.10/site-packages/airflow/example_dags/example_nested_branch_dag.py took 0.050 seconds
[2024-04-04 20:36:40,268] {processor.py:153} INFO - Started process (PID=572057) to work on /home/dimitri/dimitri/airflowalura/venv/lib/python3.10/site-packages/airflow/example_dags/example_nested_branch_dag.py
[2024-04-04 20:36:40,270] {processor.py:641} INFO - Processing file /home/dimitri/dimitri/airflowalura/venv/lib/python3.10/site-packages/airflow/example_dags/example_nested_branch_dag.py for tasks to queue
[2024-04-04 20:36:40,270] {logging_mixin.py:115} INFO - [2024-04-04 20:36:40,270] {dagbag.py:507} INFO - Filling up the DagBag from /home/dimitri/dimitri/airflowalura/venv/lib/python3.10/site-packages/airflow/example_dags/example_nested_branch_dag.py
[2024-04-04 20:36:40,276] {processor.py:651} INFO - DAG(s) dict_keys(['example_nested_branch_dag']) retrieved from /home/dimitri/dimitri/airflowalura/venv/lib/python3.10/site-packages/airflow/example_dags/example_nested_branch_dag.py
[2024-04-04 20:36:40,289] {logging_mixin.py:115} INFO - [2024-04-04 20:36:40,289] {dag.py:2379} INFO - Sync 1 DAGs
[2024-04-04 20:36:40,305] {logging_mixin.py:115} INFO - [2024-04-04 20:36:40,305] {dag.py:2927} INFO - Setting next_dagrun for example_nested_branch_dag to 2024-04-03T00:00:00+00:00, run_after=2024-04-04T00:00:00+00:00
[2024-04-04 20:36:40,322] {processor.py:161} INFO - Processing /home/dimitri/dimitri/airflowalura/venv/lib/python3.10/site-packages/airflow/example_dags/example_nested_branch_dag.py took 0.056 seconds
[2024-04-04 20:37:13,023] {processor.py:153} INFO - Started process (PID=572185) to work on /home/dimitri/dimitri/airflowalura/venv/lib/python3.10/site-packages/airflow/example_dags/example_nested_branch_dag.py
[2024-04-04 20:37:13,024] {processor.py:641} INFO - Processing file /home/dimitri/dimitri/airflowalura/venv/lib/python3.10/site-packages/airflow/example_dags/example_nested_branch_dag.py for tasks to queue
[2024-04-04 20:37:13,024] {logging_mixin.py:115} INFO - [2024-04-04 20:37:13,024] {dagbag.py:507} INFO - Filling up the DagBag from /home/dimitri/dimitri/airflowalura/venv/lib/python3.10/site-packages/airflow/example_dags/example_nested_branch_dag.py
[2024-04-04 20:37:13,031] {processor.py:651} INFO - DAG(s) dict_keys(['example_nested_branch_dag']) retrieved from /home/dimitri/dimitri/airflowalura/venv/lib/python3.10/site-packages/airflow/example_dags/example_nested_branch_dag.py
[2024-04-04 20:37:13,043] {logging_mixin.py:115} INFO - [2024-04-04 20:37:13,043] {dag.py:2379} INFO - Sync 1 DAGs
[2024-04-04 20:37:13,054] {logging_mixin.py:115} INFO - [2024-04-04 20:37:13,054] {dag.py:2927} INFO - Setting next_dagrun for example_nested_branch_dag to 2024-04-03T00:00:00+00:00, run_after=2024-04-04T00:00:00+00:00
[2024-04-04 20:37:13,072] {processor.py:161} INFO - Processing /home/dimitri/dimitri/airflowalura/venv/lib/python3.10/site-packages/airflow/example_dags/example_nested_branch_dag.py took 0.052 seconds
[2024-04-04 20:37:47,277] {processor.py:153} INFO - Started process (PID=572324) to work on /home/dimitri/dimitri/airflowalura/venv/lib/python3.10/site-packages/airflow/example_dags/example_nested_branch_dag.py
[2024-04-04 20:37:47,280] {processor.py:641} INFO - Processing file /home/dimitri/dimitri/airflowalura/venv/lib/python3.10/site-packages/airflow/example_dags/example_nested_branch_dag.py for tasks to queue
[2024-04-04 20:37:47,281] {logging_mixin.py:115} INFO - [2024-04-04 20:37:47,281] {dagbag.py:507} INFO - Filling up the DagBag from /home/dimitri/dimitri/airflowalura/venv/lib/python3.10/site-packages/airflow/example_dags/example_nested_branch_dag.py
[2024-04-04 20:37:47,286] {processor.py:651} INFO - DAG(s) dict_keys(['example_nested_branch_dag']) retrieved from /home/dimitri/dimitri/airflowalura/venv/lib/python3.10/site-packages/airflow/example_dags/example_nested_branch_dag.py
[2024-04-04 20:37:47,298] {logging_mixin.py:115} INFO - [2024-04-04 20:37:47,298] {dag.py:2379} INFO - Sync 1 DAGs
[2024-04-04 20:37:47,312] {logging_mixin.py:115} INFO - [2024-04-04 20:37:47,312] {dag.py:2927} INFO - Setting next_dagrun for example_nested_branch_dag to 2024-04-03T00:00:00+00:00, run_after=2024-04-04T00:00:00+00:00
[2024-04-04 20:37:47,331] {processor.py:161} INFO - Processing /home/dimitri/dimitri/airflowalura/venv/lib/python3.10/site-packages/airflow/example_dags/example_nested_branch_dag.py took 0.056 seconds
[2024-04-04 20:38:21,012] {processor.py:153} INFO - Started process (PID=572455) to work on /home/dimitri/dimitri/airflowalura/venv/lib/python3.10/site-packages/airflow/example_dags/example_nested_branch_dag.py
[2024-04-04 20:38:21,015] {processor.py:641} INFO - Processing file /home/dimitri/dimitri/airflowalura/venv/lib/python3.10/site-packages/airflow/example_dags/example_nested_branch_dag.py for tasks to queue
[2024-04-04 20:38:21,016] {logging_mixin.py:115} INFO - [2024-04-04 20:38:21,016] {dagbag.py:507} INFO - Filling up the DagBag from /home/dimitri/dimitri/airflowalura/venv/lib/python3.10/site-packages/airflow/example_dags/example_nested_branch_dag.py
[2024-04-04 20:38:21,023] {processor.py:651} INFO - DAG(s) dict_keys(['example_nested_branch_dag']) retrieved from /home/dimitri/dimitri/airflowalura/venv/lib/python3.10/site-packages/airflow/example_dags/example_nested_branch_dag.py
[2024-04-04 20:38:21,033] {logging_mixin.py:115} INFO - [2024-04-04 20:38:21,033] {dag.py:2379} INFO - Sync 1 DAGs
[2024-04-04 20:38:21,043] {logging_mixin.py:115} INFO - [2024-04-04 20:38:21,043] {dag.py:2927} INFO - Setting next_dagrun for example_nested_branch_dag to 2024-04-03T00:00:00+00:00, run_after=2024-04-04T00:00:00+00:00
[2024-04-04 20:38:21,061] {processor.py:161} INFO - Processing /home/dimitri/dimitri/airflowalura/venv/lib/python3.10/site-packages/airflow/example_dags/example_nested_branch_dag.py took 0.052 seconds
[2024-04-04 20:38:56,859] {processor.py:153} INFO - Started process (PID=572596) to work on /home/dimitri/dimitri/airflowalura/venv/lib/python3.10/site-packages/airflow/example_dags/example_nested_branch_dag.py
[2024-04-04 20:38:56,861] {processor.py:641} INFO - Processing file /home/dimitri/dimitri/airflowalura/venv/lib/python3.10/site-packages/airflow/example_dags/example_nested_branch_dag.py for tasks to queue
[2024-04-04 20:38:56,862] {logging_mixin.py:115} INFO - [2024-04-04 20:38:56,861] {dagbag.py:507} INFO - Filling up the DagBag from /home/dimitri/dimitri/airflowalura/venv/lib/python3.10/site-packages/airflow/example_dags/example_nested_branch_dag.py
[2024-04-04 20:38:56,867] {processor.py:651} INFO - DAG(s) dict_keys(['example_nested_branch_dag']) retrieved from /home/dimitri/dimitri/airflowalura/venv/lib/python3.10/site-packages/airflow/example_dags/example_nested_branch_dag.py
[2024-04-04 20:38:56,878] {logging_mixin.py:115} INFO - [2024-04-04 20:38:56,878] {dag.py:2379} INFO - Sync 1 DAGs
[2024-04-04 20:38:56,887] {logging_mixin.py:115} INFO - [2024-04-04 20:38:56,887] {dag.py:2927} INFO - Setting next_dagrun for example_nested_branch_dag to 2024-04-03T00:00:00+00:00, run_after=2024-04-04T00:00:00+00:00
[2024-04-04 20:38:56,903] {processor.py:161} INFO - Processing /home/dimitri/dimitri/airflowalura/venv/lib/python3.10/site-packages/airflow/example_dags/example_nested_branch_dag.py took 0.047 seconds
[2024-04-04 20:39:30,445] {processor.py:153} INFO - Started process (PID=572727) to work on /home/dimitri/dimitri/airflowalura/venv/lib/python3.10/site-packages/airflow/example_dags/example_nested_branch_dag.py
[2024-04-04 20:39:30,449] {processor.py:641} INFO - Processing file /home/dimitri/dimitri/airflowalura/venv/lib/python3.10/site-packages/airflow/example_dags/example_nested_branch_dag.py for tasks to queue
[2024-04-04 20:39:30,449] {logging_mixin.py:115} INFO - [2024-04-04 20:39:30,449] {dagbag.py:507} INFO - Filling up the DagBag from /home/dimitri/dimitri/airflowalura/venv/lib/python3.10/site-packages/airflow/example_dags/example_nested_branch_dag.py
[2024-04-04 20:39:30,455] {processor.py:651} INFO - DAG(s) dict_keys(['example_nested_branch_dag']) retrieved from /home/dimitri/dimitri/airflowalura/venv/lib/python3.10/site-packages/airflow/example_dags/example_nested_branch_dag.py
[2024-04-04 20:39:30,466] {logging_mixin.py:115} INFO - [2024-04-04 20:39:30,466] {dag.py:2379} INFO - Sync 1 DAGs
[2024-04-04 20:39:30,476] {logging_mixin.py:115} INFO - [2024-04-04 20:39:30,476] {dag.py:2927} INFO - Setting next_dagrun for example_nested_branch_dag to 2024-04-03T00:00:00+00:00, run_after=2024-04-04T00:00:00+00:00
[2024-04-04 20:39:30,492] {processor.py:161} INFO - Processing /home/dimitri/dimitri/airflowalura/venv/lib/python3.10/site-packages/airflow/example_dags/example_nested_branch_dag.py took 0.050 seconds
[2024-04-04 20:40:04,449] {processor.py:153} INFO - Started process (PID=572867) to work on /home/dimitri/dimitri/airflowalura/venv/lib/python3.10/site-packages/airflow/example_dags/example_nested_branch_dag.py
[2024-04-04 20:40:04,452] {processor.py:641} INFO - Processing file /home/dimitri/dimitri/airflowalura/venv/lib/python3.10/site-packages/airflow/example_dags/example_nested_branch_dag.py for tasks to queue
[2024-04-04 20:40:04,452] {logging_mixin.py:115} INFO - [2024-04-04 20:40:04,452] {dagbag.py:507} INFO - Filling up the DagBag from /home/dimitri/dimitri/airflowalura/venv/lib/python3.10/site-packages/airflow/example_dags/example_nested_branch_dag.py
[2024-04-04 20:40:04,462] {processor.py:651} INFO - DAG(s) dict_keys(['example_nested_branch_dag']) retrieved from /home/dimitri/dimitri/airflowalura/venv/lib/python3.10/site-packages/airflow/example_dags/example_nested_branch_dag.py
[2024-04-04 20:40:04,473] {logging_mixin.py:115} INFO - [2024-04-04 20:40:04,473] {dag.py:2379} INFO - Sync 1 DAGs
[2024-04-04 20:40:04,484] {logging_mixin.py:115} INFO - [2024-04-04 20:40:04,484] {dag.py:2927} INFO - Setting next_dagrun for example_nested_branch_dag to 2024-04-03T00:00:00+00:00, run_after=2024-04-04T00:00:00+00:00
[2024-04-04 20:40:04,499] {processor.py:161} INFO - Processing /home/dimitri/dimitri/airflowalura/venv/lib/python3.10/site-packages/airflow/example_dags/example_nested_branch_dag.py took 0.054 seconds
[2024-04-04 20:40:41,923] {processor.py:153} INFO - Started process (PID=573011) to work on /home/dimitri/dimitri/airflowalura/venv/lib/python3.10/site-packages/airflow/example_dags/example_nested_branch_dag.py
[2024-04-04 20:40:41,924] {processor.py:641} INFO - Processing file /home/dimitri/dimitri/airflowalura/venv/lib/python3.10/site-packages/airflow/example_dags/example_nested_branch_dag.py for tasks to queue
[2024-04-04 20:40:41,924] {logging_mixin.py:115} INFO - [2024-04-04 20:40:41,924] {dagbag.py:507} INFO - Filling up the DagBag from /home/dimitri/dimitri/airflowalura/venv/lib/python3.10/site-packages/airflow/example_dags/example_nested_branch_dag.py
[2024-04-04 20:40:41,931] {processor.py:651} INFO - DAG(s) dict_keys(['example_nested_branch_dag']) retrieved from /home/dimitri/dimitri/airflowalura/venv/lib/python3.10/site-packages/airflow/example_dags/example_nested_branch_dag.py
[2024-04-04 20:40:41,945] {logging_mixin.py:115} INFO - [2024-04-04 20:40:41,945] {dag.py:2379} INFO - Sync 1 DAGs
[2024-04-04 20:40:41,956] {logging_mixin.py:115} INFO - [2024-04-04 20:40:41,955] {dag.py:2927} INFO - Setting next_dagrun for example_nested_branch_dag to 2024-04-03T00:00:00+00:00, run_after=2024-04-04T00:00:00+00:00
[2024-04-04 20:40:41,971] {processor.py:161} INFO - Processing /home/dimitri/dimitri/airflowalura/venv/lib/python3.10/site-packages/airflow/example_dags/example_nested_branch_dag.py took 0.050 seconds
[2024-04-04 20:41:26,641] {processor.py:153} INFO - Started process (PID=573200) to work on /home/dimitri/dimitri/airflowalura/venv/lib/python3.10/site-packages/airflow/example_dags/example_nested_branch_dag.py
[2024-04-04 20:41:26,643] {processor.py:641} INFO - Processing file /home/dimitri/dimitri/airflowalura/venv/lib/python3.10/site-packages/airflow/example_dags/example_nested_branch_dag.py for tasks to queue
[2024-04-04 20:41:26,644] {logging_mixin.py:115} INFO - [2024-04-04 20:41:26,644] {dagbag.py:507} INFO - Filling up the DagBag from /home/dimitri/dimitri/airflowalura/venv/lib/python3.10/site-packages/airflow/example_dags/example_nested_branch_dag.py
[2024-04-04 20:41:26,651] {processor.py:651} INFO - DAG(s) dict_keys(['example_nested_branch_dag']) retrieved from /home/dimitri/dimitri/airflowalura/venv/lib/python3.10/site-packages/airflow/example_dags/example_nested_branch_dag.py
[2024-04-04 20:41:26,664] {logging_mixin.py:115} INFO - [2024-04-04 20:41:26,664] {dag.py:2379} INFO - Sync 1 DAGs
[2024-04-04 20:41:26,676] {logging_mixin.py:115} INFO - [2024-04-04 20:41:26,676] {dag.py:2927} INFO - Setting next_dagrun for example_nested_branch_dag to 2024-04-03T00:00:00+00:00, run_after=2024-04-04T00:00:00+00:00
[2024-04-04 20:41:26,696] {processor.py:161} INFO - Processing /home/dimitri/dimitri/airflowalura/venv/lib/python3.10/site-packages/airflow/example_dags/example_nested_branch_dag.py took 0.057 seconds
[2024-04-04 20:42:02,879] {processor.py:153} INFO - Started process (PID=573350) to work on /home/dimitri/dimitri/airflowalura/venv/lib/python3.10/site-packages/airflow/example_dags/example_nested_branch_dag.py
[2024-04-04 20:42:02,880] {processor.py:641} INFO - Processing file /home/dimitri/dimitri/airflowalura/venv/lib/python3.10/site-packages/airflow/example_dags/example_nested_branch_dag.py for tasks to queue
[2024-04-04 20:42:02,880] {logging_mixin.py:115} INFO - [2024-04-04 20:42:02,880] {dagbag.py:507} INFO - Filling up the DagBag from /home/dimitri/dimitri/airflowalura/venv/lib/python3.10/site-packages/airflow/example_dags/example_nested_branch_dag.py
[2024-04-04 20:42:02,886] {processor.py:651} INFO - DAG(s) dict_keys(['example_nested_branch_dag']) retrieved from /home/dimitri/dimitri/airflowalura/venv/lib/python3.10/site-packages/airflow/example_dags/example_nested_branch_dag.py
[2024-04-04 20:42:02,898] {logging_mixin.py:115} INFO - [2024-04-04 20:42:02,898] {dag.py:2379} INFO - Sync 1 DAGs
[2024-04-04 20:42:02,909] {logging_mixin.py:115} INFO - [2024-04-04 20:42:02,909] {dag.py:2927} INFO - Setting next_dagrun for example_nested_branch_dag to 2024-04-03T00:00:00+00:00, run_after=2024-04-04T00:00:00+00:00
[2024-04-04 20:42:02,925] {processor.py:161} INFO - Processing /home/dimitri/dimitri/airflowalura/venv/lib/python3.10/site-packages/airflow/example_dags/example_nested_branch_dag.py took 0.048 seconds
[2024-04-04 20:42:37,742] {processor.py:153} INFO - Started process (PID=573482) to work on /home/dimitri/dimitri/airflowalura/venv/lib/python3.10/site-packages/airflow/example_dags/example_nested_branch_dag.py
[2024-04-04 20:42:37,745] {processor.py:641} INFO - Processing file /home/dimitri/dimitri/airflowalura/venv/lib/python3.10/site-packages/airflow/example_dags/example_nested_branch_dag.py for tasks to queue
[2024-04-04 20:42:37,746] {logging_mixin.py:115} INFO - [2024-04-04 20:42:37,745] {dagbag.py:507} INFO - Filling up the DagBag from /home/dimitri/dimitri/airflowalura/venv/lib/python3.10/site-packages/airflow/example_dags/example_nested_branch_dag.py
[2024-04-04 20:42:37,751] {processor.py:651} INFO - DAG(s) dict_keys(['example_nested_branch_dag']) retrieved from /home/dimitri/dimitri/airflowalura/venv/lib/python3.10/site-packages/airflow/example_dags/example_nested_branch_dag.py
[2024-04-04 20:42:37,763] {logging_mixin.py:115} INFO - [2024-04-04 20:42:37,763] {dag.py:2379} INFO - Sync 1 DAGs
[2024-04-04 20:42:37,774] {logging_mixin.py:115} INFO - [2024-04-04 20:42:37,774] {dag.py:2927} INFO - Setting next_dagrun for example_nested_branch_dag to 2024-04-03T00:00:00+00:00, run_after=2024-04-04T00:00:00+00:00
[2024-04-04 20:42:37,792] {processor.py:161} INFO - Processing /home/dimitri/dimitri/airflowalura/venv/lib/python3.10/site-packages/airflow/example_dags/example_nested_branch_dag.py took 0.052 seconds
[2024-04-04 20:43:14,093] {processor.py:153} INFO - Started process (PID=573628) to work on /home/dimitri/dimitri/airflowalura/venv/lib/python3.10/site-packages/airflow/example_dags/example_nested_branch_dag.py
[2024-04-04 20:43:14,096] {processor.py:641} INFO - Processing file /home/dimitri/dimitri/airflowalura/venv/lib/python3.10/site-packages/airflow/example_dags/example_nested_branch_dag.py for tasks to queue
[2024-04-04 20:43:14,096] {logging_mixin.py:115} INFO - [2024-04-04 20:43:14,096] {dagbag.py:507} INFO - Filling up the DagBag from /home/dimitri/dimitri/airflowalura/venv/lib/python3.10/site-packages/airflow/example_dags/example_nested_branch_dag.py
[2024-04-04 20:43:14,103] {processor.py:651} INFO - DAG(s) dict_keys(['example_nested_branch_dag']) retrieved from /home/dimitri/dimitri/airflowalura/venv/lib/python3.10/site-packages/airflow/example_dags/example_nested_branch_dag.py
[2024-04-04 20:43:14,116] {logging_mixin.py:115} INFO - [2024-04-04 20:43:14,116] {dag.py:2379} INFO - Sync 1 DAGs
[2024-04-04 20:43:14,129] {logging_mixin.py:115} INFO - [2024-04-04 20:43:14,129] {dag.py:2927} INFO - Setting next_dagrun for example_nested_branch_dag to 2024-04-03T00:00:00+00:00, run_after=2024-04-04T00:00:00+00:00
[2024-04-04 20:43:14,145] {processor.py:161} INFO - Processing /home/dimitri/dimitri/airflowalura/venv/lib/python3.10/site-packages/airflow/example_dags/example_nested_branch_dag.py took 0.054 seconds
[2024-04-04 20:43:49,047] {processor.py:153} INFO - Started process (PID=573767) to work on /home/dimitri/dimitri/airflowalura/venv/lib/python3.10/site-packages/airflow/example_dags/example_nested_branch_dag.py
[2024-04-04 20:43:49,049] {processor.py:641} INFO - Processing file /home/dimitri/dimitri/airflowalura/venv/lib/python3.10/site-packages/airflow/example_dags/example_nested_branch_dag.py for tasks to queue
[2024-04-04 20:43:49,050] {logging_mixin.py:115} INFO - [2024-04-04 20:43:49,050] {dagbag.py:507} INFO - Filling up the DagBag from /home/dimitri/dimitri/airflowalura/venv/lib/python3.10/site-packages/airflow/example_dags/example_nested_branch_dag.py
[2024-04-04 20:43:49,056] {processor.py:651} INFO - DAG(s) dict_keys(['example_nested_branch_dag']) retrieved from /home/dimitri/dimitri/airflowalura/venv/lib/python3.10/site-packages/airflow/example_dags/example_nested_branch_dag.py
[2024-04-04 20:43:49,069] {logging_mixin.py:115} INFO - [2024-04-04 20:43:49,069] {dag.py:2379} INFO - Sync 1 DAGs
[2024-04-04 20:43:49,080] {logging_mixin.py:115} INFO - [2024-04-04 20:43:49,080] {dag.py:2927} INFO - Setting next_dagrun for example_nested_branch_dag to 2024-04-03T00:00:00+00:00, run_after=2024-04-04T00:00:00+00:00
[2024-04-04 20:43:49,096] {processor.py:161} INFO - Processing /home/dimitri/dimitri/airflowalura/venv/lib/python3.10/site-packages/airflow/example_dags/example_nested_branch_dag.py took 0.051 seconds
[2024-04-04 20:44:26,461] {processor.py:153} INFO - Started process (PID=573913) to work on /home/dimitri/dimitri/airflowalura/venv/lib/python3.10/site-packages/airflow/example_dags/example_nested_branch_dag.py
[2024-04-04 20:44:26,463] {processor.py:641} INFO - Processing file /home/dimitri/dimitri/airflowalura/venv/lib/python3.10/site-packages/airflow/example_dags/example_nested_branch_dag.py for tasks to queue
[2024-04-04 20:44:26,463] {logging_mixin.py:115} INFO - [2024-04-04 20:44:26,463] {dagbag.py:507} INFO - Filling up the DagBag from /home/dimitri/dimitri/airflowalura/venv/lib/python3.10/site-packages/airflow/example_dags/example_nested_branch_dag.py
[2024-04-04 20:44:26,471] {processor.py:651} INFO - DAG(s) dict_keys(['example_nested_branch_dag']) retrieved from /home/dimitri/dimitri/airflowalura/venv/lib/python3.10/site-packages/airflow/example_dags/example_nested_branch_dag.py
[2024-04-04 20:44:26,482] {logging_mixin.py:115} INFO - [2024-04-04 20:44:26,482] {dag.py:2379} INFO - Sync 1 DAGs
[2024-04-04 20:44:26,496] {logging_mixin.py:115} INFO - [2024-04-04 20:44:26,496] {dag.py:2927} INFO - Setting next_dagrun for example_nested_branch_dag to 2024-04-03T00:00:00+00:00, run_after=2024-04-04T00:00:00+00:00
[2024-04-04 20:44:26,511] {processor.py:161} INFO - Processing /home/dimitri/dimitri/airflowalura/venv/lib/python3.10/site-packages/airflow/example_dags/example_nested_branch_dag.py took 0.053 seconds
[2024-04-04 20:45:01,978] {processor.py:153} INFO - Started process (PID=574051) to work on /home/dimitri/dimitri/airflowalura/venv/lib/python3.10/site-packages/airflow/example_dags/example_nested_branch_dag.py
[2024-04-04 20:45:01,979] {processor.py:641} INFO - Processing file /home/dimitri/dimitri/airflowalura/venv/lib/python3.10/site-packages/airflow/example_dags/example_nested_branch_dag.py for tasks to queue
[2024-04-04 20:45:01,980] {logging_mixin.py:115} INFO - [2024-04-04 20:45:01,980] {dagbag.py:507} INFO - Filling up the DagBag from /home/dimitri/dimitri/airflowalura/venv/lib/python3.10/site-packages/airflow/example_dags/example_nested_branch_dag.py
[2024-04-04 20:45:01,985] {processor.py:651} INFO - DAG(s) dict_keys(['example_nested_branch_dag']) retrieved from /home/dimitri/dimitri/airflowalura/venv/lib/python3.10/site-packages/airflow/example_dags/example_nested_branch_dag.py
[2024-04-04 20:45:01,996] {logging_mixin.py:115} INFO - [2024-04-04 20:45:01,996] {dag.py:2379} INFO - Sync 1 DAGs
[2024-04-04 20:45:02,006] {logging_mixin.py:115} INFO - [2024-04-04 20:45:02,006] {dag.py:2927} INFO - Setting next_dagrun for example_nested_branch_dag to 2024-04-03T00:00:00+00:00, run_after=2024-04-04T00:00:00+00:00
[2024-04-04 20:45:02,022] {processor.py:161} INFO - Processing /home/dimitri/dimitri/airflowalura/venv/lib/python3.10/site-packages/airflow/example_dags/example_nested_branch_dag.py took 0.046 seconds
[2024-04-04 20:45:38,278] {processor.py:153} INFO - Started process (PID=574190) to work on /home/dimitri/dimitri/airflowalura/venv/lib/python3.10/site-packages/airflow/example_dags/example_nested_branch_dag.py
[2024-04-04 20:45:38,281] {processor.py:641} INFO - Processing file /home/dimitri/dimitri/airflowalura/venv/lib/python3.10/site-packages/airflow/example_dags/example_nested_branch_dag.py for tasks to queue
[2024-04-04 20:45:38,281] {logging_mixin.py:115} INFO - [2024-04-04 20:45:38,281] {dagbag.py:507} INFO - Filling up the DagBag from /home/dimitri/dimitri/airflowalura/venv/lib/python3.10/site-packages/airflow/example_dags/example_nested_branch_dag.py
[2024-04-04 20:45:38,287] {processor.py:651} INFO - DAG(s) dict_keys(['example_nested_branch_dag']) retrieved from /home/dimitri/dimitri/airflowalura/venv/lib/python3.10/site-packages/airflow/example_dags/example_nested_branch_dag.py
[2024-04-04 20:45:38,301] {logging_mixin.py:115} INFO - [2024-04-04 20:45:38,301] {dag.py:2379} INFO - Sync 1 DAGs
[2024-04-04 20:45:38,312] {logging_mixin.py:115} INFO - [2024-04-04 20:45:38,311] {dag.py:2927} INFO - Setting next_dagrun for example_nested_branch_dag to 2024-04-03T00:00:00+00:00, run_after=2024-04-04T00:00:00+00:00
[2024-04-04 20:45:38,328] {processor.py:161} INFO - Processing /home/dimitri/dimitri/airflowalura/venv/lib/python3.10/site-packages/airflow/example_dags/example_nested_branch_dag.py took 0.052 seconds
[2024-04-04 20:46:14,246] {processor.py:153} INFO - Started process (PID=574330) to work on /home/dimitri/dimitri/airflowalura/venv/lib/python3.10/site-packages/airflow/example_dags/example_nested_branch_dag.py
[2024-04-04 20:46:14,248] {processor.py:641} INFO - Processing file /home/dimitri/dimitri/airflowalura/venv/lib/python3.10/site-packages/airflow/example_dags/example_nested_branch_dag.py for tasks to queue
[2024-04-04 20:46:14,249] {logging_mixin.py:115} INFO - [2024-04-04 20:46:14,249] {dagbag.py:507} INFO - Filling up the DagBag from /home/dimitri/dimitri/airflowalura/venv/lib/python3.10/site-packages/airflow/example_dags/example_nested_branch_dag.py
[2024-04-04 20:46:14,255] {processor.py:651} INFO - DAG(s) dict_keys(['example_nested_branch_dag']) retrieved from /home/dimitri/dimitri/airflowalura/venv/lib/python3.10/site-packages/airflow/example_dags/example_nested_branch_dag.py
[2024-04-04 20:46:14,268] {logging_mixin.py:115} INFO - [2024-04-04 20:46:14,268] {dag.py:2379} INFO - Sync 1 DAGs
[2024-04-04 20:46:14,278] {logging_mixin.py:115} INFO - [2024-04-04 20:46:14,278] {dag.py:2927} INFO - Setting next_dagrun for example_nested_branch_dag to 2024-04-03T00:00:00+00:00, run_after=2024-04-04T00:00:00+00:00
[2024-04-04 20:46:14,297] {processor.py:161} INFO - Processing /home/dimitri/dimitri/airflowalura/venv/lib/python3.10/site-packages/airflow/example_dags/example_nested_branch_dag.py took 0.054 seconds
[2024-04-04 20:46:49,578] {processor.py:153} INFO - Started process (PID=574476) to work on /home/dimitri/dimitri/airflowalura/venv/lib/python3.10/site-packages/airflow/example_dags/example_nested_branch_dag.py
[2024-04-04 20:46:49,579] {processor.py:641} INFO - Processing file /home/dimitri/dimitri/airflowalura/venv/lib/python3.10/site-packages/airflow/example_dags/example_nested_branch_dag.py for tasks to queue
[2024-04-04 20:46:49,580] {logging_mixin.py:115} INFO - [2024-04-04 20:46:49,580] {dagbag.py:507} INFO - Filling up the DagBag from /home/dimitri/dimitri/airflowalura/venv/lib/python3.10/site-packages/airflow/example_dags/example_nested_branch_dag.py
[2024-04-04 20:46:49,586] {processor.py:651} INFO - DAG(s) dict_keys(['example_nested_branch_dag']) retrieved from /home/dimitri/dimitri/airflowalura/venv/lib/python3.10/site-packages/airflow/example_dags/example_nested_branch_dag.py
[2024-04-04 20:46:49,599] {logging_mixin.py:115} INFO - [2024-04-04 20:46:49,599] {dag.py:2379} INFO - Sync 1 DAGs
[2024-04-04 20:46:49,611] {logging_mixin.py:115} INFO - [2024-04-04 20:46:49,611] {dag.py:2927} INFO - Setting next_dagrun for example_nested_branch_dag to 2024-04-03T00:00:00+00:00, run_after=2024-04-04T00:00:00+00:00
[2024-04-04 20:46:49,630] {processor.py:161} INFO - Processing /home/dimitri/dimitri/airflowalura/venv/lib/python3.10/site-packages/airflow/example_dags/example_nested_branch_dag.py took 0.053 seconds
[2024-04-04 20:47:23,200] {processor.py:153} INFO - Started process (PID=574616) to work on /home/dimitri/dimitri/airflowalura/venv/lib/python3.10/site-packages/airflow/example_dags/example_nested_branch_dag.py
[2024-04-04 20:47:23,204] {processor.py:641} INFO - Processing file /home/dimitri/dimitri/airflowalura/venv/lib/python3.10/site-packages/airflow/example_dags/example_nested_branch_dag.py for tasks to queue
[2024-04-04 20:47:23,205] {logging_mixin.py:115} INFO - [2024-04-04 20:47:23,205] {dagbag.py:507} INFO - Filling up the DagBag from /home/dimitri/dimitri/airflowalura/venv/lib/python3.10/site-packages/airflow/example_dags/example_nested_branch_dag.py
[2024-04-04 20:47:23,211] {processor.py:651} INFO - DAG(s) dict_keys(['example_nested_branch_dag']) retrieved from /home/dimitri/dimitri/airflowalura/venv/lib/python3.10/site-packages/airflow/example_dags/example_nested_branch_dag.py
[2024-04-04 20:47:23,225] {logging_mixin.py:115} INFO - [2024-04-04 20:47:23,225] {dag.py:2379} INFO - Sync 1 DAGs
[2024-04-04 20:47:23,237] {logging_mixin.py:115} INFO - [2024-04-04 20:47:23,237] {dag.py:2927} INFO - Setting next_dagrun for example_nested_branch_dag to 2024-04-03T00:00:00+00:00, run_after=2024-04-04T00:00:00+00:00
[2024-04-04 20:47:23,253] {processor.py:161} INFO - Processing /home/dimitri/dimitri/airflowalura/venv/lib/python3.10/site-packages/airflow/example_dags/example_nested_branch_dag.py took 0.055 seconds
[2024-04-04 20:47:58,070] {processor.py:153} INFO - Started process (PID=574754) to work on /home/dimitri/dimitri/airflowalura/venv/lib/python3.10/site-packages/airflow/example_dags/example_nested_branch_dag.py
[2024-04-04 20:47:58,071] {processor.py:641} INFO - Processing file /home/dimitri/dimitri/airflowalura/venv/lib/python3.10/site-packages/airflow/example_dags/example_nested_branch_dag.py for tasks to queue
[2024-04-04 20:47:58,071] {logging_mixin.py:115} INFO - [2024-04-04 20:47:58,071] {dagbag.py:507} INFO - Filling up the DagBag from /home/dimitri/dimitri/airflowalura/venv/lib/python3.10/site-packages/airflow/example_dags/example_nested_branch_dag.py
[2024-04-04 20:47:58,079] {processor.py:651} INFO - DAG(s) dict_keys(['example_nested_branch_dag']) retrieved from /home/dimitri/dimitri/airflowalura/venv/lib/python3.10/site-packages/airflow/example_dags/example_nested_branch_dag.py
[2024-04-04 20:47:58,092] {logging_mixin.py:115} INFO - [2024-04-04 20:47:58,092] {dag.py:2379} INFO - Sync 1 DAGs
[2024-04-04 20:47:58,108] {logging_mixin.py:115} INFO - [2024-04-04 20:47:58,107] {dag.py:2927} INFO - Setting next_dagrun for example_nested_branch_dag to 2024-04-03T00:00:00+00:00, run_after=2024-04-04T00:00:00+00:00
[2024-04-04 20:47:58,125] {processor.py:161} INFO - Processing /home/dimitri/dimitri/airflowalura/venv/lib/python3.10/site-packages/airflow/example_dags/example_nested_branch_dag.py took 0.057 seconds
[2024-04-04 20:48:34,128] {processor.py:153} INFO - Started process (PID=574903) to work on /home/dimitri/dimitri/airflowalura/venv/lib/python3.10/site-packages/airflow/example_dags/example_nested_branch_dag.py
[2024-04-04 20:48:34,128] {processor.py:641} INFO - Processing file /home/dimitri/dimitri/airflowalura/venv/lib/python3.10/site-packages/airflow/example_dags/example_nested_branch_dag.py for tasks to queue
[2024-04-04 20:48:34,129] {logging_mixin.py:115} INFO - [2024-04-04 20:48:34,129] {dagbag.py:507} INFO - Filling up the DagBag from /home/dimitri/dimitri/airflowalura/venv/lib/python3.10/site-packages/airflow/example_dags/example_nested_branch_dag.py
[2024-04-04 20:48:34,135] {processor.py:651} INFO - DAG(s) dict_keys(['example_nested_branch_dag']) retrieved from /home/dimitri/dimitri/airflowalura/venv/lib/python3.10/site-packages/airflow/example_dags/example_nested_branch_dag.py
[2024-04-04 20:48:34,153] {logging_mixin.py:115} INFO - [2024-04-04 20:48:34,153] {dag.py:2379} INFO - Sync 1 DAGs
[2024-04-04 20:48:34,172] {logging_mixin.py:115} INFO - [2024-04-04 20:48:34,172] {dag.py:2927} INFO - Setting next_dagrun for example_nested_branch_dag to 2024-04-03T00:00:00+00:00, run_after=2024-04-04T00:00:00+00:00
[2024-04-04 20:48:34,195] {processor.py:161} INFO - Processing /home/dimitri/dimitri/airflowalura/venv/lib/python3.10/site-packages/airflow/example_dags/example_nested_branch_dag.py took 0.069 seconds
[2024-04-04 20:49:10,044] {processor.py:153} INFO - Started process (PID=575043) to work on /home/dimitri/dimitri/airflowalura/venv/lib/python3.10/site-packages/airflow/example_dags/example_nested_branch_dag.py
[2024-04-04 20:49:10,046] {processor.py:641} INFO - Processing file /home/dimitri/dimitri/airflowalura/venv/lib/python3.10/site-packages/airflow/example_dags/example_nested_branch_dag.py for tasks to queue
[2024-04-04 20:49:10,046] {logging_mixin.py:115} INFO - [2024-04-04 20:49:10,046] {dagbag.py:507} INFO - Filling up the DagBag from /home/dimitri/dimitri/airflowalura/venv/lib/python3.10/site-packages/airflow/example_dags/example_nested_branch_dag.py
[2024-04-04 20:49:10,054] {processor.py:651} INFO - DAG(s) dict_keys(['example_nested_branch_dag']) retrieved from /home/dimitri/dimitri/airflowalura/venv/lib/python3.10/site-packages/airflow/example_dags/example_nested_branch_dag.py
[2024-04-04 20:49:10,065] {logging_mixin.py:115} INFO - [2024-04-04 20:49:10,065] {dag.py:2379} INFO - Sync 1 DAGs
[2024-04-04 20:49:10,076] {logging_mixin.py:115} INFO - [2024-04-04 20:49:10,076] {dag.py:2927} INFO - Setting next_dagrun for example_nested_branch_dag to 2024-04-03T00:00:00+00:00, run_after=2024-04-04T00:00:00+00:00
[2024-04-04 20:49:10,093] {processor.py:161} INFO - Processing /home/dimitri/dimitri/airflowalura/venv/lib/python3.10/site-packages/airflow/example_dags/example_nested_branch_dag.py took 0.052 seconds
[2024-04-04 20:49:44,522] {processor.py:153} INFO - Started process (PID=575175) to work on /home/dimitri/dimitri/airflowalura/venv/lib/python3.10/site-packages/airflow/example_dags/example_nested_branch_dag.py
[2024-04-04 20:49:44,523] {processor.py:641} INFO - Processing file /home/dimitri/dimitri/airflowalura/venv/lib/python3.10/site-packages/airflow/example_dags/example_nested_branch_dag.py for tasks to queue
[2024-04-04 20:49:44,523] {logging_mixin.py:115} INFO - [2024-04-04 20:49:44,523] {dagbag.py:507} INFO - Filling up the DagBag from /home/dimitri/dimitri/airflowalura/venv/lib/python3.10/site-packages/airflow/example_dags/example_nested_branch_dag.py
[2024-04-04 20:49:44,530] {processor.py:651} INFO - DAG(s) dict_keys(['example_nested_branch_dag']) retrieved from /home/dimitri/dimitri/airflowalura/venv/lib/python3.10/site-packages/airflow/example_dags/example_nested_branch_dag.py
[2024-04-04 20:49:44,542] {logging_mixin.py:115} INFO - [2024-04-04 20:49:44,542] {dag.py:2379} INFO - Sync 1 DAGs
[2024-04-04 20:49:44,554] {logging_mixin.py:115} INFO - [2024-04-04 20:49:44,554] {dag.py:2927} INFO - Setting next_dagrun for example_nested_branch_dag to 2024-04-03T00:00:00+00:00, run_after=2024-04-04T00:00:00+00:00
[2024-04-04 20:49:44,570] {processor.py:161} INFO - Processing /home/dimitri/dimitri/airflowalura/venv/lib/python3.10/site-packages/airflow/example_dags/example_nested_branch_dag.py took 0.049 seconds
[2024-04-04 20:50:20,243] {processor.py:153} INFO - Started process (PID=575317) to work on /home/dimitri/dimitri/airflowalura/venv/lib/python3.10/site-packages/airflow/example_dags/example_nested_branch_dag.py
[2024-04-04 20:50:20,245] {processor.py:641} INFO - Processing file /home/dimitri/dimitri/airflowalura/venv/lib/python3.10/site-packages/airflow/example_dags/example_nested_branch_dag.py for tasks to queue
[2024-04-04 20:50:20,245] {logging_mixin.py:115} INFO - [2024-04-04 20:50:20,245] {dagbag.py:507} INFO - Filling up the DagBag from /home/dimitri/dimitri/airflowalura/venv/lib/python3.10/site-packages/airflow/example_dags/example_nested_branch_dag.py
[2024-04-04 20:50:20,251] {processor.py:651} INFO - DAG(s) dict_keys(['example_nested_branch_dag']) retrieved from /home/dimitri/dimitri/airflowalura/venv/lib/python3.10/site-packages/airflow/example_dags/example_nested_branch_dag.py
[2024-04-04 20:50:20,264] {logging_mixin.py:115} INFO - [2024-04-04 20:50:20,264] {dag.py:2379} INFO - Sync 1 DAGs
[2024-04-04 20:50:20,275] {logging_mixin.py:115} INFO - [2024-04-04 20:50:20,275] {dag.py:2927} INFO - Setting next_dagrun for example_nested_branch_dag to 2024-04-03T00:00:00+00:00, run_after=2024-04-04T00:00:00+00:00
[2024-04-04 20:50:20,289] {processor.py:161} INFO - Processing /home/dimitri/dimitri/airflowalura/venv/lib/python3.10/site-packages/airflow/example_dags/example_nested_branch_dag.py took 0.049 seconds
[2024-04-04 20:50:56,520] {processor.py:153} INFO - Started process (PID=575462) to work on /home/dimitri/dimitri/airflowalura/venv/lib/python3.10/site-packages/airflow/example_dags/example_nested_branch_dag.py
[2024-04-04 20:50:56,523] {processor.py:641} INFO - Processing file /home/dimitri/dimitri/airflowalura/venv/lib/python3.10/site-packages/airflow/example_dags/example_nested_branch_dag.py for tasks to queue
[2024-04-04 20:50:56,524] {logging_mixin.py:115} INFO - [2024-04-04 20:50:56,524] {dagbag.py:507} INFO - Filling up the DagBag from /home/dimitri/dimitri/airflowalura/venv/lib/python3.10/site-packages/airflow/example_dags/example_nested_branch_dag.py
[2024-04-04 20:50:56,532] {processor.py:651} INFO - DAG(s) dict_keys(['example_nested_branch_dag']) retrieved from /home/dimitri/dimitri/airflowalura/venv/lib/python3.10/site-packages/airflow/example_dags/example_nested_branch_dag.py
[2024-04-04 20:50:56,544] {logging_mixin.py:115} INFO - [2024-04-04 20:50:56,544] {dag.py:2379} INFO - Sync 1 DAGs
[2024-04-04 20:50:56,558] {logging_mixin.py:115} INFO - [2024-04-04 20:50:56,558] {dag.py:2927} INFO - Setting next_dagrun for example_nested_branch_dag to 2024-04-03T00:00:00+00:00, run_after=2024-04-04T00:00:00+00:00
[2024-04-04 20:50:56,575] {processor.py:161} INFO - Processing /home/dimitri/dimitri/airflowalura/venv/lib/python3.10/site-packages/airflow/example_dags/example_nested_branch_dag.py took 0.057 seconds
[2024-04-04 20:51:32,442] {processor.py:153} INFO - Started process (PID=575601) to work on /home/dimitri/dimitri/airflowalura/venv/lib/python3.10/site-packages/airflow/example_dags/example_nested_branch_dag.py
[2024-04-04 20:51:32,445] {processor.py:641} INFO - Processing file /home/dimitri/dimitri/airflowalura/venv/lib/python3.10/site-packages/airflow/example_dags/example_nested_branch_dag.py for tasks to queue
[2024-04-04 20:51:32,445] {logging_mixin.py:115} INFO - [2024-04-04 20:51:32,445] {dagbag.py:507} INFO - Filling up the DagBag from /home/dimitri/dimitri/airflowalura/venv/lib/python3.10/site-packages/airflow/example_dags/example_nested_branch_dag.py
[2024-04-04 20:51:32,452] {processor.py:651} INFO - DAG(s) dict_keys(['example_nested_branch_dag']) retrieved from /home/dimitri/dimitri/airflowalura/venv/lib/python3.10/site-packages/airflow/example_dags/example_nested_branch_dag.py
[2024-04-04 20:51:32,466] {logging_mixin.py:115} INFO - [2024-04-04 20:51:32,466] {dag.py:2379} INFO - Sync 1 DAGs
[2024-04-04 20:51:32,478] {logging_mixin.py:115} INFO - [2024-04-04 20:51:32,478] {dag.py:2927} INFO - Setting next_dagrun for example_nested_branch_dag to 2024-04-03T00:00:00+00:00, run_after=2024-04-04T00:00:00+00:00
[2024-04-04 20:51:32,494] {processor.py:161} INFO - Processing /home/dimitri/dimitri/airflowalura/venv/lib/python3.10/site-packages/airflow/example_dags/example_nested_branch_dag.py took 0.054 seconds
[2024-04-04 20:52:12,738] {processor.py:153} INFO - Started process (PID=575756) to work on /home/dimitri/dimitri/airflowalura/venv/lib/python3.10/site-packages/airflow/example_dags/example_nested_branch_dag.py
[2024-04-04 20:52:12,743] {processor.py:641} INFO - Processing file /home/dimitri/dimitri/airflowalura/venv/lib/python3.10/site-packages/airflow/example_dags/example_nested_branch_dag.py for tasks to queue
[2024-04-04 20:52:12,744] {logging_mixin.py:115} INFO - [2024-04-04 20:52:12,743] {dagbag.py:507} INFO - Filling up the DagBag from /home/dimitri/dimitri/airflowalura/venv/lib/python3.10/site-packages/airflow/example_dags/example_nested_branch_dag.py
[2024-04-04 20:52:12,750] {processor.py:651} INFO - DAG(s) dict_keys(['example_nested_branch_dag']) retrieved from /home/dimitri/dimitri/airflowalura/venv/lib/python3.10/site-packages/airflow/example_dags/example_nested_branch_dag.py
[2024-04-04 20:52:12,762] {logging_mixin.py:115} INFO - [2024-04-04 20:52:12,762] {dag.py:2379} INFO - Sync 1 DAGs
[2024-04-04 20:52:12,775] {logging_mixin.py:115} INFO - [2024-04-04 20:52:12,775] {dag.py:2927} INFO - Setting next_dagrun for example_nested_branch_dag to 2024-04-03T00:00:00+00:00, run_after=2024-04-04T00:00:00+00:00
[2024-04-04 20:52:12,794] {processor.py:161} INFO - Processing /home/dimitri/dimitri/airflowalura/venv/lib/python3.10/site-packages/airflow/example_dags/example_nested_branch_dag.py took 0.058 seconds
[2024-04-04 20:52:51,775] {processor.py:153} INFO - Started process (PID=575908) to work on /home/dimitri/dimitri/airflowalura/venv/lib/python3.10/site-packages/airflow/example_dags/example_nested_branch_dag.py
[2024-04-04 20:52:51,777] {processor.py:641} INFO - Processing file /home/dimitri/dimitri/airflowalura/venv/lib/python3.10/site-packages/airflow/example_dags/example_nested_branch_dag.py for tasks to queue
[2024-04-04 20:52:51,778] {logging_mixin.py:115} INFO - [2024-04-04 20:52:51,778] {dagbag.py:507} INFO - Filling up the DagBag from /home/dimitri/dimitri/airflowalura/venv/lib/python3.10/site-packages/airflow/example_dags/example_nested_branch_dag.py
[2024-04-04 20:52:51,784] {processor.py:651} INFO - DAG(s) dict_keys(['example_nested_branch_dag']) retrieved from /home/dimitri/dimitri/airflowalura/venv/lib/python3.10/site-packages/airflow/example_dags/example_nested_branch_dag.py
[2024-04-04 20:52:51,795] {logging_mixin.py:115} INFO - [2024-04-04 20:52:51,795] {dag.py:2379} INFO - Sync 1 DAGs
[2024-04-04 20:52:51,805] {logging_mixin.py:115} INFO - [2024-04-04 20:52:51,805] {dag.py:2927} INFO - Setting next_dagrun for example_nested_branch_dag to 2024-04-03T00:00:00+00:00, run_after=2024-04-04T00:00:00+00:00
[2024-04-04 20:52:51,821] {processor.py:161} INFO - Processing /home/dimitri/dimitri/airflowalura/venv/lib/python3.10/site-packages/airflow/example_dags/example_nested_branch_dag.py took 0.049 seconds
[2024-04-04 20:53:26,301] {processor.py:153} INFO - Started process (PID=576045) to work on /home/dimitri/dimitri/airflowalura/venv/lib/python3.10/site-packages/airflow/example_dags/example_nested_branch_dag.py
[2024-04-04 20:53:26,304] {processor.py:641} INFO - Processing file /home/dimitri/dimitri/airflowalura/venv/lib/python3.10/site-packages/airflow/example_dags/example_nested_branch_dag.py for tasks to queue
[2024-04-04 20:53:26,305] {logging_mixin.py:115} INFO - [2024-04-04 20:53:26,304] {dagbag.py:507} INFO - Filling up the DagBag from /home/dimitri/dimitri/airflowalura/venv/lib/python3.10/site-packages/airflow/example_dags/example_nested_branch_dag.py
[2024-04-04 20:53:26,310] {processor.py:651} INFO - DAG(s) dict_keys(['example_nested_branch_dag']) retrieved from /home/dimitri/dimitri/airflowalura/venv/lib/python3.10/site-packages/airflow/example_dags/example_nested_branch_dag.py
[2024-04-04 20:53:26,321] {logging_mixin.py:115} INFO - [2024-04-04 20:53:26,321] {dag.py:2379} INFO - Sync 1 DAGs
[2024-04-04 20:53:26,330] {logging_mixin.py:115} INFO - [2024-04-04 20:53:26,330] {dag.py:2927} INFO - Setting next_dagrun for example_nested_branch_dag to 2024-04-03T00:00:00+00:00, run_after=2024-04-04T00:00:00+00:00
[2024-04-04 20:53:26,346] {processor.py:161} INFO - Processing /home/dimitri/dimitri/airflowalura/venv/lib/python3.10/site-packages/airflow/example_dags/example_nested_branch_dag.py took 0.047 seconds
[2024-04-04 20:54:05,238] {processor.py:153} INFO - Started process (PID=576192) to work on /home/dimitri/dimitri/airflowalura/venv/lib/python3.10/site-packages/airflow/example_dags/example_nested_branch_dag.py
[2024-04-04 20:54:05,240] {processor.py:641} INFO - Processing file /home/dimitri/dimitri/airflowalura/venv/lib/python3.10/site-packages/airflow/example_dags/example_nested_branch_dag.py for tasks to queue
[2024-04-04 20:54:05,240] {logging_mixin.py:115} INFO - [2024-04-04 20:54:05,240] {dagbag.py:507} INFO - Filling up the DagBag from /home/dimitri/dimitri/airflowalura/venv/lib/python3.10/site-packages/airflow/example_dags/example_nested_branch_dag.py
[2024-04-04 20:54:05,247] {processor.py:651} INFO - DAG(s) dict_keys(['example_nested_branch_dag']) retrieved from /home/dimitri/dimitri/airflowalura/venv/lib/python3.10/site-packages/airflow/example_dags/example_nested_branch_dag.py
[2024-04-04 20:54:05,258] {logging_mixin.py:115} INFO - [2024-04-04 20:54:05,258] {dag.py:2379} INFO - Sync 1 DAGs
[2024-04-04 20:54:05,268] {logging_mixin.py:115} INFO - [2024-04-04 20:54:05,268] {dag.py:2927} INFO - Setting next_dagrun for example_nested_branch_dag to 2024-04-03T00:00:00+00:00, run_after=2024-04-04T00:00:00+00:00
[2024-04-04 20:54:05,284] {processor.py:161} INFO - Processing /home/dimitri/dimitri/airflowalura/venv/lib/python3.10/site-packages/airflow/example_dags/example_nested_branch_dag.py took 0.049 seconds
[2024-04-04 20:54:40,284] {processor.py:153} INFO - Started process (PID=576332) to work on /home/dimitri/dimitri/airflowalura/venv/lib/python3.10/site-packages/airflow/example_dags/example_nested_branch_dag.py
[2024-04-04 20:54:40,286] {processor.py:641} INFO - Processing file /home/dimitri/dimitri/airflowalura/venv/lib/python3.10/site-packages/airflow/example_dags/example_nested_branch_dag.py for tasks to queue
[2024-04-04 20:54:40,287] {logging_mixin.py:115} INFO - [2024-04-04 20:54:40,287] {dagbag.py:507} INFO - Filling up the DagBag from /home/dimitri/dimitri/airflowalura/venv/lib/python3.10/site-packages/airflow/example_dags/example_nested_branch_dag.py
[2024-04-04 20:54:40,292] {processor.py:651} INFO - DAG(s) dict_keys(['example_nested_branch_dag']) retrieved from /home/dimitri/dimitri/airflowalura/venv/lib/python3.10/site-packages/airflow/example_dags/example_nested_branch_dag.py
[2024-04-04 20:54:40,303] {logging_mixin.py:115} INFO - [2024-04-04 20:54:40,303] {dag.py:2379} INFO - Sync 1 DAGs
[2024-04-04 20:54:40,313] {logging_mixin.py:115} INFO - [2024-04-04 20:54:40,313] {dag.py:2927} INFO - Setting next_dagrun for example_nested_branch_dag to 2024-04-03T00:00:00+00:00, run_after=2024-04-04T00:00:00+00:00
[2024-04-04 20:54:40,329] {processor.py:161} INFO - Processing /home/dimitri/dimitri/airflowalura/venv/lib/python3.10/site-packages/airflow/example_dags/example_nested_branch_dag.py took 0.046 seconds
[2024-04-04 20:55:16,348] {processor.py:153} INFO - Started process (PID=576471) to work on /home/dimitri/dimitri/airflowalura/venv/lib/python3.10/site-packages/airflow/example_dags/example_nested_branch_dag.py
[2024-04-04 20:55:16,351] {processor.py:641} INFO - Processing file /home/dimitri/dimitri/airflowalura/venv/lib/python3.10/site-packages/airflow/example_dags/example_nested_branch_dag.py for tasks to queue
[2024-04-04 20:55:16,351] {logging_mixin.py:115} INFO - [2024-04-04 20:55:16,351] {dagbag.py:507} INFO - Filling up the DagBag from /home/dimitri/dimitri/airflowalura/venv/lib/python3.10/site-packages/airflow/example_dags/example_nested_branch_dag.py
[2024-04-04 20:55:16,357] {processor.py:651} INFO - DAG(s) dict_keys(['example_nested_branch_dag']) retrieved from /home/dimitri/dimitri/airflowalura/venv/lib/python3.10/site-packages/airflow/example_dags/example_nested_branch_dag.py
[2024-04-04 20:55:16,368] {logging_mixin.py:115} INFO - [2024-04-04 20:55:16,368] {dag.py:2379} INFO - Sync 1 DAGs
[2024-04-04 20:55:16,379] {logging_mixin.py:115} INFO - [2024-04-04 20:55:16,379] {dag.py:2927} INFO - Setting next_dagrun for example_nested_branch_dag to 2024-04-03T00:00:00+00:00, run_after=2024-04-04T00:00:00+00:00
[2024-04-04 20:55:16,394] {processor.py:161} INFO - Processing /home/dimitri/dimitri/airflowalura/venv/lib/python3.10/site-packages/airflow/example_dags/example_nested_branch_dag.py took 0.050 seconds
[2024-04-04 20:55:54,054] {processor.py:153} INFO - Started process (PID=576624) to work on /home/dimitri/dimitri/airflowalura/venv/lib/python3.10/site-packages/airflow/example_dags/example_nested_branch_dag.py
[2024-04-04 20:55:54,055] {processor.py:641} INFO - Processing file /home/dimitri/dimitri/airflowalura/venv/lib/python3.10/site-packages/airflow/example_dags/example_nested_branch_dag.py for tasks to queue
[2024-04-04 20:55:54,056] {logging_mixin.py:115} INFO - [2024-04-04 20:55:54,056] {dagbag.py:507} INFO - Filling up the DagBag from /home/dimitri/dimitri/airflowalura/venv/lib/python3.10/site-packages/airflow/example_dags/example_nested_branch_dag.py
[2024-04-04 20:55:54,062] {processor.py:651} INFO - DAG(s) dict_keys(['example_nested_branch_dag']) retrieved from /home/dimitri/dimitri/airflowalura/venv/lib/python3.10/site-packages/airflow/example_dags/example_nested_branch_dag.py
[2024-04-04 20:55:54,076] {logging_mixin.py:115} INFO - [2024-04-04 20:55:54,076] {dag.py:2379} INFO - Sync 1 DAGs
[2024-04-04 20:55:54,086] {logging_mixin.py:115} INFO - [2024-04-04 20:55:54,086] {dag.py:2927} INFO - Setting next_dagrun for example_nested_branch_dag to 2024-04-03T00:00:00+00:00, run_after=2024-04-04T00:00:00+00:00
[2024-04-04 20:55:54,102] {processor.py:161} INFO - Processing /home/dimitri/dimitri/airflowalura/venv/lib/python3.10/site-packages/airflow/example_dags/example_nested_branch_dag.py took 0.050 seconds
[2024-04-04 20:56:31,600] {processor.py:153} INFO - Started process (PID=576770) to work on /home/dimitri/dimitri/airflowalura/venv/lib/python3.10/site-packages/airflow/example_dags/example_nested_branch_dag.py
[2024-04-04 20:56:31,602] {processor.py:641} INFO - Processing file /home/dimitri/dimitri/airflowalura/venv/lib/python3.10/site-packages/airflow/example_dags/example_nested_branch_dag.py for tasks to queue
[2024-04-04 20:56:31,603] {logging_mixin.py:115} INFO - [2024-04-04 20:56:31,602] {dagbag.py:507} INFO - Filling up the DagBag from /home/dimitri/dimitri/airflowalura/venv/lib/python3.10/site-packages/airflow/example_dags/example_nested_branch_dag.py
[2024-04-04 20:56:31,612] {processor.py:651} INFO - DAG(s) dict_keys(['example_nested_branch_dag']) retrieved from /home/dimitri/dimitri/airflowalura/venv/lib/python3.10/site-packages/airflow/example_dags/example_nested_branch_dag.py
[2024-04-04 20:56:31,621] {logging_mixin.py:115} INFO - [2024-04-04 20:56:31,621] {dag.py:2379} INFO - Sync 1 DAGs
[2024-04-04 20:56:31,634] {logging_mixin.py:115} INFO - [2024-04-04 20:56:31,634] {dag.py:2927} INFO - Setting next_dagrun for example_nested_branch_dag to 2024-04-03T00:00:00+00:00, run_after=2024-04-04T00:00:00+00:00
[2024-04-04 20:56:31,651] {processor.py:161} INFO - Processing /home/dimitri/dimitri/airflowalura/venv/lib/python3.10/site-packages/airflow/example_dags/example_nested_branch_dag.py took 0.054 seconds
[2024-04-04 20:57:08,477] {processor.py:153} INFO - Started process (PID=576911) to work on /home/dimitri/dimitri/airflowalura/venv/lib/python3.10/site-packages/airflow/example_dags/example_nested_branch_dag.py
[2024-04-04 20:57:08,479] {processor.py:641} INFO - Processing file /home/dimitri/dimitri/airflowalura/venv/lib/python3.10/site-packages/airflow/example_dags/example_nested_branch_dag.py for tasks to queue
[2024-04-04 20:57:08,480] {logging_mixin.py:115} INFO - [2024-04-04 20:57:08,480] {dagbag.py:507} INFO - Filling up the DagBag from /home/dimitri/dimitri/airflowalura/venv/lib/python3.10/site-packages/airflow/example_dags/example_nested_branch_dag.py
[2024-04-04 20:57:08,488] {processor.py:651} INFO - DAG(s) dict_keys(['example_nested_branch_dag']) retrieved from /home/dimitri/dimitri/airflowalura/venv/lib/python3.10/site-packages/airflow/example_dags/example_nested_branch_dag.py
[2024-04-04 20:57:08,497] {logging_mixin.py:115} INFO - [2024-04-04 20:57:08,497] {dag.py:2379} INFO - Sync 1 DAGs
[2024-04-04 20:57:08,509] {logging_mixin.py:115} INFO - [2024-04-04 20:57:08,509] {dag.py:2927} INFO - Setting next_dagrun for example_nested_branch_dag to 2024-04-03T00:00:00+00:00, run_after=2024-04-04T00:00:00+00:00
[2024-04-04 20:57:08,524] {processor.py:161} INFO - Processing /home/dimitri/dimitri/airflowalura/venv/lib/python3.10/site-packages/airflow/example_dags/example_nested_branch_dag.py took 0.049 seconds
[2024-04-04 20:57:44,744] {processor.py:153} INFO - Started process (PID=577056) to work on /home/dimitri/dimitri/airflowalura/venv/lib/python3.10/site-packages/airflow/example_dags/example_nested_branch_dag.py
[2024-04-04 20:57:44,748] {processor.py:641} INFO - Processing file /home/dimitri/dimitri/airflowalura/venv/lib/python3.10/site-packages/airflow/example_dags/example_nested_branch_dag.py for tasks to queue
[2024-04-04 20:57:44,748] {logging_mixin.py:115} INFO - [2024-04-04 20:57:44,748] {dagbag.py:507} INFO - Filling up the DagBag from /home/dimitri/dimitri/airflowalura/venv/lib/python3.10/site-packages/airflow/example_dags/example_nested_branch_dag.py
[2024-04-04 20:57:44,762] {processor.py:651} INFO - DAG(s) dict_keys(['example_nested_branch_dag']) retrieved from /home/dimitri/dimitri/airflowalura/venv/lib/python3.10/site-packages/airflow/example_dags/example_nested_branch_dag.py
[2024-04-04 20:57:44,783] {logging_mixin.py:115} INFO - [2024-04-04 20:57:44,783] {dag.py:2379} INFO - Sync 1 DAGs
[2024-04-04 20:57:44,804] {logging_mixin.py:115} INFO - [2024-04-04 20:57:44,804] {dag.py:2927} INFO - Setting next_dagrun for example_nested_branch_dag to 2024-04-03T00:00:00+00:00, run_after=2024-04-04T00:00:00+00:00
[2024-04-04 20:57:44,824] {processor.py:161} INFO - Processing /home/dimitri/dimitri/airflowalura/venv/lib/python3.10/site-packages/airflow/example_dags/example_nested_branch_dag.py took 0.082 seconds
[2024-04-04 20:58:20,410] {processor.py:153} INFO - Started process (PID=577194) to work on /home/dimitri/dimitri/airflowalura/venv/lib/python3.10/site-packages/airflow/example_dags/example_nested_branch_dag.py
[2024-04-04 20:58:20,413] {processor.py:641} INFO - Processing file /home/dimitri/dimitri/airflowalura/venv/lib/python3.10/site-packages/airflow/example_dags/example_nested_branch_dag.py for tasks to queue
[2024-04-04 20:58:20,413] {logging_mixin.py:115} INFO - [2024-04-04 20:58:20,413] {dagbag.py:507} INFO - Filling up the DagBag from /home/dimitri/dimitri/airflowalura/venv/lib/python3.10/site-packages/airflow/example_dags/example_nested_branch_dag.py
[2024-04-04 20:58:20,422] {processor.py:651} INFO - DAG(s) dict_keys(['example_nested_branch_dag']) retrieved from /home/dimitri/dimitri/airflowalura/venv/lib/python3.10/site-packages/airflow/example_dags/example_nested_branch_dag.py
[2024-04-04 20:58:20,433] {logging_mixin.py:115} INFO - [2024-04-04 20:58:20,433] {dag.py:2379} INFO - Sync 1 DAGs
[2024-04-04 20:58:20,444] {logging_mixin.py:115} INFO - [2024-04-04 20:58:20,444] {dag.py:2927} INFO - Setting next_dagrun for example_nested_branch_dag to 2024-04-03T00:00:00+00:00, run_after=2024-04-04T00:00:00+00:00
[2024-04-04 20:58:20,459] {processor.py:161} INFO - Processing /home/dimitri/dimitri/airflowalura/venv/lib/python3.10/site-packages/airflow/example_dags/example_nested_branch_dag.py took 0.052 seconds
[2024-04-04 20:58:56,569] {processor.py:153} INFO - Started process (PID=577335) to work on /home/dimitri/dimitri/airflowalura/venv/lib/python3.10/site-packages/airflow/example_dags/example_nested_branch_dag.py
[2024-04-04 20:58:56,572] {processor.py:641} INFO - Processing file /home/dimitri/dimitri/airflowalura/venv/lib/python3.10/site-packages/airflow/example_dags/example_nested_branch_dag.py for tasks to queue
[2024-04-04 20:58:56,572] {logging_mixin.py:115} INFO - [2024-04-04 20:58:56,572] {dagbag.py:507} INFO - Filling up the DagBag from /home/dimitri/dimitri/airflowalura/venv/lib/python3.10/site-packages/airflow/example_dags/example_nested_branch_dag.py
[2024-04-04 20:58:56,580] {processor.py:651} INFO - DAG(s) dict_keys(['example_nested_branch_dag']) retrieved from /home/dimitri/dimitri/airflowalura/venv/lib/python3.10/site-packages/airflow/example_dags/example_nested_branch_dag.py
[2024-04-04 20:58:56,590] {logging_mixin.py:115} INFO - [2024-04-04 20:58:56,590] {dag.py:2379} INFO - Sync 1 DAGs
[2024-04-04 20:58:56,601] {logging_mixin.py:115} INFO - [2024-04-04 20:58:56,601] {dag.py:2927} INFO - Setting next_dagrun for example_nested_branch_dag to 2024-04-03T00:00:00+00:00, run_after=2024-04-04T00:00:00+00:00
[2024-04-04 20:58:56,619] {processor.py:161} INFO - Processing /home/dimitri/dimitri/airflowalura/venv/lib/python3.10/site-packages/airflow/example_dags/example_nested_branch_dag.py took 0.052 seconds
[2024-04-04 20:59:32,476] {processor.py:153} INFO - Started process (PID=577480) to work on /home/dimitri/dimitri/airflowalura/venv/lib/python3.10/site-packages/airflow/example_dags/example_nested_branch_dag.py
[2024-04-04 20:59:32,479] {processor.py:641} INFO - Processing file /home/dimitri/dimitri/airflowalura/venv/lib/python3.10/site-packages/airflow/example_dags/example_nested_branch_dag.py for tasks to queue
[2024-04-04 20:59:32,479] {logging_mixin.py:115} INFO - [2024-04-04 20:59:32,479] {dagbag.py:507} INFO - Filling up the DagBag from /home/dimitri/dimitri/airflowalura/venv/lib/python3.10/site-packages/airflow/example_dags/example_nested_branch_dag.py
[2024-04-04 20:59:32,487] {processor.py:651} INFO - DAG(s) dict_keys(['example_nested_branch_dag']) retrieved from /home/dimitri/dimitri/airflowalura/venv/lib/python3.10/site-packages/airflow/example_dags/example_nested_branch_dag.py
[2024-04-04 20:59:32,498] {logging_mixin.py:115} INFO - [2024-04-04 20:59:32,498] {dag.py:2379} INFO - Sync 1 DAGs
[2024-04-04 20:59:32,508] {logging_mixin.py:115} INFO - [2024-04-04 20:59:32,508] {dag.py:2927} INFO - Setting next_dagrun for example_nested_branch_dag to 2024-04-03T00:00:00+00:00, run_after=2024-04-04T00:00:00+00:00
[2024-04-04 20:59:32,523] {processor.py:161} INFO - Processing /home/dimitri/dimitri/airflowalura/venv/lib/python3.10/site-packages/airflow/example_dags/example_nested_branch_dag.py took 0.050 seconds
