[2024-04-04 20:28:54,161] {processor.py:153} INFO - Started process (PID=569867) to work on /home/dimitri/dimitri/airflowalura/venv/lib/python3.10/site-packages/airflow/example_dags/example_branch_datetime_operator.py
[2024-04-04 20:28:54,162] {processor.py:641} INFO - Processing file /home/dimitri/dimitri/airflowalura/venv/lib/python3.10/site-packages/airflow/example_dags/example_branch_datetime_operator.py for tasks to queue
[2024-04-04 20:28:54,162] {logging_mixin.py:115} INFO - [2024-04-04 20:28:54,162] {dagbag.py:507} INFO - Filling up the DagBag from /home/dimitri/dimitri/airflowalura/venv/lib/python3.10/site-packages/airflow/example_dags/example_branch_datetime_operator.py
[2024-04-04 20:28:54,173] {processor.py:651} INFO - DAG(s) dict_keys(['example_branch_datetime_operator_2']) retrieved from /home/dimitri/dimitri/airflowalura/venv/lib/python3.10/site-packages/airflow/example_dags/example_branch_datetime_operator.py
[2024-04-04 20:28:54,267] {logging_mixin.py:115} INFO - [2024-04-04 20:28:54,267] {manager.py:508} INFO - Created Permission View: can read on DAG:example_branch_datetime_operator_2
[2024-04-04 20:28:54,281] {logging_mixin.py:115} INFO - [2024-04-04 20:28:54,281] {manager.py:508} INFO - Created Permission View: can edit on DAG:example_branch_datetime_operator_2
[2024-04-04 20:28:54,298] {logging_mixin.py:115} INFO - [2024-04-04 20:28:54,298] {manager.py:508} INFO - Created Permission View: can delete on DAG:example_branch_datetime_operator_2
[2024-04-04 20:28:54,298] {logging_mixin.py:115} INFO - [2024-04-04 20:28:54,298] {dag.py:2379} INFO - Sync 1 DAGs
[2024-04-04 20:28:54,304] {logging_mixin.py:115} INFO - [2024-04-04 20:28:54,304] {dag.py:2398} INFO - Creating ORM DAG for example_branch_datetime_operator_2
[2024-04-04 20:28:54,311] {logging_mixin.py:115} INFO - [2024-04-04 20:28:54,311] {dag.py:2927} INFO - Setting next_dagrun for example_branch_datetime_operator_2 to 2024-04-03T00:00:00+00:00, run_after=2024-04-04T00:00:00+00:00
[2024-04-04 20:28:54,331] {processor.py:161} INFO - Processing /home/dimitri/dimitri/airflowalura/venv/lib/python3.10/site-packages/airflow/example_dags/example_branch_datetime_operator.py took 0.172 seconds
[2024-04-04 20:29:30,394] {processor.py:153} INFO - Started process (PID=569936) to work on /home/dimitri/dimitri/airflowalura/venv/lib/python3.10/site-packages/airflow/example_dags/example_branch_datetime_operator.py
[2024-04-04 20:29:30,397] {processor.py:641} INFO - Processing file /home/dimitri/dimitri/airflowalura/venv/lib/python3.10/site-packages/airflow/example_dags/example_branch_datetime_operator.py for tasks to queue
[2024-04-04 20:29:30,397] {logging_mixin.py:115} INFO - [2024-04-04 20:29:30,397] {dagbag.py:507} INFO - Filling up the DagBag from /home/dimitri/dimitri/airflowalura/venv/lib/python3.10/site-packages/airflow/example_dags/example_branch_datetime_operator.py
[2024-04-04 20:29:30,402] {processor.py:651} INFO - DAG(s) dict_keys(['example_branch_datetime_operator_2']) retrieved from /home/dimitri/dimitri/airflowalura/venv/lib/python3.10/site-packages/airflow/example_dags/example_branch_datetime_operator.py
[2024-04-04 20:29:30,411] {logging_mixin.py:115} INFO - [2024-04-04 20:29:30,411] {dag.py:2379} INFO - Sync 1 DAGs
[2024-04-04 20:29:30,444] {logging_mixin.py:115} INFO - [2024-04-04 20:29:30,444] {dag.py:2927} INFO - Setting next_dagrun for example_branch_datetime_operator_2 to 2024-04-03T00:00:00+00:00, run_after=2024-04-04T00:00:00+00:00
[2024-04-04 20:29:30,464] {processor.py:161} INFO - Processing /home/dimitri/dimitri/airflowalura/venv/lib/python3.10/site-packages/airflow/example_dags/example_branch_datetime_operator.py took 0.072 seconds
[2024-04-04 20:30:05,260] {processor.py:153} INFO - Started process (PID=570325) to work on /home/dimitri/dimitri/airflowalura/venv/lib/python3.10/site-packages/airflow/example_dags/example_branch_datetime_operator.py
[2024-04-04 20:30:05,261] {processor.py:641} INFO - Processing file /home/dimitri/dimitri/airflowalura/venv/lib/python3.10/site-packages/airflow/example_dags/example_branch_datetime_operator.py for tasks to queue
[2024-04-04 20:30:05,262] {logging_mixin.py:115} INFO - [2024-04-04 20:30:05,262] {dagbag.py:507} INFO - Filling up the DagBag from /home/dimitri/dimitri/airflowalura/venv/lib/python3.10/site-packages/airflow/example_dags/example_branch_datetime_operator.py
[2024-04-04 20:30:05,267] {processor.py:651} INFO - DAG(s) dict_keys(['example_branch_datetime_operator_2']) retrieved from /home/dimitri/dimitri/airflowalura/venv/lib/python3.10/site-packages/airflow/example_dags/example_branch_datetime_operator.py
[2024-04-04 20:30:05,279] {logging_mixin.py:115} INFO - [2024-04-04 20:30:05,279] {dag.py:2379} INFO - Sync 1 DAGs
[2024-04-04 20:30:05,293] {logging_mixin.py:115} INFO - [2024-04-04 20:30:05,292] {dag.py:2927} INFO - Setting next_dagrun for example_branch_datetime_operator_2 to 2024-04-03T00:00:00+00:00, run_after=2024-04-04T00:00:00+00:00
[2024-04-04 20:30:05,310] {processor.py:161} INFO - Processing /home/dimitri/dimitri/airflowalura/venv/lib/python3.10/site-packages/airflow/example_dags/example_branch_datetime_operator.py took 0.052 seconds
[2024-04-04 20:30:35,685] {processor.py:153} INFO - Started process (PID=570457) to work on /home/dimitri/dimitri/airflowalura/venv/lib/python3.10/site-packages/airflow/example_dags/example_branch_datetime_operator.py
[2024-04-04 20:30:35,686] {processor.py:641} INFO - Processing file /home/dimitri/dimitri/airflowalura/venv/lib/python3.10/site-packages/airflow/example_dags/example_branch_datetime_operator.py for tasks to queue
[2024-04-04 20:30:35,686] {logging_mixin.py:115} INFO - [2024-04-04 20:30:35,686] {dagbag.py:507} INFO - Filling up the DagBag from /home/dimitri/dimitri/airflowalura/venv/lib/python3.10/site-packages/airflow/example_dags/example_branch_datetime_operator.py
[2024-04-04 20:30:35,691] {processor.py:651} INFO - DAG(s) dict_keys(['example_branch_datetime_operator_2']) retrieved from /home/dimitri/dimitri/airflowalura/venv/lib/python3.10/site-packages/airflow/example_dags/example_branch_datetime_operator.py
[2024-04-04 20:30:35,700] {logging_mixin.py:115} INFO - [2024-04-04 20:30:35,700] {dag.py:2379} INFO - Sync 1 DAGs
[2024-04-04 20:30:35,712] {logging_mixin.py:115} INFO - [2024-04-04 20:30:35,712] {dag.py:2927} INFO - Setting next_dagrun for example_branch_datetime_operator_2 to 2024-04-03T00:00:00+00:00, run_after=2024-04-04T00:00:00+00:00
[2024-04-04 20:30:35,727] {processor.py:161} INFO - Processing /home/dimitri/dimitri/airflowalura/venv/lib/python3.10/site-packages/airflow/example_dags/example_branch_datetime_operator.py took 0.044 seconds
[2024-04-04 20:31:07,303] {processor.py:153} INFO - Started process (PID=570579) to work on /home/dimitri/dimitri/airflowalura/venv/lib/python3.10/site-packages/airflow/example_dags/example_branch_datetime_operator.py
[2024-04-04 20:31:07,305] {processor.py:641} INFO - Processing file /home/dimitri/dimitri/airflowalura/venv/lib/python3.10/site-packages/airflow/example_dags/example_branch_datetime_operator.py for tasks to queue
[2024-04-04 20:31:07,305] {logging_mixin.py:115} INFO - [2024-04-04 20:31:07,305] {dagbag.py:507} INFO - Filling up the DagBag from /home/dimitri/dimitri/airflowalura/venv/lib/python3.10/site-packages/airflow/example_dags/example_branch_datetime_operator.py
[2024-04-04 20:31:07,310] {processor.py:651} INFO - DAG(s) dict_keys(['example_branch_datetime_operator_2']) retrieved from /home/dimitri/dimitri/airflowalura/venv/lib/python3.10/site-packages/airflow/example_dags/example_branch_datetime_operator.py
[2024-04-04 20:31:07,320] {logging_mixin.py:115} INFO - [2024-04-04 20:31:07,320] {dag.py:2379} INFO - Sync 1 DAGs
[2024-04-04 20:31:07,331] {logging_mixin.py:115} INFO - [2024-04-04 20:31:07,331] {dag.py:2927} INFO - Setting next_dagrun for example_branch_datetime_operator_2 to 2024-04-03T00:00:00+00:00, run_after=2024-04-04T00:00:00+00:00
[2024-04-04 20:31:07,348] {processor.py:161} INFO - Processing /home/dimitri/dimitri/airflowalura/venv/lib/python3.10/site-packages/airflow/example_dags/example_branch_datetime_operator.py took 0.047 seconds
[2024-04-04 20:31:38,506] {processor.py:153} INFO - Started process (PID=570702) to work on /home/dimitri/dimitri/airflowalura/venv/lib/python3.10/site-packages/airflow/example_dags/example_branch_datetime_operator.py
[2024-04-04 20:31:38,509] {processor.py:641} INFO - Processing file /home/dimitri/dimitri/airflowalura/venv/lib/python3.10/site-packages/airflow/example_dags/example_branch_datetime_operator.py for tasks to queue
[2024-04-04 20:31:38,509] {logging_mixin.py:115} INFO - [2024-04-04 20:31:38,509] {dagbag.py:507} INFO - Filling up the DagBag from /home/dimitri/dimitri/airflowalura/venv/lib/python3.10/site-packages/airflow/example_dags/example_branch_datetime_operator.py
[2024-04-04 20:31:38,514] {processor.py:651} INFO - DAG(s) dict_keys(['example_branch_datetime_operator_2']) retrieved from /home/dimitri/dimitri/airflowalura/venv/lib/python3.10/site-packages/airflow/example_dags/example_branch_datetime_operator.py
[2024-04-04 20:31:38,522] {logging_mixin.py:115} INFO - [2024-04-04 20:31:38,522] {dag.py:2379} INFO - Sync 1 DAGs
[2024-04-04 20:31:38,533] {logging_mixin.py:115} INFO - [2024-04-04 20:31:38,533] {dag.py:2927} INFO - Setting next_dagrun for example_branch_datetime_operator_2 to 2024-04-03T00:00:00+00:00, run_after=2024-04-04T00:00:00+00:00
[2024-04-04 20:31:38,547] {processor.py:161} INFO - Processing /home/dimitri/dimitri/airflowalura/venv/lib/python3.10/site-packages/airflow/example_dags/example_branch_datetime_operator.py took 0.044 seconds
[2024-04-04 20:32:09,421] {processor.py:153} INFO - Started process (PID=570825) to work on /home/dimitri/dimitri/airflowalura/venv/lib/python3.10/site-packages/airflow/example_dags/example_branch_datetime_operator.py
[2024-04-04 20:32:09,426] {processor.py:641} INFO - Processing file /home/dimitri/dimitri/airflowalura/venv/lib/python3.10/site-packages/airflow/example_dags/example_branch_datetime_operator.py for tasks to queue
[2024-04-04 20:32:09,426] {logging_mixin.py:115} INFO - [2024-04-04 20:32:09,426] {dagbag.py:507} INFO - Filling up the DagBag from /home/dimitri/dimitri/airflowalura/venv/lib/python3.10/site-packages/airflow/example_dags/example_branch_datetime_operator.py
[2024-04-04 20:32:09,431] {processor.py:651} INFO - DAG(s) dict_keys(['example_branch_datetime_operator_2']) retrieved from /home/dimitri/dimitri/airflowalura/venv/lib/python3.10/site-packages/airflow/example_dags/example_branch_datetime_operator.py
[2024-04-04 20:32:09,444] {logging_mixin.py:115} INFO - [2024-04-04 20:32:09,444] {dag.py:2379} INFO - Sync 1 DAGs
[2024-04-04 20:32:09,457] {logging_mixin.py:115} INFO - [2024-04-04 20:32:09,457] {dag.py:2927} INFO - Setting next_dagrun for example_branch_datetime_operator_2 to 2024-04-03T00:00:00+00:00, run_after=2024-04-04T00:00:00+00:00
[2024-04-04 20:32:09,472] {processor.py:161} INFO - Processing /home/dimitri/dimitri/airflowalura/venv/lib/python3.10/site-packages/airflow/example_dags/example_branch_datetime_operator.py took 0.053 seconds
[2024-04-04 20:32:43,497] {processor.py:153} INFO - Started process (PID=571105) to work on /home/dimitri/dimitri/airflowalura/venv/lib/python3.10/site-packages/airflow/example_dags/example_branch_datetime_operator.py
[2024-04-04 20:32:43,498] {processor.py:641} INFO - Processing file /home/dimitri/dimitri/airflowalura/venv/lib/python3.10/site-packages/airflow/example_dags/example_branch_datetime_operator.py for tasks to queue
[2024-04-04 20:32:43,499] {logging_mixin.py:115} INFO - [2024-04-04 20:32:43,499] {dagbag.py:507} INFO - Filling up the DagBag from /home/dimitri/dimitri/airflowalura/venv/lib/python3.10/site-packages/airflow/example_dags/example_branch_datetime_operator.py
[2024-04-04 20:32:43,508] {processor.py:651} INFO - DAG(s) dict_keys(['example_branch_datetime_operator_2']) retrieved from /home/dimitri/dimitri/airflowalura/venv/lib/python3.10/site-packages/airflow/example_dags/example_branch_datetime_operator.py
[2024-04-04 20:32:43,537] {logging_mixin.py:115} INFO - [2024-04-04 20:32:43,537] {dag.py:2379} INFO - Sync 1 DAGs
[2024-04-04 20:32:43,564] {logging_mixin.py:115} INFO - [2024-04-04 20:32:43,564] {dag.py:2927} INFO - Setting next_dagrun for example_branch_datetime_operator_2 to 2024-04-03T00:00:00+00:00, run_after=2024-04-04T00:00:00+00:00
[2024-04-04 20:32:43,586] {processor.py:161} INFO - Processing /home/dimitri/dimitri/airflowalura/venv/lib/python3.10/site-packages/airflow/example_dags/example_branch_datetime_operator.py took 0.090 seconds
[2024-04-04 20:33:15,304] {processor.py:153} INFO - Started process (PID=571233) to work on /home/dimitri/dimitri/airflowalura/venv/lib/python3.10/site-packages/airflow/example_dags/example_branch_datetime_operator.py
[2024-04-04 20:33:15,306] {processor.py:641} INFO - Processing file /home/dimitri/dimitri/airflowalura/venv/lib/python3.10/site-packages/airflow/example_dags/example_branch_datetime_operator.py for tasks to queue
[2024-04-04 20:33:15,306] {logging_mixin.py:115} INFO - [2024-04-04 20:33:15,306] {dagbag.py:507} INFO - Filling up the DagBag from /home/dimitri/dimitri/airflowalura/venv/lib/python3.10/site-packages/airflow/example_dags/example_branch_datetime_operator.py
[2024-04-04 20:33:15,312] {processor.py:651} INFO - DAG(s) dict_keys(['example_branch_datetime_operator_2']) retrieved from /home/dimitri/dimitri/airflowalura/venv/lib/python3.10/site-packages/airflow/example_dags/example_branch_datetime_operator.py
[2024-04-04 20:33:15,324] {logging_mixin.py:115} INFO - [2024-04-04 20:33:15,324] {dag.py:2379} INFO - Sync 1 DAGs
[2024-04-04 20:33:15,340] {logging_mixin.py:115} INFO - [2024-04-04 20:33:15,340] {dag.py:2927} INFO - Setting next_dagrun for example_branch_datetime_operator_2 to 2024-04-03T00:00:00+00:00, run_after=2024-04-04T00:00:00+00:00
[2024-04-04 20:33:15,405] {processor.py:161} INFO - Processing /home/dimitri/dimitri/airflowalura/venv/lib/python3.10/site-packages/airflow/example_dags/example_branch_datetime_operator.py took 0.104 seconds
[2024-04-04 20:33:48,615] {processor.py:153} INFO - Started process (PID=571367) to work on /home/dimitri/dimitri/airflowalura/venv/lib/python3.10/site-packages/airflow/example_dags/example_branch_datetime_operator.py
[2024-04-04 20:33:48,617] {processor.py:641} INFO - Processing file /home/dimitri/dimitri/airflowalura/venv/lib/python3.10/site-packages/airflow/example_dags/example_branch_datetime_operator.py for tasks to queue
[2024-04-04 20:33:48,618] {logging_mixin.py:115} INFO - [2024-04-04 20:33:48,618] {dagbag.py:507} INFO - Filling up the DagBag from /home/dimitri/dimitri/airflowalura/venv/lib/python3.10/site-packages/airflow/example_dags/example_branch_datetime_operator.py
[2024-04-04 20:33:48,623] {processor.py:651} INFO - DAG(s) dict_keys(['example_branch_datetime_operator_2']) retrieved from /home/dimitri/dimitri/airflowalura/venv/lib/python3.10/site-packages/airflow/example_dags/example_branch_datetime_operator.py
[2024-04-04 20:33:48,637] {logging_mixin.py:115} INFO - [2024-04-04 20:33:48,637] {dag.py:2379} INFO - Sync 1 DAGs
[2024-04-04 20:33:48,649] {logging_mixin.py:115} INFO - [2024-04-04 20:33:48,649] {dag.py:2927} INFO - Setting next_dagrun for example_branch_datetime_operator_2 to 2024-04-03T00:00:00+00:00, run_after=2024-04-04T00:00:00+00:00
[2024-04-04 20:33:48,665] {processor.py:161} INFO - Processing /home/dimitri/dimitri/airflowalura/venv/lib/python3.10/site-packages/airflow/example_dags/example_branch_datetime_operator.py took 0.052 seconds
[2024-04-04 20:34:21,163] {processor.py:153} INFO - Started process (PID=571496) to work on /home/dimitri/dimitri/airflowalura/venv/lib/python3.10/site-packages/airflow/example_dags/example_branch_datetime_operator.py
[2024-04-04 20:34:21,166] {processor.py:641} INFO - Processing file /home/dimitri/dimitri/airflowalura/venv/lib/python3.10/site-packages/airflow/example_dags/example_branch_datetime_operator.py for tasks to queue
[2024-04-04 20:34:21,166] {logging_mixin.py:115} INFO - [2024-04-04 20:34:21,166] {dagbag.py:507} INFO - Filling up the DagBag from /home/dimitri/dimitri/airflowalura/venv/lib/python3.10/site-packages/airflow/example_dags/example_branch_datetime_operator.py
[2024-04-04 20:34:21,170] {processor.py:651} INFO - DAG(s) dict_keys(['example_branch_datetime_operator_2']) retrieved from /home/dimitri/dimitri/airflowalura/venv/lib/python3.10/site-packages/airflow/example_dags/example_branch_datetime_operator.py
[2024-04-04 20:34:21,181] {logging_mixin.py:115} INFO - [2024-04-04 20:34:21,181] {dag.py:2379} INFO - Sync 1 DAGs
[2024-04-04 20:34:21,191] {logging_mixin.py:115} INFO - [2024-04-04 20:34:21,191] {dag.py:2927} INFO - Setting next_dagrun for example_branch_datetime_operator_2 to 2024-04-03T00:00:00+00:00, run_after=2024-04-04T00:00:00+00:00
[2024-04-04 20:34:21,208] {processor.py:161} INFO - Processing /home/dimitri/dimitri/airflowalura/venv/lib/python3.10/site-packages/airflow/example_dags/example_branch_datetime_operator.py took 0.047 seconds
[2024-04-04 20:34:52,103] {processor.py:153} INFO - Started process (PID=571620) to work on /home/dimitri/dimitri/airflowalura/venv/lib/python3.10/site-packages/airflow/example_dags/example_branch_datetime_operator.py
[2024-04-04 20:34:52,106] {processor.py:641} INFO - Processing file /home/dimitri/dimitri/airflowalura/venv/lib/python3.10/site-packages/airflow/example_dags/example_branch_datetime_operator.py for tasks to queue
[2024-04-04 20:34:52,106] {logging_mixin.py:115} INFO - [2024-04-04 20:34:52,106] {dagbag.py:507} INFO - Filling up the DagBag from /home/dimitri/dimitri/airflowalura/venv/lib/python3.10/site-packages/airflow/example_dags/example_branch_datetime_operator.py
[2024-04-04 20:34:52,110] {processor.py:651} INFO - DAG(s) dict_keys(['example_branch_datetime_operator_2']) retrieved from /home/dimitri/dimitri/airflowalura/venv/lib/python3.10/site-packages/airflow/example_dags/example_branch_datetime_operator.py
[2024-04-04 20:34:52,121] {logging_mixin.py:115} INFO - [2024-04-04 20:34:52,121] {dag.py:2379} INFO - Sync 1 DAGs
[2024-04-04 20:34:52,130] {logging_mixin.py:115} INFO - [2024-04-04 20:34:52,130] {dag.py:2927} INFO - Setting next_dagrun for example_branch_datetime_operator_2 to 2024-04-03T00:00:00+00:00, run_after=2024-04-04T00:00:00+00:00
[2024-04-04 20:34:52,146] {processor.py:161} INFO - Processing /home/dimitri/dimitri/airflowalura/venv/lib/python3.10/site-packages/airflow/example_dags/example_branch_datetime_operator.py took 0.047 seconds
[2024-04-04 20:35:24,154] {processor.py:153} INFO - Started process (PID=571744) to work on /home/dimitri/dimitri/airflowalura/venv/lib/python3.10/site-packages/airflow/example_dags/example_branch_datetime_operator.py
[2024-04-04 20:35:24,155] {processor.py:641} INFO - Processing file /home/dimitri/dimitri/airflowalura/venv/lib/python3.10/site-packages/airflow/example_dags/example_branch_datetime_operator.py for tasks to queue
[2024-04-04 20:35:24,156] {logging_mixin.py:115} INFO - [2024-04-04 20:35:24,156] {dagbag.py:507} INFO - Filling up the DagBag from /home/dimitri/dimitri/airflowalura/venv/lib/python3.10/site-packages/airflow/example_dags/example_branch_datetime_operator.py
[2024-04-04 20:35:24,161] {processor.py:651} INFO - DAG(s) dict_keys(['example_branch_datetime_operator_2']) retrieved from /home/dimitri/dimitri/airflowalura/venv/lib/python3.10/site-packages/airflow/example_dags/example_branch_datetime_operator.py
[2024-04-04 20:35:24,172] {logging_mixin.py:115} INFO - [2024-04-04 20:35:24,172] {dag.py:2379} INFO - Sync 1 DAGs
[2024-04-04 20:35:24,182] {logging_mixin.py:115} INFO - [2024-04-04 20:35:24,182] {dag.py:2927} INFO - Setting next_dagrun for example_branch_datetime_operator_2 to 2024-04-03T00:00:00+00:00, run_after=2024-04-04T00:00:00+00:00
[2024-04-04 20:35:24,198] {processor.py:161} INFO - Processing /home/dimitri/dimitri/airflowalura/venv/lib/python3.10/site-packages/airflow/example_dags/example_branch_datetime_operator.py took 0.048 seconds
[2024-04-04 20:35:55,081] {processor.py:153} INFO - Started process (PID=571867) to work on /home/dimitri/dimitri/airflowalura/venv/lib/python3.10/site-packages/airflow/example_dags/example_branch_datetime_operator.py
[2024-04-04 20:35:55,084] {processor.py:641} INFO - Processing file /home/dimitri/dimitri/airflowalura/venv/lib/python3.10/site-packages/airflow/example_dags/example_branch_datetime_operator.py for tasks to queue
[2024-04-04 20:35:55,085] {logging_mixin.py:115} INFO - [2024-04-04 20:35:55,084] {dagbag.py:507} INFO - Filling up the DagBag from /home/dimitri/dimitri/airflowalura/venv/lib/python3.10/site-packages/airflow/example_dags/example_branch_datetime_operator.py
[2024-04-04 20:35:55,090] {processor.py:651} INFO - DAG(s) dict_keys(['example_branch_datetime_operator_2']) retrieved from /home/dimitri/dimitri/airflowalura/venv/lib/python3.10/site-packages/airflow/example_dags/example_branch_datetime_operator.py
[2024-04-04 20:35:55,102] {logging_mixin.py:115} INFO - [2024-04-04 20:35:55,102] {dag.py:2379} INFO - Sync 1 DAGs
[2024-04-04 20:35:55,113] {logging_mixin.py:115} INFO - [2024-04-04 20:35:55,113] {dag.py:2927} INFO - Setting next_dagrun for example_branch_datetime_operator_2 to 2024-04-03T00:00:00+00:00, run_after=2024-04-04T00:00:00+00:00
[2024-04-04 20:35:55,128] {processor.py:161} INFO - Processing /home/dimitri/dimitri/airflowalura/venv/lib/python3.10/site-packages/airflow/example_dags/example_branch_datetime_operator.py took 0.050 seconds
[2024-04-04 20:36:12,740] {processor.py:153} INFO - Started process (PID=571943) to work on /home/dimitri/dimitri/airflowalura/venv/lib/python3.10/site-packages/airflow/example_dags/example_branch_datetime_operator.py
[2024-04-04 20:36:12,743] {processor.py:641} INFO - Processing file /home/dimitri/dimitri/airflowalura/venv/lib/python3.10/site-packages/airflow/example_dags/example_branch_datetime_operator.py for tasks to queue
[2024-04-04 20:36:12,743] {logging_mixin.py:115} INFO - [2024-04-04 20:36:12,743] {dagbag.py:507} INFO - Filling up the DagBag from /home/dimitri/dimitri/airflowalura/venv/lib/python3.10/site-packages/airflow/example_dags/example_branch_datetime_operator.py
[2024-04-04 20:36:12,752] {processor.py:651} INFO - DAG(s) dict_keys(['example_branch_datetime_operator_2']) retrieved from /home/dimitri/dimitri/airflowalura/venv/lib/python3.10/site-packages/airflow/example_dags/example_branch_datetime_operator.py
[2024-04-04 20:36:12,771] {logging_mixin.py:115} INFO - [2024-04-04 20:36:12,771] {dag.py:2379} INFO - Sync 1 DAGs
[2024-04-04 20:36:12,789] {logging_mixin.py:115} INFO - [2024-04-04 20:36:12,789] {dag.py:2927} INFO - Setting next_dagrun for example_branch_datetime_operator_2 to 2024-04-03T00:00:00+00:00, run_after=2024-04-04T00:00:00+00:00
[2024-04-04 20:36:12,806] {processor.py:161} INFO - Processing /home/dimitri/dimitri/airflowalura/venv/lib/python3.10/site-packages/airflow/example_dags/example_branch_datetime_operator.py took 0.068 seconds
[2024-04-04 20:36:45,406] {processor.py:153} INFO - Started process (PID=572076) to work on /home/dimitri/dimitri/airflowalura/venv/lib/python3.10/site-packages/airflow/example_dags/example_branch_datetime_operator.py
[2024-04-04 20:36:45,407] {processor.py:641} INFO - Processing file /home/dimitri/dimitri/airflowalura/venv/lib/python3.10/site-packages/airflow/example_dags/example_branch_datetime_operator.py for tasks to queue
[2024-04-04 20:36:45,408] {logging_mixin.py:115} INFO - [2024-04-04 20:36:45,408] {dagbag.py:507} INFO - Filling up the DagBag from /home/dimitri/dimitri/airflowalura/venv/lib/python3.10/site-packages/airflow/example_dags/example_branch_datetime_operator.py
[2024-04-04 20:36:45,414] {processor.py:651} INFO - DAG(s) dict_keys(['example_branch_datetime_operator_2']) retrieved from /home/dimitri/dimitri/airflowalura/venv/lib/python3.10/site-packages/airflow/example_dags/example_branch_datetime_operator.py
[2024-04-04 20:36:45,426] {logging_mixin.py:115} INFO - [2024-04-04 20:36:45,426] {dag.py:2379} INFO - Sync 1 DAGs
[2024-04-04 20:36:45,437] {logging_mixin.py:115} INFO - [2024-04-04 20:36:45,437] {dag.py:2927} INFO - Setting next_dagrun for example_branch_datetime_operator_2 to 2024-04-03T00:00:00+00:00, run_after=2024-04-04T00:00:00+00:00
[2024-04-04 20:36:45,454] {processor.py:161} INFO - Processing /home/dimitri/dimitri/airflowalura/venv/lib/python3.10/site-packages/airflow/example_dags/example_branch_datetime_operator.py took 0.052 seconds
[2024-04-04 20:37:20,518] {processor.py:153} INFO - Started process (PID=572216) to work on /home/dimitri/dimitri/airflowalura/venv/lib/python3.10/site-packages/airflow/example_dags/example_branch_datetime_operator.py
[2024-04-04 20:37:20,520] {processor.py:641} INFO - Processing file /home/dimitri/dimitri/airflowalura/venv/lib/python3.10/site-packages/airflow/example_dags/example_branch_datetime_operator.py for tasks to queue
[2024-04-04 20:37:20,521] {logging_mixin.py:115} INFO - [2024-04-04 20:37:20,521] {dagbag.py:507} INFO - Filling up the DagBag from /home/dimitri/dimitri/airflowalura/venv/lib/python3.10/site-packages/airflow/example_dags/example_branch_datetime_operator.py
[2024-04-04 20:37:20,525] {processor.py:651} INFO - DAG(s) dict_keys(['example_branch_datetime_operator_2']) retrieved from /home/dimitri/dimitri/airflowalura/venv/lib/python3.10/site-packages/airflow/example_dags/example_branch_datetime_operator.py
[2024-04-04 20:37:20,536] {logging_mixin.py:115} INFO - [2024-04-04 20:37:20,536] {dag.py:2379} INFO - Sync 1 DAGs
[2024-04-04 20:37:20,545] {logging_mixin.py:115} INFO - [2024-04-04 20:37:20,545] {dag.py:2927} INFO - Setting next_dagrun for example_branch_datetime_operator_2 to 2024-04-03T00:00:00+00:00, run_after=2024-04-04T00:00:00+00:00
[2024-04-04 20:37:20,561] {processor.py:161} INFO - Processing /home/dimitri/dimitri/airflowalura/venv/lib/python3.10/site-packages/airflow/example_dags/example_branch_datetime_operator.py took 0.045 seconds
[2024-04-04 20:37:52,990] {processor.py:153} INFO - Started process (PID=572349) to work on /home/dimitri/dimitri/airflowalura/venv/lib/python3.10/site-packages/airflow/example_dags/example_branch_datetime_operator.py
[2024-04-04 20:37:52,993] {processor.py:641} INFO - Processing file /home/dimitri/dimitri/airflowalura/venv/lib/python3.10/site-packages/airflow/example_dags/example_branch_datetime_operator.py for tasks to queue
[2024-04-04 20:37:52,994] {logging_mixin.py:115} INFO - [2024-04-04 20:37:52,994] {dagbag.py:507} INFO - Filling up the DagBag from /home/dimitri/dimitri/airflowalura/venv/lib/python3.10/site-packages/airflow/example_dags/example_branch_datetime_operator.py
[2024-04-04 20:37:53,000] {processor.py:651} INFO - DAG(s) dict_keys(['example_branch_datetime_operator_2']) retrieved from /home/dimitri/dimitri/airflowalura/venv/lib/python3.10/site-packages/airflow/example_dags/example_branch_datetime_operator.py
[2024-04-04 20:37:53,010] {logging_mixin.py:115} INFO - [2024-04-04 20:37:53,010] {dag.py:2379} INFO - Sync 1 DAGs
[2024-04-04 20:37:53,033] {logging_mixin.py:115} INFO - [2024-04-04 20:37:53,032] {dag.py:2927} INFO - Setting next_dagrun for example_branch_datetime_operator_2 to 2024-04-03T00:00:00+00:00, run_after=2024-04-04T00:00:00+00:00
[2024-04-04 20:37:53,047] {processor.py:161} INFO - Processing /home/dimitri/dimitri/airflowalura/venv/lib/python3.10/site-packages/airflow/example_dags/example_branch_datetime_operator.py took 0.060 seconds
[2024-04-04 20:38:26,109] {processor.py:153} INFO - Started process (PID=572478) to work on /home/dimitri/dimitri/airflowalura/venv/lib/python3.10/site-packages/airflow/example_dags/example_branch_datetime_operator.py
[2024-04-04 20:38:26,112] {processor.py:641} INFO - Processing file /home/dimitri/dimitri/airflowalura/venv/lib/python3.10/site-packages/airflow/example_dags/example_branch_datetime_operator.py for tasks to queue
[2024-04-04 20:38:26,113] {logging_mixin.py:115} INFO - [2024-04-04 20:38:26,112] {dagbag.py:507} INFO - Filling up the DagBag from /home/dimitri/dimitri/airflowalura/venv/lib/python3.10/site-packages/airflow/example_dags/example_branch_datetime_operator.py
[2024-04-04 20:38:26,118] {processor.py:651} INFO - DAG(s) dict_keys(['example_branch_datetime_operator_2']) retrieved from /home/dimitri/dimitri/airflowalura/venv/lib/python3.10/site-packages/airflow/example_dags/example_branch_datetime_operator.py
[2024-04-04 20:38:26,129] {logging_mixin.py:115} INFO - [2024-04-04 20:38:26,129] {dag.py:2379} INFO - Sync 1 DAGs
[2024-04-04 20:38:26,140] {logging_mixin.py:115} INFO - [2024-04-04 20:38:26,139] {dag.py:2927} INFO - Setting next_dagrun for example_branch_datetime_operator_2 to 2024-04-03T00:00:00+00:00, run_after=2024-04-04T00:00:00+00:00
[2024-04-04 20:38:26,156] {processor.py:161} INFO - Processing /home/dimitri/dimitri/airflowalura/venv/lib/python3.10/site-packages/airflow/example_dags/example_branch_datetime_operator.py took 0.049 seconds
[2024-04-04 20:39:00,845] {processor.py:153} INFO - Started process (PID=572612) to work on /home/dimitri/dimitri/airflowalura/venv/lib/python3.10/site-packages/airflow/example_dags/example_branch_datetime_operator.py
[2024-04-04 20:39:00,847] {processor.py:641} INFO - Processing file /home/dimitri/dimitri/airflowalura/venv/lib/python3.10/site-packages/airflow/example_dags/example_branch_datetime_operator.py for tasks to queue
[2024-04-04 20:39:00,847] {logging_mixin.py:115} INFO - [2024-04-04 20:39:00,847] {dagbag.py:507} INFO - Filling up the DagBag from /home/dimitri/dimitri/airflowalura/venv/lib/python3.10/site-packages/airflow/example_dags/example_branch_datetime_operator.py
[2024-04-04 20:39:00,853] {processor.py:651} INFO - DAG(s) dict_keys(['example_branch_datetime_operator_2']) retrieved from /home/dimitri/dimitri/airflowalura/venv/lib/python3.10/site-packages/airflow/example_dags/example_branch_datetime_operator.py
[2024-04-04 20:39:00,864] {logging_mixin.py:115} INFO - [2024-04-04 20:39:00,864] {dag.py:2379} INFO - Sync 1 DAGs
[2024-04-04 20:39:00,876] {logging_mixin.py:115} INFO - [2024-04-04 20:39:00,876] {dag.py:2927} INFO - Setting next_dagrun for example_branch_datetime_operator_2 to 2024-04-03T00:00:00+00:00, run_after=2024-04-04T00:00:00+00:00
[2024-04-04 20:39:00,893] {processor.py:161} INFO - Processing /home/dimitri/dimitri/airflowalura/venv/lib/python3.10/site-packages/airflow/example_dags/example_branch_datetime_operator.py took 0.051 seconds
[2024-04-04 20:39:34,092] {processor.py:153} INFO - Started process (PID=572743) to work on /home/dimitri/dimitri/airflowalura/venv/lib/python3.10/site-packages/airflow/example_dags/example_branch_datetime_operator.py
[2024-04-04 20:39:34,095] {processor.py:641} INFO - Processing file /home/dimitri/dimitri/airflowalura/venv/lib/python3.10/site-packages/airflow/example_dags/example_branch_datetime_operator.py for tasks to queue
[2024-04-04 20:39:34,095] {logging_mixin.py:115} INFO - [2024-04-04 20:39:34,095] {dagbag.py:507} INFO - Filling up the DagBag from /home/dimitri/dimitri/airflowalura/venv/lib/python3.10/site-packages/airflow/example_dags/example_branch_datetime_operator.py
[2024-04-04 20:39:34,099] {processor.py:651} INFO - DAG(s) dict_keys(['example_branch_datetime_operator_2']) retrieved from /home/dimitri/dimitri/airflowalura/venv/lib/python3.10/site-packages/airflow/example_dags/example_branch_datetime_operator.py
[2024-04-04 20:39:34,112] {logging_mixin.py:115} INFO - [2024-04-04 20:39:34,112] {dag.py:2379} INFO - Sync 1 DAGs
[2024-04-04 20:39:34,123] {logging_mixin.py:115} INFO - [2024-04-04 20:39:34,123] {dag.py:2927} INFO - Setting next_dagrun for example_branch_datetime_operator_2 to 2024-04-03T00:00:00+00:00, run_after=2024-04-04T00:00:00+00:00
[2024-04-04 20:39:34,138] {processor.py:161} INFO - Processing /home/dimitri/dimitri/airflowalura/venv/lib/python3.10/site-packages/airflow/example_dags/example_branch_datetime_operator.py took 0.048 seconds
[2024-04-04 20:40:07,572] {processor.py:153} INFO - Started process (PID=572876) to work on /home/dimitri/dimitri/airflowalura/venv/lib/python3.10/site-packages/airflow/example_dags/example_branch_datetime_operator.py
[2024-04-04 20:40:07,574] {processor.py:641} INFO - Processing file /home/dimitri/dimitri/airflowalura/venv/lib/python3.10/site-packages/airflow/example_dags/example_branch_datetime_operator.py for tasks to queue
[2024-04-04 20:40:07,575] {logging_mixin.py:115} INFO - [2024-04-04 20:40:07,575] {dagbag.py:507} INFO - Filling up the DagBag from /home/dimitri/dimitri/airflowalura/venv/lib/python3.10/site-packages/airflow/example_dags/example_branch_datetime_operator.py
[2024-04-04 20:40:07,582] {processor.py:651} INFO - DAG(s) dict_keys(['example_branch_datetime_operator_2']) retrieved from /home/dimitri/dimitri/airflowalura/venv/lib/python3.10/site-packages/airflow/example_dags/example_branch_datetime_operator.py
[2024-04-04 20:40:07,593] {logging_mixin.py:115} INFO - [2024-04-04 20:40:07,593] {dag.py:2379} INFO - Sync 1 DAGs
[2024-04-04 20:40:07,604] {logging_mixin.py:115} INFO - [2024-04-04 20:40:07,604] {dag.py:2927} INFO - Setting next_dagrun for example_branch_datetime_operator_2 to 2024-04-03T00:00:00+00:00, run_after=2024-04-04T00:00:00+00:00
[2024-04-04 20:40:07,620] {processor.py:161} INFO - Processing /home/dimitri/dimitri/airflowalura/venv/lib/python3.10/site-packages/airflow/example_dags/example_branch_datetime_operator.py took 0.052 seconds
[2024-04-04 20:40:39,604] {processor.py:153} INFO - Started process (PID=573003) to work on /home/dimitri/dimitri/airflowalura/venv/lib/python3.10/site-packages/airflow/example_dags/example_branch_datetime_operator.py
[2024-04-04 20:40:39,607] {processor.py:641} INFO - Processing file /home/dimitri/dimitri/airflowalura/venv/lib/python3.10/site-packages/airflow/example_dags/example_branch_datetime_operator.py for tasks to queue
[2024-04-04 20:40:39,608] {logging_mixin.py:115} INFO - [2024-04-04 20:40:39,607] {dagbag.py:507} INFO - Filling up the DagBag from /home/dimitri/dimitri/airflowalura/venv/lib/python3.10/site-packages/airflow/example_dags/example_branch_datetime_operator.py
[2024-04-04 20:40:39,612] {processor.py:651} INFO - DAG(s) dict_keys(['example_branch_datetime_operator_2']) retrieved from /home/dimitri/dimitri/airflowalura/venv/lib/python3.10/site-packages/airflow/example_dags/example_branch_datetime_operator.py
[2024-04-04 20:40:39,625] {logging_mixin.py:115} INFO - [2024-04-04 20:40:39,625] {dag.py:2379} INFO - Sync 1 DAGs
[2024-04-04 20:40:39,636] {logging_mixin.py:115} INFO - [2024-04-04 20:40:39,636] {dag.py:2927} INFO - Setting next_dagrun for example_branch_datetime_operator_2 to 2024-04-03T00:00:00+00:00, run_after=2024-04-04T00:00:00+00:00
[2024-04-04 20:40:39,652] {processor.py:161} INFO - Processing /home/dimitri/dimitri/airflowalura/venv/lib/python3.10/site-packages/airflow/example_dags/example_branch_datetime_operator.py took 0.051 seconds
[2024-04-04 20:41:01,189] {processor.py:153} INFO - Started process (PID=573096) to work on /home/dimitri/dimitri/airflowalura/venv/lib/python3.10/site-packages/airflow/example_dags/example_branch_datetime_operator.py
[2024-04-04 20:41:01,192] {processor.py:641} INFO - Processing file /home/dimitri/dimitri/airflowalura/venv/lib/python3.10/site-packages/airflow/example_dags/example_branch_datetime_operator.py for tasks to queue
[2024-04-04 20:41:01,193] {logging_mixin.py:115} INFO - [2024-04-04 20:41:01,193] {dagbag.py:507} INFO - Filling up the DagBag from /home/dimitri/dimitri/airflowalura/venv/lib/python3.10/site-packages/airflow/example_dags/example_branch_datetime_operator.py
[2024-04-04 20:41:01,208] {processor.py:651} INFO - DAG(s) dict_keys(['example_branch_datetime_operator_2']) retrieved from /home/dimitri/dimitri/airflowalura/venv/lib/python3.10/site-packages/airflow/example_dags/example_branch_datetime_operator.py
[2024-04-04 20:41:01,231] {logging_mixin.py:115} INFO - [2024-04-04 20:41:01,230] {dag.py:2379} INFO - Sync 1 DAGs
[2024-04-04 20:41:01,248] {logging_mixin.py:115} INFO - [2024-04-04 20:41:01,248] {dag.py:2927} INFO - Setting next_dagrun for example_branch_datetime_operator_2 to 2024-04-03T00:00:00+00:00, run_after=2024-04-04T00:00:00+00:00
[2024-04-04 20:41:01,265] {processor.py:161} INFO - Processing /home/dimitri/dimitri/airflowalura/venv/lib/python3.10/site-packages/airflow/example_dags/example_branch_datetime_operator.py took 0.081 seconds
[2024-04-04 20:41:34,192] {processor.py:153} INFO - Started process (PID=573233) to work on /home/dimitri/dimitri/airflowalura/venv/lib/python3.10/site-packages/airflow/example_dags/example_branch_datetime_operator.py
[2024-04-04 20:41:34,194] {processor.py:641} INFO - Processing file /home/dimitri/dimitri/airflowalura/venv/lib/python3.10/site-packages/airflow/example_dags/example_branch_datetime_operator.py for tasks to queue
[2024-04-04 20:41:34,194] {logging_mixin.py:115} INFO - [2024-04-04 20:41:34,194] {dagbag.py:507} INFO - Filling up the DagBag from /home/dimitri/dimitri/airflowalura/venv/lib/python3.10/site-packages/airflow/example_dags/example_branch_datetime_operator.py
[2024-04-04 20:41:34,199] {processor.py:651} INFO - DAG(s) dict_keys(['example_branch_datetime_operator_2']) retrieved from /home/dimitri/dimitri/airflowalura/venv/lib/python3.10/site-packages/airflow/example_dags/example_branch_datetime_operator.py
[2024-04-04 20:41:34,213] {logging_mixin.py:115} INFO - [2024-04-04 20:41:34,213] {dag.py:2379} INFO - Sync 1 DAGs
[2024-04-04 20:41:34,226] {logging_mixin.py:115} INFO - [2024-04-04 20:41:34,226] {dag.py:2927} INFO - Setting next_dagrun for example_branch_datetime_operator_2 to 2024-04-03T00:00:00+00:00, run_after=2024-04-04T00:00:00+00:00
[2024-04-04 20:41:34,241] {processor.py:161} INFO - Processing /home/dimitri/dimitri/airflowalura/venv/lib/python3.10/site-packages/airflow/example_dags/example_branch_datetime_operator.py took 0.051 seconds
[2024-04-04 20:42:09,540] {processor.py:153} INFO - Started process (PID=573375) to work on /home/dimitri/dimitri/airflowalura/venv/lib/python3.10/site-packages/airflow/example_dags/example_branch_datetime_operator.py
[2024-04-04 20:42:09,542] {processor.py:641} INFO - Processing file /home/dimitri/dimitri/airflowalura/venv/lib/python3.10/site-packages/airflow/example_dags/example_branch_datetime_operator.py for tasks to queue
[2024-04-04 20:42:09,543] {logging_mixin.py:115} INFO - [2024-04-04 20:42:09,543] {dagbag.py:507} INFO - Filling up the DagBag from /home/dimitri/dimitri/airflowalura/venv/lib/python3.10/site-packages/airflow/example_dags/example_branch_datetime_operator.py
[2024-04-04 20:42:09,548] {processor.py:651} INFO - DAG(s) dict_keys(['example_branch_datetime_operator_2']) retrieved from /home/dimitri/dimitri/airflowalura/venv/lib/python3.10/site-packages/airflow/example_dags/example_branch_datetime_operator.py
[2024-04-04 20:42:09,567] {logging_mixin.py:115} INFO - [2024-04-04 20:42:09,567] {dag.py:2379} INFO - Sync 1 DAGs
[2024-04-04 20:42:09,593] {logging_mixin.py:115} INFO - [2024-04-04 20:42:09,591] {dag.py:2927} INFO - Setting next_dagrun for example_branch_datetime_operator_2 to 2024-04-03T00:00:00+00:00, run_after=2024-04-04T00:00:00+00:00
[2024-04-04 20:42:09,627] {processor.py:161} INFO - Processing /home/dimitri/dimitri/airflowalura/venv/lib/python3.10/site-packages/airflow/example_dags/example_branch_datetime_operator.py took 0.089 seconds
[2024-04-04 20:42:42,915] {processor.py:153} INFO - Started process (PID=573505) to work on /home/dimitri/dimitri/airflowalura/venv/lib/python3.10/site-packages/airflow/example_dags/example_branch_datetime_operator.py
[2024-04-04 20:42:42,917] {processor.py:641} INFO - Processing file /home/dimitri/dimitri/airflowalura/venv/lib/python3.10/site-packages/airflow/example_dags/example_branch_datetime_operator.py for tasks to queue
[2024-04-04 20:42:42,917] {logging_mixin.py:115} INFO - [2024-04-04 20:42:42,917] {dagbag.py:507} INFO - Filling up the DagBag from /home/dimitri/dimitri/airflowalura/venv/lib/python3.10/site-packages/airflow/example_dags/example_branch_datetime_operator.py
[2024-04-04 20:42:42,922] {processor.py:651} INFO - DAG(s) dict_keys(['example_branch_datetime_operator_2']) retrieved from /home/dimitri/dimitri/airflowalura/venv/lib/python3.10/site-packages/airflow/example_dags/example_branch_datetime_operator.py
[2024-04-04 20:42:42,933] {logging_mixin.py:115} INFO - [2024-04-04 20:42:42,933] {dag.py:2379} INFO - Sync 1 DAGs
[2024-04-04 20:42:42,945] {logging_mixin.py:115} INFO - [2024-04-04 20:42:42,945] {dag.py:2927} INFO - Setting next_dagrun for example_branch_datetime_operator_2 to 2024-04-03T00:00:00+00:00, run_after=2024-04-04T00:00:00+00:00
[2024-04-04 20:42:42,962] {processor.py:161} INFO - Processing /home/dimitri/dimitri/airflowalura/venv/lib/python3.10/site-packages/airflow/example_dags/example_branch_datetime_operator.py took 0.050 seconds
[2024-04-04 20:43:16,379] {processor.py:153} INFO - Started process (PID=573636) to work on /home/dimitri/dimitri/airflowalura/venv/lib/python3.10/site-packages/airflow/example_dags/example_branch_datetime_operator.py
[2024-04-04 20:43:16,379] {processor.py:641} INFO - Processing file /home/dimitri/dimitri/airflowalura/venv/lib/python3.10/site-packages/airflow/example_dags/example_branch_datetime_operator.py for tasks to queue
[2024-04-04 20:43:16,380] {logging_mixin.py:115} INFO - [2024-04-04 20:43:16,380] {dagbag.py:507} INFO - Filling up the DagBag from /home/dimitri/dimitri/airflowalura/venv/lib/python3.10/site-packages/airflow/example_dags/example_branch_datetime_operator.py
[2024-04-04 20:43:16,385] {processor.py:651} INFO - DAG(s) dict_keys(['example_branch_datetime_operator_2']) retrieved from /home/dimitri/dimitri/airflowalura/venv/lib/python3.10/site-packages/airflow/example_dags/example_branch_datetime_operator.py
[2024-04-04 20:43:16,398] {logging_mixin.py:115} INFO - [2024-04-04 20:43:16,398] {dag.py:2379} INFO - Sync 1 DAGs
[2024-04-04 20:43:16,409] {logging_mixin.py:115} INFO - [2024-04-04 20:43:16,409] {dag.py:2927} INFO - Setting next_dagrun for example_branch_datetime_operator_2 to 2024-04-03T00:00:00+00:00, run_after=2024-04-04T00:00:00+00:00
[2024-04-04 20:43:16,426] {processor.py:161} INFO - Processing /home/dimitri/dimitri/airflowalura/venv/lib/python3.10/site-packages/airflow/example_dags/example_branch_datetime_operator.py took 0.049 seconds
[2024-04-04 20:43:50,256] {processor.py:153} INFO - Started process (PID=573768) to work on /home/dimitri/dimitri/airflowalura/venv/lib/python3.10/site-packages/airflow/example_dags/example_branch_datetime_operator.py
[2024-04-04 20:43:50,259] {processor.py:641} INFO - Processing file /home/dimitri/dimitri/airflowalura/venv/lib/python3.10/site-packages/airflow/example_dags/example_branch_datetime_operator.py for tasks to queue
[2024-04-04 20:43:50,260] {logging_mixin.py:115} INFO - [2024-04-04 20:43:50,260] {dagbag.py:507} INFO - Filling up the DagBag from /home/dimitri/dimitri/airflowalura/venv/lib/python3.10/site-packages/airflow/example_dags/example_branch_datetime_operator.py
[2024-04-04 20:43:50,264] {processor.py:651} INFO - DAG(s) dict_keys(['example_branch_datetime_operator_2']) retrieved from /home/dimitri/dimitri/airflowalura/venv/lib/python3.10/site-packages/airflow/example_dags/example_branch_datetime_operator.py
[2024-04-04 20:43:50,280] {logging_mixin.py:115} INFO - [2024-04-04 20:43:50,280] {dag.py:2379} INFO - Sync 1 DAGs
[2024-04-04 20:43:50,293] {logging_mixin.py:115} INFO - [2024-04-04 20:43:50,293] {dag.py:2927} INFO - Setting next_dagrun for example_branch_datetime_operator_2 to 2024-04-03T00:00:00+00:00, run_after=2024-04-04T00:00:00+00:00
[2024-04-04 20:43:50,310] {processor.py:161} INFO - Processing /home/dimitri/dimitri/airflowalura/venv/lib/python3.10/site-packages/airflow/example_dags/example_branch_datetime_operator.py took 0.056 seconds
[2024-04-04 20:44:23,890] {processor.py:153} INFO - Started process (PID=573898) to work on /home/dimitri/dimitri/airflowalura/venv/lib/python3.10/site-packages/airflow/example_dags/example_branch_datetime_operator.py
[2024-04-04 20:44:23,892] {processor.py:641} INFO - Processing file /home/dimitri/dimitri/airflowalura/venv/lib/python3.10/site-packages/airflow/example_dags/example_branch_datetime_operator.py for tasks to queue
[2024-04-04 20:44:23,893] {logging_mixin.py:115} INFO - [2024-04-04 20:44:23,893] {dagbag.py:507} INFO - Filling up the DagBag from /home/dimitri/dimitri/airflowalura/venv/lib/python3.10/site-packages/airflow/example_dags/example_branch_datetime_operator.py
[2024-04-04 20:44:23,897] {processor.py:651} INFO - DAG(s) dict_keys(['example_branch_datetime_operator_2']) retrieved from /home/dimitri/dimitri/airflowalura/venv/lib/python3.10/site-packages/airflow/example_dags/example_branch_datetime_operator.py
[2024-04-04 20:44:23,912] {logging_mixin.py:115} INFO - [2024-04-04 20:44:23,912] {dag.py:2379} INFO - Sync 1 DAGs
[2024-04-04 20:44:23,926] {logging_mixin.py:115} INFO - [2024-04-04 20:44:23,926] {dag.py:2927} INFO - Setting next_dagrun for example_branch_datetime_operator_2 to 2024-04-03T00:00:00+00:00, run_after=2024-04-04T00:00:00+00:00
[2024-04-04 20:44:23,942] {processor.py:161} INFO - Processing /home/dimitri/dimitri/airflowalura/venv/lib/python3.10/site-packages/airflow/example_dags/example_branch_datetime_operator.py took 0.055 seconds
[2024-04-04 20:44:54,651] {processor.py:153} INFO - Started process (PID=574019) to work on /home/dimitri/dimitri/airflowalura/venv/lib/python3.10/site-packages/airflow/example_dags/example_branch_datetime_operator.py
[2024-04-04 20:44:54,653] {processor.py:641} INFO - Processing file /home/dimitri/dimitri/airflowalura/venv/lib/python3.10/site-packages/airflow/example_dags/example_branch_datetime_operator.py for tasks to queue
[2024-04-04 20:44:54,654] {logging_mixin.py:115} INFO - [2024-04-04 20:44:54,654] {dagbag.py:507} INFO - Filling up the DagBag from /home/dimitri/dimitri/airflowalura/venv/lib/python3.10/site-packages/airflow/example_dags/example_branch_datetime_operator.py
[2024-04-04 20:44:54,659] {processor.py:651} INFO - DAG(s) dict_keys(['example_branch_datetime_operator_2']) retrieved from /home/dimitri/dimitri/airflowalura/venv/lib/python3.10/site-packages/airflow/example_dags/example_branch_datetime_operator.py
[2024-04-04 20:44:54,670] {logging_mixin.py:115} INFO - [2024-04-04 20:44:54,669] {dag.py:2379} INFO - Sync 1 DAGs
[2024-04-04 20:44:54,680] {logging_mixin.py:115} INFO - [2024-04-04 20:44:54,680] {dag.py:2927} INFO - Setting next_dagrun for example_branch_datetime_operator_2 to 2024-04-03T00:00:00+00:00, run_after=2024-04-04T00:00:00+00:00
[2024-04-04 20:44:54,696] {processor.py:161} INFO - Processing /home/dimitri/dimitri/airflowalura/venv/lib/python3.10/site-packages/airflow/example_dags/example_branch_datetime_operator.py took 0.047 seconds
[2024-04-04 20:45:28,489] {processor.py:153} INFO - Started process (PID=574151) to work on /home/dimitri/dimitri/airflowalura/venv/lib/python3.10/site-packages/airflow/example_dags/example_branch_datetime_operator.py
[2024-04-04 20:45:28,491] {processor.py:641} INFO - Processing file /home/dimitri/dimitri/airflowalura/venv/lib/python3.10/site-packages/airflow/example_dags/example_branch_datetime_operator.py for tasks to queue
[2024-04-04 20:45:28,492] {logging_mixin.py:115} INFO - [2024-04-04 20:45:28,491] {dagbag.py:507} INFO - Filling up the DagBag from /home/dimitri/dimitri/airflowalura/venv/lib/python3.10/site-packages/airflow/example_dags/example_branch_datetime_operator.py
[2024-04-04 20:45:28,499] {processor.py:651} INFO - DAG(s) dict_keys(['example_branch_datetime_operator_2']) retrieved from /home/dimitri/dimitri/airflowalura/venv/lib/python3.10/site-packages/airflow/example_dags/example_branch_datetime_operator.py
[2024-04-04 20:45:28,512] {logging_mixin.py:115} INFO - [2024-04-04 20:45:28,512] {dag.py:2379} INFO - Sync 1 DAGs
[2024-04-04 20:45:28,524] {logging_mixin.py:115} INFO - [2024-04-04 20:45:28,524] {dag.py:2927} INFO - Setting next_dagrun for example_branch_datetime_operator_2 to 2024-04-03T00:00:00+00:00, run_after=2024-04-04T00:00:00+00:00
[2024-04-04 20:45:28,539] {processor.py:161} INFO - Processing /home/dimitri/dimitri/airflowalura/venv/lib/python3.10/site-packages/airflow/example_dags/example_branch_datetime_operator.py took 0.053 seconds
[2024-04-04 20:46:00,640] {processor.py:153} INFO - Started process (PID=574279) to work on /home/dimitri/dimitri/airflowalura/venv/lib/python3.10/site-packages/airflow/example_dags/example_branch_datetime_operator.py
[2024-04-04 20:46:00,641] {processor.py:641} INFO - Processing file /home/dimitri/dimitri/airflowalura/venv/lib/python3.10/site-packages/airflow/example_dags/example_branch_datetime_operator.py for tasks to queue
[2024-04-04 20:46:00,641] {logging_mixin.py:115} INFO - [2024-04-04 20:46:00,641] {dagbag.py:507} INFO - Filling up the DagBag from /home/dimitri/dimitri/airflowalura/venv/lib/python3.10/site-packages/airflow/example_dags/example_branch_datetime_operator.py
[2024-04-04 20:46:00,646] {processor.py:651} INFO - DAG(s) dict_keys(['example_branch_datetime_operator_2']) retrieved from /home/dimitri/dimitri/airflowalura/venv/lib/python3.10/site-packages/airflow/example_dags/example_branch_datetime_operator.py
[2024-04-04 20:46:00,658] {logging_mixin.py:115} INFO - [2024-04-04 20:46:00,658] {dag.py:2379} INFO - Sync 1 DAGs
[2024-04-04 20:46:00,670] {logging_mixin.py:115} INFO - [2024-04-04 20:46:00,670] {dag.py:2927} INFO - Setting next_dagrun for example_branch_datetime_operator_2 to 2024-04-03T00:00:00+00:00, run_after=2024-04-04T00:00:00+00:00
[2024-04-04 20:46:00,686] {processor.py:161} INFO - Processing /home/dimitri/dimitri/airflowalura/venv/lib/python3.10/site-packages/airflow/example_dags/example_branch_datetime_operator.py took 0.048 seconds
[2024-04-04 20:46:35,666] {processor.py:153} INFO - Started process (PID=574422) to work on /home/dimitri/dimitri/airflowalura/venv/lib/python3.10/site-packages/airflow/example_dags/example_branch_datetime_operator.py
[2024-04-04 20:46:35,669] {processor.py:641} INFO - Processing file /home/dimitri/dimitri/airflowalura/venv/lib/python3.10/site-packages/airflow/example_dags/example_branch_datetime_operator.py for tasks to queue
[2024-04-04 20:46:35,670] {logging_mixin.py:115} INFO - [2024-04-04 20:46:35,669] {dagbag.py:507} INFO - Filling up the DagBag from /home/dimitri/dimitri/airflowalura/venv/lib/python3.10/site-packages/airflow/example_dags/example_branch_datetime_operator.py
[2024-04-04 20:46:35,674] {processor.py:651} INFO - DAG(s) dict_keys(['example_branch_datetime_operator_2']) retrieved from /home/dimitri/dimitri/airflowalura/venv/lib/python3.10/site-packages/airflow/example_dags/example_branch_datetime_operator.py
[2024-04-04 20:46:35,688] {logging_mixin.py:115} INFO - [2024-04-04 20:46:35,688] {dag.py:2379} INFO - Sync 1 DAGs
[2024-04-04 20:46:35,704] {logging_mixin.py:115} INFO - [2024-04-04 20:46:35,703] {dag.py:2927} INFO - Setting next_dagrun for example_branch_datetime_operator_2 to 2024-04-03T00:00:00+00:00, run_after=2024-04-04T00:00:00+00:00
[2024-04-04 20:46:35,720] {processor.py:161} INFO - Processing /home/dimitri/dimitri/airflowalura/venv/lib/python3.10/site-packages/airflow/example_dags/example_branch_datetime_operator.py took 0.056 seconds
[2024-04-04 20:47:06,596] {processor.py:153} INFO - Started process (PID=574552) to work on /home/dimitri/dimitri/airflowalura/venv/lib/python3.10/site-packages/airflow/example_dags/example_branch_datetime_operator.py
[2024-04-04 20:47:06,598] {processor.py:641} INFO - Processing file /home/dimitri/dimitri/airflowalura/venv/lib/python3.10/site-packages/airflow/example_dags/example_branch_datetime_operator.py for tasks to queue
[2024-04-04 20:47:06,598] {logging_mixin.py:115} INFO - [2024-04-04 20:47:06,598] {dagbag.py:507} INFO - Filling up the DagBag from /home/dimitri/dimitri/airflowalura/venv/lib/python3.10/site-packages/airflow/example_dags/example_branch_datetime_operator.py
[2024-04-04 20:47:06,603] {processor.py:651} INFO - DAG(s) dict_keys(['example_branch_datetime_operator_2']) retrieved from /home/dimitri/dimitri/airflowalura/venv/lib/python3.10/site-packages/airflow/example_dags/example_branch_datetime_operator.py
[2024-04-04 20:47:06,619] {logging_mixin.py:115} INFO - [2024-04-04 20:47:06,619] {dag.py:2379} INFO - Sync 1 DAGs
[2024-04-04 20:47:06,634] {logging_mixin.py:115} INFO - [2024-04-04 20:47:06,633] {dag.py:2927} INFO - Setting next_dagrun for example_branch_datetime_operator_2 to 2024-04-03T00:00:00+00:00, run_after=2024-04-04T00:00:00+00:00
[2024-04-04 20:47:06,652] {processor.py:161} INFO - Processing /home/dimitri/dimitri/airflowalura/venv/lib/python3.10/site-packages/airflow/example_dags/example_branch_datetime_operator.py took 0.058 seconds
[2024-04-04 20:47:38,660] {processor.py:153} INFO - Started process (PID=574680) to work on /home/dimitri/dimitri/airflowalura/venv/lib/python3.10/site-packages/airflow/example_dags/example_branch_datetime_operator.py
[2024-04-04 20:47:38,661] {processor.py:641} INFO - Processing file /home/dimitri/dimitri/airflowalura/venv/lib/python3.10/site-packages/airflow/example_dags/example_branch_datetime_operator.py for tasks to queue
[2024-04-04 20:47:38,662] {logging_mixin.py:115} INFO - [2024-04-04 20:47:38,661] {dagbag.py:507} INFO - Filling up the DagBag from /home/dimitri/dimitri/airflowalura/venv/lib/python3.10/site-packages/airflow/example_dags/example_branch_datetime_operator.py
[2024-04-04 20:47:38,666] {processor.py:651} INFO - DAG(s) dict_keys(['example_branch_datetime_operator_2']) retrieved from /home/dimitri/dimitri/airflowalura/venv/lib/python3.10/site-packages/airflow/example_dags/example_branch_datetime_operator.py
[2024-04-04 20:47:38,680] {logging_mixin.py:115} INFO - [2024-04-04 20:47:38,680] {dag.py:2379} INFO - Sync 1 DAGs
[2024-04-04 20:47:38,693] {logging_mixin.py:115} INFO - [2024-04-04 20:47:38,692] {dag.py:2927} INFO - Setting next_dagrun for example_branch_datetime_operator_2 to 2024-04-03T00:00:00+00:00, run_after=2024-04-04T00:00:00+00:00
[2024-04-04 20:47:38,710] {processor.py:161} INFO - Processing /home/dimitri/dimitri/airflowalura/venv/lib/python3.10/site-packages/airflow/example_dags/example_branch_datetime_operator.py took 0.052 seconds
[2024-04-04 20:48:10,651] {processor.py:153} INFO - Started process (PID=574806) to work on /home/dimitri/dimitri/airflowalura/venv/lib/python3.10/site-packages/airflow/example_dags/example_branch_datetime_operator.py
[2024-04-04 20:48:10,653] {processor.py:641} INFO - Processing file /home/dimitri/dimitri/airflowalura/venv/lib/python3.10/site-packages/airflow/example_dags/example_branch_datetime_operator.py for tasks to queue
[2024-04-04 20:48:10,653] {logging_mixin.py:115} INFO - [2024-04-04 20:48:10,653] {dagbag.py:507} INFO - Filling up the DagBag from /home/dimitri/dimitri/airflowalura/venv/lib/python3.10/site-packages/airflow/example_dags/example_branch_datetime_operator.py
[2024-04-04 20:48:10,658] {processor.py:651} INFO - DAG(s) dict_keys(['example_branch_datetime_operator_2']) retrieved from /home/dimitri/dimitri/airflowalura/venv/lib/python3.10/site-packages/airflow/example_dags/example_branch_datetime_operator.py
[2024-04-04 20:48:10,672] {logging_mixin.py:115} INFO - [2024-04-04 20:48:10,672] {dag.py:2379} INFO - Sync 1 DAGs
[2024-04-04 20:48:10,685] {logging_mixin.py:115} INFO - [2024-04-04 20:48:10,685] {dag.py:2927} INFO - Setting next_dagrun for example_branch_datetime_operator_2 to 2024-04-03T00:00:00+00:00, run_after=2024-04-04T00:00:00+00:00
[2024-04-04 20:48:10,703] {processor.py:161} INFO - Processing /home/dimitri/dimitri/airflowalura/venv/lib/python3.10/site-packages/airflow/example_dags/example_branch_datetime_operator.py took 0.054 seconds
[2024-04-04 20:48:43,831] {processor.py:153} INFO - Started process (PID=574938) to work on /home/dimitri/dimitri/airflowalura/venv/lib/python3.10/site-packages/airflow/example_dags/example_branch_datetime_operator.py
[2024-04-04 20:48:43,833] {processor.py:641} INFO - Processing file /home/dimitri/dimitri/airflowalura/venv/lib/python3.10/site-packages/airflow/example_dags/example_branch_datetime_operator.py for tasks to queue
[2024-04-04 20:48:43,834] {logging_mixin.py:115} INFO - [2024-04-04 20:48:43,834] {dagbag.py:507} INFO - Filling up the DagBag from /home/dimitri/dimitri/airflowalura/venv/lib/python3.10/site-packages/airflow/example_dags/example_branch_datetime_operator.py
[2024-04-04 20:48:43,840] {processor.py:651} INFO - DAG(s) dict_keys(['example_branch_datetime_operator_2']) retrieved from /home/dimitri/dimitri/airflowalura/venv/lib/python3.10/site-packages/airflow/example_dags/example_branch_datetime_operator.py
[2024-04-04 20:48:43,852] {logging_mixin.py:115} INFO - [2024-04-04 20:48:43,852] {dag.py:2379} INFO - Sync 1 DAGs
[2024-04-04 20:48:43,863] {logging_mixin.py:115} INFO - [2024-04-04 20:48:43,862] {dag.py:2927} INFO - Setting next_dagrun for example_branch_datetime_operator_2 to 2024-04-03T00:00:00+00:00, run_after=2024-04-04T00:00:00+00:00
[2024-04-04 20:48:43,880] {processor.py:161} INFO - Processing /home/dimitri/dimitri/airflowalura/venv/lib/python3.10/site-packages/airflow/example_dags/example_branch_datetime_operator.py took 0.051 seconds
[2024-04-04 20:49:15,633] {processor.py:153} INFO - Started process (PID=575062) to work on /home/dimitri/dimitri/airflowalura/venv/lib/python3.10/site-packages/airflow/example_dags/example_branch_datetime_operator.py
[2024-04-04 20:49:15,634] {processor.py:641} INFO - Processing file /home/dimitri/dimitri/airflowalura/venv/lib/python3.10/site-packages/airflow/example_dags/example_branch_datetime_operator.py for tasks to queue
[2024-04-04 20:49:15,634] {logging_mixin.py:115} INFO - [2024-04-04 20:49:15,634] {dagbag.py:507} INFO - Filling up the DagBag from /home/dimitri/dimitri/airflowalura/venv/lib/python3.10/site-packages/airflow/example_dags/example_branch_datetime_operator.py
[2024-04-04 20:49:15,639] {processor.py:651} INFO - DAG(s) dict_keys(['example_branch_datetime_operator_2']) retrieved from /home/dimitri/dimitri/airflowalura/venv/lib/python3.10/site-packages/airflow/example_dags/example_branch_datetime_operator.py
[2024-04-04 20:49:15,650] {logging_mixin.py:115} INFO - [2024-04-04 20:49:15,650] {dag.py:2379} INFO - Sync 1 DAGs
[2024-04-04 20:49:15,660] {logging_mixin.py:115} INFO - [2024-04-04 20:49:15,660] {dag.py:2927} INFO - Setting next_dagrun for example_branch_datetime_operator_2 to 2024-04-03T00:00:00+00:00, run_after=2024-04-04T00:00:00+00:00
[2024-04-04 20:49:15,676] {processor.py:161} INFO - Processing /home/dimitri/dimitri/airflowalura/venv/lib/python3.10/site-packages/airflow/example_dags/example_branch_datetime_operator.py took 0.047 seconds
[2024-04-04 20:49:48,924] {processor.py:153} INFO - Started process (PID=575195) to work on /home/dimitri/dimitri/airflowalura/venv/lib/python3.10/site-packages/airflow/example_dags/example_branch_datetime_operator.py
[2024-04-04 20:49:48,925] {processor.py:641} INFO - Processing file /home/dimitri/dimitri/airflowalura/venv/lib/python3.10/site-packages/airflow/example_dags/example_branch_datetime_operator.py for tasks to queue
[2024-04-04 20:49:48,925] {logging_mixin.py:115} INFO - [2024-04-04 20:49:48,925] {dagbag.py:507} INFO - Filling up the DagBag from /home/dimitri/dimitri/airflowalura/venv/lib/python3.10/site-packages/airflow/example_dags/example_branch_datetime_operator.py
[2024-04-04 20:49:48,933] {processor.py:651} INFO - DAG(s) dict_keys(['example_branch_datetime_operator_2']) retrieved from /home/dimitri/dimitri/airflowalura/venv/lib/python3.10/site-packages/airflow/example_dags/example_branch_datetime_operator.py
[2024-04-04 20:49:48,959] {logging_mixin.py:115} INFO - [2024-04-04 20:49:48,959] {dag.py:2379} INFO - Sync 1 DAGs
[2024-04-04 20:49:48,987] {logging_mixin.py:115} INFO - [2024-04-04 20:49:48,987] {dag.py:2927} INFO - Setting next_dagrun for example_branch_datetime_operator_2 to 2024-04-03T00:00:00+00:00, run_after=2024-04-04T00:00:00+00:00
[2024-04-04 20:49:49,016] {processor.py:161} INFO - Processing /home/dimitri/dimitri/airflowalura/venv/lib/python3.10/site-packages/airflow/example_dags/example_branch_datetime_operator.py took 0.094 seconds
[2024-04-04 20:50:21,378] {processor.py:153} INFO - Started process (PID=575324) to work on /home/dimitri/dimitri/airflowalura/venv/lib/python3.10/site-packages/airflow/example_dags/example_branch_datetime_operator.py
[2024-04-04 20:50:21,380] {processor.py:641} INFO - Processing file /home/dimitri/dimitri/airflowalura/venv/lib/python3.10/site-packages/airflow/example_dags/example_branch_datetime_operator.py for tasks to queue
[2024-04-04 20:50:21,381] {logging_mixin.py:115} INFO - [2024-04-04 20:50:21,381] {dagbag.py:507} INFO - Filling up the DagBag from /home/dimitri/dimitri/airflowalura/venv/lib/python3.10/site-packages/airflow/example_dags/example_branch_datetime_operator.py
[2024-04-04 20:50:21,387] {processor.py:651} INFO - DAG(s) dict_keys(['example_branch_datetime_operator_2']) retrieved from /home/dimitri/dimitri/airflowalura/venv/lib/python3.10/site-packages/airflow/example_dags/example_branch_datetime_operator.py
[2024-04-04 20:50:21,398] {logging_mixin.py:115} INFO - [2024-04-04 20:50:21,398] {dag.py:2379} INFO - Sync 1 DAGs
[2024-04-04 20:50:21,408] {logging_mixin.py:115} INFO - [2024-04-04 20:50:21,408] {dag.py:2927} INFO - Setting next_dagrun for example_branch_datetime_operator_2 to 2024-04-03T00:00:00+00:00, run_after=2024-04-04T00:00:00+00:00
[2024-04-04 20:50:21,425] {processor.py:161} INFO - Processing /home/dimitri/dimitri/airflowalura/venv/lib/python3.10/site-packages/airflow/example_dags/example_branch_datetime_operator.py took 0.049 seconds
[2024-04-04 20:50:56,959] {processor.py:153} INFO - Started process (PID=575463) to work on /home/dimitri/dimitri/airflowalura/venv/lib/python3.10/site-packages/airflow/example_dags/example_branch_datetime_operator.py
[2024-04-04 20:50:56,961] {processor.py:641} INFO - Processing file /home/dimitri/dimitri/airflowalura/venv/lib/python3.10/site-packages/airflow/example_dags/example_branch_datetime_operator.py for tasks to queue
[2024-04-04 20:50:56,962] {logging_mixin.py:115} INFO - [2024-04-04 20:50:56,962] {dagbag.py:507} INFO - Filling up the DagBag from /home/dimitri/dimitri/airflowalura/venv/lib/python3.10/site-packages/airflow/example_dags/example_branch_datetime_operator.py
[2024-04-04 20:50:56,968] {processor.py:651} INFO - DAG(s) dict_keys(['example_branch_datetime_operator_2']) retrieved from /home/dimitri/dimitri/airflowalura/venv/lib/python3.10/site-packages/airflow/example_dags/example_branch_datetime_operator.py
[2024-04-04 20:50:56,982] {logging_mixin.py:115} INFO - [2024-04-04 20:50:56,982] {dag.py:2379} INFO - Sync 1 DAGs
[2024-04-04 20:50:56,994] {logging_mixin.py:115} INFO - [2024-04-04 20:50:56,994] {dag.py:2927} INFO - Setting next_dagrun for example_branch_datetime_operator_2 to 2024-04-03T00:00:00+00:00, run_after=2024-04-04T00:00:00+00:00
[2024-04-04 20:50:57,013] {processor.py:161} INFO - Processing /home/dimitri/dimitri/airflowalura/venv/lib/python3.10/site-packages/airflow/example_dags/example_branch_datetime_operator.py took 0.056 seconds
[2024-04-04 20:51:28,468] {processor.py:153} INFO - Started process (PID=575585) to work on /home/dimitri/dimitri/airflowalura/venv/lib/python3.10/site-packages/airflow/example_dags/example_branch_datetime_operator.py
[2024-04-04 20:51:28,471] {processor.py:641} INFO - Processing file /home/dimitri/dimitri/airflowalura/venv/lib/python3.10/site-packages/airflow/example_dags/example_branch_datetime_operator.py for tasks to queue
[2024-04-04 20:51:28,471] {logging_mixin.py:115} INFO - [2024-04-04 20:51:28,471] {dagbag.py:507} INFO - Filling up the DagBag from /home/dimitri/dimitri/airflowalura/venv/lib/python3.10/site-packages/airflow/example_dags/example_branch_datetime_operator.py
[2024-04-04 20:51:28,477] {processor.py:651} INFO - DAG(s) dict_keys(['example_branch_datetime_operator_2']) retrieved from /home/dimitri/dimitri/airflowalura/venv/lib/python3.10/site-packages/airflow/example_dags/example_branch_datetime_operator.py
[2024-04-04 20:51:28,494] {logging_mixin.py:115} INFO - [2024-04-04 20:51:28,494] {dag.py:2379} INFO - Sync 1 DAGs
[2024-04-04 20:51:28,506] {logging_mixin.py:115} INFO - [2024-04-04 20:51:28,506] {dag.py:2927} INFO - Setting next_dagrun for example_branch_datetime_operator_2 to 2024-04-03T00:00:00+00:00, run_after=2024-04-04T00:00:00+00:00
[2024-04-04 20:51:28,524] {processor.py:161} INFO - Processing /home/dimitri/dimitri/airflowalura/venv/lib/python3.10/site-packages/airflow/example_dags/example_branch_datetime_operator.py took 0.058 seconds
[2024-04-04 20:52:02,458] {processor.py:153} INFO - Started process (PID=575720) to work on /home/dimitri/dimitri/airflowalura/venv/lib/python3.10/site-packages/airflow/example_dags/example_branch_datetime_operator.py
[2024-04-04 20:52:02,459] {processor.py:641} INFO - Processing file /home/dimitri/dimitri/airflowalura/venv/lib/python3.10/site-packages/airflow/example_dags/example_branch_datetime_operator.py for tasks to queue
[2024-04-04 20:52:02,459] {logging_mixin.py:115} INFO - [2024-04-04 20:52:02,459] {dagbag.py:507} INFO - Filling up the DagBag from /home/dimitri/dimitri/airflowalura/venv/lib/python3.10/site-packages/airflow/example_dags/example_branch_datetime_operator.py
[2024-04-04 20:52:02,464] {processor.py:651} INFO - DAG(s) dict_keys(['example_branch_datetime_operator_2']) retrieved from /home/dimitri/dimitri/airflowalura/venv/lib/python3.10/site-packages/airflow/example_dags/example_branch_datetime_operator.py
[2024-04-04 20:52:02,477] {logging_mixin.py:115} INFO - [2024-04-04 20:52:02,477] {dag.py:2379} INFO - Sync 1 DAGs
[2024-04-04 20:52:02,490] {logging_mixin.py:115} INFO - [2024-04-04 20:52:02,490] {dag.py:2927} INFO - Setting next_dagrun for example_branch_datetime_operator_2 to 2024-04-03T00:00:00+00:00, run_after=2024-04-04T00:00:00+00:00
[2024-04-04 20:52:02,506] {processor.py:161} INFO - Processing /home/dimitri/dimitri/airflowalura/venv/lib/python3.10/site-packages/airflow/example_dags/example_branch_datetime_operator.py took 0.050 seconds
[2024-04-04 20:52:36,258] {processor.py:153} INFO - Started process (PID=575848) to work on /home/dimitri/dimitri/airflowalura/venv/lib/python3.10/site-packages/airflow/example_dags/example_branch_datetime_operator.py
[2024-04-04 20:52:36,261] {processor.py:641} INFO - Processing file /home/dimitri/dimitri/airflowalura/venv/lib/python3.10/site-packages/airflow/example_dags/example_branch_datetime_operator.py for tasks to queue
[2024-04-04 20:52:36,261] {logging_mixin.py:115} INFO - [2024-04-04 20:52:36,261] {dagbag.py:507} INFO - Filling up the DagBag from /home/dimitri/dimitri/airflowalura/venv/lib/python3.10/site-packages/airflow/example_dags/example_branch_datetime_operator.py
[2024-04-04 20:52:36,267] {processor.py:651} INFO - DAG(s) dict_keys(['example_branch_datetime_operator_2']) retrieved from /home/dimitri/dimitri/airflowalura/venv/lib/python3.10/site-packages/airflow/example_dags/example_branch_datetime_operator.py
[2024-04-04 20:52:36,280] {logging_mixin.py:115} INFO - [2024-04-04 20:52:36,280] {dag.py:2379} INFO - Sync 1 DAGs
[2024-04-04 20:52:36,292] {logging_mixin.py:115} INFO - [2024-04-04 20:52:36,292] {dag.py:2927} INFO - Setting next_dagrun for example_branch_datetime_operator_2 to 2024-04-03T00:00:00+00:00, run_after=2024-04-04T00:00:00+00:00
[2024-04-04 20:52:36,309] {processor.py:161} INFO - Processing /home/dimitri/dimitri/airflowalura/venv/lib/python3.10/site-packages/airflow/example_dags/example_branch_datetime_operator.py took 0.052 seconds
[2024-04-04 20:53:11,275] {processor.py:153} INFO - Started process (PID=575982) to work on /home/dimitri/dimitri/airflowalura/venv/lib/python3.10/site-packages/airflow/example_dags/example_branch_datetime_operator.py
[2024-04-04 20:53:11,278] {processor.py:641} INFO - Processing file /home/dimitri/dimitri/airflowalura/venv/lib/python3.10/site-packages/airflow/example_dags/example_branch_datetime_operator.py for tasks to queue
[2024-04-04 20:53:11,278] {logging_mixin.py:115} INFO - [2024-04-04 20:53:11,278] {dagbag.py:507} INFO - Filling up the DagBag from /home/dimitri/dimitri/airflowalura/venv/lib/python3.10/site-packages/airflow/example_dags/example_branch_datetime_operator.py
[2024-04-04 20:53:11,284] {processor.py:651} INFO - DAG(s) dict_keys(['example_branch_datetime_operator_2']) retrieved from /home/dimitri/dimitri/airflowalura/venv/lib/python3.10/site-packages/airflow/example_dags/example_branch_datetime_operator.py
[2024-04-04 20:53:11,294] {logging_mixin.py:115} INFO - [2024-04-04 20:53:11,294] {dag.py:2379} INFO - Sync 1 DAGs
[2024-04-04 20:53:11,304] {logging_mixin.py:115} INFO - [2024-04-04 20:53:11,304] {dag.py:2927} INFO - Setting next_dagrun for example_branch_datetime_operator_2 to 2024-04-03T00:00:00+00:00, run_after=2024-04-04T00:00:00+00:00
[2024-04-04 20:53:11,320] {processor.py:161} INFO - Processing /home/dimitri/dimitri/airflowalura/venv/lib/python3.10/site-packages/airflow/example_dags/example_branch_datetime_operator.py took 0.048 seconds
[2024-04-04 20:53:43,399] {processor.py:153} INFO - Started process (PID=576110) to work on /home/dimitri/dimitri/airflowalura/venv/lib/python3.10/site-packages/airflow/example_dags/example_branch_datetime_operator.py
[2024-04-04 20:53:43,401] {processor.py:641} INFO - Processing file /home/dimitri/dimitri/airflowalura/venv/lib/python3.10/site-packages/airflow/example_dags/example_branch_datetime_operator.py for tasks to queue
[2024-04-04 20:53:43,401] {logging_mixin.py:115} INFO - [2024-04-04 20:53:43,401] {dagbag.py:507} INFO - Filling up the DagBag from /home/dimitri/dimitri/airflowalura/venv/lib/python3.10/site-packages/airflow/example_dags/example_branch_datetime_operator.py
[2024-04-04 20:53:43,407] {processor.py:651} INFO - DAG(s) dict_keys(['example_branch_datetime_operator_2']) retrieved from /home/dimitri/dimitri/airflowalura/venv/lib/python3.10/site-packages/airflow/example_dags/example_branch_datetime_operator.py
[2024-04-04 20:53:43,418] {logging_mixin.py:115} INFO - [2024-04-04 20:53:43,417] {dag.py:2379} INFO - Sync 1 DAGs
[2024-04-04 20:53:43,430] {logging_mixin.py:115} INFO - [2024-04-04 20:53:43,430] {dag.py:2927} INFO - Setting next_dagrun for example_branch_datetime_operator_2 to 2024-04-03T00:00:00+00:00, run_after=2024-04-04T00:00:00+00:00
[2024-04-04 20:53:43,447] {processor.py:161} INFO - Processing /home/dimitri/dimitri/airflowalura/venv/lib/python3.10/site-packages/airflow/example_dags/example_branch_datetime_operator.py took 0.051 seconds
[2024-04-04 20:54:15,536] {processor.py:153} INFO - Started process (PID=576234) to work on /home/dimitri/dimitri/airflowalura/venv/lib/python3.10/site-packages/airflow/example_dags/example_branch_datetime_operator.py
[2024-04-04 20:54:15,538] {processor.py:641} INFO - Processing file /home/dimitri/dimitri/airflowalura/venv/lib/python3.10/site-packages/airflow/example_dags/example_branch_datetime_operator.py for tasks to queue
[2024-04-04 20:54:15,538] {logging_mixin.py:115} INFO - [2024-04-04 20:54:15,538] {dagbag.py:507} INFO - Filling up the DagBag from /home/dimitri/dimitri/airflowalura/venv/lib/python3.10/site-packages/airflow/example_dags/example_branch_datetime_operator.py
[2024-04-04 20:54:15,544] {processor.py:651} INFO - DAG(s) dict_keys(['example_branch_datetime_operator_2']) retrieved from /home/dimitri/dimitri/airflowalura/venv/lib/python3.10/site-packages/airflow/example_dags/example_branch_datetime_operator.py
[2024-04-04 20:54:15,554] {logging_mixin.py:115} INFO - [2024-04-04 20:54:15,554] {dag.py:2379} INFO - Sync 1 DAGs
[2024-04-04 20:54:15,566] {logging_mixin.py:115} INFO - [2024-04-04 20:54:15,566] {dag.py:2927} INFO - Setting next_dagrun for example_branch_datetime_operator_2 to 2024-04-03T00:00:00+00:00, run_after=2024-04-04T00:00:00+00:00
[2024-04-04 20:54:15,581] {processor.py:161} INFO - Processing /home/dimitri/dimitri/airflowalura/venv/lib/python3.10/site-packages/airflow/example_dags/example_branch_datetime_operator.py took 0.049 seconds
[2024-04-04 20:54:50,050] {processor.py:153} INFO - Started process (PID=576371) to work on /home/dimitri/dimitri/airflowalura/venv/lib/python3.10/site-packages/airflow/example_dags/example_branch_datetime_operator.py
[2024-04-04 20:54:50,053] {processor.py:641} INFO - Processing file /home/dimitri/dimitri/airflowalura/venv/lib/python3.10/site-packages/airflow/example_dags/example_branch_datetime_operator.py for tasks to queue
[2024-04-04 20:54:50,053] {logging_mixin.py:115} INFO - [2024-04-04 20:54:50,053] {dagbag.py:507} INFO - Filling up the DagBag from /home/dimitri/dimitri/airflowalura/venv/lib/python3.10/site-packages/airflow/example_dags/example_branch_datetime_operator.py
[2024-04-04 20:54:50,058] {processor.py:651} INFO - DAG(s) dict_keys(['example_branch_datetime_operator_2']) retrieved from /home/dimitri/dimitri/airflowalura/venv/lib/python3.10/site-packages/airflow/example_dags/example_branch_datetime_operator.py
[2024-04-04 20:54:50,072] {logging_mixin.py:115} INFO - [2024-04-04 20:54:50,072] {dag.py:2379} INFO - Sync 1 DAGs
[2024-04-04 20:54:50,085] {logging_mixin.py:115} INFO - [2024-04-04 20:54:50,085] {dag.py:2927} INFO - Setting next_dagrun for example_branch_datetime_operator_2 to 2024-04-03T00:00:00+00:00, run_after=2024-04-04T00:00:00+00:00
[2024-04-04 20:54:50,101] {processor.py:161} INFO - Processing /home/dimitri/dimitri/airflowalura/venv/lib/python3.10/site-packages/airflow/example_dags/example_branch_datetime_operator.py took 0.053 seconds
[2024-04-04 20:55:22,588] {processor.py:153} INFO - Started process (PID=576495) to work on /home/dimitri/dimitri/airflowalura/venv/lib/python3.10/site-packages/airflow/example_dags/example_branch_datetime_operator.py
[2024-04-04 20:55:22,591] {processor.py:641} INFO - Processing file /home/dimitri/dimitri/airflowalura/venv/lib/python3.10/site-packages/airflow/example_dags/example_branch_datetime_operator.py for tasks to queue
[2024-04-04 20:55:22,592] {logging_mixin.py:115} INFO - [2024-04-04 20:55:22,592] {dagbag.py:507} INFO - Filling up the DagBag from /home/dimitri/dimitri/airflowalura/venv/lib/python3.10/site-packages/airflow/example_dags/example_branch_datetime_operator.py
[2024-04-04 20:55:22,597] {processor.py:651} INFO - DAG(s) dict_keys(['example_branch_datetime_operator_2']) retrieved from /home/dimitri/dimitri/airflowalura/venv/lib/python3.10/site-packages/airflow/example_dags/example_branch_datetime_operator.py
[2024-04-04 20:55:22,620] {logging_mixin.py:115} INFO - [2024-04-04 20:55:22,620] {dag.py:2379} INFO - Sync 1 DAGs
[2024-04-04 20:55:22,632] {logging_mixin.py:115} INFO - [2024-04-04 20:55:22,632] {dag.py:2927} INFO - Setting next_dagrun for example_branch_datetime_operator_2 to 2024-04-03T00:00:00+00:00, run_after=2024-04-04T00:00:00+00:00
[2024-04-04 20:55:22,649] {processor.py:161} INFO - Processing /home/dimitri/dimitri/airflowalura/venv/lib/python3.10/site-packages/airflow/example_dags/example_branch_datetime_operator.py took 0.063 seconds
[2024-04-04 20:55:55,264] {processor.py:153} INFO - Started process (PID=576625) to work on /home/dimitri/dimitri/airflowalura/venv/lib/python3.10/site-packages/airflow/example_dags/example_branch_datetime_operator.py
[2024-04-04 20:55:55,267] {processor.py:641} INFO - Processing file /home/dimitri/dimitri/airflowalura/venv/lib/python3.10/site-packages/airflow/example_dags/example_branch_datetime_operator.py for tasks to queue
[2024-04-04 20:55:55,267] {logging_mixin.py:115} INFO - [2024-04-04 20:55:55,267] {dagbag.py:507} INFO - Filling up the DagBag from /home/dimitri/dimitri/airflowalura/venv/lib/python3.10/site-packages/airflow/example_dags/example_branch_datetime_operator.py
[2024-04-04 20:55:55,272] {processor.py:651} INFO - DAG(s) dict_keys(['example_branch_datetime_operator_2']) retrieved from /home/dimitri/dimitri/airflowalura/venv/lib/python3.10/site-packages/airflow/example_dags/example_branch_datetime_operator.py
[2024-04-04 20:55:55,283] {logging_mixin.py:115} INFO - [2024-04-04 20:55:55,283] {dag.py:2379} INFO - Sync 1 DAGs
[2024-04-04 20:55:55,295] {logging_mixin.py:115} INFO - [2024-04-04 20:55:55,295] {dag.py:2927} INFO - Setting next_dagrun for example_branch_datetime_operator_2 to 2024-04-03T00:00:00+00:00, run_after=2024-04-04T00:00:00+00:00
[2024-04-04 20:55:55,312] {processor.py:161} INFO - Processing /home/dimitri/dimitri/airflowalura/venv/lib/python3.10/site-packages/airflow/example_dags/example_branch_datetime_operator.py took 0.050 seconds
[2024-04-04 20:56:28,617] {processor.py:153} INFO - Started process (PID=576755) to work on /home/dimitri/dimitri/airflowalura/venv/lib/python3.10/site-packages/airflow/example_dags/example_branch_datetime_operator.py
[2024-04-04 20:56:28,619] {processor.py:641} INFO - Processing file /home/dimitri/dimitri/airflowalura/venv/lib/python3.10/site-packages/airflow/example_dags/example_branch_datetime_operator.py for tasks to queue
[2024-04-04 20:56:28,620] {logging_mixin.py:115} INFO - [2024-04-04 20:56:28,620] {dagbag.py:507} INFO - Filling up the DagBag from /home/dimitri/dimitri/airflowalura/venv/lib/python3.10/site-packages/airflow/example_dags/example_branch_datetime_operator.py
[2024-04-04 20:56:28,625] {processor.py:651} INFO - DAG(s) dict_keys(['example_branch_datetime_operator_2']) retrieved from /home/dimitri/dimitri/airflowalura/venv/lib/python3.10/site-packages/airflow/example_dags/example_branch_datetime_operator.py
[2024-04-04 20:56:28,637] {logging_mixin.py:115} INFO - [2024-04-04 20:56:28,637] {dag.py:2379} INFO - Sync 1 DAGs
[2024-04-04 20:56:28,649] {logging_mixin.py:115} INFO - [2024-04-04 20:56:28,649] {dag.py:2927} INFO - Setting next_dagrun for example_branch_datetime_operator_2 to 2024-04-03T00:00:00+00:00, run_after=2024-04-04T00:00:00+00:00
[2024-04-04 20:56:28,667] {processor.py:161} INFO - Processing /home/dimitri/dimitri/airflowalura/venv/lib/python3.10/site-packages/airflow/example_dags/example_branch_datetime_operator.py took 0.051 seconds
[2024-04-04 20:56:58,964] {processor.py:153} INFO - Started process (PID=576875) to work on /home/dimitri/dimitri/airflowalura/venv/lib/python3.10/site-packages/airflow/example_dags/example_branch_datetime_operator.py
[2024-04-04 20:56:58,966] {processor.py:641} INFO - Processing file /home/dimitri/dimitri/airflowalura/venv/lib/python3.10/site-packages/airflow/example_dags/example_branch_datetime_operator.py for tasks to queue
[2024-04-04 20:56:58,967] {logging_mixin.py:115} INFO - [2024-04-04 20:56:58,967] {dagbag.py:507} INFO - Filling up the DagBag from /home/dimitri/dimitri/airflowalura/venv/lib/python3.10/site-packages/airflow/example_dags/example_branch_datetime_operator.py
[2024-04-04 20:56:58,971] {processor.py:651} INFO - DAG(s) dict_keys(['example_branch_datetime_operator_2']) retrieved from /home/dimitri/dimitri/airflowalura/venv/lib/python3.10/site-packages/airflow/example_dags/example_branch_datetime_operator.py
[2024-04-04 20:56:58,983] {logging_mixin.py:115} INFO - [2024-04-04 20:56:58,983] {dag.py:2379} INFO - Sync 1 DAGs
[2024-04-04 20:56:58,993] {logging_mixin.py:115} INFO - [2024-04-04 20:56:58,993] {dag.py:2927} INFO - Setting next_dagrun for example_branch_datetime_operator_2 to 2024-04-03T00:00:00+00:00, run_after=2024-04-04T00:00:00+00:00
[2024-04-04 20:56:59,009] {processor.py:161} INFO - Processing /home/dimitri/dimitri/airflowalura/venv/lib/python3.10/site-packages/airflow/example_dags/example_branch_datetime_operator.py took 0.049 seconds
[2024-04-04 20:57:32,347] {processor.py:153} INFO - Started process (PID=577008) to work on /home/dimitri/dimitri/airflowalura/venv/lib/python3.10/site-packages/airflow/example_dags/example_branch_datetime_operator.py
[2024-04-04 20:57:32,350] {processor.py:641} INFO - Processing file /home/dimitri/dimitri/airflowalura/venv/lib/python3.10/site-packages/airflow/example_dags/example_branch_datetime_operator.py for tasks to queue
[2024-04-04 20:57:32,350] {logging_mixin.py:115} INFO - [2024-04-04 20:57:32,350] {dagbag.py:507} INFO - Filling up the DagBag from /home/dimitri/dimitri/airflowalura/venv/lib/python3.10/site-packages/airflow/example_dags/example_branch_datetime_operator.py
[2024-04-04 20:57:32,355] {processor.py:651} INFO - DAG(s) dict_keys(['example_branch_datetime_operator_2']) retrieved from /home/dimitri/dimitri/airflowalura/venv/lib/python3.10/site-packages/airflow/example_dags/example_branch_datetime_operator.py
[2024-04-04 20:57:32,369] {logging_mixin.py:115} INFO - [2024-04-04 20:57:32,369] {dag.py:2379} INFO - Sync 1 DAGs
[2024-04-04 20:57:32,379] {logging_mixin.py:115} INFO - [2024-04-04 20:57:32,379] {dag.py:2927} INFO - Setting next_dagrun for example_branch_datetime_operator_2 to 2024-04-03T00:00:00+00:00, run_after=2024-04-04T00:00:00+00:00
[2024-04-04 20:57:32,395] {processor.py:161} INFO - Processing /home/dimitri/dimitri/airflowalura/venv/lib/python3.10/site-packages/airflow/example_dags/example_branch_datetime_operator.py took 0.050 seconds
[2024-04-04 20:58:06,142] {processor.py:153} INFO - Started process (PID=577138) to work on /home/dimitri/dimitri/airflowalura/venv/lib/python3.10/site-packages/airflow/example_dags/example_branch_datetime_operator.py
[2024-04-04 20:58:06,144] {processor.py:641} INFO - Processing file /home/dimitri/dimitri/airflowalura/venv/lib/python3.10/site-packages/airflow/example_dags/example_branch_datetime_operator.py for tasks to queue
[2024-04-04 20:58:06,145] {logging_mixin.py:115} INFO - [2024-04-04 20:58:06,144] {dagbag.py:507} INFO - Filling up the DagBag from /home/dimitri/dimitri/airflowalura/venv/lib/python3.10/site-packages/airflow/example_dags/example_branch_datetime_operator.py
[2024-04-04 20:58:06,150] {processor.py:651} INFO - DAG(s) dict_keys(['example_branch_datetime_operator_2']) retrieved from /home/dimitri/dimitri/airflowalura/venv/lib/python3.10/site-packages/airflow/example_dags/example_branch_datetime_operator.py
[2024-04-04 20:58:06,161] {logging_mixin.py:115} INFO - [2024-04-04 20:58:06,161] {dag.py:2379} INFO - Sync 1 DAGs
[2024-04-04 20:58:06,172] {logging_mixin.py:115} INFO - [2024-04-04 20:58:06,172] {dag.py:2927} INFO - Setting next_dagrun for example_branch_datetime_operator_2 to 2024-04-03T00:00:00+00:00, run_after=2024-04-04T00:00:00+00:00
[2024-04-04 20:58:06,189] {processor.py:161} INFO - Processing /home/dimitri/dimitri/airflowalura/venv/lib/python3.10/site-packages/airflow/example_dags/example_branch_datetime_operator.py took 0.049 seconds
[2024-04-04 20:58:37,585] {processor.py:153} INFO - Started process (PID=577261) to work on /home/dimitri/dimitri/airflowalura/venv/lib/python3.10/site-packages/airflow/example_dags/example_branch_datetime_operator.py
[2024-04-04 20:58:37,587] {processor.py:641} INFO - Processing file /home/dimitri/dimitri/airflowalura/venv/lib/python3.10/site-packages/airflow/example_dags/example_branch_datetime_operator.py for tasks to queue
[2024-04-04 20:58:37,588] {logging_mixin.py:115} INFO - [2024-04-04 20:58:37,588] {dagbag.py:507} INFO - Filling up the DagBag from /home/dimitri/dimitri/airflowalura/venv/lib/python3.10/site-packages/airflow/example_dags/example_branch_datetime_operator.py
[2024-04-04 20:58:37,593] {processor.py:651} INFO - DAG(s) dict_keys(['example_branch_datetime_operator_2']) retrieved from /home/dimitri/dimitri/airflowalura/venv/lib/python3.10/site-packages/airflow/example_dags/example_branch_datetime_operator.py
[2024-04-04 20:58:37,604] {logging_mixin.py:115} INFO - [2024-04-04 20:58:37,604] {dag.py:2379} INFO - Sync 1 DAGs
[2024-04-04 20:58:37,615] {logging_mixin.py:115} INFO - [2024-04-04 20:58:37,615] {dag.py:2927} INFO - Setting next_dagrun for example_branch_datetime_operator_2 to 2024-04-03T00:00:00+00:00, run_after=2024-04-04T00:00:00+00:00
[2024-04-04 20:58:37,632] {processor.py:161} INFO - Processing /home/dimitri/dimitri/airflowalura/venv/lib/python3.10/site-packages/airflow/example_dags/example_branch_datetime_operator.py took 0.050 seconds
[2024-04-04 20:59:10,583] {processor.py:153} INFO - Started process (PID=577392) to work on /home/dimitri/dimitri/airflowalura/venv/lib/python3.10/site-packages/airflow/example_dags/example_branch_datetime_operator.py
[2024-04-04 20:59:10,586] {processor.py:641} INFO - Processing file /home/dimitri/dimitri/airflowalura/venv/lib/python3.10/site-packages/airflow/example_dags/example_branch_datetime_operator.py for tasks to queue
[2024-04-04 20:59:10,586] {logging_mixin.py:115} INFO - [2024-04-04 20:59:10,586] {dagbag.py:507} INFO - Filling up the DagBag from /home/dimitri/dimitri/airflowalura/venv/lib/python3.10/site-packages/airflow/example_dags/example_branch_datetime_operator.py
[2024-04-04 20:59:10,591] {processor.py:651} INFO - DAG(s) dict_keys(['example_branch_datetime_operator_2']) retrieved from /home/dimitri/dimitri/airflowalura/venv/lib/python3.10/site-packages/airflow/example_dags/example_branch_datetime_operator.py
[2024-04-04 20:59:10,602] {logging_mixin.py:115} INFO - [2024-04-04 20:59:10,602] {dag.py:2379} INFO - Sync 1 DAGs
[2024-04-04 20:59:10,613] {logging_mixin.py:115} INFO - [2024-04-04 20:59:10,613] {dag.py:2927} INFO - Setting next_dagrun for example_branch_datetime_operator_2 to 2024-04-03T00:00:00+00:00, run_after=2024-04-04T00:00:00+00:00
[2024-04-04 20:59:10,630] {processor.py:161} INFO - Processing /home/dimitri/dimitri/airflowalura/venv/lib/python3.10/site-packages/airflow/example_dags/example_branch_datetime_operator.py took 0.049 seconds
[2024-04-04 20:59:40,842] {processor.py:153} INFO - Started process (PID=577514) to work on /home/dimitri/dimitri/airflowalura/venv/lib/python3.10/site-packages/airflow/example_dags/example_branch_datetime_operator.py
[2024-04-04 20:59:40,845] {processor.py:641} INFO - Processing file /home/dimitri/dimitri/airflowalura/venv/lib/python3.10/site-packages/airflow/example_dags/example_branch_datetime_operator.py for tasks to queue
[2024-04-04 20:59:40,845] {logging_mixin.py:115} INFO - [2024-04-04 20:59:40,845] {dagbag.py:507} INFO - Filling up the DagBag from /home/dimitri/dimitri/airflowalura/venv/lib/python3.10/site-packages/airflow/example_dags/example_branch_datetime_operator.py
[2024-04-04 20:59:40,850] {processor.py:651} INFO - DAG(s) dict_keys(['example_branch_datetime_operator_2']) retrieved from /home/dimitri/dimitri/airflowalura/venv/lib/python3.10/site-packages/airflow/example_dags/example_branch_datetime_operator.py
[2024-04-04 20:59:40,862] {logging_mixin.py:115} INFO - [2024-04-04 20:59:40,862] {dag.py:2379} INFO - Sync 1 DAGs
[2024-04-04 20:59:40,873] {logging_mixin.py:115} INFO - [2024-04-04 20:59:40,873] {dag.py:2927} INFO - Setting next_dagrun for example_branch_datetime_operator_2 to 2024-04-03T00:00:00+00:00, run_after=2024-04-04T00:00:00+00:00
[2024-04-04 20:59:40,890] {processor.py:161} INFO - Processing /home/dimitri/dimitri/airflowalura/venv/lib/python3.10/site-packages/airflow/example_dags/example_branch_datetime_operator.py took 0.049 seconds
