[2024-04-04 20:29:07,905] {processor.py:153} INFO - Started process (PID=569882) to work on /home/dimitri/dimitri/airflowalura/venv/lib/python3.10/site-packages/airflow/example_dags/example_dag_decorator.py
[2024-04-04 20:29:07,906] {processor.py:641} INFO - Processing file /home/dimitri/dimitri/airflowalura/venv/lib/python3.10/site-packages/airflow/example_dags/example_dag_decorator.py for tasks to queue
[2024-04-04 20:29:07,906] {logging_mixin.py:115} INFO - [2024-04-04 20:29:07,906] {dagbag.py:507} INFO - Filling up the DagBag from /home/dimitri/dimitri/airflowalura/venv/lib/python3.10/site-packages/airflow/example_dags/example_dag_decorator.py
[2024-04-04 20:29:07,920] {processor.py:651} INFO - DAG(s) dict_keys(['example_dag_decorator']) retrieved from /home/dimitri/dimitri/airflowalura/venv/lib/python3.10/site-packages/airflow/example_dags/example_dag_decorator.py
[2024-04-04 20:29:07,971] {logging_mixin.py:115} INFO - [2024-04-04 20:29:07,971] {manager.py:508} INFO - Created Permission View: can read on DAG:example_dag_decorator
[2024-04-04 20:29:07,984] {logging_mixin.py:115} INFO - [2024-04-04 20:29:07,984] {manager.py:508} INFO - Created Permission View: can edit on DAG:example_dag_decorator
[2024-04-04 20:29:07,996] {logging_mixin.py:115} INFO - [2024-04-04 20:29:07,996] {manager.py:508} INFO - Created Permission View: can delete on DAG:example_dag_decorator
[2024-04-04 20:29:07,996] {logging_mixin.py:115} INFO - [2024-04-04 20:29:07,996] {dag.py:2379} INFO - Sync 1 DAGs
[2024-04-04 20:29:08,001] {logging_mixin.py:115} INFO - [2024-04-04 20:29:08,001] {dag.py:2398} INFO - Creating ORM DAG for example_dag_decorator
[2024-04-04 20:29:08,007] {logging_mixin.py:115} INFO - [2024-04-04 20:29:08,007] {dag.py:2927} INFO - Setting next_dagrun for example_dag_decorator to None, run_after=None
[2024-04-04 20:29:08,025] {processor.py:161} INFO - Processing /home/dimitri/dimitri/airflowalura/venv/lib/python3.10/site-packages/airflow/example_dags/example_dag_decorator.py took 0.122 seconds
[2024-04-04 20:29:43,121] {processor.py:153} INFO - Started process (PID=570204) to work on /home/dimitri/dimitri/airflowalura/venv/lib/python3.10/site-packages/airflow/example_dags/example_dag_decorator.py
[2024-04-04 20:29:43,123] {processor.py:641} INFO - Processing file /home/dimitri/dimitri/airflowalura/venv/lib/python3.10/site-packages/airflow/example_dags/example_dag_decorator.py for tasks to queue
[2024-04-04 20:29:43,126] {logging_mixin.py:115} INFO - [2024-04-04 20:29:43,125] {dagbag.py:507} INFO - Filling up the DagBag from /home/dimitri/dimitri/airflowalura/venv/lib/python3.10/site-packages/airflow/example_dags/example_dag_decorator.py
[2024-04-04 20:29:43,186] {processor.py:651} INFO - DAG(s) dict_keys(['example_dag_decorator']) retrieved from /home/dimitri/dimitri/airflowalura/venv/lib/python3.10/site-packages/airflow/example_dags/example_dag_decorator.py
[2024-04-04 20:29:43,254] {logging_mixin.py:115} INFO - [2024-04-04 20:29:43,254] {dag.py:2379} INFO - Sync 1 DAGs
[2024-04-04 20:29:43,287] {logging_mixin.py:115} INFO - [2024-04-04 20:29:43,287] {dag.py:2927} INFO - Setting next_dagrun for example_dag_decorator to None, run_after=None
[2024-04-04 20:29:43,333] {processor.py:161} INFO - Processing /home/dimitri/dimitri/airflowalura/venv/lib/python3.10/site-packages/airflow/example_dags/example_dag_decorator.py took 0.217 seconds
[2024-04-04 20:30:15,788] {processor.py:153} INFO - Started process (PID=570371) to work on /home/dimitri/dimitri/airflowalura/venv/lib/python3.10/site-packages/airflow/example_dags/example_dag_decorator.py
[2024-04-04 20:30:15,788] {processor.py:641} INFO - Processing file /home/dimitri/dimitri/airflowalura/venv/lib/python3.10/site-packages/airflow/example_dags/example_dag_decorator.py for tasks to queue
[2024-04-04 20:30:15,788] {logging_mixin.py:115} INFO - [2024-04-04 20:30:15,788] {dagbag.py:507} INFO - Filling up the DagBag from /home/dimitri/dimitri/airflowalura/venv/lib/python3.10/site-packages/airflow/example_dags/example_dag_decorator.py
[2024-04-04 20:30:15,809] {processor.py:651} INFO - DAG(s) dict_keys(['example_dag_decorator']) retrieved from /home/dimitri/dimitri/airflowalura/venv/lib/python3.10/site-packages/airflow/example_dags/example_dag_decorator.py
[2024-04-04 20:30:15,835] {logging_mixin.py:115} INFO - [2024-04-04 20:30:15,835] {dag.py:2379} INFO - Sync 1 DAGs
[2024-04-04 20:30:15,845] {logging_mixin.py:115} INFO - [2024-04-04 20:30:15,844] {dag.py:2927} INFO - Setting next_dagrun for example_dag_decorator to None, run_after=None
[2024-04-04 20:30:15,861] {processor.py:161} INFO - Processing /home/dimitri/dimitri/airflowalura/venv/lib/python3.10/site-packages/airflow/example_dags/example_dag_decorator.py took 0.076 seconds
[2024-04-04 20:30:49,158] {processor.py:153} INFO - Started process (PID=570513) to work on /home/dimitri/dimitri/airflowalura/venv/lib/python3.10/site-packages/airflow/example_dags/example_dag_decorator.py
[2024-04-04 20:30:49,159] {processor.py:641} INFO - Processing file /home/dimitri/dimitri/airflowalura/venv/lib/python3.10/site-packages/airflow/example_dags/example_dag_decorator.py for tasks to queue
[2024-04-04 20:30:49,159] {logging_mixin.py:115} INFO - [2024-04-04 20:30:49,159] {dagbag.py:507} INFO - Filling up the DagBag from /home/dimitri/dimitri/airflowalura/venv/lib/python3.10/site-packages/airflow/example_dags/example_dag_decorator.py
[2024-04-04 20:30:49,175] {processor.py:651} INFO - DAG(s) dict_keys(['example_dag_decorator']) retrieved from /home/dimitri/dimitri/airflowalura/venv/lib/python3.10/site-packages/airflow/example_dags/example_dag_decorator.py
[2024-04-04 20:30:49,183] {logging_mixin.py:115} INFO - [2024-04-04 20:30:49,183] {dag.py:2379} INFO - Sync 1 DAGs
[2024-04-04 20:30:49,193] {logging_mixin.py:115} INFO - [2024-04-04 20:30:49,193] {dag.py:2927} INFO - Setting next_dagrun for example_dag_decorator to None, run_after=None
[2024-04-04 20:30:49,209] {processor.py:161} INFO - Processing /home/dimitri/dimitri/airflowalura/venv/lib/python3.10/site-packages/airflow/example_dags/example_dag_decorator.py took 0.054 seconds
[2024-04-04 20:31:22,420] {processor.py:153} INFO - Started process (PID=570643) to work on /home/dimitri/dimitri/airflowalura/venv/lib/python3.10/site-packages/airflow/example_dags/example_dag_decorator.py
[2024-04-04 20:31:22,423] {processor.py:641} INFO - Processing file /home/dimitri/dimitri/airflowalura/venv/lib/python3.10/site-packages/airflow/example_dags/example_dag_decorator.py for tasks to queue
[2024-04-04 20:31:22,423] {logging_mixin.py:115} INFO - [2024-04-04 20:31:22,423] {dagbag.py:507} INFO - Filling up the DagBag from /home/dimitri/dimitri/airflowalura/venv/lib/python3.10/site-packages/airflow/example_dags/example_dag_decorator.py
[2024-04-04 20:31:22,440] {processor.py:651} INFO - DAG(s) dict_keys(['example_dag_decorator']) retrieved from /home/dimitri/dimitri/airflowalura/venv/lib/python3.10/site-packages/airflow/example_dags/example_dag_decorator.py
[2024-04-04 20:31:22,464] {logging_mixin.py:115} INFO - [2024-04-04 20:31:22,464] {dag.py:2379} INFO - Sync 1 DAGs
[2024-04-04 20:31:22,472] {logging_mixin.py:115} INFO - [2024-04-04 20:31:22,472] {dag.py:2927} INFO - Setting next_dagrun for example_dag_decorator to None, run_after=None
[2024-04-04 20:31:22,489] {processor.py:161} INFO - Processing /home/dimitri/dimitri/airflowalura/venv/lib/python3.10/site-packages/airflow/example_dags/example_dag_decorator.py took 0.070 seconds
[2024-04-04 20:31:55,715] {processor.py:153} INFO - Started process (PID=570772) to work on /home/dimitri/dimitri/airflowalura/venv/lib/python3.10/site-packages/airflow/example_dags/example_dag_decorator.py
[2024-04-04 20:31:55,716] {processor.py:641} INFO - Processing file /home/dimitri/dimitri/airflowalura/venv/lib/python3.10/site-packages/airflow/example_dags/example_dag_decorator.py for tasks to queue
[2024-04-04 20:31:55,717] {logging_mixin.py:115} INFO - [2024-04-04 20:31:55,717] {dagbag.py:507} INFO - Filling up the DagBag from /home/dimitri/dimitri/airflowalura/venv/lib/python3.10/site-packages/airflow/example_dags/example_dag_decorator.py
[2024-04-04 20:31:55,740] {processor.py:651} INFO - DAG(s) dict_keys(['example_dag_decorator']) retrieved from /home/dimitri/dimitri/airflowalura/venv/lib/python3.10/site-packages/airflow/example_dags/example_dag_decorator.py
[2024-04-04 20:31:55,769] {logging_mixin.py:115} INFO - [2024-04-04 20:31:55,769] {dag.py:2379} INFO - Sync 1 DAGs
[2024-04-04 20:31:55,777] {logging_mixin.py:115} INFO - [2024-04-04 20:31:55,777] {dag.py:2927} INFO - Setting next_dagrun for example_dag_decorator to None, run_after=None
[2024-04-04 20:31:55,794] {processor.py:161} INFO - Processing /home/dimitri/dimitri/airflowalura/venv/lib/python3.10/site-packages/airflow/example_dags/example_dag_decorator.py took 0.081 seconds
[2024-04-04 20:32:28,428] {processor.py:153} INFO - Started process (PID=570899) to work on /home/dimitri/dimitri/airflowalura/venv/lib/python3.10/site-packages/airflow/example_dags/example_dag_decorator.py
[2024-04-04 20:32:28,429] {processor.py:641} INFO - Processing file /home/dimitri/dimitri/airflowalura/venv/lib/python3.10/site-packages/airflow/example_dags/example_dag_decorator.py for tasks to queue
[2024-04-04 20:32:28,430] {logging_mixin.py:115} INFO - [2024-04-04 20:32:28,430] {dagbag.py:507} INFO - Filling up the DagBag from /home/dimitri/dimitri/airflowalura/venv/lib/python3.10/site-packages/airflow/example_dags/example_dag_decorator.py
[2024-04-04 20:32:28,446] {processor.py:651} INFO - DAG(s) dict_keys(['example_dag_decorator']) retrieved from /home/dimitri/dimitri/airflowalura/venv/lib/python3.10/site-packages/airflow/example_dags/example_dag_decorator.py
[2024-04-04 20:32:28,468] {logging_mixin.py:115} INFO - [2024-04-04 20:32:28,468] {dag.py:2379} INFO - Sync 1 DAGs
[2024-04-04 20:32:28,476] {logging_mixin.py:115} INFO - [2024-04-04 20:32:28,476] {dag.py:2927} INFO - Setting next_dagrun for example_dag_decorator to None, run_after=None
[2024-04-04 20:32:28,491] {processor.py:161} INFO - Processing /home/dimitri/dimitri/airflowalura/venv/lib/python3.10/site-packages/airflow/example_dags/example_dag_decorator.py took 0.065 seconds
[2024-04-04 20:32:55,842] {processor.py:153} INFO - Started process (PID=571153) to work on /home/dimitri/dimitri/airflowalura/venv/lib/python3.10/site-packages/airflow/example_dags/example_dag_decorator.py
[2024-04-04 20:32:55,844] {processor.py:641} INFO - Processing file /home/dimitri/dimitri/airflowalura/venv/lib/python3.10/site-packages/airflow/example_dags/example_dag_decorator.py for tasks to queue
[2024-04-04 20:32:55,845] {logging_mixin.py:115} INFO - [2024-04-04 20:32:55,845] {dagbag.py:507} INFO - Filling up the DagBag from /home/dimitri/dimitri/airflowalura/venv/lib/python3.10/site-packages/airflow/example_dags/example_dag_decorator.py
[2024-04-04 20:32:55,865] {processor.py:651} INFO - DAG(s) dict_keys(['example_dag_decorator']) retrieved from /home/dimitri/dimitri/airflowalura/venv/lib/python3.10/site-packages/airflow/example_dags/example_dag_decorator.py
[2024-04-04 20:32:55,874] {logging_mixin.py:115} INFO - [2024-04-04 20:32:55,874] {dag.py:2379} INFO - Sync 1 DAGs
[2024-04-04 20:32:55,884] {logging_mixin.py:115} INFO - [2024-04-04 20:32:55,884] {dag.py:2927} INFO - Setting next_dagrun for example_dag_decorator to None, run_after=None
[2024-04-04 20:32:55,906] {processor.py:161} INFO - Processing /home/dimitri/dimitri/airflowalura/venv/lib/python3.10/site-packages/airflow/example_dags/example_dag_decorator.py took 0.067 seconds
[2024-04-04 20:33:26,888] {processor.py:153} INFO - Started process (PID=571283) to work on /home/dimitri/dimitri/airflowalura/venv/lib/python3.10/site-packages/airflow/example_dags/example_dag_decorator.py
[2024-04-04 20:33:26,890] {processor.py:641} INFO - Processing file /home/dimitri/dimitri/airflowalura/venv/lib/python3.10/site-packages/airflow/example_dags/example_dag_decorator.py for tasks to queue
[2024-04-04 20:33:26,890] {logging_mixin.py:115} INFO - [2024-04-04 20:33:26,890] {dagbag.py:507} INFO - Filling up the DagBag from /home/dimitri/dimitri/airflowalura/venv/lib/python3.10/site-packages/airflow/example_dags/example_dag_decorator.py
[2024-04-04 20:33:26,907] {processor.py:651} INFO - DAG(s) dict_keys(['example_dag_decorator']) retrieved from /home/dimitri/dimitri/airflowalura/venv/lib/python3.10/site-packages/airflow/example_dags/example_dag_decorator.py
[2024-04-04 20:33:26,938] {logging_mixin.py:115} INFO - [2024-04-04 20:33:26,938] {dag.py:2379} INFO - Sync 1 DAGs
[2024-04-04 20:33:26,949] {logging_mixin.py:115} INFO - [2024-04-04 20:33:26,949] {dag.py:2927} INFO - Setting next_dagrun for example_dag_decorator to None, run_after=None
[2024-04-04 20:33:26,969] {processor.py:161} INFO - Processing /home/dimitri/dimitri/airflowalura/venv/lib/python3.10/site-packages/airflow/example_dags/example_dag_decorator.py took 0.083 seconds
[2024-04-04 20:34:00,731] {processor.py:153} INFO - Started process (PID=571416) to work on /home/dimitri/dimitri/airflowalura/venv/lib/python3.10/site-packages/airflow/example_dags/example_dag_decorator.py
[2024-04-04 20:34:00,732] {processor.py:641} INFO - Processing file /home/dimitri/dimitri/airflowalura/venv/lib/python3.10/site-packages/airflow/example_dags/example_dag_decorator.py for tasks to queue
[2024-04-04 20:34:00,733] {logging_mixin.py:115} INFO - [2024-04-04 20:34:00,733] {dagbag.py:507} INFO - Filling up the DagBag from /home/dimitri/dimitri/airflowalura/venv/lib/python3.10/site-packages/airflow/example_dags/example_dag_decorator.py
[2024-04-04 20:34:00,747] {processor.py:651} INFO - DAG(s) dict_keys(['example_dag_decorator']) retrieved from /home/dimitri/dimitri/airflowalura/venv/lib/python3.10/site-packages/airflow/example_dags/example_dag_decorator.py
[2024-04-04 20:34:00,756] {logging_mixin.py:115} INFO - [2024-04-04 20:34:00,755] {dag.py:2379} INFO - Sync 1 DAGs
[2024-04-04 20:34:00,765] {logging_mixin.py:115} INFO - [2024-04-04 20:34:00,765] {dag.py:2927} INFO - Setting next_dagrun for example_dag_decorator to None, run_after=None
[2024-04-04 20:34:00,780] {processor.py:161} INFO - Processing /home/dimitri/dimitri/airflowalura/venv/lib/python3.10/site-packages/airflow/example_dags/example_dag_decorator.py took 0.051 seconds
[2024-04-04 20:34:35,001] {processor.py:153} INFO - Started process (PID=571546) to work on /home/dimitri/dimitri/airflowalura/venv/lib/python3.10/site-packages/airflow/example_dags/example_dag_decorator.py
[2024-04-04 20:34:35,005] {processor.py:641} INFO - Processing file /home/dimitri/dimitri/airflowalura/venv/lib/python3.10/site-packages/airflow/example_dags/example_dag_decorator.py for tasks to queue
[2024-04-04 20:34:35,005] {logging_mixin.py:115} INFO - [2024-04-04 20:34:35,005] {dagbag.py:507} INFO - Filling up the DagBag from /home/dimitri/dimitri/airflowalura/venv/lib/python3.10/site-packages/airflow/example_dags/example_dag_decorator.py
[2024-04-04 20:34:35,022] {processor.py:651} INFO - DAG(s) dict_keys(['example_dag_decorator']) retrieved from /home/dimitri/dimitri/airflowalura/venv/lib/python3.10/site-packages/airflow/example_dags/example_dag_decorator.py
[2024-04-04 20:34:35,031] {logging_mixin.py:115} INFO - [2024-04-04 20:34:35,031] {dag.py:2379} INFO - Sync 1 DAGs
[2024-04-04 20:34:35,039] {logging_mixin.py:115} INFO - [2024-04-04 20:34:35,039] {dag.py:2927} INFO - Setting next_dagrun for example_dag_decorator to None, run_after=None
[2024-04-04 20:34:35,055] {processor.py:161} INFO - Processing /home/dimitri/dimitri/airflowalura/venv/lib/python3.10/site-packages/airflow/example_dags/example_dag_decorator.py took 0.057 seconds
[2024-04-04 20:35:07,551] {processor.py:153} INFO - Started process (PID=571678) to work on /home/dimitri/dimitri/airflowalura/venv/lib/python3.10/site-packages/airflow/example_dags/example_dag_decorator.py
[2024-04-04 20:35:07,554] {processor.py:641} INFO - Processing file /home/dimitri/dimitri/airflowalura/venv/lib/python3.10/site-packages/airflow/example_dags/example_dag_decorator.py for tasks to queue
[2024-04-04 20:35:07,555] {logging_mixin.py:115} INFO - [2024-04-04 20:35:07,555] {dagbag.py:507} INFO - Filling up the DagBag from /home/dimitri/dimitri/airflowalura/venv/lib/python3.10/site-packages/airflow/example_dags/example_dag_decorator.py
[2024-04-04 20:35:07,569] {processor.py:651} INFO - DAG(s) dict_keys(['example_dag_decorator']) retrieved from /home/dimitri/dimitri/airflowalura/venv/lib/python3.10/site-packages/airflow/example_dags/example_dag_decorator.py
[2024-04-04 20:35:07,577] {logging_mixin.py:115} INFO - [2024-04-04 20:35:07,577] {dag.py:2379} INFO - Sync 1 DAGs
[2024-04-04 20:35:07,587] {logging_mixin.py:115} INFO - [2024-04-04 20:35:07,587] {dag.py:2927} INFO - Setting next_dagrun for example_dag_decorator to None, run_after=None
[2024-04-04 20:35:07,602] {processor.py:161} INFO - Processing /home/dimitri/dimitri/airflowalura/venv/lib/python3.10/site-packages/airflow/example_dags/example_dag_decorator.py took 0.054 seconds
[2024-04-04 20:35:40,860] {processor.py:153} INFO - Started process (PID=571810) to work on /home/dimitri/dimitri/airflowalura/venv/lib/python3.10/site-packages/airflow/example_dags/example_dag_decorator.py
[2024-04-04 20:35:40,862] {processor.py:641} INFO - Processing file /home/dimitri/dimitri/airflowalura/venv/lib/python3.10/site-packages/airflow/example_dags/example_dag_decorator.py for tasks to queue
[2024-04-04 20:35:40,863] {logging_mixin.py:115} INFO - [2024-04-04 20:35:40,862] {dagbag.py:507} INFO - Filling up the DagBag from /home/dimitri/dimitri/airflowalura/venv/lib/python3.10/site-packages/airflow/example_dags/example_dag_decorator.py
[2024-04-04 20:35:40,878] {processor.py:651} INFO - DAG(s) dict_keys(['example_dag_decorator']) retrieved from /home/dimitri/dimitri/airflowalura/venv/lib/python3.10/site-packages/airflow/example_dags/example_dag_decorator.py
[2024-04-04 20:35:40,887] {logging_mixin.py:115} INFO - [2024-04-04 20:35:40,887] {dag.py:2379} INFO - Sync 1 DAGs
[2024-04-04 20:35:40,896] {logging_mixin.py:115} INFO - [2024-04-04 20:35:40,896] {dag.py:2927} INFO - Setting next_dagrun for example_dag_decorator to None, run_after=None
[2024-04-04 20:35:40,911] {processor.py:161} INFO - Processing /home/dimitri/dimitri/airflowalura/venv/lib/python3.10/site-packages/airflow/example_dags/example_dag_decorator.py took 0.053 seconds
[2024-04-04 20:36:25,004] {processor.py:153} INFO - Started process (PID=571991) to work on /home/dimitri/dimitri/airflowalura/venv/lib/python3.10/site-packages/airflow/example_dags/example_dag_decorator.py
[2024-04-04 20:36:25,006] {processor.py:641} INFO - Processing file /home/dimitri/dimitri/airflowalura/venv/lib/python3.10/site-packages/airflow/example_dags/example_dag_decorator.py for tasks to queue
[2024-04-04 20:36:25,007] {logging_mixin.py:115} INFO - [2024-04-04 20:36:25,007] {dagbag.py:507} INFO - Filling up the DagBag from /home/dimitri/dimitri/airflowalura/venv/lib/python3.10/site-packages/airflow/example_dags/example_dag_decorator.py
[2024-04-04 20:36:25,022] {processor.py:651} INFO - DAG(s) dict_keys(['example_dag_decorator']) retrieved from /home/dimitri/dimitri/airflowalura/venv/lib/python3.10/site-packages/airflow/example_dags/example_dag_decorator.py
[2024-04-04 20:36:25,053] {logging_mixin.py:115} INFO - [2024-04-04 20:36:25,053] {dag.py:2379} INFO - Sync 1 DAGs
[2024-04-04 20:36:25,060] {logging_mixin.py:115} INFO - [2024-04-04 20:36:25,060] {dag.py:2927} INFO - Setting next_dagrun for example_dag_decorator to None, run_after=None
[2024-04-04 20:36:25,077] {processor.py:161} INFO - Processing /home/dimitri/dimitri/airflowalura/venv/lib/python3.10/site-packages/airflow/example_dags/example_dag_decorator.py took 0.077 seconds
[2024-04-04 20:36:56,279] {processor.py:153} INFO - Started process (PID=572120) to work on /home/dimitri/dimitri/airflowalura/venv/lib/python3.10/site-packages/airflow/example_dags/example_dag_decorator.py
[2024-04-04 20:36:56,282] {processor.py:641} INFO - Processing file /home/dimitri/dimitri/airflowalura/venv/lib/python3.10/site-packages/airflow/example_dags/example_dag_decorator.py for tasks to queue
[2024-04-04 20:36:56,282] {logging_mixin.py:115} INFO - [2024-04-04 20:36:56,282] {dagbag.py:507} INFO - Filling up the DagBag from /home/dimitri/dimitri/airflowalura/venv/lib/python3.10/site-packages/airflow/example_dags/example_dag_decorator.py
[2024-04-04 20:36:56,297] {processor.py:651} INFO - DAG(s) dict_keys(['example_dag_decorator']) retrieved from /home/dimitri/dimitri/airflowalura/venv/lib/python3.10/site-packages/airflow/example_dags/example_dag_decorator.py
[2024-04-04 20:36:56,305] {logging_mixin.py:115} INFO - [2024-04-04 20:36:56,305] {dag.py:2379} INFO - Sync 1 DAGs
[2024-04-04 20:36:56,314] {logging_mixin.py:115} INFO - [2024-04-04 20:36:56,314] {dag.py:2927} INFO - Setting next_dagrun for example_dag_decorator to None, run_after=None
[2024-04-04 20:36:56,328] {processor.py:161} INFO - Processing /home/dimitri/dimitri/airflowalura/venv/lib/python3.10/site-packages/airflow/example_dags/example_dag_decorator.py took 0.053 seconds
[2024-04-04 20:37:32,315] {processor.py:153} INFO - Started process (PID=572264) to work on /home/dimitri/dimitri/airflowalura/venv/lib/python3.10/site-packages/airflow/example_dags/example_dag_decorator.py
[2024-04-04 20:37:32,318] {processor.py:641} INFO - Processing file /home/dimitri/dimitri/airflowalura/venv/lib/python3.10/site-packages/airflow/example_dags/example_dag_decorator.py for tasks to queue
[2024-04-04 20:37:32,319] {logging_mixin.py:115} INFO - [2024-04-04 20:37:32,319] {dagbag.py:507} INFO - Filling up the DagBag from /home/dimitri/dimitri/airflowalura/venv/lib/python3.10/site-packages/airflow/example_dags/example_dag_decorator.py
[2024-04-04 20:37:32,332] {processor.py:651} INFO - DAG(s) dict_keys(['example_dag_decorator']) retrieved from /home/dimitri/dimitri/airflowalura/venv/lib/python3.10/site-packages/airflow/example_dags/example_dag_decorator.py
[2024-04-04 20:37:32,341] {logging_mixin.py:115} INFO - [2024-04-04 20:37:32,341] {dag.py:2379} INFO - Sync 1 DAGs
[2024-04-04 20:37:32,349] {logging_mixin.py:115} INFO - [2024-04-04 20:37:32,349] {dag.py:2927} INFO - Setting next_dagrun for example_dag_decorator to None, run_after=None
[2024-04-04 20:37:32,366] {processor.py:161} INFO - Processing /home/dimitri/dimitri/airflowalura/venv/lib/python3.10/site-packages/airflow/example_dags/example_dag_decorator.py took 0.052 seconds
[2024-04-04 20:38:05,579] {processor.py:153} INFO - Started process (PID=572397) to work on /home/dimitri/dimitri/airflowalura/venv/lib/python3.10/site-packages/airflow/example_dags/example_dag_decorator.py
[2024-04-04 20:38:05,581] {processor.py:641} INFO - Processing file /home/dimitri/dimitri/airflowalura/venv/lib/python3.10/site-packages/airflow/example_dags/example_dag_decorator.py for tasks to queue
[2024-04-04 20:38:05,582] {logging_mixin.py:115} INFO - [2024-04-04 20:38:05,582] {dagbag.py:507} INFO - Filling up the DagBag from /home/dimitri/dimitri/airflowalura/venv/lib/python3.10/site-packages/airflow/example_dags/example_dag_decorator.py
[2024-04-04 20:38:05,596] {processor.py:651} INFO - DAG(s) dict_keys(['example_dag_decorator']) retrieved from /home/dimitri/dimitri/airflowalura/venv/lib/python3.10/site-packages/airflow/example_dags/example_dag_decorator.py
[2024-04-04 20:38:05,604] {logging_mixin.py:115} INFO - [2024-04-04 20:38:05,604] {dag.py:2379} INFO - Sync 1 DAGs
[2024-04-04 20:38:05,613] {logging_mixin.py:115} INFO - [2024-04-04 20:38:05,613] {dag.py:2927} INFO - Setting next_dagrun for example_dag_decorator to None, run_after=None
[2024-04-04 20:38:05,629] {processor.py:161} INFO - Processing /home/dimitri/dimitri/airflowalura/venv/lib/python3.10/site-packages/airflow/example_dags/example_dag_decorator.py took 0.054 seconds
[2024-04-04 20:38:40,306] {processor.py:153} INFO - Started process (PID=572530) to work on /home/dimitri/dimitri/airflowalura/venv/lib/python3.10/site-packages/airflow/example_dags/example_dag_decorator.py
[2024-04-04 20:38:40,308] {processor.py:641} INFO - Processing file /home/dimitri/dimitri/airflowalura/venv/lib/python3.10/site-packages/airflow/example_dags/example_dag_decorator.py for tasks to queue
[2024-04-04 20:38:40,309] {logging_mixin.py:115} INFO - [2024-04-04 20:38:40,309] {dagbag.py:507} INFO - Filling up the DagBag from /home/dimitri/dimitri/airflowalura/venv/lib/python3.10/site-packages/airflow/example_dags/example_dag_decorator.py
[2024-04-04 20:38:40,327] {processor.py:651} INFO - DAG(s) dict_keys(['example_dag_decorator']) retrieved from /home/dimitri/dimitri/airflowalura/venv/lib/python3.10/site-packages/airflow/example_dags/example_dag_decorator.py
[2024-04-04 20:38:40,335] {logging_mixin.py:115} INFO - [2024-04-04 20:38:40,335] {dag.py:2379} INFO - Sync 1 DAGs
[2024-04-04 20:38:40,343] {logging_mixin.py:115} INFO - [2024-04-04 20:38:40,343] {dag.py:2927} INFO - Setting next_dagrun for example_dag_decorator to None, run_after=None
[2024-04-04 20:38:40,360] {processor.py:161} INFO - Processing /home/dimitri/dimitri/airflowalura/venv/lib/python3.10/site-packages/airflow/example_dags/example_dag_decorator.py took 0.058 seconds
[2024-04-04 20:39:14,878] {processor.py:153} INFO - Started process (PID=572668) to work on /home/dimitri/dimitri/airflowalura/venv/lib/python3.10/site-packages/airflow/example_dags/example_dag_decorator.py
[2024-04-04 20:39:14,881] {processor.py:641} INFO - Processing file /home/dimitri/dimitri/airflowalura/venv/lib/python3.10/site-packages/airflow/example_dags/example_dag_decorator.py for tasks to queue
[2024-04-04 20:39:14,881] {logging_mixin.py:115} INFO - [2024-04-04 20:39:14,881] {dagbag.py:507} INFO - Filling up the DagBag from /home/dimitri/dimitri/airflowalura/venv/lib/python3.10/site-packages/airflow/example_dags/example_dag_decorator.py
[2024-04-04 20:39:14,896] {processor.py:651} INFO - DAG(s) dict_keys(['example_dag_decorator']) retrieved from /home/dimitri/dimitri/airflowalura/venv/lib/python3.10/site-packages/airflow/example_dags/example_dag_decorator.py
[2024-04-04 20:39:14,909] {logging_mixin.py:115} INFO - [2024-04-04 20:39:14,909] {dag.py:2379} INFO - Sync 1 DAGs
[2024-04-04 20:39:14,919] {logging_mixin.py:115} INFO - [2024-04-04 20:39:14,919] {dag.py:2927} INFO - Setting next_dagrun for example_dag_decorator to None, run_after=None
[2024-04-04 20:39:14,936] {processor.py:161} INFO - Processing /home/dimitri/dimitri/airflowalura/venv/lib/python3.10/site-packages/airflow/example_dags/example_dag_decorator.py took 0.061 seconds
[2024-04-04 20:39:47,014] {processor.py:153} INFO - Started process (PID=572793) to work on /home/dimitri/dimitri/airflowalura/venv/lib/python3.10/site-packages/airflow/example_dags/example_dag_decorator.py
[2024-04-04 20:39:47,015] {processor.py:641} INFO - Processing file /home/dimitri/dimitri/airflowalura/venv/lib/python3.10/site-packages/airflow/example_dags/example_dag_decorator.py for tasks to queue
[2024-04-04 20:39:47,016] {logging_mixin.py:115} INFO - [2024-04-04 20:39:47,016] {dagbag.py:507} INFO - Filling up the DagBag from /home/dimitri/dimitri/airflowalura/venv/lib/python3.10/site-packages/airflow/example_dags/example_dag_decorator.py
[2024-04-04 20:39:47,033] {processor.py:651} INFO - DAG(s) dict_keys(['example_dag_decorator']) retrieved from /home/dimitri/dimitri/airflowalura/venv/lib/python3.10/site-packages/airflow/example_dags/example_dag_decorator.py
[2024-04-04 20:39:47,041] {logging_mixin.py:115} INFO - [2024-04-04 20:39:47,041] {dag.py:2379} INFO - Sync 1 DAGs
[2024-04-04 20:39:47,050] {logging_mixin.py:115} INFO - [2024-04-04 20:39:47,050] {dag.py:2927} INFO - Setting next_dagrun for example_dag_decorator to None, run_after=None
[2024-04-04 20:39:47,065] {processor.py:161} INFO - Processing /home/dimitri/dimitri/airflowalura/venv/lib/python3.10/site-packages/airflow/example_dags/example_dag_decorator.py took 0.054 seconds
[2024-04-04 20:40:21,841] {processor.py:153} INFO - Started process (PID=572932) to work on /home/dimitri/dimitri/airflowalura/venv/lib/python3.10/site-packages/airflow/example_dags/example_dag_decorator.py
[2024-04-04 20:40:21,844] {processor.py:641} INFO - Processing file /home/dimitri/dimitri/airflowalura/venv/lib/python3.10/site-packages/airflow/example_dags/example_dag_decorator.py for tasks to queue
[2024-04-04 20:40:21,844] {logging_mixin.py:115} INFO - [2024-04-04 20:40:21,844] {dagbag.py:507} INFO - Filling up the DagBag from /home/dimitri/dimitri/airflowalura/venv/lib/python3.10/site-packages/airflow/example_dags/example_dag_decorator.py
[2024-04-04 20:40:21,873] {processor.py:651} INFO - DAG(s) dict_keys(['example_dag_decorator']) retrieved from /home/dimitri/dimitri/airflowalura/venv/lib/python3.10/site-packages/airflow/example_dags/example_dag_decorator.py
[2024-04-04 20:40:21,888] {logging_mixin.py:115} INFO - [2024-04-04 20:40:21,888] {dag.py:2379} INFO - Sync 1 DAGs
[2024-04-04 20:40:21,905] {logging_mixin.py:115} INFO - [2024-04-04 20:40:21,905] {dag.py:2927} INFO - Setting next_dagrun for example_dag_decorator to None, run_after=None
[2024-04-04 20:40:21,923] {processor.py:161} INFO - Processing /home/dimitri/dimitri/airflowalura/venv/lib/python3.10/site-packages/airflow/example_dags/example_dag_decorator.py took 0.084 seconds
[2024-04-04 20:41:12,416] {processor.py:153} INFO - Started process (PID=573138) to work on /home/dimitri/dimitri/airflowalura/venv/lib/python3.10/site-packages/airflow/example_dags/example_dag_decorator.py
[2024-04-04 20:41:12,419] {processor.py:641} INFO - Processing file /home/dimitri/dimitri/airflowalura/venv/lib/python3.10/site-packages/airflow/example_dags/example_dag_decorator.py for tasks to queue
[2024-04-04 20:41:12,420] {logging_mixin.py:115} INFO - [2024-04-04 20:41:12,420] {dagbag.py:507} INFO - Filling up the DagBag from /home/dimitri/dimitri/airflowalura/venv/lib/python3.10/site-packages/airflow/example_dags/example_dag_decorator.py
[2024-04-04 20:41:12,435] {processor.py:651} INFO - DAG(s) dict_keys(['example_dag_decorator']) retrieved from /home/dimitri/dimitri/airflowalura/venv/lib/python3.10/site-packages/airflow/example_dags/example_dag_decorator.py
[2024-04-04 20:41:12,459] {logging_mixin.py:115} INFO - [2024-04-04 20:41:12,459] {dag.py:2379} INFO - Sync 1 DAGs
[2024-04-04 20:41:12,469] {logging_mixin.py:115} INFO - [2024-04-04 20:41:12,469] {dag.py:2927} INFO - Setting next_dagrun for example_dag_decorator to None, run_after=None
[2024-04-04 20:41:12,486] {processor.py:161} INFO - Processing /home/dimitri/dimitri/airflowalura/venv/lib/python3.10/site-packages/airflow/example_dags/example_dag_decorator.py took 0.073 seconds
[2024-04-04 20:41:46,054] {processor.py:153} INFO - Started process (PID=573286) to work on /home/dimitri/dimitri/airflowalura/venv/lib/python3.10/site-packages/airflow/example_dags/example_dag_decorator.py
[2024-04-04 20:41:46,056] {processor.py:641} INFO - Processing file /home/dimitri/dimitri/airflowalura/venv/lib/python3.10/site-packages/airflow/example_dags/example_dag_decorator.py for tasks to queue
[2024-04-04 20:41:46,056] {logging_mixin.py:115} INFO - [2024-04-04 20:41:46,056] {dagbag.py:507} INFO - Filling up the DagBag from /home/dimitri/dimitri/airflowalura/venv/lib/python3.10/site-packages/airflow/example_dags/example_dag_decorator.py
[2024-04-04 20:41:46,072] {processor.py:651} INFO - DAG(s) dict_keys(['example_dag_decorator']) retrieved from /home/dimitri/dimitri/airflowalura/venv/lib/python3.10/site-packages/airflow/example_dags/example_dag_decorator.py
[2024-04-04 20:41:46,083] {logging_mixin.py:115} INFO - [2024-04-04 20:41:46,083] {dag.py:2379} INFO - Sync 1 DAGs
[2024-04-04 20:41:46,094] {logging_mixin.py:115} INFO - [2024-04-04 20:41:46,094] {dag.py:2927} INFO - Setting next_dagrun for example_dag_decorator to None, run_after=None
[2024-04-04 20:41:46,110] {processor.py:161} INFO - Processing /home/dimitri/dimitri/airflowalura/venv/lib/python3.10/site-packages/airflow/example_dags/example_dag_decorator.py took 0.058 seconds
[2024-04-04 20:42:20,833] {processor.py:153} INFO - Started process (PID=573417) to work on /home/dimitri/dimitri/airflowalura/venv/lib/python3.10/site-packages/airflow/example_dags/example_dag_decorator.py
[2024-04-04 20:42:20,836] {processor.py:641} INFO - Processing file /home/dimitri/dimitri/airflowalura/venv/lib/python3.10/site-packages/airflow/example_dags/example_dag_decorator.py for tasks to queue
[2024-04-04 20:42:20,836] {logging_mixin.py:115} INFO - [2024-04-04 20:42:20,836] {dagbag.py:507} INFO - Filling up the DagBag from /home/dimitri/dimitri/airflowalura/venv/lib/python3.10/site-packages/airflow/example_dags/example_dag_decorator.py
[2024-04-04 20:42:20,851] {processor.py:651} INFO - DAG(s) dict_keys(['example_dag_decorator']) retrieved from /home/dimitri/dimitri/airflowalura/venv/lib/python3.10/site-packages/airflow/example_dags/example_dag_decorator.py
[2024-04-04 20:42:20,861] {logging_mixin.py:115} INFO - [2024-04-04 20:42:20,861] {dag.py:2379} INFO - Sync 1 DAGs
[2024-04-04 20:42:20,870] {logging_mixin.py:115} INFO - [2024-04-04 20:42:20,870] {dag.py:2927} INFO - Setting next_dagrun for example_dag_decorator to None, run_after=None
[2024-04-04 20:42:20,887] {processor.py:161} INFO - Processing /home/dimitri/dimitri/airflowalura/venv/lib/python3.10/site-packages/airflow/example_dags/example_dag_decorator.py took 0.057 seconds
[2024-04-04 20:42:56,855] {processor.py:153} INFO - Started process (PID=573562) to work on /home/dimitri/dimitri/airflowalura/venv/lib/python3.10/site-packages/airflow/example_dags/example_dag_decorator.py
[2024-04-04 20:42:56,859] {processor.py:641} INFO - Processing file /home/dimitri/dimitri/airflowalura/venv/lib/python3.10/site-packages/airflow/example_dags/example_dag_decorator.py for tasks to queue
[2024-04-04 20:42:56,859] {logging_mixin.py:115} INFO - [2024-04-04 20:42:56,859] {dagbag.py:507} INFO - Filling up the DagBag from /home/dimitri/dimitri/airflowalura/venv/lib/python3.10/site-packages/airflow/example_dags/example_dag_decorator.py
[2024-04-04 20:42:56,875] {processor.py:651} INFO - DAG(s) dict_keys(['example_dag_decorator']) retrieved from /home/dimitri/dimitri/airflowalura/venv/lib/python3.10/site-packages/airflow/example_dags/example_dag_decorator.py
[2024-04-04 20:42:56,887] {logging_mixin.py:115} INFO - [2024-04-04 20:42:56,887] {dag.py:2379} INFO - Sync 1 DAGs
[2024-04-04 20:42:56,899] {logging_mixin.py:115} INFO - [2024-04-04 20:42:56,899] {dag.py:2927} INFO - Setting next_dagrun for example_dag_decorator to None, run_after=None
[2024-04-04 20:42:56,917] {processor.py:161} INFO - Processing /home/dimitri/dimitri/airflowalura/venv/lib/python3.10/site-packages/airflow/example_dags/example_dag_decorator.py took 0.063 seconds
[2024-04-04 20:43:30,631] {processor.py:153} INFO - Started process (PID=573695) to work on /home/dimitri/dimitri/airflowalura/venv/lib/python3.10/site-packages/airflow/example_dags/example_dag_decorator.py
[2024-04-04 20:43:30,632] {processor.py:641} INFO - Processing file /home/dimitri/dimitri/airflowalura/venv/lib/python3.10/site-packages/airflow/example_dags/example_dag_decorator.py for tasks to queue
[2024-04-04 20:43:30,632] {logging_mixin.py:115} INFO - [2024-04-04 20:43:30,632] {dagbag.py:507} INFO - Filling up the DagBag from /home/dimitri/dimitri/airflowalura/venv/lib/python3.10/site-packages/airflow/example_dags/example_dag_decorator.py
[2024-04-04 20:43:30,651] {processor.py:651} INFO - DAG(s) dict_keys(['example_dag_decorator']) retrieved from /home/dimitri/dimitri/airflowalura/venv/lib/python3.10/site-packages/airflow/example_dags/example_dag_decorator.py
[2024-04-04 20:43:30,661] {logging_mixin.py:115} INFO - [2024-04-04 20:43:30,661] {dag.py:2379} INFO - Sync 1 DAGs
[2024-04-04 20:43:30,671] {logging_mixin.py:115} INFO - [2024-04-04 20:43:30,671] {dag.py:2927} INFO - Setting next_dagrun for example_dag_decorator to None, run_after=None
[2024-04-04 20:43:30,688] {processor.py:161} INFO - Processing /home/dimitri/dimitri/airflowalura/venv/lib/python3.10/site-packages/airflow/example_dags/example_dag_decorator.py took 0.059 seconds
[2024-04-04 20:44:06,980] {processor.py:153} INFO - Started process (PID=573832) to work on /home/dimitri/dimitri/airflowalura/venv/lib/python3.10/site-packages/airflow/example_dags/example_dag_decorator.py
[2024-04-04 20:44:06,983] {processor.py:641} INFO - Processing file /home/dimitri/dimitri/airflowalura/venv/lib/python3.10/site-packages/airflow/example_dags/example_dag_decorator.py for tasks to queue
[2024-04-04 20:44:06,983] {logging_mixin.py:115} INFO - [2024-04-04 20:44:06,983] {dagbag.py:507} INFO - Filling up the DagBag from /home/dimitri/dimitri/airflowalura/venv/lib/python3.10/site-packages/airflow/example_dags/example_dag_decorator.py
[2024-04-04 20:44:06,999] {processor.py:651} INFO - DAG(s) dict_keys(['example_dag_decorator']) retrieved from /home/dimitri/dimitri/airflowalura/venv/lib/python3.10/site-packages/airflow/example_dags/example_dag_decorator.py
[2024-04-04 20:44:07,009] {logging_mixin.py:115} INFO - [2024-04-04 20:44:07,009] {dag.py:2379} INFO - Sync 1 DAGs
[2024-04-04 20:44:07,018] {logging_mixin.py:115} INFO - [2024-04-04 20:44:07,018] {dag.py:2927} INFO - Setting next_dagrun for example_dag_decorator to None, run_after=None
[2024-04-04 20:44:07,039] {processor.py:161} INFO - Processing /home/dimitri/dimitri/airflowalura/venv/lib/python3.10/site-packages/airflow/example_dags/example_dag_decorator.py took 0.060 seconds
[2024-04-04 20:44:41,497] {processor.py:153} INFO - Started process (PID=573969) to work on /home/dimitri/dimitri/airflowalura/venv/lib/python3.10/site-packages/airflow/example_dags/example_dag_decorator.py
[2024-04-04 20:44:41,500] {processor.py:641} INFO - Processing file /home/dimitri/dimitri/airflowalura/venv/lib/python3.10/site-packages/airflow/example_dags/example_dag_decorator.py for tasks to queue
[2024-04-04 20:44:41,500] {logging_mixin.py:115} INFO - [2024-04-04 20:44:41,500] {dagbag.py:507} INFO - Filling up the DagBag from /home/dimitri/dimitri/airflowalura/venv/lib/python3.10/site-packages/airflow/example_dags/example_dag_decorator.py
[2024-04-04 20:44:41,520] {processor.py:651} INFO - DAG(s) dict_keys(['example_dag_decorator']) retrieved from /home/dimitri/dimitri/airflowalura/venv/lib/python3.10/site-packages/airflow/example_dags/example_dag_decorator.py
[2024-04-04 20:44:41,532] {logging_mixin.py:115} INFO - [2024-04-04 20:44:41,532] {dag.py:2379} INFO - Sync 1 DAGs
[2024-04-04 20:44:41,543] {logging_mixin.py:115} INFO - [2024-04-04 20:44:41,543] {dag.py:2927} INFO - Setting next_dagrun for example_dag_decorator to None, run_after=None
[2024-04-04 20:44:41,566] {processor.py:161} INFO - Processing /home/dimitri/dimitri/airflowalura/venv/lib/python3.10/site-packages/airflow/example_dags/example_dag_decorator.py took 0.071 seconds
[2024-04-04 20:45:15,272] {processor.py:153} INFO - Started process (PID=574102) to work on /home/dimitri/dimitri/airflowalura/venv/lib/python3.10/site-packages/airflow/example_dags/example_dag_decorator.py
[2024-04-04 20:45:15,275] {processor.py:641} INFO - Processing file /home/dimitri/dimitri/airflowalura/venv/lib/python3.10/site-packages/airflow/example_dags/example_dag_decorator.py for tasks to queue
[2024-04-04 20:45:15,276] {logging_mixin.py:115} INFO - [2024-04-04 20:45:15,275] {dagbag.py:507} INFO - Filling up the DagBag from /home/dimitri/dimitri/airflowalura/venv/lib/python3.10/site-packages/airflow/example_dags/example_dag_decorator.py
[2024-04-04 20:45:15,291] {processor.py:651} INFO - DAG(s) dict_keys(['example_dag_decorator']) retrieved from /home/dimitri/dimitri/airflowalura/venv/lib/python3.10/site-packages/airflow/example_dags/example_dag_decorator.py
[2024-04-04 20:45:15,301] {logging_mixin.py:115} INFO - [2024-04-04 20:45:15,301] {dag.py:2379} INFO - Sync 1 DAGs
[2024-04-04 20:45:15,313] {logging_mixin.py:115} INFO - [2024-04-04 20:45:15,313] {dag.py:2927} INFO - Setting next_dagrun for example_dag_decorator to None, run_after=None
[2024-04-04 20:45:15,330] {processor.py:161} INFO - Processing /home/dimitri/dimitri/airflowalura/venv/lib/python3.10/site-packages/airflow/example_dags/example_dag_decorator.py took 0.060 seconds
[2024-04-04 20:45:50,287] {processor.py:153} INFO - Started process (PID=574239) to work on /home/dimitri/dimitri/airflowalura/venv/lib/python3.10/site-packages/airflow/example_dags/example_dag_decorator.py
[2024-04-04 20:45:50,288] {processor.py:641} INFO - Processing file /home/dimitri/dimitri/airflowalura/venv/lib/python3.10/site-packages/airflow/example_dags/example_dag_decorator.py for tasks to queue
[2024-04-04 20:45:50,288] {logging_mixin.py:115} INFO - [2024-04-04 20:45:50,288] {dagbag.py:507} INFO - Filling up the DagBag from /home/dimitri/dimitri/airflowalura/venv/lib/python3.10/site-packages/airflow/example_dags/example_dag_decorator.py
[2024-04-04 20:45:50,303] {processor.py:651} INFO - DAG(s) dict_keys(['example_dag_decorator']) retrieved from /home/dimitri/dimitri/airflowalura/venv/lib/python3.10/site-packages/airflow/example_dags/example_dag_decorator.py
[2024-04-04 20:45:50,312] {logging_mixin.py:115} INFO - [2024-04-04 20:45:50,312] {dag.py:2379} INFO - Sync 1 DAGs
[2024-04-04 20:45:50,321] {logging_mixin.py:115} INFO - [2024-04-04 20:45:50,321] {dag.py:2927} INFO - Setting next_dagrun for example_dag_decorator to None, run_after=None
[2024-04-04 20:45:50,334] {processor.py:161} INFO - Processing /home/dimitri/dimitri/airflowalura/venv/lib/python3.10/site-packages/airflow/example_dags/example_dag_decorator.py took 0.048 seconds
[2024-04-04 20:46:24,445] {processor.py:153} INFO - Started process (PID=574373) to work on /home/dimitri/dimitri/airflowalura/venv/lib/python3.10/site-packages/airflow/example_dags/example_dag_decorator.py
[2024-04-04 20:46:24,446] {processor.py:641} INFO - Processing file /home/dimitri/dimitri/airflowalura/venv/lib/python3.10/site-packages/airflow/example_dags/example_dag_decorator.py for tasks to queue
[2024-04-04 20:46:24,446] {logging_mixin.py:115} INFO - [2024-04-04 20:46:24,446] {dagbag.py:507} INFO - Filling up the DagBag from /home/dimitri/dimitri/airflowalura/venv/lib/python3.10/site-packages/airflow/example_dags/example_dag_decorator.py
[2024-04-04 20:46:24,462] {processor.py:651} INFO - DAG(s) dict_keys(['example_dag_decorator']) retrieved from /home/dimitri/dimitri/airflowalura/venv/lib/python3.10/site-packages/airflow/example_dags/example_dag_decorator.py
[2024-04-04 20:46:24,487] {logging_mixin.py:115} INFO - [2024-04-04 20:46:24,487] {dag.py:2379} INFO - Sync 1 DAGs
[2024-04-04 20:46:24,495] {logging_mixin.py:115} INFO - [2024-04-04 20:46:24,495] {dag.py:2927} INFO - Setting next_dagrun for example_dag_decorator to None, run_after=None
[2024-04-04 20:46:24,515] {processor.py:161} INFO - Processing /home/dimitri/dimitri/airflowalura/venv/lib/python3.10/site-packages/airflow/example_dags/example_dag_decorator.py took 0.072 seconds
[2024-04-04 20:46:56,268] {processor.py:153} INFO - Started process (PID=574506) to work on /home/dimitri/dimitri/airflowalura/venv/lib/python3.10/site-packages/airflow/example_dags/example_dag_decorator.py
[2024-04-04 20:46:56,270] {processor.py:641} INFO - Processing file /home/dimitri/dimitri/airflowalura/venv/lib/python3.10/site-packages/airflow/example_dags/example_dag_decorator.py for tasks to queue
[2024-04-04 20:46:56,271] {logging_mixin.py:115} INFO - [2024-04-04 20:46:56,271] {dagbag.py:507} INFO - Filling up the DagBag from /home/dimitri/dimitri/airflowalura/venv/lib/python3.10/site-packages/airflow/example_dags/example_dag_decorator.py
[2024-04-04 20:46:56,295] {processor.py:651} INFO - DAG(s) dict_keys(['example_dag_decorator']) retrieved from /home/dimitri/dimitri/airflowalura/venv/lib/python3.10/site-packages/airflow/example_dags/example_dag_decorator.py
[2024-04-04 20:46:56,309] {logging_mixin.py:115} INFO - [2024-04-04 20:46:56,309] {dag.py:2379} INFO - Sync 1 DAGs
[2024-04-04 20:46:56,322] {logging_mixin.py:115} INFO - [2024-04-04 20:46:56,322] {dag.py:2927} INFO - Setting next_dagrun for example_dag_decorator to None, run_after=None
[2024-04-04 20:46:56,339] {processor.py:161} INFO - Processing /home/dimitri/dimitri/airflowalura/venv/lib/python3.10/site-packages/airflow/example_dags/example_dag_decorator.py took 0.073 seconds
[2024-04-04 20:47:31,770] {processor.py:153} INFO - Started process (PID=574654) to work on /home/dimitri/dimitri/airflowalura/venv/lib/python3.10/site-packages/airflow/example_dags/example_dag_decorator.py
[2024-04-04 20:47:31,771] {processor.py:641} INFO - Processing file /home/dimitri/dimitri/airflowalura/venv/lib/python3.10/site-packages/airflow/example_dags/example_dag_decorator.py for tasks to queue
[2024-04-04 20:47:31,772] {logging_mixin.py:115} INFO - [2024-04-04 20:47:31,772] {dagbag.py:507} INFO - Filling up the DagBag from /home/dimitri/dimitri/airflowalura/venv/lib/python3.10/site-packages/airflow/example_dags/example_dag_decorator.py
[2024-04-04 20:47:31,788] {processor.py:651} INFO - DAG(s) dict_keys(['example_dag_decorator']) retrieved from /home/dimitri/dimitri/airflowalura/venv/lib/python3.10/site-packages/airflow/example_dags/example_dag_decorator.py
[2024-04-04 20:47:31,800] {logging_mixin.py:115} INFO - [2024-04-04 20:47:31,800] {dag.py:2379} INFO - Sync 1 DAGs
[2024-04-04 20:47:31,810] {logging_mixin.py:115} INFO - [2024-04-04 20:47:31,810] {dag.py:2927} INFO - Setting next_dagrun for example_dag_decorator to None, run_after=None
[2024-04-04 20:47:31,829] {processor.py:161} INFO - Processing /home/dimitri/dimitri/airflowalura/venv/lib/python3.10/site-packages/airflow/example_dags/example_dag_decorator.py took 0.061 seconds
[2024-04-04 20:48:04,373] {processor.py:153} INFO - Started process (PID=574779) to work on /home/dimitri/dimitri/airflowalura/venv/lib/python3.10/site-packages/airflow/example_dags/example_dag_decorator.py
[2024-04-04 20:48:04,374] {processor.py:641} INFO - Processing file /home/dimitri/dimitri/airflowalura/venv/lib/python3.10/site-packages/airflow/example_dags/example_dag_decorator.py for tasks to queue
[2024-04-04 20:48:04,374] {logging_mixin.py:115} INFO - [2024-04-04 20:48:04,374] {dagbag.py:507} INFO - Filling up the DagBag from /home/dimitri/dimitri/airflowalura/venv/lib/python3.10/site-packages/airflow/example_dags/example_dag_decorator.py
[2024-04-04 20:48:04,393] {processor.py:651} INFO - DAG(s) dict_keys(['example_dag_decorator']) retrieved from /home/dimitri/dimitri/airflowalura/venv/lib/python3.10/site-packages/airflow/example_dags/example_dag_decorator.py
[2024-04-04 20:48:04,403] {logging_mixin.py:115} INFO - [2024-04-04 20:48:04,403] {dag.py:2379} INFO - Sync 1 DAGs
[2024-04-04 20:48:04,414] {logging_mixin.py:115} INFO - [2024-04-04 20:48:04,414] {dag.py:2927} INFO - Setting next_dagrun for example_dag_decorator to None, run_after=None
[2024-04-04 20:48:04,431] {processor.py:161} INFO - Processing /home/dimitri/dimitri/airflowalura/venv/lib/python3.10/site-packages/airflow/example_dags/example_dag_decorator.py took 0.060 seconds
[2024-04-04 20:48:38,499] {processor.py:153} INFO - Started process (PID=574919) to work on /home/dimitri/dimitri/airflowalura/venv/lib/python3.10/site-packages/airflow/example_dags/example_dag_decorator.py
[2024-04-04 20:48:38,502] {processor.py:641} INFO - Processing file /home/dimitri/dimitri/airflowalura/venv/lib/python3.10/site-packages/airflow/example_dags/example_dag_decorator.py for tasks to queue
[2024-04-04 20:48:38,503] {logging_mixin.py:115} INFO - [2024-04-04 20:48:38,503] {dagbag.py:507} INFO - Filling up the DagBag from /home/dimitri/dimitri/airflowalura/venv/lib/python3.10/site-packages/airflow/example_dags/example_dag_decorator.py
[2024-04-04 20:48:38,522] {processor.py:651} INFO - DAG(s) dict_keys(['example_dag_decorator']) retrieved from /home/dimitri/dimitri/airflowalura/venv/lib/python3.10/site-packages/airflow/example_dags/example_dag_decorator.py
[2024-04-04 20:48:38,538] {logging_mixin.py:115} INFO - [2024-04-04 20:48:38,538] {dag.py:2379} INFO - Sync 1 DAGs
[2024-04-04 20:48:38,550] {logging_mixin.py:115} INFO - [2024-04-04 20:48:38,550] {dag.py:2927} INFO - Setting next_dagrun for example_dag_decorator to None, run_after=None
[2024-04-04 20:48:38,566] {processor.py:161} INFO - Processing /home/dimitri/dimitri/airflowalura/venv/lib/python3.10/site-packages/airflow/example_dags/example_dag_decorator.py took 0.071 seconds
[2024-04-04 20:49:12,521] {processor.py:153} INFO - Started process (PID=575052) to work on /home/dimitri/dimitri/airflowalura/venv/lib/python3.10/site-packages/airflow/example_dags/example_dag_decorator.py
[2024-04-04 20:49:12,523] {processor.py:641} INFO - Processing file /home/dimitri/dimitri/airflowalura/venv/lib/python3.10/site-packages/airflow/example_dags/example_dag_decorator.py for tasks to queue
[2024-04-04 20:49:12,524] {logging_mixin.py:115} INFO - [2024-04-04 20:49:12,524] {dagbag.py:507} INFO - Filling up the DagBag from /home/dimitri/dimitri/airflowalura/venv/lib/python3.10/site-packages/airflow/example_dags/example_dag_decorator.py
[2024-04-04 20:49:12,539] {processor.py:651} INFO - DAG(s) dict_keys(['example_dag_decorator']) retrieved from /home/dimitri/dimitri/airflowalura/venv/lib/python3.10/site-packages/airflow/example_dags/example_dag_decorator.py
[2024-04-04 20:49:12,548] {logging_mixin.py:115} INFO - [2024-04-04 20:49:12,548] {dag.py:2379} INFO - Sync 1 DAGs
[2024-04-04 20:49:12,559] {logging_mixin.py:115} INFO - [2024-04-04 20:49:12,559] {dag.py:2927} INFO - Setting next_dagrun for example_dag_decorator to None, run_after=None
[2024-04-04 20:49:12,575] {processor.py:161} INFO - Processing /home/dimitri/dimitri/airflowalura/venv/lib/python3.10/site-packages/airflow/example_dags/example_dag_decorator.py took 0.057 seconds
[2024-04-04 20:49:47,395] {processor.py:153} INFO - Started process (PID=575193) to work on /home/dimitri/dimitri/airflowalura/venv/lib/python3.10/site-packages/airflow/example_dags/example_dag_decorator.py
[2024-04-04 20:49:47,397] {processor.py:641} INFO - Processing file /home/dimitri/dimitri/airflowalura/venv/lib/python3.10/site-packages/airflow/example_dags/example_dag_decorator.py for tasks to queue
[2024-04-04 20:49:47,399] {logging_mixin.py:115} INFO - [2024-04-04 20:49:47,398] {dagbag.py:507} INFO - Filling up the DagBag from /home/dimitri/dimitri/airflowalura/venv/lib/python3.10/site-packages/airflow/example_dags/example_dag_decorator.py
[2024-04-04 20:49:47,431] {processor.py:651} INFO - DAG(s) dict_keys(['example_dag_decorator']) retrieved from /home/dimitri/dimitri/airflowalura/venv/lib/python3.10/site-packages/airflow/example_dags/example_dag_decorator.py
[2024-04-04 20:49:47,445] {logging_mixin.py:115} INFO - [2024-04-04 20:49:47,445] {dag.py:2379} INFO - Sync 1 DAGs
[2024-04-04 20:49:47,464] {logging_mixin.py:115} INFO - [2024-04-04 20:49:47,464] {dag.py:2927} INFO - Setting next_dagrun for example_dag_decorator to None, run_after=None
[2024-04-04 20:49:47,489] {processor.py:161} INFO - Processing /home/dimitri/dimitri/airflowalura/venv/lib/python3.10/site-packages/airflow/example_dags/example_dag_decorator.py took 0.097 seconds
[2024-04-04 20:50:22,281] {processor.py:153} INFO - Started process (PID=575325) to work on /home/dimitri/dimitri/airflowalura/venv/lib/python3.10/site-packages/airflow/example_dags/example_dag_decorator.py
[2024-04-04 20:50:22,283] {processor.py:641} INFO - Processing file /home/dimitri/dimitri/airflowalura/venv/lib/python3.10/site-packages/airflow/example_dags/example_dag_decorator.py for tasks to queue
[2024-04-04 20:50:22,283] {logging_mixin.py:115} INFO - [2024-04-04 20:50:22,283] {dagbag.py:507} INFO - Filling up the DagBag from /home/dimitri/dimitri/airflowalura/venv/lib/python3.10/site-packages/airflow/example_dags/example_dag_decorator.py
[2024-04-04 20:50:22,301] {processor.py:651} INFO - DAG(s) dict_keys(['example_dag_decorator']) retrieved from /home/dimitri/dimitri/airflowalura/venv/lib/python3.10/site-packages/airflow/example_dags/example_dag_decorator.py
[2024-04-04 20:50:22,310] {logging_mixin.py:115} INFO - [2024-04-04 20:50:22,310] {dag.py:2379} INFO - Sync 1 DAGs
[2024-04-04 20:50:22,320] {logging_mixin.py:115} INFO - [2024-04-04 20:50:22,320] {dag.py:2927} INFO - Setting next_dagrun for example_dag_decorator to None, run_after=None
[2024-04-04 20:50:22,339] {processor.py:161} INFO - Processing /home/dimitri/dimitri/airflowalura/venv/lib/python3.10/site-packages/airflow/example_dags/example_dag_decorator.py took 0.060 seconds
[2024-04-04 20:50:59,019] {processor.py:153} INFO - Started process (PID=575471) to work on /home/dimitri/dimitri/airflowalura/venv/lib/python3.10/site-packages/airflow/example_dags/example_dag_decorator.py
[2024-04-04 20:50:59,020] {processor.py:641} INFO - Processing file /home/dimitri/dimitri/airflowalura/venv/lib/python3.10/site-packages/airflow/example_dags/example_dag_decorator.py for tasks to queue
[2024-04-04 20:50:59,020] {logging_mixin.py:115} INFO - [2024-04-04 20:50:59,020] {dagbag.py:507} INFO - Filling up the DagBag from /home/dimitri/dimitri/airflowalura/venv/lib/python3.10/site-packages/airflow/example_dags/example_dag_decorator.py
[2024-04-04 20:50:59,034] {processor.py:651} INFO - DAG(s) dict_keys(['example_dag_decorator']) retrieved from /home/dimitri/dimitri/airflowalura/venv/lib/python3.10/site-packages/airflow/example_dags/example_dag_decorator.py
[2024-04-04 20:50:59,057] {logging_mixin.py:115} INFO - [2024-04-04 20:50:59,057] {dag.py:2379} INFO - Sync 1 DAGs
[2024-04-04 20:50:59,064] {logging_mixin.py:115} INFO - [2024-04-04 20:50:59,064] {dag.py:2927} INFO - Setting next_dagrun for example_dag_decorator to None, run_after=None
[2024-04-04 20:50:59,082] {processor.py:161} INFO - Processing /home/dimitri/dimitri/airflowalura/venv/lib/python3.10/site-packages/airflow/example_dags/example_dag_decorator.py took 0.065 seconds
[2024-04-04 20:51:34,082] {processor.py:153} INFO - Started process (PID=575609) to work on /home/dimitri/dimitri/airflowalura/venv/lib/python3.10/site-packages/airflow/example_dags/example_dag_decorator.py
[2024-04-04 20:51:34,084] {processor.py:641} INFO - Processing file /home/dimitri/dimitri/airflowalura/venv/lib/python3.10/site-packages/airflow/example_dags/example_dag_decorator.py for tasks to queue
[2024-04-04 20:51:34,085] {logging_mixin.py:115} INFO - [2024-04-04 20:51:34,085] {dagbag.py:507} INFO - Filling up the DagBag from /home/dimitri/dimitri/airflowalura/venv/lib/python3.10/site-packages/airflow/example_dags/example_dag_decorator.py
[2024-04-04 20:51:34,099] {processor.py:651} INFO - DAG(s) dict_keys(['example_dag_decorator']) retrieved from /home/dimitri/dimitri/airflowalura/venv/lib/python3.10/site-packages/airflow/example_dags/example_dag_decorator.py
[2024-04-04 20:51:34,108] {logging_mixin.py:115} INFO - [2024-04-04 20:51:34,107] {dag.py:2379} INFO - Sync 1 DAGs
[2024-04-04 20:51:34,117] {logging_mixin.py:115} INFO - [2024-04-04 20:51:34,117] {dag.py:2927} INFO - Setting next_dagrun for example_dag_decorator to None, run_after=None
[2024-04-04 20:51:34,138] {processor.py:161} INFO - Processing /home/dimitri/dimitri/airflowalura/venv/lib/python3.10/site-packages/airflow/example_dags/example_dag_decorator.py took 0.059 seconds
[2024-04-04 20:52:09,048] {processor.py:153} INFO - Started process (PID=575745) to work on /home/dimitri/dimitri/airflowalura/venv/lib/python3.10/site-packages/airflow/example_dags/example_dag_decorator.py
[2024-04-04 20:52:09,051] {processor.py:641} INFO - Processing file /home/dimitri/dimitri/airflowalura/venv/lib/python3.10/site-packages/airflow/example_dags/example_dag_decorator.py for tasks to queue
[2024-04-04 20:52:09,051] {logging_mixin.py:115} INFO - [2024-04-04 20:52:09,051] {dagbag.py:507} INFO - Filling up the DagBag from /home/dimitri/dimitri/airflowalura/venv/lib/python3.10/site-packages/airflow/example_dags/example_dag_decorator.py
[2024-04-04 20:52:09,070] {processor.py:651} INFO - DAG(s) dict_keys(['example_dag_decorator']) retrieved from /home/dimitri/dimitri/airflowalura/venv/lib/python3.10/site-packages/airflow/example_dags/example_dag_decorator.py
[2024-04-04 20:52:09,080] {logging_mixin.py:115} INFO - [2024-04-04 20:52:09,080] {dag.py:2379} INFO - Sync 1 DAGs
[2024-04-04 20:52:09,090] {logging_mixin.py:115} INFO - [2024-04-04 20:52:09,090] {dag.py:2927} INFO - Setting next_dagrun for example_dag_decorator to None, run_after=None
[2024-04-04 20:52:09,107] {processor.py:161} INFO - Processing /home/dimitri/dimitri/airflowalura/venv/lib/python3.10/site-packages/airflow/example_dags/example_dag_decorator.py took 0.062 seconds
[2024-04-04 20:52:42,583] {processor.py:153} INFO - Started process (PID=575875) to work on /home/dimitri/dimitri/airflowalura/venv/lib/python3.10/site-packages/airflow/example_dags/example_dag_decorator.py
[2024-04-04 20:52:42,584] {processor.py:641} INFO - Processing file /home/dimitri/dimitri/airflowalura/venv/lib/python3.10/site-packages/airflow/example_dags/example_dag_decorator.py for tasks to queue
[2024-04-04 20:52:42,585] {logging_mixin.py:115} INFO - [2024-04-04 20:52:42,585] {dagbag.py:507} INFO - Filling up the DagBag from /home/dimitri/dimitri/airflowalura/venv/lib/python3.10/site-packages/airflow/example_dags/example_dag_decorator.py
[2024-04-04 20:52:42,602] {processor.py:651} INFO - DAG(s) dict_keys(['example_dag_decorator']) retrieved from /home/dimitri/dimitri/airflowalura/venv/lib/python3.10/site-packages/airflow/example_dags/example_dag_decorator.py
[2024-04-04 20:52:42,612] {logging_mixin.py:115} INFO - [2024-04-04 20:52:42,611] {dag.py:2379} INFO - Sync 1 DAGs
[2024-04-04 20:52:42,621] {logging_mixin.py:115} INFO - [2024-04-04 20:52:42,621] {dag.py:2927} INFO - Setting next_dagrun for example_dag_decorator to None, run_after=None
[2024-04-04 20:52:42,636] {processor.py:161} INFO - Processing /home/dimitri/dimitri/airflowalura/venv/lib/python3.10/site-packages/airflow/example_dags/example_dag_decorator.py took 0.055 seconds
[2024-04-04 20:53:17,585] {processor.py:153} INFO - Started process (PID=576006) to work on /home/dimitri/dimitri/airflowalura/venv/lib/python3.10/site-packages/airflow/example_dags/example_dag_decorator.py
[2024-04-04 20:53:17,586] {processor.py:641} INFO - Processing file /home/dimitri/dimitri/airflowalura/venv/lib/python3.10/site-packages/airflow/example_dags/example_dag_decorator.py for tasks to queue
[2024-04-04 20:53:17,587] {logging_mixin.py:115} INFO - [2024-04-04 20:53:17,587] {dagbag.py:507} INFO - Filling up the DagBag from /home/dimitri/dimitri/airflowalura/venv/lib/python3.10/site-packages/airflow/example_dags/example_dag_decorator.py
[2024-04-04 20:53:17,602] {processor.py:651} INFO - DAG(s) dict_keys(['example_dag_decorator']) retrieved from /home/dimitri/dimitri/airflowalura/venv/lib/python3.10/site-packages/airflow/example_dags/example_dag_decorator.py
[2024-04-04 20:53:17,610] {logging_mixin.py:115} INFO - [2024-04-04 20:53:17,610] {dag.py:2379} INFO - Sync 1 DAGs
[2024-04-04 20:53:17,619] {logging_mixin.py:115} INFO - [2024-04-04 20:53:17,619] {dag.py:2927} INFO - Setting next_dagrun for example_dag_decorator to None, run_after=None
[2024-04-04 20:53:17,634] {processor.py:161} INFO - Processing /home/dimitri/dimitri/airflowalura/venv/lib/python3.10/site-packages/airflow/example_dags/example_dag_decorator.py took 0.052 seconds
[2024-04-04 20:53:49,417] {processor.py:153} INFO - Started process (PID=576134) to work on /home/dimitri/dimitri/airflowalura/venv/lib/python3.10/site-packages/airflow/example_dags/example_dag_decorator.py
[2024-04-04 20:53:49,418] {processor.py:641} INFO - Processing file /home/dimitri/dimitri/airflowalura/venv/lib/python3.10/site-packages/airflow/example_dags/example_dag_decorator.py for tasks to queue
[2024-04-04 20:53:49,418] {logging_mixin.py:115} INFO - [2024-04-04 20:53:49,418] {dagbag.py:507} INFO - Filling up the DagBag from /home/dimitri/dimitri/airflowalura/venv/lib/python3.10/site-packages/airflow/example_dags/example_dag_decorator.py
[2024-04-04 20:53:49,432] {processor.py:651} INFO - DAG(s) dict_keys(['example_dag_decorator']) retrieved from /home/dimitri/dimitri/airflowalura/venv/lib/python3.10/site-packages/airflow/example_dags/example_dag_decorator.py
[2024-04-04 20:53:49,440] {logging_mixin.py:115} INFO - [2024-04-04 20:53:49,440] {dag.py:2379} INFO - Sync 1 DAGs
[2024-04-04 20:53:49,449] {logging_mixin.py:115} INFO - [2024-04-04 20:53:49,449] {dag.py:2927} INFO - Setting next_dagrun for example_dag_decorator to None, run_after=None
[2024-04-04 20:53:49,466] {processor.py:161} INFO - Processing /home/dimitri/dimitri/airflowalura/venv/lib/python3.10/site-packages/airflow/example_dags/example_dag_decorator.py took 0.051 seconds
[2024-04-04 20:54:21,799] {processor.py:153} INFO - Started process (PID=576259) to work on /home/dimitri/dimitri/airflowalura/venv/lib/python3.10/site-packages/airflow/example_dags/example_dag_decorator.py
[2024-04-04 20:54:21,800] {processor.py:641} INFO - Processing file /home/dimitri/dimitri/airflowalura/venv/lib/python3.10/site-packages/airflow/example_dags/example_dag_decorator.py for tasks to queue
[2024-04-04 20:54:21,801] {logging_mixin.py:115} INFO - [2024-04-04 20:54:21,800] {dagbag.py:507} INFO - Filling up the DagBag from /home/dimitri/dimitri/airflowalura/venv/lib/python3.10/site-packages/airflow/example_dags/example_dag_decorator.py
[2024-04-04 20:54:21,819] {processor.py:651} INFO - DAG(s) dict_keys(['example_dag_decorator']) retrieved from /home/dimitri/dimitri/airflowalura/venv/lib/python3.10/site-packages/airflow/example_dags/example_dag_decorator.py
[2024-04-04 20:54:21,829] {logging_mixin.py:115} INFO - [2024-04-04 20:54:21,829] {dag.py:2379} INFO - Sync 1 DAGs
[2024-04-04 20:54:21,848] {logging_mixin.py:115} INFO - [2024-04-04 20:54:21,848] {dag.py:2927} INFO - Setting next_dagrun for example_dag_decorator to None, run_after=None
[2024-04-04 20:54:21,865] {processor.py:161} INFO - Processing /home/dimitri/dimitri/airflowalura/venv/lib/python3.10/site-packages/airflow/example_dags/example_dag_decorator.py took 0.068 seconds
[2024-04-04 20:54:56,948] {processor.py:153} INFO - Started process (PID=576397) to work on /home/dimitri/dimitri/airflowalura/venv/lib/python3.10/site-packages/airflow/example_dags/example_dag_decorator.py
[2024-04-04 20:54:56,950] {processor.py:641} INFO - Processing file /home/dimitri/dimitri/airflowalura/venv/lib/python3.10/site-packages/airflow/example_dags/example_dag_decorator.py for tasks to queue
[2024-04-04 20:54:56,951] {logging_mixin.py:115} INFO - [2024-04-04 20:54:56,951] {dagbag.py:507} INFO - Filling up the DagBag from /home/dimitri/dimitri/airflowalura/venv/lib/python3.10/site-packages/airflow/example_dags/example_dag_decorator.py
[2024-04-04 20:54:56,966] {processor.py:651} INFO - DAG(s) dict_keys(['example_dag_decorator']) retrieved from /home/dimitri/dimitri/airflowalura/venv/lib/python3.10/site-packages/airflow/example_dags/example_dag_decorator.py
[2024-04-04 20:54:56,974] {logging_mixin.py:115} INFO - [2024-04-04 20:54:56,974] {dag.py:2379} INFO - Sync 1 DAGs
[2024-04-04 20:54:56,983] {logging_mixin.py:115} INFO - [2024-04-04 20:54:56,983] {dag.py:2927} INFO - Setting next_dagrun for example_dag_decorator to None, run_after=None
[2024-04-04 20:54:56,999] {processor.py:161} INFO - Processing /home/dimitri/dimitri/airflowalura/venv/lib/python3.10/site-packages/airflow/example_dags/example_dag_decorator.py took 0.054 seconds
[2024-04-04 20:55:31,926] {processor.py:153} INFO - Started process (PID=576536) to work on /home/dimitri/dimitri/airflowalura/venv/lib/python3.10/site-packages/airflow/example_dags/example_dag_decorator.py
[2024-04-04 20:55:31,929] {processor.py:641} INFO - Processing file /home/dimitri/dimitri/airflowalura/venv/lib/python3.10/site-packages/airflow/example_dags/example_dag_decorator.py for tasks to queue
[2024-04-04 20:55:31,929] {logging_mixin.py:115} INFO - [2024-04-04 20:55:31,929] {dagbag.py:507} INFO - Filling up the DagBag from /home/dimitri/dimitri/airflowalura/venv/lib/python3.10/site-packages/airflow/example_dags/example_dag_decorator.py
[2024-04-04 20:55:31,944] {processor.py:651} INFO - DAG(s) dict_keys(['example_dag_decorator']) retrieved from /home/dimitri/dimitri/airflowalura/venv/lib/python3.10/site-packages/airflow/example_dags/example_dag_decorator.py
[2024-04-04 20:55:31,954] {logging_mixin.py:115} INFO - [2024-04-04 20:55:31,954] {dag.py:2379} INFO - Sync 1 DAGs
[2024-04-04 20:55:31,966] {logging_mixin.py:115} INFO - [2024-04-04 20:55:31,965] {dag.py:2927} INFO - Setting next_dagrun for example_dag_decorator to None, run_after=None
[2024-04-04 20:55:31,981] {processor.py:161} INFO - Processing /home/dimitri/dimitri/airflowalura/venv/lib/python3.10/site-packages/airflow/example_dags/example_dag_decorator.py took 0.057 seconds
[2024-04-04 20:56:07,912] {processor.py:153} INFO - Started process (PID=576674) to work on /home/dimitri/dimitri/airflowalura/venv/lib/python3.10/site-packages/airflow/example_dags/example_dag_decorator.py
[2024-04-04 20:56:07,913] {processor.py:641} INFO - Processing file /home/dimitri/dimitri/airflowalura/venv/lib/python3.10/site-packages/airflow/example_dags/example_dag_decorator.py for tasks to queue
[2024-04-04 20:56:07,914] {logging_mixin.py:115} INFO - [2024-04-04 20:56:07,914] {dagbag.py:507} INFO - Filling up the DagBag from /home/dimitri/dimitri/airflowalura/venv/lib/python3.10/site-packages/airflow/example_dags/example_dag_decorator.py
[2024-04-04 20:56:07,931] {processor.py:651} INFO - DAG(s) dict_keys(['example_dag_decorator']) retrieved from /home/dimitri/dimitri/airflowalura/venv/lib/python3.10/site-packages/airflow/example_dags/example_dag_decorator.py
[2024-04-04 20:56:07,961] {logging_mixin.py:115} INFO - [2024-04-04 20:56:07,961] {dag.py:2379} INFO - Sync 1 DAGs
[2024-04-04 20:56:07,969] {logging_mixin.py:115} INFO - [2024-04-04 20:56:07,969] {dag.py:2927} INFO - Setting next_dagrun for example_dag_decorator to None, run_after=None
[2024-04-04 20:56:07,986] {processor.py:161} INFO - Processing /home/dimitri/dimitri/airflowalura/venv/lib/python3.10/site-packages/airflow/example_dags/example_dag_decorator.py took 0.076 seconds
[2024-04-04 20:56:41,217] {processor.py:153} INFO - Started process (PID=576803) to work on /home/dimitri/dimitri/airflowalura/venv/lib/python3.10/site-packages/airflow/example_dags/example_dag_decorator.py
[2024-04-04 20:56:41,220] {processor.py:641} INFO - Processing file /home/dimitri/dimitri/airflowalura/venv/lib/python3.10/site-packages/airflow/example_dags/example_dag_decorator.py for tasks to queue
[2024-04-04 20:56:41,221] {logging_mixin.py:115} INFO - [2024-04-04 20:56:41,221] {dagbag.py:507} INFO - Filling up the DagBag from /home/dimitri/dimitri/airflowalura/venv/lib/python3.10/site-packages/airflow/example_dags/example_dag_decorator.py
[2024-04-04 20:56:41,239] {processor.py:651} INFO - DAG(s) dict_keys(['example_dag_decorator']) retrieved from /home/dimitri/dimitri/airflowalura/venv/lib/python3.10/site-packages/airflow/example_dags/example_dag_decorator.py
[2024-04-04 20:56:41,266] {logging_mixin.py:115} INFO - [2024-04-04 20:56:41,265] {dag.py:2379} INFO - Sync 1 DAGs
[2024-04-04 20:56:41,275] {logging_mixin.py:115} INFO - [2024-04-04 20:56:41,275] {dag.py:2927} INFO - Setting next_dagrun for example_dag_decorator to None, run_after=None
[2024-04-04 20:56:41,294] {processor.py:161} INFO - Processing /home/dimitri/dimitri/airflowalura/venv/lib/python3.10/site-packages/airflow/example_dags/example_dag_decorator.py took 0.079 seconds
[2024-04-04 20:57:15,019] {processor.py:153} INFO - Started process (PID=576942) to work on /home/dimitri/dimitri/airflowalura/venv/lib/python3.10/site-packages/airflow/example_dags/example_dag_decorator.py
[2024-04-04 20:57:15,021] {processor.py:641} INFO - Processing file /home/dimitri/dimitri/airflowalura/venv/lib/python3.10/site-packages/airflow/example_dags/example_dag_decorator.py for tasks to queue
[2024-04-04 20:57:15,021] {logging_mixin.py:115} INFO - [2024-04-04 20:57:15,021] {dagbag.py:507} INFO - Filling up the DagBag from /home/dimitri/dimitri/airflowalura/venv/lib/python3.10/site-packages/airflow/example_dags/example_dag_decorator.py
[2024-04-04 20:57:15,037] {processor.py:651} INFO - DAG(s) dict_keys(['example_dag_decorator']) retrieved from /home/dimitri/dimitri/airflowalura/venv/lib/python3.10/site-packages/airflow/example_dags/example_dag_decorator.py
[2024-04-04 20:57:15,074] {logging_mixin.py:115} INFO - [2024-04-04 20:57:15,074] {dag.py:2379} INFO - Sync 1 DAGs
[2024-04-04 20:57:15,082] {logging_mixin.py:115} INFO - [2024-04-04 20:57:15,082] {dag.py:2927} INFO - Setting next_dagrun for example_dag_decorator to None, run_after=None
[2024-04-04 20:57:15,103] {processor.py:161} INFO - Processing /home/dimitri/dimitri/airflowalura/venv/lib/python3.10/site-packages/airflow/example_dags/example_dag_decorator.py took 0.087 seconds
[2024-04-04 20:57:47,024] {processor.py:153} INFO - Started process (PID=577064) to work on /home/dimitri/dimitri/airflowalura/venv/lib/python3.10/site-packages/airflow/example_dags/example_dag_decorator.py
[2024-04-04 20:57:47,026] {processor.py:641} INFO - Processing file /home/dimitri/dimitri/airflowalura/venv/lib/python3.10/site-packages/airflow/example_dags/example_dag_decorator.py for tasks to queue
[2024-04-04 20:57:47,026] {logging_mixin.py:115} INFO - [2024-04-04 20:57:47,026] {dagbag.py:507} INFO - Filling up the DagBag from /home/dimitri/dimitri/airflowalura/venv/lib/python3.10/site-packages/airflow/example_dags/example_dag_decorator.py
[2024-04-04 20:57:47,043] {processor.py:651} INFO - DAG(s) dict_keys(['example_dag_decorator']) retrieved from /home/dimitri/dimitri/airflowalura/venv/lib/python3.10/site-packages/airflow/example_dags/example_dag_decorator.py
[2024-04-04 20:57:47,077] {logging_mixin.py:115} INFO - [2024-04-04 20:57:47,077] {dag.py:2379} INFO - Sync 1 DAGs
[2024-04-04 20:57:47,086] {logging_mixin.py:115} INFO - [2024-04-04 20:57:47,086] {dag.py:2927} INFO - Setting next_dagrun for example_dag_decorator to None, run_after=None
[2024-04-04 20:57:47,105] {processor.py:161} INFO - Processing /home/dimitri/dimitri/airflowalura/venv/lib/python3.10/site-packages/airflow/example_dags/example_dag_decorator.py took 0.083 seconds
[2024-04-04 20:58:22,145] {processor.py:153} INFO - Started process (PID=577202) to work on /home/dimitri/dimitri/airflowalura/venv/lib/python3.10/site-packages/airflow/example_dags/example_dag_decorator.py
[2024-04-04 20:58:22,147] {processor.py:641} INFO - Processing file /home/dimitri/dimitri/airflowalura/venv/lib/python3.10/site-packages/airflow/example_dags/example_dag_decorator.py for tasks to queue
[2024-04-04 20:58:22,147] {logging_mixin.py:115} INFO - [2024-04-04 20:58:22,147] {dagbag.py:507} INFO - Filling up the DagBag from /home/dimitri/dimitri/airflowalura/venv/lib/python3.10/site-packages/airflow/example_dags/example_dag_decorator.py
[2024-04-04 20:58:22,163] {processor.py:651} INFO - DAG(s) dict_keys(['example_dag_decorator']) retrieved from /home/dimitri/dimitri/airflowalura/venv/lib/python3.10/site-packages/airflow/example_dags/example_dag_decorator.py
[2024-04-04 20:58:22,187] {logging_mixin.py:115} INFO - [2024-04-04 20:58:22,187] {dag.py:2379} INFO - Sync 1 DAGs
[2024-04-04 20:58:22,195] {logging_mixin.py:115} INFO - [2024-04-04 20:58:22,195] {dag.py:2927} INFO - Setting next_dagrun for example_dag_decorator to None, run_after=None
[2024-04-04 20:58:22,214] {processor.py:161} INFO - Processing /home/dimitri/dimitri/airflowalura/venv/lib/python3.10/site-packages/airflow/example_dags/example_dag_decorator.py took 0.072 seconds
[2024-04-04 20:58:55,439] {processor.py:153} INFO - Started process (PID=577334) to work on /home/dimitri/dimitri/airflowalura/venv/lib/python3.10/site-packages/airflow/example_dags/example_dag_decorator.py
[2024-04-04 20:58:55,442] {processor.py:641} INFO - Processing file /home/dimitri/dimitri/airflowalura/venv/lib/python3.10/site-packages/airflow/example_dags/example_dag_decorator.py for tasks to queue
[2024-04-04 20:58:55,442] {logging_mixin.py:115} INFO - [2024-04-04 20:58:55,442] {dagbag.py:507} INFO - Filling up the DagBag from /home/dimitri/dimitri/airflowalura/venv/lib/python3.10/site-packages/airflow/example_dags/example_dag_decorator.py
[2024-04-04 20:58:55,458] {processor.py:651} INFO - DAG(s) dict_keys(['example_dag_decorator']) retrieved from /home/dimitri/dimitri/airflowalura/venv/lib/python3.10/site-packages/airflow/example_dags/example_dag_decorator.py
[2024-04-04 20:58:55,467] {logging_mixin.py:115} INFO - [2024-04-04 20:58:55,467] {dag.py:2379} INFO - Sync 1 DAGs
[2024-04-04 20:58:55,477] {logging_mixin.py:115} INFO - [2024-04-04 20:58:55,477] {dag.py:2927} INFO - Setting next_dagrun for example_dag_decorator to None, run_after=None
[2024-04-04 20:58:55,494] {processor.py:161} INFO - Processing /home/dimitri/dimitri/airflowalura/venv/lib/python3.10/site-packages/airflow/example_dags/example_dag_decorator.py took 0.057 seconds
[2024-04-04 20:59:30,207] {processor.py:153} INFO - Started process (PID=577469) to work on /home/dimitri/dimitri/airflowalura/venv/lib/python3.10/site-packages/airflow/example_dags/example_dag_decorator.py
[2024-04-04 20:59:30,211] {processor.py:641} INFO - Processing file /home/dimitri/dimitri/airflowalura/venv/lib/python3.10/site-packages/airflow/example_dags/example_dag_decorator.py for tasks to queue
[2024-04-04 20:59:30,212] {logging_mixin.py:115} INFO - [2024-04-04 20:59:30,211] {dagbag.py:507} INFO - Filling up the DagBag from /home/dimitri/dimitri/airflowalura/venv/lib/python3.10/site-packages/airflow/example_dags/example_dag_decorator.py
[2024-04-04 20:59:30,229] {processor.py:651} INFO - DAG(s) dict_keys(['example_dag_decorator']) retrieved from /home/dimitri/dimitri/airflowalura/venv/lib/python3.10/site-packages/airflow/example_dags/example_dag_decorator.py
[2024-04-04 20:59:30,239] {logging_mixin.py:115} INFO - [2024-04-04 20:59:30,238] {dag.py:2379} INFO - Sync 1 DAGs
[2024-04-04 20:59:30,249] {logging_mixin.py:115} INFO - [2024-04-04 20:59:30,249] {dag.py:2927} INFO - Setting next_dagrun for example_dag_decorator to None, run_after=None
[2024-04-04 20:59:30,266] {processor.py:161} INFO - Processing /home/dimitri/dimitri/airflowalura/venv/lib/python3.10/site-packages/airflow/example_dags/example_dag_decorator.py took 0.061 seconds
