[2024-04-04 20:29:06,895] {processor.py:153} INFO - Started process (PID=569881) to work on /home/dimitri/dimitri/airflowalura/venv/lib/python3.10/site-packages/airflow/example_dags/example_external_task_marker_dag.py
[2024-04-04 20:29:06,895] {processor.py:641} INFO - Processing file /home/dimitri/dimitri/airflowalura/venv/lib/python3.10/site-packages/airflow/example_dags/example_external_task_marker_dag.py for tasks to queue
[2024-04-04 20:29:06,896] {logging_mixin.py:115} INFO - [2024-04-04 20:29:06,896] {dagbag.py:507} INFO - Filling up the DagBag from /home/dimitri/dimitri/airflowalura/venv/lib/python3.10/site-packages/airflow/example_dags/example_external_task_marker_dag.py
[2024-04-04 20:29:06,898] {processor.py:651} INFO - DAG(s) dict_keys(['example_external_task_marker_parent', 'example_external_task_marker_child']) retrieved from /home/dimitri/dimitri/airflowalura/venv/lib/python3.10/site-packages/airflow/example_dags/example_external_task_marker_dag.py
[2024-04-04 20:29:06,953] {logging_mixin.py:115} INFO - [2024-04-04 20:29:06,953] {manager.py:508} INFO - Created Permission View: can read on DAG:example_external_task_marker_parent
[2024-04-04 20:29:06,968] {logging_mixin.py:115} INFO - [2024-04-04 20:29:06,968] {manager.py:508} INFO - Created Permission View: can edit on DAG:example_external_task_marker_parent
[2024-04-04 20:29:06,980] {logging_mixin.py:115} INFO - [2024-04-04 20:29:06,980] {manager.py:508} INFO - Created Permission View: can delete on DAG:example_external_task_marker_parent
[2024-04-04 20:29:07,037] {logging_mixin.py:115} INFO - [2024-04-04 20:29:07,037] {manager.py:508} INFO - Created Permission View: can read on DAG:example_external_task_marker_child
[2024-04-04 20:29:07,055] {logging_mixin.py:115} INFO - [2024-04-04 20:29:07,055] {manager.py:508} INFO - Created Permission View: can edit on DAG:example_external_task_marker_child
[2024-04-04 20:29:07,069] {logging_mixin.py:115} INFO - [2024-04-04 20:29:07,069] {manager.py:508} INFO - Created Permission View: can delete on DAG:example_external_task_marker_child
[2024-04-04 20:29:07,069] {logging_mixin.py:115} INFO - [2024-04-04 20:29:07,069] {dag.py:2379} INFO - Sync 2 DAGs
[2024-04-04 20:29:07,073] {logging_mixin.py:115} INFO - [2024-04-04 20:29:07,073] {dag.py:2398} INFO - Creating ORM DAG for example_external_task_marker_child
[2024-04-04 20:29:07,073] {logging_mixin.py:115} INFO - [2024-04-04 20:29:07,073] {dag.py:2398} INFO - Creating ORM DAG for example_external_task_marker_parent
[2024-04-04 20:29:07,078] {logging_mixin.py:115} INFO - [2024-04-04 20:29:07,078] {dag.py:2927} INFO - Setting next_dagrun for example_external_task_marker_child to None, run_after=None
[2024-04-04 20:29:07,078] {logging_mixin.py:115} INFO - [2024-04-04 20:29:07,078] {dag.py:2927} INFO - Setting next_dagrun for example_external_task_marker_parent to None, run_after=None
[2024-04-04 20:29:07,100] {processor.py:161} INFO - Processing /home/dimitri/dimitri/airflowalura/venv/lib/python3.10/site-packages/airflow/example_dags/example_external_task_marker_dag.py took 0.207 seconds
[2024-04-04 20:29:41,863] {processor.py:153} INFO - Started process (PID=570149) to work on /home/dimitri/dimitri/airflowalura/venv/lib/python3.10/site-packages/airflow/example_dags/example_external_task_marker_dag.py
[2024-04-04 20:29:41,866] {processor.py:641} INFO - Processing file /home/dimitri/dimitri/airflowalura/venv/lib/python3.10/site-packages/airflow/example_dags/example_external_task_marker_dag.py for tasks to queue
[2024-04-04 20:29:41,867] {logging_mixin.py:115} INFO - [2024-04-04 20:29:41,867] {dagbag.py:507} INFO - Filling up the DagBag from /home/dimitri/dimitri/airflowalura/venv/lib/python3.10/site-packages/airflow/example_dags/example_external_task_marker_dag.py
[2024-04-04 20:29:41,880] {processor.py:651} INFO - DAG(s) dict_keys(['example_external_task_marker_parent', 'example_external_task_marker_child']) retrieved from /home/dimitri/dimitri/airflowalura/venv/lib/python3.10/site-packages/airflow/example_dags/example_external_task_marker_dag.py
[2024-04-04 20:29:41,937] {logging_mixin.py:115} INFO - [2024-04-04 20:29:41,937] {dag.py:2379} INFO - Sync 2 DAGs
[2024-04-04 20:29:41,979] {logging_mixin.py:115} INFO - [2024-04-04 20:29:41,978] {dag.py:2927} INFO - Setting next_dagrun for example_external_task_marker_child to None, run_after=None
[2024-04-04 20:29:41,980] {logging_mixin.py:115} INFO - [2024-04-04 20:29:41,980] {dag.py:2927} INFO - Setting next_dagrun for example_external_task_marker_parent to None, run_after=None
[2024-04-04 20:29:42,015] {processor.py:161} INFO - Processing /home/dimitri/dimitri/airflowalura/venv/lib/python3.10/site-packages/airflow/example_dags/example_external_task_marker_dag.py took 0.157 seconds
[2024-04-04 20:30:15,464] {processor.py:153} INFO - Started process (PID=570370) to work on /home/dimitri/dimitri/airflowalura/venv/lib/python3.10/site-packages/airflow/example_dags/example_external_task_marker_dag.py
[2024-04-04 20:30:15,464] {processor.py:641} INFO - Processing file /home/dimitri/dimitri/airflowalura/venv/lib/python3.10/site-packages/airflow/example_dags/example_external_task_marker_dag.py for tasks to queue
[2024-04-04 20:30:15,464] {logging_mixin.py:115} INFO - [2024-04-04 20:30:15,464] {dagbag.py:507} INFO - Filling up the DagBag from /home/dimitri/dimitri/airflowalura/venv/lib/python3.10/site-packages/airflow/example_dags/example_external_task_marker_dag.py
[2024-04-04 20:30:15,467] {processor.py:651} INFO - DAG(s) dict_keys(['example_external_task_marker_parent', 'example_external_task_marker_child']) retrieved from /home/dimitri/dimitri/airflowalura/venv/lib/python3.10/site-packages/airflow/example_dags/example_external_task_marker_dag.py
[2024-04-04 20:30:15,480] {logging_mixin.py:115} INFO - [2024-04-04 20:30:15,480] {dag.py:2379} INFO - Sync 2 DAGs
[2024-04-04 20:30:15,490] {logging_mixin.py:115} INFO - [2024-04-04 20:30:15,490] {dag.py:2927} INFO - Setting next_dagrun for example_external_task_marker_child to None, run_after=None
[2024-04-04 20:30:15,491] {logging_mixin.py:115} INFO - [2024-04-04 20:30:15,491] {dag.py:2927} INFO - Setting next_dagrun for example_external_task_marker_parent to None, run_after=None
[2024-04-04 20:30:15,506] {processor.py:161} INFO - Processing /home/dimitri/dimitri/airflowalura/venv/lib/python3.10/site-packages/airflow/example_dags/example_external_task_marker_dag.py took 0.044 seconds
[2024-04-04 20:30:48,029] {processor.py:153} INFO - Started process (PID=570506) to work on /home/dimitri/dimitri/airflowalura/venv/lib/python3.10/site-packages/airflow/example_dags/example_external_task_marker_dag.py
[2024-04-04 20:30:48,032] {processor.py:641} INFO - Processing file /home/dimitri/dimitri/airflowalura/venv/lib/python3.10/site-packages/airflow/example_dags/example_external_task_marker_dag.py for tasks to queue
[2024-04-04 20:30:48,033] {logging_mixin.py:115} INFO - [2024-04-04 20:30:48,032] {dagbag.py:507} INFO - Filling up the DagBag from /home/dimitri/dimitri/airflowalura/venv/lib/python3.10/site-packages/airflow/example_dags/example_external_task_marker_dag.py
[2024-04-04 20:30:48,037] {processor.py:651} INFO - DAG(s) dict_keys(['example_external_task_marker_parent', 'example_external_task_marker_child']) retrieved from /home/dimitri/dimitri/airflowalura/venv/lib/python3.10/site-packages/airflow/example_dags/example_external_task_marker_dag.py
[2024-04-04 20:30:48,069] {logging_mixin.py:115} INFO - [2024-04-04 20:30:48,069] {dag.py:2379} INFO - Sync 2 DAGs
[2024-04-04 20:30:48,091] {logging_mixin.py:115} INFO - [2024-04-04 20:30:48,090] {dag.py:2927} INFO - Setting next_dagrun for example_external_task_marker_child to None, run_after=None
[2024-04-04 20:30:48,091] {logging_mixin.py:115} INFO - [2024-04-04 20:30:48,091] {dag.py:2927} INFO - Setting next_dagrun for example_external_task_marker_parent to None, run_after=None
[2024-04-04 20:30:48,114] {processor.py:161} INFO - Processing /home/dimitri/dimitri/airflowalura/venv/lib/python3.10/site-packages/airflow/example_dags/example_external_task_marker_dag.py took 0.088 seconds
[2024-04-04 20:31:21,297] {processor.py:153} INFO - Started process (PID=570636) to work on /home/dimitri/dimitri/airflowalura/venv/lib/python3.10/site-packages/airflow/example_dags/example_external_task_marker_dag.py
[2024-04-04 20:31:21,299] {processor.py:641} INFO - Processing file /home/dimitri/dimitri/airflowalura/venv/lib/python3.10/site-packages/airflow/example_dags/example_external_task_marker_dag.py for tasks to queue
[2024-04-04 20:31:21,300] {logging_mixin.py:115} INFO - [2024-04-04 20:31:21,300] {dagbag.py:507} INFO - Filling up the DagBag from /home/dimitri/dimitri/airflowalura/venv/lib/python3.10/site-packages/airflow/example_dags/example_external_task_marker_dag.py
[2024-04-04 20:31:21,303] {processor.py:651} INFO - DAG(s) dict_keys(['example_external_task_marker_parent', 'example_external_task_marker_child']) retrieved from /home/dimitri/dimitri/airflowalura/venv/lib/python3.10/site-packages/airflow/example_dags/example_external_task_marker_dag.py
[2024-04-04 20:31:21,316] {logging_mixin.py:115} INFO - [2024-04-04 20:31:21,316] {dag.py:2379} INFO - Sync 2 DAGs
[2024-04-04 20:31:21,327] {logging_mixin.py:115} INFO - [2024-04-04 20:31:21,327] {dag.py:2927} INFO - Setting next_dagrun for example_external_task_marker_child to None, run_after=None
[2024-04-04 20:31:21,328] {logging_mixin.py:115} INFO - [2024-04-04 20:31:21,328] {dag.py:2927} INFO - Setting next_dagrun for example_external_task_marker_parent to None, run_after=None
[2024-04-04 20:31:21,344] {processor.py:161} INFO - Processing /home/dimitri/dimitri/airflowalura/venv/lib/python3.10/site-packages/airflow/example_dags/example_external_task_marker_dag.py took 0.050 seconds
[2024-04-04 20:31:54,813] {processor.py:153} INFO - Started process (PID=570768) to work on /home/dimitri/dimitri/airflowalura/venv/lib/python3.10/site-packages/airflow/example_dags/example_external_task_marker_dag.py
[2024-04-04 20:31:54,814] {processor.py:641} INFO - Processing file /home/dimitri/dimitri/airflowalura/venv/lib/python3.10/site-packages/airflow/example_dags/example_external_task_marker_dag.py for tasks to queue
[2024-04-04 20:31:54,814] {logging_mixin.py:115} INFO - [2024-04-04 20:31:54,814] {dagbag.py:507} INFO - Filling up the DagBag from /home/dimitri/dimitri/airflowalura/venv/lib/python3.10/site-packages/airflow/example_dags/example_external_task_marker_dag.py
[2024-04-04 20:31:54,817] {processor.py:651} INFO - DAG(s) dict_keys(['example_external_task_marker_parent', 'example_external_task_marker_child']) retrieved from /home/dimitri/dimitri/airflowalura/venv/lib/python3.10/site-packages/airflow/example_dags/example_external_task_marker_dag.py
[2024-04-04 20:31:54,833] {logging_mixin.py:115} INFO - [2024-04-04 20:31:54,833] {dag.py:2379} INFO - Sync 2 DAGs
[2024-04-04 20:31:54,849] {logging_mixin.py:115} INFO - [2024-04-04 20:31:54,849] {dag.py:2927} INFO - Setting next_dagrun for example_external_task_marker_child to None, run_after=None
[2024-04-04 20:31:54,849] {logging_mixin.py:115} INFO - [2024-04-04 20:31:54,849] {dag.py:2927} INFO - Setting next_dagrun for example_external_task_marker_parent to None, run_after=None
[2024-04-04 20:31:54,866] {processor.py:161} INFO - Processing /home/dimitri/dimitri/airflowalura/venv/lib/python3.10/site-packages/airflow/example_dags/example_external_task_marker_dag.py took 0.055 seconds
[2024-04-04 20:32:27,279] {processor.py:153} INFO - Started process (PID=570898) to work on /home/dimitri/dimitri/airflowalura/venv/lib/python3.10/site-packages/airflow/example_dags/example_external_task_marker_dag.py
[2024-04-04 20:32:27,282] {processor.py:641} INFO - Processing file /home/dimitri/dimitri/airflowalura/venv/lib/python3.10/site-packages/airflow/example_dags/example_external_task_marker_dag.py for tasks to queue
[2024-04-04 20:32:27,282] {logging_mixin.py:115} INFO - [2024-04-04 20:32:27,282] {dagbag.py:507} INFO - Filling up the DagBag from /home/dimitri/dimitri/airflowalura/venv/lib/python3.10/site-packages/airflow/example_dags/example_external_task_marker_dag.py
[2024-04-04 20:32:27,285] {processor.py:651} INFO - DAG(s) dict_keys(['example_external_task_marker_parent', 'example_external_task_marker_child']) retrieved from /home/dimitri/dimitri/airflowalura/venv/lib/python3.10/site-packages/airflow/example_dags/example_external_task_marker_dag.py
[2024-04-04 20:32:27,298] {logging_mixin.py:115} INFO - [2024-04-04 20:32:27,298] {dag.py:2379} INFO - Sync 2 DAGs
[2024-04-04 20:32:27,308] {logging_mixin.py:115} INFO - [2024-04-04 20:32:27,308] {dag.py:2927} INFO - Setting next_dagrun for example_external_task_marker_child to None, run_after=None
[2024-04-04 20:32:27,309] {logging_mixin.py:115} INFO - [2024-04-04 20:32:27,309] {dag.py:2927} INFO - Setting next_dagrun for example_external_task_marker_parent to None, run_after=None
[2024-04-04 20:32:27,323] {processor.py:161} INFO - Processing /home/dimitri/dimitri/airflowalura/venv/lib/python3.10/site-packages/airflow/example_dags/example_external_task_marker_dag.py took 0.047 seconds
[2024-04-04 20:32:54,711] {processor.py:153} INFO - Started process (PID=571146) to work on /home/dimitri/dimitri/airflowalura/venv/lib/python3.10/site-packages/airflow/example_dags/example_external_task_marker_dag.py
[2024-04-04 20:32:54,713] {processor.py:641} INFO - Processing file /home/dimitri/dimitri/airflowalura/venv/lib/python3.10/site-packages/airflow/example_dags/example_external_task_marker_dag.py for tasks to queue
[2024-04-04 20:32:54,714] {logging_mixin.py:115} INFO - [2024-04-04 20:32:54,714] {dagbag.py:507} INFO - Filling up the DagBag from /home/dimitri/dimitri/airflowalura/venv/lib/python3.10/site-packages/airflow/example_dags/example_external_task_marker_dag.py
[2024-04-04 20:32:54,717] {processor.py:651} INFO - DAG(s) dict_keys(['example_external_task_marker_parent', 'example_external_task_marker_child']) retrieved from /home/dimitri/dimitri/airflowalura/venv/lib/python3.10/site-packages/airflow/example_dags/example_external_task_marker_dag.py
[2024-04-04 20:32:54,734] {logging_mixin.py:115} INFO - [2024-04-04 20:32:54,734] {dag.py:2379} INFO - Sync 2 DAGs
[2024-04-04 20:32:54,744] {logging_mixin.py:115} INFO - [2024-04-04 20:32:54,744] {dag.py:2927} INFO - Setting next_dagrun for example_external_task_marker_child to None, run_after=None
[2024-04-04 20:32:54,744] {logging_mixin.py:115} INFO - [2024-04-04 20:32:54,744] {dag.py:2927} INFO - Setting next_dagrun for example_external_task_marker_parent to None, run_after=None
[2024-04-04 20:32:54,761] {processor.py:161} INFO - Processing /home/dimitri/dimitri/airflowalura/venv/lib/python3.10/site-packages/airflow/example_dags/example_external_task_marker_dag.py took 0.051 seconds
[2024-04-04 20:33:25,750] {processor.py:153} INFO - Started process (PID=571276) to work on /home/dimitri/dimitri/airflowalura/venv/lib/python3.10/site-packages/airflow/example_dags/example_external_task_marker_dag.py
[2024-04-04 20:33:25,752] {processor.py:641} INFO - Processing file /home/dimitri/dimitri/airflowalura/venv/lib/python3.10/site-packages/airflow/example_dags/example_external_task_marker_dag.py for tasks to queue
[2024-04-04 20:33:25,752] {logging_mixin.py:115} INFO - [2024-04-04 20:33:25,752] {dagbag.py:507} INFO - Filling up the DagBag from /home/dimitri/dimitri/airflowalura/venv/lib/python3.10/site-packages/airflow/example_dags/example_external_task_marker_dag.py
[2024-04-04 20:33:25,755] {processor.py:651} INFO - DAG(s) dict_keys(['example_external_task_marker_parent', 'example_external_task_marker_child']) retrieved from /home/dimitri/dimitri/airflowalura/venv/lib/python3.10/site-packages/airflow/example_dags/example_external_task_marker_dag.py
[2024-04-04 20:33:25,771] {logging_mixin.py:115} INFO - [2024-04-04 20:33:25,771] {dag.py:2379} INFO - Sync 2 DAGs
[2024-04-04 20:33:25,782] {logging_mixin.py:115} INFO - [2024-04-04 20:33:25,781] {dag.py:2927} INFO - Setting next_dagrun for example_external_task_marker_child to None, run_after=None
[2024-04-04 20:33:25,782] {logging_mixin.py:115} INFO - [2024-04-04 20:33:25,782] {dag.py:2927} INFO - Setting next_dagrun for example_external_task_marker_parent to None, run_after=None
[2024-04-04 20:33:25,799] {processor.py:161} INFO - Processing /home/dimitri/dimitri/airflowalura/venv/lib/python3.10/site-packages/airflow/example_dags/example_external_task_marker_dag.py took 0.051 seconds
[2024-04-04 20:33:59,513] {processor.py:153} INFO - Started process (PID=571409) to work on /home/dimitri/dimitri/airflowalura/venv/lib/python3.10/site-packages/airflow/example_dags/example_external_task_marker_dag.py
[2024-04-04 20:33:59,516] {processor.py:641} INFO - Processing file /home/dimitri/dimitri/airflowalura/venv/lib/python3.10/site-packages/airflow/example_dags/example_external_task_marker_dag.py for tasks to queue
[2024-04-04 20:33:59,516] {logging_mixin.py:115} INFO - [2024-04-04 20:33:59,516] {dagbag.py:507} INFO - Filling up the DagBag from /home/dimitri/dimitri/airflowalura/venv/lib/python3.10/site-packages/airflow/example_dags/example_external_task_marker_dag.py
[2024-04-04 20:33:59,520] {processor.py:651} INFO - DAG(s) dict_keys(['example_external_task_marker_parent', 'example_external_task_marker_child']) retrieved from /home/dimitri/dimitri/airflowalura/venv/lib/python3.10/site-packages/airflow/example_dags/example_external_task_marker_dag.py
[2024-04-04 20:33:59,534] {logging_mixin.py:115} INFO - [2024-04-04 20:33:59,534] {dag.py:2379} INFO - Sync 2 DAGs
[2024-04-04 20:33:59,543] {logging_mixin.py:115} INFO - [2024-04-04 20:33:59,543] {dag.py:2927} INFO - Setting next_dagrun for example_external_task_marker_child to None, run_after=None
[2024-04-04 20:33:59,543] {logging_mixin.py:115} INFO - [2024-04-04 20:33:59,543] {dag.py:2927} INFO - Setting next_dagrun for example_external_task_marker_parent to None, run_after=None
[2024-04-04 20:33:59,558] {processor.py:161} INFO - Processing /home/dimitri/dimitri/airflowalura/venv/lib/python3.10/site-packages/airflow/example_dags/example_external_task_marker_dag.py took 0.048 seconds
[2024-04-04 20:34:33,854] {processor.py:153} INFO - Started process (PID=571545) to work on /home/dimitri/dimitri/airflowalura/venv/lib/python3.10/site-packages/airflow/example_dags/example_external_task_marker_dag.py
[2024-04-04 20:34:33,857] {processor.py:641} INFO - Processing file /home/dimitri/dimitri/airflowalura/venv/lib/python3.10/site-packages/airflow/example_dags/example_external_task_marker_dag.py for tasks to queue
[2024-04-04 20:34:33,857] {logging_mixin.py:115} INFO - [2024-04-04 20:34:33,857] {dagbag.py:507} INFO - Filling up the DagBag from /home/dimitri/dimitri/airflowalura/venv/lib/python3.10/site-packages/airflow/example_dags/example_external_task_marker_dag.py
[2024-04-04 20:34:33,860] {processor.py:651} INFO - DAG(s) dict_keys(['example_external_task_marker_parent', 'example_external_task_marker_child']) retrieved from /home/dimitri/dimitri/airflowalura/venv/lib/python3.10/site-packages/airflow/example_dags/example_external_task_marker_dag.py
[2024-04-04 20:34:33,875] {logging_mixin.py:115} INFO - [2024-04-04 20:34:33,875] {dag.py:2379} INFO - Sync 2 DAGs
[2024-04-04 20:34:33,885] {logging_mixin.py:115} INFO - [2024-04-04 20:34:33,885] {dag.py:2927} INFO - Setting next_dagrun for example_external_task_marker_child to None, run_after=None
[2024-04-04 20:34:33,885] {logging_mixin.py:115} INFO - [2024-04-04 20:34:33,885] {dag.py:2927} INFO - Setting next_dagrun for example_external_task_marker_parent to None, run_after=None
[2024-04-04 20:34:33,900] {processor.py:161} INFO - Processing /home/dimitri/dimitri/airflowalura/venv/lib/python3.10/site-packages/airflow/example_dags/example_external_task_marker_dag.py took 0.049 seconds
[2024-04-04 20:35:06,398] {processor.py:153} INFO - Started process (PID=571671) to work on /home/dimitri/dimitri/airflowalura/venv/lib/python3.10/site-packages/airflow/example_dags/example_external_task_marker_dag.py
[2024-04-04 20:35:06,398] {processor.py:641} INFO - Processing file /home/dimitri/dimitri/airflowalura/venv/lib/python3.10/site-packages/airflow/example_dags/example_external_task_marker_dag.py for tasks to queue
[2024-04-04 20:35:06,399] {logging_mixin.py:115} INFO - [2024-04-04 20:35:06,399] {dagbag.py:507} INFO - Filling up the DagBag from /home/dimitri/dimitri/airflowalura/venv/lib/python3.10/site-packages/airflow/example_dags/example_external_task_marker_dag.py
[2024-04-04 20:35:06,401] {processor.py:651} INFO - DAG(s) dict_keys(['example_external_task_marker_parent', 'example_external_task_marker_child']) retrieved from /home/dimitri/dimitri/airflowalura/venv/lib/python3.10/site-packages/airflow/example_dags/example_external_task_marker_dag.py
[2024-04-04 20:35:06,417] {logging_mixin.py:115} INFO - [2024-04-04 20:35:06,417] {dag.py:2379} INFO - Sync 2 DAGs
[2024-04-04 20:35:06,428] {logging_mixin.py:115} INFO - [2024-04-04 20:35:06,428] {dag.py:2927} INFO - Setting next_dagrun for example_external_task_marker_child to None, run_after=None
[2024-04-04 20:35:06,428] {logging_mixin.py:115} INFO - [2024-04-04 20:35:06,428] {dag.py:2927} INFO - Setting next_dagrun for example_external_task_marker_parent to None, run_after=None
[2024-04-04 20:35:06,445] {processor.py:161} INFO - Processing /home/dimitri/dimitri/airflowalura/venv/lib/python3.10/site-packages/airflow/example_dags/example_external_task_marker_dag.py took 0.050 seconds
[2024-04-04 20:35:39,658] {processor.py:153} INFO - Started process (PID=571803) to work on /home/dimitri/dimitri/airflowalura/venv/lib/python3.10/site-packages/airflow/example_dags/example_external_task_marker_dag.py
[2024-04-04 20:35:39,661] {processor.py:641} INFO - Processing file /home/dimitri/dimitri/airflowalura/venv/lib/python3.10/site-packages/airflow/example_dags/example_external_task_marker_dag.py for tasks to queue
[2024-04-04 20:35:39,662] {logging_mixin.py:115} INFO - [2024-04-04 20:35:39,662] {dagbag.py:507} INFO - Filling up the DagBag from /home/dimitri/dimitri/airflowalura/venv/lib/python3.10/site-packages/airflow/example_dags/example_external_task_marker_dag.py
[2024-04-04 20:35:39,664] {processor.py:651} INFO - DAG(s) dict_keys(['example_external_task_marker_parent', 'example_external_task_marker_child']) retrieved from /home/dimitri/dimitri/airflowalura/venv/lib/python3.10/site-packages/airflow/example_dags/example_external_task_marker_dag.py
[2024-04-04 20:35:39,685] {logging_mixin.py:115} INFO - [2024-04-04 20:35:39,685] {dag.py:2379} INFO - Sync 2 DAGs
[2024-04-04 20:35:39,699] {logging_mixin.py:115} INFO - [2024-04-04 20:35:39,699] {dag.py:2927} INFO - Setting next_dagrun for example_external_task_marker_child to None, run_after=None
[2024-04-04 20:35:39,699] {logging_mixin.py:115} INFO - [2024-04-04 20:35:39,699] {dag.py:2927} INFO - Setting next_dagrun for example_external_task_marker_parent to None, run_after=None
[2024-04-04 20:35:39,714] {processor.py:161} INFO - Processing /home/dimitri/dimitri/airflowalura/venv/lib/python3.10/site-packages/airflow/example_dags/example_external_task_marker_dag.py took 0.058 seconds
[2024-04-04 20:36:23,853] {processor.py:153} INFO - Started process (PID=571990) to work on /home/dimitri/dimitri/airflowalura/venv/lib/python3.10/site-packages/airflow/example_dags/example_external_task_marker_dag.py
[2024-04-04 20:36:23,856] {processor.py:641} INFO - Processing file /home/dimitri/dimitri/airflowalura/venv/lib/python3.10/site-packages/airflow/example_dags/example_external_task_marker_dag.py for tasks to queue
[2024-04-04 20:36:23,856] {logging_mixin.py:115} INFO - [2024-04-04 20:36:23,856] {dagbag.py:507} INFO - Filling up the DagBag from /home/dimitri/dimitri/airflowalura/venv/lib/python3.10/site-packages/airflow/example_dags/example_external_task_marker_dag.py
[2024-04-04 20:36:23,858] {processor.py:651} INFO - DAG(s) dict_keys(['example_external_task_marker_parent', 'example_external_task_marker_child']) retrieved from /home/dimitri/dimitri/airflowalura/venv/lib/python3.10/site-packages/airflow/example_dags/example_external_task_marker_dag.py
[2024-04-04 20:36:23,874] {logging_mixin.py:115} INFO - [2024-04-04 20:36:23,873] {dag.py:2379} INFO - Sync 2 DAGs
[2024-04-04 20:36:23,885] {logging_mixin.py:115} INFO - [2024-04-04 20:36:23,885] {dag.py:2927} INFO - Setting next_dagrun for example_external_task_marker_child to None, run_after=None
[2024-04-04 20:36:23,885] {logging_mixin.py:115} INFO - [2024-04-04 20:36:23,885] {dag.py:2927} INFO - Setting next_dagrun for example_external_task_marker_parent to None, run_after=None
[2024-04-04 20:36:23,900] {processor.py:161} INFO - Processing /home/dimitri/dimitri/airflowalura/venv/lib/python3.10/site-packages/airflow/example_dags/example_external_task_marker_dag.py took 0.050 seconds
[2024-04-04 20:36:55,688] {processor.py:153} INFO - Started process (PID=572119) to work on /home/dimitri/dimitri/airflowalura/venv/lib/python3.10/site-packages/airflow/example_dags/example_external_task_marker_dag.py
[2024-04-04 20:36:55,689] {processor.py:641} INFO - Processing file /home/dimitri/dimitri/airflowalura/venv/lib/python3.10/site-packages/airflow/example_dags/example_external_task_marker_dag.py for tasks to queue
[2024-04-04 20:36:55,689] {logging_mixin.py:115} INFO - [2024-04-04 20:36:55,689] {dagbag.py:507} INFO - Filling up the DagBag from /home/dimitri/dimitri/airflowalura/venv/lib/python3.10/site-packages/airflow/example_dags/example_external_task_marker_dag.py
[2024-04-04 20:36:55,692] {processor.py:651} INFO - DAG(s) dict_keys(['example_external_task_marker_parent', 'example_external_task_marker_child']) retrieved from /home/dimitri/dimitri/airflowalura/venv/lib/python3.10/site-packages/airflow/example_dags/example_external_task_marker_dag.py
[2024-04-04 20:36:55,705] {logging_mixin.py:115} INFO - [2024-04-04 20:36:55,705] {dag.py:2379} INFO - Sync 2 DAGs
[2024-04-04 20:36:55,714] {logging_mixin.py:115} INFO - [2024-04-04 20:36:55,714] {dag.py:2927} INFO - Setting next_dagrun for example_external_task_marker_child to None, run_after=None
[2024-04-04 20:36:55,714] {logging_mixin.py:115} INFO - [2024-04-04 20:36:55,714] {dag.py:2927} INFO - Setting next_dagrun for example_external_task_marker_parent to None, run_after=None
[2024-04-04 20:36:55,729] {processor.py:161} INFO - Processing /home/dimitri/dimitri/airflowalura/venv/lib/python3.10/site-packages/airflow/example_dags/example_external_task_marker_dag.py took 0.043 seconds
[2024-04-04 20:37:31,152] {processor.py:153} INFO - Started process (PID=572257) to work on /home/dimitri/dimitri/airflowalura/venv/lib/python3.10/site-packages/airflow/example_dags/example_external_task_marker_dag.py
[2024-04-04 20:37:31,153] {processor.py:641} INFO - Processing file /home/dimitri/dimitri/airflowalura/venv/lib/python3.10/site-packages/airflow/example_dags/example_external_task_marker_dag.py for tasks to queue
[2024-04-04 20:37:31,154] {logging_mixin.py:115} INFO - [2024-04-04 20:37:31,154] {dagbag.py:507} INFO - Filling up the DagBag from /home/dimitri/dimitri/airflowalura/venv/lib/python3.10/site-packages/airflow/example_dags/example_external_task_marker_dag.py
[2024-04-04 20:37:31,156] {processor.py:651} INFO - DAG(s) dict_keys(['example_external_task_marker_parent', 'example_external_task_marker_child']) retrieved from /home/dimitri/dimitri/airflowalura/venv/lib/python3.10/site-packages/airflow/example_dags/example_external_task_marker_dag.py
[2024-04-04 20:37:31,172] {logging_mixin.py:115} INFO - [2024-04-04 20:37:31,172] {dag.py:2379} INFO - Sync 2 DAGs
[2024-04-04 20:37:31,183] {logging_mixin.py:115} INFO - [2024-04-04 20:37:31,183] {dag.py:2927} INFO - Setting next_dagrun for example_external_task_marker_child to None, run_after=None
[2024-04-04 20:37:31,183] {logging_mixin.py:115} INFO - [2024-04-04 20:37:31,183] {dag.py:2927} INFO - Setting next_dagrun for example_external_task_marker_parent to None, run_after=None
[2024-04-04 20:37:31,198] {processor.py:161} INFO - Processing /home/dimitri/dimitri/airflowalura/venv/lib/python3.10/site-packages/airflow/example_dags/example_external_task_marker_dag.py took 0.048 seconds
[2024-04-04 20:38:04,430] {processor.py:153} INFO - Started process (PID=572390) to work on /home/dimitri/dimitri/airflowalura/venv/lib/python3.10/site-packages/airflow/example_dags/example_external_task_marker_dag.py
[2024-04-04 20:38:04,432] {processor.py:641} INFO - Processing file /home/dimitri/dimitri/airflowalura/venv/lib/python3.10/site-packages/airflow/example_dags/example_external_task_marker_dag.py for tasks to queue
[2024-04-04 20:38:04,433] {logging_mixin.py:115} INFO - [2024-04-04 20:38:04,432] {dagbag.py:507} INFO - Filling up the DagBag from /home/dimitri/dimitri/airflowalura/venv/lib/python3.10/site-packages/airflow/example_dags/example_external_task_marker_dag.py
[2024-04-04 20:38:04,435] {processor.py:651} INFO - DAG(s) dict_keys(['example_external_task_marker_parent', 'example_external_task_marker_child']) retrieved from /home/dimitri/dimitri/airflowalura/venv/lib/python3.10/site-packages/airflow/example_dags/example_external_task_marker_dag.py
[2024-04-04 20:38:04,451] {logging_mixin.py:115} INFO - [2024-04-04 20:38:04,451] {dag.py:2379} INFO - Sync 2 DAGs
[2024-04-04 20:38:04,460] {logging_mixin.py:115} INFO - [2024-04-04 20:38:04,460] {dag.py:2927} INFO - Setting next_dagrun for example_external_task_marker_child to None, run_after=None
[2024-04-04 20:38:04,461] {logging_mixin.py:115} INFO - [2024-04-04 20:38:04,461] {dag.py:2927} INFO - Setting next_dagrun for example_external_task_marker_parent to None, run_after=None
[2024-04-04 20:38:04,478] {processor.py:161} INFO - Processing /home/dimitri/dimitri/airflowalura/venv/lib/python3.10/site-packages/airflow/example_dags/example_external_task_marker_dag.py took 0.049 seconds
[2024-04-04 20:38:39,145] {processor.py:153} INFO - Started process (PID=572529) to work on /home/dimitri/dimitri/airflowalura/venv/lib/python3.10/site-packages/airflow/example_dags/example_external_task_marker_dag.py
[2024-04-04 20:38:39,147] {processor.py:641} INFO - Processing file /home/dimitri/dimitri/airflowalura/venv/lib/python3.10/site-packages/airflow/example_dags/example_external_task_marker_dag.py for tasks to queue
[2024-04-04 20:38:39,148] {logging_mixin.py:115} INFO - [2024-04-04 20:38:39,148] {dagbag.py:507} INFO - Filling up the DagBag from /home/dimitri/dimitri/airflowalura/venv/lib/python3.10/site-packages/airflow/example_dags/example_external_task_marker_dag.py
[2024-04-04 20:38:39,150] {processor.py:651} INFO - DAG(s) dict_keys(['example_external_task_marker_parent', 'example_external_task_marker_child']) retrieved from /home/dimitri/dimitri/airflowalura/venv/lib/python3.10/site-packages/airflow/example_dags/example_external_task_marker_dag.py
[2024-04-04 20:38:39,164] {logging_mixin.py:115} INFO - [2024-04-04 20:38:39,164] {dag.py:2379} INFO - Sync 2 DAGs
[2024-04-04 20:38:39,173] {logging_mixin.py:115} INFO - [2024-04-04 20:38:39,173] {dag.py:2927} INFO - Setting next_dagrun for example_external_task_marker_child to None, run_after=None
[2024-04-04 20:38:39,173] {logging_mixin.py:115} INFO - [2024-04-04 20:38:39,173] {dag.py:2927} INFO - Setting next_dagrun for example_external_task_marker_parent to None, run_after=None
[2024-04-04 20:38:39,190] {processor.py:161} INFO - Processing /home/dimitri/dimitri/airflowalura/venv/lib/python3.10/site-packages/airflow/example_dags/example_external_task_marker_dag.py took 0.047 seconds
[2024-04-04 20:39:13,743] {processor.py:153} INFO - Started process (PID=572661) to work on /home/dimitri/dimitri/airflowalura/venv/lib/python3.10/site-packages/airflow/example_dags/example_external_task_marker_dag.py
[2024-04-04 20:39:13,745] {processor.py:641} INFO - Processing file /home/dimitri/dimitri/airflowalura/venv/lib/python3.10/site-packages/airflow/example_dags/example_external_task_marker_dag.py for tasks to queue
[2024-04-04 20:39:13,746] {logging_mixin.py:115} INFO - [2024-04-04 20:39:13,746] {dagbag.py:507} INFO - Filling up the DagBag from /home/dimitri/dimitri/airflowalura/venv/lib/python3.10/site-packages/airflow/example_dags/example_external_task_marker_dag.py
[2024-04-04 20:39:13,749] {processor.py:651} INFO - DAG(s) dict_keys(['example_external_task_marker_parent', 'example_external_task_marker_child']) retrieved from /home/dimitri/dimitri/airflowalura/venv/lib/python3.10/site-packages/airflow/example_dags/example_external_task_marker_dag.py
[2024-04-04 20:39:13,766] {logging_mixin.py:115} INFO - [2024-04-04 20:39:13,766] {dag.py:2379} INFO - Sync 2 DAGs
[2024-04-04 20:39:13,777] {logging_mixin.py:115} INFO - [2024-04-04 20:39:13,777] {dag.py:2927} INFO - Setting next_dagrun for example_external_task_marker_child to None, run_after=None
[2024-04-04 20:39:13,777] {logging_mixin.py:115} INFO - [2024-04-04 20:39:13,777] {dag.py:2927} INFO - Setting next_dagrun for example_external_task_marker_parent to None, run_after=None
[2024-04-04 20:39:13,794] {processor.py:161} INFO - Processing /home/dimitri/dimitri/airflowalura/venv/lib/python3.10/site-packages/airflow/example_dags/example_external_task_marker_dag.py took 0.053 seconds
[2024-04-04 20:39:45,861] {processor.py:153} INFO - Started process (PID=572792) to work on /home/dimitri/dimitri/airflowalura/venv/lib/python3.10/site-packages/airflow/example_dags/example_external_task_marker_dag.py
[2024-04-04 20:39:45,863] {processor.py:641} INFO - Processing file /home/dimitri/dimitri/airflowalura/venv/lib/python3.10/site-packages/airflow/example_dags/example_external_task_marker_dag.py for tasks to queue
[2024-04-04 20:39:45,864] {logging_mixin.py:115} INFO - [2024-04-04 20:39:45,864] {dagbag.py:507} INFO - Filling up the DagBag from /home/dimitri/dimitri/airflowalura/venv/lib/python3.10/site-packages/airflow/example_dags/example_external_task_marker_dag.py
[2024-04-04 20:39:45,868] {processor.py:651} INFO - DAG(s) dict_keys(['example_external_task_marker_parent', 'example_external_task_marker_child']) retrieved from /home/dimitri/dimitri/airflowalura/venv/lib/python3.10/site-packages/airflow/example_dags/example_external_task_marker_dag.py
[2024-04-04 20:39:45,884] {logging_mixin.py:115} INFO - [2024-04-04 20:39:45,884] {dag.py:2379} INFO - Sync 2 DAGs
[2024-04-04 20:39:45,892] {logging_mixin.py:115} INFO - [2024-04-04 20:39:45,892] {dag.py:2927} INFO - Setting next_dagrun for example_external_task_marker_child to None, run_after=None
[2024-04-04 20:39:45,893] {logging_mixin.py:115} INFO - [2024-04-04 20:39:45,893] {dag.py:2927} INFO - Setting next_dagrun for example_external_task_marker_parent to None, run_after=None
[2024-04-04 20:39:45,907] {processor.py:161} INFO - Processing /home/dimitri/dimitri/airflowalura/venv/lib/python3.10/site-packages/airflow/example_dags/example_external_task_marker_dag.py took 0.051 seconds
[2024-04-04 20:40:21,331] {processor.py:153} INFO - Started process (PID=572931) to work on /home/dimitri/dimitri/airflowalura/venv/lib/python3.10/site-packages/airflow/example_dags/example_external_task_marker_dag.py
[2024-04-04 20:40:21,332] {processor.py:641} INFO - Processing file /home/dimitri/dimitri/airflowalura/venv/lib/python3.10/site-packages/airflow/example_dags/example_external_task_marker_dag.py for tasks to queue
[2024-04-04 20:40:21,333] {logging_mixin.py:115} INFO - [2024-04-04 20:40:21,333] {dagbag.py:507} INFO - Filling up the DagBag from /home/dimitri/dimitri/airflowalura/venv/lib/python3.10/site-packages/airflow/example_dags/example_external_task_marker_dag.py
[2024-04-04 20:40:21,337] {processor.py:651} INFO - DAG(s) dict_keys(['example_external_task_marker_parent', 'example_external_task_marker_child']) retrieved from /home/dimitri/dimitri/airflowalura/venv/lib/python3.10/site-packages/airflow/example_dags/example_external_task_marker_dag.py
[2024-04-04 20:40:21,368] {logging_mixin.py:115} INFO - [2024-04-04 20:40:21,368] {dag.py:2379} INFO - Sync 2 DAGs
[2024-04-04 20:40:21,389] {logging_mixin.py:115} INFO - [2024-04-04 20:40:21,389] {dag.py:2927} INFO - Setting next_dagrun for example_external_task_marker_child to None, run_after=None
[2024-04-04 20:40:21,390] {logging_mixin.py:115} INFO - [2024-04-04 20:40:21,390] {dag.py:2927} INFO - Setting next_dagrun for example_external_task_marker_parent to None, run_after=None
[2024-04-04 20:40:21,409] {processor.py:161} INFO - Processing /home/dimitri/dimitri/airflowalura/venv/lib/python3.10/site-packages/airflow/example_dags/example_external_task_marker_dag.py took 0.081 seconds
[2024-04-04 20:41:11,272] {processor.py:153} INFO - Started process (PID=573137) to work on /home/dimitri/dimitri/airflowalura/venv/lib/python3.10/site-packages/airflow/example_dags/example_external_task_marker_dag.py
[2024-04-04 20:41:11,274] {processor.py:641} INFO - Processing file /home/dimitri/dimitri/airflowalura/venv/lib/python3.10/site-packages/airflow/example_dags/example_external_task_marker_dag.py for tasks to queue
[2024-04-04 20:41:11,275] {logging_mixin.py:115} INFO - [2024-04-04 20:41:11,275] {dagbag.py:507} INFO - Filling up the DagBag from /home/dimitri/dimitri/airflowalura/venv/lib/python3.10/site-packages/airflow/example_dags/example_external_task_marker_dag.py
[2024-04-04 20:41:11,278] {processor.py:651} INFO - DAG(s) dict_keys(['example_external_task_marker_parent', 'example_external_task_marker_child']) retrieved from /home/dimitri/dimitri/airflowalura/venv/lib/python3.10/site-packages/airflow/example_dags/example_external_task_marker_dag.py
[2024-04-04 20:41:11,294] {logging_mixin.py:115} INFO - [2024-04-04 20:41:11,294] {dag.py:2379} INFO - Sync 2 DAGs
[2024-04-04 20:41:11,307] {logging_mixin.py:115} INFO - [2024-04-04 20:41:11,307] {dag.py:2927} INFO - Setting next_dagrun for example_external_task_marker_child to None, run_after=None
[2024-04-04 20:41:11,307] {logging_mixin.py:115} INFO - [2024-04-04 20:41:11,307] {dag.py:2927} INFO - Setting next_dagrun for example_external_task_marker_parent to None, run_after=None
[2024-04-04 20:41:11,324] {processor.py:161} INFO - Processing /home/dimitri/dimitri/airflowalura/venv/lib/python3.10/site-packages/airflow/example_dags/example_external_task_marker_dag.py took 0.054 seconds
[2024-04-04 20:41:45,452] {processor.py:153} INFO - Started process (PID=573277) to work on /home/dimitri/dimitri/airflowalura/venv/lib/python3.10/site-packages/airflow/example_dags/example_external_task_marker_dag.py
[2024-04-04 20:41:45,454] {processor.py:641} INFO - Processing file /home/dimitri/dimitri/airflowalura/venv/lib/python3.10/site-packages/airflow/example_dags/example_external_task_marker_dag.py for tasks to queue
[2024-04-04 20:41:45,455] {logging_mixin.py:115} INFO - [2024-04-04 20:41:45,454] {dagbag.py:507} INFO - Filling up the DagBag from /home/dimitri/dimitri/airflowalura/venv/lib/python3.10/site-packages/airflow/example_dags/example_external_task_marker_dag.py
[2024-04-04 20:41:45,458] {processor.py:651} INFO - DAG(s) dict_keys(['example_external_task_marker_parent', 'example_external_task_marker_child']) retrieved from /home/dimitri/dimitri/airflowalura/venv/lib/python3.10/site-packages/airflow/example_dags/example_external_task_marker_dag.py
[2024-04-04 20:41:45,476] {logging_mixin.py:115} INFO - [2024-04-04 20:41:45,476] {dag.py:2379} INFO - Sync 2 DAGs
[2024-04-04 20:41:45,487] {logging_mixin.py:115} INFO - [2024-04-04 20:41:45,487] {dag.py:2927} INFO - Setting next_dagrun for example_external_task_marker_child to None, run_after=None
[2024-04-04 20:41:45,488] {logging_mixin.py:115} INFO - [2024-04-04 20:41:45,488] {dag.py:2927} INFO - Setting next_dagrun for example_external_task_marker_parent to None, run_after=None
[2024-04-04 20:41:45,506] {processor.py:161} INFO - Processing /home/dimitri/dimitri/airflowalura/venv/lib/python3.10/site-packages/airflow/example_dags/example_external_task_marker_dag.py took 0.056 seconds
[2024-04-04 20:42:19,674] {processor.py:153} INFO - Started process (PID=573416) to work on /home/dimitri/dimitri/airflowalura/venv/lib/python3.10/site-packages/airflow/example_dags/example_external_task_marker_dag.py
[2024-04-04 20:42:19,676] {processor.py:641} INFO - Processing file /home/dimitri/dimitri/airflowalura/venv/lib/python3.10/site-packages/airflow/example_dags/example_external_task_marker_dag.py for tasks to queue
[2024-04-04 20:42:19,676] {logging_mixin.py:115} INFO - [2024-04-04 20:42:19,676] {dagbag.py:507} INFO - Filling up the DagBag from /home/dimitri/dimitri/airflowalura/venv/lib/python3.10/site-packages/airflow/example_dags/example_external_task_marker_dag.py
[2024-04-04 20:42:19,679] {processor.py:651} INFO - DAG(s) dict_keys(['example_external_task_marker_parent', 'example_external_task_marker_child']) retrieved from /home/dimitri/dimitri/airflowalura/venv/lib/python3.10/site-packages/airflow/example_dags/example_external_task_marker_dag.py
[2024-04-04 20:42:19,695] {logging_mixin.py:115} INFO - [2024-04-04 20:42:19,695] {dag.py:2379} INFO - Sync 2 DAGs
[2024-04-04 20:42:19,705] {logging_mixin.py:115} INFO - [2024-04-04 20:42:19,705] {dag.py:2927} INFO - Setting next_dagrun for example_external_task_marker_child to None, run_after=None
[2024-04-04 20:42:19,705] {logging_mixin.py:115} INFO - [2024-04-04 20:42:19,705] {dag.py:2927} INFO - Setting next_dagrun for example_external_task_marker_parent to None, run_after=None
[2024-04-04 20:42:19,725] {processor.py:161} INFO - Processing /home/dimitri/dimitri/airflowalura/venv/lib/python3.10/site-packages/airflow/example_dags/example_external_task_marker_dag.py took 0.053 seconds
[2024-04-04 20:42:55,719] {processor.py:153} INFO - Started process (PID=573555) to work on /home/dimitri/dimitri/airflowalura/venv/lib/python3.10/site-packages/airflow/example_dags/example_external_task_marker_dag.py
[2024-04-04 20:42:55,722] {processor.py:641} INFO - Processing file /home/dimitri/dimitri/airflowalura/venv/lib/python3.10/site-packages/airflow/example_dags/example_external_task_marker_dag.py for tasks to queue
[2024-04-04 20:42:55,723] {logging_mixin.py:115} INFO - [2024-04-04 20:42:55,723] {dagbag.py:507} INFO - Filling up the DagBag from /home/dimitri/dimitri/airflowalura/venv/lib/python3.10/site-packages/airflow/example_dags/example_external_task_marker_dag.py
[2024-04-04 20:42:55,726] {processor.py:651} INFO - DAG(s) dict_keys(['example_external_task_marker_parent', 'example_external_task_marker_child']) retrieved from /home/dimitri/dimitri/airflowalura/venv/lib/python3.10/site-packages/airflow/example_dags/example_external_task_marker_dag.py
[2024-04-04 20:42:55,743] {logging_mixin.py:115} INFO - [2024-04-04 20:42:55,743] {dag.py:2379} INFO - Sync 2 DAGs
[2024-04-04 20:42:55,753] {logging_mixin.py:115} INFO - [2024-04-04 20:42:55,752] {dag.py:2927} INFO - Setting next_dagrun for example_external_task_marker_child to None, run_after=None
[2024-04-04 20:42:55,753] {logging_mixin.py:115} INFO - [2024-04-04 20:42:55,753] {dag.py:2927} INFO - Setting next_dagrun for example_external_task_marker_parent to None, run_after=None
[2024-04-04 20:42:55,769] {processor.py:161} INFO - Processing /home/dimitri/dimitri/airflowalura/venv/lib/python3.10/site-packages/airflow/example_dags/example_external_task_marker_dag.py took 0.052 seconds
[2024-04-04 20:43:30,358] {processor.py:153} INFO - Started process (PID=573694) to work on /home/dimitri/dimitri/airflowalura/venv/lib/python3.10/site-packages/airflow/example_dags/example_external_task_marker_dag.py
[2024-04-04 20:43:30,359] {processor.py:641} INFO - Processing file /home/dimitri/dimitri/airflowalura/venv/lib/python3.10/site-packages/airflow/example_dags/example_external_task_marker_dag.py for tasks to queue
[2024-04-04 20:43:30,359] {logging_mixin.py:115} INFO - [2024-04-04 20:43:30,359] {dagbag.py:507} INFO - Filling up the DagBag from /home/dimitri/dimitri/airflowalura/venv/lib/python3.10/site-packages/airflow/example_dags/example_external_task_marker_dag.py
[2024-04-04 20:43:30,362] {processor.py:651} INFO - DAG(s) dict_keys(['example_external_task_marker_parent', 'example_external_task_marker_child']) retrieved from /home/dimitri/dimitri/airflowalura/venv/lib/python3.10/site-packages/airflow/example_dags/example_external_task_marker_dag.py
[2024-04-04 20:43:30,381] {logging_mixin.py:115} INFO - [2024-04-04 20:43:30,381] {dag.py:2379} INFO - Sync 2 DAGs
[2024-04-04 20:43:30,394] {logging_mixin.py:115} INFO - [2024-04-04 20:43:30,394] {dag.py:2927} INFO - Setting next_dagrun for example_external_task_marker_child to None, run_after=None
[2024-04-04 20:43:30,394] {logging_mixin.py:115} INFO - [2024-04-04 20:43:30,394] {dag.py:2927} INFO - Setting next_dagrun for example_external_task_marker_parent to None, run_after=None
[2024-04-04 20:43:30,411] {processor.py:161} INFO - Processing /home/dimitri/dimitri/airflowalura/venv/lib/python3.10/site-packages/airflow/example_dags/example_external_task_marker_dag.py took 0.056 seconds
[2024-04-04 20:44:05,840] {processor.py:153} INFO - Started process (PID=573831) to work on /home/dimitri/dimitri/airflowalura/venv/lib/python3.10/site-packages/airflow/example_dags/example_external_task_marker_dag.py
[2024-04-04 20:44:05,843] {processor.py:641} INFO - Processing file /home/dimitri/dimitri/airflowalura/venv/lib/python3.10/site-packages/airflow/example_dags/example_external_task_marker_dag.py for tasks to queue
[2024-04-04 20:44:05,843] {logging_mixin.py:115} INFO - [2024-04-04 20:44:05,843] {dagbag.py:507} INFO - Filling up the DagBag from /home/dimitri/dimitri/airflowalura/venv/lib/python3.10/site-packages/airflow/example_dags/example_external_task_marker_dag.py
[2024-04-04 20:44:05,846] {processor.py:651} INFO - DAG(s) dict_keys(['example_external_task_marker_parent', 'example_external_task_marker_child']) retrieved from /home/dimitri/dimitri/airflowalura/venv/lib/python3.10/site-packages/airflow/example_dags/example_external_task_marker_dag.py
[2024-04-04 20:44:05,862] {logging_mixin.py:115} INFO - [2024-04-04 20:44:05,862] {dag.py:2379} INFO - Sync 2 DAGs
[2024-04-04 20:44:05,875] {logging_mixin.py:115} INFO - [2024-04-04 20:44:05,875] {dag.py:2927} INFO - Setting next_dagrun for example_external_task_marker_child to None, run_after=None
[2024-04-04 20:44:05,875] {logging_mixin.py:115} INFO - [2024-04-04 20:44:05,875] {dag.py:2927} INFO - Setting next_dagrun for example_external_task_marker_parent to None, run_after=None
[2024-04-04 20:44:05,891] {processor.py:161} INFO - Processing /home/dimitri/dimitri/airflowalura/venv/lib/python3.10/site-packages/airflow/example_dags/example_external_task_marker_dag.py took 0.053 seconds
[2024-04-04 20:44:40,358] {processor.py:153} INFO - Started process (PID=573962) to work on /home/dimitri/dimitri/airflowalura/venv/lib/python3.10/site-packages/airflow/example_dags/example_external_task_marker_dag.py
[2024-04-04 20:44:40,361] {processor.py:641} INFO - Processing file /home/dimitri/dimitri/airflowalura/venv/lib/python3.10/site-packages/airflow/example_dags/example_external_task_marker_dag.py for tasks to queue
[2024-04-04 20:44:40,362] {logging_mixin.py:115} INFO - [2024-04-04 20:44:40,362] {dagbag.py:507} INFO - Filling up the DagBag from /home/dimitri/dimitri/airflowalura/venv/lib/python3.10/site-packages/airflow/example_dags/example_external_task_marker_dag.py
[2024-04-04 20:44:40,365] {processor.py:651} INFO - DAG(s) dict_keys(['example_external_task_marker_parent', 'example_external_task_marker_child']) retrieved from /home/dimitri/dimitri/airflowalura/venv/lib/python3.10/site-packages/airflow/example_dags/example_external_task_marker_dag.py
[2024-04-04 20:44:40,383] {logging_mixin.py:115} INFO - [2024-04-04 20:44:40,383] {dag.py:2379} INFO - Sync 2 DAGs
[2024-04-04 20:44:40,396] {logging_mixin.py:115} INFO - [2024-04-04 20:44:40,396] {dag.py:2927} INFO - Setting next_dagrun for example_external_task_marker_child to None, run_after=None
[2024-04-04 20:44:40,396] {logging_mixin.py:115} INFO - [2024-04-04 20:44:40,396] {dag.py:2927} INFO - Setting next_dagrun for example_external_task_marker_parent to None, run_after=None
[2024-04-04 20:44:40,414] {processor.py:161} INFO - Processing /home/dimitri/dimitri/airflowalura/venv/lib/python3.10/site-packages/airflow/example_dags/example_external_task_marker_dag.py took 0.058 seconds
[2024-04-04 20:45:14,093] {processor.py:153} INFO - Started process (PID=574099) to work on /home/dimitri/dimitri/airflowalura/venv/lib/python3.10/site-packages/airflow/example_dags/example_external_task_marker_dag.py
[2024-04-04 20:45:14,096] {processor.py:641} INFO - Processing file /home/dimitri/dimitri/airflowalura/venv/lib/python3.10/site-packages/airflow/example_dags/example_external_task_marker_dag.py for tasks to queue
[2024-04-04 20:45:14,096] {logging_mixin.py:115} INFO - [2024-04-04 20:45:14,096] {dagbag.py:507} INFO - Filling up the DagBag from /home/dimitri/dimitri/airflowalura/venv/lib/python3.10/site-packages/airflow/example_dags/example_external_task_marker_dag.py
[2024-04-04 20:45:14,099] {processor.py:651} INFO - DAG(s) dict_keys(['example_external_task_marker_parent', 'example_external_task_marker_child']) retrieved from /home/dimitri/dimitri/airflowalura/venv/lib/python3.10/site-packages/airflow/example_dags/example_external_task_marker_dag.py
[2024-04-04 20:45:14,116] {logging_mixin.py:115} INFO - [2024-04-04 20:45:14,116] {dag.py:2379} INFO - Sync 2 DAGs
[2024-04-04 20:45:14,128] {logging_mixin.py:115} INFO - [2024-04-04 20:45:14,128] {dag.py:2927} INFO - Setting next_dagrun for example_external_task_marker_child to None, run_after=None
[2024-04-04 20:45:14,128] {logging_mixin.py:115} INFO - [2024-04-04 20:45:14,128] {dag.py:2927} INFO - Setting next_dagrun for example_external_task_marker_parent to None, run_after=None
[2024-04-04 20:45:14,145] {processor.py:161} INFO - Processing /home/dimitri/dimitri/airflowalura/venv/lib/python3.10/site-packages/airflow/example_dags/example_external_task_marker_dag.py took 0.054 seconds
[2024-04-04 20:45:46,724] {processor.py:153} INFO - Started process (PID=574224) to work on /home/dimitri/dimitri/airflowalura/venv/lib/python3.10/site-packages/airflow/example_dags/example_external_task_marker_dag.py
[2024-04-04 20:45:46,726] {processor.py:641} INFO - Processing file /home/dimitri/dimitri/airflowalura/venv/lib/python3.10/site-packages/airflow/example_dags/example_external_task_marker_dag.py for tasks to queue
[2024-04-04 20:45:46,726] {logging_mixin.py:115} INFO - [2024-04-04 20:45:46,726] {dagbag.py:507} INFO - Filling up the DagBag from /home/dimitri/dimitri/airflowalura/venv/lib/python3.10/site-packages/airflow/example_dags/example_external_task_marker_dag.py
[2024-04-04 20:45:46,729] {processor.py:651} INFO - DAG(s) dict_keys(['example_external_task_marker_parent', 'example_external_task_marker_child']) retrieved from /home/dimitri/dimitri/airflowalura/venv/lib/python3.10/site-packages/airflow/example_dags/example_external_task_marker_dag.py
[2024-04-04 20:45:46,746] {logging_mixin.py:115} INFO - [2024-04-04 20:45:46,746] {dag.py:2379} INFO - Sync 2 DAGs
[2024-04-04 20:45:46,757] {logging_mixin.py:115} INFO - [2024-04-04 20:45:46,757] {dag.py:2927} INFO - Setting next_dagrun for example_external_task_marker_child to None, run_after=None
[2024-04-04 20:45:46,757] {logging_mixin.py:115} INFO - [2024-04-04 20:45:46,757] {dag.py:2927} INFO - Setting next_dagrun for example_external_task_marker_parent to None, run_after=None
[2024-04-04 20:45:46,774] {processor.py:161} INFO - Processing /home/dimitri/dimitri/airflowalura/venv/lib/python3.10/site-packages/airflow/example_dags/example_external_task_marker_dag.py took 0.052 seconds
[2024-04-04 20:46:23,232] {processor.py:153} INFO - Started process (PID=574372) to work on /home/dimitri/dimitri/airflowalura/venv/lib/python3.10/site-packages/airflow/example_dags/example_external_task_marker_dag.py
[2024-04-04 20:46:23,234] {processor.py:641} INFO - Processing file /home/dimitri/dimitri/airflowalura/venv/lib/python3.10/site-packages/airflow/example_dags/example_external_task_marker_dag.py for tasks to queue
[2024-04-04 20:46:23,234] {logging_mixin.py:115} INFO - [2024-04-04 20:46:23,234] {dagbag.py:507} INFO - Filling up the DagBag from /home/dimitri/dimitri/airflowalura/venv/lib/python3.10/site-packages/airflow/example_dags/example_external_task_marker_dag.py
[2024-04-04 20:46:23,237] {processor.py:651} INFO - DAG(s) dict_keys(['example_external_task_marker_parent', 'example_external_task_marker_child']) retrieved from /home/dimitri/dimitri/airflowalura/venv/lib/python3.10/site-packages/airflow/example_dags/example_external_task_marker_dag.py
[2024-04-04 20:46:23,254] {logging_mixin.py:115} INFO - [2024-04-04 20:46:23,254] {dag.py:2379} INFO - Sync 2 DAGs
[2024-04-04 20:46:23,264] {logging_mixin.py:115} INFO - [2024-04-04 20:46:23,264] {dag.py:2927} INFO - Setting next_dagrun for example_external_task_marker_child to None, run_after=None
[2024-04-04 20:46:23,265] {logging_mixin.py:115} INFO - [2024-04-04 20:46:23,265] {dag.py:2927} INFO - Setting next_dagrun for example_external_task_marker_parent to None, run_after=None
[2024-04-04 20:46:23,288] {processor.py:161} INFO - Processing /home/dimitri/dimitri/airflowalura/venv/lib/python3.10/site-packages/airflow/example_dags/example_external_task_marker_dag.py took 0.058 seconds
[2024-04-04 20:46:55,956] {processor.py:153} INFO - Started process (PID=574503) to work on /home/dimitri/dimitri/airflowalura/venv/lib/python3.10/site-packages/airflow/example_dags/example_external_task_marker_dag.py
[2024-04-04 20:46:55,958] {processor.py:641} INFO - Processing file /home/dimitri/dimitri/airflowalura/venv/lib/python3.10/site-packages/airflow/example_dags/example_external_task_marker_dag.py for tasks to queue
[2024-04-04 20:46:55,959] {logging_mixin.py:115} INFO - [2024-04-04 20:46:55,959] {dagbag.py:507} INFO - Filling up the DagBag from /home/dimitri/dimitri/airflowalura/venv/lib/python3.10/site-packages/airflow/example_dags/example_external_task_marker_dag.py
[2024-04-04 20:46:55,961] {processor.py:651} INFO - DAG(s) dict_keys(['example_external_task_marker_parent', 'example_external_task_marker_child']) retrieved from /home/dimitri/dimitri/airflowalura/venv/lib/python3.10/site-packages/airflow/example_dags/example_external_task_marker_dag.py
[2024-04-04 20:46:55,978] {logging_mixin.py:115} INFO - [2024-04-04 20:46:55,977] {dag.py:2379} INFO - Sync 2 DAGs
[2024-04-04 20:46:55,987] {logging_mixin.py:115} INFO - [2024-04-04 20:46:55,987] {dag.py:2927} INFO - Setting next_dagrun for example_external_task_marker_child to None, run_after=None
[2024-04-04 20:46:55,987] {logging_mixin.py:115} INFO - [2024-04-04 20:46:55,987] {dag.py:2927} INFO - Setting next_dagrun for example_external_task_marker_parent to None, run_after=None
[2024-04-04 20:46:56,003] {processor.py:161} INFO - Processing /home/dimitri/dimitri/airflowalura/venv/lib/python3.10/site-packages/airflow/example_dags/example_external_task_marker_dag.py took 0.049 seconds
[2024-04-04 20:47:30,642] {processor.py:153} INFO - Started process (PID=574647) to work on /home/dimitri/dimitri/airflowalura/venv/lib/python3.10/site-packages/airflow/example_dags/example_external_task_marker_dag.py
[2024-04-04 20:47:30,644] {processor.py:641} INFO - Processing file /home/dimitri/dimitri/airflowalura/venv/lib/python3.10/site-packages/airflow/example_dags/example_external_task_marker_dag.py for tasks to queue
[2024-04-04 20:47:30,645] {logging_mixin.py:115} INFO - [2024-04-04 20:47:30,645] {dagbag.py:507} INFO - Filling up the DagBag from /home/dimitri/dimitri/airflowalura/venv/lib/python3.10/site-packages/airflow/example_dags/example_external_task_marker_dag.py
[2024-04-04 20:47:30,647] {processor.py:651} INFO - DAG(s) dict_keys(['example_external_task_marker_parent', 'example_external_task_marker_child']) retrieved from /home/dimitri/dimitri/airflowalura/venv/lib/python3.10/site-packages/airflow/example_dags/example_external_task_marker_dag.py
[2024-04-04 20:47:30,665] {logging_mixin.py:115} INFO - [2024-04-04 20:47:30,665] {dag.py:2379} INFO - Sync 2 DAGs
[2024-04-04 20:47:30,676] {logging_mixin.py:115} INFO - [2024-04-04 20:47:30,676] {dag.py:2927} INFO - Setting next_dagrun for example_external_task_marker_child to None, run_after=None
[2024-04-04 20:47:30,677] {logging_mixin.py:115} INFO - [2024-04-04 20:47:30,677] {dag.py:2927} INFO - Setting next_dagrun for example_external_task_marker_parent to None, run_after=None
[2024-04-04 20:47:30,694] {processor.py:161} INFO - Processing /home/dimitri/dimitri/airflowalura/venv/lib/python3.10/site-packages/airflow/example_dags/example_external_task_marker_dag.py took 0.055 seconds
[2024-04-04 20:48:03,218] {processor.py:153} INFO - Started process (PID=574778) to work on /home/dimitri/dimitri/airflowalura/venv/lib/python3.10/site-packages/airflow/example_dags/example_external_task_marker_dag.py
[2024-04-04 20:48:03,219] {processor.py:641} INFO - Processing file /home/dimitri/dimitri/airflowalura/venv/lib/python3.10/site-packages/airflow/example_dags/example_external_task_marker_dag.py for tasks to queue
[2024-04-04 20:48:03,219] {logging_mixin.py:115} INFO - [2024-04-04 20:48:03,219] {dagbag.py:507} INFO - Filling up the DagBag from /home/dimitri/dimitri/airflowalura/venv/lib/python3.10/site-packages/airflow/example_dags/example_external_task_marker_dag.py
[2024-04-04 20:48:03,222] {processor.py:651} INFO - DAG(s) dict_keys(['example_external_task_marker_parent', 'example_external_task_marker_child']) retrieved from /home/dimitri/dimitri/airflowalura/venv/lib/python3.10/site-packages/airflow/example_dags/example_external_task_marker_dag.py
[2024-04-04 20:48:03,239] {logging_mixin.py:115} INFO - [2024-04-04 20:48:03,239] {dag.py:2379} INFO - Sync 2 DAGs
[2024-04-04 20:48:03,251] {logging_mixin.py:115} INFO - [2024-04-04 20:48:03,251] {dag.py:2927} INFO - Setting next_dagrun for example_external_task_marker_child to None, run_after=None
[2024-04-04 20:48:03,252] {logging_mixin.py:115} INFO - [2024-04-04 20:48:03,252] {dag.py:2927} INFO - Setting next_dagrun for example_external_task_marker_parent to None, run_after=None
[2024-04-04 20:48:03,268] {processor.py:161} INFO - Processing /home/dimitri/dimitri/airflowalura/venv/lib/python3.10/site-packages/airflow/example_dags/example_external_task_marker_dag.py took 0.052 seconds
[2024-04-04 20:48:37,359] {processor.py:153} INFO - Started process (PID=574912) to work on /home/dimitri/dimitri/airflowalura/venv/lib/python3.10/site-packages/airflow/example_dags/example_external_task_marker_dag.py
[2024-04-04 20:48:37,362] {processor.py:641} INFO - Processing file /home/dimitri/dimitri/airflowalura/venv/lib/python3.10/site-packages/airflow/example_dags/example_external_task_marker_dag.py for tasks to queue
[2024-04-04 20:48:37,362] {logging_mixin.py:115} INFO - [2024-04-04 20:48:37,362] {dagbag.py:507} INFO - Filling up the DagBag from /home/dimitri/dimitri/airflowalura/venv/lib/python3.10/site-packages/airflow/example_dags/example_external_task_marker_dag.py
[2024-04-04 20:48:37,366] {processor.py:651} INFO - DAG(s) dict_keys(['example_external_task_marker_parent', 'example_external_task_marker_child']) retrieved from /home/dimitri/dimitri/airflowalura/venv/lib/python3.10/site-packages/airflow/example_dags/example_external_task_marker_dag.py
[2024-04-04 20:48:37,382] {logging_mixin.py:115} INFO - [2024-04-04 20:48:37,382] {dag.py:2379} INFO - Sync 2 DAGs
[2024-04-04 20:48:37,392] {logging_mixin.py:115} INFO - [2024-04-04 20:48:37,392] {dag.py:2927} INFO - Setting next_dagrun for example_external_task_marker_child to None, run_after=None
[2024-04-04 20:48:37,393] {logging_mixin.py:115} INFO - [2024-04-04 20:48:37,393] {dag.py:2927} INFO - Setting next_dagrun for example_external_task_marker_parent to None, run_after=None
[2024-04-04 20:48:37,410] {processor.py:161} INFO - Processing /home/dimitri/dimitri/airflowalura/venv/lib/python3.10/site-packages/airflow/example_dags/example_external_task_marker_dag.py took 0.054 seconds
[2024-04-04 20:49:11,376] {processor.py:153} INFO - Started process (PID=575045) to work on /home/dimitri/dimitri/airflowalura/venv/lib/python3.10/site-packages/airflow/example_dags/example_external_task_marker_dag.py
[2024-04-04 20:49:11,379] {processor.py:641} INFO - Processing file /home/dimitri/dimitri/airflowalura/venv/lib/python3.10/site-packages/airflow/example_dags/example_external_task_marker_dag.py for tasks to queue
[2024-04-04 20:49:11,379] {logging_mixin.py:115} INFO - [2024-04-04 20:49:11,379] {dagbag.py:507} INFO - Filling up the DagBag from /home/dimitri/dimitri/airflowalura/venv/lib/python3.10/site-packages/airflow/example_dags/example_external_task_marker_dag.py
[2024-04-04 20:49:11,382] {processor.py:651} INFO - DAG(s) dict_keys(['example_external_task_marker_parent', 'example_external_task_marker_child']) retrieved from /home/dimitri/dimitri/airflowalura/venv/lib/python3.10/site-packages/airflow/example_dags/example_external_task_marker_dag.py
[2024-04-04 20:49:11,397] {logging_mixin.py:115} INFO - [2024-04-04 20:49:11,397] {dag.py:2379} INFO - Sync 2 DAGs
[2024-04-04 20:49:11,406] {logging_mixin.py:115} INFO - [2024-04-04 20:49:11,406] {dag.py:2927} INFO - Setting next_dagrun for example_external_task_marker_child to None, run_after=None
[2024-04-04 20:49:11,406] {logging_mixin.py:115} INFO - [2024-04-04 20:49:11,406] {dag.py:2927} INFO - Setting next_dagrun for example_external_task_marker_parent to None, run_after=None
[2024-04-04 20:49:11,423] {processor.py:161} INFO - Processing /home/dimitri/dimitri/airflowalura/venv/lib/python3.10/site-packages/airflow/example_dags/example_external_task_marker_dag.py took 0.050 seconds
[2024-04-04 20:49:46,247] {processor.py:153} INFO - Started process (PID=575184) to work on /home/dimitri/dimitri/airflowalura/venv/lib/python3.10/site-packages/airflow/example_dags/example_external_task_marker_dag.py
[2024-04-04 20:49:46,248] {processor.py:641} INFO - Processing file /home/dimitri/dimitri/airflowalura/venv/lib/python3.10/site-packages/airflow/example_dags/example_external_task_marker_dag.py for tasks to queue
[2024-04-04 20:49:46,249] {logging_mixin.py:115} INFO - [2024-04-04 20:49:46,249] {dagbag.py:507} INFO - Filling up the DagBag from /home/dimitri/dimitri/airflowalura/venv/lib/python3.10/site-packages/airflow/example_dags/example_external_task_marker_dag.py
[2024-04-04 20:49:46,252] {processor.py:651} INFO - DAG(s) dict_keys(['example_external_task_marker_parent', 'example_external_task_marker_child']) retrieved from /home/dimitri/dimitri/airflowalura/venv/lib/python3.10/site-packages/airflow/example_dags/example_external_task_marker_dag.py
[2024-04-04 20:49:46,271] {logging_mixin.py:115} INFO - [2024-04-04 20:49:46,271] {dag.py:2379} INFO - Sync 2 DAGs
[2024-04-04 20:49:46,283] {logging_mixin.py:115} INFO - [2024-04-04 20:49:46,283] {dag.py:2927} INFO - Setting next_dagrun for example_external_task_marker_child to None, run_after=None
[2024-04-04 20:49:46,283] {logging_mixin.py:115} INFO - [2024-04-04 20:49:46,283] {dag.py:2927} INFO - Setting next_dagrun for example_external_task_marker_parent to None, run_after=None
[2024-04-04 20:49:46,299] {processor.py:161} INFO - Processing /home/dimitri/dimitri/airflowalura/venv/lib/python3.10/site-packages/airflow/example_dags/example_external_task_marker_dag.py took 0.054 seconds
[2024-04-04 20:50:18,284] {processor.py:153} INFO - Started process (PID=575309) to work on /home/dimitri/dimitri/airflowalura/venv/lib/python3.10/site-packages/airflow/example_dags/example_external_task_marker_dag.py
[2024-04-04 20:50:18,286] {processor.py:641} INFO - Processing file /home/dimitri/dimitri/airflowalura/venv/lib/python3.10/site-packages/airflow/example_dags/example_external_task_marker_dag.py for tasks to queue
[2024-04-04 20:50:18,287] {logging_mixin.py:115} INFO - [2024-04-04 20:50:18,287] {dagbag.py:507} INFO - Filling up the DagBag from /home/dimitri/dimitri/airflowalura/venv/lib/python3.10/site-packages/airflow/example_dags/example_external_task_marker_dag.py
[2024-04-04 20:50:18,289] {processor.py:651} INFO - DAG(s) dict_keys(['example_external_task_marker_parent', 'example_external_task_marker_child']) retrieved from /home/dimitri/dimitri/airflowalura/venv/lib/python3.10/site-packages/airflow/example_dags/example_external_task_marker_dag.py
[2024-04-04 20:50:18,304] {logging_mixin.py:115} INFO - [2024-04-04 20:50:18,304] {dag.py:2379} INFO - Sync 2 DAGs
[2024-04-04 20:50:18,315] {logging_mixin.py:115} INFO - [2024-04-04 20:50:18,315] {dag.py:2927} INFO - Setting next_dagrun for example_external_task_marker_child to None, run_after=None
[2024-04-04 20:50:18,316] {logging_mixin.py:115} INFO - [2024-04-04 20:50:18,316] {dag.py:2927} INFO - Setting next_dagrun for example_external_task_marker_parent to None, run_after=None
[2024-04-04 20:50:18,331] {processor.py:161} INFO - Processing /home/dimitri/dimitri/airflowalura/venv/lib/python3.10/site-packages/airflow/example_dags/example_external_task_marker_dag.py took 0.050 seconds
[2024-04-04 20:50:52,983] {processor.py:153} INFO - Started process (PID=575447) to work on /home/dimitri/dimitri/airflowalura/venv/lib/python3.10/site-packages/airflow/example_dags/example_external_task_marker_dag.py
[2024-04-04 20:50:52,985] {processor.py:641} INFO - Processing file /home/dimitri/dimitri/airflowalura/venv/lib/python3.10/site-packages/airflow/example_dags/example_external_task_marker_dag.py for tasks to queue
[2024-04-04 20:50:52,985] {logging_mixin.py:115} INFO - [2024-04-04 20:50:52,985] {dagbag.py:507} INFO - Filling up the DagBag from /home/dimitri/dimitri/airflowalura/venv/lib/python3.10/site-packages/airflow/example_dags/example_external_task_marker_dag.py
[2024-04-04 20:50:52,988] {processor.py:651} INFO - DAG(s) dict_keys(['example_external_task_marker_parent', 'example_external_task_marker_child']) retrieved from /home/dimitri/dimitri/airflowalura/venv/lib/python3.10/site-packages/airflow/example_dags/example_external_task_marker_dag.py
[2024-04-04 20:50:53,006] {logging_mixin.py:115} INFO - [2024-04-04 20:50:53,006] {dag.py:2379} INFO - Sync 2 DAGs
[2024-04-04 20:50:53,020] {logging_mixin.py:115} INFO - [2024-04-04 20:50:53,020] {dag.py:2927} INFO - Setting next_dagrun for example_external_task_marker_child to None, run_after=None
[2024-04-04 20:50:53,020] {logging_mixin.py:115} INFO - [2024-04-04 20:50:53,020] {dag.py:2927} INFO - Setting next_dagrun for example_external_task_marker_parent to None, run_after=None
[2024-04-04 20:50:53,037] {processor.py:161} INFO - Processing /home/dimitri/dimitri/airflowalura/venv/lib/python3.10/site-packages/airflow/example_dags/example_external_task_marker_dag.py took 0.057 seconds
[2024-04-04 20:51:24,941] {processor.py:153} INFO - Started process (PID=575570) to work on /home/dimitri/dimitri/airflowalura/venv/lib/python3.10/site-packages/airflow/example_dags/example_external_task_marker_dag.py
[2024-04-04 20:51:24,944] {processor.py:641} INFO - Processing file /home/dimitri/dimitri/airflowalura/venv/lib/python3.10/site-packages/airflow/example_dags/example_external_task_marker_dag.py for tasks to queue
[2024-04-04 20:51:24,944] {logging_mixin.py:115} INFO - [2024-04-04 20:51:24,944] {dagbag.py:507} INFO - Filling up the DagBag from /home/dimitri/dimitri/airflowalura/venv/lib/python3.10/site-packages/airflow/example_dags/example_external_task_marker_dag.py
[2024-04-04 20:51:24,947] {processor.py:651} INFO - DAG(s) dict_keys(['example_external_task_marker_parent', 'example_external_task_marker_child']) retrieved from /home/dimitri/dimitri/airflowalura/venv/lib/python3.10/site-packages/airflow/example_dags/example_external_task_marker_dag.py
[2024-04-04 20:51:24,971] {logging_mixin.py:115} INFO - [2024-04-04 20:51:24,971] {dag.py:2379} INFO - Sync 2 DAGs
[2024-04-04 20:51:24,982] {logging_mixin.py:115} INFO - [2024-04-04 20:51:24,982] {dag.py:2927} INFO - Setting next_dagrun for example_external_task_marker_child to None, run_after=None
[2024-04-04 20:51:24,982] {logging_mixin.py:115} INFO - [2024-04-04 20:51:24,982] {dag.py:2927} INFO - Setting next_dagrun for example_external_task_marker_parent to None, run_after=None
[2024-04-04 20:51:25,000] {processor.py:161} INFO - Processing /home/dimitri/dimitri/airflowalura/venv/lib/python3.10/site-packages/airflow/example_dags/example_external_task_marker_dag.py took 0.062 seconds
[2024-04-04 20:52:00,059] {processor.py:153} INFO - Started process (PID=575706) to work on /home/dimitri/dimitri/airflowalura/venv/lib/python3.10/site-packages/airflow/example_dags/example_external_task_marker_dag.py
[2024-04-04 20:52:00,062] {processor.py:641} INFO - Processing file /home/dimitri/dimitri/airflowalura/venv/lib/python3.10/site-packages/airflow/example_dags/example_external_task_marker_dag.py for tasks to queue
[2024-04-04 20:52:00,062] {logging_mixin.py:115} INFO - [2024-04-04 20:52:00,062] {dagbag.py:507} INFO - Filling up the DagBag from /home/dimitri/dimitri/airflowalura/venv/lib/python3.10/site-packages/airflow/example_dags/example_external_task_marker_dag.py
[2024-04-04 20:52:00,065] {processor.py:651} INFO - DAG(s) dict_keys(['example_external_task_marker_parent', 'example_external_task_marker_child']) retrieved from /home/dimitri/dimitri/airflowalura/venv/lib/python3.10/site-packages/airflow/example_dags/example_external_task_marker_dag.py
[2024-04-04 20:52:00,082] {logging_mixin.py:115} INFO - [2024-04-04 20:52:00,082] {dag.py:2379} INFO - Sync 2 DAGs
[2024-04-04 20:52:00,096] {logging_mixin.py:115} INFO - [2024-04-04 20:52:00,096] {dag.py:2927} INFO - Setting next_dagrun for example_external_task_marker_child to None, run_after=None
[2024-04-04 20:52:00,097] {logging_mixin.py:115} INFO - [2024-04-04 20:52:00,097] {dag.py:2927} INFO - Setting next_dagrun for example_external_task_marker_parent to None, run_after=None
[2024-04-04 20:52:00,112] {processor.py:161} INFO - Processing /home/dimitri/dimitri/airflowalura/venv/lib/python3.10/site-packages/airflow/example_dags/example_external_task_marker_dag.py took 0.055 seconds
[2024-04-04 20:52:35,590] {processor.py:153} INFO - Started process (PID=575844) to work on /home/dimitri/dimitri/airflowalura/venv/lib/python3.10/site-packages/airflow/example_dags/example_external_task_marker_dag.py
[2024-04-04 20:52:35,590] {processor.py:641} INFO - Processing file /home/dimitri/dimitri/airflowalura/venv/lib/python3.10/site-packages/airflow/example_dags/example_external_task_marker_dag.py for tasks to queue
[2024-04-04 20:52:35,591] {logging_mixin.py:115} INFO - [2024-04-04 20:52:35,591] {dagbag.py:507} INFO - Filling up the DagBag from /home/dimitri/dimitri/airflowalura/venv/lib/python3.10/site-packages/airflow/example_dags/example_external_task_marker_dag.py
[2024-04-04 20:52:35,593] {processor.py:651} INFO - DAG(s) dict_keys(['example_external_task_marker_parent', 'example_external_task_marker_child']) retrieved from /home/dimitri/dimitri/airflowalura/venv/lib/python3.10/site-packages/airflow/example_dags/example_external_task_marker_dag.py
[2024-04-04 20:52:35,612] {logging_mixin.py:115} INFO - [2024-04-04 20:52:35,612] {dag.py:2379} INFO - Sync 2 DAGs
[2024-04-04 20:52:35,624] {logging_mixin.py:115} INFO - [2024-04-04 20:52:35,624] {dag.py:2927} INFO - Setting next_dagrun for example_external_task_marker_child to None, run_after=None
[2024-04-04 20:52:35,624] {logging_mixin.py:115} INFO - [2024-04-04 20:52:35,624] {dag.py:2927} INFO - Setting next_dagrun for example_external_task_marker_parent to None, run_after=None
[2024-04-04 20:52:35,640] {processor.py:161} INFO - Processing /home/dimitri/dimitri/airflowalura/venv/lib/python3.10/site-packages/airflow/example_dags/example_external_task_marker_dag.py took 0.053 seconds
[2024-04-04 20:53:08,925] {processor.py:153} INFO - Started process (PID=575974) to work on /home/dimitri/dimitri/airflowalura/venv/lib/python3.10/site-packages/airflow/example_dags/example_external_task_marker_dag.py
[2024-04-04 20:53:08,926] {processor.py:641} INFO - Processing file /home/dimitri/dimitri/airflowalura/venv/lib/python3.10/site-packages/airflow/example_dags/example_external_task_marker_dag.py for tasks to queue
[2024-04-04 20:53:08,926] {logging_mixin.py:115} INFO - [2024-04-04 20:53:08,926] {dagbag.py:507} INFO - Filling up the DagBag from /home/dimitri/dimitri/airflowalura/venv/lib/python3.10/site-packages/airflow/example_dags/example_external_task_marker_dag.py
[2024-04-04 20:53:08,929] {processor.py:651} INFO - DAG(s) dict_keys(['example_external_task_marker_parent', 'example_external_task_marker_child']) retrieved from /home/dimitri/dimitri/airflowalura/venv/lib/python3.10/site-packages/airflow/example_dags/example_external_task_marker_dag.py
[2024-04-04 20:53:08,944] {logging_mixin.py:115} INFO - [2024-04-04 20:53:08,944] {dag.py:2379} INFO - Sync 2 DAGs
[2024-04-04 20:53:08,956] {logging_mixin.py:115} INFO - [2024-04-04 20:53:08,956] {dag.py:2927} INFO - Setting next_dagrun for example_external_task_marker_child to None, run_after=None
[2024-04-04 20:53:08,956] {logging_mixin.py:115} INFO - [2024-04-04 20:53:08,956] {dag.py:2927} INFO - Setting next_dagrun for example_external_task_marker_parent to None, run_after=None
[2024-04-04 20:53:08,971] {processor.py:161} INFO - Processing /home/dimitri/dimitri/airflowalura/venv/lib/python3.10/site-packages/airflow/example_dags/example_external_task_marker_dag.py took 0.048 seconds
[2024-04-04 20:53:46,875] {processor.py:153} INFO - Started process (PID=576119) to work on /home/dimitri/dimitri/airflowalura/venv/lib/python3.10/site-packages/airflow/example_dags/example_external_task_marker_dag.py
[2024-04-04 20:53:46,877] {processor.py:641} INFO - Processing file /home/dimitri/dimitri/airflowalura/venv/lib/python3.10/site-packages/airflow/example_dags/example_external_task_marker_dag.py for tasks to queue
[2024-04-04 20:53:46,878] {logging_mixin.py:115} INFO - [2024-04-04 20:53:46,878] {dagbag.py:507} INFO - Filling up the DagBag from /home/dimitri/dimitri/airflowalura/venv/lib/python3.10/site-packages/airflow/example_dags/example_external_task_marker_dag.py
[2024-04-04 20:53:46,881] {processor.py:651} INFO - DAG(s) dict_keys(['example_external_task_marker_parent', 'example_external_task_marker_child']) retrieved from /home/dimitri/dimitri/airflowalura/venv/lib/python3.10/site-packages/airflow/example_dags/example_external_task_marker_dag.py
[2024-04-04 20:53:46,895] {logging_mixin.py:115} INFO - [2024-04-04 20:53:46,895] {dag.py:2379} INFO - Sync 2 DAGs
[2024-04-04 20:53:46,904] {logging_mixin.py:115} INFO - [2024-04-04 20:53:46,904] {dag.py:2927} INFO - Setting next_dagrun for example_external_task_marker_child to None, run_after=None
[2024-04-04 20:53:46,904] {logging_mixin.py:115} INFO - [2024-04-04 20:53:46,904] {dag.py:2927} INFO - Setting next_dagrun for example_external_task_marker_parent to None, run_after=None
[2024-04-04 20:53:46,919] {processor.py:161} INFO - Processing /home/dimitri/dimitri/airflowalura/venv/lib/python3.10/site-packages/airflow/example_dags/example_external_task_marker_dag.py took 0.047 seconds
[2024-04-04 20:54:20,988] {processor.py:153} INFO - Started process (PID=576258) to work on /home/dimitri/dimitri/airflowalura/venv/lib/python3.10/site-packages/airflow/example_dags/example_external_task_marker_dag.py
[2024-04-04 20:54:20,990] {processor.py:641} INFO - Processing file /home/dimitri/dimitri/airflowalura/venv/lib/python3.10/site-packages/airflow/example_dags/example_external_task_marker_dag.py for tasks to queue
[2024-04-04 20:54:20,990] {logging_mixin.py:115} INFO - [2024-04-04 20:54:20,990] {dagbag.py:507} INFO - Filling up the DagBag from /home/dimitri/dimitri/airflowalura/venv/lib/python3.10/site-packages/airflow/example_dags/example_external_task_marker_dag.py
[2024-04-04 20:54:20,993] {processor.py:651} INFO - DAG(s) dict_keys(['example_external_task_marker_parent', 'example_external_task_marker_child']) retrieved from /home/dimitri/dimitri/airflowalura/venv/lib/python3.10/site-packages/airflow/example_dags/example_external_task_marker_dag.py
[2024-04-04 20:54:21,009] {logging_mixin.py:115} INFO - [2024-04-04 20:54:21,009] {dag.py:2379} INFO - Sync 2 DAGs
[2024-04-04 20:54:21,019] {logging_mixin.py:115} INFO - [2024-04-04 20:54:21,019] {dag.py:2927} INFO - Setting next_dagrun for example_external_task_marker_child to None, run_after=None
[2024-04-04 20:54:21,019] {logging_mixin.py:115} INFO - [2024-04-04 20:54:21,019] {dag.py:2927} INFO - Setting next_dagrun for example_external_task_marker_parent to None, run_after=None
[2024-04-04 20:54:21,037] {processor.py:161} INFO - Processing /home/dimitri/dimitri/airflowalura/venv/lib/python3.10/site-packages/airflow/example_dags/example_external_task_marker_dag.py took 0.052 seconds
[2024-04-04 20:54:55,717] {processor.py:153} INFO - Started process (PID=576393) to work on /home/dimitri/dimitri/airflowalura/venv/lib/python3.10/site-packages/airflow/example_dags/example_external_task_marker_dag.py
[2024-04-04 20:54:55,719] {processor.py:641} INFO - Processing file /home/dimitri/dimitri/airflowalura/venv/lib/python3.10/site-packages/airflow/example_dags/example_external_task_marker_dag.py for tasks to queue
[2024-04-04 20:54:55,720] {logging_mixin.py:115} INFO - [2024-04-04 20:54:55,719] {dagbag.py:507} INFO - Filling up the DagBag from /home/dimitri/dimitri/airflowalura/venv/lib/python3.10/site-packages/airflow/example_dags/example_external_task_marker_dag.py
[2024-04-04 20:54:55,722] {processor.py:651} INFO - DAG(s) dict_keys(['example_external_task_marker_parent', 'example_external_task_marker_child']) retrieved from /home/dimitri/dimitri/airflowalura/venv/lib/python3.10/site-packages/airflow/example_dags/example_external_task_marker_dag.py
[2024-04-04 20:54:55,740] {logging_mixin.py:115} INFO - [2024-04-04 20:54:55,740] {dag.py:2379} INFO - Sync 2 DAGs
[2024-04-04 20:54:55,750] {logging_mixin.py:115} INFO - [2024-04-04 20:54:55,750] {dag.py:2927} INFO - Setting next_dagrun for example_external_task_marker_child to None, run_after=None
[2024-04-04 20:54:55,751] {logging_mixin.py:115} INFO - [2024-04-04 20:54:55,751] {dag.py:2927} INFO - Setting next_dagrun for example_external_task_marker_parent to None, run_after=None
[2024-04-04 20:54:55,766] {processor.py:161} INFO - Processing /home/dimitri/dimitri/airflowalura/venv/lib/python3.10/site-packages/airflow/example_dags/example_external_task_marker_dag.py took 0.051 seconds
[2024-04-04 20:55:30,855] {processor.py:153} INFO - Started process (PID=576529) to work on /home/dimitri/dimitri/airflowalura/venv/lib/python3.10/site-packages/airflow/example_dags/example_external_task_marker_dag.py
[2024-04-04 20:55:30,857] {processor.py:641} INFO - Processing file /home/dimitri/dimitri/airflowalura/venv/lib/python3.10/site-packages/airflow/example_dags/example_external_task_marker_dag.py for tasks to queue
[2024-04-04 20:55:30,857] {logging_mixin.py:115} INFO - [2024-04-04 20:55:30,857] {dagbag.py:507} INFO - Filling up the DagBag from /home/dimitri/dimitri/airflowalura/venv/lib/python3.10/site-packages/airflow/example_dags/example_external_task_marker_dag.py
[2024-04-04 20:55:30,860] {processor.py:651} INFO - DAG(s) dict_keys(['example_external_task_marker_parent', 'example_external_task_marker_child']) retrieved from /home/dimitri/dimitri/airflowalura/venv/lib/python3.10/site-packages/airflow/example_dags/example_external_task_marker_dag.py
[2024-04-04 20:55:30,875] {logging_mixin.py:115} INFO - [2024-04-04 20:55:30,875] {dag.py:2379} INFO - Sync 2 DAGs
[2024-04-04 20:55:30,884] {logging_mixin.py:115} INFO - [2024-04-04 20:55:30,884] {dag.py:2927} INFO - Setting next_dagrun for example_external_task_marker_child to None, run_after=None
[2024-04-04 20:55:30,884] {logging_mixin.py:115} INFO - [2024-04-04 20:55:30,884] {dag.py:2927} INFO - Setting next_dagrun for example_external_task_marker_parent to None, run_after=None
[2024-04-04 20:55:30,901] {processor.py:161} INFO - Processing /home/dimitri/dimitri/airflowalura/venv/lib/python3.10/site-packages/airflow/example_dags/example_external_task_marker_dag.py took 0.050 seconds
[2024-04-04 20:56:03,911] {processor.py:153} INFO - Started process (PID=576658) to work on /home/dimitri/dimitri/airflowalura/venv/lib/python3.10/site-packages/airflow/example_dags/example_external_task_marker_dag.py
[2024-04-04 20:56:03,914] {processor.py:641} INFO - Processing file /home/dimitri/dimitri/airflowalura/venv/lib/python3.10/site-packages/airflow/example_dags/example_external_task_marker_dag.py for tasks to queue
[2024-04-04 20:56:03,915] {logging_mixin.py:115} INFO - [2024-04-04 20:56:03,915] {dagbag.py:507} INFO - Filling up the DagBag from /home/dimitri/dimitri/airflowalura/venv/lib/python3.10/site-packages/airflow/example_dags/example_external_task_marker_dag.py
[2024-04-04 20:56:03,918] {processor.py:651} INFO - DAG(s) dict_keys(['example_external_task_marker_parent', 'example_external_task_marker_child']) retrieved from /home/dimitri/dimitri/airflowalura/venv/lib/python3.10/site-packages/airflow/example_dags/example_external_task_marker_dag.py
[2024-04-04 20:56:03,934] {logging_mixin.py:115} INFO - [2024-04-04 20:56:03,934] {dag.py:2379} INFO - Sync 2 DAGs
[2024-04-04 20:56:03,944] {logging_mixin.py:115} INFO - [2024-04-04 20:56:03,944] {dag.py:2927} INFO - Setting next_dagrun for example_external_task_marker_child to None, run_after=None
[2024-04-04 20:56:03,944] {logging_mixin.py:115} INFO - [2024-04-04 20:56:03,944] {dag.py:2927} INFO - Setting next_dagrun for example_external_task_marker_parent to None, run_after=None
[2024-04-04 20:56:03,961] {processor.py:161} INFO - Processing /home/dimitri/dimitri/airflowalura/venv/lib/python3.10/site-packages/airflow/example_dags/example_external_task_marker_dag.py took 0.054 seconds
[2024-04-04 20:56:40,085] {processor.py:153} INFO - Started process (PID=576802) to work on /home/dimitri/dimitri/airflowalura/venv/lib/python3.10/site-packages/airflow/example_dags/example_external_task_marker_dag.py
[2024-04-04 20:56:40,086] {processor.py:641} INFO - Processing file /home/dimitri/dimitri/airflowalura/venv/lib/python3.10/site-packages/airflow/example_dags/example_external_task_marker_dag.py for tasks to queue
[2024-04-04 20:56:40,086] {logging_mixin.py:115} INFO - [2024-04-04 20:56:40,086] {dagbag.py:507} INFO - Filling up the DagBag from /home/dimitri/dimitri/airflowalura/venv/lib/python3.10/site-packages/airflow/example_dags/example_external_task_marker_dag.py
[2024-04-04 20:56:40,089] {processor.py:651} INFO - DAG(s) dict_keys(['example_external_task_marker_parent', 'example_external_task_marker_child']) retrieved from /home/dimitri/dimitri/airflowalura/venv/lib/python3.10/site-packages/airflow/example_dags/example_external_task_marker_dag.py
[2024-04-04 20:56:40,105] {logging_mixin.py:115} INFO - [2024-04-04 20:56:40,105] {dag.py:2379} INFO - Sync 2 DAGs
[2024-04-04 20:56:40,116] {logging_mixin.py:115} INFO - [2024-04-04 20:56:40,116] {dag.py:2927} INFO - Setting next_dagrun for example_external_task_marker_child to None, run_after=None
[2024-04-04 20:56:40,116] {logging_mixin.py:115} INFO - [2024-04-04 20:56:40,116] {dag.py:2927} INFO - Setting next_dagrun for example_external_task_marker_parent to None, run_after=None
[2024-04-04 20:56:40,132] {processor.py:161} INFO - Processing /home/dimitri/dimitri/airflowalura/venv/lib/python3.10/site-packages/airflow/example_dags/example_external_task_marker_dag.py took 0.050 seconds
[2024-04-04 20:57:14,299] {processor.py:153} INFO - Started process (PID=576935) to work on /home/dimitri/dimitri/airflowalura/venv/lib/python3.10/site-packages/airflow/example_dags/example_external_task_marker_dag.py
[2024-04-04 20:57:14,302] {processor.py:641} INFO - Processing file /home/dimitri/dimitri/airflowalura/venv/lib/python3.10/site-packages/airflow/example_dags/example_external_task_marker_dag.py for tasks to queue
[2024-04-04 20:57:14,302] {logging_mixin.py:115} INFO - [2024-04-04 20:57:14,302] {dagbag.py:507} INFO - Filling up the DagBag from /home/dimitri/dimitri/airflowalura/venv/lib/python3.10/site-packages/airflow/example_dags/example_external_task_marker_dag.py
[2024-04-04 20:57:14,305] {processor.py:651} INFO - DAG(s) dict_keys(['example_external_task_marker_parent', 'example_external_task_marker_child']) retrieved from /home/dimitri/dimitri/airflowalura/venv/lib/python3.10/site-packages/airflow/example_dags/example_external_task_marker_dag.py
[2024-04-04 20:57:14,321] {logging_mixin.py:115} INFO - [2024-04-04 20:57:14,321] {dag.py:2379} INFO - Sync 2 DAGs
[2024-04-04 20:57:14,333] {logging_mixin.py:115} INFO - [2024-04-04 20:57:14,333] {dag.py:2927} INFO - Setting next_dagrun for example_external_task_marker_child to None, run_after=None
[2024-04-04 20:57:14,333] {logging_mixin.py:115} INFO - [2024-04-04 20:57:14,333] {dag.py:2927} INFO - Setting next_dagrun for example_external_task_marker_parent to None, run_after=None
[2024-04-04 20:57:14,349] {processor.py:161} INFO - Processing /home/dimitri/dimitri/airflowalura/venv/lib/python3.10/site-packages/airflow/example_dags/example_external_task_marker_dag.py took 0.053 seconds
[2024-04-04 20:57:45,877] {processor.py:153} INFO - Started process (PID=577057) to work on /home/dimitri/dimitri/airflowalura/venv/lib/python3.10/site-packages/airflow/example_dags/example_external_task_marker_dag.py
[2024-04-04 20:57:45,879] {processor.py:641} INFO - Processing file /home/dimitri/dimitri/airflowalura/venv/lib/python3.10/site-packages/airflow/example_dags/example_external_task_marker_dag.py for tasks to queue
[2024-04-04 20:57:45,879] {logging_mixin.py:115} INFO - [2024-04-04 20:57:45,879] {dagbag.py:507} INFO - Filling up the DagBag from /home/dimitri/dimitri/airflowalura/venv/lib/python3.10/site-packages/airflow/example_dags/example_external_task_marker_dag.py
[2024-04-04 20:57:45,882] {processor.py:651} INFO - DAG(s) dict_keys(['example_external_task_marker_parent', 'example_external_task_marker_child']) retrieved from /home/dimitri/dimitri/airflowalura/venv/lib/python3.10/site-packages/airflow/example_dags/example_external_task_marker_dag.py
[2024-04-04 20:57:45,898] {logging_mixin.py:115} INFO - [2024-04-04 20:57:45,898] {dag.py:2379} INFO - Sync 2 DAGs
[2024-04-04 20:57:45,907] {logging_mixin.py:115} INFO - [2024-04-04 20:57:45,907] {dag.py:2927} INFO - Setting next_dagrun for example_external_task_marker_child to None, run_after=None
[2024-04-04 20:57:45,907] {logging_mixin.py:115} INFO - [2024-04-04 20:57:45,907] {dag.py:2927} INFO - Setting next_dagrun for example_external_task_marker_parent to None, run_after=None
[2024-04-04 20:57:45,926] {processor.py:161} INFO - Processing /home/dimitri/dimitri/airflowalura/venv/lib/python3.10/site-packages/airflow/example_dags/example_external_task_marker_dag.py took 0.051 seconds
[2024-04-04 20:58:19,281] {processor.py:153} INFO - Started process (PID=577187) to work on /home/dimitri/dimitri/airflowalura/venv/lib/python3.10/site-packages/airflow/example_dags/example_external_task_marker_dag.py
[2024-04-04 20:58:19,284] {processor.py:641} INFO - Processing file /home/dimitri/dimitri/airflowalura/venv/lib/python3.10/site-packages/airflow/example_dags/example_external_task_marker_dag.py for tasks to queue
[2024-04-04 20:58:19,284] {logging_mixin.py:115} INFO - [2024-04-04 20:58:19,284] {dagbag.py:507} INFO - Filling up the DagBag from /home/dimitri/dimitri/airflowalura/venv/lib/python3.10/site-packages/airflow/example_dags/example_external_task_marker_dag.py
[2024-04-04 20:58:19,287] {processor.py:651} INFO - DAG(s) dict_keys(['example_external_task_marker_parent', 'example_external_task_marker_child']) retrieved from /home/dimitri/dimitri/airflowalura/venv/lib/python3.10/site-packages/airflow/example_dags/example_external_task_marker_dag.py
[2024-04-04 20:58:19,304] {logging_mixin.py:115} INFO - [2024-04-04 20:58:19,304] {dag.py:2379} INFO - Sync 2 DAGs
[2024-04-04 20:58:19,315] {logging_mixin.py:115} INFO - [2024-04-04 20:58:19,315] {dag.py:2927} INFO - Setting next_dagrun for example_external_task_marker_child to None, run_after=None
[2024-04-04 20:58:19,315] {logging_mixin.py:115} INFO - [2024-04-04 20:58:19,315] {dag.py:2927} INFO - Setting next_dagrun for example_external_task_marker_parent to None, run_after=None
[2024-04-04 20:58:19,332] {processor.py:161} INFO - Processing /home/dimitri/dimitri/airflowalura/venv/lib/python3.10/site-packages/airflow/example_dags/example_external_task_marker_dag.py took 0.054 seconds
[2024-04-04 20:58:54,309] {processor.py:153} INFO - Started process (PID=577327) to work on /home/dimitri/dimitri/airflowalura/venv/lib/python3.10/site-packages/airflow/example_dags/example_external_task_marker_dag.py
[2024-04-04 20:58:54,311] {processor.py:641} INFO - Processing file /home/dimitri/dimitri/airflowalura/venv/lib/python3.10/site-packages/airflow/example_dags/example_external_task_marker_dag.py for tasks to queue
[2024-04-04 20:58:54,312] {logging_mixin.py:115} INFO - [2024-04-04 20:58:54,312] {dagbag.py:507} INFO - Filling up the DagBag from /home/dimitri/dimitri/airflowalura/venv/lib/python3.10/site-packages/airflow/example_dags/example_external_task_marker_dag.py
[2024-04-04 20:58:54,314] {processor.py:651} INFO - DAG(s) dict_keys(['example_external_task_marker_parent', 'example_external_task_marker_child']) retrieved from /home/dimitri/dimitri/airflowalura/venv/lib/python3.10/site-packages/airflow/example_dags/example_external_task_marker_dag.py
[2024-04-04 20:58:54,331] {logging_mixin.py:115} INFO - [2024-04-04 20:58:54,331] {dag.py:2379} INFO - Sync 2 DAGs
[2024-04-04 20:58:54,342] {logging_mixin.py:115} INFO - [2024-04-04 20:58:54,342] {dag.py:2927} INFO - Setting next_dagrun for example_external_task_marker_child to None, run_after=None
[2024-04-04 20:58:54,342] {logging_mixin.py:115} INFO - [2024-04-04 20:58:54,342] {dag.py:2927} INFO - Setting next_dagrun for example_external_task_marker_parent to None, run_after=None
[2024-04-04 20:58:54,358] {processor.py:161} INFO - Processing /home/dimitri/dimitri/airflowalura/venv/lib/python3.10/site-packages/airflow/example_dags/example_external_task_marker_dag.py took 0.052 seconds
[2024-04-04 20:59:26,822] {processor.py:153} INFO - Started process (PID=577457) to work on /home/dimitri/dimitri/airflowalura/venv/lib/python3.10/site-packages/airflow/example_dags/example_external_task_marker_dag.py
[2024-04-04 20:59:26,825] {processor.py:641} INFO - Processing file /home/dimitri/dimitri/airflowalura/venv/lib/python3.10/site-packages/airflow/example_dags/example_external_task_marker_dag.py for tasks to queue
[2024-04-04 20:59:26,825] {logging_mixin.py:115} INFO - [2024-04-04 20:59:26,825] {dagbag.py:507} INFO - Filling up the DagBag from /home/dimitri/dimitri/airflowalura/venv/lib/python3.10/site-packages/airflow/example_dags/example_external_task_marker_dag.py
[2024-04-04 20:59:26,828] {processor.py:651} INFO - DAG(s) dict_keys(['example_external_task_marker_parent', 'example_external_task_marker_child']) retrieved from /home/dimitri/dimitri/airflowalura/venv/lib/python3.10/site-packages/airflow/example_dags/example_external_task_marker_dag.py
[2024-04-04 20:59:26,845] {logging_mixin.py:115} INFO - [2024-04-04 20:59:26,845] {dag.py:2379} INFO - Sync 2 DAGs
[2024-04-04 20:59:26,855] {logging_mixin.py:115} INFO - [2024-04-04 20:59:26,855] {dag.py:2927} INFO - Setting next_dagrun for example_external_task_marker_child to None, run_after=None
[2024-04-04 20:59:26,856] {logging_mixin.py:115} INFO - [2024-04-04 20:59:26,856] {dag.py:2927} INFO - Setting next_dagrun for example_external_task_marker_parent to None, run_after=None
[2024-04-04 20:59:26,873] {processor.py:161} INFO - Processing /home/dimitri/dimitri/airflowalura/venv/lib/python3.10/site-packages/airflow/example_dags/example_external_task_marker_dag.py took 0.053 seconds
[2024-04-04 20:59:59,967] {processor.py:153} INFO - Started process (PID=577588) to work on /home/dimitri/dimitri/airflowalura/venv/lib/python3.10/site-packages/airflow/example_dags/example_external_task_marker_dag.py
[2024-04-04 20:59:59,970] {processor.py:641} INFO - Processing file /home/dimitri/dimitri/airflowalura/venv/lib/python3.10/site-packages/airflow/example_dags/example_external_task_marker_dag.py for tasks to queue
[2024-04-04 20:59:59,970] {logging_mixin.py:115} INFO - [2024-04-04 20:59:59,970] {dagbag.py:507} INFO - Filling up the DagBag from /home/dimitri/dimitri/airflowalura/venv/lib/python3.10/site-packages/airflow/example_dags/example_external_task_marker_dag.py
[2024-04-04 20:59:59,973] {processor.py:651} INFO - DAG(s) dict_keys(['example_external_task_marker_parent', 'example_external_task_marker_child']) retrieved from /home/dimitri/dimitri/airflowalura/venv/lib/python3.10/site-packages/airflow/example_dags/example_external_task_marker_dag.py
[2024-04-04 20:59:59,989] {logging_mixin.py:115} INFO - [2024-04-04 20:59:59,989] {dag.py:2379} INFO - Sync 2 DAGs
[2024-04-04 21:00:00,000] {logging_mixin.py:115} INFO - [2024-04-04 21:00:00,000] {dag.py:2927} INFO - Setting next_dagrun for example_external_task_marker_child to None, run_after=None
[2024-04-04 21:00:00,000] {logging_mixin.py:115} INFO - [2024-04-04 21:00:00,000] {dag.py:2927} INFO - Setting next_dagrun for example_external_task_marker_parent to None, run_after=None
[2024-04-04 21:00:00,015] {processor.py:161} INFO - Processing /home/dimitri/dimitri/airflowalura/venv/lib/python3.10/site-packages/airflow/example_dags/example_external_task_marker_dag.py took 0.050 seconds
