[2024-04-04 20:29:05,647] {processor.py:153} INFO - Started process (PID=569880) to work on /home/dimitri/dimitri/airflowalura/venv/lib/python3.10/site-packages/airflow/example_dags/example_short_circuit_operator.py
[2024-04-04 20:29:05,647] {processor.py:641} INFO - Processing file /home/dimitri/dimitri/airflowalura/venv/lib/python3.10/site-packages/airflow/example_dags/example_short_circuit_operator.py for tasks to queue
[2024-04-04 20:29:05,648] {logging_mixin.py:115} INFO - [2024-04-04 20:29:05,648] {dagbag.py:507} INFO - Filling up the DagBag from /home/dimitri/dimitri/airflowalura/venv/lib/python3.10/site-packages/airflow/example_dags/example_short_circuit_operator.py
[2024-04-04 20:29:05,654] {processor.py:651} INFO - DAG(s) dict_keys(['example_short_circuit_operator']) retrieved from /home/dimitri/dimitri/airflowalura/venv/lib/python3.10/site-packages/airflow/example_dags/example_short_circuit_operator.py
[2024-04-04 20:29:05,713] {logging_mixin.py:115} INFO - [2024-04-04 20:29:05,713] {manager.py:508} INFO - Created Permission View: can read on DAG:example_short_circuit_operator
[2024-04-04 20:29:05,728] {logging_mixin.py:115} INFO - [2024-04-04 20:29:05,728] {manager.py:508} INFO - Created Permission View: can edit on DAG:example_short_circuit_operator
[2024-04-04 20:29:05,741] {logging_mixin.py:115} INFO - [2024-04-04 20:29:05,741] {manager.py:508} INFO - Created Permission View: can delete on DAG:example_short_circuit_operator
[2024-04-04 20:29:05,741] {logging_mixin.py:115} INFO - [2024-04-04 20:29:05,741] {dag.py:2379} INFO - Sync 1 DAGs
[2024-04-04 20:29:05,747] {logging_mixin.py:115} INFO - [2024-04-04 20:29:05,747] {dag.py:2398} INFO - Creating ORM DAG for example_short_circuit_operator
[2024-04-04 20:29:05,752] {logging_mixin.py:115} INFO - [2024-04-04 20:29:05,752] {dag.py:2927} INFO - Setting next_dagrun for example_short_circuit_operator to 2024-04-03T23:29:05.752567+00:00, run_after=2024-04-04T23:29:05.752567+00:00
[2024-04-04 20:29:05,772] {processor.py:161} INFO - Processing /home/dimitri/dimitri/airflowalura/venv/lib/python3.10/site-packages/airflow/example_dags/example_short_circuit_operator.py took 0.128 seconds
[2024-04-04 20:29:40,704] {processor.py:153} INFO - Started process (PID=570113) to work on /home/dimitri/dimitri/airflowalura/venv/lib/python3.10/site-packages/airflow/example_dags/example_short_circuit_operator.py
[2024-04-04 20:29:40,705] {processor.py:641} INFO - Processing file /home/dimitri/dimitri/airflowalura/venv/lib/python3.10/site-packages/airflow/example_dags/example_short_circuit_operator.py for tasks to queue
[2024-04-04 20:29:40,706] {logging_mixin.py:115} INFO - [2024-04-04 20:29:40,706] {dagbag.py:507} INFO - Filling up the DagBag from /home/dimitri/dimitri/airflowalura/venv/lib/python3.10/site-packages/airflow/example_dags/example_short_circuit_operator.py
[2024-04-04 20:29:40,714] {processor.py:651} INFO - DAG(s) dict_keys(['example_short_circuit_operator']) retrieved from /home/dimitri/dimitri/airflowalura/venv/lib/python3.10/site-packages/airflow/example_dags/example_short_circuit_operator.py
[2024-04-04 20:29:40,735] {logging_mixin.py:115} INFO - [2024-04-04 20:29:40,734] {dag.py:2379} INFO - Sync 1 DAGs
[2024-04-04 20:29:40,766] {logging_mixin.py:115} INFO - [2024-04-04 20:29:40,766] {dag.py:2927} INFO - Setting next_dagrun for example_short_circuit_operator to 2024-04-03T23:29:40.765795+00:00, run_after=2024-04-04T23:29:40.765795+00:00
[2024-04-04 20:29:40,800] {processor.py:161} INFO - Processing /home/dimitri/dimitri/airflowalura/venv/lib/python3.10/site-packages/airflow/example_dags/example_short_circuit_operator.py took 0.098 seconds
[2024-04-04 20:30:14,262] {processor.py:153} INFO - Started process (PID=570369) to work on /home/dimitri/dimitri/airflowalura/venv/lib/python3.10/site-packages/airflow/example_dags/example_short_circuit_operator.py
[2024-04-04 20:30:14,264] {processor.py:641} INFO - Processing file /home/dimitri/dimitri/airflowalura/venv/lib/python3.10/site-packages/airflow/example_dags/example_short_circuit_operator.py for tasks to queue
[2024-04-04 20:30:14,264] {logging_mixin.py:115} INFO - [2024-04-04 20:30:14,264] {dagbag.py:507} INFO - Filling up the DagBag from /home/dimitri/dimitri/airflowalura/venv/lib/python3.10/site-packages/airflow/example_dags/example_short_circuit_operator.py
[2024-04-04 20:30:14,270] {processor.py:651} INFO - DAG(s) dict_keys(['example_short_circuit_operator']) retrieved from /home/dimitri/dimitri/airflowalura/venv/lib/python3.10/site-packages/airflow/example_dags/example_short_circuit_operator.py
[2024-04-04 20:30:14,281] {logging_mixin.py:115} INFO - [2024-04-04 20:30:14,281] {dag.py:2379} INFO - Sync 1 DAGs
[2024-04-04 20:30:14,291] {logging_mixin.py:115} INFO - [2024-04-04 20:30:14,290] {dag.py:2927} INFO - Setting next_dagrun for example_short_circuit_operator to 2024-04-03T23:30:14.290796+00:00, run_after=2024-04-04T23:30:14.290796+00:00
[2024-04-04 20:30:14,306] {processor.py:161} INFO - Processing /home/dimitri/dimitri/airflowalura/venv/lib/python3.10/site-packages/airflow/example_dags/example_short_circuit_operator.py took 0.046 seconds
[2024-04-04 20:30:46,838] {processor.py:153} INFO - Started process (PID=570499) to work on /home/dimitri/dimitri/airflowalura/venv/lib/python3.10/site-packages/airflow/example_dags/example_short_circuit_operator.py
[2024-04-04 20:30:46,839] {processor.py:641} INFO - Processing file /home/dimitri/dimitri/airflowalura/venv/lib/python3.10/site-packages/airflow/example_dags/example_short_circuit_operator.py for tasks to queue
[2024-04-04 20:30:46,840] {logging_mixin.py:115} INFO - [2024-04-04 20:30:46,839] {dagbag.py:507} INFO - Filling up the DagBag from /home/dimitri/dimitri/airflowalura/venv/lib/python3.10/site-packages/airflow/example_dags/example_short_circuit_operator.py
[2024-04-04 20:30:46,845] {processor.py:651} INFO - DAG(s) dict_keys(['example_short_circuit_operator']) retrieved from /home/dimitri/dimitri/airflowalura/venv/lib/python3.10/site-packages/airflow/example_dags/example_short_circuit_operator.py
[2024-04-04 20:30:46,859] {logging_mixin.py:115} INFO - [2024-04-04 20:30:46,859] {dag.py:2379} INFO - Sync 1 DAGs
[2024-04-04 20:30:46,871] {logging_mixin.py:115} INFO - [2024-04-04 20:30:46,870] {dag.py:2927} INFO - Setting next_dagrun for example_short_circuit_operator to 2024-04-03T23:30:46.870772+00:00, run_after=2024-04-04T23:30:46.870772+00:00
[2024-04-04 20:30:46,888] {processor.py:161} INFO - Processing /home/dimitri/dimitri/airflowalura/venv/lib/python3.10/site-packages/airflow/example_dags/example_short_circuit_operator.py took 0.052 seconds
[2024-04-04 20:31:20,131] {processor.py:153} INFO - Started process (PID=570635) to work on /home/dimitri/dimitri/airflowalura/venv/lib/python3.10/site-packages/airflow/example_dags/example_short_circuit_operator.py
[2024-04-04 20:31:20,133] {processor.py:641} INFO - Processing file /home/dimitri/dimitri/airflowalura/venv/lib/python3.10/site-packages/airflow/example_dags/example_short_circuit_operator.py for tasks to queue
[2024-04-04 20:31:20,134] {logging_mixin.py:115} INFO - [2024-04-04 20:31:20,133] {dagbag.py:507} INFO - Filling up the DagBag from /home/dimitri/dimitri/airflowalura/venv/lib/python3.10/site-packages/airflow/example_dags/example_short_circuit_operator.py
[2024-04-04 20:31:20,140] {processor.py:651} INFO - DAG(s) dict_keys(['example_short_circuit_operator']) retrieved from /home/dimitri/dimitri/airflowalura/venv/lib/python3.10/site-packages/airflow/example_dags/example_short_circuit_operator.py
[2024-04-04 20:31:20,151] {logging_mixin.py:115} INFO - [2024-04-04 20:31:20,151] {dag.py:2379} INFO - Sync 1 DAGs
[2024-04-04 20:31:20,163] {logging_mixin.py:115} INFO - [2024-04-04 20:31:20,163] {dag.py:2927} INFO - Setting next_dagrun for example_short_circuit_operator to 2024-04-03T23:31:20.162937+00:00, run_after=2024-04-04T23:31:20.162937+00:00
[2024-04-04 20:31:20,179] {processor.py:161} INFO - Processing /home/dimitri/dimitri/airflowalura/venv/lib/python3.10/site-packages/airflow/example_dags/example_short_circuit_operator.py took 0.050 seconds
[2024-04-04 20:31:53,986] {processor.py:153} INFO - Started process (PID=570767) to work on /home/dimitri/dimitri/airflowalura/venv/lib/python3.10/site-packages/airflow/example_dags/example_short_circuit_operator.py
[2024-04-04 20:31:53,988] {processor.py:641} INFO - Processing file /home/dimitri/dimitri/airflowalura/venv/lib/python3.10/site-packages/airflow/example_dags/example_short_circuit_operator.py for tasks to queue
[2024-04-04 20:31:53,989] {logging_mixin.py:115} INFO - [2024-04-04 20:31:53,988] {dagbag.py:507} INFO - Filling up the DagBag from /home/dimitri/dimitri/airflowalura/venv/lib/python3.10/site-packages/airflow/example_dags/example_short_circuit_operator.py
[2024-04-04 20:31:53,994] {processor.py:651} INFO - DAG(s) dict_keys(['example_short_circuit_operator']) retrieved from /home/dimitri/dimitri/airflowalura/venv/lib/python3.10/site-packages/airflow/example_dags/example_short_circuit_operator.py
[2024-04-04 20:31:54,006] {logging_mixin.py:115} INFO - [2024-04-04 20:31:54,006] {dag.py:2379} INFO - Sync 1 DAGs
[2024-04-04 20:31:54,017] {logging_mixin.py:115} INFO - [2024-04-04 20:31:54,017] {dag.py:2927} INFO - Setting next_dagrun for example_short_circuit_operator to 2024-04-03T23:31:54.016995+00:00, run_after=2024-04-04T23:31:54.016995+00:00
[2024-04-04 20:31:54,036] {processor.py:161} INFO - Processing /home/dimitri/dimitri/airflowalura/venv/lib/python3.10/site-packages/airflow/example_dags/example_short_circuit_operator.py took 0.052 seconds
[2024-04-04 20:32:26,146] {processor.py:153} INFO - Started process (PID=570891) to work on /home/dimitri/dimitri/airflowalura/venv/lib/python3.10/site-packages/airflow/example_dags/example_short_circuit_operator.py
[2024-04-04 20:32:26,149] {processor.py:641} INFO - Processing file /home/dimitri/dimitri/airflowalura/venv/lib/python3.10/site-packages/airflow/example_dags/example_short_circuit_operator.py for tasks to queue
[2024-04-04 20:32:26,149] {logging_mixin.py:115} INFO - [2024-04-04 20:32:26,149] {dagbag.py:507} INFO - Filling up the DagBag from /home/dimitri/dimitri/airflowalura/venv/lib/python3.10/site-packages/airflow/example_dags/example_short_circuit_operator.py
[2024-04-04 20:32:26,157] {processor.py:651} INFO - DAG(s) dict_keys(['example_short_circuit_operator']) retrieved from /home/dimitri/dimitri/airflowalura/venv/lib/python3.10/site-packages/airflow/example_dags/example_short_circuit_operator.py
[2024-04-04 20:32:26,168] {logging_mixin.py:115} INFO - [2024-04-04 20:32:26,168] {dag.py:2379} INFO - Sync 1 DAGs
[2024-04-04 20:32:26,177] {logging_mixin.py:115} INFO - [2024-04-04 20:32:26,177] {dag.py:2927} INFO - Setting next_dagrun for example_short_circuit_operator to 2024-04-03T23:32:26.177447+00:00, run_after=2024-04-04T23:32:26.177447+00:00
[2024-04-04 20:32:26,193] {processor.py:161} INFO - Processing /home/dimitri/dimitri/airflowalura/venv/lib/python3.10/site-packages/airflow/example_dags/example_short_circuit_operator.py took 0.052 seconds
[2024-04-04 20:32:53,583] {processor.py:153} INFO - Started process (PID=571145) to work on /home/dimitri/dimitri/airflowalura/venv/lib/python3.10/site-packages/airflow/example_dags/example_short_circuit_operator.py
[2024-04-04 20:32:53,585] {processor.py:641} INFO - Processing file /home/dimitri/dimitri/airflowalura/venv/lib/python3.10/site-packages/airflow/example_dags/example_short_circuit_operator.py for tasks to queue
[2024-04-04 20:32:53,586] {logging_mixin.py:115} INFO - [2024-04-04 20:32:53,586] {dagbag.py:507} INFO - Filling up the DagBag from /home/dimitri/dimitri/airflowalura/venv/lib/python3.10/site-packages/airflow/example_dags/example_short_circuit_operator.py
[2024-04-04 20:32:53,591] {processor.py:651} INFO - DAG(s) dict_keys(['example_short_circuit_operator']) retrieved from /home/dimitri/dimitri/airflowalura/venv/lib/python3.10/site-packages/airflow/example_dags/example_short_circuit_operator.py
[2024-04-04 20:32:53,606] {logging_mixin.py:115} INFO - [2024-04-04 20:32:53,606] {dag.py:2379} INFO - Sync 1 DAGs
[2024-04-04 20:32:53,619] {logging_mixin.py:115} INFO - [2024-04-04 20:32:53,619] {dag.py:2927} INFO - Setting next_dagrun for example_short_circuit_operator to 2024-04-03T23:32:53.619400+00:00, run_after=2024-04-04T23:32:53.619400+00:00
[2024-04-04 20:32:53,636] {processor.py:161} INFO - Processing /home/dimitri/dimitri/airflowalura/venv/lib/python3.10/site-packages/airflow/example_dags/example_short_circuit_operator.py took 0.054 seconds
[2024-04-04 20:33:24,542] {processor.py:153} INFO - Started process (PID=571272) to work on /home/dimitri/dimitri/airflowalura/venv/lib/python3.10/site-packages/airflow/example_dags/example_short_circuit_operator.py
[2024-04-04 20:33:24,544] {processor.py:641} INFO - Processing file /home/dimitri/dimitri/airflowalura/venv/lib/python3.10/site-packages/airflow/example_dags/example_short_circuit_operator.py for tasks to queue
[2024-04-04 20:33:24,545] {logging_mixin.py:115} INFO - [2024-04-04 20:33:24,545] {dagbag.py:507} INFO - Filling up the DagBag from /home/dimitri/dimitri/airflowalura/venv/lib/python3.10/site-packages/airflow/example_dags/example_short_circuit_operator.py
[2024-04-04 20:33:24,551] {processor.py:651} INFO - DAG(s) dict_keys(['example_short_circuit_operator']) retrieved from /home/dimitri/dimitri/airflowalura/venv/lib/python3.10/site-packages/airflow/example_dags/example_short_circuit_operator.py
[2024-04-04 20:33:24,565] {logging_mixin.py:115} INFO - [2024-04-04 20:33:24,565] {dag.py:2379} INFO - Sync 1 DAGs
[2024-04-04 20:33:24,577] {logging_mixin.py:115} INFO - [2024-04-04 20:33:24,577] {dag.py:2927} INFO - Setting next_dagrun for example_short_circuit_operator to 2024-04-03T23:33:24.576842+00:00, run_after=2024-04-04T23:33:24.576842+00:00
[2024-04-04 20:33:24,594] {processor.py:161} INFO - Processing /home/dimitri/dimitri/airflowalura/venv/lib/python3.10/site-packages/airflow/example_dags/example_short_circuit_operator.py took 0.053 seconds
[2024-04-04 20:33:59,193] {processor.py:153} INFO - Started process (PID=571408) to work on /home/dimitri/dimitri/airflowalura/venv/lib/python3.10/site-packages/airflow/example_dags/example_short_circuit_operator.py
[2024-04-04 20:33:59,195] {processor.py:641} INFO - Processing file /home/dimitri/dimitri/airflowalura/venv/lib/python3.10/site-packages/airflow/example_dags/example_short_circuit_operator.py for tasks to queue
[2024-04-04 20:33:59,196] {logging_mixin.py:115} INFO - [2024-04-04 20:33:59,196] {dagbag.py:507} INFO - Filling up the DagBag from /home/dimitri/dimitri/airflowalura/venv/lib/python3.10/site-packages/airflow/example_dags/example_short_circuit_operator.py
[2024-04-04 20:33:59,203] {processor.py:651} INFO - DAG(s) dict_keys(['example_short_circuit_operator']) retrieved from /home/dimitri/dimitri/airflowalura/venv/lib/python3.10/site-packages/airflow/example_dags/example_short_circuit_operator.py
[2024-04-04 20:33:59,215] {logging_mixin.py:115} INFO - [2024-04-04 20:33:59,215] {dag.py:2379} INFO - Sync 1 DAGs
[2024-04-04 20:33:59,224] {logging_mixin.py:115} INFO - [2024-04-04 20:33:59,224] {dag.py:2927} INFO - Setting next_dagrun for example_short_circuit_operator to 2024-04-03T23:33:59.224019+00:00, run_after=2024-04-04T23:33:59.224019+00:00
[2024-04-04 20:33:59,240] {processor.py:161} INFO - Processing /home/dimitri/dimitri/airflowalura/venv/lib/python3.10/site-packages/airflow/example_dags/example_short_circuit_operator.py took 0.050 seconds
[2024-04-04 20:34:32,704] {processor.py:153} INFO - Started process (PID=571538) to work on /home/dimitri/dimitri/airflowalura/venv/lib/python3.10/site-packages/airflow/example_dags/example_short_circuit_operator.py
[2024-04-04 20:34:32,707] {processor.py:641} INFO - Processing file /home/dimitri/dimitri/airflowalura/venv/lib/python3.10/site-packages/airflow/example_dags/example_short_circuit_operator.py for tasks to queue
[2024-04-04 20:34:32,707] {logging_mixin.py:115} INFO - [2024-04-04 20:34:32,707] {dagbag.py:507} INFO - Filling up the DagBag from /home/dimitri/dimitri/airflowalura/venv/lib/python3.10/site-packages/airflow/example_dags/example_short_circuit_operator.py
[2024-04-04 20:34:32,712] {processor.py:651} INFO - DAG(s) dict_keys(['example_short_circuit_operator']) retrieved from /home/dimitri/dimitri/airflowalura/venv/lib/python3.10/site-packages/airflow/example_dags/example_short_circuit_operator.py
[2024-04-04 20:34:32,726] {logging_mixin.py:115} INFO - [2024-04-04 20:34:32,726] {dag.py:2379} INFO - Sync 1 DAGs
[2024-04-04 20:34:32,736] {logging_mixin.py:115} INFO - [2024-04-04 20:34:32,736] {dag.py:2927} INFO - Setting next_dagrun for example_short_circuit_operator to 2024-04-03T23:34:32.735941+00:00, run_after=2024-04-04T23:34:32.735941+00:00
[2024-04-04 20:34:32,751] {processor.py:161} INFO - Processing /home/dimitri/dimitri/airflowalura/venv/lib/python3.10/site-packages/airflow/example_dags/example_short_circuit_operator.py took 0.050 seconds
[2024-04-04 20:35:05,427] {processor.py:153} INFO - Started process (PID=571670) to work on /home/dimitri/dimitri/airflowalura/venv/lib/python3.10/site-packages/airflow/example_dags/example_short_circuit_operator.py
[2024-04-04 20:35:05,428] {processor.py:641} INFO - Processing file /home/dimitri/dimitri/airflowalura/venv/lib/python3.10/site-packages/airflow/example_dags/example_short_circuit_operator.py for tasks to queue
[2024-04-04 20:35:05,429] {logging_mixin.py:115} INFO - [2024-04-04 20:35:05,429] {dagbag.py:507} INFO - Filling up the DagBag from /home/dimitri/dimitri/airflowalura/venv/lib/python3.10/site-packages/airflow/example_dags/example_short_circuit_operator.py
[2024-04-04 20:35:05,434] {processor.py:651} INFO - DAG(s) dict_keys(['example_short_circuit_operator']) retrieved from /home/dimitri/dimitri/airflowalura/venv/lib/python3.10/site-packages/airflow/example_dags/example_short_circuit_operator.py
[2024-04-04 20:35:05,448] {logging_mixin.py:115} INFO - [2024-04-04 20:35:05,448] {dag.py:2379} INFO - Sync 1 DAGs
[2024-04-04 20:35:05,458] {logging_mixin.py:115} INFO - [2024-04-04 20:35:05,458] {dag.py:2927} INFO - Setting next_dagrun for example_short_circuit_operator to 2024-04-03T23:35:05.458219+00:00, run_after=2024-04-04T23:35:05.458219+00:00
[2024-04-04 20:35:05,473] {processor.py:161} INFO - Processing /home/dimitri/dimitri/airflowalura/venv/lib/python3.10/site-packages/airflow/example_dags/example_short_circuit_operator.py took 0.048 seconds
[2024-04-04 20:35:38,462] {processor.py:153} INFO - Started process (PID=571802) to work on /home/dimitri/dimitri/airflowalura/venv/lib/python3.10/site-packages/airflow/example_dags/example_short_circuit_operator.py
[2024-04-04 20:35:38,463] {processor.py:641} INFO - Processing file /home/dimitri/dimitri/airflowalura/venv/lib/python3.10/site-packages/airflow/example_dags/example_short_circuit_operator.py for tasks to queue
[2024-04-04 20:35:38,463] {logging_mixin.py:115} INFO - [2024-04-04 20:35:38,463] {dagbag.py:507} INFO - Filling up the DagBag from /home/dimitri/dimitri/airflowalura/venv/lib/python3.10/site-packages/airflow/example_dags/example_short_circuit_operator.py
[2024-04-04 20:35:38,469] {processor.py:651} INFO - DAG(s) dict_keys(['example_short_circuit_operator']) retrieved from /home/dimitri/dimitri/airflowalura/venv/lib/python3.10/site-packages/airflow/example_dags/example_short_circuit_operator.py
[2024-04-04 20:35:38,481] {logging_mixin.py:115} INFO - [2024-04-04 20:35:38,481] {dag.py:2379} INFO - Sync 1 DAGs
[2024-04-04 20:35:38,491] {logging_mixin.py:115} INFO - [2024-04-04 20:35:38,491] {dag.py:2927} INFO - Setting next_dagrun for example_short_circuit_operator to 2024-04-03T23:35:38.491522+00:00, run_after=2024-04-04T23:35:38.491522+00:00
[2024-04-04 20:35:38,507] {processor.py:161} INFO - Processing /home/dimitri/dimitri/airflowalura/venv/lib/python3.10/site-packages/airflow/example_dags/example_short_circuit_operator.py took 0.048 seconds
[2024-04-04 20:36:22,729] {processor.py:153} INFO - Started process (PID=571983) to work on /home/dimitri/dimitri/airflowalura/venv/lib/python3.10/site-packages/airflow/example_dags/example_short_circuit_operator.py
[2024-04-04 20:36:22,731] {processor.py:641} INFO - Processing file /home/dimitri/dimitri/airflowalura/venv/lib/python3.10/site-packages/airflow/example_dags/example_short_circuit_operator.py for tasks to queue
[2024-04-04 20:36:22,732] {logging_mixin.py:115} INFO - [2024-04-04 20:36:22,732] {dagbag.py:507} INFO - Filling up the DagBag from /home/dimitri/dimitri/airflowalura/venv/lib/python3.10/site-packages/airflow/example_dags/example_short_circuit_operator.py
[2024-04-04 20:36:22,739] {processor.py:651} INFO - DAG(s) dict_keys(['example_short_circuit_operator']) retrieved from /home/dimitri/dimitri/airflowalura/venv/lib/python3.10/site-packages/airflow/example_dags/example_short_circuit_operator.py
[2024-04-04 20:36:22,749] {logging_mixin.py:115} INFO - [2024-04-04 20:36:22,749] {dag.py:2379} INFO - Sync 1 DAGs
[2024-04-04 20:36:22,759] {logging_mixin.py:115} INFO - [2024-04-04 20:36:22,758] {dag.py:2927} INFO - Setting next_dagrun for example_short_circuit_operator to 2024-04-03T23:36:22.758672+00:00, run_after=2024-04-04T23:36:22.758672+00:00
[2024-04-04 20:36:22,774] {processor.py:161} INFO - Processing /home/dimitri/dimitri/airflowalura/venv/lib/python3.10/site-packages/airflow/example_dags/example_short_circuit_operator.py took 0.048 seconds
[2024-04-04 20:36:54,539] {processor.py:153} INFO - Started process (PID=572118) to work on /home/dimitri/dimitri/airflowalura/venv/lib/python3.10/site-packages/airflow/example_dags/example_short_circuit_operator.py
[2024-04-04 20:36:54,541] {processor.py:641} INFO - Processing file /home/dimitri/dimitri/airflowalura/venv/lib/python3.10/site-packages/airflow/example_dags/example_short_circuit_operator.py for tasks to queue
[2024-04-04 20:36:54,541] {logging_mixin.py:115} INFO - [2024-04-04 20:36:54,541] {dagbag.py:507} INFO - Filling up the DagBag from /home/dimitri/dimitri/airflowalura/venv/lib/python3.10/site-packages/airflow/example_dags/example_short_circuit_operator.py
[2024-04-04 20:36:54,547] {processor.py:651} INFO - DAG(s) dict_keys(['example_short_circuit_operator']) retrieved from /home/dimitri/dimitri/airflowalura/venv/lib/python3.10/site-packages/airflow/example_dags/example_short_circuit_operator.py
[2024-04-04 20:36:54,558] {logging_mixin.py:115} INFO - [2024-04-04 20:36:54,558] {dag.py:2379} INFO - Sync 1 DAGs
[2024-04-04 20:36:54,568] {logging_mixin.py:115} INFO - [2024-04-04 20:36:54,568] {dag.py:2927} INFO - Setting next_dagrun for example_short_circuit_operator to 2024-04-03T23:36:54.568036+00:00, run_after=2024-04-04T23:36:54.568036+00:00
[2024-04-04 20:36:54,582] {processor.py:161} INFO - Processing /home/dimitri/dimitri/airflowalura/venv/lib/python3.10/site-packages/airflow/example_dags/example_short_circuit_operator.py took 0.045 seconds
[2024-04-04 20:37:30,696] {processor.py:153} INFO - Started process (PID=572256) to work on /home/dimitri/dimitri/airflowalura/venv/lib/python3.10/site-packages/airflow/example_dags/example_short_circuit_operator.py
[2024-04-04 20:37:30,699] {processor.py:641} INFO - Processing file /home/dimitri/dimitri/airflowalura/venv/lib/python3.10/site-packages/airflow/example_dags/example_short_circuit_operator.py for tasks to queue
[2024-04-04 20:37:30,700] {logging_mixin.py:115} INFO - [2024-04-04 20:37:30,700] {dagbag.py:507} INFO - Filling up the DagBag from /home/dimitri/dimitri/airflowalura/venv/lib/python3.10/site-packages/airflow/example_dags/example_short_circuit_operator.py
[2024-04-04 20:37:30,706] {processor.py:651} INFO - DAG(s) dict_keys(['example_short_circuit_operator']) retrieved from /home/dimitri/dimitri/airflowalura/venv/lib/python3.10/site-packages/airflow/example_dags/example_short_circuit_operator.py
[2024-04-04 20:37:30,717] {logging_mixin.py:115} INFO - [2024-04-04 20:37:30,716] {dag.py:2379} INFO - Sync 1 DAGs
[2024-04-04 20:37:30,726] {logging_mixin.py:115} INFO - [2024-04-04 20:37:30,726] {dag.py:2927} INFO - Setting next_dagrun for example_short_circuit_operator to 2024-04-03T23:37:30.725911+00:00, run_after=2024-04-04T23:37:30.725911+00:00
[2024-04-04 20:37:30,742] {processor.py:161} INFO - Processing /home/dimitri/dimitri/airflowalura/venv/lib/python3.10/site-packages/airflow/example_dags/example_short_circuit_operator.py took 0.047 seconds
[2024-04-04 20:38:03,296] {processor.py:153} INFO - Started process (PID=572389) to work on /home/dimitri/dimitri/airflowalura/venv/lib/python3.10/site-packages/airflow/example_dags/example_short_circuit_operator.py
[2024-04-04 20:38:03,298] {processor.py:641} INFO - Processing file /home/dimitri/dimitri/airflowalura/venv/lib/python3.10/site-packages/airflow/example_dags/example_short_circuit_operator.py for tasks to queue
[2024-04-04 20:38:03,299] {logging_mixin.py:115} INFO - [2024-04-04 20:38:03,299] {dagbag.py:507} INFO - Filling up the DagBag from /home/dimitri/dimitri/airflowalura/venv/lib/python3.10/site-packages/airflow/example_dags/example_short_circuit_operator.py
[2024-04-04 20:38:03,305] {processor.py:651} INFO - DAG(s) dict_keys(['example_short_circuit_operator']) retrieved from /home/dimitri/dimitri/airflowalura/venv/lib/python3.10/site-packages/airflow/example_dags/example_short_circuit_operator.py
[2024-04-04 20:38:03,317] {logging_mixin.py:115} INFO - [2024-04-04 20:38:03,317] {dag.py:2379} INFO - Sync 1 DAGs
[2024-04-04 20:38:03,327] {logging_mixin.py:115} INFO - [2024-04-04 20:38:03,327] {dag.py:2927} INFO - Setting next_dagrun for example_short_circuit_operator to 2024-04-03T23:38:03.327516+00:00, run_after=2024-04-04T23:38:03.327516+00:00
[2024-04-04 20:38:03,344] {processor.py:161} INFO - Processing /home/dimitri/dimitri/airflowalura/venv/lib/python3.10/site-packages/airflow/example_dags/example_short_circuit_operator.py took 0.051 seconds
[2024-04-04 20:38:38,667] {processor.py:153} INFO - Started process (PID=572525) to work on /home/dimitri/dimitri/airflowalura/venv/lib/python3.10/site-packages/airflow/example_dags/example_short_circuit_operator.py
[2024-04-04 20:38:38,669] {processor.py:641} INFO - Processing file /home/dimitri/dimitri/airflowalura/venv/lib/python3.10/site-packages/airflow/example_dags/example_short_circuit_operator.py for tasks to queue
[2024-04-04 20:38:38,669] {logging_mixin.py:115} INFO - [2024-04-04 20:38:38,669] {dagbag.py:507} INFO - Filling up the DagBag from /home/dimitri/dimitri/airflowalura/venv/lib/python3.10/site-packages/airflow/example_dags/example_short_circuit_operator.py
[2024-04-04 20:38:38,675] {processor.py:651} INFO - DAG(s) dict_keys(['example_short_circuit_operator']) retrieved from /home/dimitri/dimitri/airflowalura/venv/lib/python3.10/site-packages/airflow/example_dags/example_short_circuit_operator.py
[2024-04-04 20:38:38,687] {logging_mixin.py:115} INFO - [2024-04-04 20:38:38,687] {dag.py:2379} INFO - Sync 1 DAGs
[2024-04-04 20:38:38,697] {logging_mixin.py:115} INFO - [2024-04-04 20:38:38,697] {dag.py:2927} INFO - Setting next_dagrun for example_short_circuit_operator to 2024-04-03T23:38:38.696961+00:00, run_after=2024-04-04T23:38:38.696961+00:00
[2024-04-04 20:38:38,713] {processor.py:161} INFO - Processing /home/dimitri/dimitri/airflowalura/venv/lib/python3.10/site-packages/airflow/example_dags/example_short_circuit_operator.py took 0.049 seconds
[2024-04-04 20:39:12,602] {processor.py:153} INFO - Started process (PID=572660) to work on /home/dimitri/dimitri/airflowalura/venv/lib/python3.10/site-packages/airflow/example_dags/example_short_circuit_operator.py
[2024-04-04 20:39:12,604] {processor.py:641} INFO - Processing file /home/dimitri/dimitri/airflowalura/venv/lib/python3.10/site-packages/airflow/example_dags/example_short_circuit_operator.py for tasks to queue
[2024-04-04 20:39:12,605] {logging_mixin.py:115} INFO - [2024-04-04 20:39:12,605] {dagbag.py:507} INFO - Filling up the DagBag from /home/dimitri/dimitri/airflowalura/venv/lib/python3.10/site-packages/airflow/example_dags/example_short_circuit_operator.py
[2024-04-04 20:39:12,610] {processor.py:651} INFO - DAG(s) dict_keys(['example_short_circuit_operator']) retrieved from /home/dimitri/dimitri/airflowalura/venv/lib/python3.10/site-packages/airflow/example_dags/example_short_circuit_operator.py
[2024-04-04 20:39:12,621] {logging_mixin.py:115} INFO - [2024-04-04 20:39:12,621] {dag.py:2379} INFO - Sync 1 DAGs
[2024-04-04 20:39:12,630] {logging_mixin.py:115} INFO - [2024-04-04 20:39:12,630] {dag.py:2927} INFO - Setting next_dagrun for example_short_circuit_operator to 2024-04-03T23:39:12.630170+00:00, run_after=2024-04-04T23:39:12.630170+00:00
[2024-04-04 20:39:12,646] {processor.py:161} INFO - Processing /home/dimitri/dimitri/airflowalura/venv/lib/python3.10/site-packages/airflow/example_dags/example_short_circuit_operator.py took 0.047 seconds
[2024-04-04 20:39:45,289] {processor.py:153} INFO - Started process (PID=572791) to work on /home/dimitri/dimitri/airflowalura/venv/lib/python3.10/site-packages/airflow/example_dags/example_short_circuit_operator.py
[2024-04-04 20:39:45,292] {processor.py:641} INFO - Processing file /home/dimitri/dimitri/airflowalura/venv/lib/python3.10/site-packages/airflow/example_dags/example_short_circuit_operator.py for tasks to queue
[2024-04-04 20:39:45,293] {logging_mixin.py:115} INFO - [2024-04-04 20:39:45,293] {dagbag.py:507} INFO - Filling up the DagBag from /home/dimitri/dimitri/airflowalura/venv/lib/python3.10/site-packages/airflow/example_dags/example_short_circuit_operator.py
[2024-04-04 20:39:45,298] {processor.py:651} INFO - DAG(s) dict_keys(['example_short_circuit_operator']) retrieved from /home/dimitri/dimitri/airflowalura/venv/lib/python3.10/site-packages/airflow/example_dags/example_short_circuit_operator.py
[2024-04-04 20:39:45,309] {logging_mixin.py:115} INFO - [2024-04-04 20:39:45,309] {dag.py:2379} INFO - Sync 1 DAGs
[2024-04-04 20:39:45,319] {logging_mixin.py:115} INFO - [2024-04-04 20:39:45,319] {dag.py:2927} INFO - Setting next_dagrun for example_short_circuit_operator to 2024-04-03T23:39:45.318850+00:00, run_after=2024-04-04T23:39:45.318850+00:00
[2024-04-04 20:39:45,338] {processor.py:161} INFO - Processing /home/dimitri/dimitri/airflowalura/venv/lib/python3.10/site-packages/airflow/example_dags/example_short_circuit_operator.py took 0.051 seconds
[2024-04-04 20:40:20,190] {processor.py:153} INFO - Started process (PID=572924) to work on /home/dimitri/dimitri/airflowalura/venv/lib/python3.10/site-packages/airflow/example_dags/example_short_circuit_operator.py
[2024-04-04 20:40:20,193] {processor.py:641} INFO - Processing file /home/dimitri/dimitri/airflowalura/venv/lib/python3.10/site-packages/airflow/example_dags/example_short_circuit_operator.py for tasks to queue
[2024-04-04 20:40:20,194] {logging_mixin.py:115} INFO - [2024-04-04 20:40:20,193] {dagbag.py:507} INFO - Filling up the DagBag from /home/dimitri/dimitri/airflowalura/venv/lib/python3.10/site-packages/airflow/example_dags/example_short_circuit_operator.py
[2024-04-04 20:40:20,201] {processor.py:651} INFO - DAG(s) dict_keys(['example_short_circuit_operator']) retrieved from /home/dimitri/dimitri/airflowalura/venv/lib/python3.10/site-packages/airflow/example_dags/example_short_circuit_operator.py
[2024-04-04 20:40:20,214] {logging_mixin.py:115} INFO - [2024-04-04 20:40:20,213] {dag.py:2379} INFO - Sync 1 DAGs
[2024-04-04 20:40:20,226] {logging_mixin.py:115} INFO - [2024-04-04 20:40:20,226] {dag.py:2927} INFO - Setting next_dagrun for example_short_circuit_operator to 2024-04-03T23:40:20.226337+00:00, run_after=2024-04-04T23:40:20.226337+00:00
[2024-04-04 20:40:20,244] {processor.py:161} INFO - Processing /home/dimitri/dimitri/airflowalura/venv/lib/python3.10/site-packages/airflow/example_dags/example_short_circuit_operator.py took 0.058 seconds
[2024-04-04 20:41:10,105] {processor.py:153} INFO - Started process (PID=573130) to work on /home/dimitri/dimitri/airflowalura/venv/lib/python3.10/site-packages/airflow/example_dags/example_short_circuit_operator.py
[2024-04-04 20:41:10,108] {processor.py:641} INFO - Processing file /home/dimitri/dimitri/airflowalura/venv/lib/python3.10/site-packages/airflow/example_dags/example_short_circuit_operator.py for tasks to queue
[2024-04-04 20:41:10,108] {logging_mixin.py:115} INFO - [2024-04-04 20:41:10,108] {dagbag.py:507} INFO - Filling up the DagBag from /home/dimitri/dimitri/airflowalura/venv/lib/python3.10/site-packages/airflow/example_dags/example_short_circuit_operator.py
[2024-04-04 20:41:10,115] {processor.py:651} INFO - DAG(s) dict_keys(['example_short_circuit_operator']) retrieved from /home/dimitri/dimitri/airflowalura/venv/lib/python3.10/site-packages/airflow/example_dags/example_short_circuit_operator.py
[2024-04-04 20:41:10,126] {logging_mixin.py:115} INFO - [2024-04-04 20:41:10,126] {dag.py:2379} INFO - Sync 1 DAGs
[2024-04-04 20:41:10,136] {logging_mixin.py:115} INFO - [2024-04-04 20:41:10,136] {dag.py:2927} INFO - Setting next_dagrun for example_short_circuit_operator to 2024-04-03T23:41:10.136520+00:00, run_after=2024-04-04T23:41:10.136520+00:00
[2024-04-04 20:41:10,152] {processor.py:161} INFO - Processing /home/dimitri/dimitri/airflowalura/venv/lib/python3.10/site-packages/airflow/example_dags/example_short_circuit_operator.py took 0.051 seconds
[2024-04-04 20:41:44,245] {processor.py:153} INFO - Started process (PID=573276) to work on /home/dimitri/dimitri/airflowalura/venv/lib/python3.10/site-packages/airflow/example_dags/example_short_circuit_operator.py
[2024-04-04 20:41:44,248] {processor.py:641} INFO - Processing file /home/dimitri/dimitri/airflowalura/venv/lib/python3.10/site-packages/airflow/example_dags/example_short_circuit_operator.py for tasks to queue
[2024-04-04 20:41:44,248] {logging_mixin.py:115} INFO - [2024-04-04 20:41:44,248] {dagbag.py:507} INFO - Filling up the DagBag from /home/dimitri/dimitri/airflowalura/venv/lib/python3.10/site-packages/airflow/example_dags/example_short_circuit_operator.py
[2024-04-04 20:41:44,253] {processor.py:651} INFO - DAG(s) dict_keys(['example_short_circuit_operator']) retrieved from /home/dimitri/dimitri/airflowalura/venv/lib/python3.10/site-packages/airflow/example_dags/example_short_circuit_operator.py
[2024-04-04 20:41:44,267] {logging_mixin.py:115} INFO - [2024-04-04 20:41:44,267] {dag.py:2379} INFO - Sync 1 DAGs
[2024-04-04 20:41:44,280] {logging_mixin.py:115} INFO - [2024-04-04 20:41:44,280] {dag.py:2927} INFO - Setting next_dagrun for example_short_circuit_operator to 2024-04-03T23:41:44.280318+00:00, run_after=2024-04-04T23:41:44.280318+00:00
[2024-04-04 20:41:44,299] {processor.py:161} INFO - Processing /home/dimitri/dimitri/airflowalura/venv/lib/python3.10/site-packages/airflow/example_dags/example_short_circuit_operator.py took 0.056 seconds
[2024-04-04 20:42:19,527] {processor.py:153} INFO - Started process (PID=573415) to work on /home/dimitri/dimitri/airflowalura/venv/lib/python3.10/site-packages/airflow/example_dags/example_short_circuit_operator.py
[2024-04-04 20:42:19,529] {processor.py:641} INFO - Processing file /home/dimitri/dimitri/airflowalura/venv/lib/python3.10/site-packages/airflow/example_dags/example_short_circuit_operator.py for tasks to queue
[2024-04-04 20:42:19,530] {logging_mixin.py:115} INFO - [2024-04-04 20:42:19,529] {dagbag.py:507} INFO - Filling up the DagBag from /home/dimitri/dimitri/airflowalura/venv/lib/python3.10/site-packages/airflow/example_dags/example_short_circuit_operator.py
[2024-04-04 20:42:19,535] {processor.py:651} INFO - DAG(s) dict_keys(['example_short_circuit_operator']) retrieved from /home/dimitri/dimitri/airflowalura/venv/lib/python3.10/site-packages/airflow/example_dags/example_short_circuit_operator.py
[2024-04-04 20:42:19,547] {logging_mixin.py:115} INFO - [2024-04-04 20:42:19,547] {dag.py:2379} INFO - Sync 1 DAGs
[2024-04-04 20:42:19,558] {logging_mixin.py:115} INFO - [2024-04-04 20:42:19,558] {dag.py:2927} INFO - Setting next_dagrun for example_short_circuit_operator to 2024-04-03T23:42:19.557830+00:00, run_after=2024-04-04T23:42:19.557830+00:00
[2024-04-04 20:42:19,574] {processor.py:161} INFO - Processing /home/dimitri/dimitri/airflowalura/venv/lib/python3.10/site-packages/airflow/example_dags/example_short_circuit_operator.py took 0.049 seconds
[2024-04-04 20:42:54,591] {processor.py:153} INFO - Started process (PID=573546) to work on /home/dimitri/dimitri/airflowalura/venv/lib/python3.10/site-packages/airflow/example_dags/example_short_circuit_operator.py
[2024-04-04 20:42:54,593] {processor.py:641} INFO - Processing file /home/dimitri/dimitri/airflowalura/venv/lib/python3.10/site-packages/airflow/example_dags/example_short_circuit_operator.py for tasks to queue
[2024-04-04 20:42:54,593] {logging_mixin.py:115} INFO - [2024-04-04 20:42:54,593] {dagbag.py:507} INFO - Filling up the DagBag from /home/dimitri/dimitri/airflowalura/venv/lib/python3.10/site-packages/airflow/example_dags/example_short_circuit_operator.py
[2024-04-04 20:42:54,601] {processor.py:651} INFO - DAG(s) dict_keys(['example_short_circuit_operator']) retrieved from /home/dimitri/dimitri/airflowalura/venv/lib/python3.10/site-packages/airflow/example_dags/example_short_circuit_operator.py
[2024-04-04 20:42:54,627] {logging_mixin.py:115} INFO - [2024-04-04 20:42:54,627] {dag.py:2379} INFO - Sync 1 DAGs
[2024-04-04 20:42:54,649] {logging_mixin.py:115} INFO - [2024-04-04 20:42:54,649] {dag.py:2927} INFO - Setting next_dagrun for example_short_circuit_operator to 2024-04-03T23:42:54.649032+00:00, run_after=2024-04-04T23:42:54.649032+00:00
[2024-04-04 20:42:54,668] {processor.py:161} INFO - Processing /home/dimitri/dimitri/airflowalura/venv/lib/python3.10/site-packages/airflow/example_dags/example_short_circuit_operator.py took 0.079 seconds
[2024-04-04 20:43:29,592] {processor.py:153} INFO - Started process (PID=573685) to work on /home/dimitri/dimitri/airflowalura/venv/lib/python3.10/site-packages/airflow/example_dags/example_short_circuit_operator.py
[2024-04-04 20:43:29,595] {processor.py:641} INFO - Processing file /home/dimitri/dimitri/airflowalura/venv/lib/python3.10/site-packages/airflow/example_dags/example_short_circuit_operator.py for tasks to queue
[2024-04-04 20:43:29,595] {logging_mixin.py:115} INFO - [2024-04-04 20:43:29,595] {dagbag.py:507} INFO - Filling up the DagBag from /home/dimitri/dimitri/airflowalura/venv/lib/python3.10/site-packages/airflow/example_dags/example_short_circuit_operator.py
[2024-04-04 20:43:29,601] {processor.py:651} INFO - DAG(s) dict_keys(['example_short_circuit_operator']) retrieved from /home/dimitri/dimitri/airflowalura/venv/lib/python3.10/site-packages/airflow/example_dags/example_short_circuit_operator.py
[2024-04-04 20:43:29,615] {logging_mixin.py:115} INFO - [2024-04-04 20:43:29,615] {dag.py:2379} INFO - Sync 1 DAGs
[2024-04-04 20:43:29,625] {logging_mixin.py:115} INFO - [2024-04-04 20:43:29,625] {dag.py:2927} INFO - Setting next_dagrun for example_short_circuit_operator to 2024-04-03T23:43:29.625457+00:00, run_after=2024-04-04T23:43:29.625457+00:00
[2024-04-04 20:43:29,646] {processor.py:161} INFO - Processing /home/dimitri/dimitri/airflowalura/venv/lib/python3.10/site-packages/airflow/example_dags/example_short_circuit_operator.py took 0.056 seconds
[2024-04-04 20:44:04,667] {processor.py:153} INFO - Started process (PID=573824) to work on /home/dimitri/dimitri/airflowalura/venv/lib/python3.10/site-packages/airflow/example_dags/example_short_circuit_operator.py
[2024-04-04 20:44:04,669] {processor.py:641} INFO - Processing file /home/dimitri/dimitri/airflowalura/venv/lib/python3.10/site-packages/airflow/example_dags/example_short_circuit_operator.py for tasks to queue
[2024-04-04 20:44:04,670] {logging_mixin.py:115} INFO - [2024-04-04 20:44:04,670] {dagbag.py:507} INFO - Filling up the DagBag from /home/dimitri/dimitri/airflowalura/venv/lib/python3.10/site-packages/airflow/example_dags/example_short_circuit_operator.py
[2024-04-04 20:44:04,676] {processor.py:651} INFO - DAG(s) dict_keys(['example_short_circuit_operator']) retrieved from /home/dimitri/dimitri/airflowalura/venv/lib/python3.10/site-packages/airflow/example_dags/example_short_circuit_operator.py
[2024-04-04 20:44:04,687] {logging_mixin.py:115} INFO - [2024-04-04 20:44:04,687] {dag.py:2379} INFO - Sync 1 DAGs
[2024-04-04 20:44:04,698] {logging_mixin.py:115} INFO - [2024-04-04 20:44:04,698] {dag.py:2927} INFO - Setting next_dagrun for example_short_circuit_operator to 2024-04-03T23:44:04.698663+00:00, run_after=2024-04-04T23:44:04.698663+00:00
[2024-04-04 20:44:04,715] {processor.py:161} INFO - Processing /home/dimitri/dimitri/airflowalura/venv/lib/python3.10/site-packages/airflow/example_dags/example_short_circuit_operator.py took 0.050 seconds
[2024-04-04 20:44:39,182] {processor.py:153} INFO - Started process (PID=573961) to work on /home/dimitri/dimitri/airflowalura/venv/lib/python3.10/site-packages/airflow/example_dags/example_short_circuit_operator.py
[2024-04-04 20:44:39,185] {processor.py:641} INFO - Processing file /home/dimitri/dimitri/airflowalura/venv/lib/python3.10/site-packages/airflow/example_dags/example_short_circuit_operator.py for tasks to queue
[2024-04-04 20:44:39,185] {logging_mixin.py:115} INFO - [2024-04-04 20:44:39,185] {dagbag.py:507} INFO - Filling up the DagBag from /home/dimitri/dimitri/airflowalura/venv/lib/python3.10/site-packages/airflow/example_dags/example_short_circuit_operator.py
[2024-04-04 20:44:39,191] {processor.py:651} INFO - DAG(s) dict_keys(['example_short_circuit_operator']) retrieved from /home/dimitri/dimitri/airflowalura/venv/lib/python3.10/site-packages/airflow/example_dags/example_short_circuit_operator.py
[2024-04-04 20:44:39,207] {logging_mixin.py:115} INFO - [2024-04-04 20:44:39,207] {dag.py:2379} INFO - Sync 1 DAGs
[2024-04-04 20:44:39,225] {logging_mixin.py:115} INFO - [2024-04-04 20:44:39,225] {dag.py:2927} INFO - Setting next_dagrun for example_short_circuit_operator to 2024-04-03T23:44:39.225582+00:00, run_after=2024-04-04T23:44:39.225582+00:00
[2024-04-04 20:44:39,242] {processor.py:161} INFO - Processing /home/dimitri/dimitri/airflowalura/venv/lib/python3.10/site-packages/airflow/example_dags/example_short_circuit_operator.py took 0.062 seconds
[2024-04-04 20:45:12,948] {processor.py:153} INFO - Started process (PID=574092) to work on /home/dimitri/dimitri/airflowalura/venv/lib/python3.10/site-packages/airflow/example_dags/example_short_circuit_operator.py
[2024-04-04 20:45:12,951] {processor.py:641} INFO - Processing file /home/dimitri/dimitri/airflowalura/venv/lib/python3.10/site-packages/airflow/example_dags/example_short_circuit_operator.py for tasks to queue
[2024-04-04 20:45:12,952] {logging_mixin.py:115} INFO - [2024-04-04 20:45:12,952] {dagbag.py:507} INFO - Filling up the DagBag from /home/dimitri/dimitri/airflowalura/venv/lib/python3.10/site-packages/airflow/example_dags/example_short_circuit_operator.py
[2024-04-04 20:45:12,957] {processor.py:651} INFO - DAG(s) dict_keys(['example_short_circuit_operator']) retrieved from /home/dimitri/dimitri/airflowalura/venv/lib/python3.10/site-packages/airflow/example_dags/example_short_circuit_operator.py
[2024-04-04 20:45:12,971] {logging_mixin.py:115} INFO - [2024-04-04 20:45:12,971] {dag.py:2379} INFO - Sync 1 DAGs
[2024-04-04 20:45:12,984] {logging_mixin.py:115} INFO - [2024-04-04 20:45:12,984] {dag.py:2927} INFO - Setting next_dagrun for example_short_circuit_operator to 2024-04-03T23:45:12.984031+00:00, run_after=2024-04-04T23:45:12.984031+00:00
[2024-04-04 20:45:13,002] {processor.py:161} INFO - Processing /home/dimitri/dimitri/airflowalura/venv/lib/python3.10/site-packages/airflow/example_dags/example_short_circuit_operator.py took 0.056 seconds
[2024-04-04 20:45:46,516] {processor.py:153} INFO - Started process (PID=574223) to work on /home/dimitri/dimitri/airflowalura/venv/lib/python3.10/site-packages/airflow/example_dags/example_short_circuit_operator.py
[2024-04-04 20:45:46,517] {processor.py:641} INFO - Processing file /home/dimitri/dimitri/airflowalura/venv/lib/python3.10/site-packages/airflow/example_dags/example_short_circuit_operator.py for tasks to queue
[2024-04-04 20:45:46,517] {logging_mixin.py:115} INFO - [2024-04-04 20:45:46,517] {dagbag.py:507} INFO - Filling up the DagBag from /home/dimitri/dimitri/airflowalura/venv/lib/python3.10/site-packages/airflow/example_dags/example_short_circuit_operator.py
[2024-04-04 20:45:46,522] {processor.py:651} INFO - DAG(s) dict_keys(['example_short_circuit_operator']) retrieved from /home/dimitri/dimitri/airflowalura/venv/lib/python3.10/site-packages/airflow/example_dags/example_short_circuit_operator.py
[2024-04-04 20:45:46,535] {logging_mixin.py:115} INFO - [2024-04-04 20:45:46,535] {dag.py:2379} INFO - Sync 1 DAGs
[2024-04-04 20:45:46,545] {logging_mixin.py:115} INFO - [2024-04-04 20:45:46,545] {dag.py:2927} INFO - Setting next_dagrun for example_short_circuit_operator to 2024-04-03T23:45:46.545092+00:00, run_after=2024-04-04T23:45:46.545092+00:00
[2024-04-04 20:45:46,559] {processor.py:161} INFO - Processing /home/dimitri/dimitri/airflowalura/venv/lib/python3.10/site-packages/airflow/example_dags/example_short_circuit_operator.py took 0.045 seconds
[2024-04-04 20:46:22,523] {processor.py:153} INFO - Started process (PID=574365) to work on /home/dimitri/dimitri/airflowalura/venv/lib/python3.10/site-packages/airflow/example_dags/example_short_circuit_operator.py
[2024-04-04 20:46:22,526] {processor.py:641} INFO - Processing file /home/dimitri/dimitri/airflowalura/venv/lib/python3.10/site-packages/airflow/example_dags/example_short_circuit_operator.py for tasks to queue
[2024-04-04 20:46:22,526] {logging_mixin.py:115} INFO - [2024-04-04 20:46:22,526] {dagbag.py:507} INFO - Filling up the DagBag from /home/dimitri/dimitri/airflowalura/venv/lib/python3.10/site-packages/airflow/example_dags/example_short_circuit_operator.py
[2024-04-04 20:46:22,532] {processor.py:651} INFO - DAG(s) dict_keys(['example_short_circuit_operator']) retrieved from /home/dimitri/dimitri/airflowalura/venv/lib/python3.10/site-packages/airflow/example_dags/example_short_circuit_operator.py
[2024-04-04 20:46:22,545] {logging_mixin.py:115} INFO - [2024-04-04 20:46:22,545] {dag.py:2379} INFO - Sync 1 DAGs
[2024-04-04 20:46:22,557] {logging_mixin.py:115} INFO - [2024-04-04 20:46:22,556] {dag.py:2927} INFO - Setting next_dagrun for example_short_circuit_operator to 2024-04-03T23:46:22.556788+00:00, run_after=2024-04-04T23:46:22.556788+00:00
[2024-04-04 20:46:22,574] {processor.py:161} INFO - Processing /home/dimitri/dimitri/airflowalura/venv/lib/python3.10/site-packages/airflow/example_dags/example_short_circuit_operator.py took 0.052 seconds
[2024-04-04 20:46:54,829] {processor.py:153} INFO - Started process (PID=574502) to work on /home/dimitri/dimitri/airflowalura/venv/lib/python3.10/site-packages/airflow/example_dags/example_short_circuit_operator.py
[2024-04-04 20:46:54,832] {processor.py:641} INFO - Processing file /home/dimitri/dimitri/airflowalura/venv/lib/python3.10/site-packages/airflow/example_dags/example_short_circuit_operator.py for tasks to queue
[2024-04-04 20:46:54,832] {logging_mixin.py:115} INFO - [2024-04-04 20:46:54,832] {dagbag.py:507} INFO - Filling up the DagBag from /home/dimitri/dimitri/airflowalura/venv/lib/python3.10/site-packages/airflow/example_dags/example_short_circuit_operator.py
[2024-04-04 20:46:54,838] {processor.py:651} INFO - DAG(s) dict_keys(['example_short_circuit_operator']) retrieved from /home/dimitri/dimitri/airflowalura/venv/lib/python3.10/site-packages/airflow/example_dags/example_short_circuit_operator.py
[2024-04-04 20:46:54,850] {logging_mixin.py:115} INFO - [2024-04-04 20:46:54,850] {dag.py:2379} INFO - Sync 1 DAGs
[2024-04-04 20:46:54,868] {logging_mixin.py:115} INFO - [2024-04-04 20:46:54,868] {dag.py:2927} INFO - Setting next_dagrun for example_short_circuit_operator to 2024-04-03T23:46:54.868011+00:00, run_after=2024-04-04T23:46:54.868011+00:00
[2024-04-04 20:46:54,886] {processor.py:161} INFO - Processing /home/dimitri/dimitri/airflowalura/venv/lib/python3.10/site-packages/airflow/example_dags/example_short_circuit_operator.py took 0.060 seconds
[2024-04-04 20:47:29,491] {processor.py:153} INFO - Started process (PID=574640) to work on /home/dimitri/dimitri/airflowalura/venv/lib/python3.10/site-packages/airflow/example_dags/example_short_circuit_operator.py
[2024-04-04 20:47:29,494] {processor.py:641} INFO - Processing file /home/dimitri/dimitri/airflowalura/venv/lib/python3.10/site-packages/airflow/example_dags/example_short_circuit_operator.py for tasks to queue
[2024-04-04 20:47:29,494] {logging_mixin.py:115} INFO - [2024-04-04 20:47:29,494] {dagbag.py:507} INFO - Filling up the DagBag from /home/dimitri/dimitri/airflowalura/venv/lib/python3.10/site-packages/airflow/example_dags/example_short_circuit_operator.py
[2024-04-04 20:47:29,500] {processor.py:651} INFO - DAG(s) dict_keys(['example_short_circuit_operator']) retrieved from /home/dimitri/dimitri/airflowalura/venv/lib/python3.10/site-packages/airflow/example_dags/example_short_circuit_operator.py
[2024-04-04 20:47:29,514] {logging_mixin.py:115} INFO - [2024-04-04 20:47:29,514] {dag.py:2379} INFO - Sync 1 DAGs
[2024-04-04 20:47:29,527] {logging_mixin.py:115} INFO - [2024-04-04 20:47:29,527] {dag.py:2927} INFO - Setting next_dagrun for example_short_circuit_operator to 2024-04-03T23:47:29.527671+00:00, run_after=2024-04-04T23:47:29.527671+00:00
[2024-04-04 20:47:29,544] {processor.py:161} INFO - Processing /home/dimitri/dimitri/airflowalura/venv/lib/python3.10/site-packages/airflow/example_dags/example_short_circuit_operator.py took 0.055 seconds
[2024-04-04 20:48:02,926] {processor.py:153} INFO - Started process (PID=574777) to work on /home/dimitri/dimitri/airflowalura/venv/lib/python3.10/site-packages/airflow/example_dags/example_short_circuit_operator.py
[2024-04-04 20:48:02,928] {processor.py:641} INFO - Processing file /home/dimitri/dimitri/airflowalura/venv/lib/python3.10/site-packages/airflow/example_dags/example_short_circuit_operator.py for tasks to queue
[2024-04-04 20:48:02,928] {logging_mixin.py:115} INFO - [2024-04-04 20:48:02,928] {dagbag.py:507} INFO - Filling up the DagBag from /home/dimitri/dimitri/airflowalura/venv/lib/python3.10/site-packages/airflow/example_dags/example_short_circuit_operator.py
[2024-04-04 20:48:02,934] {processor.py:651} INFO - DAG(s) dict_keys(['example_short_circuit_operator']) retrieved from /home/dimitri/dimitri/airflowalura/venv/lib/python3.10/site-packages/airflow/example_dags/example_short_circuit_operator.py
[2024-04-04 20:48:02,947] {logging_mixin.py:115} INFO - [2024-04-04 20:48:02,947] {dag.py:2379} INFO - Sync 1 DAGs
[2024-04-04 20:48:02,957] {logging_mixin.py:115} INFO - [2024-04-04 20:48:02,957] {dag.py:2927} INFO - Setting next_dagrun for example_short_circuit_operator to 2024-04-03T23:48:02.957699+00:00, run_after=2024-04-04T23:48:02.957699+00:00
[2024-04-04 20:48:02,973] {processor.py:161} INFO - Processing /home/dimitri/dimitri/airflowalura/venv/lib/python3.10/site-packages/airflow/example_dags/example_short_circuit_operator.py took 0.049 seconds
[2024-04-04 20:48:36,221] {processor.py:153} INFO - Started process (PID=574911) to work on /home/dimitri/dimitri/airflowalura/venv/lib/python3.10/site-packages/airflow/example_dags/example_short_circuit_operator.py
[2024-04-04 20:48:36,224] {processor.py:641} INFO - Processing file /home/dimitri/dimitri/airflowalura/venv/lib/python3.10/site-packages/airflow/example_dags/example_short_circuit_operator.py for tasks to queue
[2024-04-04 20:48:36,224] {logging_mixin.py:115} INFO - [2024-04-04 20:48:36,224] {dagbag.py:507} INFO - Filling up the DagBag from /home/dimitri/dimitri/airflowalura/venv/lib/python3.10/site-packages/airflow/example_dags/example_short_circuit_operator.py
[2024-04-04 20:48:36,230] {processor.py:651} INFO - DAG(s) dict_keys(['example_short_circuit_operator']) retrieved from /home/dimitri/dimitri/airflowalura/venv/lib/python3.10/site-packages/airflow/example_dags/example_short_circuit_operator.py
[2024-04-04 20:48:36,241] {logging_mixin.py:115} INFO - [2024-04-04 20:48:36,241] {dag.py:2379} INFO - Sync 1 DAGs
[2024-04-04 20:48:36,251] {logging_mixin.py:115} INFO - [2024-04-04 20:48:36,251] {dag.py:2927} INFO - Setting next_dagrun for example_short_circuit_operator to 2024-04-03T23:48:36.251019+00:00, run_after=2024-04-04T23:48:36.251019+00:00
[2024-04-04 20:48:36,268] {processor.py:161} INFO - Processing /home/dimitri/dimitri/airflowalura/venv/lib/python3.10/site-packages/airflow/example_dags/example_short_circuit_operator.py took 0.049 seconds
[2024-04-04 20:49:10,215] {processor.py:153} INFO - Started process (PID=575044) to work on /home/dimitri/dimitri/airflowalura/venv/lib/python3.10/site-packages/airflow/example_dags/example_short_circuit_operator.py
[2024-04-04 20:49:10,217] {processor.py:641} INFO - Processing file /home/dimitri/dimitri/airflowalura/venv/lib/python3.10/site-packages/airflow/example_dags/example_short_circuit_operator.py for tasks to queue
[2024-04-04 20:49:10,218] {logging_mixin.py:115} INFO - [2024-04-04 20:49:10,218] {dagbag.py:507} INFO - Filling up the DagBag from /home/dimitri/dimitri/airflowalura/venv/lib/python3.10/site-packages/airflow/example_dags/example_short_circuit_operator.py
[2024-04-04 20:49:10,226] {processor.py:651} INFO - DAG(s) dict_keys(['example_short_circuit_operator']) retrieved from /home/dimitri/dimitri/airflowalura/venv/lib/python3.10/site-packages/airflow/example_dags/example_short_circuit_operator.py
[2024-04-04 20:49:10,239] {logging_mixin.py:115} INFO - [2024-04-04 20:49:10,239] {dag.py:2379} INFO - Sync 1 DAGs
[2024-04-04 20:49:10,248] {logging_mixin.py:115} INFO - [2024-04-04 20:49:10,248] {dag.py:2927} INFO - Setting next_dagrun for example_short_circuit_operator to 2024-04-03T23:49:10.248227+00:00, run_after=2024-04-04T23:49:10.248227+00:00
[2024-04-04 20:49:10,262] {processor.py:161} INFO - Processing /home/dimitri/dimitri/airflowalura/venv/lib/python3.10/site-packages/airflow/example_dags/example_short_circuit_operator.py took 0.050 seconds
[2024-04-04 20:49:42,261] {processor.py:153} INFO - Started process (PID=575167) to work on /home/dimitri/dimitri/airflowalura/venv/lib/python3.10/site-packages/airflow/example_dags/example_short_circuit_operator.py
[2024-04-04 20:49:42,263] {processor.py:641} INFO - Processing file /home/dimitri/dimitri/airflowalura/venv/lib/python3.10/site-packages/airflow/example_dags/example_short_circuit_operator.py for tasks to queue
[2024-04-04 20:49:42,264] {logging_mixin.py:115} INFO - [2024-04-04 20:49:42,264] {dagbag.py:507} INFO - Filling up the DagBag from /home/dimitri/dimitri/airflowalura/venv/lib/python3.10/site-packages/airflow/example_dags/example_short_circuit_operator.py
[2024-04-04 20:49:42,270] {processor.py:651} INFO - DAG(s) dict_keys(['example_short_circuit_operator']) retrieved from /home/dimitri/dimitri/airflowalura/venv/lib/python3.10/site-packages/airflow/example_dags/example_short_circuit_operator.py
[2024-04-04 20:49:42,284] {logging_mixin.py:115} INFO - [2024-04-04 20:49:42,284] {dag.py:2379} INFO - Sync 1 DAGs
[2024-04-04 20:49:42,295] {logging_mixin.py:115} INFO - [2024-04-04 20:49:42,295] {dag.py:2927} INFO - Setting next_dagrun for example_short_circuit_operator to 2024-04-03T23:49:42.295220+00:00, run_after=2024-04-04T23:49:42.295220+00:00
[2024-04-04 20:49:42,312] {processor.py:161} INFO - Processing /home/dimitri/dimitri/airflowalura/venv/lib/python3.10/site-packages/airflow/example_dags/example_short_circuit_operator.py took 0.054 seconds
[2024-04-04 20:50:14,378] {processor.py:153} INFO - Started process (PID=575299) to work on /home/dimitri/dimitri/airflowalura/venv/lib/python3.10/site-packages/airflow/example_dags/example_short_circuit_operator.py
[2024-04-04 20:50:14,380] {processor.py:641} INFO - Processing file /home/dimitri/dimitri/airflowalura/venv/lib/python3.10/site-packages/airflow/example_dags/example_short_circuit_operator.py for tasks to queue
[2024-04-04 20:50:14,380] {logging_mixin.py:115} INFO - [2024-04-04 20:50:14,380] {dagbag.py:507} INFO - Filling up the DagBag from /home/dimitri/dimitri/airflowalura/venv/lib/python3.10/site-packages/airflow/example_dags/example_short_circuit_operator.py
[2024-04-04 20:50:14,387] {processor.py:651} INFO - DAG(s) dict_keys(['example_short_circuit_operator']) retrieved from /home/dimitri/dimitri/airflowalura/venv/lib/python3.10/site-packages/airflow/example_dags/example_short_circuit_operator.py
[2024-04-04 20:50:14,398] {logging_mixin.py:115} INFO - [2024-04-04 20:50:14,398] {dag.py:2379} INFO - Sync 1 DAGs
[2024-04-04 20:50:14,409] {logging_mixin.py:115} INFO - [2024-04-04 20:50:14,408] {dag.py:2927} INFO - Setting next_dagrun for example_short_circuit_operator to 2024-04-03T23:50:14.408757+00:00, run_after=2024-04-04T23:50:14.408757+00:00
[2024-04-04 20:50:14,425] {processor.py:161} INFO - Processing /home/dimitri/dimitri/airflowalura/venv/lib/python3.10/site-packages/airflow/example_dags/example_short_circuit_operator.py took 0.050 seconds
[2024-04-04 20:50:47,968] {processor.py:153} INFO - Started process (PID=575430) to work on /home/dimitri/dimitri/airflowalura/venv/lib/python3.10/site-packages/airflow/example_dags/example_short_circuit_operator.py
[2024-04-04 20:50:47,969] {processor.py:641} INFO - Processing file /home/dimitri/dimitri/airflowalura/venv/lib/python3.10/site-packages/airflow/example_dags/example_short_circuit_operator.py for tasks to queue
[2024-04-04 20:50:47,970] {logging_mixin.py:115} INFO - [2024-04-04 20:50:47,970] {dagbag.py:507} INFO - Filling up the DagBag from /home/dimitri/dimitri/airflowalura/venv/lib/python3.10/site-packages/airflow/example_dags/example_short_circuit_operator.py
[2024-04-04 20:50:47,975] {processor.py:651} INFO - DAG(s) dict_keys(['example_short_circuit_operator']) retrieved from /home/dimitri/dimitri/airflowalura/venv/lib/python3.10/site-packages/airflow/example_dags/example_short_circuit_operator.py
[2024-04-04 20:50:47,987] {logging_mixin.py:115} INFO - [2024-04-04 20:50:47,987] {dag.py:2379} INFO - Sync 1 DAGs
[2024-04-04 20:50:47,997] {logging_mixin.py:115} INFO - [2024-04-04 20:50:47,997] {dag.py:2927} INFO - Setting next_dagrun for example_short_circuit_operator to 2024-04-03T23:50:47.997363+00:00, run_after=2024-04-04T23:50:47.997363+00:00
[2024-04-04 20:50:48,013] {processor.py:161} INFO - Processing /home/dimitri/dimitri/airflowalura/venv/lib/python3.10/site-packages/airflow/example_dags/example_short_circuit_operator.py took 0.047 seconds
[2024-04-04 20:51:21,004] {processor.py:153} INFO - Started process (PID=575560) to work on /home/dimitri/dimitri/airflowalura/venv/lib/python3.10/site-packages/airflow/example_dags/example_short_circuit_operator.py
[2024-04-04 20:51:21,006] {processor.py:641} INFO - Processing file /home/dimitri/dimitri/airflowalura/venv/lib/python3.10/site-packages/airflow/example_dags/example_short_circuit_operator.py for tasks to queue
[2024-04-04 20:51:21,007] {logging_mixin.py:115} INFO - [2024-04-04 20:51:21,007] {dagbag.py:507} INFO - Filling up the DagBag from /home/dimitri/dimitri/airflowalura/venv/lib/python3.10/site-packages/airflow/example_dags/example_short_circuit_operator.py
[2024-04-04 20:51:21,015] {processor.py:651} INFO - DAG(s) dict_keys(['example_short_circuit_operator']) retrieved from /home/dimitri/dimitri/airflowalura/venv/lib/python3.10/site-packages/airflow/example_dags/example_short_circuit_operator.py
[2024-04-04 20:51:21,033] {logging_mixin.py:115} INFO - [2024-04-04 20:51:21,033] {dag.py:2379} INFO - Sync 1 DAGs
[2024-04-04 20:51:21,048] {logging_mixin.py:115} INFO - [2024-04-04 20:51:21,048] {dag.py:2927} INFO - Setting next_dagrun for example_short_circuit_operator to 2024-04-03T23:51:21.047840+00:00, run_after=2024-04-04T23:51:21.047840+00:00
[2024-04-04 20:51:21,074] {processor.py:161} INFO - Processing /home/dimitri/dimitri/airflowalura/venv/lib/python3.10/site-packages/airflow/example_dags/example_short_circuit_operator.py took 0.072 seconds
[2024-04-04 20:51:58,941] {processor.py:153} INFO - Started process (PID=575705) to work on /home/dimitri/dimitri/airflowalura/venv/lib/python3.10/site-packages/airflow/example_dags/example_short_circuit_operator.py
[2024-04-04 20:51:58,944] {processor.py:641} INFO - Processing file /home/dimitri/dimitri/airflowalura/venv/lib/python3.10/site-packages/airflow/example_dags/example_short_circuit_operator.py for tasks to queue
[2024-04-04 20:51:58,944] {logging_mixin.py:115} INFO - [2024-04-04 20:51:58,944] {dagbag.py:507} INFO - Filling up the DagBag from /home/dimitri/dimitri/airflowalura/venv/lib/python3.10/site-packages/airflow/example_dags/example_short_circuit_operator.py
[2024-04-04 20:51:58,950] {processor.py:651} INFO - DAG(s) dict_keys(['example_short_circuit_operator']) retrieved from /home/dimitri/dimitri/airflowalura/venv/lib/python3.10/site-packages/airflow/example_dags/example_short_circuit_operator.py
[2024-04-04 20:51:58,965] {logging_mixin.py:115} INFO - [2024-04-04 20:51:58,965] {dag.py:2379} INFO - Sync 1 DAGs
[2024-04-04 20:51:58,979] {logging_mixin.py:115} INFO - [2024-04-04 20:51:58,979] {dag.py:2927} INFO - Setting next_dagrun for example_short_circuit_operator to 2024-04-03T23:51:58.978975+00:00, run_after=2024-04-04T23:51:58.978975+00:00
[2024-04-04 20:51:58,999] {processor.py:161} INFO - Processing /home/dimitri/dimitri/airflowalura/venv/lib/python3.10/site-packages/airflow/example_dags/example_short_circuit_operator.py took 0.059 seconds
[2024-04-04 20:52:34,728] {processor.py:153} INFO - Started process (PID=575843) to work on /home/dimitri/dimitri/airflowalura/venv/lib/python3.10/site-packages/airflow/example_dags/example_short_circuit_operator.py
[2024-04-04 20:52:34,731] {processor.py:641} INFO - Processing file /home/dimitri/dimitri/airflowalura/venv/lib/python3.10/site-packages/airflow/example_dags/example_short_circuit_operator.py for tasks to queue
[2024-04-04 20:52:34,731] {logging_mixin.py:115} INFO - [2024-04-04 20:52:34,731] {dagbag.py:507} INFO - Filling up the DagBag from /home/dimitri/dimitri/airflowalura/venv/lib/python3.10/site-packages/airflow/example_dags/example_short_circuit_operator.py
[2024-04-04 20:52:34,737] {processor.py:651} INFO - DAG(s) dict_keys(['example_short_circuit_operator']) retrieved from /home/dimitri/dimitri/airflowalura/venv/lib/python3.10/site-packages/airflow/example_dags/example_short_circuit_operator.py
[2024-04-04 20:52:34,749] {logging_mixin.py:115} INFO - [2024-04-04 20:52:34,749] {dag.py:2379} INFO - Sync 1 DAGs
[2024-04-04 20:52:34,764] {logging_mixin.py:115} INFO - [2024-04-04 20:52:34,764] {dag.py:2927} INFO - Setting next_dagrun for example_short_circuit_operator to 2024-04-03T23:52:34.764171+00:00, run_after=2024-04-04T23:52:34.764171+00:00
[2024-04-04 20:52:34,782] {processor.py:161} INFO - Processing /home/dimitri/dimitri/airflowalura/venv/lib/python3.10/site-packages/airflow/example_dags/example_short_circuit_operator.py took 0.056 seconds
[2024-04-04 20:53:08,471] {processor.py:153} INFO - Started process (PID=575973) to work on /home/dimitri/dimitri/airflowalura/venv/lib/python3.10/site-packages/airflow/example_dags/example_short_circuit_operator.py
[2024-04-04 20:53:08,474] {processor.py:641} INFO - Processing file /home/dimitri/dimitri/airflowalura/venv/lib/python3.10/site-packages/airflow/example_dags/example_short_circuit_operator.py for tasks to queue
[2024-04-04 20:53:08,475] {logging_mixin.py:115} INFO - [2024-04-04 20:53:08,474] {dagbag.py:507} INFO - Filling up the DagBag from /home/dimitri/dimitri/airflowalura/venv/lib/python3.10/site-packages/airflow/example_dags/example_short_circuit_operator.py
[2024-04-04 20:53:08,480] {processor.py:651} INFO - DAG(s) dict_keys(['example_short_circuit_operator']) retrieved from /home/dimitri/dimitri/airflowalura/venv/lib/python3.10/site-packages/airflow/example_dags/example_short_circuit_operator.py
[2024-04-04 20:53:08,492] {logging_mixin.py:115} INFO - [2024-04-04 20:53:08,492] {dag.py:2379} INFO - Sync 1 DAGs
[2024-04-04 20:53:08,501] {logging_mixin.py:115} INFO - [2024-04-04 20:53:08,501] {dag.py:2927} INFO - Setting next_dagrun for example_short_circuit_operator to 2024-04-03T23:53:08.501185+00:00, run_after=2024-04-04T23:53:08.501185+00:00
[2024-04-04 20:53:08,517] {processor.py:161} INFO - Processing /home/dimitri/dimitri/airflowalura/venv/lib/python3.10/site-packages/airflow/example_dags/example_short_circuit_operator.py took 0.049 seconds
[2024-04-04 20:53:45,739] {processor.py:153} INFO - Started process (PID=576118) to work on /home/dimitri/dimitri/airflowalura/venv/lib/python3.10/site-packages/airflow/example_dags/example_short_circuit_operator.py
[2024-04-04 20:53:45,742] {processor.py:641} INFO - Processing file /home/dimitri/dimitri/airflowalura/venv/lib/python3.10/site-packages/airflow/example_dags/example_short_circuit_operator.py for tasks to queue
[2024-04-04 20:53:45,742] {logging_mixin.py:115} INFO - [2024-04-04 20:53:45,742] {dagbag.py:507} INFO - Filling up the DagBag from /home/dimitri/dimitri/airflowalura/venv/lib/python3.10/site-packages/airflow/example_dags/example_short_circuit_operator.py
[2024-04-04 20:53:45,748] {processor.py:651} INFO - DAG(s) dict_keys(['example_short_circuit_operator']) retrieved from /home/dimitri/dimitri/airflowalura/venv/lib/python3.10/site-packages/airflow/example_dags/example_short_circuit_operator.py
[2024-04-04 20:53:45,759] {logging_mixin.py:115} INFO - [2024-04-04 20:53:45,759] {dag.py:2379} INFO - Sync 1 DAGs
[2024-04-04 20:53:45,769] {logging_mixin.py:115} INFO - [2024-04-04 20:53:45,769] {dag.py:2927} INFO - Setting next_dagrun for example_short_circuit_operator to 2024-04-03T23:53:45.769444+00:00, run_after=2024-04-04T23:53:45.769444+00:00
[2024-04-04 20:53:45,785] {processor.py:161} INFO - Processing /home/dimitri/dimitri/airflowalura/venv/lib/python3.10/site-packages/airflow/example_dags/example_short_circuit_operator.py took 0.049 seconds
[2024-04-04 20:54:19,838] {processor.py:153} INFO - Started process (PID=576251) to work on /home/dimitri/dimitri/airflowalura/venv/lib/python3.10/site-packages/airflow/example_dags/example_short_circuit_operator.py
[2024-04-04 20:54:19,838] {processor.py:641} INFO - Processing file /home/dimitri/dimitri/airflowalura/venv/lib/python3.10/site-packages/airflow/example_dags/example_short_circuit_operator.py for tasks to queue
[2024-04-04 20:54:19,839] {logging_mixin.py:115} INFO - [2024-04-04 20:54:19,839] {dagbag.py:507} INFO - Filling up the DagBag from /home/dimitri/dimitri/airflowalura/venv/lib/python3.10/site-packages/airflow/example_dags/example_short_circuit_operator.py
[2024-04-04 20:54:19,844] {processor.py:651} INFO - DAG(s) dict_keys(['example_short_circuit_operator']) retrieved from /home/dimitri/dimitri/airflowalura/venv/lib/python3.10/site-packages/airflow/example_dags/example_short_circuit_operator.py
[2024-04-04 20:54:19,855] {logging_mixin.py:115} INFO - [2024-04-04 20:54:19,855] {dag.py:2379} INFO - Sync 1 DAGs
[2024-04-04 20:54:19,864] {logging_mixin.py:115} INFO - [2024-04-04 20:54:19,864] {dag.py:2927} INFO - Setting next_dagrun for example_short_circuit_operator to 2024-04-03T23:54:19.864136+00:00, run_after=2024-04-04T23:54:19.864136+00:00
[2024-04-04 20:54:19,880] {processor.py:161} INFO - Processing /home/dimitri/dimitri/airflowalura/venv/lib/python3.10/site-packages/airflow/example_dags/example_short_circuit_operator.py took 0.044 seconds
[2024-04-04 20:54:51,745] {processor.py:153} INFO - Started process (PID=576380) to work on /home/dimitri/dimitri/airflowalura/venv/lib/python3.10/site-packages/airflow/example_dags/example_short_circuit_operator.py
[2024-04-04 20:54:51,746] {processor.py:641} INFO - Processing file /home/dimitri/dimitri/airflowalura/venv/lib/python3.10/site-packages/airflow/example_dags/example_short_circuit_operator.py for tasks to queue
[2024-04-04 20:54:51,746] {logging_mixin.py:115} INFO - [2024-04-04 20:54:51,746] {dagbag.py:507} INFO - Filling up the DagBag from /home/dimitri/dimitri/airflowalura/venv/lib/python3.10/site-packages/airflow/example_dags/example_short_circuit_operator.py
[2024-04-04 20:54:51,752] {processor.py:651} INFO - DAG(s) dict_keys(['example_short_circuit_operator']) retrieved from /home/dimitri/dimitri/airflowalura/venv/lib/python3.10/site-packages/airflow/example_dags/example_short_circuit_operator.py
[2024-04-04 20:54:51,765] {logging_mixin.py:115} INFO - [2024-04-04 20:54:51,765] {dag.py:2379} INFO - Sync 1 DAGs
[2024-04-04 20:54:51,789] {logging_mixin.py:115} INFO - [2024-04-04 20:54:51,789] {dag.py:2927} INFO - Setting next_dagrun for example_short_circuit_operator to 2024-04-03T23:54:51.789120+00:00, run_after=2024-04-04T23:54:51.789120+00:00
[2024-04-04 20:54:51,805] {processor.py:161} INFO - Processing /home/dimitri/dimitri/airflowalura/venv/lib/python3.10/site-packages/airflow/example_dags/example_short_circuit_operator.py took 0.062 seconds
[2024-04-04 20:55:26,704] {processor.py:153} INFO - Started process (PID=576513) to work on /home/dimitri/dimitri/airflowalura/venv/lib/python3.10/site-packages/airflow/example_dags/example_short_circuit_operator.py
[2024-04-04 20:55:26,706] {processor.py:641} INFO - Processing file /home/dimitri/dimitri/airflowalura/venv/lib/python3.10/site-packages/airflow/example_dags/example_short_circuit_operator.py for tasks to queue
[2024-04-04 20:55:26,706] {logging_mixin.py:115} INFO - [2024-04-04 20:55:26,706] {dagbag.py:507} INFO - Filling up the DagBag from /home/dimitri/dimitri/airflowalura/venv/lib/python3.10/site-packages/airflow/example_dags/example_short_circuit_operator.py
[2024-04-04 20:55:26,711] {processor.py:651} INFO - DAG(s) dict_keys(['example_short_circuit_operator']) retrieved from /home/dimitri/dimitri/airflowalura/venv/lib/python3.10/site-packages/airflow/example_dags/example_short_circuit_operator.py
[2024-04-04 20:55:26,725] {logging_mixin.py:115} INFO - [2024-04-04 20:55:26,724] {dag.py:2379} INFO - Sync 1 DAGs
[2024-04-04 20:55:26,734] {logging_mixin.py:115} INFO - [2024-04-04 20:55:26,734] {dag.py:2927} INFO - Setting next_dagrun for example_short_circuit_operator to 2024-04-03T23:55:26.734160+00:00, run_after=2024-04-04T23:55:26.734160+00:00
[2024-04-04 20:55:26,750] {processor.py:161} INFO - Processing /home/dimitri/dimitri/airflowalura/venv/lib/python3.10/site-packages/airflow/example_dags/example_short_circuit_operator.py took 0.049 seconds
[2024-04-04 20:56:02,760] {processor.py:153} INFO - Started process (PID=576657) to work on /home/dimitri/dimitri/airflowalura/venv/lib/python3.10/site-packages/airflow/example_dags/example_short_circuit_operator.py
[2024-04-04 20:56:02,762] {processor.py:641} INFO - Processing file /home/dimitri/dimitri/airflowalura/venv/lib/python3.10/site-packages/airflow/example_dags/example_short_circuit_operator.py for tasks to queue
[2024-04-04 20:56:02,762] {logging_mixin.py:115} INFO - [2024-04-04 20:56:02,762] {dagbag.py:507} INFO - Filling up the DagBag from /home/dimitri/dimitri/airflowalura/venv/lib/python3.10/site-packages/airflow/example_dags/example_short_circuit_operator.py
[2024-04-04 20:56:02,769] {processor.py:651} INFO - DAG(s) dict_keys(['example_short_circuit_operator']) retrieved from /home/dimitri/dimitri/airflowalura/venv/lib/python3.10/site-packages/airflow/example_dags/example_short_circuit_operator.py
[2024-04-04 20:56:02,780] {logging_mixin.py:115} INFO - [2024-04-04 20:56:02,780] {dag.py:2379} INFO - Sync 1 DAGs
[2024-04-04 20:56:02,790] {logging_mixin.py:115} INFO - [2024-04-04 20:56:02,790] {dag.py:2927} INFO - Setting next_dagrun for example_short_circuit_operator to 2024-04-03T23:56:02.789863+00:00, run_after=2024-04-04T23:56:02.789863+00:00
[2024-04-04 20:56:02,806] {processor.py:161} INFO - Processing /home/dimitri/dimitri/airflowalura/venv/lib/python3.10/site-packages/airflow/example_dags/example_short_circuit_operator.py took 0.048 seconds
[2024-04-04 20:56:38,939] {processor.py:153} INFO - Started process (PID=576795) to work on /home/dimitri/dimitri/airflowalura/venv/lib/python3.10/site-packages/airflow/example_dags/example_short_circuit_operator.py
[2024-04-04 20:56:38,941] {processor.py:641} INFO - Processing file /home/dimitri/dimitri/airflowalura/venv/lib/python3.10/site-packages/airflow/example_dags/example_short_circuit_operator.py for tasks to queue
[2024-04-04 20:56:38,942] {logging_mixin.py:115} INFO - [2024-04-04 20:56:38,941] {dagbag.py:507} INFO - Filling up the DagBag from /home/dimitri/dimitri/airflowalura/venv/lib/python3.10/site-packages/airflow/example_dags/example_short_circuit_operator.py
[2024-04-04 20:56:38,949] {processor.py:651} INFO - DAG(s) dict_keys(['example_short_circuit_operator']) retrieved from /home/dimitri/dimitri/airflowalura/venv/lib/python3.10/site-packages/airflow/example_dags/example_short_circuit_operator.py
[2024-04-04 20:56:38,968] {logging_mixin.py:115} INFO - [2024-04-04 20:56:38,968] {dag.py:2379} INFO - Sync 1 DAGs
[2024-04-04 20:56:38,982] {logging_mixin.py:115} INFO - [2024-04-04 20:56:38,982] {dag.py:2927} INFO - Setting next_dagrun for example_short_circuit_operator to 2024-04-03T23:56:38.982328+00:00, run_after=2024-04-04T23:56:38.982328+00:00
[2024-04-04 20:56:39,000] {processor.py:161} INFO - Processing /home/dimitri/dimitri/airflowalura/venv/lib/python3.10/site-packages/airflow/example_dags/example_short_circuit_operator.py took 0.063 seconds
[2024-04-04 20:57:09,866] {processor.py:153} INFO - Started process (PID=576919) to work on /home/dimitri/dimitri/airflowalura/venv/lib/python3.10/site-packages/airflow/example_dags/example_short_circuit_operator.py
[2024-04-04 20:57:09,868] {processor.py:641} INFO - Processing file /home/dimitri/dimitri/airflowalura/venv/lib/python3.10/site-packages/airflow/example_dags/example_short_circuit_operator.py for tasks to queue
[2024-04-04 20:57:09,869] {logging_mixin.py:115} INFO - [2024-04-04 20:57:09,869] {dagbag.py:507} INFO - Filling up the DagBag from /home/dimitri/dimitri/airflowalura/venv/lib/python3.10/site-packages/airflow/example_dags/example_short_circuit_operator.py
[2024-04-04 20:57:09,877] {processor.py:651} INFO - DAG(s) dict_keys(['example_short_circuit_operator']) retrieved from /home/dimitri/dimitri/airflowalura/venv/lib/python3.10/site-packages/airflow/example_dags/example_short_circuit_operator.py
[2024-04-04 20:57:09,886] {logging_mixin.py:115} INFO - [2024-04-04 20:57:09,886] {dag.py:2379} INFO - Sync 1 DAGs
[2024-04-04 20:57:09,897] {logging_mixin.py:115} INFO - [2024-04-04 20:57:09,897] {dag.py:2927} INFO - Setting next_dagrun for example_short_circuit_operator to 2024-04-03T23:57:09.897587+00:00, run_after=2024-04-04T23:57:09.897587+00:00
[2024-04-04 20:57:09,914] {processor.py:161} INFO - Processing /home/dimitri/dimitri/airflowalura/venv/lib/python3.10/site-packages/airflow/example_dags/example_short_circuit_operator.py took 0.051 seconds
[2024-04-04 20:57:43,613] {processor.py:153} INFO - Started process (PID=577049) to work on /home/dimitri/dimitri/airflowalura/venv/lib/python3.10/site-packages/airflow/example_dags/example_short_circuit_operator.py
[2024-04-04 20:57:43,614] {processor.py:641} INFO - Processing file /home/dimitri/dimitri/airflowalura/venv/lib/python3.10/site-packages/airflow/example_dags/example_short_circuit_operator.py for tasks to queue
[2024-04-04 20:57:43,615] {logging_mixin.py:115} INFO - [2024-04-04 20:57:43,615] {dagbag.py:507} INFO - Filling up the DagBag from /home/dimitri/dimitri/airflowalura/venv/lib/python3.10/site-packages/airflow/example_dags/example_short_circuit_operator.py
[2024-04-04 20:57:43,622] {processor.py:651} INFO - DAG(s) dict_keys(['example_short_circuit_operator']) retrieved from /home/dimitri/dimitri/airflowalura/venv/lib/python3.10/site-packages/airflow/example_dags/example_short_circuit_operator.py
[2024-04-04 20:57:43,633] {logging_mixin.py:115} INFO - [2024-04-04 20:57:43,633] {dag.py:2379} INFO - Sync 1 DAGs
[2024-04-04 20:57:43,643] {logging_mixin.py:115} INFO - [2024-04-04 20:57:43,643] {dag.py:2927} INFO - Setting next_dagrun for example_short_circuit_operator to 2024-04-03T23:57:43.643475+00:00, run_after=2024-04-04T23:57:43.643475+00:00
[2024-04-04 20:57:43,660] {processor.py:161} INFO - Processing /home/dimitri/dimitri/airflowalura/venv/lib/python3.10/site-packages/airflow/example_dags/example_short_circuit_operator.py took 0.049 seconds
[2024-04-04 20:58:18,148] {processor.py:153} INFO - Started process (PID=577186) to work on /home/dimitri/dimitri/airflowalura/venv/lib/python3.10/site-packages/airflow/example_dags/example_short_circuit_operator.py
[2024-04-04 20:58:18,150] {processor.py:641} INFO - Processing file /home/dimitri/dimitri/airflowalura/venv/lib/python3.10/site-packages/airflow/example_dags/example_short_circuit_operator.py for tasks to queue
[2024-04-04 20:58:18,151] {logging_mixin.py:115} INFO - [2024-04-04 20:58:18,151] {dagbag.py:507} INFO - Filling up the DagBag from /home/dimitri/dimitri/airflowalura/venv/lib/python3.10/site-packages/airflow/example_dags/example_short_circuit_operator.py
[2024-04-04 20:58:18,160] {processor.py:651} INFO - DAG(s) dict_keys(['example_short_circuit_operator']) retrieved from /home/dimitri/dimitri/airflowalura/venv/lib/python3.10/site-packages/airflow/example_dags/example_short_circuit_operator.py
[2024-04-04 20:58:18,169] {logging_mixin.py:115} INFO - [2024-04-04 20:58:18,169] {dag.py:2379} INFO - Sync 1 DAGs
[2024-04-04 20:58:18,181] {logging_mixin.py:115} INFO - [2024-04-04 20:58:18,181] {dag.py:2927} INFO - Setting next_dagrun for example_short_circuit_operator to 2024-04-03T23:58:18.180904+00:00, run_after=2024-04-04T23:58:18.180904+00:00
[2024-04-04 20:58:18,197] {processor.py:161} INFO - Processing /home/dimitri/dimitri/airflowalura/venv/lib/python3.10/site-packages/airflow/example_dags/example_short_circuit_operator.py took 0.052 seconds
[2024-04-04 20:58:53,530] {processor.py:153} INFO - Started process (PID=577326) to work on /home/dimitri/dimitri/airflowalura/venv/lib/python3.10/site-packages/airflow/example_dags/example_short_circuit_operator.py
[2024-04-04 20:58:53,531] {processor.py:641} INFO - Processing file /home/dimitri/dimitri/airflowalura/venv/lib/python3.10/site-packages/airflow/example_dags/example_short_circuit_operator.py for tasks to queue
[2024-04-04 20:58:53,531] {logging_mixin.py:115} INFO - [2024-04-04 20:58:53,531] {dagbag.py:507} INFO - Filling up the DagBag from /home/dimitri/dimitri/airflowalura/venv/lib/python3.10/site-packages/airflow/example_dags/example_short_circuit_operator.py
[2024-04-04 20:58:53,539] {processor.py:651} INFO - DAG(s) dict_keys(['example_short_circuit_operator']) retrieved from /home/dimitri/dimitri/airflowalura/venv/lib/python3.10/site-packages/airflow/example_dags/example_short_circuit_operator.py
[2024-04-04 20:58:53,549] {logging_mixin.py:115} INFO - [2024-04-04 20:58:53,549] {dag.py:2379} INFO - Sync 1 DAGs
[2024-04-04 20:58:53,558] {logging_mixin.py:115} INFO - [2024-04-04 20:58:53,558] {dag.py:2927} INFO - Setting next_dagrun for example_short_circuit_operator to 2024-04-03T23:58:53.558390+00:00, run_after=2024-04-04T23:58:53.558390+00:00
[2024-04-04 20:58:53,576] {processor.py:161} INFO - Processing /home/dimitri/dimitri/airflowalura/venv/lib/python3.10/site-packages/airflow/example_dags/example_short_circuit_operator.py took 0.048 seconds
[2024-04-04 20:59:25,699] {processor.py:153} INFO - Started process (PID=577450) to work on /home/dimitri/dimitri/airflowalura/venv/lib/python3.10/site-packages/airflow/example_dags/example_short_circuit_operator.py
[2024-04-04 20:59:25,701] {processor.py:641} INFO - Processing file /home/dimitri/dimitri/airflowalura/venv/lib/python3.10/site-packages/airflow/example_dags/example_short_circuit_operator.py for tasks to queue
[2024-04-04 20:59:25,701] {logging_mixin.py:115} INFO - [2024-04-04 20:59:25,701] {dagbag.py:507} INFO - Filling up the DagBag from /home/dimitri/dimitri/airflowalura/venv/lib/python3.10/site-packages/airflow/example_dags/example_short_circuit_operator.py
[2024-04-04 20:59:25,709] {processor.py:651} INFO - DAG(s) dict_keys(['example_short_circuit_operator']) retrieved from /home/dimitri/dimitri/airflowalura/venv/lib/python3.10/site-packages/airflow/example_dags/example_short_circuit_operator.py
[2024-04-04 20:59:25,719] {logging_mixin.py:115} INFO - [2024-04-04 20:59:25,719] {dag.py:2379} INFO - Sync 1 DAGs
[2024-04-04 20:59:25,729] {logging_mixin.py:115} INFO - [2024-04-04 20:59:25,729] {dag.py:2927} INFO - Setting next_dagrun for example_short_circuit_operator to 2024-04-03T23:59:25.728976+00:00, run_after=2024-04-04T23:59:25.728976+00:00
[2024-04-04 20:59:25,745] {processor.py:161} INFO - Processing /home/dimitri/dimitri/airflowalura/venv/lib/python3.10/site-packages/airflow/example_dags/example_short_circuit_operator.py took 0.048 seconds
[2024-04-04 20:59:59,363] {processor.py:153} INFO - Started process (PID=577581) to work on /home/dimitri/dimitri/airflowalura/venv/lib/python3.10/site-packages/airflow/example_dags/example_short_circuit_operator.py
[2024-04-04 20:59:59,366] {processor.py:641} INFO - Processing file /home/dimitri/dimitri/airflowalura/venv/lib/python3.10/site-packages/airflow/example_dags/example_short_circuit_operator.py for tasks to queue
[2024-04-04 20:59:59,366] {logging_mixin.py:115} INFO - [2024-04-04 20:59:59,366] {dagbag.py:507} INFO - Filling up the DagBag from /home/dimitri/dimitri/airflowalura/venv/lib/python3.10/site-packages/airflow/example_dags/example_short_circuit_operator.py
[2024-04-04 20:59:59,374] {processor.py:651} INFO - DAG(s) dict_keys(['example_short_circuit_operator']) retrieved from /home/dimitri/dimitri/airflowalura/venv/lib/python3.10/site-packages/airflow/example_dags/example_short_circuit_operator.py
[2024-04-04 20:59:59,393] {logging_mixin.py:115} INFO - [2024-04-04 20:59:59,393] {dag.py:2379} INFO - Sync 1 DAGs
[2024-04-04 20:59:59,405] {logging_mixin.py:115} INFO - [2024-04-04 20:59:59,405] {dag.py:2927} INFO - Setting next_dagrun for example_short_circuit_operator to 2024-04-03T23:59:59.405167+00:00, run_after=2024-04-04T23:59:59.405167+00:00
[2024-04-04 20:59:59,421] {processor.py:161} INFO - Processing /home/dimitri/dimitri/airflowalura/venv/lib/python3.10/site-packages/airflow/example_dags/example_short_circuit_operator.py took 0.060 seconds
