[2024-04-04 20:29:10,927] {processor.py:153} INFO - Started process (PID=569885) to work on /home/dimitri/dimitri/airflowalura/venv/lib/python3.10/site-packages/airflow/example_dags/example_xcomargs.py
[2024-04-04 20:29:10,927] {processor.py:641} INFO - Processing file /home/dimitri/dimitri/airflowalura/venv/lib/python3.10/site-packages/airflow/example_dags/example_xcomargs.py for tasks to queue
[2024-04-04 20:29:10,927] {logging_mixin.py:115} INFO - [2024-04-04 20:29:10,927] {dagbag.py:507} INFO - Filling up the DagBag from /home/dimitri/dimitri/airflowalura/venv/lib/python3.10/site-packages/airflow/example_dags/example_xcomargs.py
[2024-04-04 20:29:10,940] {processor.py:651} INFO - DAG(s) dict_keys(['example_xcom_args', 'example_xcom_args_with_operators']) retrieved from /home/dimitri/dimitri/airflowalura/venv/lib/python3.10/site-packages/airflow/example_dags/example_xcomargs.py
[2024-04-04 20:29:10,993] {logging_mixin.py:115} INFO - [2024-04-04 20:29:10,992] {manager.py:508} INFO - Created Permission View: can read on DAG:example_xcom_args
[2024-04-04 20:29:11,006] {logging_mixin.py:115} INFO - [2024-04-04 20:29:11,006] {manager.py:508} INFO - Created Permission View: can edit on DAG:example_xcom_args
[2024-04-04 20:29:11,018] {logging_mixin.py:115} INFO - [2024-04-04 20:29:11,018] {manager.py:508} INFO - Created Permission View: can delete on DAG:example_xcom_args
[2024-04-04 20:29:11,046] {logging_mixin.py:115} INFO - [2024-04-04 20:29:11,046] {manager.py:508} INFO - Created Permission View: can read on DAG:example_xcom_args_with_operators
[2024-04-04 20:29:11,058] {logging_mixin.py:115} INFO - [2024-04-04 20:29:11,058] {manager.py:508} INFO - Created Permission View: can edit on DAG:example_xcom_args_with_operators
[2024-04-04 20:29:11,069] {logging_mixin.py:115} INFO - [2024-04-04 20:29:11,069] {manager.py:508} INFO - Created Permission View: can delete on DAG:example_xcom_args_with_operators
[2024-04-04 20:29:11,069] {logging_mixin.py:115} INFO - [2024-04-04 20:29:11,069] {dag.py:2379} INFO - Sync 2 DAGs
[2024-04-04 20:29:11,073] {logging_mixin.py:115} INFO - [2024-04-04 20:29:11,073] {dag.py:2398} INFO - Creating ORM DAG for example_xcom_args
[2024-04-04 20:29:11,074] {logging_mixin.py:115} INFO - [2024-04-04 20:29:11,074] {dag.py:2398} INFO - Creating ORM DAG for example_xcom_args_with_operators
[2024-04-04 20:29:11,079] {logging_mixin.py:115} INFO - [2024-04-04 20:29:11,079] {dag.py:2927} INFO - Setting next_dagrun for example_xcom_args to None, run_after=None
[2024-04-04 20:29:11,080] {logging_mixin.py:115} INFO - [2024-04-04 20:29:11,080] {dag.py:2927} INFO - Setting next_dagrun for example_xcom_args_with_operators to None, run_after=None
[2024-04-04 20:29:11,098] {processor.py:161} INFO - Processing /home/dimitri/dimitri/airflowalura/venv/lib/python3.10/site-packages/airflow/example_dags/example_xcomargs.py took 0.173 seconds
[2024-04-04 20:29:46,012] {processor.py:153} INFO - Started process (PID=570219) to work on /home/dimitri/dimitri/airflowalura/venv/lib/python3.10/site-packages/airflow/example_dags/example_xcomargs.py
[2024-04-04 20:29:46,015] {processor.py:641} INFO - Processing file /home/dimitri/dimitri/airflowalura/venv/lib/python3.10/site-packages/airflow/example_dags/example_xcomargs.py for tasks to queue
[2024-04-04 20:29:46,016] {logging_mixin.py:115} INFO - [2024-04-04 20:29:46,016] {dagbag.py:507} INFO - Filling up the DagBag from /home/dimitri/dimitri/airflowalura/venv/lib/python3.10/site-packages/airflow/example_dags/example_xcomargs.py
[2024-04-04 20:29:46,034] {processor.py:651} INFO - DAG(s) dict_keys(['example_xcom_args', 'example_xcom_args_with_operators']) retrieved from /home/dimitri/dimitri/airflowalura/venv/lib/python3.10/site-packages/airflow/example_dags/example_xcomargs.py
[2024-04-04 20:29:46,080] {logging_mixin.py:115} INFO - [2024-04-04 20:29:46,080] {dag.py:2379} INFO - Sync 2 DAGs
[2024-04-04 20:29:46,108] {logging_mixin.py:115} INFO - [2024-04-04 20:29:46,108] {dag.py:2927} INFO - Setting next_dagrun for example_xcom_args to None, run_after=None
[2024-04-04 20:29:46,108] {logging_mixin.py:115} INFO - [2024-04-04 20:29:46,108] {dag.py:2927} INFO - Setting next_dagrun for example_xcom_args_with_operators to None, run_after=None
[2024-04-04 20:29:46,140] {processor.py:161} INFO - Processing /home/dimitri/dimitri/airflowalura/venv/lib/python3.10/site-packages/airflow/example_dags/example_xcomargs.py took 0.131 seconds
[2024-04-04 20:30:19,211] {processor.py:153} INFO - Started process (PID=570388) to work on /home/dimitri/dimitri/airflowalura/venv/lib/python3.10/site-packages/airflow/example_dags/example_xcomargs.py
[2024-04-04 20:30:19,213] {processor.py:641} INFO - Processing file /home/dimitri/dimitri/airflowalura/venv/lib/python3.10/site-packages/airflow/example_dags/example_xcomargs.py for tasks to queue
[2024-04-04 20:30:19,214] {logging_mixin.py:115} INFO - [2024-04-04 20:30:19,214] {dagbag.py:507} INFO - Filling up the DagBag from /home/dimitri/dimitri/airflowalura/venv/lib/python3.10/site-packages/airflow/example_dags/example_xcomargs.py
[2024-04-04 20:30:19,230] {processor.py:651} INFO - DAG(s) dict_keys(['example_xcom_args', 'example_xcom_args_with_operators']) retrieved from /home/dimitri/dimitri/airflowalura/venv/lib/python3.10/site-packages/airflow/example_dags/example_xcomargs.py
[2024-04-04 20:30:19,254] {logging_mixin.py:115} INFO - [2024-04-04 20:30:19,254] {dag.py:2379} INFO - Sync 2 DAGs
[2024-04-04 20:30:19,262] {logging_mixin.py:115} INFO - [2024-04-04 20:30:19,262] {dag.py:2927} INFO - Setting next_dagrun for example_xcom_args to None, run_after=None
[2024-04-04 20:30:19,262] {logging_mixin.py:115} INFO - [2024-04-04 20:30:19,262] {dag.py:2927} INFO - Setting next_dagrun for example_xcom_args_with_operators to None, run_after=None
[2024-04-04 20:30:19,279] {processor.py:161} INFO - Processing /home/dimitri/dimitri/airflowalura/venv/lib/python3.10/site-packages/airflow/example_dags/example_xcomargs.py took 0.071 seconds
[2024-04-04 20:30:52,024] {processor.py:153} INFO - Started process (PID=570522) to work on /home/dimitri/dimitri/airflowalura/venv/lib/python3.10/site-packages/airflow/example_dags/example_xcomargs.py
[2024-04-04 20:30:52,026] {processor.py:641} INFO - Processing file /home/dimitri/dimitri/airflowalura/venv/lib/python3.10/site-packages/airflow/example_dags/example_xcomargs.py for tasks to queue
[2024-04-04 20:30:52,027] {logging_mixin.py:115} INFO - [2024-04-04 20:30:52,027] {dagbag.py:507} INFO - Filling up the DagBag from /home/dimitri/dimitri/airflowalura/venv/lib/python3.10/site-packages/airflow/example_dags/example_xcomargs.py
[2024-04-04 20:30:52,041] {processor.py:651} INFO - DAG(s) dict_keys(['example_xcom_args', 'example_xcom_args_with_operators']) retrieved from /home/dimitri/dimitri/airflowalura/venv/lib/python3.10/site-packages/airflow/example_dags/example_xcomargs.py
[2024-04-04 20:30:52,052] {logging_mixin.py:115} INFO - [2024-04-04 20:30:52,051] {dag.py:2379} INFO - Sync 2 DAGs
[2024-04-04 20:30:52,063] {logging_mixin.py:115} INFO - [2024-04-04 20:30:52,063] {dag.py:2927} INFO - Setting next_dagrun for example_xcom_args to None, run_after=None
[2024-04-04 20:30:52,063] {logging_mixin.py:115} INFO - [2024-04-04 20:30:52,063] {dag.py:2927} INFO - Setting next_dagrun for example_xcom_args_with_operators to None, run_after=None
[2024-04-04 20:30:52,079] {processor.py:161} INFO - Processing /home/dimitri/dimitri/airflowalura/venv/lib/python3.10/site-packages/airflow/example_dags/example_xcomargs.py took 0.057 seconds
[2024-04-04 20:31:24,576] {processor.py:153} INFO - Started process (PID=570652) to work on /home/dimitri/dimitri/airflowalura/venv/lib/python3.10/site-packages/airflow/example_dags/example_xcomargs.py
[2024-04-04 20:31:24,579] {processor.py:641} INFO - Processing file /home/dimitri/dimitri/airflowalura/venv/lib/python3.10/site-packages/airflow/example_dags/example_xcomargs.py for tasks to queue
[2024-04-04 20:31:24,579] {logging_mixin.py:115} INFO - [2024-04-04 20:31:24,579] {dagbag.py:507} INFO - Filling up the DagBag from /home/dimitri/dimitri/airflowalura/venv/lib/python3.10/site-packages/airflow/example_dags/example_xcomargs.py
[2024-04-04 20:31:24,592] {processor.py:651} INFO - DAG(s) dict_keys(['example_xcom_args', 'example_xcom_args_with_operators']) retrieved from /home/dimitri/dimitri/airflowalura/venv/lib/python3.10/site-packages/airflow/example_dags/example_xcomargs.py
[2024-04-04 20:31:24,614] {logging_mixin.py:115} INFO - [2024-04-04 20:31:24,614] {dag.py:2379} INFO - Sync 2 DAGs
[2024-04-04 20:31:24,621] {logging_mixin.py:115} INFO - [2024-04-04 20:31:24,621] {dag.py:2927} INFO - Setting next_dagrun for example_xcom_args to None, run_after=None
[2024-04-04 20:31:24,622] {logging_mixin.py:115} INFO - [2024-04-04 20:31:24,622] {dag.py:2927} INFO - Setting next_dagrun for example_xcom_args_with_operators to None, run_after=None
[2024-04-04 20:31:24,642] {processor.py:161} INFO - Processing /home/dimitri/dimitri/airflowalura/venv/lib/python3.10/site-packages/airflow/example_dags/example_xcomargs.py took 0.069 seconds
[2024-04-04 20:31:59,129] {processor.py:153} INFO - Started process (PID=570784) to work on /home/dimitri/dimitri/airflowalura/venv/lib/python3.10/site-packages/airflow/example_dags/example_xcomargs.py
[2024-04-04 20:31:59,132] {processor.py:641} INFO - Processing file /home/dimitri/dimitri/airflowalura/venv/lib/python3.10/site-packages/airflow/example_dags/example_xcomargs.py for tasks to queue
[2024-04-04 20:31:59,133] {logging_mixin.py:115} INFO - [2024-04-04 20:31:59,132] {dagbag.py:507} INFO - Filling up the DagBag from /home/dimitri/dimitri/airflowalura/venv/lib/python3.10/site-packages/airflow/example_dags/example_xcomargs.py
[2024-04-04 20:31:59,146] {processor.py:651} INFO - DAG(s) dict_keys(['example_xcom_args', 'example_xcom_args_with_operators']) retrieved from /home/dimitri/dimitri/airflowalura/venv/lib/python3.10/site-packages/airflow/example_dags/example_xcomargs.py
[2024-04-04 20:31:59,172] {logging_mixin.py:115} INFO - [2024-04-04 20:31:59,172] {dag.py:2379} INFO - Sync 2 DAGs
[2024-04-04 20:31:59,185] {logging_mixin.py:115} INFO - [2024-04-04 20:31:59,185] {dag.py:2927} INFO - Setting next_dagrun for example_xcom_args to None, run_after=None
[2024-04-04 20:31:59,186] {logging_mixin.py:115} INFO - [2024-04-04 20:31:59,186] {dag.py:2927} INFO - Setting next_dagrun for example_xcom_args_with_operators to None, run_after=None
[2024-04-04 20:31:59,206] {processor.py:161} INFO - Processing /home/dimitri/dimitri/airflowalura/venv/lib/python3.10/site-packages/airflow/example_dags/example_xcomargs.py took 0.079 seconds
[2024-04-04 20:32:31,101] {processor.py:153} INFO - Started process (PID=570990) to work on /home/dimitri/dimitri/airflowalura/venv/lib/python3.10/site-packages/airflow/example_dags/example_xcomargs.py
[2024-04-04 20:32:31,103] {processor.py:641} INFO - Processing file /home/dimitri/dimitri/airflowalura/venv/lib/python3.10/site-packages/airflow/example_dags/example_xcomargs.py for tasks to queue
[2024-04-04 20:32:31,103] {logging_mixin.py:115} INFO - [2024-04-04 20:32:31,103] {dagbag.py:507} INFO - Filling up the DagBag from /home/dimitri/dimitri/airflowalura/venv/lib/python3.10/site-packages/airflow/example_dags/example_xcomargs.py
[2024-04-04 20:32:31,125] {processor.py:651} INFO - DAG(s) dict_keys(['example_xcom_args', 'example_xcom_args_with_operators']) retrieved from /home/dimitri/dimitri/airflowalura/venv/lib/python3.10/site-packages/airflow/example_dags/example_xcomargs.py
[2024-04-04 20:32:31,168] {logging_mixin.py:115} INFO - [2024-04-04 20:32:31,168] {dag.py:2379} INFO - Sync 2 DAGs
[2024-04-04 20:32:31,180] {logging_mixin.py:115} INFO - [2024-04-04 20:32:31,180] {dag.py:2927} INFO - Setting next_dagrun for example_xcom_args to None, run_after=None
[2024-04-04 20:32:31,180] {logging_mixin.py:115} INFO - [2024-04-04 20:32:31,180] {dag.py:2927} INFO - Setting next_dagrun for example_xcom_args_with_operators to None, run_after=None
[2024-04-04 20:32:31,201] {processor.py:161} INFO - Processing /home/dimitri/dimitri/airflowalura/venv/lib/python3.10/site-packages/airflow/example_dags/example_xcomargs.py took 0.103 seconds
[2024-04-04 20:32:57,582] {processor.py:153} INFO - Started process (PID=571162) to work on /home/dimitri/dimitri/airflowalura/venv/lib/python3.10/site-packages/airflow/example_dags/example_xcomargs.py
[2024-04-04 20:32:57,584] {processor.py:641} INFO - Processing file /home/dimitri/dimitri/airflowalura/venv/lib/python3.10/site-packages/airflow/example_dags/example_xcomargs.py for tasks to queue
[2024-04-04 20:32:57,585] {logging_mixin.py:115} INFO - [2024-04-04 20:32:57,585] {dagbag.py:507} INFO - Filling up the DagBag from /home/dimitri/dimitri/airflowalura/venv/lib/python3.10/site-packages/airflow/example_dags/example_xcomargs.py
[2024-04-04 20:32:57,599] {processor.py:651} INFO - DAG(s) dict_keys(['example_xcom_args', 'example_xcom_args_with_operators']) retrieved from /home/dimitri/dimitri/airflowalura/venv/lib/python3.10/site-packages/airflow/example_dags/example_xcomargs.py
[2024-04-04 20:32:57,609] {logging_mixin.py:115} INFO - [2024-04-04 20:32:57,609] {dag.py:2379} INFO - Sync 2 DAGs
[2024-04-04 20:32:57,625] {logging_mixin.py:115} INFO - [2024-04-04 20:32:57,624] {dag.py:2927} INFO - Setting next_dagrun for example_xcom_args to None, run_after=None
[2024-04-04 20:32:57,625] {logging_mixin.py:115} INFO - [2024-04-04 20:32:57,625] {dag.py:2927} INFO - Setting next_dagrun for example_xcom_args_with_operators to None, run_after=None
[2024-04-04 20:32:57,644] {processor.py:161} INFO - Processing /home/dimitri/dimitri/airflowalura/venv/lib/python3.10/site-packages/airflow/example_dags/example_xcomargs.py took 0.064 seconds
[2024-04-04 20:33:29,751] {processor.py:153} INFO - Started process (PID=571292) to work on /home/dimitri/dimitri/airflowalura/venv/lib/python3.10/site-packages/airflow/example_dags/example_xcomargs.py
[2024-04-04 20:33:29,754] {processor.py:641} INFO - Processing file /home/dimitri/dimitri/airflowalura/venv/lib/python3.10/site-packages/airflow/example_dags/example_xcomargs.py for tasks to queue
[2024-04-04 20:33:29,754] {logging_mixin.py:115} INFO - [2024-04-04 20:33:29,754] {dagbag.py:507} INFO - Filling up the DagBag from /home/dimitri/dimitri/airflowalura/venv/lib/python3.10/site-packages/airflow/example_dags/example_xcomargs.py
[2024-04-04 20:33:29,768] {processor.py:651} INFO - DAG(s) dict_keys(['example_xcom_args', 'example_xcom_args_with_operators']) retrieved from /home/dimitri/dimitri/airflowalura/venv/lib/python3.10/site-packages/airflow/example_dags/example_xcomargs.py
[2024-04-04 20:33:29,792] {logging_mixin.py:115} INFO - [2024-04-04 20:33:29,791] {dag.py:2379} INFO - Sync 2 DAGs
[2024-04-04 20:33:29,800] {logging_mixin.py:115} INFO - [2024-04-04 20:33:29,800] {dag.py:2927} INFO - Setting next_dagrun for example_xcom_args to None, run_after=None
[2024-04-04 20:33:29,800] {logging_mixin.py:115} INFO - [2024-04-04 20:33:29,800] {dag.py:2927} INFO - Setting next_dagrun for example_xcom_args_with_operators to None, run_after=None
[2024-04-04 20:33:29,818] {processor.py:161} INFO - Processing /home/dimitri/dimitri/airflowalura/venv/lib/python3.10/site-packages/airflow/example_dags/example_xcomargs.py took 0.070 seconds
[2024-04-04 20:34:03,495] {processor.py:153} INFO - Started process (PID=571425) to work on /home/dimitri/dimitri/airflowalura/venv/lib/python3.10/site-packages/airflow/example_dags/example_xcomargs.py
[2024-04-04 20:34:03,497] {processor.py:641} INFO - Processing file /home/dimitri/dimitri/airflowalura/venv/lib/python3.10/site-packages/airflow/example_dags/example_xcomargs.py for tasks to queue
[2024-04-04 20:34:03,498] {logging_mixin.py:115} INFO - [2024-04-04 20:34:03,498] {dagbag.py:507} INFO - Filling up the DagBag from /home/dimitri/dimitri/airflowalura/venv/lib/python3.10/site-packages/airflow/example_dags/example_xcomargs.py
[2024-04-04 20:34:03,513] {processor.py:651} INFO - DAG(s) dict_keys(['example_xcom_args', 'example_xcom_args_with_operators']) retrieved from /home/dimitri/dimitri/airflowalura/venv/lib/python3.10/site-packages/airflow/example_dags/example_xcomargs.py
[2024-04-04 20:34:03,522] {logging_mixin.py:115} INFO - [2024-04-04 20:34:03,522] {dag.py:2379} INFO - Sync 2 DAGs
[2024-04-04 20:34:03,530] {logging_mixin.py:115} INFO - [2024-04-04 20:34:03,530] {dag.py:2927} INFO - Setting next_dagrun for example_xcom_args to None, run_after=None
[2024-04-04 20:34:03,531] {logging_mixin.py:115} INFO - [2024-04-04 20:34:03,531] {dag.py:2927} INFO - Setting next_dagrun for example_xcom_args_with_operators to None, run_after=None
[2024-04-04 20:34:03,549] {processor.py:161} INFO - Processing /home/dimitri/dimitri/airflowalura/venv/lib/python3.10/site-packages/airflow/example_dags/example_xcomargs.py took 0.058 seconds
[2024-04-04 20:34:37,806] {processor.py:153} INFO - Started process (PID=571561) to work on /home/dimitri/dimitri/airflowalura/venv/lib/python3.10/site-packages/airflow/example_dags/example_xcomargs.py
[2024-04-04 20:34:37,808] {processor.py:641} INFO - Processing file /home/dimitri/dimitri/airflowalura/venv/lib/python3.10/site-packages/airflow/example_dags/example_xcomargs.py for tasks to queue
[2024-04-04 20:34:37,809] {logging_mixin.py:115} INFO - [2024-04-04 20:34:37,809] {dagbag.py:507} INFO - Filling up the DagBag from /home/dimitri/dimitri/airflowalura/venv/lib/python3.10/site-packages/airflow/example_dags/example_xcomargs.py
[2024-04-04 20:34:37,823] {processor.py:651} INFO - DAG(s) dict_keys(['example_xcom_args', 'example_xcom_args_with_operators']) retrieved from /home/dimitri/dimitri/airflowalura/venv/lib/python3.10/site-packages/airflow/example_dags/example_xcomargs.py
[2024-04-04 20:34:37,835] {logging_mixin.py:115} INFO - [2024-04-04 20:34:37,835] {dag.py:2379} INFO - Sync 2 DAGs
[2024-04-04 20:34:37,846] {logging_mixin.py:115} INFO - [2024-04-04 20:34:37,846] {dag.py:2927} INFO - Setting next_dagrun for example_xcom_args to None, run_after=None
[2024-04-04 20:34:37,846] {logging_mixin.py:115} INFO - [2024-04-04 20:34:37,846] {dag.py:2927} INFO - Setting next_dagrun for example_xcom_args_with_operators to None, run_after=None
[2024-04-04 20:34:37,863] {processor.py:161} INFO - Processing /home/dimitri/dimitri/airflowalura/venv/lib/python3.10/site-packages/airflow/example_dags/example_xcomargs.py took 0.059 seconds
[2024-04-04 20:35:10,939] {processor.py:153} INFO - Started process (PID=571693) to work on /home/dimitri/dimitri/airflowalura/venv/lib/python3.10/site-packages/airflow/example_dags/example_xcomargs.py
[2024-04-04 20:35:10,941] {processor.py:641} INFO - Processing file /home/dimitri/dimitri/airflowalura/venv/lib/python3.10/site-packages/airflow/example_dags/example_xcomargs.py for tasks to queue
[2024-04-04 20:35:10,942] {logging_mixin.py:115} INFO - [2024-04-04 20:35:10,941] {dagbag.py:507} INFO - Filling up the DagBag from /home/dimitri/dimitri/airflowalura/venv/lib/python3.10/site-packages/airflow/example_dags/example_xcomargs.py
[2024-04-04 20:35:10,956] {processor.py:651} INFO - DAG(s) dict_keys(['example_xcom_args', 'example_xcom_args_with_operators']) retrieved from /home/dimitri/dimitri/airflowalura/venv/lib/python3.10/site-packages/airflow/example_dags/example_xcomargs.py
[2024-04-04 20:35:10,970] {logging_mixin.py:115} INFO - [2024-04-04 20:35:10,970] {dag.py:2379} INFO - Sync 2 DAGs
[2024-04-04 20:35:10,982] {logging_mixin.py:115} INFO - [2024-04-04 20:35:10,982] {dag.py:2927} INFO - Setting next_dagrun for example_xcom_args to None, run_after=None
[2024-04-04 20:35:10,982] {logging_mixin.py:115} INFO - [2024-04-04 20:35:10,982] {dag.py:2927} INFO - Setting next_dagrun for example_xcom_args_with_operators to None, run_after=None
[2024-04-04 20:35:11,002] {processor.py:161} INFO - Processing /home/dimitri/dimitri/airflowalura/venv/lib/python3.10/site-packages/airflow/example_dags/example_xcomargs.py took 0.066 seconds
[2024-04-04 20:35:43,693] {processor.py:153} INFO - Started process (PID=571819) to work on /home/dimitri/dimitri/airflowalura/venv/lib/python3.10/site-packages/airflow/example_dags/example_xcomargs.py
[2024-04-04 20:35:43,694] {processor.py:641} INFO - Processing file /home/dimitri/dimitri/airflowalura/venv/lib/python3.10/site-packages/airflow/example_dags/example_xcomargs.py for tasks to queue
[2024-04-04 20:35:43,694] {logging_mixin.py:115} INFO - [2024-04-04 20:35:43,694] {dagbag.py:507} INFO - Filling up the DagBag from /home/dimitri/dimitri/airflowalura/venv/lib/python3.10/site-packages/airflow/example_dags/example_xcomargs.py
[2024-04-04 20:35:43,708] {processor.py:651} INFO - DAG(s) dict_keys(['example_xcom_args', 'example_xcom_args_with_operators']) retrieved from /home/dimitri/dimitri/airflowalura/venv/lib/python3.10/site-packages/airflow/example_dags/example_xcomargs.py
[2024-04-04 20:35:43,719] {logging_mixin.py:115} INFO - [2024-04-04 20:35:43,719] {dag.py:2379} INFO - Sync 2 DAGs
[2024-04-04 20:35:43,729] {logging_mixin.py:115} INFO - [2024-04-04 20:35:43,729] {dag.py:2927} INFO - Setting next_dagrun for example_xcom_args to None, run_after=None
[2024-04-04 20:35:43,729] {logging_mixin.py:115} INFO - [2024-04-04 20:35:43,729] {dag.py:2927} INFO - Setting next_dagrun for example_xcom_args_with_operators to None, run_after=None
[2024-04-04 20:35:43,745] {processor.py:161} INFO - Processing /home/dimitri/dimitri/airflowalura/venv/lib/python3.10/site-packages/airflow/example_dags/example_xcomargs.py took 0.054 seconds
[2024-04-04 20:36:26,695] {processor.py:153} INFO - Started process (PID=572002) to work on /home/dimitri/dimitri/airflowalura/venv/lib/python3.10/site-packages/airflow/example_dags/example_xcomargs.py
[2024-04-04 20:36:26,698] {processor.py:641} INFO - Processing file /home/dimitri/dimitri/airflowalura/venv/lib/python3.10/site-packages/airflow/example_dags/example_xcomargs.py for tasks to queue
[2024-04-04 20:36:26,698] {logging_mixin.py:115} INFO - [2024-04-04 20:36:26,698] {dagbag.py:507} INFO - Filling up the DagBag from /home/dimitri/dimitri/airflowalura/venv/lib/python3.10/site-packages/airflow/example_dags/example_xcomargs.py
[2024-04-04 20:36:26,713] {processor.py:651} INFO - DAG(s) dict_keys(['example_xcom_args', 'example_xcom_args_with_operators']) retrieved from /home/dimitri/dimitri/airflowalura/venv/lib/python3.10/site-packages/airflow/example_dags/example_xcomargs.py
[2024-04-04 20:36:26,741] {logging_mixin.py:115} INFO - [2024-04-04 20:36:26,741] {dag.py:2379} INFO - Sync 2 DAGs
[2024-04-04 20:36:26,751] {logging_mixin.py:115} INFO - [2024-04-04 20:36:26,751] {dag.py:2927} INFO - Setting next_dagrun for example_xcom_args to None, run_after=None
[2024-04-04 20:36:26,751] {logging_mixin.py:115} INFO - [2024-04-04 20:36:26,751] {dag.py:2927} INFO - Setting next_dagrun for example_xcom_args_with_operators to None, run_after=None
[2024-04-04 20:36:26,767] {processor.py:161} INFO - Processing /home/dimitri/dimitri/airflowalura/venv/lib/python3.10/site-packages/airflow/example_dags/example_xcomargs.py took 0.074 seconds
[2024-04-04 20:36:59,721] {processor.py:153} INFO - Started process (PID=572136) to work on /home/dimitri/dimitri/airflowalura/venv/lib/python3.10/site-packages/airflow/example_dags/example_xcomargs.py
[2024-04-04 20:36:59,723] {processor.py:641} INFO - Processing file /home/dimitri/dimitri/airflowalura/venv/lib/python3.10/site-packages/airflow/example_dags/example_xcomargs.py for tasks to queue
[2024-04-04 20:36:59,723] {logging_mixin.py:115} INFO - [2024-04-04 20:36:59,723] {dagbag.py:507} INFO - Filling up the DagBag from /home/dimitri/dimitri/airflowalura/venv/lib/python3.10/site-packages/airflow/example_dags/example_xcomargs.py
[2024-04-04 20:36:59,736] {processor.py:651} INFO - DAG(s) dict_keys(['example_xcom_args', 'example_xcom_args_with_operators']) retrieved from /home/dimitri/dimitri/airflowalura/venv/lib/python3.10/site-packages/airflow/example_dags/example_xcomargs.py
[2024-04-04 20:36:59,745] {logging_mixin.py:115} INFO - [2024-04-04 20:36:59,745] {dag.py:2379} INFO - Sync 2 DAGs
[2024-04-04 20:36:59,756] {logging_mixin.py:115} INFO - [2024-04-04 20:36:59,755] {dag.py:2927} INFO - Setting next_dagrun for example_xcom_args to None, run_after=None
[2024-04-04 20:36:59,756] {logging_mixin.py:115} INFO - [2024-04-04 20:36:59,756] {dag.py:2927} INFO - Setting next_dagrun for example_xcom_args_with_operators to None, run_after=None
[2024-04-04 20:36:59,772] {processor.py:161} INFO - Processing /home/dimitri/dimitri/airflowalura/venv/lib/python3.10/site-packages/airflow/example_dags/example_xcomargs.py took 0.053 seconds
[2024-04-04 20:37:35,804] {processor.py:153} INFO - Started process (PID=572273) to work on /home/dimitri/dimitri/airflowalura/venv/lib/python3.10/site-packages/airflow/example_dags/example_xcomargs.py
[2024-04-04 20:37:35,808] {processor.py:641} INFO - Processing file /home/dimitri/dimitri/airflowalura/venv/lib/python3.10/site-packages/airflow/example_dags/example_xcomargs.py for tasks to queue
[2024-04-04 20:37:35,809] {logging_mixin.py:115} INFO - [2024-04-04 20:37:35,808] {dagbag.py:507} INFO - Filling up the DagBag from /home/dimitri/dimitri/airflowalura/venv/lib/python3.10/site-packages/airflow/example_dags/example_xcomargs.py
[2024-04-04 20:37:35,820] {processor.py:651} INFO - DAG(s) dict_keys(['example_xcom_args', 'example_xcom_args_with_operators']) retrieved from /home/dimitri/dimitri/airflowalura/venv/lib/python3.10/site-packages/airflow/example_dags/example_xcomargs.py
[2024-04-04 20:37:35,830] {logging_mixin.py:115} INFO - [2024-04-04 20:37:35,830] {dag.py:2379} INFO - Sync 2 DAGs
[2024-04-04 20:37:35,839] {logging_mixin.py:115} INFO - [2024-04-04 20:37:35,839] {dag.py:2927} INFO - Setting next_dagrun for example_xcom_args to None, run_after=None
[2024-04-04 20:37:35,840] {logging_mixin.py:115} INFO - [2024-04-04 20:37:35,840] {dag.py:2927} INFO - Setting next_dagrun for example_xcom_args_with_operators to None, run_after=None
[2024-04-04 20:37:35,854] {processor.py:161} INFO - Processing /home/dimitri/dimitri/airflowalura/venv/lib/python3.10/site-packages/airflow/example_dags/example_xcomargs.py took 0.053 seconds
[2024-04-04 20:38:08,425] {processor.py:153} INFO - Started process (PID=572406) to work on /home/dimitri/dimitri/airflowalura/venv/lib/python3.10/site-packages/airflow/example_dags/example_xcomargs.py
[2024-04-04 20:38:08,428] {processor.py:641} INFO - Processing file /home/dimitri/dimitri/airflowalura/venv/lib/python3.10/site-packages/airflow/example_dags/example_xcomargs.py for tasks to queue
[2024-04-04 20:38:08,428] {logging_mixin.py:115} INFO - [2024-04-04 20:38:08,428] {dagbag.py:507} INFO - Filling up the DagBag from /home/dimitri/dimitri/airflowalura/venv/lib/python3.10/site-packages/airflow/example_dags/example_xcomargs.py
[2024-04-04 20:38:08,444] {processor.py:651} INFO - DAG(s) dict_keys(['example_xcom_args', 'example_xcom_args_with_operators']) retrieved from /home/dimitri/dimitri/airflowalura/venv/lib/python3.10/site-packages/airflow/example_dags/example_xcomargs.py
[2024-04-04 20:38:08,455] {logging_mixin.py:115} INFO - [2024-04-04 20:38:08,455] {dag.py:2379} INFO - Sync 2 DAGs
[2024-04-04 20:38:08,465] {logging_mixin.py:115} INFO - [2024-04-04 20:38:08,465] {dag.py:2927} INFO - Setting next_dagrun for example_xcom_args to None, run_after=None
[2024-04-04 20:38:08,465] {logging_mixin.py:115} INFO - [2024-04-04 20:38:08,465] {dag.py:2927} INFO - Setting next_dagrun for example_xcom_args_with_operators to None, run_after=None
[2024-04-04 20:38:08,482] {processor.py:161} INFO - Processing /home/dimitri/dimitri/airflowalura/venv/lib/python3.10/site-packages/airflow/example_dags/example_xcomargs.py took 0.059 seconds
[2024-04-04 20:38:42,145] {processor.py:153} INFO - Started process (PID=572539) to work on /home/dimitri/dimitri/airflowalura/venv/lib/python3.10/site-packages/airflow/example_dags/example_xcomargs.py
[2024-04-04 20:38:42,147] {processor.py:641} INFO - Processing file /home/dimitri/dimitri/airflowalura/venv/lib/python3.10/site-packages/airflow/example_dags/example_xcomargs.py for tasks to queue
[2024-04-04 20:38:42,148] {logging_mixin.py:115} INFO - [2024-04-04 20:38:42,148] {dagbag.py:507} INFO - Filling up the DagBag from /home/dimitri/dimitri/airflowalura/venv/lib/python3.10/site-packages/airflow/example_dags/example_xcomargs.py
[2024-04-04 20:38:42,161] {processor.py:651} INFO - DAG(s) dict_keys(['example_xcom_args', 'example_xcom_args_with_operators']) retrieved from /home/dimitri/dimitri/airflowalura/venv/lib/python3.10/site-packages/airflow/example_dags/example_xcomargs.py
[2024-04-04 20:38:42,171] {logging_mixin.py:115} INFO - [2024-04-04 20:38:42,171] {dag.py:2379} INFO - Sync 2 DAGs
[2024-04-04 20:38:42,180] {logging_mixin.py:115} INFO - [2024-04-04 20:38:42,180] {dag.py:2927} INFO - Setting next_dagrun for example_xcom_args to None, run_after=None
[2024-04-04 20:38:42,180] {logging_mixin.py:115} INFO - [2024-04-04 20:38:42,180] {dag.py:2927} INFO - Setting next_dagrun for example_xcom_args_with_operators to None, run_after=None
[2024-04-04 20:38:42,196] {processor.py:161} INFO - Processing /home/dimitri/dimitri/airflowalura/venv/lib/python3.10/site-packages/airflow/example_dags/example_xcomargs.py took 0.054 seconds
[2024-04-04 20:39:17,306] {processor.py:153} INFO - Started process (PID=572677) to work on /home/dimitri/dimitri/airflowalura/venv/lib/python3.10/site-packages/airflow/example_dags/example_xcomargs.py
[2024-04-04 20:39:17,309] {processor.py:641} INFO - Processing file /home/dimitri/dimitri/airflowalura/venv/lib/python3.10/site-packages/airflow/example_dags/example_xcomargs.py for tasks to queue
[2024-04-04 20:39:17,310] {logging_mixin.py:115} INFO - [2024-04-04 20:39:17,310] {dagbag.py:507} INFO - Filling up the DagBag from /home/dimitri/dimitri/airflowalura/venv/lib/python3.10/site-packages/airflow/example_dags/example_xcomargs.py
[2024-04-04 20:39:17,325] {processor.py:651} INFO - DAG(s) dict_keys(['example_xcom_args', 'example_xcom_args_with_operators']) retrieved from /home/dimitri/dimitri/airflowalura/venv/lib/python3.10/site-packages/airflow/example_dags/example_xcomargs.py
[2024-04-04 20:39:17,334] {logging_mixin.py:115} INFO - [2024-04-04 20:39:17,334] {dag.py:2379} INFO - Sync 2 DAGs
[2024-04-04 20:39:17,343] {logging_mixin.py:115} INFO - [2024-04-04 20:39:17,343] {dag.py:2927} INFO - Setting next_dagrun for example_xcom_args to None, run_after=None
[2024-04-04 20:39:17,343] {logging_mixin.py:115} INFO - [2024-04-04 20:39:17,343] {dag.py:2927} INFO - Setting next_dagrun for example_xcom_args_with_operators to None, run_after=None
[2024-04-04 20:39:17,359] {processor.py:161} INFO - Processing /home/dimitri/dimitri/airflowalura/venv/lib/python3.10/site-packages/airflow/example_dags/example_xcomargs.py took 0.057 seconds
[2024-04-04 20:39:50,489] {processor.py:153} INFO - Started process (PID=572808) to work on /home/dimitri/dimitri/airflowalura/venv/lib/python3.10/site-packages/airflow/example_dags/example_xcomargs.py
[2024-04-04 20:39:50,491] {processor.py:641} INFO - Processing file /home/dimitri/dimitri/airflowalura/venv/lib/python3.10/site-packages/airflow/example_dags/example_xcomargs.py for tasks to queue
[2024-04-04 20:39:50,492] {logging_mixin.py:115} INFO - [2024-04-04 20:39:50,492] {dagbag.py:507} INFO - Filling up the DagBag from /home/dimitri/dimitri/airflowalura/venv/lib/python3.10/site-packages/airflow/example_dags/example_xcomargs.py
[2024-04-04 20:39:50,507] {processor.py:651} INFO - DAG(s) dict_keys(['example_xcom_args', 'example_xcom_args_with_operators']) retrieved from /home/dimitri/dimitri/airflowalura/venv/lib/python3.10/site-packages/airflow/example_dags/example_xcomargs.py
[2024-04-04 20:39:50,517] {logging_mixin.py:115} INFO - [2024-04-04 20:39:50,517] {dag.py:2379} INFO - Sync 2 DAGs
[2024-04-04 20:39:50,529] {logging_mixin.py:115} INFO - [2024-04-04 20:39:50,529] {dag.py:2927} INFO - Setting next_dagrun for example_xcom_args to None, run_after=None
[2024-04-04 20:39:50,529] {logging_mixin.py:115} INFO - [2024-04-04 20:39:50,529] {dag.py:2927} INFO - Setting next_dagrun for example_xcom_args_with_operators to None, run_after=None
[2024-04-04 20:39:50,543] {processor.py:161} INFO - Processing /home/dimitri/dimitri/airflowalura/venv/lib/python3.10/site-packages/airflow/example_dags/example_xcomargs.py took 0.057 seconds
[2024-04-04 20:40:24,803] {processor.py:153} INFO - Started process (PID=572947) to work on /home/dimitri/dimitri/airflowalura/venv/lib/python3.10/site-packages/airflow/example_dags/example_xcomargs.py
[2024-04-04 20:40:24,806] {processor.py:641} INFO - Processing file /home/dimitri/dimitri/airflowalura/venv/lib/python3.10/site-packages/airflow/example_dags/example_xcomargs.py for tasks to queue
[2024-04-04 20:40:24,806] {logging_mixin.py:115} INFO - [2024-04-04 20:40:24,806] {dagbag.py:507} INFO - Filling up the DagBag from /home/dimitri/dimitri/airflowalura/venv/lib/python3.10/site-packages/airflow/example_dags/example_xcomargs.py
[2024-04-04 20:40:24,820] {processor.py:651} INFO - DAG(s) dict_keys(['example_xcom_args', 'example_xcom_args_with_operators']) retrieved from /home/dimitri/dimitri/airflowalura/venv/lib/python3.10/site-packages/airflow/example_dags/example_xcomargs.py
[2024-04-04 20:40:24,831] {logging_mixin.py:115} INFO - [2024-04-04 20:40:24,831] {dag.py:2379} INFO - Sync 2 DAGs
[2024-04-04 20:40:24,841] {logging_mixin.py:115} INFO - [2024-04-04 20:40:24,841] {dag.py:2927} INFO - Setting next_dagrun for example_xcom_args to None, run_after=None
[2024-04-04 20:40:24,841] {logging_mixin.py:115} INFO - [2024-04-04 20:40:24,841] {dag.py:2927} INFO - Setting next_dagrun for example_xcom_args_with_operators to None, run_after=None
[2024-04-04 20:40:24,858] {processor.py:161} INFO - Processing /home/dimitri/dimitri/airflowalura/venv/lib/python3.10/site-packages/airflow/example_dags/example_xcomargs.py took 0.057 seconds
[2024-04-04 20:41:14,057] {processor.py:153} INFO - Started process (PID=573147) to work on /home/dimitri/dimitri/airflowalura/venv/lib/python3.10/site-packages/airflow/example_dags/example_xcomargs.py
[2024-04-04 20:41:14,059] {processor.py:641} INFO - Processing file /home/dimitri/dimitri/airflowalura/venv/lib/python3.10/site-packages/airflow/example_dags/example_xcomargs.py for tasks to queue
[2024-04-04 20:41:14,060] {logging_mixin.py:115} INFO - [2024-04-04 20:41:14,060] {dagbag.py:507} INFO - Filling up the DagBag from /home/dimitri/dimitri/airflowalura/venv/lib/python3.10/site-packages/airflow/example_dags/example_xcomargs.py
[2024-04-04 20:41:14,073] {processor.py:651} INFO - DAG(s) dict_keys(['example_xcom_args', 'example_xcom_args_with_operators']) retrieved from /home/dimitri/dimitri/airflowalura/venv/lib/python3.10/site-packages/airflow/example_dags/example_xcomargs.py
[2024-04-04 20:41:14,099] {logging_mixin.py:115} INFO - [2024-04-04 20:41:14,099] {dag.py:2379} INFO - Sync 2 DAGs
[2024-04-04 20:41:14,109] {logging_mixin.py:115} INFO - [2024-04-04 20:41:14,109] {dag.py:2927} INFO - Setting next_dagrun for example_xcom_args to None, run_after=None
[2024-04-04 20:41:14,109] {logging_mixin.py:115} INFO - [2024-04-04 20:41:14,109] {dag.py:2927} INFO - Setting next_dagrun for example_xcom_args_with_operators to None, run_after=None
[2024-04-04 20:41:14,126] {processor.py:161} INFO - Processing /home/dimitri/dimitri/airflowalura/venv/lib/python3.10/site-packages/airflow/example_dags/example_xcomargs.py took 0.070 seconds
[2024-04-04 20:41:49,389] {processor.py:153} INFO - Started process (PID=573295) to work on /home/dimitri/dimitri/airflowalura/venv/lib/python3.10/site-packages/airflow/example_dags/example_xcomargs.py
[2024-04-04 20:41:49,392] {processor.py:641} INFO - Processing file /home/dimitri/dimitri/airflowalura/venv/lib/python3.10/site-packages/airflow/example_dags/example_xcomargs.py for tasks to queue
[2024-04-04 20:41:49,393] {logging_mixin.py:115} INFO - [2024-04-04 20:41:49,392] {dagbag.py:507} INFO - Filling up the DagBag from /home/dimitri/dimitri/airflowalura/venv/lib/python3.10/site-packages/airflow/example_dags/example_xcomargs.py
[2024-04-04 20:41:49,407] {processor.py:651} INFO - DAG(s) dict_keys(['example_xcom_args', 'example_xcom_args_with_operators']) retrieved from /home/dimitri/dimitri/airflowalura/venv/lib/python3.10/site-packages/airflow/example_dags/example_xcomargs.py
[2024-04-04 20:41:49,416] {logging_mixin.py:115} INFO - [2024-04-04 20:41:49,416] {dag.py:2379} INFO - Sync 2 DAGs
[2024-04-04 20:41:49,427] {logging_mixin.py:115} INFO - [2024-04-04 20:41:49,427] {dag.py:2927} INFO - Setting next_dagrun for example_xcom_args to None, run_after=None
[2024-04-04 20:41:49,427] {logging_mixin.py:115} INFO - [2024-04-04 20:41:49,427] {dag.py:2927} INFO - Setting next_dagrun for example_xcom_args_with_operators to None, run_after=None
[2024-04-04 20:41:49,443] {processor.py:161} INFO - Processing /home/dimitri/dimitri/airflowalura/venv/lib/python3.10/site-packages/airflow/example_dags/example_xcomargs.py took 0.057 seconds
[2024-04-04 20:42:23,475] {processor.py:153} INFO - Started process (PID=573432) to work on /home/dimitri/dimitri/airflowalura/venv/lib/python3.10/site-packages/airflow/example_dags/example_xcomargs.py
[2024-04-04 20:42:23,477] {processor.py:641} INFO - Processing file /home/dimitri/dimitri/airflowalura/venv/lib/python3.10/site-packages/airflow/example_dags/example_xcomargs.py for tasks to queue
[2024-04-04 20:42:23,477] {logging_mixin.py:115} INFO - [2024-04-04 20:42:23,477] {dagbag.py:507} INFO - Filling up the DagBag from /home/dimitri/dimitri/airflowalura/venv/lib/python3.10/site-packages/airflow/example_dags/example_xcomargs.py
[2024-04-04 20:42:23,491] {processor.py:651} INFO - DAG(s) dict_keys(['example_xcom_args', 'example_xcom_args_with_operators']) retrieved from /home/dimitri/dimitri/airflowalura/venv/lib/python3.10/site-packages/airflow/example_dags/example_xcomargs.py
[2024-04-04 20:42:23,501] {logging_mixin.py:115} INFO - [2024-04-04 20:42:23,501] {dag.py:2379} INFO - Sync 2 DAGs
[2024-04-04 20:42:23,512] {logging_mixin.py:115} INFO - [2024-04-04 20:42:23,512] {dag.py:2927} INFO - Setting next_dagrun for example_xcom_args to None, run_after=None
[2024-04-04 20:42:23,512] {logging_mixin.py:115} INFO - [2024-04-04 20:42:23,512] {dag.py:2927} INFO - Setting next_dagrun for example_xcom_args_with_operators to None, run_after=None
[2024-04-04 20:42:23,529] {processor.py:161} INFO - Processing /home/dimitri/dimitri/airflowalura/venv/lib/python3.10/site-packages/airflow/example_dags/example_xcomargs.py took 0.055 seconds
[2024-04-04 20:42:59,758] {processor.py:153} INFO - Started process (PID=573571) to work on /home/dimitri/dimitri/airflowalura/venv/lib/python3.10/site-packages/airflow/example_dags/example_xcomargs.py
[2024-04-04 20:42:59,761] {processor.py:641} INFO - Processing file /home/dimitri/dimitri/airflowalura/venv/lib/python3.10/site-packages/airflow/example_dags/example_xcomargs.py for tasks to queue
[2024-04-04 20:42:59,761] {logging_mixin.py:115} INFO - [2024-04-04 20:42:59,761] {dagbag.py:507} INFO - Filling up the DagBag from /home/dimitri/dimitri/airflowalura/venv/lib/python3.10/site-packages/airflow/example_dags/example_xcomargs.py
[2024-04-04 20:42:59,776] {processor.py:651} INFO - DAG(s) dict_keys(['example_xcom_args', 'example_xcom_args_with_operators']) retrieved from /home/dimitri/dimitri/airflowalura/venv/lib/python3.10/site-packages/airflow/example_dags/example_xcomargs.py
[2024-04-04 20:42:59,789] {logging_mixin.py:115} INFO - [2024-04-04 20:42:59,789] {dag.py:2379} INFO - Sync 2 DAGs
[2024-04-04 20:42:59,800] {logging_mixin.py:115} INFO - [2024-04-04 20:42:59,800] {dag.py:2927} INFO - Setting next_dagrun for example_xcom_args to None, run_after=None
[2024-04-04 20:42:59,800] {logging_mixin.py:115} INFO - [2024-04-04 20:42:59,800] {dag.py:2927} INFO - Setting next_dagrun for example_xcom_args_with_operators to None, run_after=None
[2024-04-04 20:42:59,819] {processor.py:161} INFO - Processing /home/dimitri/dimitri/airflowalura/venv/lib/python3.10/site-packages/airflow/example_dags/example_xcomargs.py took 0.063 seconds
[2024-04-04 20:43:34,259] {processor.py:153} INFO - Started process (PID=573707) to work on /home/dimitri/dimitri/airflowalura/venv/lib/python3.10/site-packages/airflow/example_dags/example_xcomargs.py
[2024-04-04 20:43:34,260] {processor.py:641} INFO - Processing file /home/dimitri/dimitri/airflowalura/venv/lib/python3.10/site-packages/airflow/example_dags/example_xcomargs.py for tasks to queue
[2024-04-04 20:43:34,260] {logging_mixin.py:115} INFO - [2024-04-04 20:43:34,260] {dagbag.py:507} INFO - Filling up the DagBag from /home/dimitri/dimitri/airflowalura/venv/lib/python3.10/site-packages/airflow/example_dags/example_xcomargs.py
[2024-04-04 20:43:34,279] {processor.py:651} INFO - DAG(s) dict_keys(['example_xcom_args', 'example_xcom_args_with_operators']) retrieved from /home/dimitri/dimitri/airflowalura/venv/lib/python3.10/site-packages/airflow/example_dags/example_xcomargs.py
[2024-04-04 20:43:34,290] {logging_mixin.py:115} INFO - [2024-04-04 20:43:34,290] {dag.py:2379} INFO - Sync 2 DAGs
[2024-04-04 20:43:34,301] {logging_mixin.py:115} INFO - [2024-04-04 20:43:34,301] {dag.py:2927} INFO - Setting next_dagrun for example_xcom_args to None, run_after=None
[2024-04-04 20:43:34,301] {logging_mixin.py:115} INFO - [2024-04-04 20:43:34,301] {dag.py:2927} INFO - Setting next_dagrun for example_xcom_args_with_operators to None, run_after=None
[2024-04-04 20:43:34,320] {processor.py:161} INFO - Processing /home/dimitri/dimitri/airflowalura/venv/lib/python3.10/site-packages/airflow/example_dags/example_xcomargs.py took 0.063 seconds
[2024-04-04 20:44:10,591] {processor.py:153} INFO - Started process (PID=573847) to work on /home/dimitri/dimitri/airflowalura/venv/lib/python3.10/site-packages/airflow/example_dags/example_xcomargs.py
[2024-04-04 20:44:10,594] {processor.py:641} INFO - Processing file /home/dimitri/dimitri/airflowalura/venv/lib/python3.10/site-packages/airflow/example_dags/example_xcomargs.py for tasks to queue
[2024-04-04 20:44:10,595] {logging_mixin.py:115} INFO - [2024-04-04 20:44:10,594] {dagbag.py:507} INFO - Filling up the DagBag from /home/dimitri/dimitri/airflowalura/venv/lib/python3.10/site-packages/airflow/example_dags/example_xcomargs.py
[2024-04-04 20:44:10,607] {processor.py:651} INFO - DAG(s) dict_keys(['example_xcom_args', 'example_xcom_args_with_operators']) retrieved from /home/dimitri/dimitri/airflowalura/venv/lib/python3.10/site-packages/airflow/example_dags/example_xcomargs.py
[2024-04-04 20:44:10,618] {logging_mixin.py:115} INFO - [2024-04-04 20:44:10,618] {dag.py:2379} INFO - Sync 2 DAGs
[2024-04-04 20:44:10,627] {logging_mixin.py:115} INFO - [2024-04-04 20:44:10,627] {dag.py:2927} INFO - Setting next_dagrun for example_xcom_args to None, run_after=None
[2024-04-04 20:44:10,627] {logging_mixin.py:115} INFO - [2024-04-04 20:44:10,627] {dag.py:2927} INFO - Setting next_dagrun for example_xcom_args_with_operators to None, run_after=None
[2024-04-04 20:44:10,644] {processor.py:161} INFO - Processing /home/dimitri/dimitri/airflowalura/venv/lib/python3.10/site-packages/airflow/example_dags/example_xcomargs.py took 0.055 seconds
[2024-04-04 20:44:43,131] {processor.py:153} INFO - Started process (PID=573978) to work on /home/dimitri/dimitri/airflowalura/venv/lib/python3.10/site-packages/airflow/example_dags/example_xcomargs.py
[2024-04-04 20:44:43,132] {processor.py:641} INFO - Processing file /home/dimitri/dimitri/airflowalura/venv/lib/python3.10/site-packages/airflow/example_dags/example_xcomargs.py for tasks to queue
[2024-04-04 20:44:43,132] {logging_mixin.py:115} INFO - [2024-04-04 20:44:43,132] {dagbag.py:507} INFO - Filling up the DagBag from /home/dimitri/dimitri/airflowalura/venv/lib/python3.10/site-packages/airflow/example_dags/example_xcomargs.py
[2024-04-04 20:44:43,146] {processor.py:651} INFO - DAG(s) dict_keys(['example_xcom_args', 'example_xcom_args_with_operators']) retrieved from /home/dimitri/dimitri/airflowalura/venv/lib/python3.10/site-packages/airflow/example_dags/example_xcomargs.py
[2024-04-04 20:44:43,157] {logging_mixin.py:115} INFO - [2024-04-04 20:44:43,157] {dag.py:2379} INFO - Sync 2 DAGs
[2024-04-04 20:44:43,166] {logging_mixin.py:115} INFO - [2024-04-04 20:44:43,166] {dag.py:2927} INFO - Setting next_dagrun for example_xcom_args to None, run_after=None
[2024-04-04 20:44:43,166] {logging_mixin.py:115} INFO - [2024-04-04 20:44:43,166] {dag.py:2927} INFO - Setting next_dagrun for example_xcom_args_with_operators to None, run_after=None
[2024-04-04 20:44:43,182] {processor.py:161} INFO - Processing /home/dimitri/dimitri/airflowalura/venv/lib/python3.10/site-packages/airflow/example_dags/example_xcomargs.py took 0.053 seconds
[2024-04-04 20:45:18,114] {processor.py:153} INFO - Started process (PID=574114) to work on /home/dimitri/dimitri/airflowalura/venv/lib/python3.10/site-packages/airflow/example_dags/example_xcomargs.py
[2024-04-04 20:45:18,116] {processor.py:641} INFO - Processing file /home/dimitri/dimitri/airflowalura/venv/lib/python3.10/site-packages/airflow/example_dags/example_xcomargs.py for tasks to queue
[2024-04-04 20:45:18,116] {logging_mixin.py:115} INFO - [2024-04-04 20:45:18,116] {dagbag.py:507} INFO - Filling up the DagBag from /home/dimitri/dimitri/airflowalura/venv/lib/python3.10/site-packages/airflow/example_dags/example_xcomargs.py
[2024-04-04 20:45:18,130] {processor.py:651} INFO - DAG(s) dict_keys(['example_xcom_args', 'example_xcom_args_with_operators']) retrieved from /home/dimitri/dimitri/airflowalura/venv/lib/python3.10/site-packages/airflow/example_dags/example_xcomargs.py
[2024-04-04 20:45:18,142] {logging_mixin.py:115} INFO - [2024-04-04 20:45:18,142] {dag.py:2379} INFO - Sync 2 DAGs
[2024-04-04 20:45:18,152] {logging_mixin.py:115} INFO - [2024-04-04 20:45:18,152] {dag.py:2927} INFO - Setting next_dagrun for example_xcom_args to None, run_after=None
[2024-04-04 20:45:18,153] {logging_mixin.py:115} INFO - [2024-04-04 20:45:18,153] {dag.py:2927} INFO - Setting next_dagrun for example_xcom_args_with_operators to None, run_after=None
[2024-04-04 20:45:18,167] {processor.py:161} INFO - Processing /home/dimitri/dimitri/airflowalura/venv/lib/python3.10/site-packages/airflow/example_dags/example_xcomargs.py took 0.055 seconds
[2024-04-04 20:45:53,907] {processor.py:153} INFO - Started process (PID=574254) to work on /home/dimitri/dimitri/airflowalura/venv/lib/python3.10/site-packages/airflow/example_dags/example_xcomargs.py
[2024-04-04 20:45:53,909] {processor.py:641} INFO - Processing file /home/dimitri/dimitri/airflowalura/venv/lib/python3.10/site-packages/airflow/example_dags/example_xcomargs.py for tasks to queue
[2024-04-04 20:45:53,909] {logging_mixin.py:115} INFO - [2024-04-04 20:45:53,909] {dagbag.py:507} INFO - Filling up the DagBag from /home/dimitri/dimitri/airflowalura/venv/lib/python3.10/site-packages/airflow/example_dags/example_xcomargs.py
[2024-04-04 20:45:53,923] {processor.py:651} INFO - DAG(s) dict_keys(['example_xcom_args', 'example_xcom_args_with_operators']) retrieved from /home/dimitri/dimitri/airflowalura/venv/lib/python3.10/site-packages/airflow/example_dags/example_xcomargs.py
[2024-04-04 20:45:53,933] {logging_mixin.py:115} INFO - [2024-04-04 20:45:53,933] {dag.py:2379} INFO - Sync 2 DAGs
[2024-04-04 20:45:53,943] {logging_mixin.py:115} INFO - [2024-04-04 20:45:53,943] {dag.py:2927} INFO - Setting next_dagrun for example_xcom_args to None, run_after=None
[2024-04-04 20:45:53,943] {logging_mixin.py:115} INFO - [2024-04-04 20:45:53,943] {dag.py:2927} INFO - Setting next_dagrun for example_xcom_args_with_operators to None, run_after=None
[2024-04-04 20:45:53,959] {processor.py:161} INFO - Processing /home/dimitri/dimitri/airflowalura/venv/lib/python3.10/site-packages/airflow/example_dags/example_xcomargs.py took 0.054 seconds
[2024-04-04 20:46:31,679] {processor.py:153} INFO - Started process (PID=574404) to work on /home/dimitri/dimitri/airflowalura/venv/lib/python3.10/site-packages/airflow/example_dags/example_xcomargs.py
[2024-04-04 20:46:31,681] {processor.py:641} INFO - Processing file /home/dimitri/dimitri/airflowalura/venv/lib/python3.10/site-packages/airflow/example_dags/example_xcomargs.py for tasks to queue
[2024-04-04 20:46:31,681] {logging_mixin.py:115} INFO - [2024-04-04 20:46:31,681] {dagbag.py:507} INFO - Filling up the DagBag from /home/dimitri/dimitri/airflowalura/venv/lib/python3.10/site-packages/airflow/example_dags/example_xcomargs.py
[2024-04-04 20:46:31,695] {processor.py:651} INFO - DAG(s) dict_keys(['example_xcom_args', 'example_xcom_args_with_operators']) retrieved from /home/dimitri/dimitri/airflowalura/venv/lib/python3.10/site-packages/airflow/example_dags/example_xcomargs.py
[2024-04-04 20:46:31,720] {logging_mixin.py:115} INFO - [2024-04-04 20:46:31,720] {dag.py:2379} INFO - Sync 2 DAGs
[2024-04-04 20:46:31,730] {logging_mixin.py:115} INFO - [2024-04-04 20:46:31,730] {dag.py:2927} INFO - Setting next_dagrun for example_xcom_args to None, run_after=None
[2024-04-04 20:46:31,730] {logging_mixin.py:115} INFO - [2024-04-04 20:46:31,730] {dag.py:2927} INFO - Setting next_dagrun for example_xcom_args_with_operators to None, run_after=None
[2024-04-04 20:46:31,746] {processor.py:161} INFO - Processing /home/dimitri/dimitri/airflowalura/venv/lib/python3.10/site-packages/airflow/example_dags/example_xcomargs.py took 0.070 seconds
[2024-04-04 20:47:03,814] {processor.py:153} INFO - Started process (PID=574542) to work on /home/dimitri/dimitri/airflowalura/venv/lib/python3.10/site-packages/airflow/example_dags/example_xcomargs.py
[2024-04-04 20:47:03,816] {processor.py:641} INFO - Processing file /home/dimitri/dimitri/airflowalura/venv/lib/python3.10/site-packages/airflow/example_dags/example_xcomargs.py for tasks to queue
[2024-04-04 20:47:03,816] {logging_mixin.py:115} INFO - [2024-04-04 20:47:03,816] {dagbag.py:507} INFO - Filling up the DagBag from /home/dimitri/dimitri/airflowalura/venv/lib/python3.10/site-packages/airflow/example_dags/example_xcomargs.py
[2024-04-04 20:47:03,830] {processor.py:651} INFO - DAG(s) dict_keys(['example_xcom_args', 'example_xcom_args_with_operators']) retrieved from /home/dimitri/dimitri/airflowalura/venv/lib/python3.10/site-packages/airflow/example_dags/example_xcomargs.py
[2024-04-04 20:47:03,840] {logging_mixin.py:115} INFO - [2024-04-04 20:47:03,840] {dag.py:2379} INFO - Sync 2 DAGs
[2024-04-04 20:47:03,850] {logging_mixin.py:115} INFO - [2024-04-04 20:47:03,850] {dag.py:2927} INFO - Setting next_dagrun for example_xcom_args to None, run_after=None
[2024-04-04 20:47:03,850] {logging_mixin.py:115} INFO - [2024-04-04 20:47:03,850] {dag.py:2927} INFO - Setting next_dagrun for example_xcom_args_with_operators to None, run_after=None
[2024-04-04 20:47:03,866] {processor.py:161} INFO - Processing /home/dimitri/dimitri/airflowalura/venv/lib/python3.10/site-packages/airflow/example_dags/example_xcomargs.py took 0.054 seconds
[2024-04-04 20:47:39,802] {processor.py:153} INFO - Started process (PID=574681) to work on /home/dimitri/dimitri/airflowalura/venv/lib/python3.10/site-packages/airflow/example_dags/example_xcomargs.py
[2024-04-04 20:47:39,804] {processor.py:641} INFO - Processing file /home/dimitri/dimitri/airflowalura/venv/lib/python3.10/site-packages/airflow/example_dags/example_xcomargs.py for tasks to queue
[2024-04-04 20:47:39,804] {logging_mixin.py:115} INFO - [2024-04-04 20:47:39,804] {dagbag.py:507} INFO - Filling up the DagBag from /home/dimitri/dimitri/airflowalura/venv/lib/python3.10/site-packages/airflow/example_dags/example_xcomargs.py
[2024-04-04 20:47:39,819] {processor.py:651} INFO - DAG(s) dict_keys(['example_xcom_args', 'example_xcom_args_with_operators']) retrieved from /home/dimitri/dimitri/airflowalura/venv/lib/python3.10/site-packages/airflow/example_dags/example_xcomargs.py
[2024-04-04 20:47:39,830] {logging_mixin.py:115} INFO - [2024-04-04 20:47:39,830] {dag.py:2379} INFO - Sync 2 DAGs
[2024-04-04 20:47:39,839] {logging_mixin.py:115} INFO - [2024-04-04 20:47:39,839] {dag.py:2927} INFO - Setting next_dagrun for example_xcom_args to None, run_after=None
[2024-04-04 20:47:39,840] {logging_mixin.py:115} INFO - [2024-04-04 20:47:39,840] {dag.py:2927} INFO - Setting next_dagrun for example_xcom_args_with_operators to None, run_after=None
[2024-04-04 20:47:39,856] {processor.py:161} INFO - Processing /home/dimitri/dimitri/airflowalura/venv/lib/python3.10/site-packages/airflow/example_dags/example_xcomargs.py took 0.056 seconds
[2024-04-04 20:48:11,809] {processor.py:153} INFO - Started process (PID=574813) to work on /home/dimitri/dimitri/airflowalura/venv/lib/python3.10/site-packages/airflow/example_dags/example_xcomargs.py
[2024-04-04 20:48:11,812] {processor.py:641} INFO - Processing file /home/dimitri/dimitri/airflowalura/venv/lib/python3.10/site-packages/airflow/example_dags/example_xcomargs.py for tasks to queue
[2024-04-04 20:48:11,813] {logging_mixin.py:115} INFO - [2024-04-04 20:48:11,812] {dagbag.py:507} INFO - Filling up the DagBag from /home/dimitri/dimitri/airflowalura/venv/lib/python3.10/site-packages/airflow/example_dags/example_xcomargs.py
[2024-04-04 20:48:11,826] {processor.py:651} INFO - DAG(s) dict_keys(['example_xcom_args', 'example_xcom_args_with_operators']) retrieved from /home/dimitri/dimitri/airflowalura/venv/lib/python3.10/site-packages/airflow/example_dags/example_xcomargs.py
[2024-04-04 20:48:11,837] {logging_mixin.py:115} INFO - [2024-04-04 20:48:11,837] {dag.py:2379} INFO - Sync 2 DAGs
[2024-04-04 20:48:11,847] {logging_mixin.py:115} INFO - [2024-04-04 20:48:11,847] {dag.py:2927} INFO - Setting next_dagrun for example_xcom_args to None, run_after=None
[2024-04-04 20:48:11,847] {logging_mixin.py:115} INFO - [2024-04-04 20:48:11,847] {dag.py:2927} INFO - Setting next_dagrun for example_xcom_args_with_operators to None, run_after=None
[2024-04-04 20:48:11,863] {processor.py:161} INFO - Processing /home/dimitri/dimitri/airflowalura/venv/lib/python3.10/site-packages/airflow/example_dags/example_xcomargs.py took 0.056 seconds
[2024-04-04 20:48:47,520] {processor.py:153} INFO - Started process (PID=574954) to work on /home/dimitri/dimitri/airflowalura/venv/lib/python3.10/site-packages/airflow/example_dags/example_xcomargs.py
[2024-04-04 20:48:47,521] {processor.py:641} INFO - Processing file /home/dimitri/dimitri/airflowalura/venv/lib/python3.10/site-packages/airflow/example_dags/example_xcomargs.py for tasks to queue
[2024-04-04 20:48:47,522] {logging_mixin.py:115} INFO - [2024-04-04 20:48:47,521] {dagbag.py:507} INFO - Filling up the DagBag from /home/dimitri/dimitri/airflowalura/venv/lib/python3.10/site-packages/airflow/example_dags/example_xcomargs.py
[2024-04-04 20:48:47,536] {processor.py:651} INFO - DAG(s) dict_keys(['example_xcom_args', 'example_xcom_args_with_operators']) retrieved from /home/dimitri/dimitri/airflowalura/venv/lib/python3.10/site-packages/airflow/example_dags/example_xcomargs.py
[2024-04-04 20:48:47,546] {logging_mixin.py:115} INFO - [2024-04-04 20:48:47,546] {dag.py:2379} INFO - Sync 2 DAGs
[2024-04-04 20:48:47,556] {logging_mixin.py:115} INFO - [2024-04-04 20:48:47,556] {dag.py:2927} INFO - Setting next_dagrun for example_xcom_args to None, run_after=None
[2024-04-04 20:48:47,556] {logging_mixin.py:115} INFO - [2024-04-04 20:48:47,556] {dag.py:2927} INFO - Setting next_dagrun for example_xcom_args_with_operators to None, run_after=None
[2024-04-04 20:48:47,573] {processor.py:161} INFO - Processing /home/dimitri/dimitri/airflowalura/venv/lib/python3.10/site-packages/airflow/example_dags/example_xcomargs.py took 0.057 seconds
[2024-04-04 20:49:18,656] {processor.py:153} INFO - Started process (PID=575077) to work on /home/dimitri/dimitri/airflowalura/venv/lib/python3.10/site-packages/airflow/example_dags/example_xcomargs.py
[2024-04-04 20:49:18,659] {processor.py:641} INFO - Processing file /home/dimitri/dimitri/airflowalura/venv/lib/python3.10/site-packages/airflow/example_dags/example_xcomargs.py for tasks to queue
[2024-04-04 20:49:18,659] {logging_mixin.py:115} INFO - [2024-04-04 20:49:18,659] {dagbag.py:507} INFO - Filling up the DagBag from /home/dimitri/dimitri/airflowalura/venv/lib/python3.10/site-packages/airflow/example_dags/example_xcomargs.py
[2024-04-04 20:49:18,675] {processor.py:651} INFO - DAG(s) dict_keys(['example_xcom_args', 'example_xcom_args_with_operators']) retrieved from /home/dimitri/dimitri/airflowalura/venv/lib/python3.10/site-packages/airflow/example_dags/example_xcomargs.py
[2024-04-04 20:49:18,685] {logging_mixin.py:115} INFO - [2024-04-04 20:49:18,685] {dag.py:2379} INFO - Sync 2 DAGs
[2024-04-04 20:49:18,694] {logging_mixin.py:115} INFO - [2024-04-04 20:49:18,694] {dag.py:2927} INFO - Setting next_dagrun for example_xcom_args to None, run_after=None
[2024-04-04 20:49:18,694] {logging_mixin.py:115} INFO - [2024-04-04 20:49:18,694] {dag.py:2927} INFO - Setting next_dagrun for example_xcom_args_with_operators to None, run_after=None
[2024-04-04 20:49:18,710] {processor.py:161} INFO - Processing /home/dimitri/dimitri/airflowalura/venv/lib/python3.10/site-packages/airflow/example_dags/example_xcomargs.py took 0.057 seconds
[2024-04-04 20:49:51,225] {processor.py:153} INFO - Started process (PID=575206) to work on /home/dimitri/dimitri/airflowalura/venv/lib/python3.10/site-packages/airflow/example_dags/example_xcomargs.py
[2024-04-04 20:49:51,226] {processor.py:641} INFO - Processing file /home/dimitri/dimitri/airflowalura/venv/lib/python3.10/site-packages/airflow/example_dags/example_xcomargs.py for tasks to queue
[2024-04-04 20:49:51,226] {logging_mixin.py:115} INFO - [2024-04-04 20:49:51,226] {dagbag.py:507} INFO - Filling up the DagBag from /home/dimitri/dimitri/airflowalura/venv/lib/python3.10/site-packages/airflow/example_dags/example_xcomargs.py
[2024-04-04 20:49:51,248] {processor.py:651} INFO - DAG(s) dict_keys(['example_xcom_args', 'example_xcom_args_with_operators']) retrieved from /home/dimitri/dimitri/airflowalura/venv/lib/python3.10/site-packages/airflow/example_dags/example_xcomargs.py
[2024-04-04 20:49:51,263] {logging_mixin.py:115} INFO - [2024-04-04 20:49:51,263] {dag.py:2379} INFO - Sync 2 DAGs
[2024-04-04 20:49:51,276] {logging_mixin.py:115} INFO - [2024-04-04 20:49:51,275] {dag.py:2927} INFO - Setting next_dagrun for example_xcom_args to None, run_after=None
[2024-04-04 20:49:51,276] {logging_mixin.py:115} INFO - [2024-04-04 20:49:51,276] {dag.py:2927} INFO - Setting next_dagrun for example_xcom_args_with_operators to None, run_after=None
[2024-04-04 20:49:51,291] {processor.py:161} INFO - Processing /home/dimitri/dimitri/airflowalura/venv/lib/python3.10/site-packages/airflow/example_dags/example_xcomargs.py took 0.069 seconds
[2024-04-04 20:50:25,769] {processor.py:153} INFO - Started process (PID=575342) to work on /home/dimitri/dimitri/airflowalura/venv/lib/python3.10/site-packages/airflow/example_dags/example_xcomargs.py
[2024-04-04 20:50:25,770] {processor.py:641} INFO - Processing file /home/dimitri/dimitri/airflowalura/venv/lib/python3.10/site-packages/airflow/example_dags/example_xcomargs.py for tasks to queue
[2024-04-04 20:50:25,770] {logging_mixin.py:115} INFO - [2024-04-04 20:50:25,770] {dagbag.py:507} INFO - Filling up the DagBag from /home/dimitri/dimitri/airflowalura/venv/lib/python3.10/site-packages/airflow/example_dags/example_xcomargs.py
[2024-04-04 20:50:25,788] {processor.py:651} INFO - DAG(s) dict_keys(['example_xcom_args', 'example_xcom_args_with_operators']) retrieved from /home/dimitri/dimitri/airflowalura/venv/lib/python3.10/site-packages/airflow/example_dags/example_xcomargs.py
[2024-04-04 20:50:25,803] {logging_mixin.py:115} INFO - [2024-04-04 20:50:25,802] {dag.py:2379} INFO - Sync 2 DAGs
[2024-04-04 20:50:25,815] {logging_mixin.py:115} INFO - [2024-04-04 20:50:25,815] {dag.py:2927} INFO - Setting next_dagrun for example_xcom_args to None, run_after=None
[2024-04-04 20:50:25,816] {logging_mixin.py:115} INFO - [2024-04-04 20:50:25,816] {dag.py:2927} INFO - Setting next_dagrun for example_xcom_args_with_operators to None, run_after=None
[2024-04-04 20:50:25,835] {processor.py:161} INFO - Processing /home/dimitri/dimitri/airflowalura/venv/lib/python3.10/site-packages/airflow/example_dags/example_xcomargs.py took 0.068 seconds
[2024-04-04 20:51:02,511] {processor.py:153} INFO - Started process (PID=575486) to work on /home/dimitri/dimitri/airflowalura/venv/lib/python3.10/site-packages/airflow/example_dags/example_xcomargs.py
[2024-04-04 20:51:02,512] {processor.py:641} INFO - Processing file /home/dimitri/dimitri/airflowalura/venv/lib/python3.10/site-packages/airflow/example_dags/example_xcomargs.py for tasks to queue
[2024-04-04 20:51:02,513] {logging_mixin.py:115} INFO - [2024-04-04 20:51:02,513] {dagbag.py:507} INFO - Filling up the DagBag from /home/dimitri/dimitri/airflowalura/venv/lib/python3.10/site-packages/airflow/example_dags/example_xcomargs.py
[2024-04-04 20:51:02,527] {processor.py:651} INFO - DAG(s) dict_keys(['example_xcom_args', 'example_xcom_args_with_operators']) retrieved from /home/dimitri/dimitri/airflowalura/venv/lib/python3.10/site-packages/airflow/example_dags/example_xcomargs.py
[2024-04-04 20:51:02,551] {logging_mixin.py:115} INFO - [2024-04-04 20:51:02,551] {dag.py:2379} INFO - Sync 2 DAGs
[2024-04-04 20:51:02,559] {logging_mixin.py:115} INFO - [2024-04-04 20:51:02,559] {dag.py:2927} INFO - Setting next_dagrun for example_xcom_args to None, run_after=None
[2024-04-04 20:51:02,560] {logging_mixin.py:115} INFO - [2024-04-04 20:51:02,560] {dag.py:2927} INFO - Setting next_dagrun for example_xcom_args_with_operators to None, run_after=None
[2024-04-04 20:51:02,576] {processor.py:161} INFO - Processing /home/dimitri/dimitri/airflowalura/venv/lib/python3.10/site-packages/airflow/example_dags/example_xcomargs.py took 0.066 seconds
[2024-04-04 20:51:37,422] {processor.py:153} INFO - Started process (PID=575619) to work on /home/dimitri/dimitri/airflowalura/venv/lib/python3.10/site-packages/airflow/example_dags/example_xcomargs.py
[2024-04-04 20:51:37,424] {processor.py:641} INFO - Processing file /home/dimitri/dimitri/airflowalura/venv/lib/python3.10/site-packages/airflow/example_dags/example_xcomargs.py for tasks to queue
[2024-04-04 20:51:37,424] {logging_mixin.py:115} INFO - [2024-04-04 20:51:37,424] {dagbag.py:507} INFO - Filling up the DagBag from /home/dimitri/dimitri/airflowalura/venv/lib/python3.10/site-packages/airflow/example_dags/example_xcomargs.py
[2024-04-04 20:51:37,444] {processor.py:651} INFO - DAG(s) dict_keys(['example_xcom_args', 'example_xcom_args_with_operators']) retrieved from /home/dimitri/dimitri/airflowalura/venv/lib/python3.10/site-packages/airflow/example_dags/example_xcomargs.py
[2024-04-04 20:51:37,457] {logging_mixin.py:115} INFO - [2024-04-04 20:51:37,457] {dag.py:2379} INFO - Sync 2 DAGs
[2024-04-04 20:51:37,469] {logging_mixin.py:115} INFO - [2024-04-04 20:51:37,469] {dag.py:2927} INFO - Setting next_dagrun for example_xcom_args to None, run_after=None
[2024-04-04 20:51:37,469] {logging_mixin.py:115} INFO - [2024-04-04 20:51:37,469] {dag.py:2927} INFO - Setting next_dagrun for example_xcom_args_with_operators to None, run_after=None
[2024-04-04 20:51:37,486] {processor.py:161} INFO - Processing /home/dimitri/dimitri/airflowalura/venv/lib/python3.10/site-packages/airflow/example_dags/example_xcomargs.py took 0.067 seconds
[2024-04-04 20:52:11,562] {processor.py:153} INFO - Started process (PID=575754) to work on /home/dimitri/dimitri/airflowalura/venv/lib/python3.10/site-packages/airflow/example_dags/example_xcomargs.py
[2024-04-04 20:52:11,564] {processor.py:641} INFO - Processing file /home/dimitri/dimitri/airflowalura/venv/lib/python3.10/site-packages/airflow/example_dags/example_xcomargs.py for tasks to queue
[2024-04-04 20:52:11,565] {logging_mixin.py:115} INFO - [2024-04-04 20:52:11,565] {dagbag.py:507} INFO - Filling up the DagBag from /home/dimitri/dimitri/airflowalura/venv/lib/python3.10/site-packages/airflow/example_dags/example_xcomargs.py
[2024-04-04 20:52:11,578] {processor.py:651} INFO - DAG(s) dict_keys(['example_xcom_args', 'example_xcom_args_with_operators']) retrieved from /home/dimitri/dimitri/airflowalura/venv/lib/python3.10/site-packages/airflow/example_dags/example_xcomargs.py
[2024-04-04 20:52:11,591] {logging_mixin.py:115} INFO - [2024-04-04 20:52:11,591] {dag.py:2379} INFO - Sync 2 DAGs
[2024-04-04 20:52:11,600] {logging_mixin.py:115} INFO - [2024-04-04 20:52:11,600] {dag.py:2927} INFO - Setting next_dagrun for example_xcom_args to None, run_after=None
[2024-04-04 20:52:11,601] {logging_mixin.py:115} INFO - [2024-04-04 20:52:11,600] {dag.py:2927} INFO - Setting next_dagrun for example_xcom_args_with_operators to None, run_after=None
[2024-04-04 20:52:11,617] {processor.py:161} INFO - Processing /home/dimitri/dimitri/airflowalura/venv/lib/python3.10/site-packages/airflow/example_dags/example_xcomargs.py took 0.057 seconds
[2024-04-04 20:52:48,611] {processor.py:153} INFO - Started process (PID=575893) to work on /home/dimitri/dimitri/airflowalura/venv/lib/python3.10/site-packages/airflow/example_dags/example_xcomargs.py
[2024-04-04 20:52:48,614] {processor.py:641} INFO - Processing file /home/dimitri/dimitri/airflowalura/venv/lib/python3.10/site-packages/airflow/example_dags/example_xcomargs.py for tasks to queue
[2024-04-04 20:52:48,614] {logging_mixin.py:115} INFO - [2024-04-04 20:52:48,614] {dagbag.py:507} INFO - Filling up the DagBag from /home/dimitri/dimitri/airflowalura/venv/lib/python3.10/site-packages/airflow/example_dags/example_xcomargs.py
[2024-04-04 20:52:48,632] {processor.py:651} INFO - DAG(s) dict_keys(['example_xcom_args', 'example_xcom_args_with_operators']) retrieved from /home/dimitri/dimitri/airflowalura/venv/lib/python3.10/site-packages/airflow/example_dags/example_xcomargs.py
[2024-04-04 20:52:48,647] {logging_mixin.py:115} INFO - [2024-04-04 20:52:48,647] {dag.py:2379} INFO - Sync 2 DAGs
[2024-04-04 20:52:48,662] {logging_mixin.py:115} INFO - [2024-04-04 20:52:48,662] {dag.py:2927} INFO - Setting next_dagrun for example_xcom_args to None, run_after=None
[2024-04-04 20:52:48,663] {logging_mixin.py:115} INFO - [2024-04-04 20:52:48,662] {dag.py:2927} INFO - Setting next_dagrun for example_xcom_args_with_operators to None, run_after=None
[2024-04-04 20:52:48,680] {processor.py:161} INFO - Processing /home/dimitri/dimitri/airflowalura/venv/lib/python3.10/site-packages/airflow/example_dags/example_xcomargs.py took 0.070 seconds
[2024-04-04 20:53:22,751] {processor.py:153} INFO - Started process (PID=576030) to work on /home/dimitri/dimitri/airflowalura/venv/lib/python3.10/site-packages/airflow/example_dags/example_xcomargs.py
[2024-04-04 20:53:22,754] {processor.py:641} INFO - Processing file /home/dimitri/dimitri/airflowalura/venv/lib/python3.10/site-packages/airflow/example_dags/example_xcomargs.py for tasks to queue
[2024-04-04 20:53:22,754] {logging_mixin.py:115} INFO - [2024-04-04 20:53:22,754] {dagbag.py:507} INFO - Filling up the DagBag from /home/dimitri/dimitri/airflowalura/venv/lib/python3.10/site-packages/airflow/example_dags/example_xcomargs.py
[2024-04-04 20:53:22,768] {processor.py:651} INFO - DAG(s) dict_keys(['example_xcom_args', 'example_xcom_args_with_operators']) retrieved from /home/dimitri/dimitri/airflowalura/venv/lib/python3.10/site-packages/airflow/example_dags/example_xcomargs.py
[2024-04-04 20:53:22,778] {logging_mixin.py:115} INFO - [2024-04-04 20:53:22,778] {dag.py:2379} INFO - Sync 2 DAGs
[2024-04-04 20:53:22,790] {logging_mixin.py:115} INFO - [2024-04-04 20:53:22,790] {dag.py:2927} INFO - Setting next_dagrun for example_xcom_args to None, run_after=None
[2024-04-04 20:53:22,790] {logging_mixin.py:115} INFO - [2024-04-04 20:53:22,790] {dag.py:2927} INFO - Setting next_dagrun for example_xcom_args_with_operators to None, run_after=None
[2024-04-04 20:53:22,806] {processor.py:161} INFO - Processing /home/dimitri/dimitri/airflowalura/venv/lib/python3.10/site-packages/airflow/example_dags/example_xcomargs.py took 0.057 seconds
[2024-04-04 20:53:57,225] {processor.py:153} INFO - Started process (PID=576160) to work on /home/dimitri/dimitri/airflowalura/venv/lib/python3.10/site-packages/airflow/example_dags/example_xcomargs.py
[2024-04-04 20:53:57,227] {processor.py:641} INFO - Processing file /home/dimitri/dimitri/airflowalura/venv/lib/python3.10/site-packages/airflow/example_dags/example_xcomargs.py for tasks to queue
[2024-04-04 20:53:57,228] {logging_mixin.py:115} INFO - [2024-04-04 20:53:57,228] {dagbag.py:507} INFO - Filling up the DagBag from /home/dimitri/dimitri/airflowalura/venv/lib/python3.10/site-packages/airflow/example_dags/example_xcomargs.py
[2024-04-04 20:53:57,241] {processor.py:651} INFO - DAG(s) dict_keys(['example_xcom_args', 'example_xcom_args_with_operators']) retrieved from /home/dimitri/dimitri/airflowalura/venv/lib/python3.10/site-packages/airflow/example_dags/example_xcomargs.py
[2024-04-04 20:53:57,251] {logging_mixin.py:115} INFO - [2024-04-04 20:53:57,251] {dag.py:2379} INFO - Sync 2 DAGs
[2024-04-04 20:53:57,259] {logging_mixin.py:115} INFO - [2024-04-04 20:53:57,259] {dag.py:2927} INFO - Setting next_dagrun for example_xcom_args to None, run_after=None
[2024-04-04 20:53:57,259] {logging_mixin.py:115} INFO - [2024-04-04 20:53:57,259] {dag.py:2927} INFO - Setting next_dagrun for example_xcom_args_with_operators to None, run_after=None
[2024-04-04 20:53:57,273] {processor.py:161} INFO - Processing /home/dimitri/dimitri/airflowalura/venv/lib/python3.10/site-packages/airflow/example_dags/example_xcomargs.py took 0.052 seconds
[2024-04-04 20:54:29,878] {processor.py:153} INFO - Started process (PID=576291) to work on /home/dimitri/dimitri/airflowalura/venv/lib/python3.10/site-packages/airflow/example_dags/example_xcomargs.py
[2024-04-04 20:54:29,879] {processor.py:641} INFO - Processing file /home/dimitri/dimitri/airflowalura/venv/lib/python3.10/site-packages/airflow/example_dags/example_xcomargs.py for tasks to queue
[2024-04-04 20:54:29,880] {logging_mixin.py:115} INFO - [2024-04-04 20:54:29,880] {dagbag.py:507} INFO - Filling up the DagBag from /home/dimitri/dimitri/airflowalura/venv/lib/python3.10/site-packages/airflow/example_dags/example_xcomargs.py
[2024-04-04 20:54:29,893] {processor.py:651} INFO - DAG(s) dict_keys(['example_xcom_args', 'example_xcom_args_with_operators']) retrieved from /home/dimitri/dimitri/airflowalura/venv/lib/python3.10/site-packages/airflow/example_dags/example_xcomargs.py
[2024-04-04 20:54:29,903] {logging_mixin.py:115} INFO - [2024-04-04 20:54:29,903] {dag.py:2379} INFO - Sync 2 DAGs
[2024-04-04 20:54:29,912] {logging_mixin.py:115} INFO - [2024-04-04 20:54:29,911] {dag.py:2927} INFO - Setting next_dagrun for example_xcom_args to None, run_after=None
[2024-04-04 20:54:29,912] {logging_mixin.py:115} INFO - [2024-04-04 20:54:29,912] {dag.py:2927} INFO - Setting next_dagrun for example_xcom_args_with_operators to None, run_after=None
[2024-04-04 20:54:29,928] {processor.py:161} INFO - Processing /home/dimitri/dimitri/airflowalura/venv/lib/python3.10/site-packages/airflow/example_dags/example_xcomargs.py took 0.053 seconds
[2024-04-04 20:55:05,559] {processor.py:153} INFO - Started process (PID=576429) to work on /home/dimitri/dimitri/airflowalura/venv/lib/python3.10/site-packages/airflow/example_dags/example_xcomargs.py
[2024-04-04 20:55:05,560] {processor.py:641} INFO - Processing file /home/dimitri/dimitri/airflowalura/venv/lib/python3.10/site-packages/airflow/example_dags/example_xcomargs.py for tasks to queue
[2024-04-04 20:55:05,561] {logging_mixin.py:115} INFO - [2024-04-04 20:55:05,561] {dagbag.py:507} INFO - Filling up the DagBag from /home/dimitri/dimitri/airflowalura/venv/lib/python3.10/site-packages/airflow/example_dags/example_xcomargs.py
[2024-04-04 20:55:05,575] {processor.py:651} INFO - DAG(s) dict_keys(['example_xcom_args', 'example_xcom_args_with_operators']) retrieved from /home/dimitri/dimitri/airflowalura/venv/lib/python3.10/site-packages/airflow/example_dags/example_xcomargs.py
[2024-04-04 20:55:05,585] {logging_mixin.py:115} INFO - [2024-04-04 20:55:05,584] {dag.py:2379} INFO - Sync 2 DAGs
[2024-04-04 20:55:05,595] {logging_mixin.py:115} INFO - [2024-04-04 20:55:05,595] {dag.py:2927} INFO - Setting next_dagrun for example_xcom_args to None, run_after=None
[2024-04-04 20:55:05,595] {logging_mixin.py:115} INFO - [2024-04-04 20:55:05,595] {dag.py:2927} INFO - Setting next_dagrun for example_xcom_args_with_operators to None, run_after=None
[2024-04-04 20:55:05,612] {processor.py:161} INFO - Processing /home/dimitri/dimitri/airflowalura/venv/lib/python3.10/site-packages/airflow/example_dags/example_xcomargs.py took 0.055 seconds
[2024-04-04 20:55:37,743] {processor.py:153} INFO - Started process (PID=576560) to work on /home/dimitri/dimitri/airflowalura/venv/lib/python3.10/site-packages/airflow/example_dags/example_xcomargs.py
[2024-04-04 20:55:37,746] {processor.py:641} INFO - Processing file /home/dimitri/dimitri/airflowalura/venv/lib/python3.10/site-packages/airflow/example_dags/example_xcomargs.py for tasks to queue
[2024-04-04 20:55:37,746] {logging_mixin.py:115} INFO - [2024-04-04 20:55:37,746] {dagbag.py:507} INFO - Filling up the DagBag from /home/dimitri/dimitri/airflowalura/venv/lib/python3.10/site-packages/airflow/example_dags/example_xcomargs.py
[2024-04-04 20:55:37,759] {processor.py:651} INFO - DAG(s) dict_keys(['example_xcom_args', 'example_xcom_args_with_operators']) retrieved from /home/dimitri/dimitri/airflowalura/venv/lib/python3.10/site-packages/airflow/example_dags/example_xcomargs.py
[2024-04-04 20:55:37,768] {logging_mixin.py:115} INFO - [2024-04-04 20:55:37,768] {dag.py:2379} INFO - Sync 2 DAGs
[2024-04-04 20:55:37,777] {logging_mixin.py:115} INFO - [2024-04-04 20:55:37,777] {dag.py:2927} INFO - Setting next_dagrun for example_xcom_args to None, run_after=None
[2024-04-04 20:55:37,777] {logging_mixin.py:115} INFO - [2024-04-04 20:55:37,777] {dag.py:2927} INFO - Setting next_dagrun for example_xcom_args_with_operators to None, run_after=None
[2024-04-04 20:55:37,793] {processor.py:161} INFO - Processing /home/dimitri/dimitri/airflowalura/venv/lib/python3.10/site-packages/airflow/example_dags/example_xcomargs.py took 0.053 seconds
[2024-04-04 20:56:13,070] {processor.py:153} INFO - Started process (PID=576697) to work on /home/dimitri/dimitri/airflowalura/venv/lib/python3.10/site-packages/airflow/example_dags/example_xcomargs.py
[2024-04-04 20:56:13,071] {processor.py:641} INFO - Processing file /home/dimitri/dimitri/airflowalura/venv/lib/python3.10/site-packages/airflow/example_dags/example_xcomargs.py for tasks to queue
[2024-04-04 20:56:13,071] {logging_mixin.py:115} INFO - [2024-04-04 20:56:13,071] {dagbag.py:507} INFO - Filling up the DagBag from /home/dimitri/dimitri/airflowalura/venv/lib/python3.10/site-packages/airflow/example_dags/example_xcomargs.py
[2024-04-04 20:56:13,089] {processor.py:651} INFO - DAG(s) dict_keys(['example_xcom_args', 'example_xcom_args_with_operators']) retrieved from /home/dimitri/dimitri/airflowalura/venv/lib/python3.10/site-packages/airflow/example_dags/example_xcomargs.py
[2024-04-04 20:56:13,129] {logging_mixin.py:115} INFO - [2024-04-04 20:56:13,129] {dag.py:2379} INFO - Sync 2 DAGs
[2024-04-04 20:56:13,146] {logging_mixin.py:115} INFO - [2024-04-04 20:56:13,146] {dag.py:2927} INFO - Setting next_dagrun for example_xcom_args to None, run_after=None
[2024-04-04 20:56:13,146] {logging_mixin.py:115} INFO - [2024-04-04 20:56:13,146] {dag.py:2927} INFO - Setting next_dagrun for example_xcom_args_with_operators to None, run_after=None
[2024-04-04 20:56:13,179] {processor.py:161} INFO - Processing /home/dimitri/dimitri/airflowalura/venv/lib/python3.10/site-packages/airflow/example_dags/example_xcomargs.py took 0.112 seconds
[2024-04-04 20:56:46,287] {processor.py:153} INFO - Started process (PID=576826) to work on /home/dimitri/dimitri/airflowalura/venv/lib/python3.10/site-packages/airflow/example_dags/example_xcomargs.py
[2024-04-04 20:56:46,288] {processor.py:641} INFO - Processing file /home/dimitri/dimitri/airflowalura/venv/lib/python3.10/site-packages/airflow/example_dags/example_xcomargs.py for tasks to queue
[2024-04-04 20:56:46,289] {logging_mixin.py:115} INFO - [2024-04-04 20:56:46,289] {dagbag.py:507} INFO - Filling up the DagBag from /home/dimitri/dimitri/airflowalura/venv/lib/python3.10/site-packages/airflow/example_dags/example_xcomargs.py
[2024-04-04 20:56:46,307] {processor.py:651} INFO - DAG(s) dict_keys(['example_xcom_args', 'example_xcom_args_with_operators']) retrieved from /home/dimitri/dimitri/airflowalura/venv/lib/python3.10/site-packages/airflow/example_dags/example_xcomargs.py
[2024-04-04 20:56:46,333] {logging_mixin.py:115} INFO - [2024-04-04 20:56:46,333] {dag.py:2379} INFO - Sync 2 DAGs
[2024-04-04 20:56:46,342] {logging_mixin.py:115} INFO - [2024-04-04 20:56:46,342] {dag.py:2927} INFO - Setting next_dagrun for example_xcom_args to None, run_after=None
[2024-04-04 20:56:46,342] {logging_mixin.py:115} INFO - [2024-04-04 20:56:46,342] {dag.py:2927} INFO - Setting next_dagrun for example_xcom_args_with_operators to None, run_after=None
[2024-04-04 20:56:46,366] {processor.py:161} INFO - Processing /home/dimitri/dimitri/airflowalura/venv/lib/python3.10/site-packages/airflow/example_dags/example_xcomargs.py took 0.082 seconds
[2024-04-04 20:57:21,302] {processor.py:153} INFO - Started process (PID=576966) to work on /home/dimitri/dimitri/airflowalura/venv/lib/python3.10/site-packages/airflow/example_dags/example_xcomargs.py
[2024-04-04 20:57:21,305] {processor.py:641} INFO - Processing file /home/dimitri/dimitri/airflowalura/venv/lib/python3.10/site-packages/airflow/example_dags/example_xcomargs.py for tasks to queue
[2024-04-04 20:57:21,305] {logging_mixin.py:115} INFO - [2024-04-04 20:57:21,305] {dagbag.py:507} INFO - Filling up the DagBag from /home/dimitri/dimitri/airflowalura/venv/lib/python3.10/site-packages/airflow/example_dags/example_xcomargs.py
[2024-04-04 20:57:21,320] {processor.py:651} INFO - DAG(s) dict_keys(['example_xcom_args', 'example_xcom_args_with_operators']) retrieved from /home/dimitri/dimitri/airflowalura/venv/lib/python3.10/site-packages/airflow/example_dags/example_xcomargs.py
[2024-04-04 20:57:21,349] {logging_mixin.py:115} INFO - [2024-04-04 20:57:21,348] {dag.py:2379} INFO - Sync 2 DAGs
[2024-04-04 20:57:21,359] {logging_mixin.py:115} INFO - [2024-04-04 20:57:21,359] {dag.py:2927} INFO - Setting next_dagrun for example_xcom_args to None, run_after=None
[2024-04-04 20:57:21,359] {logging_mixin.py:115} INFO - [2024-04-04 20:57:21,359] {dag.py:2927} INFO - Setting next_dagrun for example_xcom_args_with_operators to None, run_after=None
[2024-04-04 20:57:21,376] {processor.py:161} INFO - Processing /home/dimitri/dimitri/airflowalura/venv/lib/python3.10/site-packages/airflow/example_dags/example_xcomargs.py took 0.076 seconds
[2024-04-04 20:57:56,169] {processor.py:153} INFO - Started process (PID=577098) to work on /home/dimitri/dimitri/airflowalura/venv/lib/python3.10/site-packages/airflow/example_dags/example_xcomargs.py
[2024-04-04 20:57:56,171] {processor.py:641} INFO - Processing file /home/dimitri/dimitri/airflowalura/venv/lib/python3.10/site-packages/airflow/example_dags/example_xcomargs.py for tasks to queue
[2024-04-04 20:57:56,171] {logging_mixin.py:115} INFO - [2024-04-04 20:57:56,171] {dagbag.py:507} INFO - Filling up the DagBag from /home/dimitri/dimitri/airflowalura/venv/lib/python3.10/site-packages/airflow/example_dags/example_xcomargs.py
[2024-04-04 20:57:56,185] {processor.py:651} INFO - DAG(s) dict_keys(['example_xcom_args', 'example_xcom_args_with_operators']) retrieved from /home/dimitri/dimitri/airflowalura/venv/lib/python3.10/site-packages/airflow/example_dags/example_xcomargs.py
[2024-04-04 20:57:56,214] {logging_mixin.py:115} INFO - [2024-04-04 20:57:56,213] {dag.py:2379} INFO - Sync 2 DAGs
[2024-04-04 20:57:56,223] {logging_mixin.py:115} INFO - [2024-04-04 20:57:56,223] {dag.py:2927} INFO - Setting next_dagrun for example_xcom_args to None, run_after=None
[2024-04-04 20:57:56,223] {logging_mixin.py:115} INFO - [2024-04-04 20:57:56,223] {dag.py:2927} INFO - Setting next_dagrun for example_xcom_args_with_operators to None, run_after=None
[2024-04-04 20:57:56,240] {processor.py:161} INFO - Processing /home/dimitri/dimitri/airflowalura/venv/lib/python3.10/site-packages/airflow/example_dags/example_xcomargs.py took 0.073 seconds
[2024-04-04 20:58:29,576] {processor.py:153} INFO - Started process (PID=577227) to work on /home/dimitri/dimitri/airflowalura/venv/lib/python3.10/site-packages/airflow/example_dags/example_xcomargs.py
[2024-04-04 20:58:29,578] {processor.py:641} INFO - Processing file /home/dimitri/dimitri/airflowalura/venv/lib/python3.10/site-packages/airflow/example_dags/example_xcomargs.py for tasks to queue
[2024-04-04 20:58:29,578] {logging_mixin.py:115} INFO - [2024-04-04 20:58:29,578] {dagbag.py:507} INFO - Filling up the DagBag from /home/dimitri/dimitri/airflowalura/venv/lib/python3.10/site-packages/airflow/example_dags/example_xcomargs.py
[2024-04-04 20:58:29,592] {processor.py:651} INFO - DAG(s) dict_keys(['example_xcom_args', 'example_xcom_args_with_operators']) retrieved from /home/dimitri/dimitri/airflowalura/venv/lib/python3.10/site-packages/airflow/example_dags/example_xcomargs.py
[2024-04-04 20:58:29,602] {logging_mixin.py:115} INFO - [2024-04-04 20:58:29,602] {dag.py:2379} INFO - Sync 2 DAGs
[2024-04-04 20:58:29,614] {logging_mixin.py:115} INFO - [2024-04-04 20:58:29,614] {dag.py:2927} INFO - Setting next_dagrun for example_xcom_args to None, run_after=None
[2024-04-04 20:58:29,614] {logging_mixin.py:115} INFO - [2024-04-04 20:58:29,614] {dag.py:2927} INFO - Setting next_dagrun for example_xcom_args_with_operators to None, run_after=None
[2024-04-04 20:58:29,631] {processor.py:161} INFO - Processing /home/dimitri/dimitri/airflowalura/venv/lib/python3.10/site-packages/airflow/example_dags/example_xcomargs.py took 0.057 seconds
[2024-04-04 20:59:03,328] {processor.py:153} INFO - Started process (PID=577366) to work on /home/dimitri/dimitri/airflowalura/venv/lib/python3.10/site-packages/airflow/example_dags/example_xcomargs.py
[2024-04-04 20:59:03,330] {processor.py:641} INFO - Processing file /home/dimitri/dimitri/airflowalura/venv/lib/python3.10/site-packages/airflow/example_dags/example_xcomargs.py for tasks to queue
[2024-04-04 20:59:03,330] {logging_mixin.py:115} INFO - [2024-04-04 20:59:03,330] {dagbag.py:507} INFO - Filling up the DagBag from /home/dimitri/dimitri/airflowalura/venv/lib/python3.10/site-packages/airflow/example_dags/example_xcomargs.py
[2024-04-04 20:59:03,345] {processor.py:651} INFO - DAG(s) dict_keys(['example_xcom_args', 'example_xcom_args_with_operators']) retrieved from /home/dimitri/dimitri/airflowalura/venv/lib/python3.10/site-packages/airflow/example_dags/example_xcomargs.py
[2024-04-04 20:59:03,356] {logging_mixin.py:115} INFO - [2024-04-04 20:59:03,356] {dag.py:2379} INFO - Sync 2 DAGs
[2024-04-04 20:59:03,366] {logging_mixin.py:115} INFO - [2024-04-04 20:59:03,366] {dag.py:2927} INFO - Setting next_dagrun for example_xcom_args to None, run_after=None
[2024-04-04 20:59:03,366] {logging_mixin.py:115} INFO - [2024-04-04 20:59:03,366] {dag.py:2927} INFO - Setting next_dagrun for example_xcom_args_with_operators to None, run_after=None
[2024-04-04 20:59:03,383] {processor.py:161} INFO - Processing /home/dimitri/dimitri/airflowalura/venv/lib/python3.10/site-packages/airflow/example_dags/example_xcomargs.py took 0.058 seconds
[2024-04-04 20:59:34,059] {processor.py:153} INFO - Started process (PID=577482) to work on /home/dimitri/dimitri/airflowalura/venv/lib/python3.10/site-packages/airflow/example_dags/example_xcomargs.py
[2024-04-04 20:59:34,060] {processor.py:641} INFO - Processing file /home/dimitri/dimitri/airflowalura/venv/lib/python3.10/site-packages/airflow/example_dags/example_xcomargs.py for tasks to queue
[2024-04-04 20:59:34,060] {logging_mixin.py:115} INFO - [2024-04-04 20:59:34,060] {dagbag.py:507} INFO - Filling up the DagBag from /home/dimitri/dimitri/airflowalura/venv/lib/python3.10/site-packages/airflow/example_dags/example_xcomargs.py
[2024-04-04 20:59:34,074] {processor.py:651} INFO - DAG(s) dict_keys(['example_xcom_args', 'example_xcom_args_with_operators']) retrieved from /home/dimitri/dimitri/airflowalura/venv/lib/python3.10/site-packages/airflow/example_dags/example_xcomargs.py
[2024-04-04 20:59:34,084] {logging_mixin.py:115} INFO - [2024-04-04 20:59:34,084] {dag.py:2379} INFO - Sync 2 DAGs
[2024-04-04 20:59:34,094] {logging_mixin.py:115} INFO - [2024-04-04 20:59:34,093] {dag.py:2927} INFO - Setting next_dagrun for example_xcom_args to None, run_after=None
[2024-04-04 20:59:34,094] {logging_mixin.py:115} INFO - [2024-04-04 20:59:34,094] {dag.py:2927} INFO - Setting next_dagrun for example_xcom_args_with_operators to None, run_after=None
[2024-04-04 20:59:34,111] {processor.py:161} INFO - Processing /home/dimitri/dimitri/airflowalura/venv/lib/python3.10/site-packages/airflow/example_dags/example_xcomargs.py took 0.054 seconds
