[2024-04-04 20:28:55,393] {processor.py:153} INFO - Started process (PID=569868) to work on /home/dimitri/dimitri/airflowalura/venv/lib/python3.10/site-packages/airflow/example_dags/example_task_group_decorator.py
[2024-04-04 20:28:55,393] {processor.py:641} INFO - Processing file /home/dimitri/dimitri/airflowalura/venv/lib/python3.10/site-packages/airflow/example_dags/example_task_group_decorator.py for tasks to queue
[2024-04-04 20:28:55,393] {logging_mixin.py:115} INFO - [2024-04-04 20:28:55,393] {dagbag.py:507} INFO - Filling up the DagBag from /home/dimitri/dimitri/airflowalura/venv/lib/python3.10/site-packages/airflow/example_dags/example_task_group_decorator.py
[2024-04-04 20:28:55,411] {processor.py:651} INFO - DAG(s) dict_keys(['example_task_group_decorator']) retrieved from /home/dimitri/dimitri/airflowalura/venv/lib/python3.10/site-packages/airflow/example_dags/example_task_group_decorator.py
[2024-04-04 20:28:55,482] {logging_mixin.py:115} INFO - [2024-04-04 20:28:55,482] {manager.py:508} INFO - Created Permission View: can read on DAG:example_task_group_decorator
[2024-04-04 20:28:55,496] {logging_mixin.py:115} INFO - [2024-04-04 20:28:55,495] {manager.py:508} INFO - Created Permission View: can edit on DAG:example_task_group_decorator
[2024-04-04 20:28:55,506] {logging_mixin.py:115} INFO - [2024-04-04 20:28:55,506] {manager.py:508} INFO - Created Permission View: can delete on DAG:example_task_group_decorator
[2024-04-04 20:28:55,506] {logging_mixin.py:115} INFO - [2024-04-04 20:28:55,506] {dag.py:2379} INFO - Sync 1 DAGs
[2024-04-04 20:28:55,511] {logging_mixin.py:115} INFO - [2024-04-04 20:28:55,511] {dag.py:2398} INFO - Creating ORM DAG for example_task_group_decorator
[2024-04-04 20:28:55,517] {logging_mixin.py:115} INFO - [2024-04-04 20:28:55,517] {dag.py:2927} INFO - Setting next_dagrun for example_task_group_decorator to 2024-04-03T23:28:55.517198+00:00, run_after=2024-04-04T23:28:55.517198+00:00
[2024-04-04 20:28:55,533] {processor.py:161} INFO - Processing /home/dimitri/dimitri/airflowalura/venv/lib/python3.10/site-packages/airflow/example_dags/example_task_group_decorator.py took 0.142 seconds
[2024-04-04 20:29:31,550] {processor.py:153} INFO - Started process (PID=569937) to work on /home/dimitri/dimitri/airflowalura/venv/lib/python3.10/site-packages/airflow/example_dags/example_task_group_decorator.py
[2024-04-04 20:29:31,551] {processor.py:641} INFO - Processing file /home/dimitri/dimitri/airflowalura/venv/lib/python3.10/site-packages/airflow/example_dags/example_task_group_decorator.py for tasks to queue
[2024-04-04 20:29:31,551] {logging_mixin.py:115} INFO - [2024-04-04 20:29:31,551] {dagbag.py:507} INFO - Filling up the DagBag from /home/dimitri/dimitri/airflowalura/venv/lib/python3.10/site-packages/airflow/example_dags/example_task_group_decorator.py
[2024-04-04 20:29:31,600] {processor.py:651} INFO - DAG(s) dict_keys(['example_task_group_decorator']) retrieved from /home/dimitri/dimitri/airflowalura/venv/lib/python3.10/site-packages/airflow/example_dags/example_task_group_decorator.py
[2024-04-04 20:29:31,703] {logging_mixin.py:115} INFO - [2024-04-04 20:29:31,703] {dag.py:2379} INFO - Sync 1 DAGs
[2024-04-04 20:29:31,733] {logging_mixin.py:115} INFO - [2024-04-04 20:29:31,732] {dag.py:2927} INFO - Setting next_dagrun for example_task_group_decorator to 2024-04-03T23:29:31.731658+00:00, run_after=2024-04-04T23:29:31.731658+00:00
[2024-04-04 20:29:31,761] {processor.py:161} INFO - Processing /home/dimitri/dimitri/airflowalura/venv/lib/python3.10/site-packages/airflow/example_dags/example_task_group_decorator.py took 0.220 seconds
[2024-04-04 20:30:05,458] {processor.py:153} INFO - Started process (PID=570329) to work on /home/dimitri/dimitri/airflowalura/venv/lib/python3.10/site-packages/airflow/example_dags/example_task_group_decorator.py
[2024-04-04 20:30:05,460] {processor.py:641} INFO - Processing file /home/dimitri/dimitri/airflowalura/venv/lib/python3.10/site-packages/airflow/example_dags/example_task_group_decorator.py for tasks to queue
[2024-04-04 20:30:05,460] {logging_mixin.py:115} INFO - [2024-04-04 20:30:05,460] {dagbag.py:507} INFO - Filling up the DagBag from /home/dimitri/dimitri/airflowalura/venv/lib/python3.10/site-packages/airflow/example_dags/example_task_group_decorator.py
[2024-04-04 20:30:05,477] {processor.py:651} INFO - DAG(s) dict_keys(['example_task_group_decorator']) retrieved from /home/dimitri/dimitri/airflowalura/venv/lib/python3.10/site-packages/airflow/example_dags/example_task_group_decorator.py
[2024-04-04 20:30:05,502] {logging_mixin.py:115} INFO - [2024-04-04 20:30:05,502] {dag.py:2379} INFO - Sync 1 DAGs
[2024-04-04 20:30:05,510] {logging_mixin.py:115} INFO - [2024-04-04 20:30:05,510] {dag.py:2927} INFO - Setting next_dagrun for example_task_group_decorator to 2024-04-03T23:30:05.509961+00:00, run_after=2024-04-04T23:30:05.509961+00:00
[2024-04-04 20:30:05,526] {processor.py:161} INFO - Processing /home/dimitri/dimitri/airflowalura/venv/lib/python3.10/site-packages/airflow/example_dags/example_task_group_decorator.py took 0.070 seconds
[2024-04-04 20:30:36,484] {processor.py:153} INFO - Started process (PID=570458) to work on /home/dimitri/dimitri/airflowalura/venv/lib/python3.10/site-packages/airflow/example_dags/example_task_group_decorator.py
[2024-04-04 20:30:36,484] {processor.py:641} INFO - Processing file /home/dimitri/dimitri/airflowalura/venv/lib/python3.10/site-packages/airflow/example_dags/example_task_group_decorator.py for tasks to queue
[2024-04-04 20:30:36,485] {logging_mixin.py:115} INFO - [2024-04-04 20:30:36,485] {dagbag.py:507} INFO - Filling up the DagBag from /home/dimitri/dimitri/airflowalura/venv/lib/python3.10/site-packages/airflow/example_dags/example_task_group_decorator.py
[2024-04-04 20:30:36,502] {processor.py:651} INFO - DAG(s) dict_keys(['example_task_group_decorator']) retrieved from /home/dimitri/dimitri/airflowalura/venv/lib/python3.10/site-packages/airflow/example_dags/example_task_group_decorator.py
[2024-04-04 20:30:36,513] {logging_mixin.py:115} INFO - [2024-04-04 20:30:36,513] {dag.py:2379} INFO - Sync 1 DAGs
[2024-04-04 20:30:36,524] {logging_mixin.py:115} INFO - [2024-04-04 20:30:36,524] {dag.py:2927} INFO - Setting next_dagrun for example_task_group_decorator to 2024-04-03T23:30:36.524381+00:00, run_after=2024-04-04T23:30:36.524381+00:00
[2024-04-04 20:30:36,542] {processor.py:161} INFO - Processing /home/dimitri/dimitri/airflowalura/venv/lib/python3.10/site-packages/airflow/example_dags/example_task_group_decorator.py took 0.060 seconds
[2024-04-04 20:31:07,543] {processor.py:153} INFO - Started process (PID=570580) to work on /home/dimitri/dimitri/airflowalura/venv/lib/python3.10/site-packages/airflow/example_dags/example_task_group_decorator.py
[2024-04-04 20:31:07,545] {processor.py:641} INFO - Processing file /home/dimitri/dimitri/airflowalura/venv/lib/python3.10/site-packages/airflow/example_dags/example_task_group_decorator.py for tasks to queue
[2024-04-04 20:31:07,546] {logging_mixin.py:115} INFO - [2024-04-04 20:31:07,546] {dagbag.py:507} INFO - Filling up the DagBag from /home/dimitri/dimitri/airflowalura/venv/lib/python3.10/site-packages/airflow/example_dags/example_task_group_decorator.py
[2024-04-04 20:31:07,563] {processor.py:651} INFO - DAG(s) dict_keys(['example_task_group_decorator']) retrieved from /home/dimitri/dimitri/airflowalura/venv/lib/python3.10/site-packages/airflow/example_dags/example_task_group_decorator.py
[2024-04-04 20:31:07,589] {logging_mixin.py:115} INFO - [2024-04-04 20:31:07,589] {dag.py:2379} INFO - Sync 1 DAGs
[2024-04-04 20:31:07,598] {logging_mixin.py:115} INFO - [2024-04-04 20:31:07,598] {dag.py:2927} INFO - Setting next_dagrun for example_task_group_decorator to 2024-04-03T23:31:07.597943+00:00, run_after=2024-04-04T23:31:07.597943+00:00
[2024-04-04 20:31:07,613] {processor.py:161} INFO - Processing /home/dimitri/dimitri/airflowalura/venv/lib/python3.10/site-packages/airflow/example_dags/example_task_group_decorator.py took 0.072 seconds
[2024-04-04 20:31:39,658] {processor.py:153} INFO - Started process (PID=570709) to work on /home/dimitri/dimitri/airflowalura/venv/lib/python3.10/site-packages/airflow/example_dags/example_task_group_decorator.py
[2024-04-04 20:31:39,660] {processor.py:641} INFO - Processing file /home/dimitri/dimitri/airflowalura/venv/lib/python3.10/site-packages/airflow/example_dags/example_task_group_decorator.py for tasks to queue
[2024-04-04 20:31:39,661] {logging_mixin.py:115} INFO - [2024-04-04 20:31:39,661] {dagbag.py:507} INFO - Filling up the DagBag from /home/dimitri/dimitri/airflowalura/venv/lib/python3.10/site-packages/airflow/example_dags/example_task_group_decorator.py
[2024-04-04 20:31:39,677] {processor.py:651} INFO - DAG(s) dict_keys(['example_task_group_decorator']) retrieved from /home/dimitri/dimitri/airflowalura/venv/lib/python3.10/site-packages/airflow/example_dags/example_task_group_decorator.py
[2024-04-04 20:31:39,699] {logging_mixin.py:115} INFO - [2024-04-04 20:31:39,699] {dag.py:2379} INFO - Sync 1 DAGs
[2024-04-04 20:31:39,706] {logging_mixin.py:115} INFO - [2024-04-04 20:31:39,706] {dag.py:2927} INFO - Setting next_dagrun for example_task_group_decorator to 2024-04-03T23:31:39.706655+00:00, run_after=2024-04-04T23:31:39.706655+00:00
[2024-04-04 20:31:39,723] {processor.py:161} INFO - Processing /home/dimitri/dimitri/airflowalura/venv/lib/python3.10/site-packages/airflow/example_dags/example_task_group_decorator.py took 0.067 seconds
[2024-04-04 20:32:13,363] {processor.py:153} INFO - Started process (PID=570841) to work on /home/dimitri/dimitri/airflowalura/venv/lib/python3.10/site-packages/airflow/example_dags/example_task_group_decorator.py
[2024-04-04 20:32:13,365] {processor.py:641} INFO - Processing file /home/dimitri/dimitri/airflowalura/venv/lib/python3.10/site-packages/airflow/example_dags/example_task_group_decorator.py for tasks to queue
[2024-04-04 20:32:13,366] {logging_mixin.py:115} INFO - [2024-04-04 20:32:13,366] {dagbag.py:507} INFO - Filling up the DagBag from /home/dimitri/dimitri/airflowalura/venv/lib/python3.10/site-packages/airflow/example_dags/example_task_group_decorator.py
[2024-04-04 20:32:13,381] {processor.py:651} INFO - DAG(s) dict_keys(['example_task_group_decorator']) retrieved from /home/dimitri/dimitri/airflowalura/venv/lib/python3.10/site-packages/airflow/example_dags/example_task_group_decorator.py
[2024-04-04 20:32:13,403] {logging_mixin.py:115} INFO - [2024-04-04 20:32:13,403] {dag.py:2379} INFO - Sync 1 DAGs
[2024-04-04 20:32:13,411] {logging_mixin.py:115} INFO - [2024-04-04 20:32:13,411] {dag.py:2927} INFO - Setting next_dagrun for example_task_group_decorator to 2024-04-03T23:32:13.411057+00:00, run_after=2024-04-04T23:32:13.411057+00:00
[2024-04-04 20:32:13,427] {processor.py:161} INFO - Processing /home/dimitri/dimitri/airflowalura/venv/lib/python3.10/site-packages/airflow/example_dags/example_task_group_decorator.py took 0.067 seconds
[2024-04-04 20:32:44,646] {processor.py:153} INFO - Started process (PID=571106) to work on /home/dimitri/dimitri/airflowalura/venv/lib/python3.10/site-packages/airflow/example_dags/example_task_group_decorator.py
[2024-04-04 20:32:44,648] {processor.py:641} INFO - Processing file /home/dimitri/dimitri/airflowalura/venv/lib/python3.10/site-packages/airflow/example_dags/example_task_group_decorator.py for tasks to queue
[2024-04-04 20:32:44,649] {logging_mixin.py:115} INFO - [2024-04-04 20:32:44,649] {dagbag.py:507} INFO - Filling up the DagBag from /home/dimitri/dimitri/airflowalura/venv/lib/python3.10/site-packages/airflow/example_dags/example_task_group_decorator.py
[2024-04-04 20:32:44,679] {processor.py:651} INFO - DAG(s) dict_keys(['example_task_group_decorator']) retrieved from /home/dimitri/dimitri/airflowalura/venv/lib/python3.10/site-packages/airflow/example_dags/example_task_group_decorator.py
[2024-04-04 20:32:44,738] {logging_mixin.py:115} INFO - [2024-04-04 20:32:44,738] {dag.py:2379} INFO - Sync 1 DAGs
[2024-04-04 20:32:44,753] {logging_mixin.py:115} INFO - [2024-04-04 20:32:44,753] {dag.py:2927} INFO - Setting next_dagrun for example_task_group_decorator to 2024-04-03T23:32:44.753292+00:00, run_after=2024-04-04T23:32:44.753292+00:00
[2024-04-04 20:32:44,774] {processor.py:161} INFO - Processing /home/dimitri/dimitri/airflowalura/venv/lib/python3.10/site-packages/airflow/example_dags/example_task_group_decorator.py took 0.130 seconds
[2024-04-04 20:33:16,544] {processor.py:153} INFO - Started process (PID=571242) to work on /home/dimitri/dimitri/airflowalura/venv/lib/python3.10/site-packages/airflow/example_dags/example_task_group_decorator.py
[2024-04-04 20:33:16,546] {processor.py:641} INFO - Processing file /home/dimitri/dimitri/airflowalura/venv/lib/python3.10/site-packages/airflow/example_dags/example_task_group_decorator.py for tasks to queue
[2024-04-04 20:33:16,546] {logging_mixin.py:115} INFO - [2024-04-04 20:33:16,546] {dagbag.py:507} INFO - Filling up the DagBag from /home/dimitri/dimitri/airflowalura/venv/lib/python3.10/site-packages/airflow/example_dags/example_task_group_decorator.py
[2024-04-04 20:33:16,564] {processor.py:651} INFO - DAG(s) dict_keys(['example_task_group_decorator']) retrieved from /home/dimitri/dimitri/airflowalura/venv/lib/python3.10/site-packages/airflow/example_dags/example_task_group_decorator.py
[2024-04-04 20:33:16,576] {logging_mixin.py:115} INFO - [2024-04-04 20:33:16,576] {dag.py:2379} INFO - Sync 1 DAGs
[2024-04-04 20:33:16,588] {logging_mixin.py:115} INFO - [2024-04-04 20:33:16,588] {dag.py:2927} INFO - Setting next_dagrun for example_task_group_decorator to 2024-04-03T23:33:16.588050+00:00, run_after=2024-04-04T23:33:16.588050+00:00
[2024-04-04 20:33:16,607] {processor.py:161} INFO - Processing /home/dimitri/dimitri/airflowalura/venv/lib/python3.10/site-packages/airflow/example_dags/example_task_group_decorator.py took 0.065 seconds
[2024-04-04 20:33:49,121] {processor.py:153} INFO - Started process (PID=571368) to work on /home/dimitri/dimitri/airflowalura/venv/lib/python3.10/site-packages/airflow/example_dags/example_task_group_decorator.py
[2024-04-04 20:33:49,123] {processor.py:641} INFO - Processing file /home/dimitri/dimitri/airflowalura/venv/lib/python3.10/site-packages/airflow/example_dags/example_task_group_decorator.py for tasks to queue
[2024-04-04 20:33:49,124] {logging_mixin.py:115} INFO - [2024-04-04 20:33:49,124] {dagbag.py:507} INFO - Filling up the DagBag from /home/dimitri/dimitri/airflowalura/venv/lib/python3.10/site-packages/airflow/example_dags/example_task_group_decorator.py
[2024-04-04 20:33:49,140] {processor.py:651} INFO - DAG(s) dict_keys(['example_task_group_decorator']) retrieved from /home/dimitri/dimitri/airflowalura/venv/lib/python3.10/site-packages/airflow/example_dags/example_task_group_decorator.py
[2024-04-04 20:33:49,150] {logging_mixin.py:115} INFO - [2024-04-04 20:33:49,150] {dag.py:2379} INFO - Sync 1 DAGs
[2024-04-04 20:33:49,161] {logging_mixin.py:115} INFO - [2024-04-04 20:33:49,161] {dag.py:2927} INFO - Setting next_dagrun for example_task_group_decorator to 2024-04-03T23:33:49.160915+00:00, run_after=2024-04-04T23:33:49.160915+00:00
[2024-04-04 20:33:49,176] {processor.py:161} INFO - Processing /home/dimitri/dimitri/airflowalura/venv/lib/python3.10/site-packages/airflow/example_dags/example_task_group_decorator.py took 0.058 seconds
[2024-04-04 20:34:22,310] {processor.py:153} INFO - Started process (PID=571497) to work on /home/dimitri/dimitri/airflowalura/venv/lib/python3.10/site-packages/airflow/example_dags/example_task_group_decorator.py
[2024-04-04 20:34:22,313] {processor.py:641} INFO - Processing file /home/dimitri/dimitri/airflowalura/venv/lib/python3.10/site-packages/airflow/example_dags/example_task_group_decorator.py for tasks to queue
[2024-04-04 20:34:22,313] {logging_mixin.py:115} INFO - [2024-04-04 20:34:22,313] {dagbag.py:507} INFO - Filling up the DagBag from /home/dimitri/dimitri/airflowalura/venv/lib/python3.10/site-packages/airflow/example_dags/example_task_group_decorator.py
[2024-04-04 20:34:22,331] {processor.py:651} INFO - DAG(s) dict_keys(['example_task_group_decorator']) retrieved from /home/dimitri/dimitri/airflowalura/venv/lib/python3.10/site-packages/airflow/example_dags/example_task_group_decorator.py
[2024-04-04 20:34:22,340] {logging_mixin.py:115} INFO - [2024-04-04 20:34:22,340] {dag.py:2379} INFO - Sync 1 DAGs
[2024-04-04 20:34:22,349] {logging_mixin.py:115} INFO - [2024-04-04 20:34:22,349] {dag.py:2927} INFO - Setting next_dagrun for example_task_group_decorator to 2024-04-03T23:34:22.348954+00:00, run_after=2024-04-04T23:34:22.348954+00:00
[2024-04-04 20:34:22,364] {processor.py:161} INFO - Processing /home/dimitri/dimitri/airflowalura/venv/lib/python3.10/site-packages/airflow/example_dags/example_task_group_decorator.py took 0.056 seconds
[2024-04-04 20:34:55,274] {processor.py:153} INFO - Started process (PID=571629) to work on /home/dimitri/dimitri/airflowalura/venv/lib/python3.10/site-packages/airflow/example_dags/example_task_group_decorator.py
[2024-04-04 20:34:55,277] {processor.py:641} INFO - Processing file /home/dimitri/dimitri/airflowalura/venv/lib/python3.10/site-packages/airflow/example_dags/example_task_group_decorator.py for tasks to queue
[2024-04-04 20:34:55,277] {logging_mixin.py:115} INFO - [2024-04-04 20:34:55,277] {dagbag.py:507} INFO - Filling up the DagBag from /home/dimitri/dimitri/airflowalura/venv/lib/python3.10/site-packages/airflow/example_dags/example_task_group_decorator.py
[2024-04-04 20:34:55,292] {processor.py:651} INFO - DAG(s) dict_keys(['example_task_group_decorator']) retrieved from /home/dimitri/dimitri/airflowalura/venv/lib/python3.10/site-packages/airflow/example_dags/example_task_group_decorator.py
[2024-04-04 20:34:55,302] {logging_mixin.py:115} INFO - [2024-04-04 20:34:55,302] {dag.py:2379} INFO - Sync 1 DAGs
[2024-04-04 20:34:55,312] {logging_mixin.py:115} INFO - [2024-04-04 20:34:55,312] {dag.py:2927} INFO - Setting next_dagrun for example_task_group_decorator to 2024-04-03T23:34:55.311994+00:00, run_after=2024-04-04T23:34:55.311994+00:00
[2024-04-04 20:34:55,327] {processor.py:161} INFO - Processing /home/dimitri/dimitri/airflowalura/venv/lib/python3.10/site-packages/airflow/example_dags/example_task_group_decorator.py took 0.055 seconds
[2024-04-04 20:35:27,003] {processor.py:153} INFO - Started process (PID=571754) to work on /home/dimitri/dimitri/airflowalura/venv/lib/python3.10/site-packages/airflow/example_dags/example_task_group_decorator.py
[2024-04-04 20:35:27,005] {processor.py:641} INFO - Processing file /home/dimitri/dimitri/airflowalura/venv/lib/python3.10/site-packages/airflow/example_dags/example_task_group_decorator.py for tasks to queue
[2024-04-04 20:35:27,006] {logging_mixin.py:115} INFO - [2024-04-04 20:35:27,005] {dagbag.py:507} INFO - Filling up the DagBag from /home/dimitri/dimitri/airflowalura/venv/lib/python3.10/site-packages/airflow/example_dags/example_task_group_decorator.py
[2024-04-04 20:35:27,021] {processor.py:651} INFO - DAG(s) dict_keys(['example_task_group_decorator']) retrieved from /home/dimitri/dimitri/airflowalura/venv/lib/python3.10/site-packages/airflow/example_dags/example_task_group_decorator.py
[2024-04-04 20:35:27,032] {logging_mixin.py:115} INFO - [2024-04-04 20:35:27,032] {dag.py:2379} INFO - Sync 1 DAGs
[2024-04-04 20:35:27,044] {logging_mixin.py:115} INFO - [2024-04-04 20:35:27,044] {dag.py:2927} INFO - Setting next_dagrun for example_task_group_decorator to 2024-04-03T23:35:27.044268+00:00, run_after=2024-04-04T23:35:27.044268+00:00
[2024-04-04 20:35:27,060] {processor.py:161} INFO - Processing /home/dimitri/dimitri/airflowalura/venv/lib/python3.10/site-packages/airflow/example_dags/example_task_group_decorator.py took 0.058 seconds
[2024-04-04 20:35:57,948] {processor.py:153} INFO - Started process (PID=571876) to work on /home/dimitri/dimitri/airflowalura/venv/lib/python3.10/site-packages/airflow/example_dags/example_task_group_decorator.py
[2024-04-04 20:35:57,950] {processor.py:641} INFO - Processing file /home/dimitri/dimitri/airflowalura/venv/lib/python3.10/site-packages/airflow/example_dags/example_task_group_decorator.py for tasks to queue
[2024-04-04 20:35:57,951] {logging_mixin.py:115} INFO - [2024-04-04 20:35:57,951] {dagbag.py:507} INFO - Filling up the DagBag from /home/dimitri/dimitri/airflowalura/venv/lib/python3.10/site-packages/airflow/example_dags/example_task_group_decorator.py
[2024-04-04 20:35:57,967] {processor.py:651} INFO - DAG(s) dict_keys(['example_task_group_decorator']) retrieved from /home/dimitri/dimitri/airflowalura/venv/lib/python3.10/site-packages/airflow/example_dags/example_task_group_decorator.py
[2024-04-04 20:35:57,976] {logging_mixin.py:115} INFO - [2024-04-04 20:35:57,976] {dag.py:2379} INFO - Sync 1 DAGs
[2024-04-04 20:35:57,986] {logging_mixin.py:115} INFO - [2024-04-04 20:35:57,986] {dag.py:2927} INFO - Setting next_dagrun for example_task_group_decorator to 2024-04-03T23:35:57.985888+00:00, run_after=2024-04-04T23:35:57.985888+00:00
[2024-04-04 20:35:58,002] {processor.py:161} INFO - Processing /home/dimitri/dimitri/airflowalura/venv/lib/python3.10/site-packages/airflow/example_dags/example_task_group_decorator.py took 0.055 seconds
[2024-04-04 20:36:13,873] {processor.py:153} INFO - Started process (PID=571950) to work on /home/dimitri/dimitri/airflowalura/venv/lib/python3.10/site-packages/airflow/example_dags/example_task_group_decorator.py
[2024-04-04 20:36:13,876] {processor.py:641} INFO - Processing file /home/dimitri/dimitri/airflowalura/venv/lib/python3.10/site-packages/airflow/example_dags/example_task_group_decorator.py for tasks to queue
[2024-04-04 20:36:13,877] {logging_mixin.py:115} INFO - [2024-04-04 20:36:13,877] {dagbag.py:507} INFO - Filling up the DagBag from /home/dimitri/dimitri/airflowalura/venv/lib/python3.10/site-packages/airflow/example_dags/example_task_group_decorator.py
[2024-04-04 20:36:13,891] {processor.py:651} INFO - DAG(s) dict_keys(['example_task_group_decorator']) retrieved from /home/dimitri/dimitri/airflowalura/venv/lib/python3.10/site-packages/airflow/example_dags/example_task_group_decorator.py
[2024-04-04 20:36:13,915] {logging_mixin.py:115} INFO - [2024-04-04 20:36:13,915] {dag.py:2379} INFO - Sync 1 DAGs
[2024-04-04 20:36:13,923] {logging_mixin.py:115} INFO - [2024-04-04 20:36:13,923] {dag.py:2927} INFO - Setting next_dagrun for example_task_group_decorator to 2024-04-03T23:36:13.923514+00:00, run_after=2024-04-04T23:36:13.923514+00:00
[2024-04-04 20:36:13,939] {processor.py:161} INFO - Processing /home/dimitri/dimitri/airflowalura/venv/lib/python3.10/site-packages/airflow/example_dags/example_task_group_decorator.py took 0.069 seconds
[2024-04-04 20:36:46,003] {processor.py:153} INFO - Started process (PID=572077) to work on /home/dimitri/dimitri/airflowalura/venv/lib/python3.10/site-packages/airflow/example_dags/example_task_group_decorator.py
[2024-04-04 20:36:46,006] {processor.py:641} INFO - Processing file /home/dimitri/dimitri/airflowalura/venv/lib/python3.10/site-packages/airflow/example_dags/example_task_group_decorator.py for tasks to queue
[2024-04-04 20:36:46,007] {logging_mixin.py:115} INFO - [2024-04-04 20:36:46,007] {dagbag.py:507} INFO - Filling up the DagBag from /home/dimitri/dimitri/airflowalura/venv/lib/python3.10/site-packages/airflow/example_dags/example_task_group_decorator.py
[2024-04-04 20:36:46,022] {processor.py:651} INFO - DAG(s) dict_keys(['example_task_group_decorator']) retrieved from /home/dimitri/dimitri/airflowalura/venv/lib/python3.10/site-packages/airflow/example_dags/example_task_group_decorator.py
[2024-04-04 20:36:46,032] {logging_mixin.py:115} INFO - [2024-04-04 20:36:46,032] {dag.py:2379} INFO - Sync 1 DAGs
[2024-04-04 20:36:46,041] {logging_mixin.py:115} INFO - [2024-04-04 20:36:46,041] {dag.py:2927} INFO - Setting next_dagrun for example_task_group_decorator to 2024-04-03T23:36:46.040959+00:00, run_after=2024-04-04T23:36:46.040959+00:00
[2024-04-04 20:36:46,056] {processor.py:161} INFO - Processing /home/dimitri/dimitri/airflowalura/venv/lib/python3.10/site-packages/airflow/example_dags/example_task_group_decorator.py took 0.056 seconds
[2024-04-04 20:37:21,003] {processor.py:153} INFO - Started process (PID=572217) to work on /home/dimitri/dimitri/airflowalura/venv/lib/python3.10/site-packages/airflow/example_dags/example_task_group_decorator.py
[2024-04-04 20:37:21,005] {processor.py:641} INFO - Processing file /home/dimitri/dimitri/airflowalura/venv/lib/python3.10/site-packages/airflow/example_dags/example_task_group_decorator.py for tasks to queue
[2024-04-04 20:37:21,006] {logging_mixin.py:115} INFO - [2024-04-04 20:37:21,006] {dagbag.py:507} INFO - Filling up the DagBag from /home/dimitri/dimitri/airflowalura/venv/lib/python3.10/site-packages/airflow/example_dags/example_task_group_decorator.py
[2024-04-04 20:37:21,022] {processor.py:651} INFO - DAG(s) dict_keys(['example_task_group_decorator']) retrieved from /home/dimitri/dimitri/airflowalura/venv/lib/python3.10/site-packages/airflow/example_dags/example_task_group_decorator.py
[2024-04-04 20:37:21,032] {logging_mixin.py:115} INFO - [2024-04-04 20:37:21,032] {dag.py:2379} INFO - Sync 1 DAGs
[2024-04-04 20:37:21,042] {logging_mixin.py:115} INFO - [2024-04-04 20:37:21,042] {dag.py:2927} INFO - Setting next_dagrun for example_task_group_decorator to 2024-04-03T23:37:21.042400+00:00, run_after=2024-04-04T23:37:21.042400+00:00
[2024-04-04 20:37:21,057] {processor.py:161} INFO - Processing /home/dimitri/dimitri/airflowalura/venv/lib/python3.10/site-packages/airflow/example_dags/example_task_group_decorator.py took 0.056 seconds
[2024-04-04 20:37:54,140] {processor.py:153} INFO - Started process (PID=572350) to work on /home/dimitri/dimitri/airflowalura/venv/lib/python3.10/site-packages/airflow/example_dags/example_task_group_decorator.py
[2024-04-04 20:37:54,142] {processor.py:641} INFO - Processing file /home/dimitri/dimitri/airflowalura/venv/lib/python3.10/site-packages/airflow/example_dags/example_task_group_decorator.py for tasks to queue
[2024-04-04 20:37:54,142] {logging_mixin.py:115} INFO - [2024-04-04 20:37:54,142] {dagbag.py:507} INFO - Filling up the DagBag from /home/dimitri/dimitri/airflowalura/venv/lib/python3.10/site-packages/airflow/example_dags/example_task_group_decorator.py
[2024-04-04 20:37:54,160] {processor.py:651} INFO - DAG(s) dict_keys(['example_task_group_decorator']) retrieved from /home/dimitri/dimitri/airflowalura/venv/lib/python3.10/site-packages/airflow/example_dags/example_task_group_decorator.py
[2024-04-04 20:37:54,173] {logging_mixin.py:115} INFO - [2024-04-04 20:37:54,172] {dag.py:2379} INFO - Sync 1 DAGs
[2024-04-04 20:37:54,182] {logging_mixin.py:115} INFO - [2024-04-04 20:37:54,182] {dag.py:2927} INFO - Setting next_dagrun for example_task_group_decorator to 2024-04-03T23:37:54.182225+00:00, run_after=2024-04-04T23:37:54.182225+00:00
[2024-04-04 20:37:54,199] {processor.py:161} INFO - Processing /home/dimitri/dimitri/airflowalura/venv/lib/python3.10/site-packages/airflow/example_dags/example_task_group_decorator.py took 0.061 seconds
[2024-04-04 20:38:28,857] {processor.py:153} INFO - Started process (PID=572489) to work on /home/dimitri/dimitri/airflowalura/venv/lib/python3.10/site-packages/airflow/example_dags/example_task_group_decorator.py
[2024-04-04 20:38:28,859] {processor.py:641} INFO - Processing file /home/dimitri/dimitri/airflowalura/venv/lib/python3.10/site-packages/airflow/example_dags/example_task_group_decorator.py for tasks to queue
[2024-04-04 20:38:28,859] {logging_mixin.py:115} INFO - [2024-04-04 20:38:28,859] {dagbag.py:507} INFO - Filling up the DagBag from /home/dimitri/dimitri/airflowalura/venv/lib/python3.10/site-packages/airflow/example_dags/example_task_group_decorator.py
[2024-04-04 20:38:28,875] {processor.py:651} INFO - DAG(s) dict_keys(['example_task_group_decorator']) retrieved from /home/dimitri/dimitri/airflowalura/venv/lib/python3.10/site-packages/airflow/example_dags/example_task_group_decorator.py
[2024-04-04 20:38:28,884] {logging_mixin.py:115} INFO - [2024-04-04 20:38:28,884] {dag.py:2379} INFO - Sync 1 DAGs
[2024-04-04 20:38:28,893] {logging_mixin.py:115} INFO - [2024-04-04 20:38:28,893] {dag.py:2927} INFO - Setting next_dagrun for example_task_group_decorator to 2024-04-03T23:38:28.893210+00:00, run_after=2024-04-04T23:38:28.893210+00:00
[2024-04-04 20:38:28,908] {processor.py:161} INFO - Processing /home/dimitri/dimitri/airflowalura/venv/lib/python3.10/site-packages/airflow/example_dags/example_task_group_decorator.py took 0.053 seconds
[2024-04-04 20:39:02,005] {processor.py:153} INFO - Started process (PID=572619) to work on /home/dimitri/dimitri/airflowalura/venv/lib/python3.10/site-packages/airflow/example_dags/example_task_group_decorator.py
[2024-04-04 20:39:02,008] {processor.py:641} INFO - Processing file /home/dimitri/dimitri/airflowalura/venv/lib/python3.10/site-packages/airflow/example_dags/example_task_group_decorator.py for tasks to queue
[2024-04-04 20:39:02,008] {logging_mixin.py:115} INFO - [2024-04-04 20:39:02,008] {dagbag.py:507} INFO - Filling up the DagBag from /home/dimitri/dimitri/airflowalura/venv/lib/python3.10/site-packages/airflow/example_dags/example_task_group_decorator.py
[2024-04-04 20:39:02,033] {processor.py:651} INFO - DAG(s) dict_keys(['example_task_group_decorator']) retrieved from /home/dimitri/dimitri/airflowalura/venv/lib/python3.10/site-packages/airflow/example_dags/example_task_group_decorator.py
[2024-04-04 20:39:02,053] {logging_mixin.py:115} INFO - [2024-04-04 20:39:02,053] {dag.py:2379} INFO - Sync 1 DAGs
[2024-04-04 20:39:02,064] {logging_mixin.py:115} INFO - [2024-04-04 20:39:02,064] {dag.py:2927} INFO - Setting next_dagrun for example_task_group_decorator to 2024-04-03T23:39:02.064286+00:00, run_after=2024-04-04T23:39:02.064286+00:00
[2024-04-04 20:39:02,082] {processor.py:161} INFO - Processing /home/dimitri/dimitri/airflowalura/venv/lib/python3.10/site-packages/airflow/example_dags/example_task_group_decorator.py took 0.079 seconds
[2024-04-04 20:39:35,224] {processor.py:153} INFO - Started process (PID=572750) to work on /home/dimitri/dimitri/airflowalura/venv/lib/python3.10/site-packages/airflow/example_dags/example_task_group_decorator.py
[2024-04-04 20:39:35,226] {processor.py:641} INFO - Processing file /home/dimitri/dimitri/airflowalura/venv/lib/python3.10/site-packages/airflow/example_dags/example_task_group_decorator.py for tasks to queue
[2024-04-04 20:39:35,227] {logging_mixin.py:115} INFO - [2024-04-04 20:39:35,226] {dagbag.py:507} INFO - Filling up the DagBag from /home/dimitri/dimitri/airflowalura/venv/lib/python3.10/site-packages/airflow/example_dags/example_task_group_decorator.py
[2024-04-04 20:39:35,242] {processor.py:651} INFO - DAG(s) dict_keys(['example_task_group_decorator']) retrieved from /home/dimitri/dimitri/airflowalura/venv/lib/python3.10/site-packages/airflow/example_dags/example_task_group_decorator.py
[2024-04-04 20:39:35,252] {logging_mixin.py:115} INFO - [2024-04-04 20:39:35,252] {dag.py:2379} INFO - Sync 1 DAGs
[2024-04-04 20:39:35,267] {logging_mixin.py:115} INFO - [2024-04-04 20:39:35,267] {dag.py:2927} INFO - Setting next_dagrun for example_task_group_decorator to 2024-04-03T23:39:35.266937+00:00, run_after=2024-04-04T23:39:35.266937+00:00
[2024-04-04 20:39:35,282] {processor.py:161} INFO - Processing /home/dimitri/dimitri/airflowalura/venv/lib/python3.10/site-packages/airflow/example_dags/example_task_group_decorator.py took 0.061 seconds
[2024-04-04 20:40:08,697] {processor.py:153} INFO - Started process (PID=572883) to work on /home/dimitri/dimitri/airflowalura/venv/lib/python3.10/site-packages/airflow/example_dags/example_task_group_decorator.py
[2024-04-04 20:40:08,699] {processor.py:641} INFO - Processing file /home/dimitri/dimitri/airflowalura/venv/lib/python3.10/site-packages/airflow/example_dags/example_task_group_decorator.py for tasks to queue
[2024-04-04 20:40:08,700] {logging_mixin.py:115} INFO - [2024-04-04 20:40:08,700] {dagbag.py:507} INFO - Filling up the DagBag from /home/dimitri/dimitri/airflowalura/venv/lib/python3.10/site-packages/airflow/example_dags/example_task_group_decorator.py
[2024-04-04 20:40:08,716] {processor.py:651} INFO - DAG(s) dict_keys(['example_task_group_decorator']) retrieved from /home/dimitri/dimitri/airflowalura/venv/lib/python3.10/site-packages/airflow/example_dags/example_task_group_decorator.py
[2024-04-04 20:40:08,728] {logging_mixin.py:115} INFO - [2024-04-04 20:40:08,728] {dag.py:2379} INFO - Sync 1 DAGs
[2024-04-04 20:40:08,737] {logging_mixin.py:115} INFO - [2024-04-04 20:40:08,737] {dag.py:2927} INFO - Setting next_dagrun for example_task_group_decorator to 2024-04-03T23:40:08.737352+00:00, run_after=2024-04-04T23:40:08.737352+00:00
[2024-04-04 20:40:08,752] {processor.py:161} INFO - Processing /home/dimitri/dimitri/airflowalura/venv/lib/python3.10/site-packages/airflow/example_dags/example_task_group_decorator.py took 0.058 seconds
[2024-04-04 20:40:43,891] {processor.py:153} INFO - Started process (PID=573020) to work on /home/dimitri/dimitri/airflowalura/venv/lib/python3.10/site-packages/airflow/example_dags/example_task_group_decorator.py
[2024-04-04 20:40:43,895] {processor.py:641} INFO - Processing file /home/dimitri/dimitri/airflowalura/venv/lib/python3.10/site-packages/airflow/example_dags/example_task_group_decorator.py for tasks to queue
[2024-04-04 20:40:43,895] {logging_mixin.py:115} INFO - [2024-04-04 20:40:43,895] {dagbag.py:507} INFO - Filling up the DagBag from /home/dimitri/dimitri/airflowalura/venv/lib/python3.10/site-packages/airflow/example_dags/example_task_group_decorator.py
[2024-04-04 20:40:43,911] {processor.py:651} INFO - DAG(s) dict_keys(['example_task_group_decorator']) retrieved from /home/dimitri/dimitri/airflowalura/venv/lib/python3.10/site-packages/airflow/example_dags/example_task_group_decorator.py
[2024-04-04 20:40:43,923] {logging_mixin.py:115} INFO - [2024-04-04 20:40:43,923] {dag.py:2379} INFO - Sync 1 DAGs
[2024-04-04 20:40:43,935] {logging_mixin.py:115} INFO - [2024-04-04 20:40:43,935] {dag.py:2927} INFO - Setting next_dagrun for example_task_group_decorator to 2024-04-03T23:40:43.935485+00:00, run_after=2024-04-04T23:40:43.935485+00:00
[2024-04-04 20:40:43,952] {processor.py:161} INFO - Processing /home/dimitri/dimitri/airflowalura/venv/lib/python3.10/site-packages/airflow/example_dags/example_task_group_decorator.py took 0.063 seconds
[2024-04-04 20:41:02,322] {processor.py:153} INFO - Started process (PID=573103) to work on /home/dimitri/dimitri/airflowalura/venv/lib/python3.10/site-packages/airflow/example_dags/example_task_group_decorator.py
[2024-04-04 20:41:02,324] {processor.py:641} INFO - Processing file /home/dimitri/dimitri/airflowalura/venv/lib/python3.10/site-packages/airflow/example_dags/example_task_group_decorator.py for tasks to queue
[2024-04-04 20:41:02,324] {logging_mixin.py:115} INFO - [2024-04-04 20:41:02,324] {dagbag.py:507} INFO - Filling up the DagBag from /home/dimitri/dimitri/airflowalura/venv/lib/python3.10/site-packages/airflow/example_dags/example_task_group_decorator.py
[2024-04-04 20:41:02,341] {processor.py:651} INFO - DAG(s) dict_keys(['example_task_group_decorator']) retrieved from /home/dimitri/dimitri/airflowalura/venv/lib/python3.10/site-packages/airflow/example_dags/example_task_group_decorator.py
[2024-04-04 20:41:02,365] {logging_mixin.py:115} INFO - [2024-04-04 20:41:02,365] {dag.py:2379} INFO - Sync 1 DAGs
[2024-04-04 20:41:02,373] {logging_mixin.py:115} INFO - [2024-04-04 20:41:02,373] {dag.py:2927} INFO - Setting next_dagrun for example_task_group_decorator to 2024-04-03T23:41:02.373345+00:00, run_after=2024-04-04T23:41:02.373345+00:00
[2024-04-04 20:41:02,388] {processor.py:161} INFO - Processing /home/dimitri/dimitri/airflowalura/venv/lib/python3.10/site-packages/airflow/example_dags/example_task_group_decorator.py took 0.068 seconds
[2024-04-04 20:41:34,658] {processor.py:153} INFO - Started process (PID=573234) to work on /home/dimitri/dimitri/airflowalura/venv/lib/python3.10/site-packages/airflow/example_dags/example_task_group_decorator.py
[2024-04-04 20:41:34,660] {processor.py:641} INFO - Processing file /home/dimitri/dimitri/airflowalura/venv/lib/python3.10/site-packages/airflow/example_dags/example_task_group_decorator.py for tasks to queue
[2024-04-04 20:41:34,661] {logging_mixin.py:115} INFO - [2024-04-04 20:41:34,661] {dagbag.py:507} INFO - Filling up the DagBag from /home/dimitri/dimitri/airflowalura/venv/lib/python3.10/site-packages/airflow/example_dags/example_task_group_decorator.py
[2024-04-04 20:41:34,684] {processor.py:651} INFO - DAG(s) dict_keys(['example_task_group_decorator']) retrieved from /home/dimitri/dimitri/airflowalura/venv/lib/python3.10/site-packages/airflow/example_dags/example_task_group_decorator.py
[2024-04-04 20:41:34,695] {logging_mixin.py:115} INFO - [2024-04-04 20:41:34,695] {dag.py:2379} INFO - Sync 1 DAGs
[2024-04-04 20:41:34,706] {logging_mixin.py:115} INFO - [2024-04-04 20:41:34,706] {dag.py:2927} INFO - Setting next_dagrun for example_task_group_decorator to 2024-04-03T23:41:34.705990+00:00, run_after=2024-04-04T23:41:34.705990+00:00
[2024-04-04 20:41:34,722] {processor.py:161} INFO - Processing /home/dimitri/dimitri/airflowalura/venv/lib/python3.10/site-packages/airflow/example_dags/example_task_group_decorator.py took 0.066 seconds
[2024-04-04 20:42:10,755] {processor.py:153} INFO - Started process (PID=573376) to work on /home/dimitri/dimitri/airflowalura/venv/lib/python3.10/site-packages/airflow/example_dags/example_task_group_decorator.py
[2024-04-04 20:42:10,758] {processor.py:641} INFO - Processing file /home/dimitri/dimitri/airflowalura/venv/lib/python3.10/site-packages/airflow/example_dags/example_task_group_decorator.py for tasks to queue
[2024-04-04 20:42:10,758] {logging_mixin.py:115} INFO - [2024-04-04 20:42:10,758] {dagbag.py:507} INFO - Filling up the DagBag from /home/dimitri/dimitri/airflowalura/venv/lib/python3.10/site-packages/airflow/example_dags/example_task_group_decorator.py
[2024-04-04 20:42:10,775] {processor.py:651} INFO - DAG(s) dict_keys(['example_task_group_decorator']) retrieved from /home/dimitri/dimitri/airflowalura/venv/lib/python3.10/site-packages/airflow/example_dags/example_task_group_decorator.py
[2024-04-04 20:42:10,785] {logging_mixin.py:115} INFO - [2024-04-04 20:42:10,785] {dag.py:2379} INFO - Sync 1 DAGs
[2024-04-04 20:42:10,801] {logging_mixin.py:115} INFO - [2024-04-04 20:42:10,801] {dag.py:2927} INFO - Setting next_dagrun for example_task_group_decorator to 2024-04-03T23:42:10.800991+00:00, run_after=2024-04-04T23:42:10.800991+00:00
[2024-04-04 20:42:10,816] {processor.py:161} INFO - Processing /home/dimitri/dimitri/airflowalura/venv/lib/python3.10/site-packages/airflow/example_dags/example_task_group_decorator.py took 0.063 seconds
[2024-04-04 20:42:44,096] {processor.py:153} INFO - Started process (PID=573506) to work on /home/dimitri/dimitri/airflowalura/venv/lib/python3.10/site-packages/airflow/example_dags/example_task_group_decorator.py
[2024-04-04 20:42:44,097] {processor.py:641} INFO - Processing file /home/dimitri/dimitri/airflowalura/venv/lib/python3.10/site-packages/airflow/example_dags/example_task_group_decorator.py for tasks to queue
[2024-04-04 20:42:44,097] {logging_mixin.py:115} INFO - [2024-04-04 20:42:44,097] {dagbag.py:507} INFO - Filling up the DagBag from /home/dimitri/dimitri/airflowalura/venv/lib/python3.10/site-packages/airflow/example_dags/example_task_group_decorator.py
[2024-04-04 20:42:44,113] {processor.py:651} INFO - DAG(s) dict_keys(['example_task_group_decorator']) retrieved from /home/dimitri/dimitri/airflowalura/venv/lib/python3.10/site-packages/airflow/example_dags/example_task_group_decorator.py
[2024-04-04 20:42:44,123] {logging_mixin.py:115} INFO - [2024-04-04 20:42:44,123] {dag.py:2379} INFO - Sync 1 DAGs
[2024-04-04 20:42:44,136] {logging_mixin.py:115} INFO - [2024-04-04 20:42:44,136] {dag.py:2927} INFO - Setting next_dagrun for example_task_group_decorator to 2024-04-03T23:42:44.136103+00:00, run_after=2024-04-04T23:42:44.136103+00:00
[2024-04-04 20:42:44,154] {processor.py:161} INFO - Processing /home/dimitri/dimitri/airflowalura/venv/lib/python3.10/site-packages/airflow/example_dags/example_task_group_decorator.py took 0.060 seconds
[2024-04-04 20:43:17,542] {processor.py:153} INFO - Started process (PID=573640) to work on /home/dimitri/dimitri/airflowalura/venv/lib/python3.10/site-packages/airflow/example_dags/example_task_group_decorator.py
[2024-04-04 20:43:17,545] {processor.py:641} INFO - Processing file /home/dimitri/dimitri/airflowalura/venv/lib/python3.10/site-packages/airflow/example_dags/example_task_group_decorator.py for tasks to queue
[2024-04-04 20:43:17,546] {logging_mixin.py:115} INFO - [2024-04-04 20:43:17,545] {dagbag.py:507} INFO - Filling up the DagBag from /home/dimitri/dimitri/airflowalura/venv/lib/python3.10/site-packages/airflow/example_dags/example_task_group_decorator.py
[2024-04-04 20:43:17,563] {processor.py:651} INFO - DAG(s) dict_keys(['example_task_group_decorator']) retrieved from /home/dimitri/dimitri/airflowalura/venv/lib/python3.10/site-packages/airflow/example_dags/example_task_group_decorator.py
[2024-04-04 20:43:17,575] {logging_mixin.py:115} INFO - [2024-04-04 20:43:17,575] {dag.py:2379} INFO - Sync 1 DAGs
[2024-04-04 20:43:17,586] {logging_mixin.py:115} INFO - [2024-04-04 20:43:17,586] {dag.py:2927} INFO - Setting next_dagrun for example_task_group_decorator to 2024-04-03T23:43:17.585932+00:00, run_after=2024-04-04T23:43:17.585932+00:00
[2024-04-04 20:43:17,603] {processor.py:161} INFO - Processing /home/dimitri/dimitri/airflowalura/venv/lib/python3.10/site-packages/airflow/example_dags/example_task_group_decorator.py took 0.062 seconds
[2024-04-04 20:43:50,950] {processor.py:153} INFO - Started process (PID=573769) to work on /home/dimitri/dimitri/airflowalura/venv/lib/python3.10/site-packages/airflow/example_dags/example_task_group_decorator.py
[2024-04-04 20:43:50,953] {processor.py:641} INFO - Processing file /home/dimitri/dimitri/airflowalura/venv/lib/python3.10/site-packages/airflow/example_dags/example_task_group_decorator.py for tasks to queue
[2024-04-04 20:43:50,953] {logging_mixin.py:115} INFO - [2024-04-04 20:43:50,953] {dagbag.py:507} INFO - Filling up the DagBag from /home/dimitri/dimitri/airflowalura/venv/lib/python3.10/site-packages/airflow/example_dags/example_task_group_decorator.py
[2024-04-04 20:43:50,974] {processor.py:651} INFO - DAG(s) dict_keys(['example_task_group_decorator']) retrieved from /home/dimitri/dimitri/airflowalura/venv/lib/python3.10/site-packages/airflow/example_dags/example_task_group_decorator.py
[2024-04-04 20:43:50,986] {logging_mixin.py:115} INFO - [2024-04-04 20:43:50,986] {dag.py:2379} INFO - Sync 1 DAGs
[2024-04-04 20:43:51,000] {logging_mixin.py:115} INFO - [2024-04-04 20:43:51,000] {dag.py:2927} INFO - Setting next_dagrun for example_task_group_decorator to 2024-04-03T23:43:51.000199+00:00, run_after=2024-04-04T23:43:51.000199+00:00
[2024-04-04 20:43:51,018] {processor.py:161} INFO - Processing /home/dimitri/dimitri/airflowalura/venv/lib/python3.10/site-packages/airflow/example_dags/example_task_group_decorator.py took 0.070 seconds
[2024-04-04 20:44:25,102] {processor.py:153} INFO - Started process (PID=573905) to work on /home/dimitri/dimitri/airflowalura/venv/lib/python3.10/site-packages/airflow/example_dags/example_task_group_decorator.py
[2024-04-04 20:44:25,103] {processor.py:641} INFO - Processing file /home/dimitri/dimitri/airflowalura/venv/lib/python3.10/site-packages/airflow/example_dags/example_task_group_decorator.py for tasks to queue
[2024-04-04 20:44:25,104] {logging_mixin.py:115} INFO - [2024-04-04 20:44:25,104] {dagbag.py:507} INFO - Filling up the DagBag from /home/dimitri/dimitri/airflowalura/venv/lib/python3.10/site-packages/airflow/example_dags/example_task_group_decorator.py
[2024-04-04 20:44:25,121] {processor.py:651} INFO - DAG(s) dict_keys(['example_task_group_decorator']) retrieved from /home/dimitri/dimitri/airflowalura/venv/lib/python3.10/site-packages/airflow/example_dags/example_task_group_decorator.py
[2024-04-04 20:44:25,133] {logging_mixin.py:115} INFO - [2024-04-04 20:44:25,133] {dag.py:2379} INFO - Sync 1 DAGs
[2024-04-04 20:44:25,142] {logging_mixin.py:115} INFO - [2024-04-04 20:44:25,142] {dag.py:2927} INFO - Setting next_dagrun for example_task_group_decorator to 2024-04-03T23:44:25.142598+00:00, run_after=2024-04-04T23:44:25.142598+00:00
[2024-04-04 20:44:25,160] {processor.py:161} INFO - Processing /home/dimitri/dimitri/airflowalura/venv/lib/python3.10/site-packages/airflow/example_dags/example_task_group_decorator.py took 0.060 seconds
[2024-04-04 20:44:59,723] {processor.py:153} INFO - Started process (PID=574042) to work on /home/dimitri/dimitri/airflowalura/venv/lib/python3.10/site-packages/airflow/example_dags/example_task_group_decorator.py
[2024-04-04 20:44:59,727] {processor.py:641} INFO - Processing file /home/dimitri/dimitri/airflowalura/venv/lib/python3.10/site-packages/airflow/example_dags/example_task_group_decorator.py for tasks to queue
[2024-04-04 20:44:59,728] {logging_mixin.py:115} INFO - [2024-04-04 20:44:59,728] {dagbag.py:507} INFO - Filling up the DagBag from /home/dimitri/dimitri/airflowalura/venv/lib/python3.10/site-packages/airflow/example_dags/example_task_group_decorator.py
[2024-04-04 20:44:59,745] {processor.py:651} INFO - DAG(s) dict_keys(['example_task_group_decorator']) retrieved from /home/dimitri/dimitri/airflowalura/venv/lib/python3.10/site-packages/airflow/example_dags/example_task_group_decorator.py
[2024-04-04 20:44:59,754] {logging_mixin.py:115} INFO - [2024-04-04 20:44:59,754] {dag.py:2379} INFO - Sync 1 DAGs
[2024-04-04 20:44:59,764] {logging_mixin.py:115} INFO - [2024-04-04 20:44:59,764] {dag.py:2927} INFO - Setting next_dagrun for example_task_group_decorator to 2024-04-03T23:44:59.763937+00:00, run_after=2024-04-04T23:44:59.763937+00:00
[2024-04-04 20:44:59,781] {processor.py:161} INFO - Processing /home/dimitri/dimitri/airflowalura/venv/lib/python3.10/site-packages/airflow/example_dags/example_task_group_decorator.py took 0.061 seconds
[2024-04-04 20:45:33,658] {processor.py:153} INFO - Started process (PID=574174) to work on /home/dimitri/dimitri/airflowalura/venv/lib/python3.10/site-packages/airflow/example_dags/example_task_group_decorator.py
[2024-04-04 20:45:33,661] {processor.py:641} INFO - Processing file /home/dimitri/dimitri/airflowalura/venv/lib/python3.10/site-packages/airflow/example_dags/example_task_group_decorator.py for tasks to queue
[2024-04-04 20:45:33,662] {logging_mixin.py:115} INFO - [2024-04-04 20:45:33,662] {dagbag.py:507} INFO - Filling up the DagBag from /home/dimitri/dimitri/airflowalura/venv/lib/python3.10/site-packages/airflow/example_dags/example_task_group_decorator.py
[2024-04-04 20:45:33,681] {processor.py:651} INFO - DAG(s) dict_keys(['example_task_group_decorator']) retrieved from /home/dimitri/dimitri/airflowalura/venv/lib/python3.10/site-packages/airflow/example_dags/example_task_group_decorator.py
[2024-04-04 20:45:33,693] {logging_mixin.py:115} INFO - [2024-04-04 20:45:33,693] {dag.py:2379} INFO - Sync 1 DAGs
[2024-04-04 20:45:33,704] {logging_mixin.py:115} INFO - [2024-04-04 20:45:33,704] {dag.py:2927} INFO - Setting next_dagrun for example_task_group_decorator to 2024-04-03T23:45:33.704275+00:00, run_after=2024-04-04T23:45:33.704275+00:00
[2024-04-04 20:45:33,722] {processor.py:161} INFO - Processing /home/dimitri/dimitri/airflowalura/venv/lib/python3.10/site-packages/airflow/example_dags/example_task_group_decorator.py took 0.066 seconds
[2024-04-04 20:46:05,774] {processor.py:153} INFO - Started process (PID=574296) to work on /home/dimitri/dimitri/airflowalura/venv/lib/python3.10/site-packages/airflow/example_dags/example_task_group_decorator.py
[2024-04-04 20:46:05,777] {processor.py:641} INFO - Processing file /home/dimitri/dimitri/airflowalura/venv/lib/python3.10/site-packages/airflow/example_dags/example_task_group_decorator.py for tasks to queue
[2024-04-04 20:46:05,777] {logging_mixin.py:115} INFO - [2024-04-04 20:46:05,777] {dagbag.py:507} INFO - Filling up the DagBag from /home/dimitri/dimitri/airflowalura/venv/lib/python3.10/site-packages/airflow/example_dags/example_task_group_decorator.py
[2024-04-04 20:46:05,796] {processor.py:651} INFO - DAG(s) dict_keys(['example_task_group_decorator']) retrieved from /home/dimitri/dimitri/airflowalura/venv/lib/python3.10/site-packages/airflow/example_dags/example_task_group_decorator.py
[2024-04-04 20:46:05,827] {logging_mixin.py:115} INFO - [2024-04-04 20:46:05,827] {dag.py:2379} INFO - Sync 1 DAGs
[2024-04-04 20:46:05,840] {logging_mixin.py:115} INFO - [2024-04-04 20:46:05,840] {dag.py:2927} INFO - Setting next_dagrun for example_task_group_decorator to 2024-04-03T23:46:05.840433+00:00, run_after=2024-04-04T23:46:05.840433+00:00
[2024-04-04 20:46:05,862] {processor.py:161} INFO - Processing /home/dimitri/dimitri/airflowalura/venv/lib/python3.10/site-packages/airflow/example_dags/example_task_group_decorator.py took 0.090 seconds
[2024-04-04 20:46:41,979] {processor.py:153} INFO - Started process (PID=574446) to work on /home/dimitri/dimitri/airflowalura/venv/lib/python3.10/site-packages/airflow/example_dags/example_task_group_decorator.py
[2024-04-04 20:46:41,980] {processor.py:641} INFO - Processing file /home/dimitri/dimitri/airflowalura/venv/lib/python3.10/site-packages/airflow/example_dags/example_task_group_decorator.py for tasks to queue
[2024-04-04 20:46:41,980] {logging_mixin.py:115} INFO - [2024-04-04 20:46:41,980] {dagbag.py:507} INFO - Filling up the DagBag from /home/dimitri/dimitri/airflowalura/venv/lib/python3.10/site-packages/airflow/example_dags/example_task_group_decorator.py
[2024-04-04 20:46:41,997] {processor.py:651} INFO - DAG(s) dict_keys(['example_task_group_decorator']) retrieved from /home/dimitri/dimitri/airflowalura/venv/lib/python3.10/site-packages/airflow/example_dags/example_task_group_decorator.py
[2024-04-04 20:46:42,007] {logging_mixin.py:115} INFO - [2024-04-04 20:46:42,007] {dag.py:2379} INFO - Sync 1 DAGs
[2024-04-04 20:46:42,017] {logging_mixin.py:115} INFO - [2024-04-04 20:46:42,017] {dag.py:2927} INFO - Setting next_dagrun for example_task_group_decorator to 2024-04-03T23:46:42.017725+00:00, run_after=2024-04-04T23:46:42.017725+00:00
[2024-04-04 20:46:42,034] {processor.py:161} INFO - Processing /home/dimitri/dimitri/airflowalura/venv/lib/python3.10/site-packages/airflow/example_dags/example_task_group_decorator.py took 0.058 seconds
[2024-04-04 20:47:13,963] {processor.py:153} INFO - Started process (PID=574583) to work on /home/dimitri/dimitri/airflowalura/venv/lib/python3.10/site-packages/airflow/example_dags/example_task_group_decorator.py
[2024-04-04 20:47:13,963] {processor.py:641} INFO - Processing file /home/dimitri/dimitri/airflowalura/venv/lib/python3.10/site-packages/airflow/example_dags/example_task_group_decorator.py for tasks to queue
[2024-04-04 20:47:13,964] {logging_mixin.py:115} INFO - [2024-04-04 20:47:13,964] {dagbag.py:507} INFO - Filling up the DagBag from /home/dimitri/dimitri/airflowalura/venv/lib/python3.10/site-packages/airflow/example_dags/example_task_group_decorator.py
[2024-04-04 20:47:13,985] {processor.py:651} INFO - DAG(s) dict_keys(['example_task_group_decorator']) retrieved from /home/dimitri/dimitri/airflowalura/venv/lib/python3.10/site-packages/airflow/example_dags/example_task_group_decorator.py
[2024-04-04 20:47:14,001] {logging_mixin.py:115} INFO - [2024-04-04 20:47:14,001] {dag.py:2379} INFO - Sync 1 DAGs
[2024-04-04 20:47:14,019] {logging_mixin.py:115} INFO - [2024-04-04 20:47:14,019] {dag.py:2927} INFO - Setting next_dagrun for example_task_group_decorator to 2024-04-03T23:47:14.019285+00:00, run_after=2024-04-04T23:47:14.019285+00:00
[2024-04-04 20:47:14,038] {processor.py:161} INFO - Processing /home/dimitri/dimitri/airflowalura/venv/lib/python3.10/site-packages/airflow/example_dags/example_task_group_decorator.py took 0.077 seconds
[2024-04-04 20:47:48,937] {processor.py:153} INFO - Started process (PID=574720) to work on /home/dimitri/dimitri/airflowalura/venv/lib/python3.10/site-packages/airflow/example_dags/example_task_group_decorator.py
[2024-04-04 20:47:48,939] {processor.py:641} INFO - Processing file /home/dimitri/dimitri/airflowalura/venv/lib/python3.10/site-packages/airflow/example_dags/example_task_group_decorator.py for tasks to queue
[2024-04-04 20:47:48,940] {logging_mixin.py:115} INFO - [2024-04-04 20:47:48,940] {dagbag.py:507} INFO - Filling up the DagBag from /home/dimitri/dimitri/airflowalura/venv/lib/python3.10/site-packages/airflow/example_dags/example_task_group_decorator.py
[2024-04-04 20:47:48,956] {processor.py:651} INFO - DAG(s) dict_keys(['example_task_group_decorator']) retrieved from /home/dimitri/dimitri/airflowalura/venv/lib/python3.10/site-packages/airflow/example_dags/example_task_group_decorator.py
[2024-04-04 20:47:48,967] {logging_mixin.py:115} INFO - [2024-04-04 20:47:48,967] {dag.py:2379} INFO - Sync 1 DAGs
[2024-04-04 20:47:48,977] {logging_mixin.py:115} INFO - [2024-04-04 20:47:48,977] {dag.py:2927} INFO - Setting next_dagrun for example_task_group_decorator to 2024-04-03T23:47:48.976933+00:00, run_after=2024-04-04T23:47:48.976933+00:00
[2024-04-04 20:47:48,993] {processor.py:161} INFO - Processing /home/dimitri/dimitri/airflowalura/venv/lib/python3.10/site-packages/airflow/example_dags/example_task_group_decorator.py took 0.058 seconds
[2024-04-04 20:48:20,964] {processor.py:153} INFO - Started process (PID=574846) to work on /home/dimitri/dimitri/airflowalura/venv/lib/python3.10/site-packages/airflow/example_dags/example_task_group_decorator.py
[2024-04-04 20:48:20,965] {processor.py:641} INFO - Processing file /home/dimitri/dimitri/airflowalura/venv/lib/python3.10/site-packages/airflow/example_dags/example_task_group_decorator.py for tasks to queue
[2024-04-04 20:48:20,966] {logging_mixin.py:115} INFO - [2024-04-04 20:48:20,965] {dagbag.py:507} INFO - Filling up the DagBag from /home/dimitri/dimitri/airflowalura/venv/lib/python3.10/site-packages/airflow/example_dags/example_task_group_decorator.py
[2024-04-04 20:48:20,984] {processor.py:651} INFO - DAG(s) dict_keys(['example_task_group_decorator']) retrieved from /home/dimitri/dimitri/airflowalura/venv/lib/python3.10/site-packages/airflow/example_dags/example_task_group_decorator.py
[2024-04-04 20:48:20,997] {logging_mixin.py:115} INFO - [2024-04-04 20:48:20,996] {dag.py:2379} INFO - Sync 1 DAGs
[2024-04-04 20:48:21,007] {logging_mixin.py:115} INFO - [2024-04-04 20:48:21,007] {dag.py:2927} INFO - Setting next_dagrun for example_task_group_decorator to 2024-04-03T23:48:21.007240+00:00, run_after=2024-04-04T23:48:21.007240+00:00
[2024-04-04 20:48:21,024] {processor.py:161} INFO - Processing /home/dimitri/dimitri/airflowalura/venv/lib/python3.10/site-packages/airflow/example_dags/example_task_group_decorator.py took 0.061 seconds
[2024-04-04 20:48:54,212] {processor.py:153} INFO - Started process (PID=574978) to work on /home/dimitri/dimitri/airflowalura/venv/lib/python3.10/site-packages/airflow/example_dags/example_task_group_decorator.py
[2024-04-04 20:48:54,213] {processor.py:641} INFO - Processing file /home/dimitri/dimitri/airflowalura/venv/lib/python3.10/site-packages/airflow/example_dags/example_task_group_decorator.py for tasks to queue
[2024-04-04 20:48:54,214] {logging_mixin.py:115} INFO - [2024-04-04 20:48:54,214] {dagbag.py:507} INFO - Filling up the DagBag from /home/dimitri/dimitri/airflowalura/venv/lib/python3.10/site-packages/airflow/example_dags/example_task_group_decorator.py
[2024-04-04 20:48:54,241] {processor.py:651} INFO - DAG(s) dict_keys(['example_task_group_decorator']) retrieved from /home/dimitri/dimitri/airflowalura/venv/lib/python3.10/site-packages/airflow/example_dags/example_task_group_decorator.py
[2024-04-04 20:48:54,256] {logging_mixin.py:115} INFO - [2024-04-04 20:48:54,256] {dag.py:2379} INFO - Sync 1 DAGs
[2024-04-04 20:48:54,274] {logging_mixin.py:115} INFO - [2024-04-04 20:48:54,274] {dag.py:2927} INFO - Setting next_dagrun for example_task_group_decorator to 2024-04-03T23:48:54.273882+00:00, run_after=2024-04-04T23:48:54.273882+00:00
[2024-04-04 20:48:54,299] {processor.py:161} INFO - Processing /home/dimitri/dimitri/airflowalura/venv/lib/python3.10/site-packages/airflow/example_dags/example_task_group_decorator.py took 0.089 seconds
[2024-04-04 20:49:25,660] {processor.py:153} INFO - Started process (PID=575102) to work on /home/dimitri/dimitri/airflowalura/venv/lib/python3.10/site-packages/airflow/example_dags/example_task_group_decorator.py
[2024-04-04 20:49:25,662] {processor.py:641} INFO - Processing file /home/dimitri/dimitri/airflowalura/venv/lib/python3.10/site-packages/airflow/example_dags/example_task_group_decorator.py for tasks to queue
[2024-04-04 20:49:25,663] {logging_mixin.py:115} INFO - [2024-04-04 20:49:25,663] {dagbag.py:507} INFO - Filling up the DagBag from /home/dimitri/dimitri/airflowalura/venv/lib/python3.10/site-packages/airflow/example_dags/example_task_group_decorator.py
[2024-04-04 20:49:25,679] {processor.py:651} INFO - DAG(s) dict_keys(['example_task_group_decorator']) retrieved from /home/dimitri/dimitri/airflowalura/venv/lib/python3.10/site-packages/airflow/example_dags/example_task_group_decorator.py
[2024-04-04 20:49:25,689] {logging_mixin.py:115} INFO - [2024-04-04 20:49:25,689] {dag.py:2379} INFO - Sync 1 DAGs
[2024-04-04 20:49:25,698] {logging_mixin.py:115} INFO - [2024-04-04 20:49:25,697] {dag.py:2927} INFO - Setting next_dagrun for example_task_group_decorator to 2024-04-03T23:49:25.697817+00:00, run_after=2024-04-04T23:49:25.697817+00:00
[2024-04-04 20:49:25,715] {processor.py:161} INFO - Processing /home/dimitri/dimitri/airflowalura/venv/lib/python3.10/site-packages/airflow/example_dags/example_task_group_decorator.py took 0.058 seconds
[2024-04-04 20:49:55,943] {processor.py:153} INFO - Started process (PID=575226) to work on /home/dimitri/dimitri/airflowalura/venv/lib/python3.10/site-packages/airflow/example_dags/example_task_group_decorator.py
[2024-04-04 20:49:55,946] {processor.py:641} INFO - Processing file /home/dimitri/dimitri/airflowalura/venv/lib/python3.10/site-packages/airflow/example_dags/example_task_group_decorator.py for tasks to queue
[2024-04-04 20:49:55,946] {logging_mixin.py:115} INFO - [2024-04-04 20:49:55,946] {dagbag.py:507} INFO - Filling up the DagBag from /home/dimitri/dimitri/airflowalura/venv/lib/python3.10/site-packages/airflow/example_dags/example_task_group_decorator.py
[2024-04-04 20:49:55,962] {processor.py:651} INFO - DAG(s) dict_keys(['example_task_group_decorator']) retrieved from /home/dimitri/dimitri/airflowalura/venv/lib/python3.10/site-packages/airflow/example_dags/example_task_group_decorator.py
[2024-04-04 20:49:55,972] {logging_mixin.py:115} INFO - [2024-04-04 20:49:55,972] {dag.py:2379} INFO - Sync 1 DAGs
[2024-04-04 20:49:55,982] {logging_mixin.py:115} INFO - [2024-04-04 20:49:55,982] {dag.py:2927} INFO - Setting next_dagrun for example_task_group_decorator to 2024-04-03T23:49:55.981951+00:00, run_after=2024-04-04T23:49:55.981951+00:00
[2024-04-04 20:49:55,997] {processor.py:161} INFO - Processing /home/dimitri/dimitri/airflowalura/venv/lib/python3.10/site-packages/airflow/example_dags/example_task_group_decorator.py took 0.056 seconds
[2024-04-04 20:50:26,531] {processor.py:153} INFO - Started process (PID=575343) to work on /home/dimitri/dimitri/airflowalura/venv/lib/python3.10/site-packages/airflow/example_dags/example_task_group_decorator.py
[2024-04-04 20:50:26,533] {processor.py:641} INFO - Processing file /home/dimitri/dimitri/airflowalura/venv/lib/python3.10/site-packages/airflow/example_dags/example_task_group_decorator.py for tasks to queue
[2024-04-04 20:50:26,534] {logging_mixin.py:115} INFO - [2024-04-04 20:50:26,534] {dagbag.py:507} INFO - Filling up the DagBag from /home/dimitri/dimitri/airflowalura/venv/lib/python3.10/site-packages/airflow/example_dags/example_task_group_decorator.py
[2024-04-04 20:50:26,552] {processor.py:651} INFO - DAG(s) dict_keys(['example_task_group_decorator']) retrieved from /home/dimitri/dimitri/airflowalura/venv/lib/python3.10/site-packages/airflow/example_dags/example_task_group_decorator.py
[2024-04-04 20:50:26,564] {logging_mixin.py:115} INFO - [2024-04-04 20:50:26,564] {dag.py:2379} INFO - Sync 1 DAGs
[2024-04-04 20:50:26,577] {logging_mixin.py:115} INFO - [2024-04-04 20:50:26,577] {dag.py:2927} INFO - Setting next_dagrun for example_task_group_decorator to 2024-04-03T23:50:26.577402+00:00, run_after=2024-04-04T23:50:26.577402+00:00
[2024-04-04 20:50:26,595] {processor.py:161} INFO - Processing /home/dimitri/dimitri/airflowalura/venv/lib/python3.10/site-packages/airflow/example_dags/example_task_group_decorator.py took 0.066 seconds
[2024-04-04 20:50:58,107] {processor.py:153} INFO - Started process (PID=575470) to work on /home/dimitri/dimitri/airflowalura/venv/lib/python3.10/site-packages/airflow/example_dags/example_task_group_decorator.py
[2024-04-04 20:50:58,109] {processor.py:641} INFO - Processing file /home/dimitri/dimitri/airflowalura/venv/lib/python3.10/site-packages/airflow/example_dags/example_task_group_decorator.py for tasks to queue
[2024-04-04 20:50:58,110] {logging_mixin.py:115} INFO - [2024-04-04 20:50:58,110] {dagbag.py:507} INFO - Filling up the DagBag from /home/dimitri/dimitri/airflowalura/venv/lib/python3.10/site-packages/airflow/example_dags/example_task_group_decorator.py
[2024-04-04 20:50:58,127] {processor.py:651} INFO - DAG(s) dict_keys(['example_task_group_decorator']) retrieved from /home/dimitri/dimitri/airflowalura/venv/lib/python3.10/site-packages/airflow/example_dags/example_task_group_decorator.py
[2024-04-04 20:50:58,138] {logging_mixin.py:115} INFO - [2024-04-04 20:50:58,138] {dag.py:2379} INFO - Sync 1 DAGs
[2024-04-04 20:50:58,147] {logging_mixin.py:115} INFO - [2024-04-04 20:50:58,147] {dag.py:2927} INFO - Setting next_dagrun for example_task_group_decorator to 2024-04-03T23:50:58.146934+00:00, run_after=2024-04-04T23:50:58.146934+00:00
[2024-04-04 20:50:58,163] {processor.py:161} INFO - Processing /home/dimitri/dimitri/airflowalura/venv/lib/python3.10/site-packages/airflow/example_dags/example_task_group_decorator.py took 0.058 seconds
[2024-04-04 20:51:28,909] {processor.py:153} INFO - Started process (PID=575586) to work on /home/dimitri/dimitri/airflowalura/venv/lib/python3.10/site-packages/airflow/example_dags/example_task_group_decorator.py
[2024-04-04 20:51:28,911] {processor.py:641} INFO - Processing file /home/dimitri/dimitri/airflowalura/venv/lib/python3.10/site-packages/airflow/example_dags/example_task_group_decorator.py for tasks to queue
[2024-04-04 20:51:28,912] {logging_mixin.py:115} INFO - [2024-04-04 20:51:28,912] {dagbag.py:507} INFO - Filling up the DagBag from /home/dimitri/dimitri/airflowalura/venv/lib/python3.10/site-packages/airflow/example_dags/example_task_group_decorator.py
[2024-04-04 20:51:28,928] {processor.py:651} INFO - DAG(s) dict_keys(['example_task_group_decorator']) retrieved from /home/dimitri/dimitri/airflowalura/venv/lib/python3.10/site-packages/airflow/example_dags/example_task_group_decorator.py
[2024-04-04 20:51:28,952] {logging_mixin.py:115} INFO - [2024-04-04 20:51:28,952] {dag.py:2379} INFO - Sync 1 DAGs
[2024-04-04 20:51:28,960] {logging_mixin.py:115} INFO - [2024-04-04 20:51:28,960] {dag.py:2927} INFO - Setting next_dagrun for example_task_group_decorator to 2024-04-03T23:51:28.960386+00:00, run_after=2024-04-04T23:51:28.960386+00:00
[2024-04-04 20:51:28,977] {processor.py:161} INFO - Processing /home/dimitri/dimitri/airflowalura/venv/lib/python3.10/site-packages/airflow/example_dags/example_task_group_decorator.py took 0.069 seconds
[2024-04-04 20:52:03,669] {processor.py:153} INFO - Started process (PID=575721) to work on /home/dimitri/dimitri/airflowalura/venv/lib/python3.10/site-packages/airflow/example_dags/example_task_group_decorator.py
[2024-04-04 20:52:03,672] {processor.py:641} INFO - Processing file /home/dimitri/dimitri/airflowalura/venv/lib/python3.10/site-packages/airflow/example_dags/example_task_group_decorator.py for tasks to queue
[2024-04-04 20:52:03,672] {logging_mixin.py:115} INFO - [2024-04-04 20:52:03,672] {dagbag.py:507} INFO - Filling up the DagBag from /home/dimitri/dimitri/airflowalura/venv/lib/python3.10/site-packages/airflow/example_dags/example_task_group_decorator.py
[2024-04-04 20:52:03,690] {processor.py:651} INFO - DAG(s) dict_keys(['example_task_group_decorator']) retrieved from /home/dimitri/dimitri/airflowalura/venv/lib/python3.10/site-packages/airflow/example_dags/example_task_group_decorator.py
[2024-04-04 20:52:03,701] {logging_mixin.py:115} INFO - [2024-04-04 20:52:03,701] {dag.py:2379} INFO - Sync 1 DAGs
[2024-04-04 20:52:03,711] {logging_mixin.py:115} INFO - [2024-04-04 20:52:03,711] {dag.py:2927} INFO - Setting next_dagrun for example_task_group_decorator to 2024-04-03T23:52:03.711021+00:00, run_after=2024-04-04T23:52:03.711021+00:00
[2024-04-04 20:52:03,728] {processor.py:161} INFO - Processing /home/dimitri/dimitri/airflowalura/venv/lib/python3.10/site-packages/airflow/example_dags/example_task_group_decorator.py took 0.060 seconds
[2024-04-04 20:52:37,404] {processor.py:153} INFO - Started process (PID=575852) to work on /home/dimitri/dimitri/airflowalura/venv/lib/python3.10/site-packages/airflow/example_dags/example_task_group_decorator.py
[2024-04-04 20:52:37,406] {processor.py:641} INFO - Processing file /home/dimitri/dimitri/airflowalura/venv/lib/python3.10/site-packages/airflow/example_dags/example_task_group_decorator.py for tasks to queue
[2024-04-04 20:52:37,407] {logging_mixin.py:115} INFO - [2024-04-04 20:52:37,407] {dagbag.py:507} INFO - Filling up the DagBag from /home/dimitri/dimitri/airflowalura/venv/lib/python3.10/site-packages/airflow/example_dags/example_task_group_decorator.py
[2024-04-04 20:52:37,424] {processor.py:651} INFO - DAG(s) dict_keys(['example_task_group_decorator']) retrieved from /home/dimitri/dimitri/airflowalura/venv/lib/python3.10/site-packages/airflow/example_dags/example_task_group_decorator.py
[2024-04-04 20:52:37,435] {logging_mixin.py:115} INFO - [2024-04-04 20:52:37,435] {dag.py:2379} INFO - Sync 1 DAGs
[2024-04-04 20:52:37,448] {logging_mixin.py:115} INFO - [2024-04-04 20:52:37,447] {dag.py:2927} INFO - Setting next_dagrun for example_task_group_decorator to 2024-04-03T23:52:37.447757+00:00, run_after=2024-04-04T23:52:37.447757+00:00
[2024-04-04 20:52:37,466] {processor.py:161} INFO - Processing /home/dimitri/dimitri/airflowalura/venv/lib/python3.10/site-packages/airflow/example_dags/example_task_group_decorator.py took 0.064 seconds
[2024-04-04 20:53:12,412] {processor.py:153} INFO - Started process (PID=575989) to work on /home/dimitri/dimitri/airflowalura/venv/lib/python3.10/site-packages/airflow/example_dags/example_task_group_decorator.py
[2024-04-04 20:53:12,413] {processor.py:641} INFO - Processing file /home/dimitri/dimitri/airflowalura/venv/lib/python3.10/site-packages/airflow/example_dags/example_task_group_decorator.py for tasks to queue
[2024-04-04 20:53:12,413] {logging_mixin.py:115} INFO - [2024-04-04 20:53:12,413] {dagbag.py:507} INFO - Filling up the DagBag from /home/dimitri/dimitri/airflowalura/venv/lib/python3.10/site-packages/airflow/example_dags/example_task_group_decorator.py
[2024-04-04 20:53:12,430] {processor.py:651} INFO - DAG(s) dict_keys(['example_task_group_decorator']) retrieved from /home/dimitri/dimitri/airflowalura/venv/lib/python3.10/site-packages/airflow/example_dags/example_task_group_decorator.py
[2024-04-04 20:53:12,439] {logging_mixin.py:115} INFO - [2024-04-04 20:53:12,439] {dag.py:2379} INFO - Sync 1 DAGs
[2024-04-04 20:53:12,450] {logging_mixin.py:115} INFO - [2024-04-04 20:53:12,450] {dag.py:2927} INFO - Setting next_dagrun for example_task_group_decorator to 2024-04-03T23:53:12.450191+00:00, run_after=2024-04-04T23:53:12.450191+00:00
[2024-04-04 20:53:12,466] {processor.py:161} INFO - Processing /home/dimitri/dimitri/airflowalura/venv/lib/python3.10/site-packages/airflow/example_dags/example_task_group_decorator.py took 0.058 seconds
[2024-04-04 20:53:44,568] {processor.py:153} INFO - Started process (PID=576111) to work on /home/dimitri/dimitri/airflowalura/venv/lib/python3.10/site-packages/airflow/example_dags/example_task_group_decorator.py
[2024-04-04 20:53:44,570] {processor.py:641} INFO - Processing file /home/dimitri/dimitri/airflowalura/venv/lib/python3.10/site-packages/airflow/example_dags/example_task_group_decorator.py for tasks to queue
[2024-04-04 20:53:44,571] {logging_mixin.py:115} INFO - [2024-04-04 20:53:44,571] {dagbag.py:507} INFO - Filling up the DagBag from /home/dimitri/dimitri/airflowalura/venv/lib/python3.10/site-packages/airflow/example_dags/example_task_group_decorator.py
[2024-04-04 20:53:44,589] {processor.py:651} INFO - DAG(s) dict_keys(['example_task_group_decorator']) retrieved from /home/dimitri/dimitri/airflowalura/venv/lib/python3.10/site-packages/airflow/example_dags/example_task_group_decorator.py
[2024-04-04 20:53:44,603] {logging_mixin.py:115} INFO - [2024-04-04 20:53:44,603] {dag.py:2379} INFO - Sync 1 DAGs
[2024-04-04 20:53:44,619] {logging_mixin.py:115} INFO - [2024-04-04 20:53:44,619] {dag.py:2927} INFO - Setting next_dagrun for example_task_group_decorator to 2024-04-03T23:53:44.618836+00:00, run_after=2024-04-04T23:53:44.618836+00:00
[2024-04-04 20:53:44,633] {processor.py:161} INFO - Processing /home/dimitri/dimitri/airflowalura/venv/lib/python3.10/site-packages/airflow/example_dags/example_task_group_decorator.py took 0.067 seconds
[2024-04-04 20:54:16,671] {processor.py:153} INFO - Started process (PID=576241) to work on /home/dimitri/dimitri/airflowalura/venv/lib/python3.10/site-packages/airflow/example_dags/example_task_group_decorator.py
[2024-04-04 20:54:16,674] {processor.py:641} INFO - Processing file /home/dimitri/dimitri/airflowalura/venv/lib/python3.10/site-packages/airflow/example_dags/example_task_group_decorator.py for tasks to queue
[2024-04-04 20:54:16,675] {logging_mixin.py:115} INFO - [2024-04-04 20:54:16,674] {dagbag.py:507} INFO - Filling up the DagBag from /home/dimitri/dimitri/airflowalura/venv/lib/python3.10/site-packages/airflow/example_dags/example_task_group_decorator.py
[2024-04-04 20:54:16,691] {processor.py:651} INFO - DAG(s) dict_keys(['example_task_group_decorator']) retrieved from /home/dimitri/dimitri/airflowalura/venv/lib/python3.10/site-packages/airflow/example_dags/example_task_group_decorator.py
[2024-04-04 20:54:16,701] {logging_mixin.py:115} INFO - [2024-04-04 20:54:16,701] {dag.py:2379} INFO - Sync 1 DAGs
[2024-04-04 20:54:16,710] {logging_mixin.py:115} INFO - [2024-04-04 20:54:16,710] {dag.py:2927} INFO - Setting next_dagrun for example_task_group_decorator to 2024-04-03T23:54:16.710580+00:00, run_after=2024-04-04T23:54:16.710580+00:00
[2024-04-04 20:54:16,727] {processor.py:161} INFO - Processing /home/dimitri/dimitri/airflowalura/venv/lib/python3.10/site-packages/airflow/example_dags/example_task_group_decorator.py took 0.058 seconds
[2024-04-04 20:54:50,197] {processor.py:153} INFO - Started process (PID=576372) to work on /home/dimitri/dimitri/airflowalura/venv/lib/python3.10/site-packages/airflow/example_dags/example_task_group_decorator.py
[2024-04-04 20:54:50,198] {processor.py:641} INFO - Processing file /home/dimitri/dimitri/airflowalura/venv/lib/python3.10/site-packages/airflow/example_dags/example_task_group_decorator.py for tasks to queue
[2024-04-04 20:54:50,199] {logging_mixin.py:115} INFO - [2024-04-04 20:54:50,199] {dagbag.py:507} INFO - Filling up the DagBag from /home/dimitri/dimitri/airflowalura/venv/lib/python3.10/site-packages/airflow/example_dags/example_task_group_decorator.py
[2024-04-04 20:54:50,218] {processor.py:651} INFO - DAG(s) dict_keys(['example_task_group_decorator']) retrieved from /home/dimitri/dimitri/airflowalura/venv/lib/python3.10/site-packages/airflow/example_dags/example_task_group_decorator.py
[2024-04-04 20:54:50,233] {logging_mixin.py:115} INFO - [2024-04-04 20:54:50,233] {dag.py:2379} INFO - Sync 1 DAGs
[2024-04-04 20:54:50,246] {logging_mixin.py:115} INFO - [2024-04-04 20:54:50,246] {dag.py:2927} INFO - Setting next_dagrun for example_task_group_decorator to 2024-04-03T23:54:50.246550+00:00, run_after=2024-04-04T23:54:50.246550+00:00
[2024-04-04 20:54:50,261] {processor.py:161} INFO - Processing /home/dimitri/dimitri/airflowalura/venv/lib/python3.10/site-packages/airflow/example_dags/example_task_group_decorator.py took 0.067 seconds
[2024-04-04 20:55:23,762] {processor.py:153} INFO - Started process (PID=576502) to work on /home/dimitri/dimitri/airflowalura/venv/lib/python3.10/site-packages/airflow/example_dags/example_task_group_decorator.py
[2024-04-04 20:55:23,764] {processor.py:641} INFO - Processing file /home/dimitri/dimitri/airflowalura/venv/lib/python3.10/site-packages/airflow/example_dags/example_task_group_decorator.py for tasks to queue
[2024-04-04 20:55:23,765] {logging_mixin.py:115} INFO - [2024-04-04 20:55:23,765] {dagbag.py:507} INFO - Filling up the DagBag from /home/dimitri/dimitri/airflowalura/venv/lib/python3.10/site-packages/airflow/example_dags/example_task_group_decorator.py
[2024-04-04 20:55:23,781] {processor.py:651} INFO - DAG(s) dict_keys(['example_task_group_decorator']) retrieved from /home/dimitri/dimitri/airflowalura/venv/lib/python3.10/site-packages/airflow/example_dags/example_task_group_decorator.py
[2024-04-04 20:55:23,790] {logging_mixin.py:115} INFO - [2024-04-04 20:55:23,790] {dag.py:2379} INFO - Sync 1 DAGs
[2024-04-04 20:55:23,799] {logging_mixin.py:115} INFO - [2024-04-04 20:55:23,799] {dag.py:2927} INFO - Setting next_dagrun for example_task_group_decorator to 2024-04-03T23:55:23.799497+00:00, run_after=2024-04-04T23:55:23.799497+00:00
[2024-04-04 20:55:23,815] {processor.py:161} INFO - Processing /home/dimitri/dimitri/airflowalura/venv/lib/python3.10/site-packages/airflow/example_dags/example_task_group_decorator.py took 0.056 seconds
[2024-04-04 20:55:56,418] {processor.py:153} INFO - Started process (PID=576632) to work on /home/dimitri/dimitri/airflowalura/venv/lib/python3.10/site-packages/airflow/example_dags/example_task_group_decorator.py
[2024-04-04 20:55:56,421] {processor.py:641} INFO - Processing file /home/dimitri/dimitri/airflowalura/venv/lib/python3.10/site-packages/airflow/example_dags/example_task_group_decorator.py for tasks to queue
[2024-04-04 20:55:56,421] {logging_mixin.py:115} INFO - [2024-04-04 20:55:56,421] {dagbag.py:507} INFO - Filling up the DagBag from /home/dimitri/dimitri/airflowalura/venv/lib/python3.10/site-packages/airflow/example_dags/example_task_group_decorator.py
[2024-04-04 20:55:56,438] {processor.py:651} INFO - DAG(s) dict_keys(['example_task_group_decorator']) retrieved from /home/dimitri/dimitri/airflowalura/venv/lib/python3.10/site-packages/airflow/example_dags/example_task_group_decorator.py
[2024-04-04 20:55:56,449] {logging_mixin.py:115} INFO - [2024-04-04 20:55:56,449] {dag.py:2379} INFO - Sync 1 DAGs
[2024-04-04 20:55:56,460] {logging_mixin.py:115} INFO - [2024-04-04 20:55:56,460] {dag.py:2927} INFO - Setting next_dagrun for example_task_group_decorator to 2024-04-03T23:55:56.460327+00:00, run_after=2024-04-04T23:55:56.460327+00:00
[2024-04-04 20:55:56,477] {processor.py:161} INFO - Processing /home/dimitri/dimitri/airflowalura/venv/lib/python3.10/site-packages/airflow/example_dags/example_task_group_decorator.py took 0.060 seconds
[2024-04-04 20:56:29,794] {processor.py:153} INFO - Started process (PID=576762) to work on /home/dimitri/dimitri/airflowalura/venv/lib/python3.10/site-packages/airflow/example_dags/example_task_group_decorator.py
[2024-04-04 20:56:29,795] {processor.py:641} INFO - Processing file /home/dimitri/dimitri/airflowalura/venv/lib/python3.10/site-packages/airflow/example_dags/example_task_group_decorator.py for tasks to queue
[2024-04-04 20:56:29,796] {logging_mixin.py:115} INFO - [2024-04-04 20:56:29,796] {dagbag.py:507} INFO - Filling up the DagBag from /home/dimitri/dimitri/airflowalura/venv/lib/python3.10/site-packages/airflow/example_dags/example_task_group_decorator.py
[2024-04-04 20:56:29,817] {processor.py:651} INFO - DAG(s) dict_keys(['example_task_group_decorator']) retrieved from /home/dimitri/dimitri/airflowalura/venv/lib/python3.10/site-packages/airflow/example_dags/example_task_group_decorator.py
[2024-04-04 20:56:29,845] {logging_mixin.py:115} INFO - [2024-04-04 20:56:29,845] {dag.py:2379} INFO - Sync 1 DAGs
[2024-04-04 20:56:29,854] {logging_mixin.py:115} INFO - [2024-04-04 20:56:29,854] {dag.py:2927} INFO - Setting next_dagrun for example_task_group_decorator to 2024-04-03T23:56:29.854061+00:00, run_after=2024-04-04T23:56:29.854061+00:00
[2024-04-04 20:56:29,877] {processor.py:161} INFO - Processing /home/dimitri/dimitri/airflowalura/venv/lib/python3.10/site-packages/airflow/example_dags/example_task_group_decorator.py took 0.085 seconds
[2024-04-04 20:57:04,720] {processor.py:153} INFO - Started process (PID=576900) to work on /home/dimitri/dimitri/airflowalura/venv/lib/python3.10/site-packages/airflow/example_dags/example_task_group_decorator.py
[2024-04-04 20:57:04,721] {processor.py:641} INFO - Processing file /home/dimitri/dimitri/airflowalura/venv/lib/python3.10/site-packages/airflow/example_dags/example_task_group_decorator.py for tasks to queue
[2024-04-04 20:57:04,721] {logging_mixin.py:115} INFO - [2024-04-04 20:57:04,721] {dagbag.py:507} INFO - Filling up the DagBag from /home/dimitri/dimitri/airflowalura/venv/lib/python3.10/site-packages/airflow/example_dags/example_task_group_decorator.py
[2024-04-04 20:57:04,737] {processor.py:651} INFO - DAG(s) dict_keys(['example_task_group_decorator']) retrieved from /home/dimitri/dimitri/airflowalura/venv/lib/python3.10/site-packages/airflow/example_dags/example_task_group_decorator.py
[2024-04-04 20:57:04,762] {logging_mixin.py:115} INFO - [2024-04-04 20:57:04,762] {dag.py:2379} INFO - Sync 1 DAGs
[2024-04-04 20:57:04,770] {logging_mixin.py:115} INFO - [2024-04-04 20:57:04,770] {dag.py:2927} INFO - Setting next_dagrun for example_task_group_decorator to 2024-04-03T23:57:04.770462+00:00, run_after=2024-04-04T23:57:04.770462+00:00
[2024-04-04 20:57:04,787] {processor.py:161} INFO - Processing /home/dimitri/dimitri/airflowalura/venv/lib/python3.10/site-packages/airflow/example_dags/example_task_group_decorator.py took 0.069 seconds
[2024-04-04 20:57:36,762] {processor.py:153} INFO - Started process (PID=577024) to work on /home/dimitri/dimitri/airflowalura/venv/lib/python3.10/site-packages/airflow/example_dags/example_task_group_decorator.py
[2024-04-04 20:57:36,765] {processor.py:641} INFO - Processing file /home/dimitri/dimitri/airflowalura/venv/lib/python3.10/site-packages/airflow/example_dags/example_task_group_decorator.py for tasks to queue
[2024-04-04 20:57:36,765] {logging_mixin.py:115} INFO - [2024-04-04 20:57:36,765] {dagbag.py:507} INFO - Filling up the DagBag from /home/dimitri/dimitri/airflowalura/venv/lib/python3.10/site-packages/airflow/example_dags/example_task_group_decorator.py
[2024-04-04 20:57:36,782] {processor.py:651} INFO - DAG(s) dict_keys(['example_task_group_decorator']) retrieved from /home/dimitri/dimitri/airflowalura/venv/lib/python3.10/site-packages/airflow/example_dags/example_task_group_decorator.py
[2024-04-04 20:57:36,808] {logging_mixin.py:115} INFO - [2024-04-04 20:57:36,808] {dag.py:2379} INFO - Sync 1 DAGs
[2024-04-04 20:57:36,817] {logging_mixin.py:115} INFO - [2024-04-04 20:57:36,817] {dag.py:2927} INFO - Setting next_dagrun for example_task_group_decorator to 2024-04-03T23:57:36.817218+00:00, run_after=2024-04-04T23:57:36.817218+00:00
[2024-04-04 20:57:36,835] {processor.py:161} INFO - Processing /home/dimitri/dimitri/airflowalura/venv/lib/python3.10/site-packages/airflow/example_dags/example_task_group_decorator.py took 0.075 seconds
[2024-04-04 20:58:11,152] {processor.py:153} INFO - Started process (PID=577161) to work on /home/dimitri/dimitri/airflowalura/venv/lib/python3.10/site-packages/airflow/example_dags/example_task_group_decorator.py
[2024-04-04 20:58:11,157] {processor.py:641} INFO - Processing file /home/dimitri/dimitri/airflowalura/venv/lib/python3.10/site-packages/airflow/example_dags/example_task_group_decorator.py for tasks to queue
[2024-04-04 20:58:11,158] {logging_mixin.py:115} INFO - [2024-04-04 20:58:11,158] {dagbag.py:507} INFO - Filling up the DagBag from /home/dimitri/dimitri/airflowalura/venv/lib/python3.10/site-packages/airflow/example_dags/example_task_group_decorator.py
[2024-04-04 20:58:11,175] {processor.py:651} INFO - DAG(s) dict_keys(['example_task_group_decorator']) retrieved from /home/dimitri/dimitri/airflowalura/venv/lib/python3.10/site-packages/airflow/example_dags/example_task_group_decorator.py
[2024-04-04 20:58:11,201] {logging_mixin.py:115} INFO - [2024-04-04 20:58:11,201] {dag.py:2379} INFO - Sync 1 DAGs
[2024-04-04 20:58:11,210] {logging_mixin.py:115} INFO - [2024-04-04 20:58:11,210] {dag.py:2927} INFO - Setting next_dagrun for example_task_group_decorator to 2024-04-03T23:58:11.210506+00:00, run_after=2024-04-04T23:58:11.210506+00:00
[2024-04-04 20:58:11,228] {processor.py:161} INFO - Processing /home/dimitri/dimitri/airflowalura/venv/lib/python3.10/site-packages/airflow/example_dags/example_task_group_decorator.py took 0.079 seconds
[2024-04-04 20:58:42,726] {processor.py:153} INFO - Started process (PID=577285) to work on /home/dimitri/dimitri/airflowalura/venv/lib/python3.10/site-packages/airflow/example_dags/example_task_group_decorator.py
[2024-04-04 20:58:42,727] {processor.py:641} INFO - Processing file /home/dimitri/dimitri/airflowalura/venv/lib/python3.10/site-packages/airflow/example_dags/example_task_group_decorator.py for tasks to queue
[2024-04-04 20:58:42,727] {logging_mixin.py:115} INFO - [2024-04-04 20:58:42,727] {dagbag.py:507} INFO - Filling up the DagBag from /home/dimitri/dimitri/airflowalura/venv/lib/python3.10/site-packages/airflow/example_dags/example_task_group_decorator.py
[2024-04-04 20:58:42,744] {processor.py:651} INFO - DAG(s) dict_keys(['example_task_group_decorator']) retrieved from /home/dimitri/dimitri/airflowalura/venv/lib/python3.10/site-packages/airflow/example_dags/example_task_group_decorator.py
[2024-04-04 20:58:42,754] {logging_mixin.py:115} INFO - [2024-04-04 20:58:42,754] {dag.py:2379} INFO - Sync 1 DAGs
[2024-04-04 20:58:42,764] {logging_mixin.py:115} INFO - [2024-04-04 20:58:42,764] {dag.py:2927} INFO - Setting next_dagrun for example_task_group_decorator to 2024-04-03T23:58:42.764113+00:00, run_after=2024-04-04T23:58:42.764113+00:00
[2024-04-04 20:58:42,781] {processor.py:161} INFO - Processing /home/dimitri/dimitri/airflowalura/venv/lib/python3.10/site-packages/airflow/example_dags/example_task_group_decorator.py took 0.058 seconds
[2024-04-04 20:59:13,798] {processor.py:153} INFO - Started process (PID=577408) to work on /home/dimitri/dimitri/airflowalura/venv/lib/python3.10/site-packages/airflow/example_dags/example_task_group_decorator.py
[2024-04-04 20:59:13,799] {processor.py:641} INFO - Processing file /home/dimitri/dimitri/airflowalura/venv/lib/python3.10/site-packages/airflow/example_dags/example_task_group_decorator.py for tasks to queue
[2024-04-04 20:59:13,799] {logging_mixin.py:115} INFO - [2024-04-04 20:59:13,799] {dagbag.py:507} INFO - Filling up the DagBag from /home/dimitri/dimitri/airflowalura/venv/lib/python3.10/site-packages/airflow/example_dags/example_task_group_decorator.py
[2024-04-04 20:59:13,818] {processor.py:651} INFO - DAG(s) dict_keys(['example_task_group_decorator']) retrieved from /home/dimitri/dimitri/airflowalura/venv/lib/python3.10/site-packages/airflow/example_dags/example_task_group_decorator.py
[2024-04-04 20:59:13,829] {logging_mixin.py:115} INFO - [2024-04-04 20:59:13,828] {dag.py:2379} INFO - Sync 1 DAGs
[2024-04-04 20:59:13,838] {logging_mixin.py:115} INFO - [2024-04-04 20:59:13,838] {dag.py:2927} INFO - Setting next_dagrun for example_task_group_decorator to 2024-04-03T23:59:13.838013+00:00, run_after=2024-04-04T23:59:13.838013+00:00
[2024-04-04 20:59:13,854] {processor.py:161} INFO - Processing /home/dimitri/dimitri/airflowalura/venv/lib/python3.10/site-packages/airflow/example_dags/example_task_group_decorator.py took 0.058 seconds
[2024-04-04 20:59:44,508] {processor.py:153} INFO - Started process (PID=577524) to work on /home/dimitri/dimitri/airflowalura/venv/lib/python3.10/site-packages/airflow/example_dags/example_task_group_decorator.py
[2024-04-04 20:59:44,508] {processor.py:641} INFO - Processing file /home/dimitri/dimitri/airflowalura/venv/lib/python3.10/site-packages/airflow/example_dags/example_task_group_decorator.py for tasks to queue
[2024-04-04 20:59:44,509] {logging_mixin.py:115} INFO - [2024-04-04 20:59:44,509] {dagbag.py:507} INFO - Filling up the DagBag from /home/dimitri/dimitri/airflowalura/venv/lib/python3.10/site-packages/airflow/example_dags/example_task_group_decorator.py
[2024-04-04 20:59:44,525] {processor.py:651} INFO - DAG(s) dict_keys(['example_task_group_decorator']) retrieved from /home/dimitri/dimitri/airflowalura/venv/lib/python3.10/site-packages/airflow/example_dags/example_task_group_decorator.py
[2024-04-04 20:59:44,535] {logging_mixin.py:115} INFO - [2024-04-04 20:59:44,535] {dag.py:2379} INFO - Sync 1 DAGs
[2024-04-04 20:59:44,545] {logging_mixin.py:115} INFO - [2024-04-04 20:59:44,545] {dag.py:2927} INFO - Setting next_dagrun for example_task_group_decorator to 2024-04-03T23:59:44.545405+00:00, run_after=2024-04-04T23:59:44.545405+00:00
[2024-04-04 20:59:44,561] {processor.py:161} INFO - Processing /home/dimitri/dimitri/airflowalura/venv/lib/python3.10/site-packages/airflow/example_dags/example_task_group_decorator.py took 0.056 seconds
