[2024-04-04 20:29:21,211] {processor.py:153} INFO - Started process (PID=569895) to work on /home/dimitri/dimitri/airflowalura/venv/lib/python3.10/site-packages/airflow/example_dags/example_branch_labels.py
[2024-04-04 20:29:21,211] {processor.py:641} INFO - Processing file /home/dimitri/dimitri/airflowalura/venv/lib/python3.10/site-packages/airflow/example_dags/example_branch_labels.py for tasks to queue
[2024-04-04 20:29:21,212] {logging_mixin.py:115} INFO - [2024-04-04 20:29:21,211] {dagbag.py:507} INFO - Filling up the DagBag from /home/dimitri/dimitri/airflowalura/venv/lib/python3.10/site-packages/airflow/example_dags/example_branch_labels.py
[2024-04-04 20:29:21,215] {processor.py:651} INFO - DAG(s) dict_keys(['example_branch_labels']) retrieved from /home/dimitri/dimitri/airflowalura/venv/lib/python3.10/site-packages/airflow/example_dags/example_branch_labels.py
[2024-04-04 20:29:21,272] {logging_mixin.py:115} INFO - [2024-04-04 20:29:21,271] {manager.py:508} INFO - Created Permission View: can read on DAG:example_branch_labels
[2024-04-04 20:29:21,285] {logging_mixin.py:115} INFO - [2024-04-04 20:29:21,285] {manager.py:508} INFO - Created Permission View: can edit on DAG:example_branch_labels
[2024-04-04 20:29:21,298] {logging_mixin.py:115} INFO - [2024-04-04 20:29:21,298] {manager.py:508} INFO - Created Permission View: can delete on DAG:example_branch_labels
[2024-04-04 20:29:21,298] {logging_mixin.py:115} INFO - [2024-04-04 20:29:21,298] {dag.py:2379} INFO - Sync 1 DAGs
[2024-04-04 20:29:21,303] {logging_mixin.py:115} INFO - [2024-04-04 20:29:21,303] {dag.py:2398} INFO - Creating ORM DAG for example_branch_labels
[2024-04-04 20:29:21,308] {logging_mixin.py:115} INFO - [2024-04-04 20:29:21,308] {dag.py:2927} INFO - Setting next_dagrun for example_branch_labels to 2024-04-03T00:00:00+00:00, run_after=2024-04-04T00:00:00+00:00
[2024-04-04 20:29:21,325] {processor.py:161} INFO - Processing /home/dimitri/dimitri/airflowalura/venv/lib/python3.10/site-packages/airflow/example_dags/example_branch_labels.py took 0.116 seconds
[2024-04-04 20:29:55,159] {processor.py:153} INFO - Started process (PID=570286) to work on /home/dimitri/dimitri/airflowalura/venv/lib/python3.10/site-packages/airflow/example_dags/example_branch_labels.py
[2024-04-04 20:29:55,162] {processor.py:641} INFO - Processing file /home/dimitri/dimitri/airflowalura/venv/lib/python3.10/site-packages/airflow/example_dags/example_branch_labels.py for tasks to queue
[2024-04-04 20:29:55,163] {logging_mixin.py:115} INFO - [2024-04-04 20:29:55,162] {dagbag.py:507} INFO - Filling up the DagBag from /home/dimitri/dimitri/airflowalura/venv/lib/python3.10/site-packages/airflow/example_dags/example_branch_labels.py
[2024-04-04 20:29:55,167] {processor.py:651} INFO - DAG(s) dict_keys(['example_branch_labels']) retrieved from /home/dimitri/dimitri/airflowalura/venv/lib/python3.10/site-packages/airflow/example_dags/example_branch_labels.py
[2024-04-04 20:29:55,176] {logging_mixin.py:115} INFO - [2024-04-04 20:29:55,175] {dag.py:2379} INFO - Sync 1 DAGs
[2024-04-04 20:29:55,187] {logging_mixin.py:115} INFO - [2024-04-04 20:29:55,187] {dag.py:2927} INFO - Setting next_dagrun for example_branch_labels to 2024-04-03T00:00:00+00:00, run_after=2024-04-04T00:00:00+00:00
[2024-04-04 20:29:55,202] {processor.py:161} INFO - Processing /home/dimitri/dimitri/airflowalura/venv/lib/python3.10/site-packages/airflow/example_dags/example_branch_labels.py took 0.046 seconds
[2024-04-04 20:30:27,386] {processor.py:153} INFO - Started process (PID=570425) to work on /home/dimitri/dimitri/airflowalura/venv/lib/python3.10/site-packages/airflow/example_dags/example_branch_labels.py
[2024-04-04 20:30:27,388] {processor.py:641} INFO - Processing file /home/dimitri/dimitri/airflowalura/venv/lib/python3.10/site-packages/airflow/example_dags/example_branch_labels.py for tasks to queue
[2024-04-04 20:30:27,388] {logging_mixin.py:115} INFO - [2024-04-04 20:30:27,388] {dagbag.py:507} INFO - Filling up the DagBag from /home/dimitri/dimitri/airflowalura/venv/lib/python3.10/site-packages/airflow/example_dags/example_branch_labels.py
[2024-04-04 20:30:27,392] {processor.py:651} INFO - DAG(s) dict_keys(['example_branch_labels']) retrieved from /home/dimitri/dimitri/airflowalura/venv/lib/python3.10/site-packages/airflow/example_dags/example_branch_labels.py
[2024-04-04 20:30:27,402] {logging_mixin.py:115} INFO - [2024-04-04 20:30:27,402] {dag.py:2379} INFO - Sync 1 DAGs
[2024-04-04 20:30:27,415] {logging_mixin.py:115} INFO - [2024-04-04 20:30:27,415] {dag.py:2927} INFO - Setting next_dagrun for example_branch_labels to 2024-04-03T00:00:00+00:00, run_after=2024-04-04T00:00:00+00:00
[2024-04-04 20:30:27,430] {processor.py:161} INFO - Processing /home/dimitri/dimitri/airflowalura/venv/lib/python3.10/site-packages/airflow/example_dags/example_branch_labels.py took 0.046 seconds
[2024-04-04 20:31:01,874] {processor.py:153} INFO - Started process (PID=570561) to work on /home/dimitri/dimitri/airflowalura/venv/lib/python3.10/site-packages/airflow/example_dags/example_branch_labels.py
[2024-04-04 20:31:01,877] {processor.py:641} INFO - Processing file /home/dimitri/dimitri/airflowalura/venv/lib/python3.10/site-packages/airflow/example_dags/example_branch_labels.py for tasks to queue
[2024-04-04 20:31:01,878] {logging_mixin.py:115} INFO - [2024-04-04 20:31:01,878] {dagbag.py:507} INFO - Filling up the DagBag from /home/dimitri/dimitri/airflowalura/venv/lib/python3.10/site-packages/airflow/example_dags/example_branch_labels.py
[2024-04-04 20:31:01,882] {processor.py:651} INFO - DAG(s) dict_keys(['example_branch_labels']) retrieved from /home/dimitri/dimitri/airflowalura/venv/lib/python3.10/site-packages/airflow/example_dags/example_branch_labels.py
[2024-04-04 20:31:01,891] {logging_mixin.py:115} INFO - [2024-04-04 20:31:01,891] {dag.py:2379} INFO - Sync 1 DAGs
[2024-04-04 20:31:01,904] {logging_mixin.py:115} INFO - [2024-04-04 20:31:01,904] {dag.py:2927} INFO - Setting next_dagrun for example_branch_labels to 2024-04-03T00:00:00+00:00, run_after=2024-04-04T00:00:00+00:00
[2024-04-04 20:31:01,919] {processor.py:161} INFO - Processing /home/dimitri/dimitri/airflowalura/venv/lib/python3.10/site-packages/airflow/example_dags/example_branch_labels.py took 0.046 seconds
[2024-04-04 20:31:33,337] {processor.py:153} INFO - Started process (PID=570685) to work on /home/dimitri/dimitri/airflowalura/venv/lib/python3.10/site-packages/airflow/example_dags/example_branch_labels.py
[2024-04-04 20:31:33,339] {processor.py:641} INFO - Processing file /home/dimitri/dimitri/airflowalura/venv/lib/python3.10/site-packages/airflow/example_dags/example_branch_labels.py for tasks to queue
[2024-04-04 20:31:33,340] {logging_mixin.py:115} INFO - [2024-04-04 20:31:33,340] {dagbag.py:507} INFO - Filling up the DagBag from /home/dimitri/dimitri/airflowalura/venv/lib/python3.10/site-packages/airflow/example_dags/example_branch_labels.py
[2024-04-04 20:31:33,343] {processor.py:651} INFO - DAG(s) dict_keys(['example_branch_labels']) retrieved from /home/dimitri/dimitri/airflowalura/venv/lib/python3.10/site-packages/airflow/example_dags/example_branch_labels.py
[2024-04-04 20:31:33,353] {logging_mixin.py:115} INFO - [2024-04-04 20:31:33,353] {dag.py:2379} INFO - Sync 1 DAGs
[2024-04-04 20:31:33,365] {logging_mixin.py:115} INFO - [2024-04-04 20:31:33,365] {dag.py:2927} INFO - Setting next_dagrun for example_branch_labels to 2024-04-03T00:00:00+00:00, run_after=2024-04-04T00:00:00+00:00
[2024-04-04 20:31:33,379] {processor.py:161} INFO - Processing /home/dimitri/dimitri/airflowalura/venv/lib/python3.10/site-packages/airflow/example_dags/example_branch_labels.py took 0.044 seconds
[2024-04-04 20:32:08,144] {processor.py:153} INFO - Started process (PID=570817) to work on /home/dimitri/dimitri/airflowalura/venv/lib/python3.10/site-packages/airflow/example_dags/example_branch_labels.py
[2024-04-04 20:32:08,147] {processor.py:641} INFO - Processing file /home/dimitri/dimitri/airflowalura/venv/lib/python3.10/site-packages/airflow/example_dags/example_branch_labels.py for tasks to queue
[2024-04-04 20:32:08,148] {logging_mixin.py:115} INFO - [2024-04-04 20:32:08,147] {dagbag.py:507} INFO - Filling up the DagBag from /home/dimitri/dimitri/airflowalura/venv/lib/python3.10/site-packages/airflow/example_dags/example_branch_labels.py
[2024-04-04 20:32:08,151] {processor.py:651} INFO - DAG(s) dict_keys(['example_branch_labels']) retrieved from /home/dimitri/dimitri/airflowalura/venv/lib/python3.10/site-packages/airflow/example_dags/example_branch_labels.py
[2024-04-04 20:32:08,161] {logging_mixin.py:115} INFO - [2024-04-04 20:32:08,161] {dag.py:2379} INFO - Sync 1 DAGs
[2024-04-04 20:32:08,173] {logging_mixin.py:115} INFO - [2024-04-04 20:32:08,173] {dag.py:2927} INFO - Setting next_dagrun for example_branch_labels to 2024-04-03T00:00:00+00:00, run_after=2024-04-04T00:00:00+00:00
[2024-04-04 20:32:08,188] {processor.py:161} INFO - Processing /home/dimitri/dimitri/airflowalura/venv/lib/python3.10/site-packages/airflow/example_dags/example_branch_labels.py took 0.046 seconds
[2024-04-04 20:33:06,213] {processor.py:153} INFO - Started process (PID=571197) to work on /home/dimitri/dimitri/airflowalura/venv/lib/python3.10/site-packages/airflow/example_dags/example_branch_labels.py
[2024-04-04 20:33:06,216] {processor.py:641} INFO - Processing file /home/dimitri/dimitri/airflowalura/venv/lib/python3.10/site-packages/airflow/example_dags/example_branch_labels.py for tasks to queue
[2024-04-04 20:33:06,216] {logging_mixin.py:115} INFO - [2024-04-04 20:33:06,216] {dagbag.py:507} INFO - Filling up the DagBag from /home/dimitri/dimitri/airflowalura/venv/lib/python3.10/site-packages/airflow/example_dags/example_branch_labels.py
[2024-04-04 20:33:06,220] {processor.py:651} INFO - DAG(s) dict_keys(['example_branch_labels']) retrieved from /home/dimitri/dimitri/airflowalura/venv/lib/python3.10/site-packages/airflow/example_dags/example_branch_labels.py
[2024-04-04 20:33:06,230] {logging_mixin.py:115} INFO - [2024-04-04 20:33:06,230] {dag.py:2379} INFO - Sync 1 DAGs
[2024-04-04 20:33:06,243] {logging_mixin.py:115} INFO - [2024-04-04 20:33:06,243] {dag.py:2927} INFO - Setting next_dagrun for example_branch_labels to 2024-04-03T00:00:00+00:00, run_after=2024-04-04T00:00:00+00:00
[2024-04-04 20:33:06,259] {processor.py:161} INFO - Processing /home/dimitri/dimitri/airflowalura/venv/lib/python3.10/site-packages/airflow/example_dags/example_branch_labels.py took 0.048 seconds
[2024-04-04 20:33:38,810] {processor.py:153} INFO - Started process (PID=571325) to work on /home/dimitri/dimitri/airflowalura/venv/lib/python3.10/site-packages/airflow/example_dags/example_branch_labels.py
[2024-04-04 20:33:38,813] {processor.py:641} INFO - Processing file /home/dimitri/dimitri/airflowalura/venv/lib/python3.10/site-packages/airflow/example_dags/example_branch_labels.py for tasks to queue
[2024-04-04 20:33:38,813] {logging_mixin.py:115} INFO - [2024-04-04 20:33:38,813] {dagbag.py:507} INFO - Filling up the DagBag from /home/dimitri/dimitri/airflowalura/venv/lib/python3.10/site-packages/airflow/example_dags/example_branch_labels.py
[2024-04-04 20:33:38,817] {processor.py:651} INFO - DAG(s) dict_keys(['example_branch_labels']) retrieved from /home/dimitri/dimitri/airflowalura/venv/lib/python3.10/site-packages/airflow/example_dags/example_branch_labels.py
[2024-04-04 20:33:38,829] {logging_mixin.py:115} INFO - [2024-04-04 20:33:38,829] {dag.py:2379} INFO - Sync 1 DAGs
[2024-04-04 20:33:38,846] {logging_mixin.py:115} INFO - [2024-04-04 20:33:38,846] {dag.py:2927} INFO - Setting next_dagrun for example_branch_labels to 2024-04-03T00:00:00+00:00, run_after=2024-04-04T00:00:00+00:00
[2024-04-04 20:33:38,860] {processor.py:161} INFO - Processing /home/dimitri/dimitri/airflowalura/venv/lib/python3.10/site-packages/airflow/example_dags/example_branch_labels.py took 0.051 seconds
[2024-04-04 20:34:13,135] {processor.py:153} INFO - Started process (PID=571464) to work on /home/dimitri/dimitri/airflowalura/venv/lib/python3.10/site-packages/airflow/example_dags/example_branch_labels.py
[2024-04-04 20:34:13,138] {processor.py:641} INFO - Processing file /home/dimitri/dimitri/airflowalura/venv/lib/python3.10/site-packages/airflow/example_dags/example_branch_labels.py for tasks to queue
[2024-04-04 20:34:13,138] {logging_mixin.py:115} INFO - [2024-04-04 20:34:13,138] {dagbag.py:507} INFO - Filling up the DagBag from /home/dimitri/dimitri/airflowalura/venv/lib/python3.10/site-packages/airflow/example_dags/example_branch_labels.py
[2024-04-04 20:34:13,142] {processor.py:651} INFO - DAG(s) dict_keys(['example_branch_labels']) retrieved from /home/dimitri/dimitri/airflowalura/venv/lib/python3.10/site-packages/airflow/example_dags/example_branch_labels.py
[2024-04-04 20:34:13,152] {logging_mixin.py:115} INFO - [2024-04-04 20:34:13,152] {dag.py:2379} INFO - Sync 1 DAGs
[2024-04-04 20:34:13,165] {logging_mixin.py:115} INFO - [2024-04-04 20:34:13,165] {dag.py:2927} INFO - Setting next_dagrun for example_branch_labels to 2024-04-03T00:00:00+00:00, run_after=2024-04-04T00:00:00+00:00
[2024-04-04 20:34:13,180] {processor.py:161} INFO - Processing /home/dimitri/dimitri/airflowalura/venv/lib/python3.10/site-packages/airflow/example_dags/example_branch_labels.py took 0.047 seconds
[2024-04-04 20:34:45,794] {processor.py:153} INFO - Started process (PID=571594) to work on /home/dimitri/dimitri/airflowalura/venv/lib/python3.10/site-packages/airflow/example_dags/example_branch_labels.py
[2024-04-04 20:34:45,796] {processor.py:641} INFO - Processing file /home/dimitri/dimitri/airflowalura/venv/lib/python3.10/site-packages/airflow/example_dags/example_branch_labels.py for tasks to queue
[2024-04-04 20:34:45,797] {logging_mixin.py:115} INFO - [2024-04-04 20:34:45,797] {dagbag.py:507} INFO - Filling up the DagBag from /home/dimitri/dimitri/airflowalura/venv/lib/python3.10/site-packages/airflow/example_dags/example_branch_labels.py
[2024-04-04 20:34:45,800] {processor.py:651} INFO - DAG(s) dict_keys(['example_branch_labels']) retrieved from /home/dimitri/dimitri/airflowalura/venv/lib/python3.10/site-packages/airflow/example_dags/example_branch_labels.py
[2024-04-04 20:34:45,812] {logging_mixin.py:115} INFO - [2024-04-04 20:34:45,812] {dag.py:2379} INFO - Sync 1 DAGs
[2024-04-04 20:34:45,824] {logging_mixin.py:115} INFO - [2024-04-04 20:34:45,824] {dag.py:2927} INFO - Setting next_dagrun for example_branch_labels to 2024-04-03T00:00:00+00:00, run_after=2024-04-04T00:00:00+00:00
[2024-04-04 20:34:45,839] {processor.py:161} INFO - Processing /home/dimitri/dimitri/airflowalura/venv/lib/python3.10/site-packages/airflow/example_dags/example_branch_labels.py took 0.047 seconds
[2024-04-04 20:35:21,314] {processor.py:153} INFO - Started process (PID=571735) to work on /home/dimitri/dimitri/airflowalura/venv/lib/python3.10/site-packages/airflow/example_dags/example_branch_labels.py
[2024-04-04 20:35:21,316] {processor.py:641} INFO - Processing file /home/dimitri/dimitri/airflowalura/venv/lib/python3.10/site-packages/airflow/example_dags/example_branch_labels.py for tasks to queue
[2024-04-04 20:35:21,316] {logging_mixin.py:115} INFO - [2024-04-04 20:35:21,316] {dagbag.py:507} INFO - Filling up the DagBag from /home/dimitri/dimitri/airflowalura/venv/lib/python3.10/site-packages/airflow/example_dags/example_branch_labels.py
[2024-04-04 20:35:21,321] {processor.py:651} INFO - DAG(s) dict_keys(['example_branch_labels']) retrieved from /home/dimitri/dimitri/airflowalura/venv/lib/python3.10/site-packages/airflow/example_dags/example_branch_labels.py
[2024-04-04 20:35:21,331] {logging_mixin.py:115} INFO - [2024-04-04 20:35:21,331] {dag.py:2379} INFO - Sync 1 DAGs
[2024-04-04 20:35:21,342] {logging_mixin.py:115} INFO - [2024-04-04 20:35:21,342] {dag.py:2927} INFO - Setting next_dagrun for example_branch_labels to 2024-04-03T00:00:00+00:00, run_after=2024-04-04T00:00:00+00:00
[2024-04-04 20:35:21,357] {processor.py:161} INFO - Processing /home/dimitri/dimitri/airflowalura/venv/lib/python3.10/site-packages/airflow/example_dags/example_branch_labels.py took 0.045 seconds
[2024-04-04 20:35:52,792] {processor.py:153} INFO - Started process (PID=571859) to work on /home/dimitri/dimitri/airflowalura/venv/lib/python3.10/site-packages/airflow/example_dags/example_branch_labels.py
[2024-04-04 20:35:52,794] {processor.py:641} INFO - Processing file /home/dimitri/dimitri/airflowalura/venv/lib/python3.10/site-packages/airflow/example_dags/example_branch_labels.py for tasks to queue
[2024-04-04 20:35:52,794] {logging_mixin.py:115} INFO - [2024-04-04 20:35:52,794] {dagbag.py:507} INFO - Filling up the DagBag from /home/dimitri/dimitri/airflowalura/venv/lib/python3.10/site-packages/airflow/example_dags/example_branch_labels.py
[2024-04-04 20:35:52,798] {processor.py:651} INFO - DAG(s) dict_keys(['example_branch_labels']) retrieved from /home/dimitri/dimitri/airflowalura/venv/lib/python3.10/site-packages/airflow/example_dags/example_branch_labels.py
[2024-04-04 20:35:52,808] {logging_mixin.py:115} INFO - [2024-04-04 20:35:52,808] {dag.py:2379} INFO - Sync 1 DAGs
[2024-04-04 20:35:52,820] {logging_mixin.py:115} INFO - [2024-04-04 20:35:52,820] {dag.py:2927} INFO - Setting next_dagrun for example_branch_labels to 2024-04-03T00:00:00+00:00, run_after=2024-04-04T00:00:00+00:00
[2024-04-04 20:35:52,835] {processor.py:161} INFO - Processing /home/dimitri/dimitri/airflowalura/venv/lib/python3.10/site-packages/airflow/example_dags/example_branch_labels.py took 0.044 seconds
[2024-04-04 20:36:35,731] {processor.py:153} INFO - Started process (PID=572035) to work on /home/dimitri/dimitri/airflowalura/venv/lib/python3.10/site-packages/airflow/example_dags/example_branch_labels.py
[2024-04-04 20:36:35,733] {processor.py:641} INFO - Processing file /home/dimitri/dimitri/airflowalura/venv/lib/python3.10/site-packages/airflow/example_dags/example_branch_labels.py for tasks to queue
[2024-04-04 20:36:35,734] {logging_mixin.py:115} INFO - [2024-04-04 20:36:35,734] {dagbag.py:507} INFO - Filling up the DagBag from /home/dimitri/dimitri/airflowalura/venv/lib/python3.10/site-packages/airflow/example_dags/example_branch_labels.py
[2024-04-04 20:36:35,738] {processor.py:651} INFO - DAG(s) dict_keys(['example_branch_labels']) retrieved from /home/dimitri/dimitri/airflowalura/venv/lib/python3.10/site-packages/airflow/example_dags/example_branch_labels.py
[2024-04-04 20:36:35,746] {logging_mixin.py:115} INFO - [2024-04-04 20:36:35,746] {dag.py:2379} INFO - Sync 1 DAGs
[2024-04-04 20:36:35,757] {logging_mixin.py:115} INFO - [2024-04-04 20:36:35,757] {dag.py:2927} INFO - Setting next_dagrun for example_branch_labels to 2024-04-03T00:00:00+00:00, run_after=2024-04-04T00:00:00+00:00
[2024-04-04 20:36:35,772] {processor.py:161} INFO - Processing /home/dimitri/dimitri/airflowalura/venv/lib/python3.10/site-packages/airflow/example_dags/example_branch_labels.py took 0.044 seconds
[2024-04-04 20:37:09,007] {processor.py:153} INFO - Started process (PID=572169) to work on /home/dimitri/dimitri/airflowalura/venv/lib/python3.10/site-packages/airflow/example_dags/example_branch_labels.py
[2024-04-04 20:37:09,009] {processor.py:641} INFO - Processing file /home/dimitri/dimitri/airflowalura/venv/lib/python3.10/site-packages/airflow/example_dags/example_branch_labels.py for tasks to queue
[2024-04-04 20:37:09,011] {logging_mixin.py:115} INFO - [2024-04-04 20:37:09,011] {dagbag.py:507} INFO - Filling up the DagBag from /home/dimitri/dimitri/airflowalura/venv/lib/python3.10/site-packages/airflow/example_dags/example_branch_labels.py
[2024-04-04 20:37:09,017] {processor.py:651} INFO - DAG(s) dict_keys(['example_branch_labels']) retrieved from /home/dimitri/dimitri/airflowalura/venv/lib/python3.10/site-packages/airflow/example_dags/example_branch_labels.py
[2024-04-04 20:37:09,030] {logging_mixin.py:115} INFO - [2024-04-04 20:37:09,029] {dag.py:2379} INFO - Sync 1 DAGs
[2024-04-04 20:37:09,046] {logging_mixin.py:115} INFO - [2024-04-04 20:37:09,046] {dag.py:2927} INFO - Setting next_dagrun for example_branch_labels to 2024-04-03T00:00:00+00:00, run_after=2024-04-04T00:00:00+00:00
[2024-04-04 20:37:09,062] {processor.py:161} INFO - Processing /home/dimitri/dimitri/airflowalura/venv/lib/python3.10/site-packages/airflow/example_dags/example_branch_labels.py took 0.059 seconds
[2024-04-04 20:37:42,713] {processor.py:153} INFO - Started process (PID=572306) to work on /home/dimitri/dimitri/airflowalura/venv/lib/python3.10/site-packages/airflow/example_dags/example_branch_labels.py
[2024-04-04 20:37:42,716] {processor.py:641} INFO - Processing file /home/dimitri/dimitri/airflowalura/venv/lib/python3.10/site-packages/airflow/example_dags/example_branch_labels.py for tasks to queue
[2024-04-04 20:37:42,716] {logging_mixin.py:115} INFO - [2024-04-04 20:37:42,716] {dagbag.py:507} INFO - Filling up the DagBag from /home/dimitri/dimitri/airflowalura/venv/lib/python3.10/site-packages/airflow/example_dags/example_branch_labels.py
[2024-04-04 20:37:42,720] {processor.py:651} INFO - DAG(s) dict_keys(['example_branch_labels']) retrieved from /home/dimitri/dimitri/airflowalura/venv/lib/python3.10/site-packages/airflow/example_dags/example_branch_labels.py
[2024-04-04 20:37:42,731] {logging_mixin.py:115} INFO - [2024-04-04 20:37:42,731] {dag.py:2379} INFO - Sync 1 DAGs
[2024-04-04 20:37:42,747] {logging_mixin.py:115} INFO - [2024-04-04 20:37:42,747] {dag.py:2927} INFO - Setting next_dagrun for example_branch_labels to 2024-04-03T00:00:00+00:00, run_after=2024-04-04T00:00:00+00:00
[2024-04-04 20:37:42,764] {processor.py:161} INFO - Processing /home/dimitri/dimitri/airflowalura/venv/lib/python3.10/site-packages/airflow/example_dags/example_branch_labels.py took 0.053 seconds
[2024-04-04 20:38:16,962] {processor.py:153} INFO - Started process (PID=572439) to work on /home/dimitri/dimitri/airflowalura/venv/lib/python3.10/site-packages/airflow/example_dags/example_branch_labels.py
[2024-04-04 20:38:16,965] {processor.py:641} INFO - Processing file /home/dimitri/dimitri/airflowalura/venv/lib/python3.10/site-packages/airflow/example_dags/example_branch_labels.py for tasks to queue
[2024-04-04 20:38:16,965] {logging_mixin.py:115} INFO - [2024-04-04 20:38:16,965] {dagbag.py:507} INFO - Filling up the DagBag from /home/dimitri/dimitri/airflowalura/venv/lib/python3.10/site-packages/airflow/example_dags/example_branch_labels.py
[2024-04-04 20:38:16,969] {processor.py:651} INFO - DAG(s) dict_keys(['example_branch_labels']) retrieved from /home/dimitri/dimitri/airflowalura/venv/lib/python3.10/site-packages/airflow/example_dags/example_branch_labels.py
[2024-04-04 20:38:16,978] {logging_mixin.py:115} INFO - [2024-04-04 20:38:16,978] {dag.py:2379} INFO - Sync 1 DAGs
[2024-04-04 20:38:16,989] {logging_mixin.py:115} INFO - [2024-04-04 20:38:16,989] {dag.py:2927} INFO - Setting next_dagrun for example_branch_labels to 2024-04-03T00:00:00+00:00, run_after=2024-04-04T00:00:00+00:00
[2024-04-04 20:38:17,006] {processor.py:161} INFO - Processing /home/dimitri/dimitri/airflowalura/venv/lib/python3.10/site-packages/airflow/example_dags/example_branch_labels.py took 0.046 seconds
[2024-04-04 20:38:51,757] {processor.py:153} INFO - Started process (PID=572578) to work on /home/dimitri/dimitri/airflowalura/venv/lib/python3.10/site-packages/airflow/example_dags/example_branch_labels.py
[2024-04-04 20:38:51,759] {processor.py:641} INFO - Processing file /home/dimitri/dimitri/airflowalura/venv/lib/python3.10/site-packages/airflow/example_dags/example_branch_labels.py for tasks to queue
[2024-04-04 20:38:51,759] {logging_mixin.py:115} INFO - [2024-04-04 20:38:51,759] {dagbag.py:507} INFO - Filling up the DagBag from /home/dimitri/dimitri/airflowalura/venv/lib/python3.10/site-packages/airflow/example_dags/example_branch_labels.py
[2024-04-04 20:38:51,765] {processor.py:651} INFO - DAG(s) dict_keys(['example_branch_labels']) retrieved from /home/dimitri/dimitri/airflowalura/venv/lib/python3.10/site-packages/airflow/example_dags/example_branch_labels.py
[2024-04-04 20:38:51,775] {logging_mixin.py:115} INFO - [2024-04-04 20:38:51,775] {dag.py:2379} INFO - Sync 1 DAGs
[2024-04-04 20:38:51,789] {logging_mixin.py:115} INFO - [2024-04-04 20:38:51,789] {dag.py:2927} INFO - Setting next_dagrun for example_branch_labels to 2024-04-03T00:00:00+00:00, run_after=2024-04-04T00:00:00+00:00
[2024-04-04 20:38:51,808] {processor.py:161} INFO - Processing /home/dimitri/dimitri/airflowalura/venv/lib/python3.10/site-packages/airflow/example_dags/example_branch_labels.py took 0.055 seconds
[2024-04-04 20:39:26,440] {processor.py:153} INFO - Started process (PID=572711) to work on /home/dimitri/dimitri/airflowalura/venv/lib/python3.10/site-packages/airflow/example_dags/example_branch_labels.py
[2024-04-04 20:39:26,441] {processor.py:641} INFO - Processing file /home/dimitri/dimitri/airflowalura/venv/lib/python3.10/site-packages/airflow/example_dags/example_branch_labels.py for tasks to queue
[2024-04-04 20:39:26,442] {logging_mixin.py:115} INFO - [2024-04-04 20:39:26,442] {dagbag.py:507} INFO - Filling up the DagBag from /home/dimitri/dimitri/airflowalura/venv/lib/python3.10/site-packages/airflow/example_dags/example_branch_labels.py
[2024-04-04 20:39:26,446] {processor.py:651} INFO - DAG(s) dict_keys(['example_branch_labels']) retrieved from /home/dimitri/dimitri/airflowalura/venv/lib/python3.10/site-packages/airflow/example_dags/example_branch_labels.py
[2024-04-04 20:39:26,459] {logging_mixin.py:115} INFO - [2024-04-04 20:39:26,459] {dag.py:2379} INFO - Sync 1 DAGs
[2024-04-04 20:39:26,481] {logging_mixin.py:115} INFO - [2024-04-04 20:39:26,481] {dag.py:2927} INFO - Setting next_dagrun for example_branch_labels to 2024-04-03T00:00:00+00:00, run_after=2024-04-04T00:00:00+00:00
[2024-04-04 20:39:26,497] {processor.py:161} INFO - Processing /home/dimitri/dimitri/airflowalura/venv/lib/python3.10/site-packages/airflow/example_dags/example_branch_labels.py took 0.060 seconds
[2024-04-04 20:39:59,762] {processor.py:153} INFO - Started process (PID=572847) to work on /home/dimitri/dimitri/airflowalura/venv/lib/python3.10/site-packages/airflow/example_dags/example_branch_labels.py
[2024-04-04 20:39:59,765] {processor.py:641} INFO - Processing file /home/dimitri/dimitri/airflowalura/venv/lib/python3.10/site-packages/airflow/example_dags/example_branch_labels.py for tasks to queue
[2024-04-04 20:39:59,765] {logging_mixin.py:115} INFO - [2024-04-04 20:39:59,765] {dagbag.py:507} INFO - Filling up the DagBag from /home/dimitri/dimitri/airflowalura/venv/lib/python3.10/site-packages/airflow/example_dags/example_branch_labels.py
[2024-04-04 20:39:59,769] {processor.py:651} INFO - DAG(s) dict_keys(['example_branch_labels']) retrieved from /home/dimitri/dimitri/airflowalura/venv/lib/python3.10/site-packages/airflow/example_dags/example_branch_labels.py
[2024-04-04 20:39:59,783] {logging_mixin.py:115} INFO - [2024-04-04 20:39:59,783] {dag.py:2379} INFO - Sync 1 DAGs
[2024-04-04 20:39:59,795] {logging_mixin.py:115} INFO - [2024-04-04 20:39:59,795] {dag.py:2927} INFO - Setting next_dagrun for example_branch_labels to 2024-04-03T00:00:00+00:00, run_after=2024-04-04T00:00:00+00:00
[2024-04-04 20:39:59,811] {processor.py:161} INFO - Processing /home/dimitri/dimitri/airflowalura/venv/lib/python3.10/site-packages/airflow/example_dags/example_branch_labels.py took 0.050 seconds
[2024-04-04 20:40:34,972] {processor.py:153} INFO - Started process (PID=572981) to work on /home/dimitri/dimitri/airflowalura/venv/lib/python3.10/site-packages/airflow/example_dags/example_branch_labels.py
[2024-04-04 20:40:34,974] {processor.py:641} INFO - Processing file /home/dimitri/dimitri/airflowalura/venv/lib/python3.10/site-packages/airflow/example_dags/example_branch_labels.py for tasks to queue
[2024-04-04 20:40:34,975] {logging_mixin.py:115} INFO - [2024-04-04 20:40:34,974] {dagbag.py:507} INFO - Filling up the DagBag from /home/dimitri/dimitri/airflowalura/venv/lib/python3.10/site-packages/airflow/example_dags/example_branch_labels.py
[2024-04-04 20:40:34,979] {processor.py:651} INFO - DAG(s) dict_keys(['example_branch_labels']) retrieved from /home/dimitri/dimitri/airflowalura/venv/lib/python3.10/site-packages/airflow/example_dags/example_branch_labels.py
[2024-04-04 20:40:34,990] {logging_mixin.py:115} INFO - [2024-04-04 20:40:34,990] {dag.py:2379} INFO - Sync 1 DAGs
[2024-04-04 20:40:35,005] {logging_mixin.py:115} INFO - [2024-04-04 20:40:35,005] {dag.py:2927} INFO - Setting next_dagrun for example_branch_labels to 2024-04-03T00:00:00+00:00, run_after=2024-04-04T00:00:00+00:00
[2024-04-04 20:40:35,021] {processor.py:161} INFO - Processing /home/dimitri/dimitri/airflowalura/venv/lib/python3.10/site-packages/airflow/example_dags/example_branch_labels.py took 0.051 seconds
[2024-04-04 20:41:22,610] {processor.py:153} INFO - Started process (PID=573184) to work on /home/dimitri/dimitri/airflowalura/venv/lib/python3.10/site-packages/airflow/example_dags/example_branch_labels.py
[2024-04-04 20:41:22,613] {processor.py:641} INFO - Processing file /home/dimitri/dimitri/airflowalura/venv/lib/python3.10/site-packages/airflow/example_dags/example_branch_labels.py for tasks to queue
[2024-04-04 20:41:22,613] {logging_mixin.py:115} INFO - [2024-04-04 20:41:22,613] {dagbag.py:507} INFO - Filling up the DagBag from /home/dimitri/dimitri/airflowalura/venv/lib/python3.10/site-packages/airflow/example_dags/example_branch_labels.py
[2024-04-04 20:41:22,617] {processor.py:651} INFO - DAG(s) dict_keys(['example_branch_labels']) retrieved from /home/dimitri/dimitri/airflowalura/venv/lib/python3.10/site-packages/airflow/example_dags/example_branch_labels.py
[2024-04-04 20:41:22,628] {logging_mixin.py:115} INFO - [2024-04-04 20:41:22,628] {dag.py:2379} INFO - Sync 1 DAGs
[2024-04-04 20:41:22,642] {logging_mixin.py:115} INFO - [2024-04-04 20:41:22,641] {dag.py:2927} INFO - Setting next_dagrun for example_branch_labels to 2024-04-03T00:00:00+00:00, run_after=2024-04-04T00:00:00+00:00
[2024-04-04 20:41:22,659] {processor.py:161} INFO - Processing /home/dimitri/dimitri/airflowalura/venv/lib/python3.10/site-packages/airflow/example_dags/example_branch_labels.py took 0.052 seconds
[2024-04-04 20:41:58,930] {processor.py:153} INFO - Started process (PID=573334) to work on /home/dimitri/dimitri/airflowalura/venv/lib/python3.10/site-packages/airflow/example_dags/example_branch_labels.py
[2024-04-04 20:41:58,931] {processor.py:641} INFO - Processing file /home/dimitri/dimitri/airflowalura/venv/lib/python3.10/site-packages/airflow/example_dags/example_branch_labels.py for tasks to queue
[2024-04-04 20:41:58,931] {logging_mixin.py:115} INFO - [2024-04-04 20:41:58,931] {dagbag.py:507} INFO - Filling up the DagBag from /home/dimitri/dimitri/airflowalura/venv/lib/python3.10/site-packages/airflow/example_dags/example_branch_labels.py
[2024-04-04 20:41:58,935] {processor.py:651} INFO - DAG(s) dict_keys(['example_branch_labels']) retrieved from /home/dimitri/dimitri/airflowalura/venv/lib/python3.10/site-packages/airflow/example_dags/example_branch_labels.py
[2024-04-04 20:41:58,945] {logging_mixin.py:115} INFO - [2024-04-04 20:41:58,945] {dag.py:2379} INFO - Sync 1 DAGs
[2024-04-04 20:41:58,963] {logging_mixin.py:115} INFO - [2024-04-04 20:41:58,963] {dag.py:2927} INFO - Setting next_dagrun for example_branch_labels to 2024-04-03T00:00:00+00:00, run_after=2024-04-04T00:00:00+00:00
[2024-04-04 20:41:58,984] {processor.py:161} INFO - Processing /home/dimitri/dimitri/airflowalura/venv/lib/python3.10/site-packages/airflow/example_dags/example_branch_labels.py took 0.056 seconds
[2024-04-04 20:42:32,566] {processor.py:153} INFO - Started process (PID=573465) to work on /home/dimitri/dimitri/airflowalura/venv/lib/python3.10/site-packages/airflow/example_dags/example_branch_labels.py
[2024-04-04 20:42:32,568] {processor.py:641} INFO - Processing file /home/dimitri/dimitri/airflowalura/venv/lib/python3.10/site-packages/airflow/example_dags/example_branch_labels.py for tasks to queue
[2024-04-04 20:42:32,568] {logging_mixin.py:115} INFO - [2024-04-04 20:42:32,568] {dagbag.py:507} INFO - Filling up the DagBag from /home/dimitri/dimitri/airflowalura/venv/lib/python3.10/site-packages/airflow/example_dags/example_branch_labels.py
[2024-04-04 20:42:32,572] {processor.py:651} INFO - DAG(s) dict_keys(['example_branch_labels']) retrieved from /home/dimitri/dimitri/airflowalura/venv/lib/python3.10/site-packages/airflow/example_dags/example_branch_labels.py
[2024-04-04 20:42:32,582] {logging_mixin.py:115} INFO - [2024-04-04 20:42:32,582] {dag.py:2379} INFO - Sync 1 DAGs
[2024-04-04 20:42:32,596] {logging_mixin.py:115} INFO - [2024-04-04 20:42:32,596] {dag.py:2927} INFO - Setting next_dagrun for example_branch_labels to 2024-04-03T00:00:00+00:00, run_after=2024-04-04T00:00:00+00:00
[2024-04-04 20:42:32,612] {processor.py:161} INFO - Processing /home/dimitri/dimitri/airflowalura/venv/lib/python3.10/site-packages/airflow/example_dags/example_branch_labels.py took 0.048 seconds
[2024-04-04 20:43:08,593] {processor.py:153} INFO - Started process (PID=573604) to work on /home/dimitri/dimitri/airflowalura/venv/lib/python3.10/site-packages/airflow/example_dags/example_branch_labels.py
[2024-04-04 20:43:08,596] {processor.py:641} INFO - Processing file /home/dimitri/dimitri/airflowalura/venv/lib/python3.10/site-packages/airflow/example_dags/example_branch_labels.py for tasks to queue
[2024-04-04 20:43:08,597] {logging_mixin.py:115} INFO - [2024-04-04 20:43:08,597] {dagbag.py:507} INFO - Filling up the DagBag from /home/dimitri/dimitri/airflowalura/venv/lib/python3.10/site-packages/airflow/example_dags/example_branch_labels.py
[2024-04-04 20:43:08,601] {processor.py:651} INFO - DAG(s) dict_keys(['example_branch_labels']) retrieved from /home/dimitri/dimitri/airflowalura/venv/lib/python3.10/site-packages/airflow/example_dags/example_branch_labels.py
[2024-04-04 20:43:08,614] {logging_mixin.py:115} INFO - [2024-04-04 20:43:08,613] {dag.py:2379} INFO - Sync 1 DAGs
[2024-04-04 20:43:08,627] {logging_mixin.py:115} INFO - [2024-04-04 20:43:08,627] {dag.py:2927} INFO - Setting next_dagrun for example_branch_labels to 2024-04-03T00:00:00+00:00, run_after=2024-04-04T00:00:00+00:00
[2024-04-04 20:43:08,647] {processor.py:161} INFO - Processing /home/dimitri/dimitri/airflowalura/venv/lib/python3.10/site-packages/airflow/example_dags/example_branch_labels.py took 0.056 seconds
[2024-04-04 20:43:43,168] {processor.py:153} INFO - Started process (PID=573743) to work on /home/dimitri/dimitri/airflowalura/venv/lib/python3.10/site-packages/airflow/example_dags/example_branch_labels.py
[2024-04-04 20:43:43,171] {processor.py:641} INFO - Processing file /home/dimitri/dimitri/airflowalura/venv/lib/python3.10/site-packages/airflow/example_dags/example_branch_labels.py for tasks to queue
[2024-04-04 20:43:43,171] {logging_mixin.py:115} INFO - [2024-04-04 20:43:43,171] {dagbag.py:507} INFO - Filling up the DagBag from /home/dimitri/dimitri/airflowalura/venv/lib/python3.10/site-packages/airflow/example_dags/example_branch_labels.py
[2024-04-04 20:43:43,175] {processor.py:651} INFO - DAG(s) dict_keys(['example_branch_labels']) retrieved from /home/dimitri/dimitri/airflowalura/venv/lib/python3.10/site-packages/airflow/example_dags/example_branch_labels.py
[2024-04-04 20:43:43,185] {logging_mixin.py:115} INFO - [2024-04-04 20:43:43,185] {dag.py:2379} INFO - Sync 1 DAGs
[2024-04-04 20:43:43,198] {logging_mixin.py:115} INFO - [2024-04-04 20:43:43,198] {dag.py:2927} INFO - Setting next_dagrun for example_branch_labels to 2024-04-03T00:00:00+00:00, run_after=2024-04-04T00:00:00+00:00
[2024-04-04 20:43:43,214] {processor.py:161} INFO - Processing /home/dimitri/dimitri/airflowalura/venv/lib/python3.10/site-packages/airflow/example_dags/example_branch_labels.py took 0.049 seconds
[2024-04-04 20:44:21,003] {processor.py:153} INFO - Started process (PID=573888) to work on /home/dimitri/dimitri/airflowalura/venv/lib/python3.10/site-packages/airflow/example_dags/example_branch_labels.py
[2024-04-04 20:44:21,006] {processor.py:641} INFO - Processing file /home/dimitri/dimitri/airflowalura/venv/lib/python3.10/site-packages/airflow/example_dags/example_branch_labels.py for tasks to queue
[2024-04-04 20:44:21,006] {logging_mixin.py:115} INFO - [2024-04-04 20:44:21,006] {dagbag.py:507} INFO - Filling up the DagBag from /home/dimitri/dimitri/airflowalura/venv/lib/python3.10/site-packages/airflow/example_dags/example_branch_labels.py
[2024-04-04 20:44:21,010] {processor.py:651} INFO - DAG(s) dict_keys(['example_branch_labels']) retrieved from /home/dimitri/dimitri/airflowalura/venv/lib/python3.10/site-packages/airflow/example_dags/example_branch_labels.py
[2024-04-04 20:44:21,022] {logging_mixin.py:115} INFO - [2024-04-04 20:44:21,022] {dag.py:2379} INFO - Sync 1 DAGs
[2024-04-04 20:44:21,036] {logging_mixin.py:115} INFO - [2024-04-04 20:44:21,036] {dag.py:2927} INFO - Setting next_dagrun for example_branch_labels to 2024-04-03T00:00:00+00:00, run_after=2024-04-04T00:00:00+00:00
[2024-04-04 20:44:21,053] {processor.py:161} INFO - Processing /home/dimitri/dimitri/airflowalura/venv/lib/python3.10/site-packages/airflow/example_dags/example_branch_labels.py took 0.052 seconds
[2024-04-04 20:44:55,803] {processor.py:153} INFO - Started process (PID=574026) to work on /home/dimitri/dimitri/airflowalura/venv/lib/python3.10/site-packages/airflow/example_dags/example_branch_labels.py
[2024-04-04 20:44:55,805] {processor.py:641} INFO - Processing file /home/dimitri/dimitri/airflowalura/venv/lib/python3.10/site-packages/airflow/example_dags/example_branch_labels.py for tasks to queue
[2024-04-04 20:44:55,805] {logging_mixin.py:115} INFO - [2024-04-04 20:44:55,805] {dagbag.py:507} INFO - Filling up the DagBag from /home/dimitri/dimitri/airflowalura/venv/lib/python3.10/site-packages/airflow/example_dags/example_branch_labels.py
[2024-04-04 20:44:55,809] {processor.py:651} INFO - DAG(s) dict_keys(['example_branch_labels']) retrieved from /home/dimitri/dimitri/airflowalura/venv/lib/python3.10/site-packages/airflow/example_dags/example_branch_labels.py
[2024-04-04 20:44:55,820] {logging_mixin.py:115} INFO - [2024-04-04 20:44:55,820] {dag.py:2379} INFO - Sync 1 DAGs
[2024-04-04 20:44:55,835] {logging_mixin.py:115} INFO - [2024-04-04 20:44:55,835] {dag.py:2927} INFO - Setting next_dagrun for example_branch_labels to 2024-04-03T00:00:00+00:00, run_after=2024-04-04T00:00:00+00:00
[2024-04-04 20:44:55,852] {processor.py:161} INFO - Processing /home/dimitri/dimitri/airflowalura/venv/lib/python3.10/site-packages/airflow/example_dags/example_branch_labels.py took 0.052 seconds
[2024-04-04 20:45:30,816] {processor.py:153} INFO - Started process (PID=574165) to work on /home/dimitri/dimitri/airflowalura/venv/lib/python3.10/site-packages/airflow/example_dags/example_branch_labels.py
[2024-04-04 20:45:30,818] {processor.py:641} INFO - Processing file /home/dimitri/dimitri/airflowalura/venv/lib/python3.10/site-packages/airflow/example_dags/example_branch_labels.py for tasks to queue
[2024-04-04 20:45:30,819] {logging_mixin.py:115} INFO - [2024-04-04 20:45:30,819] {dagbag.py:507} INFO - Filling up the DagBag from /home/dimitri/dimitri/airflowalura/venv/lib/python3.10/site-packages/airflow/example_dags/example_branch_labels.py
[2024-04-04 20:45:30,824] {processor.py:651} INFO - DAG(s) dict_keys(['example_branch_labels']) retrieved from /home/dimitri/dimitri/airflowalura/venv/lib/python3.10/site-packages/airflow/example_dags/example_branch_labels.py
[2024-04-04 20:45:30,834] {logging_mixin.py:115} INFO - [2024-04-04 20:45:30,834] {dag.py:2379} INFO - Sync 1 DAGs
[2024-04-04 20:45:30,848] {logging_mixin.py:115} INFO - [2024-04-04 20:45:30,848] {dag.py:2927} INFO - Setting next_dagrun for example_branch_labels to 2024-04-03T00:00:00+00:00, run_after=2024-04-04T00:00:00+00:00
[2024-04-04 20:45:30,865] {processor.py:161} INFO - Processing /home/dimitri/dimitri/airflowalura/venv/lib/python3.10/site-packages/airflow/example_dags/example_branch_labels.py took 0.050 seconds
[2024-04-04 20:46:08,174] {processor.py:153} INFO - Started process (PID=574304) to work on /home/dimitri/dimitri/airflowalura/venv/lib/python3.10/site-packages/airflow/example_dags/example_branch_labels.py
[2024-04-04 20:46:08,176] {processor.py:641} INFO - Processing file /home/dimitri/dimitri/airflowalura/venv/lib/python3.10/site-packages/airflow/example_dags/example_branch_labels.py for tasks to queue
[2024-04-04 20:46:08,177] {logging_mixin.py:115} INFO - [2024-04-04 20:46:08,177] {dagbag.py:507} INFO - Filling up the DagBag from /home/dimitri/dimitri/airflowalura/venv/lib/python3.10/site-packages/airflow/example_dags/example_branch_labels.py
[2024-04-04 20:46:08,181] {processor.py:651} INFO - DAG(s) dict_keys(['example_branch_labels']) retrieved from /home/dimitri/dimitri/airflowalura/venv/lib/python3.10/site-packages/airflow/example_dags/example_branch_labels.py
[2024-04-04 20:46:08,193] {logging_mixin.py:115} INFO - [2024-04-04 20:46:08,192] {dag.py:2379} INFO - Sync 1 DAGs
[2024-04-04 20:46:08,205] {logging_mixin.py:115} INFO - [2024-04-04 20:46:08,205] {dag.py:2927} INFO - Setting next_dagrun for example_branch_labels to 2024-04-03T00:00:00+00:00, run_after=2024-04-04T00:00:00+00:00
[2024-04-04 20:46:08,223] {processor.py:161} INFO - Processing /home/dimitri/dimitri/airflowalura/venv/lib/python3.10/site-packages/airflow/example_dags/example_branch_labels.py took 0.051 seconds
[2024-04-04 20:46:44,692] {processor.py:153} INFO - Started process (PID=574458) to work on /home/dimitri/dimitri/airflowalura/venv/lib/python3.10/site-packages/airflow/example_dags/example_branch_labels.py
[2024-04-04 20:46:44,694] {processor.py:641} INFO - Processing file /home/dimitri/dimitri/airflowalura/venv/lib/python3.10/site-packages/airflow/example_dags/example_branch_labels.py for tasks to queue
[2024-04-04 20:46:44,694] {logging_mixin.py:115} INFO - [2024-04-04 20:46:44,694] {dagbag.py:507} INFO - Filling up the DagBag from /home/dimitri/dimitri/airflowalura/venv/lib/python3.10/site-packages/airflow/example_dags/example_branch_labels.py
[2024-04-04 20:46:44,698] {processor.py:651} INFO - DAG(s) dict_keys(['example_branch_labels']) retrieved from /home/dimitri/dimitri/airflowalura/venv/lib/python3.10/site-packages/airflow/example_dags/example_branch_labels.py
[2024-04-04 20:46:44,714] {logging_mixin.py:115} INFO - [2024-04-04 20:46:44,714] {dag.py:2379} INFO - Sync 1 DAGs
[2024-04-04 20:46:44,728] {logging_mixin.py:115} INFO - [2024-04-04 20:46:44,728] {dag.py:2927} INFO - Setting next_dagrun for example_branch_labels to 2024-04-03T00:00:00+00:00, run_after=2024-04-04T00:00:00+00:00
[2024-04-04 20:46:44,744] {processor.py:161} INFO - Processing /home/dimitri/dimitri/airflowalura/venv/lib/python3.10/site-packages/airflow/example_dags/example_branch_labels.py took 0.055 seconds
[2024-04-04 20:47:16,910] {processor.py:153} INFO - Started process (PID=574592) to work on /home/dimitri/dimitri/airflowalura/venv/lib/python3.10/site-packages/airflow/example_dags/example_branch_labels.py
[2024-04-04 20:47:16,911] {processor.py:641} INFO - Processing file /home/dimitri/dimitri/airflowalura/venv/lib/python3.10/site-packages/airflow/example_dags/example_branch_labels.py for tasks to queue
[2024-04-04 20:47:16,912] {logging_mixin.py:115} INFO - [2024-04-04 20:47:16,912] {dagbag.py:507} INFO - Filling up the DagBag from /home/dimitri/dimitri/airflowalura/venv/lib/python3.10/site-packages/airflow/example_dags/example_branch_labels.py
[2024-04-04 20:47:16,915] {processor.py:651} INFO - DAG(s) dict_keys(['example_branch_labels']) retrieved from /home/dimitri/dimitri/airflowalura/venv/lib/python3.10/site-packages/airflow/example_dags/example_branch_labels.py
[2024-04-04 20:47:16,929] {logging_mixin.py:115} INFO - [2024-04-04 20:47:16,929] {dag.py:2379} INFO - Sync 1 DAGs
[2024-04-04 20:47:16,944] {logging_mixin.py:115} INFO - [2024-04-04 20:47:16,944] {dag.py:2927} INFO - Setting next_dagrun for example_branch_labels to 2024-04-03T00:00:00+00:00, run_after=2024-04-04T00:00:00+00:00
[2024-04-04 20:47:16,961] {processor.py:161} INFO - Processing /home/dimitri/dimitri/airflowalura/venv/lib/python3.10/site-packages/airflow/example_dags/example_branch_labels.py took 0.053 seconds
[2024-04-04 20:47:52,337] {processor.py:153} INFO - Started process (PID=574729) to work on /home/dimitri/dimitri/airflowalura/venv/lib/python3.10/site-packages/airflow/example_dags/example_branch_labels.py
[2024-04-04 20:47:52,340] {processor.py:641} INFO - Processing file /home/dimitri/dimitri/airflowalura/venv/lib/python3.10/site-packages/airflow/example_dags/example_branch_labels.py for tasks to queue
[2024-04-04 20:47:52,340] {logging_mixin.py:115} INFO - [2024-04-04 20:47:52,340] {dagbag.py:507} INFO - Filling up the DagBag from /home/dimitri/dimitri/airflowalura/venv/lib/python3.10/site-packages/airflow/example_dags/example_branch_labels.py
[2024-04-04 20:47:52,344] {processor.py:651} INFO - DAG(s) dict_keys(['example_branch_labels']) retrieved from /home/dimitri/dimitri/airflowalura/venv/lib/python3.10/site-packages/airflow/example_dags/example_branch_labels.py
[2024-04-04 20:47:52,355] {logging_mixin.py:115} INFO - [2024-04-04 20:47:52,355] {dag.py:2379} INFO - Sync 1 DAGs
[2024-04-04 20:47:52,366] {logging_mixin.py:115} INFO - [2024-04-04 20:47:52,366] {dag.py:2927} INFO - Setting next_dagrun for example_branch_labels to 2024-04-03T00:00:00+00:00, run_after=2024-04-04T00:00:00+00:00
[2024-04-04 20:47:52,383] {processor.py:161} INFO - Processing /home/dimitri/dimitri/airflowalura/venv/lib/python3.10/site-packages/airflow/example_dags/example_branch_labels.py took 0.049 seconds
[2024-04-04 20:48:24,960] {processor.py:153} INFO - Started process (PID=574862) to work on /home/dimitri/dimitri/airflowalura/venv/lib/python3.10/site-packages/airflow/example_dags/example_branch_labels.py
[2024-04-04 20:48:24,963] {processor.py:641} INFO - Processing file /home/dimitri/dimitri/airflowalura/venv/lib/python3.10/site-packages/airflow/example_dags/example_branch_labels.py for tasks to queue
[2024-04-04 20:48:24,964] {logging_mixin.py:115} INFO - [2024-04-04 20:48:24,964] {dagbag.py:507} INFO - Filling up the DagBag from /home/dimitri/dimitri/airflowalura/venv/lib/python3.10/site-packages/airflow/example_dags/example_branch_labels.py
[2024-04-04 20:48:24,968] {processor.py:651} INFO - DAG(s) dict_keys(['example_branch_labels']) retrieved from /home/dimitri/dimitri/airflowalura/venv/lib/python3.10/site-packages/airflow/example_dags/example_branch_labels.py
[2024-04-04 20:48:24,980] {logging_mixin.py:115} INFO - [2024-04-04 20:48:24,980] {dag.py:2379} INFO - Sync 1 DAGs
[2024-04-04 20:48:24,991] {logging_mixin.py:115} INFO - [2024-04-04 20:48:24,991] {dag.py:2927} INFO - Setting next_dagrun for example_branch_labels to 2024-04-03T00:00:00+00:00, run_after=2024-04-04T00:00:00+00:00
[2024-04-04 20:48:25,009] {processor.py:161} INFO - Processing /home/dimitri/dimitri/airflowalura/venv/lib/python3.10/site-packages/airflow/example_dags/example_branch_labels.py took 0.051 seconds
[2024-04-04 20:49:03,515] {processor.py:153} INFO - Started process (PID=575018) to work on /home/dimitri/dimitri/airflowalura/venv/lib/python3.10/site-packages/airflow/example_dags/example_branch_labels.py
[2024-04-04 20:49:03,517] {processor.py:641} INFO - Processing file /home/dimitri/dimitri/airflowalura/venv/lib/python3.10/site-packages/airflow/example_dags/example_branch_labels.py for tasks to queue
[2024-04-04 20:49:03,517] {logging_mixin.py:115} INFO - [2024-04-04 20:49:03,517] {dagbag.py:507} INFO - Filling up the DagBag from /home/dimitri/dimitri/airflowalura/venv/lib/python3.10/site-packages/airflow/example_dags/example_branch_labels.py
[2024-04-04 20:49:03,521] {processor.py:651} INFO - DAG(s) dict_keys(['example_branch_labels']) retrieved from /home/dimitri/dimitri/airflowalura/venv/lib/python3.10/site-packages/airflow/example_dags/example_branch_labels.py
[2024-04-04 20:49:03,533] {logging_mixin.py:115} INFO - [2024-04-04 20:49:03,533] {dag.py:2379} INFO - Sync 1 DAGs
[2024-04-04 20:49:03,544] {logging_mixin.py:115} INFO - [2024-04-04 20:49:03,544] {dag.py:2927} INFO - Setting next_dagrun for example_branch_labels to 2024-04-03T00:00:00+00:00, run_after=2024-04-04T00:00:00+00:00
[2024-04-04 20:49:03,561] {processor.py:161} INFO - Processing /home/dimitri/dimitri/airflowalura/venv/lib/python3.10/site-packages/airflow/example_dags/example_branch_labels.py took 0.049 seconds
[2024-04-04 20:49:35,958] {processor.py:153} INFO - Started process (PID=575143) to work on /home/dimitri/dimitri/airflowalura/venv/lib/python3.10/site-packages/airflow/example_dags/example_branch_labels.py
[2024-04-04 20:49:35,961] {processor.py:641} INFO - Processing file /home/dimitri/dimitri/airflowalura/venv/lib/python3.10/site-packages/airflow/example_dags/example_branch_labels.py for tasks to queue
[2024-04-04 20:49:35,961] {logging_mixin.py:115} INFO - [2024-04-04 20:49:35,961] {dagbag.py:507} INFO - Filling up the DagBag from /home/dimitri/dimitri/airflowalura/venv/lib/python3.10/site-packages/airflow/example_dags/example_branch_labels.py
[2024-04-04 20:49:35,964] {processor.py:651} INFO - DAG(s) dict_keys(['example_branch_labels']) retrieved from /home/dimitri/dimitri/airflowalura/venv/lib/python3.10/site-packages/airflow/example_dags/example_branch_labels.py
[2024-04-04 20:49:35,977] {logging_mixin.py:115} INFO - [2024-04-04 20:49:35,977] {dag.py:2379} INFO - Sync 1 DAGs
[2024-04-04 20:49:35,988] {logging_mixin.py:115} INFO - [2024-04-04 20:49:35,988] {dag.py:2927} INFO - Setting next_dagrun for example_branch_labels to 2024-04-03T00:00:00+00:00, run_after=2024-04-04T00:00:00+00:00
[2024-04-04 20:49:36,005] {processor.py:161} INFO - Processing /home/dimitri/dimitri/airflowalura/venv/lib/python3.10/site-packages/airflow/example_dags/example_branch_labels.py took 0.048 seconds
[2024-04-04 20:50:09,130] {processor.py:153} INFO - Started process (PID=575276) to work on /home/dimitri/dimitri/airflowalura/venv/lib/python3.10/site-packages/airflow/example_dags/example_branch_labels.py
[2024-04-04 20:50:09,132] {processor.py:641} INFO - Processing file /home/dimitri/dimitri/airflowalura/venv/lib/python3.10/site-packages/airflow/example_dags/example_branch_labels.py for tasks to queue
[2024-04-04 20:50:09,133] {logging_mixin.py:115} INFO - [2024-04-04 20:50:09,133] {dagbag.py:507} INFO - Filling up the DagBag from /home/dimitri/dimitri/airflowalura/venv/lib/python3.10/site-packages/airflow/example_dags/example_branch_labels.py
[2024-04-04 20:50:09,137] {processor.py:651} INFO - DAG(s) dict_keys(['example_branch_labels']) retrieved from /home/dimitri/dimitri/airflowalura/venv/lib/python3.10/site-packages/airflow/example_dags/example_branch_labels.py
[2024-04-04 20:50:09,149] {logging_mixin.py:115} INFO - [2024-04-04 20:50:09,149] {dag.py:2379} INFO - Sync 1 DAGs
[2024-04-04 20:50:09,159] {logging_mixin.py:115} INFO - [2024-04-04 20:50:09,159] {dag.py:2927} INFO - Setting next_dagrun for example_branch_labels to 2024-04-03T00:00:00+00:00, run_after=2024-04-04T00:00:00+00:00
[2024-04-04 20:50:09,175] {processor.py:161} INFO - Processing /home/dimitri/dimitri/airflowalura/venv/lib/python3.10/site-packages/airflow/example_dags/example_branch_labels.py took 0.048 seconds
[2024-04-04 20:50:49,162] {processor.py:153} INFO - Started process (PID=575431) to work on /home/dimitri/dimitri/airflowalura/venv/lib/python3.10/site-packages/airflow/example_dags/example_branch_labels.py
[2024-04-04 20:50:49,164] {processor.py:641} INFO - Processing file /home/dimitri/dimitri/airflowalura/venv/lib/python3.10/site-packages/airflow/example_dags/example_branch_labels.py for tasks to queue
[2024-04-04 20:50:49,164] {logging_mixin.py:115} INFO - [2024-04-04 20:50:49,164] {dagbag.py:507} INFO - Filling up the DagBag from /home/dimitri/dimitri/airflowalura/venv/lib/python3.10/site-packages/airflow/example_dags/example_branch_labels.py
[2024-04-04 20:50:49,168] {processor.py:651} INFO - DAG(s) dict_keys(['example_branch_labels']) retrieved from /home/dimitri/dimitri/airflowalura/venv/lib/python3.10/site-packages/airflow/example_dags/example_branch_labels.py
[2024-04-04 20:50:49,183] {logging_mixin.py:115} INFO - [2024-04-04 20:50:49,183] {dag.py:2379} INFO - Sync 1 DAGs
[2024-04-04 20:50:49,195] {logging_mixin.py:115} INFO - [2024-04-04 20:50:49,195] {dag.py:2927} INFO - Setting next_dagrun for example_branch_labels to 2024-04-03T00:00:00+00:00, run_after=2024-04-04T00:00:00+00:00
[2024-04-04 20:50:49,210] {processor.py:161} INFO - Processing /home/dimitri/dimitri/airflowalura/venv/lib/python3.10/site-packages/airflow/example_dags/example_branch_labels.py took 0.050 seconds
[2024-04-04 20:51:26,117] {processor.py:153} INFO - Started process (PID=575577) to work on /home/dimitri/dimitri/airflowalura/venv/lib/python3.10/site-packages/airflow/example_dags/example_branch_labels.py
[2024-04-04 20:51:26,118] {processor.py:641} INFO - Processing file /home/dimitri/dimitri/airflowalura/venv/lib/python3.10/site-packages/airflow/example_dags/example_branch_labels.py for tasks to queue
[2024-04-04 20:51:26,118] {logging_mixin.py:115} INFO - [2024-04-04 20:51:26,118] {dagbag.py:507} INFO - Filling up the DagBag from /home/dimitri/dimitri/airflowalura/venv/lib/python3.10/site-packages/airflow/example_dags/example_branch_labels.py
[2024-04-04 20:51:26,122] {processor.py:651} INFO - DAG(s) dict_keys(['example_branch_labels']) retrieved from /home/dimitri/dimitri/airflowalura/venv/lib/python3.10/site-packages/airflow/example_dags/example_branch_labels.py
[2024-04-04 20:51:26,137] {logging_mixin.py:115} INFO - [2024-04-04 20:51:26,137] {dag.py:2379} INFO - Sync 1 DAGs
[2024-04-04 20:51:26,150] {logging_mixin.py:115} INFO - [2024-04-04 20:51:26,150] {dag.py:2927} INFO - Setting next_dagrun for example_branch_labels to 2024-04-03T00:00:00+00:00, run_after=2024-04-04T00:00:00+00:00
[2024-04-04 20:51:26,182] {processor.py:161} INFO - Processing /home/dimitri/dimitri/airflowalura/venv/lib/python3.10/site-packages/airflow/example_dags/example_branch_labels.py took 0.066 seconds
[2024-04-04 20:52:04,827] {processor.py:153} INFO - Started process (PID=575728) to work on /home/dimitri/dimitri/airflowalura/venv/lib/python3.10/site-packages/airflow/example_dags/example_branch_labels.py
[2024-04-04 20:52:04,831] {processor.py:641} INFO - Processing file /home/dimitri/dimitri/airflowalura/venv/lib/python3.10/site-packages/airflow/example_dags/example_branch_labels.py for tasks to queue
[2024-04-04 20:52:04,831] {logging_mixin.py:115} INFO - [2024-04-04 20:52:04,831] {dagbag.py:507} INFO - Filling up the DagBag from /home/dimitri/dimitri/airflowalura/venv/lib/python3.10/site-packages/airflow/example_dags/example_branch_labels.py
[2024-04-04 20:52:04,835] {processor.py:651} INFO - DAG(s) dict_keys(['example_branch_labels']) retrieved from /home/dimitri/dimitri/airflowalura/venv/lib/python3.10/site-packages/airflow/example_dags/example_branch_labels.py
[2024-04-04 20:52:04,847] {logging_mixin.py:115} INFO - [2024-04-04 20:52:04,847] {dag.py:2379} INFO - Sync 1 DAGs
[2024-04-04 20:52:04,861] {logging_mixin.py:115} INFO - [2024-04-04 20:52:04,861] {dag.py:2927} INFO - Setting next_dagrun for example_branch_labels to 2024-04-03T00:00:00+00:00, run_after=2024-04-04T00:00:00+00:00
[2024-04-04 20:52:04,879] {processor.py:161} INFO - Processing /home/dimitri/dimitri/airflowalura/venv/lib/python3.10/site-packages/airflow/example_dags/example_branch_labels.py took 0.054 seconds
[2024-04-04 20:52:38,370] {processor.py:153} INFO - Started process (PID=575856) to work on /home/dimitri/dimitri/airflowalura/venv/lib/python3.10/site-packages/airflow/example_dags/example_branch_labels.py
[2024-04-04 20:52:38,373] {processor.py:641} INFO - Processing file /home/dimitri/dimitri/airflowalura/venv/lib/python3.10/site-packages/airflow/example_dags/example_branch_labels.py for tasks to queue
[2024-04-04 20:52:38,374] {logging_mixin.py:115} INFO - [2024-04-04 20:52:38,374] {dagbag.py:507} INFO - Filling up the DagBag from /home/dimitri/dimitri/airflowalura/venv/lib/python3.10/site-packages/airflow/example_dags/example_branch_labels.py
[2024-04-04 20:52:38,390] {processor.py:651} INFO - DAG(s) dict_keys(['example_branch_labels']) retrieved from /home/dimitri/dimitri/airflowalura/venv/lib/python3.10/site-packages/airflow/example_dags/example_branch_labels.py
[2024-04-04 20:52:38,427] {logging_mixin.py:115} INFO - [2024-04-04 20:52:38,427] {dag.py:2379} INFO - Sync 1 DAGs
[2024-04-04 20:52:38,455] {logging_mixin.py:115} INFO - [2024-04-04 20:52:38,455] {dag.py:2927} INFO - Setting next_dagrun for example_branch_labels to 2024-04-03T00:00:00+00:00, run_after=2024-04-04T00:00:00+00:00
[2024-04-04 20:52:38,484] {processor.py:161} INFO - Processing /home/dimitri/dimitri/airflowalura/venv/lib/python3.10/site-packages/airflow/example_dags/example_branch_labels.py took 0.117 seconds
[2024-04-04 20:53:13,570] {processor.py:153} INFO - Started process (PID=575990) to work on /home/dimitri/dimitri/airflowalura/venv/lib/python3.10/site-packages/airflow/example_dags/example_branch_labels.py
[2024-04-04 20:53:13,572] {processor.py:641} INFO - Processing file /home/dimitri/dimitri/airflowalura/venv/lib/python3.10/site-packages/airflow/example_dags/example_branch_labels.py for tasks to queue
[2024-04-04 20:53:13,572] {logging_mixin.py:115} INFO - [2024-04-04 20:53:13,572] {dagbag.py:507} INFO - Filling up the DagBag from /home/dimitri/dimitri/airflowalura/venv/lib/python3.10/site-packages/airflow/example_dags/example_branch_labels.py
[2024-04-04 20:53:13,576] {processor.py:651} INFO - DAG(s) dict_keys(['example_branch_labels']) retrieved from /home/dimitri/dimitri/airflowalura/venv/lib/python3.10/site-packages/airflow/example_dags/example_branch_labels.py
[2024-04-04 20:53:13,588] {logging_mixin.py:115} INFO - [2024-04-04 20:53:13,588] {dag.py:2379} INFO - Sync 1 DAGs
[2024-04-04 20:53:13,599] {logging_mixin.py:115} INFO - [2024-04-04 20:53:13,599] {dag.py:2927} INFO - Setting next_dagrun for example_branch_labels to 2024-04-03T00:00:00+00:00, run_after=2024-04-04T00:00:00+00:00
[2024-04-04 20:53:13,614] {processor.py:161} INFO - Processing /home/dimitri/dimitri/airflowalura/venv/lib/python3.10/site-packages/airflow/example_dags/example_branch_labels.py took 0.047 seconds
[2024-04-04 20:53:50,585] {processor.py:153} INFO - Started process (PID=576136) to work on /home/dimitri/dimitri/airflowalura/venv/lib/python3.10/site-packages/airflow/example_dags/example_branch_labels.py
[2024-04-04 20:53:50,585] {processor.py:641} INFO - Processing file /home/dimitri/dimitri/airflowalura/venv/lib/python3.10/site-packages/airflow/example_dags/example_branch_labels.py for tasks to queue
[2024-04-04 20:53:50,586] {logging_mixin.py:115} INFO - [2024-04-04 20:53:50,586] {dagbag.py:507} INFO - Filling up the DagBag from /home/dimitri/dimitri/airflowalura/venv/lib/python3.10/site-packages/airflow/example_dags/example_branch_labels.py
[2024-04-04 20:53:50,589] {processor.py:651} INFO - DAG(s) dict_keys(['example_branch_labels']) retrieved from /home/dimitri/dimitri/airflowalura/venv/lib/python3.10/site-packages/airflow/example_dags/example_branch_labels.py
[2024-04-04 20:53:50,601] {logging_mixin.py:115} INFO - [2024-04-04 20:53:50,601] {dag.py:2379} INFO - Sync 1 DAGs
[2024-04-04 20:53:50,613] {logging_mixin.py:115} INFO - [2024-04-04 20:53:50,612] {dag.py:2927} INFO - Setting next_dagrun for example_branch_labels to 2024-04-03T00:00:00+00:00, run_after=2024-04-04T00:00:00+00:00
[2024-04-04 20:53:50,628] {processor.py:161} INFO - Processing /home/dimitri/dimitri/airflowalura/venv/lib/python3.10/site-packages/airflow/example_dags/example_branch_labels.py took 0.046 seconds
[2024-04-04 20:54:24,713] {processor.py:153} INFO - Started process (PID=576274) to work on /home/dimitri/dimitri/airflowalura/venv/lib/python3.10/site-packages/airflow/example_dags/example_branch_labels.py
[2024-04-04 20:54:24,716] {processor.py:641} INFO - Processing file /home/dimitri/dimitri/airflowalura/venv/lib/python3.10/site-packages/airflow/example_dags/example_branch_labels.py for tasks to queue
[2024-04-04 20:54:24,716] {logging_mixin.py:115} INFO - [2024-04-04 20:54:24,716] {dagbag.py:507} INFO - Filling up the DagBag from /home/dimitri/dimitri/airflowalura/venv/lib/python3.10/site-packages/airflow/example_dags/example_branch_labels.py
[2024-04-04 20:54:24,720] {processor.py:651} INFO - DAG(s) dict_keys(['example_branch_labels']) retrieved from /home/dimitri/dimitri/airflowalura/venv/lib/python3.10/site-packages/airflow/example_dags/example_branch_labels.py
[2024-04-04 20:54:24,732] {logging_mixin.py:115} INFO - [2024-04-04 20:54:24,732] {dag.py:2379} INFO - Sync 1 DAGs
[2024-04-04 20:54:24,743] {logging_mixin.py:115} INFO - [2024-04-04 20:54:24,743] {dag.py:2927} INFO - Setting next_dagrun for example_branch_labels to 2024-04-03T00:00:00+00:00, run_after=2024-04-04T00:00:00+00:00
[2024-04-04 20:54:24,760] {processor.py:161} INFO - Processing /home/dimitri/dimitri/airflowalura/venv/lib/python3.10/site-packages/airflow/example_dags/example_branch_labels.py took 0.049 seconds
[2024-04-04 20:55:00,369] {processor.py:153} INFO - Started process (PID=576412) to work on /home/dimitri/dimitri/airflowalura/venv/lib/python3.10/site-packages/airflow/example_dags/example_branch_labels.py
[2024-04-04 20:55:00,372] {processor.py:641} INFO - Processing file /home/dimitri/dimitri/airflowalura/venv/lib/python3.10/site-packages/airflow/example_dags/example_branch_labels.py for tasks to queue
[2024-04-04 20:55:00,372] {logging_mixin.py:115} INFO - [2024-04-04 20:55:00,372] {dagbag.py:507} INFO - Filling up the DagBag from /home/dimitri/dimitri/airflowalura/venv/lib/python3.10/site-packages/airflow/example_dags/example_branch_labels.py
[2024-04-04 20:55:00,378] {processor.py:651} INFO - DAG(s) dict_keys(['example_branch_labels']) retrieved from /home/dimitri/dimitri/airflowalura/venv/lib/python3.10/site-packages/airflow/example_dags/example_branch_labels.py
[2024-04-04 20:55:00,389] {logging_mixin.py:115} INFO - [2024-04-04 20:55:00,389] {dag.py:2379} INFO - Sync 1 DAGs
[2024-04-04 20:55:00,399] {logging_mixin.py:115} INFO - [2024-04-04 20:55:00,399] {dag.py:2927} INFO - Setting next_dagrun for example_branch_labels to 2024-04-03T00:00:00+00:00, run_after=2024-04-04T00:00:00+00:00
[2024-04-04 20:55:00,415] {processor.py:161} INFO - Processing /home/dimitri/dimitri/airflowalura/venv/lib/python3.10/site-packages/airflow/example_dags/example_branch_labels.py took 0.049 seconds
[2024-04-04 20:55:40,146] {processor.py:153} INFO - Started process (PID=576568) to work on /home/dimitri/dimitri/airflowalura/venv/lib/python3.10/site-packages/airflow/example_dags/example_branch_labels.py
[2024-04-04 20:55:40,148] {processor.py:641} INFO - Processing file /home/dimitri/dimitri/airflowalura/venv/lib/python3.10/site-packages/airflow/example_dags/example_branch_labels.py for tasks to queue
[2024-04-04 20:55:40,149] {logging_mixin.py:115} INFO - [2024-04-04 20:55:40,149] {dagbag.py:507} INFO - Filling up the DagBag from /home/dimitri/dimitri/airflowalura/venv/lib/python3.10/site-packages/airflow/example_dags/example_branch_labels.py
[2024-04-04 20:55:40,152] {processor.py:651} INFO - DAG(s) dict_keys(['example_branch_labels']) retrieved from /home/dimitri/dimitri/airflowalura/venv/lib/python3.10/site-packages/airflow/example_dags/example_branch_labels.py
[2024-04-04 20:55:40,164] {logging_mixin.py:115} INFO - [2024-04-04 20:55:40,164] {dag.py:2379} INFO - Sync 1 DAGs
[2024-04-04 20:55:40,174] {logging_mixin.py:115} INFO - [2024-04-04 20:55:40,174] {dag.py:2927} INFO - Setting next_dagrun for example_branch_labels to 2024-04-03T00:00:00+00:00, run_after=2024-04-04T00:00:00+00:00
[2024-04-04 20:55:40,190] {processor.py:161} INFO - Processing /home/dimitri/dimitri/airflowalura/venv/lib/python3.10/site-packages/airflow/example_dags/example_branch_labels.py took 0.047 seconds
[2024-04-04 20:56:15,460] {processor.py:153} INFO - Started process (PID=576705) to work on /home/dimitri/dimitri/airflowalura/venv/lib/python3.10/site-packages/airflow/example_dags/example_branch_labels.py
[2024-04-04 20:56:15,462] {processor.py:641} INFO - Processing file /home/dimitri/dimitri/airflowalura/venv/lib/python3.10/site-packages/airflow/example_dags/example_branch_labels.py for tasks to queue
[2024-04-04 20:56:15,463] {logging_mixin.py:115} INFO - [2024-04-04 20:56:15,463] {dagbag.py:507} INFO - Filling up the DagBag from /home/dimitri/dimitri/airflowalura/venv/lib/python3.10/site-packages/airflow/example_dags/example_branch_labels.py
[2024-04-04 20:56:15,466] {processor.py:651} INFO - DAG(s) dict_keys(['example_branch_labels']) retrieved from /home/dimitri/dimitri/airflowalura/venv/lib/python3.10/site-packages/airflow/example_dags/example_branch_labels.py
[2024-04-04 20:56:15,478] {logging_mixin.py:115} INFO - [2024-04-04 20:56:15,478] {dag.py:2379} INFO - Sync 1 DAGs
[2024-04-04 20:56:15,490] {logging_mixin.py:115} INFO - [2024-04-04 20:56:15,490] {dag.py:2927} INFO - Setting next_dagrun for example_branch_labels to 2024-04-03T00:00:00+00:00, run_after=2024-04-04T00:00:00+00:00
[2024-04-04 20:56:15,505] {processor.py:161} INFO - Processing /home/dimitri/dimitri/airflowalura/venv/lib/python3.10/site-packages/airflow/example_dags/example_branch_labels.py took 0.048 seconds
[2024-04-04 20:56:51,436] {processor.py:153} INFO - Started process (PID=576843) to work on /home/dimitri/dimitri/airflowalura/venv/lib/python3.10/site-packages/airflow/example_dags/example_branch_labels.py
[2024-04-04 20:56:51,440] {processor.py:641} INFO - Processing file /home/dimitri/dimitri/airflowalura/venv/lib/python3.10/site-packages/airflow/example_dags/example_branch_labels.py for tasks to queue
[2024-04-04 20:56:51,440] {logging_mixin.py:115} INFO - [2024-04-04 20:56:51,440] {dagbag.py:507} INFO - Filling up the DagBag from /home/dimitri/dimitri/airflowalura/venv/lib/python3.10/site-packages/airflow/example_dags/example_branch_labels.py
[2024-04-04 20:56:51,444] {processor.py:651} INFO - DAG(s) dict_keys(['example_branch_labels']) retrieved from /home/dimitri/dimitri/airflowalura/venv/lib/python3.10/site-packages/airflow/example_dags/example_branch_labels.py
[2024-04-04 20:56:51,459] {logging_mixin.py:115} INFO - [2024-04-04 20:56:51,459] {dag.py:2379} INFO - Sync 1 DAGs
[2024-04-04 20:56:51,471] {logging_mixin.py:115} INFO - [2024-04-04 20:56:51,471] {dag.py:2927} INFO - Setting next_dagrun for example_branch_labels to 2024-04-03T00:00:00+00:00, run_after=2024-04-04T00:00:00+00:00
[2024-04-04 20:56:51,487] {processor.py:161} INFO - Processing /home/dimitri/dimitri/airflowalura/venv/lib/python3.10/site-packages/airflow/example_dags/example_branch_labels.py took 0.053 seconds
[2024-04-04 20:57:25,309] {processor.py:153} INFO - Started process (PID=576977) to work on /home/dimitri/dimitri/airflowalura/venv/lib/python3.10/site-packages/airflow/example_dags/example_branch_labels.py
[2024-04-04 20:57:25,311] {processor.py:641} INFO - Processing file /home/dimitri/dimitri/airflowalura/venv/lib/python3.10/site-packages/airflow/example_dags/example_branch_labels.py for tasks to queue
[2024-04-04 20:57:25,311] {logging_mixin.py:115} INFO - [2024-04-04 20:57:25,311] {dagbag.py:507} INFO - Filling up the DagBag from /home/dimitri/dimitri/airflowalura/venv/lib/python3.10/site-packages/airflow/example_dags/example_branch_labels.py
[2024-04-04 20:57:25,315] {processor.py:651} INFO - DAG(s) dict_keys(['example_branch_labels']) retrieved from /home/dimitri/dimitri/airflowalura/venv/lib/python3.10/site-packages/airflow/example_dags/example_branch_labels.py
[2024-04-04 20:57:25,327] {logging_mixin.py:115} INFO - [2024-04-04 20:57:25,327] {dag.py:2379} INFO - Sync 1 DAGs
[2024-04-04 20:57:25,346] {logging_mixin.py:115} INFO - [2024-04-04 20:57:25,346] {dag.py:2927} INFO - Setting next_dagrun for example_branch_labels to 2024-04-03T00:00:00+00:00, run_after=2024-04-04T00:00:00+00:00
[2024-04-04 20:57:25,364] {processor.py:161} INFO - Processing /home/dimitri/dimitri/airflowalura/venv/lib/python3.10/site-packages/airflow/example_dags/example_branch_labels.py took 0.057 seconds
[2024-04-04 20:57:59,610] {processor.py:153} INFO - Started process (PID=577113) to work on /home/dimitri/dimitri/airflowalura/venv/lib/python3.10/site-packages/airflow/example_dags/example_branch_labels.py
[2024-04-04 20:57:59,613] {processor.py:641} INFO - Processing file /home/dimitri/dimitri/airflowalura/venv/lib/python3.10/site-packages/airflow/example_dags/example_branch_labels.py for tasks to queue
[2024-04-04 20:57:59,613] {logging_mixin.py:115} INFO - [2024-04-04 20:57:59,613] {dagbag.py:507} INFO - Filling up the DagBag from /home/dimitri/dimitri/airflowalura/venv/lib/python3.10/site-packages/airflow/example_dags/example_branch_labels.py
[2024-04-04 20:57:59,619] {processor.py:651} INFO - DAG(s) dict_keys(['example_branch_labels']) retrieved from /home/dimitri/dimitri/airflowalura/venv/lib/python3.10/site-packages/airflow/example_dags/example_branch_labels.py
[2024-04-04 20:57:59,636] {logging_mixin.py:115} INFO - [2024-04-04 20:57:59,636] {dag.py:2379} INFO - Sync 1 DAGs
[2024-04-04 20:57:59,648] {logging_mixin.py:115} INFO - [2024-04-04 20:57:59,648] {dag.py:2927} INFO - Setting next_dagrun for example_branch_labels to 2024-04-03T00:00:00+00:00, run_after=2024-04-04T00:00:00+00:00
[2024-04-04 20:57:59,665] {processor.py:161} INFO - Processing /home/dimitri/dimitri/airflowalura/venv/lib/python3.10/site-packages/airflow/example_dags/example_branch_labels.py took 0.057 seconds
[2024-04-04 20:58:35,524] {processor.py:153} INFO - Started process (PID=577253) to work on /home/dimitri/dimitri/airflowalura/venv/lib/python3.10/site-packages/airflow/example_dags/example_branch_labels.py
[2024-04-04 20:58:35,525] {processor.py:641} INFO - Processing file /home/dimitri/dimitri/airflowalura/venv/lib/python3.10/site-packages/airflow/example_dags/example_branch_labels.py for tasks to queue
[2024-04-04 20:58:35,525] {logging_mixin.py:115} INFO - [2024-04-04 20:58:35,525] {dagbag.py:507} INFO - Filling up the DagBag from /home/dimitri/dimitri/airflowalura/venv/lib/python3.10/site-packages/airflow/example_dags/example_branch_labels.py
[2024-04-04 20:58:35,529] {processor.py:651} INFO - DAG(s) dict_keys(['example_branch_labels']) retrieved from /home/dimitri/dimitri/airflowalura/venv/lib/python3.10/site-packages/airflow/example_dags/example_branch_labels.py
[2024-04-04 20:58:35,543] {logging_mixin.py:115} INFO - [2024-04-04 20:58:35,543] {dag.py:2379} INFO - Sync 1 DAGs
[2024-04-04 20:58:35,555] {logging_mixin.py:115} INFO - [2024-04-04 20:58:35,554] {dag.py:2927} INFO - Setting next_dagrun for example_branch_labels to 2024-04-03T00:00:00+00:00, run_after=2024-04-04T00:00:00+00:00
[2024-04-04 20:58:35,571] {processor.py:161} INFO - Processing /home/dimitri/dimitri/airflowalura/venv/lib/python3.10/site-packages/airflow/example_dags/example_branch_labels.py took 0.049 seconds
[2024-04-04 20:59:08,473] {processor.py:153} INFO - Started process (PID=577384) to work on /home/dimitri/dimitri/airflowalura/venv/lib/python3.10/site-packages/airflow/example_dags/example_branch_labels.py
[2024-04-04 20:59:08,475] {processor.py:641} INFO - Processing file /home/dimitri/dimitri/airflowalura/venv/lib/python3.10/site-packages/airflow/example_dags/example_branch_labels.py for tasks to queue
[2024-04-04 20:59:08,476] {logging_mixin.py:115} INFO - [2024-04-04 20:59:08,476] {dagbag.py:507} INFO - Filling up the DagBag from /home/dimitri/dimitri/airflowalura/venv/lib/python3.10/site-packages/airflow/example_dags/example_branch_labels.py
[2024-04-04 20:59:08,480] {processor.py:651} INFO - DAG(s) dict_keys(['example_branch_labels']) retrieved from /home/dimitri/dimitri/airflowalura/venv/lib/python3.10/site-packages/airflow/example_dags/example_branch_labels.py
[2024-04-04 20:59:08,492] {logging_mixin.py:115} INFO - [2024-04-04 20:59:08,491] {dag.py:2379} INFO - Sync 1 DAGs
[2024-04-04 20:59:08,503] {logging_mixin.py:115} INFO - [2024-04-04 20:59:08,503] {dag.py:2927} INFO - Setting next_dagrun for example_branch_labels to 2024-04-03T00:00:00+00:00, run_after=2024-04-04T00:00:00+00:00
[2024-04-04 20:59:08,519] {processor.py:161} INFO - Processing /home/dimitri/dimitri/airflowalura/venv/lib/python3.10/site-packages/airflow/example_dags/example_branch_labels.py took 0.049 seconds
[2024-04-04 20:59:43,113] {processor.py:153} INFO - Started process (PID=577522) to work on /home/dimitri/dimitri/airflowalura/venv/lib/python3.10/site-packages/airflow/example_dags/example_branch_labels.py
[2024-04-04 20:59:43,116] {processor.py:641} INFO - Processing file /home/dimitri/dimitri/airflowalura/venv/lib/python3.10/site-packages/airflow/example_dags/example_branch_labels.py for tasks to queue
[2024-04-04 20:59:43,116] {logging_mixin.py:115} INFO - [2024-04-04 20:59:43,116] {dagbag.py:507} INFO - Filling up the DagBag from /home/dimitri/dimitri/airflowalura/venv/lib/python3.10/site-packages/airflow/example_dags/example_branch_labels.py
[2024-04-04 20:59:43,120] {processor.py:651} INFO - DAG(s) dict_keys(['example_branch_labels']) retrieved from /home/dimitri/dimitri/airflowalura/venv/lib/python3.10/site-packages/airflow/example_dags/example_branch_labels.py
[2024-04-04 20:59:43,133] {logging_mixin.py:115} INFO - [2024-04-04 20:59:43,133] {dag.py:2379} INFO - Sync 1 DAGs
[2024-04-04 20:59:43,144] {logging_mixin.py:115} INFO - [2024-04-04 20:59:43,144] {dag.py:2927} INFO - Setting next_dagrun for example_branch_labels to 2024-04-03T00:00:00+00:00, run_after=2024-04-04T00:00:00+00:00
[2024-04-04 20:59:43,159] {processor.py:161} INFO - Processing /home/dimitri/dimitri/airflowalura/venv/lib/python3.10/site-packages/airflow/example_dags/example_branch_labels.py took 0.047 seconds
