[2024-04-04 20:29:18,704] {processor.py:153} INFO - Started process (PID=569892) to work on /home/dimitri/dimitri/airflowalura/venv/lib/python3.10/site-packages/airflow/example_dags/example_bash_operator.py
[2024-04-04 20:29:18,704] {processor.py:641} INFO - Processing file /home/dimitri/dimitri/airflowalura/venv/lib/python3.10/site-packages/airflow/example_dags/example_bash_operator.py for tasks to queue
[2024-04-04 20:29:18,705] {logging_mixin.py:115} INFO - [2024-04-04 20:29:18,705] {dagbag.py:507} INFO - Filling up the DagBag from /home/dimitri/dimitri/airflowalura/venv/lib/python3.10/site-packages/airflow/example_dags/example_bash_operator.py
[2024-04-04 20:29:18,712] {processor.py:651} INFO - DAG(s) dict_keys(['example_bash_operator']) retrieved from /home/dimitri/dimitri/airflowalura/venv/lib/python3.10/site-packages/airflow/example_dags/example_bash_operator.py
[2024-04-04 20:29:18,768] {logging_mixin.py:115} INFO - [2024-04-04 20:29:18,768] {manager.py:508} INFO - Created Permission View: can read on DAG:example_bash_operator
[2024-04-04 20:29:18,782] {logging_mixin.py:115} INFO - [2024-04-04 20:29:18,782] {manager.py:508} INFO - Created Permission View: can edit on DAG:example_bash_operator
[2024-04-04 20:29:18,795] {logging_mixin.py:115} INFO - [2024-04-04 20:29:18,795] {manager.py:508} INFO - Created Permission View: can delete on DAG:example_bash_operator
[2024-04-04 20:29:18,795] {logging_mixin.py:115} INFO - [2024-04-04 20:29:18,795] {dag.py:2379} INFO - Sync 1 DAGs
[2024-04-04 20:29:18,801] {logging_mixin.py:115} INFO - [2024-04-04 20:29:18,801] {dag.py:2398} INFO - Creating ORM DAG for example_bash_operator
[2024-04-04 20:29:18,806] {logging_mixin.py:115} INFO - [2024-04-04 20:29:18,806] {dag.py:2927} INFO - Setting next_dagrun for example_bash_operator to 2024-04-03T00:00:00+00:00, run_after=2024-04-04T00:00:00+00:00
[2024-04-04 20:29:18,826] {processor.py:161} INFO - Processing /home/dimitri/dimitri/airflowalura/venv/lib/python3.10/site-packages/airflow/example_dags/example_bash_operator.py took 0.123 seconds
[2024-04-04 20:29:53,506] {processor.py:153} INFO - Started process (PID=570274) to work on /home/dimitri/dimitri/airflowalura/venv/lib/python3.10/site-packages/airflow/example_dags/example_bash_operator.py
[2024-04-04 20:29:53,507] {processor.py:641} INFO - Processing file /home/dimitri/dimitri/airflowalura/venv/lib/python3.10/site-packages/airflow/example_dags/example_bash_operator.py for tasks to queue
[2024-04-04 20:29:53,507] {logging_mixin.py:115} INFO - [2024-04-04 20:29:53,507] {dagbag.py:507} INFO - Filling up the DagBag from /home/dimitri/dimitri/airflowalura/venv/lib/python3.10/site-packages/airflow/example_dags/example_bash_operator.py
[2024-04-04 20:29:53,514] {processor.py:651} INFO - DAG(s) dict_keys(['example_bash_operator']) retrieved from /home/dimitri/dimitri/airflowalura/venv/lib/python3.10/site-packages/airflow/example_dags/example_bash_operator.py
[2024-04-04 20:29:53,525] {logging_mixin.py:115} INFO - [2024-04-04 20:29:53,525] {dag.py:2379} INFO - Sync 1 DAGs
[2024-04-04 20:29:53,535] {logging_mixin.py:115} INFO - [2024-04-04 20:29:53,535] {dag.py:2927} INFO - Setting next_dagrun for example_bash_operator to 2024-04-03T00:00:00+00:00, run_after=2024-04-04T00:00:00+00:00
[2024-04-04 20:29:53,551] {processor.py:161} INFO - Processing /home/dimitri/dimitri/airflowalura/venv/lib/python3.10/site-packages/airflow/example_dags/example_bash_operator.py took 0.048 seconds
[2024-04-04 20:30:25,594] {processor.py:153} INFO - Started process (PID=570417) to work on /home/dimitri/dimitri/airflowalura/venv/lib/python3.10/site-packages/airflow/example_dags/example_bash_operator.py
[2024-04-04 20:30:25,595] {processor.py:641} INFO - Processing file /home/dimitri/dimitri/airflowalura/venv/lib/python3.10/site-packages/airflow/example_dags/example_bash_operator.py for tasks to queue
[2024-04-04 20:30:25,595] {logging_mixin.py:115} INFO - [2024-04-04 20:30:25,595] {dagbag.py:507} INFO - Filling up the DagBag from /home/dimitri/dimitri/airflowalura/venv/lib/python3.10/site-packages/airflow/example_dags/example_bash_operator.py
[2024-04-04 20:30:25,601] {processor.py:651} INFO - DAG(s) dict_keys(['example_bash_operator']) retrieved from /home/dimitri/dimitri/airflowalura/venv/lib/python3.10/site-packages/airflow/example_dags/example_bash_operator.py
[2024-04-04 20:30:25,614] {logging_mixin.py:115} INFO - [2024-04-04 20:30:25,614] {dag.py:2379} INFO - Sync 1 DAGs
[2024-04-04 20:30:25,624] {logging_mixin.py:115} INFO - [2024-04-04 20:30:25,624] {dag.py:2927} INFO - Setting next_dagrun for example_bash_operator to 2024-04-03T00:00:00+00:00, run_after=2024-04-04T00:00:00+00:00
[2024-04-04 20:30:25,640] {processor.py:161} INFO - Processing /home/dimitri/dimitri/airflowalura/venv/lib/python3.10/site-packages/airflow/example_dags/example_bash_operator.py took 0.047 seconds
[2024-04-04 20:30:59,593] {processor.py:153} INFO - Started process (PID=570553) to work on /home/dimitri/dimitri/airflowalura/venv/lib/python3.10/site-packages/airflow/example_dags/example_bash_operator.py
[2024-04-04 20:30:59,595] {processor.py:641} INFO - Processing file /home/dimitri/dimitri/airflowalura/venv/lib/python3.10/site-packages/airflow/example_dags/example_bash_operator.py for tasks to queue
[2024-04-04 20:30:59,596] {logging_mixin.py:115} INFO - [2024-04-04 20:30:59,596] {dagbag.py:507} INFO - Filling up the DagBag from /home/dimitri/dimitri/airflowalura/venv/lib/python3.10/site-packages/airflow/example_dags/example_bash_operator.py
[2024-04-04 20:30:59,602] {processor.py:651} INFO - DAG(s) dict_keys(['example_bash_operator']) retrieved from /home/dimitri/dimitri/airflowalura/venv/lib/python3.10/site-packages/airflow/example_dags/example_bash_operator.py
[2024-04-04 20:30:59,616] {logging_mixin.py:115} INFO - [2024-04-04 20:30:59,616] {dag.py:2379} INFO - Sync 1 DAGs
[2024-04-04 20:30:59,632] {logging_mixin.py:115} INFO - [2024-04-04 20:30:59,632] {dag.py:2927} INFO - Setting next_dagrun for example_bash_operator to 2024-04-03T00:00:00+00:00, run_after=2024-04-04T00:00:00+00:00
[2024-04-04 20:30:59,653] {processor.py:161} INFO - Processing /home/dimitri/dimitri/airflowalura/venv/lib/python3.10/site-packages/airflow/example_dags/example_bash_operator.py took 0.063 seconds
[2024-04-04 20:31:31,721] {processor.py:153} INFO - Started process (PID=570677) to work on /home/dimitri/dimitri/airflowalura/venv/lib/python3.10/site-packages/airflow/example_dags/example_bash_operator.py
[2024-04-04 20:31:31,724] {processor.py:641} INFO - Processing file /home/dimitri/dimitri/airflowalura/venv/lib/python3.10/site-packages/airflow/example_dags/example_bash_operator.py for tasks to queue
[2024-04-04 20:31:31,724] {logging_mixin.py:115} INFO - [2024-04-04 20:31:31,724] {dagbag.py:507} INFO - Filling up the DagBag from /home/dimitri/dimitri/airflowalura/venv/lib/python3.10/site-packages/airflow/example_dags/example_bash_operator.py
[2024-04-04 20:31:31,733] {processor.py:651} INFO - DAG(s) dict_keys(['example_bash_operator']) retrieved from /home/dimitri/dimitri/airflowalura/venv/lib/python3.10/site-packages/airflow/example_dags/example_bash_operator.py
[2024-04-04 20:31:31,744] {logging_mixin.py:115} INFO - [2024-04-04 20:31:31,744] {dag.py:2379} INFO - Sync 1 DAGs
[2024-04-04 20:31:31,756] {logging_mixin.py:115} INFO - [2024-04-04 20:31:31,755] {dag.py:2927} INFO - Setting next_dagrun for example_bash_operator to 2024-04-03T00:00:00+00:00, run_after=2024-04-04T00:00:00+00:00
[2024-04-04 20:31:31,770] {processor.py:161} INFO - Processing /home/dimitri/dimitri/airflowalura/venv/lib/python3.10/site-packages/airflow/example_dags/example_bash_operator.py took 0.051 seconds
[2024-04-04 20:32:05,864] {processor.py:153} INFO - Started process (PID=570809) to work on /home/dimitri/dimitri/airflowalura/venv/lib/python3.10/site-packages/airflow/example_dags/example_bash_operator.py
[2024-04-04 20:32:05,867] {processor.py:641} INFO - Processing file /home/dimitri/dimitri/airflowalura/venv/lib/python3.10/site-packages/airflow/example_dags/example_bash_operator.py for tasks to queue
[2024-04-04 20:32:05,867] {logging_mixin.py:115} INFO - [2024-04-04 20:32:05,867] {dagbag.py:507} INFO - Filling up the DagBag from /home/dimitri/dimitri/airflowalura/venv/lib/python3.10/site-packages/airflow/example_dags/example_bash_operator.py
[2024-04-04 20:32:05,874] {processor.py:651} INFO - DAG(s) dict_keys(['example_bash_operator']) retrieved from /home/dimitri/dimitri/airflowalura/venv/lib/python3.10/site-packages/airflow/example_dags/example_bash_operator.py
[2024-04-04 20:32:05,885] {logging_mixin.py:115} INFO - [2024-04-04 20:32:05,885] {dag.py:2379} INFO - Sync 1 DAGs
[2024-04-04 20:32:05,897] {logging_mixin.py:115} INFO - [2024-04-04 20:32:05,897] {dag.py:2927} INFO - Setting next_dagrun for example_bash_operator to 2024-04-03T00:00:00+00:00, run_after=2024-04-04T00:00:00+00:00
[2024-04-04 20:32:05,910] {processor.py:161} INFO - Processing /home/dimitri/dimitri/airflowalura/venv/lib/python3.10/site-packages/airflow/example_dags/example_bash_operator.py took 0.048 seconds
[2024-04-04 20:33:03,872] {processor.py:153} INFO - Started process (PID=571189) to work on /home/dimitri/dimitri/airflowalura/venv/lib/python3.10/site-packages/airflow/example_dags/example_bash_operator.py
[2024-04-04 20:33:03,874] {processor.py:641} INFO - Processing file /home/dimitri/dimitri/airflowalura/venv/lib/python3.10/site-packages/airflow/example_dags/example_bash_operator.py for tasks to queue
[2024-04-04 20:33:03,874] {logging_mixin.py:115} INFO - [2024-04-04 20:33:03,874] {dagbag.py:507} INFO - Filling up the DagBag from /home/dimitri/dimitri/airflowalura/venv/lib/python3.10/site-packages/airflow/example_dags/example_bash_operator.py
[2024-04-04 20:33:03,883] {processor.py:651} INFO - DAG(s) dict_keys(['example_bash_operator']) retrieved from /home/dimitri/dimitri/airflowalura/venv/lib/python3.10/site-packages/airflow/example_dags/example_bash_operator.py
[2024-04-04 20:33:03,901] {logging_mixin.py:115} INFO - [2024-04-04 20:33:03,901] {dag.py:2379} INFO - Sync 1 DAGs
[2024-04-04 20:33:03,917] {logging_mixin.py:115} INFO - [2024-04-04 20:33:03,917] {dag.py:2927} INFO - Setting next_dagrun for example_bash_operator to 2024-04-03T00:00:00+00:00, run_after=2024-04-04T00:00:00+00:00
[2024-04-04 20:33:03,937] {processor.py:161} INFO - Processing /home/dimitri/dimitri/airflowalura/venv/lib/python3.10/site-packages/airflow/example_dags/example_bash_operator.py took 0.067 seconds
[2024-04-04 20:33:37,096] {processor.py:153} INFO - Started process (PID=571320) to work on /home/dimitri/dimitri/airflowalura/venv/lib/python3.10/site-packages/airflow/example_dags/example_bash_operator.py
[2024-04-04 20:33:37,097] {processor.py:641} INFO - Processing file /home/dimitri/dimitri/airflowalura/venv/lib/python3.10/site-packages/airflow/example_dags/example_bash_operator.py for tasks to queue
[2024-04-04 20:33:37,098] {logging_mixin.py:115} INFO - [2024-04-04 20:33:37,098] {dagbag.py:507} INFO - Filling up the DagBag from /home/dimitri/dimitri/airflowalura/venv/lib/python3.10/site-packages/airflow/example_dags/example_bash_operator.py
[2024-04-04 20:33:37,104] {processor.py:651} INFO - DAG(s) dict_keys(['example_bash_operator']) retrieved from /home/dimitri/dimitri/airflowalura/venv/lib/python3.10/site-packages/airflow/example_dags/example_bash_operator.py
[2024-04-04 20:33:37,120] {logging_mixin.py:115} INFO - [2024-04-04 20:33:37,120] {dag.py:2379} INFO - Sync 1 DAGs
[2024-04-04 20:33:37,137] {logging_mixin.py:115} INFO - [2024-04-04 20:33:37,136] {dag.py:2927} INFO - Setting next_dagrun for example_bash_operator to 2024-04-03T00:00:00+00:00, run_after=2024-04-04T00:00:00+00:00
[2024-04-04 20:33:37,156] {processor.py:161} INFO - Processing /home/dimitri/dimitri/airflowalura/venv/lib/python3.10/site-packages/airflow/example_dags/example_bash_operator.py took 0.061 seconds
[2024-04-04 20:34:10,951] {processor.py:153} INFO - Started process (PID=571456) to work on /home/dimitri/dimitri/airflowalura/venv/lib/python3.10/site-packages/airflow/example_dags/example_bash_operator.py
[2024-04-04 20:34:10,953] {processor.py:641} INFO - Processing file /home/dimitri/dimitri/airflowalura/venv/lib/python3.10/site-packages/airflow/example_dags/example_bash_operator.py for tasks to queue
[2024-04-04 20:34:10,954] {logging_mixin.py:115} INFO - [2024-04-04 20:34:10,954] {dagbag.py:507} INFO - Filling up the DagBag from /home/dimitri/dimitri/airflowalura/venv/lib/python3.10/site-packages/airflow/example_dags/example_bash_operator.py
[2024-04-04 20:34:10,960] {processor.py:651} INFO - DAG(s) dict_keys(['example_bash_operator']) retrieved from /home/dimitri/dimitri/airflowalura/venv/lib/python3.10/site-packages/airflow/example_dags/example_bash_operator.py
[2024-04-04 20:34:10,971] {logging_mixin.py:115} INFO - [2024-04-04 20:34:10,970] {dag.py:2379} INFO - Sync 1 DAGs
[2024-04-04 20:34:10,980] {logging_mixin.py:115} INFO - [2024-04-04 20:34:10,980] {dag.py:2927} INFO - Setting next_dagrun for example_bash_operator to 2024-04-03T00:00:00+00:00, run_after=2024-04-04T00:00:00+00:00
[2024-04-04 20:34:10,995] {processor.py:161} INFO - Processing /home/dimitri/dimitri/airflowalura/venv/lib/python3.10/site-packages/airflow/example_dags/example_bash_operator.py took 0.046 seconds
[2024-04-04 20:34:43,997] {processor.py:153} INFO - Started process (PID=571586) to work on /home/dimitri/dimitri/airflowalura/venv/lib/python3.10/site-packages/airflow/example_dags/example_bash_operator.py
[2024-04-04 20:34:44,001] {processor.py:641} INFO - Processing file /home/dimitri/dimitri/airflowalura/venv/lib/python3.10/site-packages/airflow/example_dags/example_bash_operator.py for tasks to queue
[2024-04-04 20:34:44,001] {logging_mixin.py:115} INFO - [2024-04-04 20:34:44,001] {dagbag.py:507} INFO - Filling up the DagBag from /home/dimitri/dimitri/airflowalura/venv/lib/python3.10/site-packages/airflow/example_dags/example_bash_operator.py
[2024-04-04 20:34:44,011] {processor.py:651} INFO - DAG(s) dict_keys(['example_bash_operator']) retrieved from /home/dimitri/dimitri/airflowalura/venv/lib/python3.10/site-packages/airflow/example_dags/example_bash_operator.py
[2024-04-04 20:34:44,022] {logging_mixin.py:115} INFO - [2024-04-04 20:34:44,022] {dag.py:2379} INFO - Sync 1 DAGs
[2024-04-04 20:34:44,031] {logging_mixin.py:115} INFO - [2024-04-04 20:34:44,031] {dag.py:2927} INFO - Setting next_dagrun for example_bash_operator to 2024-04-03T00:00:00+00:00, run_after=2024-04-04T00:00:00+00:00
[2024-04-04 20:34:44,048] {processor.py:161} INFO - Processing /home/dimitri/dimitri/airflowalura/venv/lib/python3.10/site-packages/airflow/example_dags/example_bash_operator.py took 0.054 seconds
[2024-04-04 20:35:17,860] {processor.py:153} INFO - Started process (PID=571720) to work on /home/dimitri/dimitri/airflowalura/venv/lib/python3.10/site-packages/airflow/example_dags/example_bash_operator.py
[2024-04-04 20:35:17,864] {processor.py:641} INFO - Processing file /home/dimitri/dimitri/airflowalura/venv/lib/python3.10/site-packages/airflow/example_dags/example_bash_operator.py for tasks to queue
[2024-04-04 20:35:17,864] {logging_mixin.py:115} INFO - [2024-04-04 20:35:17,864] {dagbag.py:507} INFO - Filling up the DagBag from /home/dimitri/dimitri/airflowalura/venv/lib/python3.10/site-packages/airflow/example_dags/example_bash_operator.py
[2024-04-04 20:35:17,872] {processor.py:651} INFO - DAG(s) dict_keys(['example_bash_operator']) retrieved from /home/dimitri/dimitri/airflowalura/venv/lib/python3.10/site-packages/airflow/example_dags/example_bash_operator.py
[2024-04-04 20:35:17,882] {logging_mixin.py:115} INFO - [2024-04-04 20:35:17,882] {dag.py:2379} INFO - Sync 1 DAGs
[2024-04-04 20:35:17,892] {logging_mixin.py:115} INFO - [2024-04-04 20:35:17,892] {dag.py:2927} INFO - Setting next_dagrun for example_bash_operator to 2024-04-03T00:00:00+00:00, run_after=2024-04-04T00:00:00+00:00
[2024-04-04 20:35:17,907] {processor.py:161} INFO - Processing /home/dimitri/dimitri/airflowalura/venv/lib/python3.10/site-packages/airflow/example_dags/example_bash_operator.py took 0.051 seconds
[2024-04-04 20:35:49,919] {processor.py:153} INFO - Started process (PID=571844) to work on /home/dimitri/dimitri/airflowalura/venv/lib/python3.10/site-packages/airflow/example_dags/example_bash_operator.py
[2024-04-04 20:35:49,922] {processor.py:641} INFO - Processing file /home/dimitri/dimitri/airflowalura/venv/lib/python3.10/site-packages/airflow/example_dags/example_bash_operator.py for tasks to queue
[2024-04-04 20:35:49,922] {logging_mixin.py:115} INFO - [2024-04-04 20:35:49,922] {dagbag.py:507} INFO - Filling up the DagBag from /home/dimitri/dimitri/airflowalura/venv/lib/python3.10/site-packages/airflow/example_dags/example_bash_operator.py
[2024-04-04 20:35:49,929] {processor.py:651} INFO - DAG(s) dict_keys(['example_bash_operator']) retrieved from /home/dimitri/dimitri/airflowalura/venv/lib/python3.10/site-packages/airflow/example_dags/example_bash_operator.py
[2024-04-04 20:35:49,940] {logging_mixin.py:115} INFO - [2024-04-04 20:35:49,940] {dag.py:2379} INFO - Sync 1 DAGs
[2024-04-04 20:35:49,952] {logging_mixin.py:115} INFO - [2024-04-04 20:35:49,952] {dag.py:2927} INFO - Setting next_dagrun for example_bash_operator to 2024-04-03T00:00:00+00:00, run_after=2024-04-04T00:00:00+00:00
[2024-04-04 20:35:49,968] {processor.py:161} INFO - Processing /home/dimitri/dimitri/airflowalura/venv/lib/python3.10/site-packages/airflow/example_dags/example_bash_operator.py took 0.051 seconds
[2024-04-04 20:36:34,014] {processor.py:153} INFO - Started process (PID=572033) to work on /home/dimitri/dimitri/airflowalura/venv/lib/python3.10/site-packages/airflow/example_dags/example_bash_operator.py
[2024-04-04 20:36:34,015] {processor.py:641} INFO - Processing file /home/dimitri/dimitri/airflowalura/venv/lib/python3.10/site-packages/airflow/example_dags/example_bash_operator.py for tasks to queue
[2024-04-04 20:36:34,016] {logging_mixin.py:115} INFO - [2024-04-04 20:36:34,016] {dagbag.py:507} INFO - Filling up the DagBag from /home/dimitri/dimitri/airflowalura/venv/lib/python3.10/site-packages/airflow/example_dags/example_bash_operator.py
[2024-04-04 20:36:34,023] {processor.py:651} INFO - DAG(s) dict_keys(['example_bash_operator']) retrieved from /home/dimitri/dimitri/airflowalura/venv/lib/python3.10/site-packages/airflow/example_dags/example_bash_operator.py
[2024-04-04 20:36:34,033] {logging_mixin.py:115} INFO - [2024-04-04 20:36:34,033] {dag.py:2379} INFO - Sync 1 DAGs
[2024-04-04 20:36:34,042] {logging_mixin.py:115} INFO - [2024-04-04 20:36:34,042] {dag.py:2927} INFO - Setting next_dagrun for example_bash_operator to 2024-04-03T00:00:00+00:00, run_after=2024-04-04T00:00:00+00:00
[2024-04-04 20:36:34,057] {processor.py:161} INFO - Processing /home/dimitri/dimitri/airflowalura/venv/lib/python3.10/site-packages/airflow/example_dags/example_bash_operator.py took 0.046 seconds
[2024-04-04 20:37:06,710] {processor.py:153} INFO - Started process (PID=572161) to work on /home/dimitri/dimitri/airflowalura/venv/lib/python3.10/site-packages/airflow/example_dags/example_bash_operator.py
[2024-04-04 20:37:06,712] {processor.py:641} INFO - Processing file /home/dimitri/dimitri/airflowalura/venv/lib/python3.10/site-packages/airflow/example_dags/example_bash_operator.py for tasks to queue
[2024-04-04 20:37:06,712] {logging_mixin.py:115} INFO - [2024-04-04 20:37:06,712] {dagbag.py:507} INFO - Filling up the DagBag from /home/dimitri/dimitri/airflowalura/venv/lib/python3.10/site-packages/airflow/example_dags/example_bash_operator.py
[2024-04-04 20:37:06,721] {processor.py:651} INFO - DAG(s) dict_keys(['example_bash_operator']) retrieved from /home/dimitri/dimitri/airflowalura/venv/lib/python3.10/site-packages/airflow/example_dags/example_bash_operator.py
[2024-04-04 20:37:06,731] {logging_mixin.py:115} INFO - [2024-04-04 20:37:06,731] {dag.py:2379} INFO - Sync 1 DAGs
[2024-04-04 20:37:06,743] {logging_mixin.py:115} INFO - [2024-04-04 20:37:06,743] {dag.py:2927} INFO - Setting next_dagrun for example_bash_operator to 2024-04-03T00:00:00+00:00, run_after=2024-04-04T00:00:00+00:00
[2024-04-04 20:37:06,759] {processor.py:161} INFO - Processing /home/dimitri/dimitri/airflowalura/venv/lib/python3.10/site-packages/airflow/example_dags/example_bash_operator.py took 0.052 seconds
[2024-04-04 20:37:41,289] {processor.py:153} INFO - Started process (PID=572298) to work on /home/dimitri/dimitri/airflowalura/venv/lib/python3.10/site-packages/airflow/example_dags/example_bash_operator.py
[2024-04-04 20:37:41,292] {processor.py:641} INFO - Processing file /home/dimitri/dimitri/airflowalura/venv/lib/python3.10/site-packages/airflow/example_dags/example_bash_operator.py for tasks to queue
[2024-04-04 20:37:41,292] {logging_mixin.py:115} INFO - [2024-04-04 20:37:41,292] {dagbag.py:507} INFO - Filling up the DagBag from /home/dimitri/dimitri/airflowalura/venv/lib/python3.10/site-packages/airflow/example_dags/example_bash_operator.py
[2024-04-04 20:37:41,301] {processor.py:651} INFO - DAG(s) dict_keys(['example_bash_operator']) retrieved from /home/dimitri/dimitri/airflowalura/venv/lib/python3.10/site-packages/airflow/example_dags/example_bash_operator.py
[2024-04-04 20:37:41,313] {logging_mixin.py:115} INFO - [2024-04-04 20:37:41,313] {dag.py:2379} INFO - Sync 1 DAGs
[2024-04-04 20:37:41,325] {logging_mixin.py:115} INFO - [2024-04-04 20:37:41,325] {dag.py:2927} INFO - Setting next_dagrun for example_bash_operator to 2024-04-03T00:00:00+00:00, run_after=2024-04-04T00:00:00+00:00
[2024-04-04 20:37:41,341] {processor.py:161} INFO - Processing /home/dimitri/dimitri/airflowalura/venv/lib/python3.10/site-packages/airflow/example_dags/example_bash_operator.py took 0.055 seconds
[2024-04-04 20:38:14,683] {processor.py:153} INFO - Started process (PID=572431) to work on /home/dimitri/dimitri/airflowalura/venv/lib/python3.10/site-packages/airflow/example_dags/example_bash_operator.py
[2024-04-04 20:38:14,685] {processor.py:641} INFO - Processing file /home/dimitri/dimitri/airflowalura/venv/lib/python3.10/site-packages/airflow/example_dags/example_bash_operator.py for tasks to queue
[2024-04-04 20:38:14,686] {logging_mixin.py:115} INFO - [2024-04-04 20:38:14,685] {dagbag.py:507} INFO - Filling up the DagBag from /home/dimitri/dimitri/airflowalura/venv/lib/python3.10/site-packages/airflow/example_dags/example_bash_operator.py
[2024-04-04 20:38:14,692] {processor.py:651} INFO - DAG(s) dict_keys(['example_bash_operator']) retrieved from /home/dimitri/dimitri/airflowalura/venv/lib/python3.10/site-packages/airflow/example_dags/example_bash_operator.py
[2024-04-04 20:38:14,706] {logging_mixin.py:115} INFO - [2024-04-04 20:38:14,706] {dag.py:2379} INFO - Sync 1 DAGs
[2024-04-04 20:38:14,719] {logging_mixin.py:115} INFO - [2024-04-04 20:38:14,719] {dag.py:2927} INFO - Setting next_dagrun for example_bash_operator to 2024-04-03T00:00:00+00:00, run_after=2024-04-04T00:00:00+00:00
[2024-04-04 20:38:14,754] {processor.py:161} INFO - Processing /home/dimitri/dimitri/airflowalura/venv/lib/python3.10/site-packages/airflow/example_dags/example_bash_operator.py took 0.073 seconds
[2024-04-04 20:38:49,433] {processor.py:153} INFO - Started process (PID=572570) to work on /home/dimitri/dimitri/airflowalura/venv/lib/python3.10/site-packages/airflow/example_dags/example_bash_operator.py
[2024-04-04 20:38:49,435] {processor.py:641} INFO - Processing file /home/dimitri/dimitri/airflowalura/venv/lib/python3.10/site-packages/airflow/example_dags/example_bash_operator.py for tasks to queue
[2024-04-04 20:38:49,436] {logging_mixin.py:115} INFO - [2024-04-04 20:38:49,436] {dagbag.py:507} INFO - Filling up the DagBag from /home/dimitri/dimitri/airflowalura/venv/lib/python3.10/site-packages/airflow/example_dags/example_bash_operator.py
[2024-04-04 20:38:49,443] {processor.py:651} INFO - DAG(s) dict_keys(['example_bash_operator']) retrieved from /home/dimitri/dimitri/airflowalura/venv/lib/python3.10/site-packages/airflow/example_dags/example_bash_operator.py
[2024-04-04 20:38:49,456] {logging_mixin.py:115} INFO - [2024-04-04 20:38:49,456] {dag.py:2379} INFO - Sync 1 DAGs
[2024-04-04 20:38:49,468] {logging_mixin.py:115} INFO - [2024-04-04 20:38:49,468] {dag.py:2927} INFO - Setting next_dagrun for example_bash_operator to 2024-04-03T00:00:00+00:00, run_after=2024-04-04T00:00:00+00:00
[2024-04-04 20:38:49,485] {processor.py:161} INFO - Processing /home/dimitri/dimitri/airflowalura/venv/lib/python3.10/site-packages/airflow/example_dags/example_bash_operator.py took 0.055 seconds
[2024-04-04 20:39:23,920] {processor.py:153} INFO - Started process (PID=572702) to work on /home/dimitri/dimitri/airflowalura/venv/lib/python3.10/site-packages/airflow/example_dags/example_bash_operator.py
[2024-04-04 20:39:23,922] {processor.py:641} INFO - Processing file /home/dimitri/dimitri/airflowalura/venv/lib/python3.10/site-packages/airflow/example_dags/example_bash_operator.py for tasks to queue
[2024-04-04 20:39:23,923] {logging_mixin.py:115} INFO - [2024-04-04 20:39:23,923] {dagbag.py:507} INFO - Filling up the DagBag from /home/dimitri/dimitri/airflowalura/venv/lib/python3.10/site-packages/airflow/example_dags/example_bash_operator.py
[2024-04-04 20:39:23,932] {processor.py:651} INFO - DAG(s) dict_keys(['example_bash_operator']) retrieved from /home/dimitri/dimitri/airflowalura/venv/lib/python3.10/site-packages/airflow/example_dags/example_bash_operator.py
[2024-04-04 20:39:23,944] {logging_mixin.py:115} INFO - [2024-04-04 20:39:23,944] {dag.py:2379} INFO - Sync 1 DAGs
[2024-04-04 20:39:23,953] {logging_mixin.py:115} INFO - [2024-04-04 20:39:23,953] {dag.py:2927} INFO - Setting next_dagrun for example_bash_operator to 2024-04-03T00:00:00+00:00, run_after=2024-04-04T00:00:00+00:00
[2024-04-04 20:39:23,969] {processor.py:161} INFO - Processing /home/dimitri/dimitri/airflowalura/venv/lib/python3.10/site-packages/airflow/example_dags/example_bash_operator.py took 0.052 seconds
[2024-04-04 20:39:57,430] {processor.py:153} INFO - Started process (PID=572834) to work on /home/dimitri/dimitri/airflowalura/venv/lib/python3.10/site-packages/airflow/example_dags/example_bash_operator.py
[2024-04-04 20:39:57,432] {processor.py:641} INFO - Processing file /home/dimitri/dimitri/airflowalura/venv/lib/python3.10/site-packages/airflow/example_dags/example_bash_operator.py for tasks to queue
[2024-04-04 20:39:57,432] {logging_mixin.py:115} INFO - [2024-04-04 20:39:57,432] {dagbag.py:507} INFO - Filling up the DagBag from /home/dimitri/dimitri/airflowalura/venv/lib/python3.10/site-packages/airflow/example_dags/example_bash_operator.py
[2024-04-04 20:39:57,441] {processor.py:651} INFO - DAG(s) dict_keys(['example_bash_operator']) retrieved from /home/dimitri/dimitri/airflowalura/venv/lib/python3.10/site-packages/airflow/example_dags/example_bash_operator.py
[2024-04-04 20:39:57,453] {logging_mixin.py:115} INFO - [2024-04-04 20:39:57,453] {dag.py:2379} INFO - Sync 1 DAGs
[2024-04-04 20:39:57,468] {logging_mixin.py:115} INFO - [2024-04-04 20:39:57,468] {dag.py:2927} INFO - Setting next_dagrun for example_bash_operator to 2024-04-03T00:00:00+00:00, run_after=2024-04-04T00:00:00+00:00
[2024-04-04 20:39:57,483] {processor.py:161} INFO - Processing /home/dimitri/dimitri/airflowalura/venv/lib/python3.10/site-packages/airflow/example_dags/example_bash_operator.py took 0.056 seconds
[2024-04-04 20:40:33,243] {processor.py:153} INFO - Started process (PID=572979) to work on /home/dimitri/dimitri/airflowalura/venv/lib/python3.10/site-packages/airflow/example_dags/example_bash_operator.py
[2024-04-04 20:40:33,246] {processor.py:641} INFO - Processing file /home/dimitri/dimitri/airflowalura/venv/lib/python3.10/site-packages/airflow/example_dags/example_bash_operator.py for tasks to queue
[2024-04-04 20:40:33,247] {logging_mixin.py:115} INFO - [2024-04-04 20:40:33,246] {dagbag.py:507} INFO - Filling up the DagBag from /home/dimitri/dimitri/airflowalura/venv/lib/python3.10/site-packages/airflow/example_dags/example_bash_operator.py
[2024-04-04 20:40:33,255] {processor.py:651} INFO - DAG(s) dict_keys(['example_bash_operator']) retrieved from /home/dimitri/dimitri/airflowalura/venv/lib/python3.10/site-packages/airflow/example_dags/example_bash_operator.py
[2024-04-04 20:40:33,266] {logging_mixin.py:115} INFO - [2024-04-04 20:40:33,266] {dag.py:2379} INFO - Sync 1 DAGs
[2024-04-04 20:40:33,275] {logging_mixin.py:115} INFO - [2024-04-04 20:40:33,275] {dag.py:2927} INFO - Setting next_dagrun for example_bash_operator to 2024-04-03T00:00:00+00:00, run_after=2024-04-04T00:00:00+00:00
[2024-04-04 20:40:33,292] {processor.py:161} INFO - Processing /home/dimitri/dimitri/airflowalura/venv/lib/python3.10/site-packages/airflow/example_dags/example_bash_operator.py took 0.053 seconds
[2024-04-04 20:41:20,359] {processor.py:153} INFO - Started process (PID=573176) to work on /home/dimitri/dimitri/airflowalura/venv/lib/python3.10/site-packages/airflow/example_dags/example_bash_operator.py
[2024-04-04 20:41:20,361] {processor.py:641} INFO - Processing file /home/dimitri/dimitri/airflowalura/venv/lib/python3.10/site-packages/airflow/example_dags/example_bash_operator.py for tasks to queue
[2024-04-04 20:41:20,361] {logging_mixin.py:115} INFO - [2024-04-04 20:41:20,361] {dagbag.py:507} INFO - Filling up the DagBag from /home/dimitri/dimitri/airflowalura/venv/lib/python3.10/site-packages/airflow/example_dags/example_bash_operator.py
[2024-04-04 20:41:20,368] {processor.py:651} INFO - DAG(s) dict_keys(['example_bash_operator']) retrieved from /home/dimitri/dimitri/airflowalura/venv/lib/python3.10/site-packages/airflow/example_dags/example_bash_operator.py
[2024-04-04 20:41:20,379] {logging_mixin.py:115} INFO - [2024-04-04 20:41:20,379] {dag.py:2379} INFO - Sync 1 DAGs
[2024-04-04 20:41:20,389] {logging_mixin.py:115} INFO - [2024-04-04 20:41:20,389] {dag.py:2927} INFO - Setting next_dagrun for example_bash_operator to 2024-04-03T00:00:00+00:00, run_after=2024-04-04T00:00:00+00:00
[2024-04-04 20:41:20,405] {processor.py:161} INFO - Processing /home/dimitri/dimitri/airflowalura/venv/lib/python3.10/site-packages/airflow/example_dags/example_bash_operator.py took 0.049 seconds
[2024-04-04 20:41:56,495] {processor.py:153} INFO - Started process (PID=573326) to work on /home/dimitri/dimitri/airflowalura/venv/lib/python3.10/site-packages/airflow/example_dags/example_bash_operator.py
[2024-04-04 20:41:56,496] {processor.py:641} INFO - Processing file /home/dimitri/dimitri/airflowalura/venv/lib/python3.10/site-packages/airflow/example_dags/example_bash_operator.py for tasks to queue
[2024-04-04 20:41:56,497] {logging_mixin.py:115} INFO - [2024-04-04 20:41:56,497] {dagbag.py:507} INFO - Filling up the DagBag from /home/dimitri/dimitri/airflowalura/venv/lib/python3.10/site-packages/airflow/example_dags/example_bash_operator.py
[2024-04-04 20:41:56,505] {processor.py:651} INFO - DAG(s) dict_keys(['example_bash_operator']) retrieved from /home/dimitri/dimitri/airflowalura/venv/lib/python3.10/site-packages/airflow/example_dags/example_bash_operator.py
[2024-04-04 20:41:56,517] {logging_mixin.py:115} INFO - [2024-04-04 20:41:56,516] {dag.py:2379} INFO - Sync 1 DAGs
[2024-04-04 20:41:56,527] {logging_mixin.py:115} INFO - [2024-04-04 20:41:56,527] {dag.py:2927} INFO - Setting next_dagrun for example_bash_operator to 2024-04-03T00:00:00+00:00, run_after=2024-04-04T00:00:00+00:00
[2024-04-04 20:41:56,544] {processor.py:161} INFO - Processing /home/dimitri/dimitri/airflowalura/venv/lib/python3.10/site-packages/airflow/example_dags/example_bash_operator.py took 0.051 seconds
[2024-04-04 20:42:30,954] {processor.py:153} INFO - Started process (PID=573457) to work on /home/dimitri/dimitri/airflowalura/venv/lib/python3.10/site-packages/airflow/example_dags/example_bash_operator.py
[2024-04-04 20:42:30,955] {processor.py:641} INFO - Processing file /home/dimitri/dimitri/airflowalura/venv/lib/python3.10/site-packages/airflow/example_dags/example_bash_operator.py for tasks to queue
[2024-04-04 20:42:30,955] {logging_mixin.py:115} INFO - [2024-04-04 20:42:30,955] {dagbag.py:507} INFO - Filling up the DagBag from /home/dimitri/dimitri/airflowalura/venv/lib/python3.10/site-packages/airflow/example_dags/example_bash_operator.py
[2024-04-04 20:42:30,963] {processor.py:651} INFO - DAG(s) dict_keys(['example_bash_operator']) retrieved from /home/dimitri/dimitri/airflowalura/venv/lib/python3.10/site-packages/airflow/example_dags/example_bash_operator.py
[2024-04-04 20:42:30,978] {logging_mixin.py:115} INFO - [2024-04-04 20:42:30,978] {dag.py:2379} INFO - Sync 1 DAGs
[2024-04-04 20:42:30,990] {logging_mixin.py:115} INFO - [2024-04-04 20:42:30,990] {dag.py:2927} INFO - Setting next_dagrun for example_bash_operator to 2024-04-03T00:00:00+00:00, run_after=2024-04-04T00:00:00+00:00
[2024-04-04 20:42:31,009] {processor.py:161} INFO - Processing /home/dimitri/dimitri/airflowalura/venv/lib/python3.10/site-packages/airflow/example_dags/example_bash_operator.py took 0.057 seconds
[2024-04-04 20:43:06,182] {processor.py:153} INFO - Started process (PID=573596) to work on /home/dimitri/dimitri/airflowalura/venv/lib/python3.10/site-packages/airflow/example_dags/example_bash_operator.py
[2024-04-04 20:43:06,185] {processor.py:641} INFO - Processing file /home/dimitri/dimitri/airflowalura/venv/lib/python3.10/site-packages/airflow/example_dags/example_bash_operator.py for tasks to queue
[2024-04-04 20:43:06,185] {logging_mixin.py:115} INFO - [2024-04-04 20:43:06,185] {dagbag.py:507} INFO - Filling up the DagBag from /home/dimitri/dimitri/airflowalura/venv/lib/python3.10/site-packages/airflow/example_dags/example_bash_operator.py
[2024-04-04 20:43:06,194] {processor.py:651} INFO - DAG(s) dict_keys(['example_bash_operator']) retrieved from /home/dimitri/dimitri/airflowalura/venv/lib/python3.10/site-packages/airflow/example_dags/example_bash_operator.py
[2024-04-04 20:43:06,216] {logging_mixin.py:115} INFO - [2024-04-04 20:43:06,216] {dag.py:2379} INFO - Sync 1 DAGs
[2024-04-04 20:43:06,228] {logging_mixin.py:115} INFO - [2024-04-04 20:43:06,228] {dag.py:2927} INFO - Setting next_dagrun for example_bash_operator to 2024-04-03T00:00:00+00:00, run_after=2024-04-04T00:00:00+00:00
[2024-04-04 20:43:06,246] {processor.py:161} INFO - Processing /home/dimitri/dimitri/airflowalura/venv/lib/python3.10/site-packages/airflow/example_dags/example_bash_operator.py took 0.066 seconds
[2024-04-04 20:43:40,790] {processor.py:153} INFO - Started process (PID=573735) to work on /home/dimitri/dimitri/airflowalura/venv/lib/python3.10/site-packages/airflow/example_dags/example_bash_operator.py
[2024-04-04 20:43:40,793] {processor.py:641} INFO - Processing file /home/dimitri/dimitri/airflowalura/venv/lib/python3.10/site-packages/airflow/example_dags/example_bash_operator.py for tasks to queue
[2024-04-04 20:43:40,794] {logging_mixin.py:115} INFO - [2024-04-04 20:43:40,794] {dagbag.py:507} INFO - Filling up the DagBag from /home/dimitri/dimitri/airflowalura/venv/lib/python3.10/site-packages/airflow/example_dags/example_bash_operator.py
[2024-04-04 20:43:40,801] {processor.py:651} INFO - DAG(s) dict_keys(['example_bash_operator']) retrieved from /home/dimitri/dimitri/airflowalura/venv/lib/python3.10/site-packages/airflow/example_dags/example_bash_operator.py
[2024-04-04 20:43:40,813] {logging_mixin.py:115} INFO - [2024-04-04 20:43:40,813] {dag.py:2379} INFO - Sync 1 DAGs
[2024-04-04 20:43:40,825] {logging_mixin.py:115} INFO - [2024-04-04 20:43:40,825] {dag.py:2927} INFO - Setting next_dagrun for example_bash_operator to 2024-04-03T00:00:00+00:00, run_after=2024-04-04T00:00:00+00:00
[2024-04-04 20:43:40,844] {processor.py:161} INFO - Processing /home/dimitri/dimitri/airflowalura/venv/lib/python3.10/site-packages/airflow/example_dags/example_bash_operator.py took 0.056 seconds
[2024-04-04 20:44:16,154] {processor.py:153} INFO - Started process (PID=573872) to work on /home/dimitri/dimitri/airflowalura/venv/lib/python3.10/site-packages/airflow/example_dags/example_bash_operator.py
[2024-04-04 20:44:16,157] {processor.py:641} INFO - Processing file /home/dimitri/dimitri/airflowalura/venv/lib/python3.10/site-packages/airflow/example_dags/example_bash_operator.py for tasks to queue
[2024-04-04 20:44:16,157] {logging_mixin.py:115} INFO - [2024-04-04 20:44:16,157] {dagbag.py:507} INFO - Filling up the DagBag from /home/dimitri/dimitri/airflowalura/venv/lib/python3.10/site-packages/airflow/example_dags/example_bash_operator.py
[2024-04-04 20:44:16,165] {processor.py:651} INFO - DAG(s) dict_keys(['example_bash_operator']) retrieved from /home/dimitri/dimitri/airflowalura/venv/lib/python3.10/site-packages/airflow/example_dags/example_bash_operator.py
[2024-04-04 20:44:16,177] {logging_mixin.py:115} INFO - [2024-04-04 20:44:16,177] {dag.py:2379} INFO - Sync 1 DAGs
[2024-04-04 20:44:16,189] {logging_mixin.py:115} INFO - [2024-04-04 20:44:16,189] {dag.py:2927} INFO - Setting next_dagrun for example_bash_operator to 2024-04-03T00:00:00+00:00, run_after=2024-04-04T00:00:00+00:00
[2024-04-04 20:44:16,206] {processor.py:161} INFO - Processing /home/dimitri/dimitri/airflowalura/venv/lib/python3.10/site-packages/airflow/example_dags/example_bash_operator.py took 0.053 seconds
[2024-04-04 20:44:52,283] {processor.py:153} INFO - Started process (PID=574011) to work on /home/dimitri/dimitri/airflowalura/venv/lib/python3.10/site-packages/airflow/example_dags/example_bash_operator.py
[2024-04-04 20:44:52,285] {processor.py:641} INFO - Processing file /home/dimitri/dimitri/airflowalura/venv/lib/python3.10/site-packages/airflow/example_dags/example_bash_operator.py for tasks to queue
[2024-04-04 20:44:52,286] {logging_mixin.py:115} INFO - [2024-04-04 20:44:52,286] {dagbag.py:507} INFO - Filling up the DagBag from /home/dimitri/dimitri/airflowalura/venv/lib/python3.10/site-packages/airflow/example_dags/example_bash_operator.py
[2024-04-04 20:44:52,293] {processor.py:651} INFO - DAG(s) dict_keys(['example_bash_operator']) retrieved from /home/dimitri/dimitri/airflowalura/venv/lib/python3.10/site-packages/airflow/example_dags/example_bash_operator.py
[2024-04-04 20:44:52,307] {logging_mixin.py:115} INFO - [2024-04-04 20:44:52,307] {dag.py:2379} INFO - Sync 1 DAGs
[2024-04-04 20:44:52,318] {logging_mixin.py:115} INFO - [2024-04-04 20:44:52,318] {dag.py:2927} INFO - Setting next_dagrun for example_bash_operator to 2024-04-03T00:00:00+00:00, run_after=2024-04-04T00:00:00+00:00
[2024-04-04 20:44:52,335] {processor.py:161} INFO - Processing /home/dimitri/dimitri/airflowalura/venv/lib/python3.10/site-packages/airflow/example_dags/example_bash_operator.py took 0.054 seconds
[2024-04-04 20:45:27,963] {processor.py:153} INFO - Started process (PID=574150) to work on /home/dimitri/dimitri/airflowalura/venv/lib/python3.10/site-packages/airflow/example_dags/example_bash_operator.py
[2024-04-04 20:45:27,965] {processor.py:641} INFO - Processing file /home/dimitri/dimitri/airflowalura/venv/lib/python3.10/site-packages/airflow/example_dags/example_bash_operator.py for tasks to queue
[2024-04-04 20:45:27,966] {logging_mixin.py:115} INFO - [2024-04-04 20:45:27,966] {dagbag.py:507} INFO - Filling up the DagBag from /home/dimitri/dimitri/airflowalura/venv/lib/python3.10/site-packages/airflow/example_dags/example_bash_operator.py
[2024-04-04 20:45:27,973] {processor.py:651} INFO - DAG(s) dict_keys(['example_bash_operator']) retrieved from /home/dimitri/dimitri/airflowalura/venv/lib/python3.10/site-packages/airflow/example_dags/example_bash_operator.py
[2024-04-04 20:45:27,988] {logging_mixin.py:115} INFO - [2024-04-04 20:45:27,988] {dag.py:2379} INFO - Sync 1 DAGs
[2024-04-04 20:45:28,005] {logging_mixin.py:115} INFO - [2024-04-04 20:45:28,005] {dag.py:2927} INFO - Setting next_dagrun for example_bash_operator to 2024-04-03T00:00:00+00:00, run_after=2024-04-04T00:00:00+00:00
[2024-04-04 20:45:28,023] {processor.py:161} INFO - Processing /home/dimitri/dimitri/airflowalura/venv/lib/python3.10/site-packages/airflow/example_dags/example_bash_operator.py took 0.062 seconds
[2024-04-04 20:46:04,102] {processor.py:153} INFO - Started process (PID=574288) to work on /home/dimitri/dimitri/airflowalura/venv/lib/python3.10/site-packages/airflow/example_dags/example_bash_operator.py
[2024-04-04 20:46:04,105] {processor.py:641} INFO - Processing file /home/dimitri/dimitri/airflowalura/venv/lib/python3.10/site-packages/airflow/example_dags/example_bash_operator.py for tasks to queue
[2024-04-04 20:46:04,106] {logging_mixin.py:115} INFO - [2024-04-04 20:46:04,105] {dagbag.py:507} INFO - Filling up the DagBag from /home/dimitri/dimitri/airflowalura/venv/lib/python3.10/site-packages/airflow/example_dags/example_bash_operator.py
[2024-04-04 20:46:04,119] {processor.py:651} INFO - DAG(s) dict_keys(['example_bash_operator']) retrieved from /home/dimitri/dimitri/airflowalura/venv/lib/python3.10/site-packages/airflow/example_dags/example_bash_operator.py
[2024-04-04 20:46:04,140] {logging_mixin.py:115} INFO - [2024-04-04 20:46:04,140] {dag.py:2379} INFO - Sync 1 DAGs
[2024-04-04 20:46:04,164] {logging_mixin.py:115} INFO - [2024-04-04 20:46:04,164] {dag.py:2927} INFO - Setting next_dagrun for example_bash_operator to 2024-04-03T00:00:00+00:00, run_after=2024-04-04T00:00:00+00:00
[2024-04-04 20:46:04,183] {processor.py:161} INFO - Processing /home/dimitri/dimitri/airflowalura/venv/lib/python3.10/site-packages/airflow/example_dags/example_bash_operator.py took 0.083 seconds
[2024-04-04 20:46:40,297] {processor.py:153} INFO - Started process (PID=574438) to work on /home/dimitri/dimitri/airflowalura/venv/lib/python3.10/site-packages/airflow/example_dags/example_bash_operator.py
[2024-04-04 20:46:40,301] {processor.py:641} INFO - Processing file /home/dimitri/dimitri/airflowalura/venv/lib/python3.10/site-packages/airflow/example_dags/example_bash_operator.py for tasks to queue
[2024-04-04 20:46:40,301] {logging_mixin.py:115} INFO - [2024-04-04 20:46:40,301] {dagbag.py:507} INFO - Filling up the DagBag from /home/dimitri/dimitri/airflowalura/venv/lib/python3.10/site-packages/airflow/example_dags/example_bash_operator.py
[2024-04-04 20:46:40,308] {processor.py:651} INFO - DAG(s) dict_keys(['example_bash_operator']) retrieved from /home/dimitri/dimitri/airflowalura/venv/lib/python3.10/site-packages/airflow/example_dags/example_bash_operator.py
[2024-04-04 20:46:40,320] {logging_mixin.py:115} INFO - [2024-04-04 20:46:40,320] {dag.py:2379} INFO - Sync 1 DAGs
[2024-04-04 20:46:40,333] {logging_mixin.py:115} INFO - [2024-04-04 20:46:40,333] {dag.py:2927} INFO - Setting next_dagrun for example_bash_operator to 2024-04-03T00:00:00+00:00, run_after=2024-04-04T00:00:00+00:00
[2024-04-04 20:46:40,350] {processor.py:161} INFO - Processing /home/dimitri/dimitri/airflowalura/venv/lib/python3.10/site-packages/airflow/example_dags/example_bash_operator.py took 0.054 seconds
[2024-04-04 20:47:11,763] {processor.py:153} INFO - Started process (PID=574575) to work on /home/dimitri/dimitri/airflowalura/venv/lib/python3.10/site-packages/airflow/example_dags/example_bash_operator.py
[2024-04-04 20:47:11,766] {processor.py:641} INFO - Processing file /home/dimitri/dimitri/airflowalura/venv/lib/python3.10/site-packages/airflow/example_dags/example_bash_operator.py for tasks to queue
[2024-04-04 20:47:11,766] {logging_mixin.py:115} INFO - [2024-04-04 20:47:11,766] {dagbag.py:507} INFO - Filling up the DagBag from /home/dimitri/dimitri/airflowalura/venv/lib/python3.10/site-packages/airflow/example_dags/example_bash_operator.py
[2024-04-04 20:47:11,775] {processor.py:651} INFO - DAG(s) dict_keys(['example_bash_operator']) retrieved from /home/dimitri/dimitri/airflowalura/venv/lib/python3.10/site-packages/airflow/example_dags/example_bash_operator.py
[2024-04-04 20:47:11,787] {logging_mixin.py:115} INFO - [2024-04-04 20:47:11,787] {dag.py:2379} INFO - Sync 1 DAGs
[2024-04-04 20:47:11,801] {logging_mixin.py:115} INFO - [2024-04-04 20:47:11,801] {dag.py:2927} INFO - Setting next_dagrun for example_bash_operator to 2024-04-03T00:00:00+00:00, run_after=2024-04-04T00:00:00+00:00
[2024-04-04 20:47:11,819] {processor.py:161} INFO - Processing /home/dimitri/dimitri/airflowalura/venv/lib/python3.10/site-packages/airflow/example_dags/example_bash_operator.py took 0.058 seconds
[2024-04-04 20:47:46,652] {processor.py:153} INFO - Started process (PID=574712) to work on /home/dimitri/dimitri/airflowalura/venv/lib/python3.10/site-packages/airflow/example_dags/example_bash_operator.py
[2024-04-04 20:47:46,656] {processor.py:641} INFO - Processing file /home/dimitri/dimitri/airflowalura/venv/lib/python3.10/site-packages/airflow/example_dags/example_bash_operator.py for tasks to queue
[2024-04-04 20:47:46,656] {logging_mixin.py:115} INFO - [2024-04-04 20:47:46,656] {dagbag.py:507} INFO - Filling up the DagBag from /home/dimitri/dimitri/airflowalura/venv/lib/python3.10/site-packages/airflow/example_dags/example_bash_operator.py
[2024-04-04 20:47:46,664] {processor.py:651} INFO - DAG(s) dict_keys(['example_bash_operator']) retrieved from /home/dimitri/dimitri/airflowalura/venv/lib/python3.10/site-packages/airflow/example_dags/example_bash_operator.py
[2024-04-04 20:47:46,678] {logging_mixin.py:115} INFO - [2024-04-04 20:47:46,678] {dag.py:2379} INFO - Sync 1 DAGs
[2024-04-04 20:47:46,690] {logging_mixin.py:115} INFO - [2024-04-04 20:47:46,690] {dag.py:2927} INFO - Setting next_dagrun for example_bash_operator to 2024-04-03T00:00:00+00:00, run_after=2024-04-04T00:00:00+00:00
[2024-04-04 20:47:46,707] {processor.py:161} INFO - Processing /home/dimitri/dimitri/airflowalura/venv/lib/python3.10/site-packages/airflow/example_dags/example_bash_operator.py took 0.056 seconds
[2024-04-04 20:48:19,828] {processor.py:153} INFO - Started process (PID=574845) to work on /home/dimitri/dimitri/airflowalura/venv/lib/python3.10/site-packages/airflow/example_dags/example_bash_operator.py
[2024-04-04 20:48:19,830] {processor.py:641} INFO - Processing file /home/dimitri/dimitri/airflowalura/venv/lib/python3.10/site-packages/airflow/example_dags/example_bash_operator.py for tasks to queue
[2024-04-04 20:48:19,830] {logging_mixin.py:115} INFO - [2024-04-04 20:48:19,830] {dagbag.py:507} INFO - Filling up the DagBag from /home/dimitri/dimitri/airflowalura/venv/lib/python3.10/site-packages/airflow/example_dags/example_bash_operator.py
[2024-04-04 20:48:19,837] {processor.py:651} INFO - DAG(s) dict_keys(['example_bash_operator']) retrieved from /home/dimitri/dimitri/airflowalura/venv/lib/python3.10/site-packages/airflow/example_dags/example_bash_operator.py
[2024-04-04 20:48:19,851] {logging_mixin.py:115} INFO - [2024-04-04 20:48:19,851] {dag.py:2379} INFO - Sync 1 DAGs
[2024-04-04 20:48:19,865] {logging_mixin.py:115} INFO - [2024-04-04 20:48:19,865] {dag.py:2927} INFO - Setting next_dagrun for example_bash_operator to 2024-04-03T00:00:00+00:00, run_after=2024-04-04T00:00:00+00:00
[2024-04-04 20:48:19,883] {processor.py:161} INFO - Processing /home/dimitri/dimitri/airflowalura/venv/lib/python3.10/site-packages/airflow/example_dags/example_bash_operator.py took 0.057 seconds
[2024-04-04 20:48:58,767] {processor.py:153} INFO - Started process (PID=574995) to work on /home/dimitri/dimitri/airflowalura/venv/lib/python3.10/site-packages/airflow/example_dags/example_bash_operator.py
[2024-04-04 20:48:58,769] {processor.py:641} INFO - Processing file /home/dimitri/dimitri/airflowalura/venv/lib/python3.10/site-packages/airflow/example_dags/example_bash_operator.py for tasks to queue
[2024-04-04 20:48:58,769] {logging_mixin.py:115} INFO - [2024-04-04 20:48:58,769] {dagbag.py:507} INFO - Filling up the DagBag from /home/dimitri/dimitri/airflowalura/venv/lib/python3.10/site-packages/airflow/example_dags/example_bash_operator.py
[2024-04-04 20:48:58,776] {processor.py:651} INFO - DAG(s) dict_keys(['example_bash_operator']) retrieved from /home/dimitri/dimitri/airflowalura/venv/lib/python3.10/site-packages/airflow/example_dags/example_bash_operator.py
[2024-04-04 20:48:58,788] {logging_mixin.py:115} INFO - [2024-04-04 20:48:58,788] {dag.py:2379} INFO - Sync 1 DAGs
[2024-04-04 20:48:58,798] {logging_mixin.py:115} INFO - [2024-04-04 20:48:58,798] {dag.py:2927} INFO - Setting next_dagrun for example_bash_operator to 2024-04-03T00:00:00+00:00, run_after=2024-04-04T00:00:00+00:00
[2024-04-04 20:48:58,814] {processor.py:161} INFO - Processing /home/dimitri/dimitri/airflowalura/venv/lib/python3.10/site-packages/airflow/example_dags/example_bash_operator.py took 0.050 seconds
[2024-04-04 20:49:31,966] {processor.py:153} INFO - Started process (PID=575126) to work on /home/dimitri/dimitri/airflowalura/venv/lib/python3.10/site-packages/airflow/example_dags/example_bash_operator.py
[2024-04-04 20:49:31,967] {processor.py:641} INFO - Processing file /home/dimitri/dimitri/airflowalura/venv/lib/python3.10/site-packages/airflow/example_dags/example_bash_operator.py for tasks to queue
[2024-04-04 20:49:31,968] {logging_mixin.py:115} INFO - [2024-04-04 20:49:31,968] {dagbag.py:507} INFO - Filling up the DagBag from /home/dimitri/dimitri/airflowalura/venv/lib/python3.10/site-packages/airflow/example_dags/example_bash_operator.py
[2024-04-04 20:49:31,978] {processor.py:651} INFO - DAG(s) dict_keys(['example_bash_operator']) retrieved from /home/dimitri/dimitri/airflowalura/venv/lib/python3.10/site-packages/airflow/example_dags/example_bash_operator.py
[2024-04-04 20:49:31,990] {logging_mixin.py:115} INFO - [2024-04-04 20:49:31,990] {dag.py:2379} INFO - Sync 1 DAGs
[2024-04-04 20:49:32,000] {logging_mixin.py:115} INFO - [2024-04-04 20:49:32,000] {dag.py:2927} INFO - Setting next_dagrun for example_bash_operator to 2024-04-03T00:00:00+00:00, run_after=2024-04-04T00:00:00+00:00
[2024-04-04 20:49:32,016] {processor.py:161} INFO - Processing /home/dimitri/dimitri/airflowalura/venv/lib/python3.10/site-packages/airflow/example_dags/example_bash_operator.py took 0.052 seconds
[2024-04-04 20:50:05,138] {processor.py:153} INFO - Started process (PID=575260) to work on /home/dimitri/dimitri/airflowalura/venv/lib/python3.10/site-packages/airflow/example_dags/example_bash_operator.py
[2024-04-04 20:50:05,140] {processor.py:641} INFO - Processing file /home/dimitri/dimitri/airflowalura/venv/lib/python3.10/site-packages/airflow/example_dags/example_bash_operator.py for tasks to queue
[2024-04-04 20:50:05,141] {logging_mixin.py:115} INFO - [2024-04-04 20:50:05,140] {dagbag.py:507} INFO - Filling up the DagBag from /home/dimitri/dimitri/airflowalura/venv/lib/python3.10/site-packages/airflow/example_dags/example_bash_operator.py
[2024-04-04 20:50:05,148] {processor.py:651} INFO - DAG(s) dict_keys(['example_bash_operator']) retrieved from /home/dimitri/dimitri/airflowalura/venv/lib/python3.10/site-packages/airflow/example_dags/example_bash_operator.py
[2024-04-04 20:50:05,160] {logging_mixin.py:115} INFO - [2024-04-04 20:50:05,160] {dag.py:2379} INFO - Sync 1 DAGs
[2024-04-04 20:50:05,170] {logging_mixin.py:115} INFO - [2024-04-04 20:50:05,170] {dag.py:2927} INFO - Setting next_dagrun for example_bash_operator to 2024-04-03T00:00:00+00:00, run_after=2024-04-04T00:00:00+00:00
[2024-04-04 20:50:05,185] {processor.py:161} INFO - Processing /home/dimitri/dimitri/airflowalura/venv/lib/python3.10/site-packages/airflow/example_dags/example_bash_operator.py took 0.050 seconds
[2024-04-04 20:50:42,499] {processor.py:153} INFO - Started process (PID=575406) to work on /home/dimitri/dimitri/airflowalura/venv/lib/python3.10/site-packages/airflow/example_dags/example_bash_operator.py
[2024-04-04 20:50:42,502] {processor.py:641} INFO - Processing file /home/dimitri/dimitri/airflowalura/venv/lib/python3.10/site-packages/airflow/example_dags/example_bash_operator.py for tasks to queue
[2024-04-04 20:50:42,503] {logging_mixin.py:115} INFO - [2024-04-04 20:50:42,503] {dagbag.py:507} INFO - Filling up the DagBag from /home/dimitri/dimitri/airflowalura/venv/lib/python3.10/site-packages/airflow/example_dags/example_bash_operator.py
[2024-04-04 20:50:42,510] {processor.py:651} INFO - DAG(s) dict_keys(['example_bash_operator']) retrieved from /home/dimitri/dimitri/airflowalura/venv/lib/python3.10/site-packages/airflow/example_dags/example_bash_operator.py
[2024-04-04 20:50:42,522] {logging_mixin.py:115} INFO - [2024-04-04 20:50:42,522] {dag.py:2379} INFO - Sync 1 DAGs
[2024-04-04 20:50:42,537] {logging_mixin.py:115} INFO - [2024-04-04 20:50:42,537] {dag.py:2927} INFO - Setting next_dagrun for example_bash_operator to 2024-04-03T00:00:00+00:00, run_after=2024-04-04T00:00:00+00:00
[2024-04-04 20:50:42,558] {processor.py:161} INFO - Processing /home/dimitri/dimitri/airflowalura/venv/lib/python3.10/site-packages/airflow/example_dags/example_bash_operator.py took 0.061 seconds
[2024-04-04 20:51:16,872] {processor.py:153} INFO - Started process (PID=575543) to work on /home/dimitri/dimitri/airflowalura/venv/lib/python3.10/site-packages/airflow/example_dags/example_bash_operator.py
[2024-04-04 20:51:16,872] {processor.py:641} INFO - Processing file /home/dimitri/dimitri/airflowalura/venv/lib/python3.10/site-packages/airflow/example_dags/example_bash_operator.py for tasks to queue
[2024-04-04 20:51:16,873] {logging_mixin.py:115} INFO - [2024-04-04 20:51:16,873] {dagbag.py:507} INFO - Filling up the DagBag from /home/dimitri/dimitri/airflowalura/venv/lib/python3.10/site-packages/airflow/example_dags/example_bash_operator.py
[2024-04-04 20:51:16,881] {processor.py:651} INFO - DAG(s) dict_keys(['example_bash_operator']) retrieved from /home/dimitri/dimitri/airflowalura/venv/lib/python3.10/site-packages/airflow/example_dags/example_bash_operator.py
[2024-04-04 20:51:16,893] {logging_mixin.py:115} INFO - [2024-04-04 20:51:16,893] {dag.py:2379} INFO - Sync 1 DAGs
[2024-04-04 20:51:16,907] {logging_mixin.py:115} INFO - [2024-04-04 20:51:16,907] {dag.py:2927} INFO - Setting next_dagrun for example_bash_operator to 2024-04-03T00:00:00+00:00, run_after=2024-04-04T00:00:00+00:00
[2024-04-04 20:51:16,928] {processor.py:161} INFO - Processing /home/dimitri/dimitri/airflowalura/venv/lib/python3.10/site-packages/airflow/example_dags/example_bash_operator.py took 0.058 seconds
[2024-04-04 20:51:53,757] {processor.py:153} INFO - Started process (PID=575682) to work on /home/dimitri/dimitri/airflowalura/venv/lib/python3.10/site-packages/airflow/example_dags/example_bash_operator.py
[2024-04-04 20:51:53,759] {processor.py:641} INFO - Processing file /home/dimitri/dimitri/airflowalura/venv/lib/python3.10/site-packages/airflow/example_dags/example_bash_operator.py for tasks to queue
[2024-04-04 20:51:53,760] {logging_mixin.py:115} INFO - [2024-04-04 20:51:53,760] {dagbag.py:507} INFO - Filling up the DagBag from /home/dimitri/dimitri/airflowalura/venv/lib/python3.10/site-packages/airflow/example_dags/example_bash_operator.py
[2024-04-04 20:51:53,768] {processor.py:651} INFO - DAG(s) dict_keys(['example_bash_operator']) retrieved from /home/dimitri/dimitri/airflowalura/venv/lib/python3.10/site-packages/airflow/example_dags/example_bash_operator.py
[2024-04-04 20:51:53,781] {logging_mixin.py:115} INFO - [2024-04-04 20:51:53,781] {dag.py:2379} INFO - Sync 1 DAGs
[2024-04-04 20:51:53,796] {logging_mixin.py:115} INFO - [2024-04-04 20:51:53,795] {dag.py:2927} INFO - Setting next_dagrun for example_bash_operator to 2024-04-03T00:00:00+00:00, run_after=2024-04-04T00:00:00+00:00
[2024-04-04 20:51:53,813] {processor.py:161} INFO - Processing /home/dimitri/dimitri/airflowalura/venv/lib/python3.10/site-packages/airflow/example_dags/example_bash_operator.py took 0.058 seconds
[2024-04-04 20:52:29,346] {processor.py:153} INFO - Started process (PID=575820) to work on /home/dimitri/dimitri/airflowalura/venv/lib/python3.10/site-packages/airflow/example_dags/example_bash_operator.py
[2024-04-04 20:52:29,347] {processor.py:641} INFO - Processing file /home/dimitri/dimitri/airflowalura/venv/lib/python3.10/site-packages/airflow/example_dags/example_bash_operator.py for tasks to queue
[2024-04-04 20:52:29,347] {logging_mixin.py:115} INFO - [2024-04-04 20:52:29,347] {dagbag.py:507} INFO - Filling up the DagBag from /home/dimitri/dimitri/airflowalura/venv/lib/python3.10/site-packages/airflow/example_dags/example_bash_operator.py
[2024-04-04 20:52:29,354] {processor.py:651} INFO - DAG(s) dict_keys(['example_bash_operator']) retrieved from /home/dimitri/dimitri/airflowalura/venv/lib/python3.10/site-packages/airflow/example_dags/example_bash_operator.py
[2024-04-04 20:52:29,369] {logging_mixin.py:115} INFO - [2024-04-04 20:52:29,369] {dag.py:2379} INFO - Sync 1 DAGs
[2024-04-04 20:52:29,382] {logging_mixin.py:115} INFO - [2024-04-04 20:52:29,382] {dag.py:2927} INFO - Setting next_dagrun for example_bash_operator to 2024-04-03T00:00:00+00:00, run_after=2024-04-04T00:00:00+00:00
[2024-04-04 20:52:29,410] {processor.py:161} INFO - Processing /home/dimitri/dimitri/airflowalura/venv/lib/python3.10/site-packages/airflow/example_dags/example_bash_operator.py took 0.067 seconds
[2024-04-04 20:53:04,524] {processor.py:153} INFO - Started process (PID=575956) to work on /home/dimitri/dimitri/airflowalura/venv/lib/python3.10/site-packages/airflow/example_dags/example_bash_operator.py
[2024-04-04 20:53:04,525] {processor.py:641} INFO - Processing file /home/dimitri/dimitri/airflowalura/venv/lib/python3.10/site-packages/airflow/example_dags/example_bash_operator.py for tasks to queue
[2024-04-04 20:53:04,525] {logging_mixin.py:115} INFO - [2024-04-04 20:53:04,525] {dagbag.py:507} INFO - Filling up the DagBag from /home/dimitri/dimitri/airflowalura/venv/lib/python3.10/site-packages/airflow/example_dags/example_bash_operator.py
[2024-04-04 20:53:04,532] {processor.py:651} INFO - DAG(s) dict_keys(['example_bash_operator']) retrieved from /home/dimitri/dimitri/airflowalura/venv/lib/python3.10/site-packages/airflow/example_dags/example_bash_operator.py
[2024-04-04 20:53:04,542] {logging_mixin.py:115} INFO - [2024-04-04 20:53:04,542] {dag.py:2379} INFO - Sync 1 DAGs
[2024-04-04 20:53:04,552] {logging_mixin.py:115} INFO - [2024-04-04 20:53:04,552] {dag.py:2927} INFO - Setting next_dagrun for example_bash_operator to 2024-04-03T00:00:00+00:00, run_after=2024-04-04T00:00:00+00:00
[2024-04-04 20:53:04,567] {processor.py:161} INFO - Processing /home/dimitri/dimitri/airflowalura/venv/lib/python3.10/site-packages/airflow/example_dags/example_bash_operator.py took 0.045 seconds
[2024-04-04 20:53:41,564] {processor.py:153} INFO - Started process (PID=576102) to work on /home/dimitri/dimitri/airflowalura/venv/lib/python3.10/site-packages/airflow/example_dags/example_bash_operator.py
[2024-04-04 20:53:41,566] {processor.py:641} INFO - Processing file /home/dimitri/dimitri/airflowalura/venv/lib/python3.10/site-packages/airflow/example_dags/example_bash_operator.py for tasks to queue
[2024-04-04 20:53:41,566] {logging_mixin.py:115} INFO - [2024-04-04 20:53:41,566] {dagbag.py:507} INFO - Filling up the DagBag from /home/dimitri/dimitri/airflowalura/venv/lib/python3.10/site-packages/airflow/example_dags/example_bash_operator.py
[2024-04-04 20:53:41,574] {processor.py:651} INFO - DAG(s) dict_keys(['example_bash_operator']) retrieved from /home/dimitri/dimitri/airflowalura/venv/lib/python3.10/site-packages/airflow/example_dags/example_bash_operator.py
[2024-04-04 20:53:41,585] {logging_mixin.py:115} INFO - [2024-04-04 20:53:41,585] {dag.py:2379} INFO - Sync 1 DAGs
[2024-04-04 20:53:41,595] {logging_mixin.py:115} INFO - [2024-04-04 20:53:41,595] {dag.py:2927} INFO - Setting next_dagrun for example_bash_operator to 2024-04-03T00:00:00+00:00, run_after=2024-04-04T00:00:00+00:00
[2024-04-04 20:53:41,611] {processor.py:161} INFO - Processing /home/dimitri/dimitri/airflowalura/venv/lib/python3.10/site-packages/airflow/example_dags/example_bash_operator.py took 0.049 seconds
[2024-04-04 20:54:17,818] {processor.py:153} INFO - Started process (PID=576242) to work on /home/dimitri/dimitri/airflowalura/venv/lib/python3.10/site-packages/airflow/example_dags/example_bash_operator.py
[2024-04-04 20:54:17,821] {processor.py:641} INFO - Processing file /home/dimitri/dimitri/airflowalura/venv/lib/python3.10/site-packages/airflow/example_dags/example_bash_operator.py for tasks to queue
[2024-04-04 20:54:17,821] {logging_mixin.py:115} INFO - [2024-04-04 20:54:17,821] {dagbag.py:507} INFO - Filling up the DagBag from /home/dimitri/dimitri/airflowalura/venv/lib/python3.10/site-packages/airflow/example_dags/example_bash_operator.py
[2024-04-04 20:54:17,832] {processor.py:651} INFO - DAG(s) dict_keys(['example_bash_operator']) retrieved from /home/dimitri/dimitri/airflowalura/venv/lib/python3.10/site-packages/airflow/example_dags/example_bash_operator.py
[2024-04-04 20:54:17,843] {logging_mixin.py:115} INFO - [2024-04-04 20:54:17,843] {dag.py:2379} INFO - Sync 1 DAGs
[2024-04-04 20:54:17,852] {logging_mixin.py:115} INFO - [2024-04-04 20:54:17,852] {dag.py:2927} INFO - Setting next_dagrun for example_bash_operator to 2024-04-03T00:00:00+00:00, run_after=2024-04-04T00:00:00+00:00
[2024-04-04 20:54:17,871] {processor.py:161} INFO - Processing /home/dimitri/dimitri/airflowalura/venv/lib/python3.10/site-packages/airflow/example_dags/example_bash_operator.py took 0.057 seconds
[2024-04-04 20:54:52,095] {processor.py:153} INFO - Started process (PID=576381) to work on /home/dimitri/dimitri/airflowalura/venv/lib/python3.10/site-packages/airflow/example_dags/example_bash_operator.py
[2024-04-04 20:54:52,097] {processor.py:641} INFO - Processing file /home/dimitri/dimitri/airflowalura/venv/lib/python3.10/site-packages/airflow/example_dags/example_bash_operator.py for tasks to queue
[2024-04-04 20:54:52,098] {logging_mixin.py:115} INFO - [2024-04-04 20:54:52,098] {dagbag.py:507} INFO - Filling up the DagBag from /home/dimitri/dimitri/airflowalura/venv/lib/python3.10/site-packages/airflow/example_dags/example_bash_operator.py
[2024-04-04 20:54:52,105] {processor.py:651} INFO - DAG(s) dict_keys(['example_bash_operator']) retrieved from /home/dimitri/dimitri/airflowalura/venv/lib/python3.10/site-packages/airflow/example_dags/example_bash_operator.py
[2024-04-04 20:54:52,117] {logging_mixin.py:115} INFO - [2024-04-04 20:54:52,117] {dag.py:2379} INFO - Sync 1 DAGs
[2024-04-04 20:54:52,127] {logging_mixin.py:115} INFO - [2024-04-04 20:54:52,127] {dag.py:2927} INFO - Setting next_dagrun for example_bash_operator to 2024-04-03T00:00:00+00:00, run_after=2024-04-04T00:00:00+00:00
[2024-04-04 20:54:52,143] {processor.py:161} INFO - Processing /home/dimitri/dimitri/airflowalura/venv/lib/python3.10/site-packages/airflow/example_dags/example_bash_operator.py took 0.050 seconds
[2024-04-04 20:55:27,855] {processor.py:153} INFO - Started process (PID=576520) to work on /home/dimitri/dimitri/airflowalura/venv/lib/python3.10/site-packages/airflow/example_dags/example_bash_operator.py
[2024-04-04 20:55:27,858] {processor.py:641} INFO - Processing file /home/dimitri/dimitri/airflowalura/venv/lib/python3.10/site-packages/airflow/example_dags/example_bash_operator.py for tasks to queue
[2024-04-04 20:55:27,858] {logging_mixin.py:115} INFO - [2024-04-04 20:55:27,858] {dagbag.py:507} INFO - Filling up the DagBag from /home/dimitri/dimitri/airflowalura/venv/lib/python3.10/site-packages/airflow/example_dags/example_bash_operator.py
[2024-04-04 20:55:27,867] {processor.py:651} INFO - DAG(s) dict_keys(['example_bash_operator']) retrieved from /home/dimitri/dimitri/airflowalura/venv/lib/python3.10/site-packages/airflow/example_dags/example_bash_operator.py
[2024-04-04 20:55:27,882] {logging_mixin.py:115} INFO - [2024-04-04 20:55:27,882] {dag.py:2379} INFO - Sync 1 DAGs
[2024-04-04 20:55:27,893] {logging_mixin.py:115} INFO - [2024-04-04 20:55:27,892] {dag.py:2927} INFO - Setting next_dagrun for example_bash_operator to 2024-04-03T00:00:00+00:00, run_after=2024-04-04T00:00:00+00:00
[2024-04-04 20:55:27,908] {processor.py:161} INFO - Processing /home/dimitri/dimitri/airflowalura/venv/lib/python3.10/site-packages/airflow/example_dags/example_bash_operator.py took 0.055 seconds
[2024-04-04 20:56:05,043] {processor.py:153} INFO - Started process (PID=576665) to work on /home/dimitri/dimitri/airflowalura/venv/lib/python3.10/site-packages/airflow/example_dags/example_bash_operator.py
[2024-04-04 20:56:05,045] {processor.py:641} INFO - Processing file /home/dimitri/dimitri/airflowalura/venv/lib/python3.10/site-packages/airflow/example_dags/example_bash_operator.py for tasks to queue
[2024-04-04 20:56:05,045] {logging_mixin.py:115} INFO - [2024-04-04 20:56:05,045] {dagbag.py:507} INFO - Filling up the DagBag from /home/dimitri/dimitri/airflowalura/venv/lib/python3.10/site-packages/airflow/example_dags/example_bash_operator.py
[2024-04-04 20:56:05,055] {processor.py:651} INFO - DAG(s) dict_keys(['example_bash_operator']) retrieved from /home/dimitri/dimitri/airflowalura/venv/lib/python3.10/site-packages/airflow/example_dags/example_bash_operator.py
[2024-04-04 20:56:05,065] {logging_mixin.py:115} INFO - [2024-04-04 20:56:05,065] {dag.py:2379} INFO - Sync 1 DAGs
[2024-04-04 20:56:05,077] {logging_mixin.py:115} INFO - [2024-04-04 20:56:05,077] {dag.py:2927} INFO - Setting next_dagrun for example_bash_operator to 2024-04-03T00:00:00+00:00, run_after=2024-04-04T00:00:00+00:00
[2024-04-04 20:56:05,093] {processor.py:161} INFO - Processing /home/dimitri/dimitri/airflowalura/venv/lib/python3.10/site-packages/airflow/example_dags/example_bash_operator.py took 0.052 seconds
[2024-04-04 20:56:41,730] {processor.py:153} INFO - Started process (PID=576810) to work on /home/dimitri/dimitri/airflowalura/venv/lib/python3.10/site-packages/airflow/example_dags/example_bash_operator.py
[2024-04-04 20:56:41,732] {processor.py:641} INFO - Processing file /home/dimitri/dimitri/airflowalura/venv/lib/python3.10/site-packages/airflow/example_dags/example_bash_operator.py for tasks to queue
[2024-04-04 20:56:41,732] {logging_mixin.py:115} INFO - [2024-04-04 20:56:41,732] {dagbag.py:507} INFO - Filling up the DagBag from /home/dimitri/dimitri/airflowalura/venv/lib/python3.10/site-packages/airflow/example_dags/example_bash_operator.py
[2024-04-04 20:56:41,742] {processor.py:651} INFO - DAG(s) dict_keys(['example_bash_operator']) retrieved from /home/dimitri/dimitri/airflowalura/venv/lib/python3.10/site-packages/airflow/example_dags/example_bash_operator.py
[2024-04-04 20:56:41,751] {logging_mixin.py:115} INFO - [2024-04-04 20:56:41,751] {dag.py:2379} INFO - Sync 1 DAGs
[2024-04-04 20:56:41,761] {logging_mixin.py:115} INFO - [2024-04-04 20:56:41,761] {dag.py:2927} INFO - Setting next_dagrun for example_bash_operator to 2024-04-03T00:00:00+00:00, run_after=2024-04-04T00:00:00+00:00
[2024-04-04 20:56:41,778] {processor.py:161} INFO - Processing /home/dimitri/dimitri/airflowalura/venv/lib/python3.10/site-packages/airflow/example_dags/example_bash_operator.py took 0.051 seconds
[2024-04-04 20:57:17,291] {processor.py:153} INFO - Started process (PID=576950) to work on /home/dimitri/dimitri/airflowalura/venv/lib/python3.10/site-packages/airflow/example_dags/example_bash_operator.py
[2024-04-04 20:57:17,293] {processor.py:641} INFO - Processing file /home/dimitri/dimitri/airflowalura/venv/lib/python3.10/site-packages/airflow/example_dags/example_bash_operator.py for tasks to queue
[2024-04-04 20:57:17,294] {logging_mixin.py:115} INFO - [2024-04-04 20:57:17,294] {dagbag.py:507} INFO - Filling up the DagBag from /home/dimitri/dimitri/airflowalura/venv/lib/python3.10/site-packages/airflow/example_dags/example_bash_operator.py
[2024-04-04 20:57:17,303] {processor.py:651} INFO - DAG(s) dict_keys(['example_bash_operator']) retrieved from /home/dimitri/dimitri/airflowalura/venv/lib/python3.10/site-packages/airflow/example_dags/example_bash_operator.py
[2024-04-04 20:57:17,314] {logging_mixin.py:115} INFO - [2024-04-04 20:57:17,314] {dag.py:2379} INFO - Sync 1 DAGs
[2024-04-04 20:57:17,326] {logging_mixin.py:115} INFO - [2024-04-04 20:57:17,325] {dag.py:2927} INFO - Setting next_dagrun for example_bash_operator to 2024-04-03T00:00:00+00:00, run_after=2024-04-04T00:00:00+00:00
[2024-04-04 20:57:17,342] {processor.py:161} INFO - Processing /home/dimitri/dimitri/airflowalura/venv/lib/python3.10/site-packages/airflow/example_dags/example_bash_operator.py took 0.053 seconds
[2024-04-04 20:57:53,754] {processor.py:153} INFO - Started process (PID=577089) to work on /home/dimitri/dimitri/airflowalura/venv/lib/python3.10/site-packages/airflow/example_dags/example_bash_operator.py
[2024-04-04 20:57:53,756] {processor.py:641} INFO - Processing file /home/dimitri/dimitri/airflowalura/venv/lib/python3.10/site-packages/airflow/example_dags/example_bash_operator.py for tasks to queue
[2024-04-04 20:57:53,757] {logging_mixin.py:115} INFO - [2024-04-04 20:57:53,757] {dagbag.py:507} INFO - Filling up the DagBag from /home/dimitri/dimitri/airflowalura/venv/lib/python3.10/site-packages/airflow/example_dags/example_bash_operator.py
[2024-04-04 20:57:53,766] {processor.py:651} INFO - DAG(s) dict_keys(['example_bash_operator']) retrieved from /home/dimitri/dimitri/airflowalura/venv/lib/python3.10/site-packages/airflow/example_dags/example_bash_operator.py
[2024-04-04 20:57:53,776] {logging_mixin.py:115} INFO - [2024-04-04 20:57:53,776] {dag.py:2379} INFO - Sync 1 DAGs
[2024-04-04 20:57:53,789] {logging_mixin.py:115} INFO - [2024-04-04 20:57:53,789] {dag.py:2927} INFO - Setting next_dagrun for example_bash_operator to 2024-04-03T00:00:00+00:00, run_after=2024-04-04T00:00:00+00:00
[2024-04-04 20:57:53,805] {processor.py:161} INFO - Processing /home/dimitri/dimitri/airflowalura/venv/lib/python3.10/site-packages/airflow/example_dags/example_bash_operator.py took 0.054 seconds
[2024-04-04 20:58:30,706] {processor.py:153} INFO - Started process (PID=577234) to work on /home/dimitri/dimitri/airflowalura/venv/lib/python3.10/site-packages/airflow/example_dags/example_bash_operator.py
[2024-04-04 20:58:30,708] {processor.py:641} INFO - Processing file /home/dimitri/dimitri/airflowalura/venv/lib/python3.10/site-packages/airflow/example_dags/example_bash_operator.py for tasks to queue
[2024-04-04 20:58:30,708] {logging_mixin.py:115} INFO - [2024-04-04 20:58:30,708] {dagbag.py:507} INFO - Filling up the DagBag from /home/dimitri/dimitri/airflowalura/venv/lib/python3.10/site-packages/airflow/example_dags/example_bash_operator.py
[2024-04-04 20:58:30,717] {processor.py:651} INFO - DAG(s) dict_keys(['example_bash_operator']) retrieved from /home/dimitri/dimitri/airflowalura/venv/lib/python3.10/site-packages/airflow/example_dags/example_bash_operator.py
[2024-04-04 20:58:30,728] {logging_mixin.py:115} INFO - [2024-04-04 20:58:30,728] {dag.py:2379} INFO - Sync 1 DAGs
[2024-04-04 20:58:30,741] {logging_mixin.py:115} INFO - [2024-04-04 20:58:30,741] {dag.py:2927} INFO - Setting next_dagrun for example_bash_operator to 2024-04-03T00:00:00+00:00, run_after=2024-04-04T00:00:00+00:00
[2024-04-04 20:58:30,758] {processor.py:161} INFO - Processing /home/dimitri/dimitri/airflowalura/venv/lib/python3.10/site-packages/airflow/example_dags/example_bash_operator.py took 0.055 seconds
[2024-04-04 20:59:04,836] {processor.py:153} INFO - Started process (PID=577368) to work on /home/dimitri/dimitri/airflowalura/venv/lib/python3.10/site-packages/airflow/example_dags/example_bash_operator.py
[2024-04-04 20:59:04,837] {processor.py:641} INFO - Processing file /home/dimitri/dimitri/airflowalura/venv/lib/python3.10/site-packages/airflow/example_dags/example_bash_operator.py for tasks to queue
[2024-04-04 20:59:04,837] {logging_mixin.py:115} INFO - [2024-04-04 20:59:04,837] {dagbag.py:507} INFO - Filling up the DagBag from /home/dimitri/dimitri/airflowalura/venv/lib/python3.10/site-packages/airflow/example_dags/example_bash_operator.py
[2024-04-04 20:59:04,847] {processor.py:651} INFO - DAG(s) dict_keys(['example_bash_operator']) retrieved from /home/dimitri/dimitri/airflowalura/venv/lib/python3.10/site-packages/airflow/example_dags/example_bash_operator.py
[2024-04-04 20:59:04,857] {logging_mixin.py:115} INFO - [2024-04-04 20:59:04,857] {dag.py:2379} INFO - Sync 1 DAGs
[2024-04-04 20:59:04,868] {logging_mixin.py:115} INFO - [2024-04-04 20:59:04,868] {dag.py:2927} INFO - Setting next_dagrun for example_bash_operator to 2024-04-03T00:00:00+00:00, run_after=2024-04-04T00:00:00+00:00
[2024-04-04 20:59:04,885] {processor.py:161} INFO - Processing /home/dimitri/dimitri/airflowalura/venv/lib/python3.10/site-packages/airflow/example_dags/example_bash_operator.py took 0.051 seconds
[2024-04-04 20:59:39,350] {processor.py:153} INFO - Started process (PID=577506) to work on /home/dimitri/dimitri/airflowalura/venv/lib/python3.10/site-packages/airflow/example_dags/example_bash_operator.py
[2024-04-04 20:59:39,353] {processor.py:641} INFO - Processing file /home/dimitri/dimitri/airflowalura/venv/lib/python3.10/site-packages/airflow/example_dags/example_bash_operator.py for tasks to queue
[2024-04-04 20:59:39,354] {logging_mixin.py:115} INFO - [2024-04-04 20:59:39,354] {dagbag.py:507} INFO - Filling up the DagBag from /home/dimitri/dimitri/airflowalura/venv/lib/python3.10/site-packages/airflow/example_dags/example_bash_operator.py
[2024-04-04 20:59:39,363] {processor.py:651} INFO - DAG(s) dict_keys(['example_bash_operator']) retrieved from /home/dimitri/dimitri/airflowalura/venv/lib/python3.10/site-packages/airflow/example_dags/example_bash_operator.py
[2024-04-04 20:59:39,372] {logging_mixin.py:115} INFO - [2024-04-04 20:59:39,372] {dag.py:2379} INFO - Sync 1 DAGs
[2024-04-04 20:59:39,384] {logging_mixin.py:115} INFO - [2024-04-04 20:59:39,384] {dag.py:2927} INFO - Setting next_dagrun for example_bash_operator to 2024-04-03T00:00:00+00:00, run_after=2024-04-04T00:00:00+00:00
[2024-04-04 20:59:39,399] {processor.py:161} INFO - Processing /home/dimitri/dimitri/airflowalura/venv/lib/python3.10/site-packages/airflow/example_dags/example_bash_operator.py took 0.051 seconds
