[2024-04-04 20:29:12,168] {processor.py:153} INFO - Started process (PID=569886) to work on /home/dimitri/dimitri/airflowalura/venv/lib/python3.10/site-packages/airflow/example_dags/tutorial_etl_dag.py
[2024-04-04 20:29:12,169] {processor.py:641} INFO - Processing file /home/dimitri/dimitri/airflowalura/venv/lib/python3.10/site-packages/airflow/example_dags/tutorial_etl_dag.py for tasks to queue
[2024-04-04 20:29:12,169] {logging_mixin.py:115} INFO - [2024-04-04 20:29:12,169] {dagbag.py:507} INFO - Filling up the DagBag from /home/dimitri/dimitri/airflowalura/venv/lib/python3.10/site-packages/airflow/example_dags/tutorial_etl_dag.py
[2024-04-04 20:29:12,174] {processor.py:651} INFO - DAG(s) dict_keys(['tutorial_etl_dag']) retrieved from /home/dimitri/dimitri/airflowalura/venv/lib/python3.10/site-packages/airflow/example_dags/tutorial_etl_dag.py
[2024-04-04 20:29:12,230] {logging_mixin.py:115} INFO - [2024-04-04 20:29:12,230] {manager.py:508} INFO - Created Permission View: can read on DAG:tutorial_etl_dag
[2024-04-04 20:29:12,243] {logging_mixin.py:115} INFO - [2024-04-04 20:29:12,243] {manager.py:508} INFO - Created Permission View: can edit on DAG:tutorial_etl_dag
[2024-04-04 20:29:12,256] {logging_mixin.py:115} INFO - [2024-04-04 20:29:12,256] {manager.py:508} INFO - Created Permission View: can delete on DAG:tutorial_etl_dag
[2024-04-04 20:29:12,256] {logging_mixin.py:115} INFO - [2024-04-04 20:29:12,256] {dag.py:2379} INFO - Sync 1 DAGs
[2024-04-04 20:29:12,260] {logging_mixin.py:115} INFO - [2024-04-04 20:29:12,260] {dag.py:2398} INFO - Creating ORM DAG for tutorial_etl_dag
[2024-04-04 20:29:12,265] {logging_mixin.py:115} INFO - [2024-04-04 20:29:12,265] {dag.py:2927} INFO - Setting next_dagrun for tutorial_etl_dag to None, run_after=None
[2024-04-04 20:29:12,285] {processor.py:161} INFO - Processing /home/dimitri/dimitri/airflowalura/venv/lib/python3.10/site-packages/airflow/example_dags/tutorial_etl_dag.py took 0.118 seconds
[2024-04-04 20:29:47,246] {processor.py:153} INFO - Started process (PID=570236) to work on /home/dimitri/dimitri/airflowalura/venv/lib/python3.10/site-packages/airflow/example_dags/tutorial_etl_dag.py
[2024-04-04 20:29:47,247] {processor.py:641} INFO - Processing file /home/dimitri/dimitri/airflowalura/venv/lib/python3.10/site-packages/airflow/example_dags/tutorial_etl_dag.py for tasks to queue
[2024-04-04 20:29:47,248] {logging_mixin.py:115} INFO - [2024-04-04 20:29:47,248] {dagbag.py:507} INFO - Filling up the DagBag from /home/dimitri/dimitri/airflowalura/venv/lib/python3.10/site-packages/airflow/example_dags/tutorial_etl_dag.py
[2024-04-04 20:29:47,252] {processor.py:651} INFO - DAG(s) dict_keys(['tutorial_etl_dag']) retrieved from /home/dimitri/dimitri/airflowalura/venv/lib/python3.10/site-packages/airflow/example_dags/tutorial_etl_dag.py
[2024-04-04 20:29:47,263] {logging_mixin.py:115} INFO - [2024-04-04 20:29:47,263] {dag.py:2379} INFO - Sync 1 DAGs
[2024-04-04 20:29:47,278] {logging_mixin.py:115} INFO - [2024-04-04 20:29:47,278] {dag.py:2927} INFO - Setting next_dagrun for tutorial_etl_dag to None, run_after=None
[2024-04-04 20:29:47,300] {processor.py:161} INFO - Processing /home/dimitri/dimitri/airflowalura/venv/lib/python3.10/site-packages/airflow/example_dags/tutorial_etl_dag.py took 0.056 seconds
[2024-04-04 20:30:20,340] {processor.py:153} INFO - Started process (PID=570395) to work on /home/dimitri/dimitri/airflowalura/venv/lib/python3.10/site-packages/airflow/example_dags/tutorial_etl_dag.py
[2024-04-04 20:30:20,340] {processor.py:641} INFO - Processing file /home/dimitri/dimitri/airflowalura/venv/lib/python3.10/site-packages/airflow/example_dags/tutorial_etl_dag.py for tasks to queue
[2024-04-04 20:30:20,340] {logging_mixin.py:115} INFO - [2024-04-04 20:30:20,340] {dagbag.py:507} INFO - Filling up the DagBag from /home/dimitri/dimitri/airflowalura/venv/lib/python3.10/site-packages/airflow/example_dags/tutorial_etl_dag.py
[2024-04-04 20:30:20,345] {processor.py:651} INFO - DAG(s) dict_keys(['tutorial_etl_dag']) retrieved from /home/dimitri/dimitri/airflowalura/venv/lib/python3.10/site-packages/airflow/example_dags/tutorial_etl_dag.py
[2024-04-04 20:30:20,354] {logging_mixin.py:115} INFO - [2024-04-04 20:30:20,353] {dag.py:2379} INFO - Sync 1 DAGs
[2024-04-04 20:30:20,364] {logging_mixin.py:115} INFO - [2024-04-04 20:30:20,364] {dag.py:2927} INFO - Setting next_dagrun for tutorial_etl_dag to None, run_after=None
[2024-04-04 20:30:20,379] {processor.py:161} INFO - Processing /home/dimitri/dimitri/airflowalura/venv/lib/python3.10/site-packages/airflow/example_dags/tutorial_etl_dag.py took 0.041 seconds
[2024-04-04 20:30:53,204] {processor.py:153} INFO - Started process (PID=570523) to work on /home/dimitri/dimitri/airflowalura/venv/lib/python3.10/site-packages/airflow/example_dags/tutorial_etl_dag.py
[2024-04-04 20:30:53,207] {processor.py:641} INFO - Processing file /home/dimitri/dimitri/airflowalura/venv/lib/python3.10/site-packages/airflow/example_dags/tutorial_etl_dag.py for tasks to queue
[2024-04-04 20:30:53,207] {logging_mixin.py:115} INFO - [2024-04-04 20:30:53,207] {dagbag.py:507} INFO - Filling up the DagBag from /home/dimitri/dimitri/airflowalura/venv/lib/python3.10/site-packages/airflow/example_dags/tutorial_etl_dag.py
[2024-04-04 20:30:53,212] {processor.py:651} INFO - DAG(s) dict_keys(['tutorial_etl_dag']) retrieved from /home/dimitri/dimitri/airflowalura/venv/lib/python3.10/site-packages/airflow/example_dags/tutorial_etl_dag.py
[2024-04-04 20:30:53,224] {logging_mixin.py:115} INFO - [2024-04-04 20:30:53,224] {dag.py:2379} INFO - Sync 1 DAGs
[2024-04-04 20:30:53,241] {logging_mixin.py:115} INFO - [2024-04-04 20:30:53,241] {dag.py:2927} INFO - Setting next_dagrun for tutorial_etl_dag to None, run_after=None
[2024-04-04 20:30:53,263] {processor.py:161} INFO - Processing /home/dimitri/dimitri/airflowalura/venv/lib/python3.10/site-packages/airflow/example_dags/tutorial_etl_dag.py took 0.061 seconds
[2024-04-04 20:31:25,295] {processor.py:153} INFO - Started process (PID=570653) to work on /home/dimitri/dimitri/airflowalura/venv/lib/python3.10/site-packages/airflow/example_dags/tutorial_etl_dag.py
[2024-04-04 20:31:25,296] {processor.py:641} INFO - Processing file /home/dimitri/dimitri/airflowalura/venv/lib/python3.10/site-packages/airflow/example_dags/tutorial_etl_dag.py for tasks to queue
[2024-04-04 20:31:25,297] {logging_mixin.py:115} INFO - [2024-04-04 20:31:25,297] {dagbag.py:507} INFO - Filling up the DagBag from /home/dimitri/dimitri/airflowalura/venv/lib/python3.10/site-packages/airflow/example_dags/tutorial_etl_dag.py
[2024-04-04 20:31:25,303] {processor.py:651} INFO - DAG(s) dict_keys(['tutorial_etl_dag']) retrieved from /home/dimitri/dimitri/airflowalura/venv/lib/python3.10/site-packages/airflow/example_dags/tutorial_etl_dag.py
[2024-04-04 20:31:25,312] {logging_mixin.py:115} INFO - [2024-04-04 20:31:25,312] {dag.py:2379} INFO - Sync 1 DAGs
[2024-04-04 20:31:25,323] {logging_mixin.py:115} INFO - [2024-04-04 20:31:25,323] {dag.py:2927} INFO - Setting next_dagrun for tutorial_etl_dag to None, run_after=None
[2024-04-04 20:31:25,338] {processor.py:161} INFO - Processing /home/dimitri/dimitri/airflowalura/venv/lib/python3.10/site-packages/airflow/example_dags/tutorial_etl_dag.py took 0.047 seconds
[2024-04-04 20:32:00,284] {processor.py:153} INFO - Started process (PID=570791) to work on /home/dimitri/dimitri/airflowalura/venv/lib/python3.10/site-packages/airflow/example_dags/tutorial_etl_dag.py
[2024-04-04 20:32:00,285] {processor.py:641} INFO - Processing file /home/dimitri/dimitri/airflowalura/venv/lib/python3.10/site-packages/airflow/example_dags/tutorial_etl_dag.py for tasks to queue
[2024-04-04 20:32:00,286] {logging_mixin.py:115} INFO - [2024-04-04 20:32:00,286] {dagbag.py:507} INFO - Filling up the DagBag from /home/dimitri/dimitri/airflowalura/venv/lib/python3.10/site-packages/airflow/example_dags/tutorial_etl_dag.py
[2024-04-04 20:32:00,291] {processor.py:651} INFO - DAG(s) dict_keys(['tutorial_etl_dag']) retrieved from /home/dimitri/dimitri/airflowalura/venv/lib/python3.10/site-packages/airflow/example_dags/tutorial_etl_dag.py
[2024-04-04 20:32:00,301] {logging_mixin.py:115} INFO - [2024-04-04 20:32:00,301] {dag.py:2379} INFO - Sync 1 DAGs
[2024-04-04 20:32:00,313] {logging_mixin.py:115} INFO - [2024-04-04 20:32:00,313] {dag.py:2927} INFO - Setting next_dagrun for tutorial_etl_dag to None, run_after=None
[2024-04-04 20:32:00,331] {processor.py:161} INFO - Processing /home/dimitri/dimitri/airflowalura/venv/lib/python3.10/site-packages/airflow/example_dags/tutorial_etl_dag.py took 0.049 seconds
[2024-04-04 20:32:32,343] {processor.py:153} INFO - Started process (PID=571023) to work on /home/dimitri/dimitri/airflowalura/venv/lib/python3.10/site-packages/airflow/example_dags/tutorial_etl_dag.py
[2024-04-04 20:32:32,346] {processor.py:641} INFO - Processing file /home/dimitri/dimitri/airflowalura/venv/lib/python3.10/site-packages/airflow/example_dags/tutorial_etl_dag.py for tasks to queue
[2024-04-04 20:32:32,346] {logging_mixin.py:115} INFO - [2024-04-04 20:32:32,346] {dagbag.py:507} INFO - Filling up the DagBag from /home/dimitri/dimitri/airflowalura/venv/lib/python3.10/site-packages/airflow/example_dags/tutorial_etl_dag.py
[2024-04-04 20:32:32,354] {processor.py:651} INFO - DAG(s) dict_keys(['tutorial_etl_dag']) retrieved from /home/dimitri/dimitri/airflowalura/venv/lib/python3.10/site-packages/airflow/example_dags/tutorial_etl_dag.py
[2024-04-04 20:32:32,370] {logging_mixin.py:115} INFO - [2024-04-04 20:32:32,370] {dag.py:2379} INFO - Sync 1 DAGs
[2024-04-04 20:32:32,389] {logging_mixin.py:115} INFO - [2024-04-04 20:32:32,389] {dag.py:2927} INFO - Setting next_dagrun for tutorial_etl_dag to None, run_after=None
[2024-04-04 20:32:32,410] {processor.py:161} INFO - Processing /home/dimitri/dimitri/airflowalura/venv/lib/python3.10/site-packages/airflow/example_dags/tutorial_etl_dag.py took 0.074 seconds
[2024-04-04 20:32:58,726] {processor.py:153} INFO - Started process (PID=571163) to work on /home/dimitri/dimitri/airflowalura/venv/lib/python3.10/site-packages/airflow/example_dags/tutorial_etl_dag.py
[2024-04-04 20:32:58,729] {processor.py:641} INFO - Processing file /home/dimitri/dimitri/airflowalura/venv/lib/python3.10/site-packages/airflow/example_dags/tutorial_etl_dag.py for tasks to queue
[2024-04-04 20:32:58,729] {logging_mixin.py:115} INFO - [2024-04-04 20:32:58,729] {dagbag.py:507} INFO - Filling up the DagBag from /home/dimitri/dimitri/airflowalura/venv/lib/python3.10/site-packages/airflow/example_dags/tutorial_etl_dag.py
[2024-04-04 20:32:58,734] {processor.py:651} INFO - DAG(s) dict_keys(['tutorial_etl_dag']) retrieved from /home/dimitri/dimitri/airflowalura/venv/lib/python3.10/site-packages/airflow/example_dags/tutorial_etl_dag.py
[2024-04-04 20:32:58,745] {logging_mixin.py:115} INFO - [2024-04-04 20:32:58,745] {dag.py:2379} INFO - Sync 1 DAGs
[2024-04-04 20:32:58,755] {logging_mixin.py:115} INFO - [2024-04-04 20:32:58,754] {dag.py:2927} INFO - Setting next_dagrun for tutorial_etl_dag to None, run_after=None
[2024-04-04 20:32:58,771] {processor.py:161} INFO - Processing /home/dimitri/dimitri/airflowalura/venv/lib/python3.10/site-packages/airflow/example_dags/tutorial_etl_dag.py took 0.047 seconds
[2024-04-04 20:33:30,958] {processor.py:153} INFO - Started process (PID=571299) to work on /home/dimitri/dimitri/airflowalura/venv/lib/python3.10/site-packages/airflow/example_dags/tutorial_etl_dag.py
[2024-04-04 20:33:30,961] {processor.py:641} INFO - Processing file /home/dimitri/dimitri/airflowalura/venv/lib/python3.10/site-packages/airflow/example_dags/tutorial_etl_dag.py for tasks to queue
[2024-04-04 20:33:30,961] {logging_mixin.py:115} INFO - [2024-04-04 20:33:30,961] {dagbag.py:507} INFO - Filling up the DagBag from /home/dimitri/dimitri/airflowalura/venv/lib/python3.10/site-packages/airflow/example_dags/tutorial_etl_dag.py
[2024-04-04 20:33:30,966] {processor.py:651} INFO - DAG(s) dict_keys(['tutorial_etl_dag']) retrieved from /home/dimitri/dimitri/airflowalura/venv/lib/python3.10/site-packages/airflow/example_dags/tutorial_etl_dag.py
[2024-04-04 20:33:30,979] {logging_mixin.py:115} INFO - [2024-04-04 20:33:30,979] {dag.py:2379} INFO - Sync 1 DAGs
[2024-04-04 20:33:30,992] {logging_mixin.py:115} INFO - [2024-04-04 20:33:30,992] {dag.py:2927} INFO - Setting next_dagrun for tutorial_etl_dag to None, run_after=None
[2024-04-04 20:33:31,010] {processor.py:161} INFO - Processing /home/dimitri/dimitri/airflowalura/venv/lib/python3.10/site-packages/airflow/example_dags/tutorial_etl_dag.py took 0.054 seconds
[2024-04-04 20:34:04,631] {processor.py:153} INFO - Started process (PID=571432) to work on /home/dimitri/dimitri/airflowalura/venv/lib/python3.10/site-packages/airflow/example_dags/tutorial_etl_dag.py
[2024-04-04 20:34:04,634] {processor.py:641} INFO - Processing file /home/dimitri/dimitri/airflowalura/venv/lib/python3.10/site-packages/airflow/example_dags/tutorial_etl_dag.py for tasks to queue
[2024-04-04 20:34:04,634] {logging_mixin.py:115} INFO - [2024-04-04 20:34:04,634] {dagbag.py:507} INFO - Filling up the DagBag from /home/dimitri/dimitri/airflowalura/venv/lib/python3.10/site-packages/airflow/example_dags/tutorial_etl_dag.py
[2024-04-04 20:34:04,638] {processor.py:651} INFO - DAG(s) dict_keys(['tutorial_etl_dag']) retrieved from /home/dimitri/dimitri/airflowalura/venv/lib/python3.10/site-packages/airflow/example_dags/tutorial_etl_dag.py
[2024-04-04 20:34:04,649] {logging_mixin.py:115} INFO - [2024-04-04 20:34:04,649] {dag.py:2379} INFO - Sync 1 DAGs
[2024-04-04 20:34:04,658] {logging_mixin.py:115} INFO - [2024-04-04 20:34:04,658] {dag.py:2927} INFO - Setting next_dagrun for tutorial_etl_dag to None, run_after=None
[2024-04-04 20:34:04,675] {processor.py:161} INFO - Processing /home/dimitri/dimitri/airflowalura/venv/lib/python3.10/site-packages/airflow/example_dags/tutorial_etl_dag.py took 0.046 seconds
[2024-04-04 20:34:38,961] {processor.py:153} INFO - Started process (PID=571562) to work on /home/dimitri/dimitri/airflowalura/venv/lib/python3.10/site-packages/airflow/example_dags/tutorial_etl_dag.py
[2024-04-04 20:34:38,964] {processor.py:641} INFO - Processing file /home/dimitri/dimitri/airflowalura/venv/lib/python3.10/site-packages/airflow/example_dags/tutorial_etl_dag.py for tasks to queue
[2024-04-04 20:34:38,964] {logging_mixin.py:115} INFO - [2024-04-04 20:34:38,964] {dagbag.py:507} INFO - Filling up the DagBag from /home/dimitri/dimitri/airflowalura/venv/lib/python3.10/site-packages/airflow/example_dags/tutorial_etl_dag.py
[2024-04-04 20:34:38,969] {processor.py:651} INFO - DAG(s) dict_keys(['tutorial_etl_dag']) retrieved from /home/dimitri/dimitri/airflowalura/venv/lib/python3.10/site-packages/airflow/example_dags/tutorial_etl_dag.py
[2024-04-04 20:34:38,980] {logging_mixin.py:115} INFO - [2024-04-04 20:34:38,980] {dag.py:2379} INFO - Sync 1 DAGs
[2024-04-04 20:34:38,989] {logging_mixin.py:115} INFO - [2024-04-04 20:34:38,989] {dag.py:2927} INFO - Setting next_dagrun for tutorial_etl_dag to None, run_after=None
[2024-04-04 20:34:39,005] {processor.py:161} INFO - Processing /home/dimitri/dimitri/airflowalura/venv/lib/python3.10/site-packages/airflow/example_dags/tutorial_etl_dag.py took 0.045 seconds
[2024-04-04 20:35:11,554] {processor.py:153} INFO - Started process (PID=571694) to work on /home/dimitri/dimitri/airflowalura/venv/lib/python3.10/site-packages/airflow/example_dags/tutorial_etl_dag.py
[2024-04-04 20:35:11,555] {processor.py:641} INFO - Processing file /home/dimitri/dimitri/airflowalura/venv/lib/python3.10/site-packages/airflow/example_dags/tutorial_etl_dag.py for tasks to queue
[2024-04-04 20:35:11,555] {logging_mixin.py:115} INFO - [2024-04-04 20:35:11,555] {dagbag.py:507} INFO - Filling up the DagBag from /home/dimitri/dimitri/airflowalura/venv/lib/python3.10/site-packages/airflow/example_dags/tutorial_etl_dag.py
[2024-04-04 20:35:11,560] {processor.py:651} INFO - DAG(s) dict_keys(['tutorial_etl_dag']) retrieved from /home/dimitri/dimitri/airflowalura/venv/lib/python3.10/site-packages/airflow/example_dags/tutorial_etl_dag.py
[2024-04-04 20:35:11,571] {logging_mixin.py:115} INFO - [2024-04-04 20:35:11,571] {dag.py:2379} INFO - Sync 1 DAGs
[2024-04-04 20:35:11,580] {logging_mixin.py:115} INFO - [2024-04-04 20:35:11,580] {dag.py:2927} INFO - Setting next_dagrun for tutorial_etl_dag to None, run_after=None
[2024-04-04 20:35:11,597] {processor.py:161} INFO - Processing /home/dimitri/dimitri/airflowalura/venv/lib/python3.10/site-packages/airflow/example_dags/tutorial_etl_dag.py took 0.045 seconds
[2024-04-04 20:35:44,083] {processor.py:153} INFO - Started process (PID=571826) to work on /home/dimitri/dimitri/airflowalura/venv/lib/python3.10/site-packages/airflow/example_dags/tutorial_etl_dag.py
[2024-04-04 20:35:44,085] {processor.py:641} INFO - Processing file /home/dimitri/dimitri/airflowalura/venv/lib/python3.10/site-packages/airflow/example_dags/tutorial_etl_dag.py for tasks to queue
[2024-04-04 20:35:44,086] {logging_mixin.py:115} INFO - [2024-04-04 20:35:44,086] {dagbag.py:507} INFO - Filling up the DagBag from /home/dimitri/dimitri/airflowalura/venv/lib/python3.10/site-packages/airflow/example_dags/tutorial_etl_dag.py
[2024-04-04 20:35:44,090] {processor.py:651} INFO - DAG(s) dict_keys(['tutorial_etl_dag']) retrieved from /home/dimitri/dimitri/airflowalura/venv/lib/python3.10/site-packages/airflow/example_dags/tutorial_etl_dag.py
[2024-04-04 20:35:44,104] {logging_mixin.py:115} INFO - [2024-04-04 20:35:44,104] {dag.py:2379} INFO - Sync 1 DAGs
[2024-04-04 20:35:44,115] {logging_mixin.py:115} INFO - [2024-04-04 20:35:44,115] {dag.py:2927} INFO - Setting next_dagrun for tutorial_etl_dag to None, run_after=None
[2024-04-04 20:35:44,131] {processor.py:161} INFO - Processing /home/dimitri/dimitri/airflowalura/venv/lib/python3.10/site-packages/airflow/example_dags/tutorial_etl_dag.py took 0.050 seconds
[2024-04-04 20:36:27,842] {processor.py:153} INFO - Started process (PID=572009) to work on /home/dimitri/dimitri/airflowalura/venv/lib/python3.10/site-packages/airflow/example_dags/tutorial_etl_dag.py
[2024-04-04 20:36:27,845] {processor.py:641} INFO - Processing file /home/dimitri/dimitri/airflowalura/venv/lib/python3.10/site-packages/airflow/example_dags/tutorial_etl_dag.py for tasks to queue
[2024-04-04 20:36:27,845] {logging_mixin.py:115} INFO - [2024-04-04 20:36:27,845] {dagbag.py:507} INFO - Filling up the DagBag from /home/dimitri/dimitri/airflowalura/venv/lib/python3.10/site-packages/airflow/example_dags/tutorial_etl_dag.py
[2024-04-04 20:36:27,849] {processor.py:651} INFO - DAG(s) dict_keys(['tutorial_etl_dag']) retrieved from /home/dimitri/dimitri/airflowalura/venv/lib/python3.10/site-packages/airflow/example_dags/tutorial_etl_dag.py
[2024-04-04 20:36:27,863] {logging_mixin.py:115} INFO - [2024-04-04 20:36:27,863] {dag.py:2379} INFO - Sync 1 DAGs
[2024-04-04 20:36:27,873] {logging_mixin.py:115} INFO - [2024-04-04 20:36:27,873] {dag.py:2927} INFO - Setting next_dagrun for tutorial_etl_dag to None, run_after=None
[2024-04-04 20:36:27,889] {processor.py:161} INFO - Processing /home/dimitri/dimitri/airflowalura/venv/lib/python3.10/site-packages/airflow/example_dags/tutorial_etl_dag.py took 0.049 seconds
[2024-04-04 20:37:00,854] {processor.py:153} INFO - Started process (PID=572143) to work on /home/dimitri/dimitri/airflowalura/venv/lib/python3.10/site-packages/airflow/example_dags/tutorial_etl_dag.py
[2024-04-04 20:37:00,856] {processor.py:641} INFO - Processing file /home/dimitri/dimitri/airflowalura/venv/lib/python3.10/site-packages/airflow/example_dags/tutorial_etl_dag.py for tasks to queue
[2024-04-04 20:37:00,857] {logging_mixin.py:115} INFO - [2024-04-04 20:37:00,857] {dagbag.py:507} INFO - Filling up the DagBag from /home/dimitri/dimitri/airflowalura/venv/lib/python3.10/site-packages/airflow/example_dags/tutorial_etl_dag.py
[2024-04-04 20:37:00,861] {processor.py:651} INFO - DAG(s) dict_keys(['tutorial_etl_dag']) retrieved from /home/dimitri/dimitri/airflowalura/venv/lib/python3.10/site-packages/airflow/example_dags/tutorial_etl_dag.py
[2024-04-04 20:37:00,872] {logging_mixin.py:115} INFO - [2024-04-04 20:37:00,872] {dag.py:2379} INFO - Sync 1 DAGs
[2024-04-04 20:37:00,881] {logging_mixin.py:115} INFO - [2024-04-04 20:37:00,881] {dag.py:2927} INFO - Setting next_dagrun for tutorial_etl_dag to None, run_after=None
[2024-04-04 20:37:00,899] {processor.py:161} INFO - Processing /home/dimitri/dimitri/airflowalura/venv/lib/python3.10/site-packages/airflow/example_dags/tutorial_etl_dag.py took 0.047 seconds
[2024-04-04 20:37:36,935] {processor.py:153} INFO - Started process (PID=572280) to work on /home/dimitri/dimitri/airflowalura/venv/lib/python3.10/site-packages/airflow/example_dags/tutorial_etl_dag.py
[2024-04-04 20:37:36,938] {processor.py:641} INFO - Processing file /home/dimitri/dimitri/airflowalura/venv/lib/python3.10/site-packages/airflow/example_dags/tutorial_etl_dag.py for tasks to queue
[2024-04-04 20:37:36,938] {logging_mixin.py:115} INFO - [2024-04-04 20:37:36,938] {dagbag.py:507} INFO - Filling up the DagBag from /home/dimitri/dimitri/airflowalura/venv/lib/python3.10/site-packages/airflow/example_dags/tutorial_etl_dag.py
[2024-04-04 20:37:36,943] {processor.py:651} INFO - DAG(s) dict_keys(['tutorial_etl_dag']) retrieved from /home/dimitri/dimitri/airflowalura/venv/lib/python3.10/site-packages/airflow/example_dags/tutorial_etl_dag.py
[2024-04-04 20:37:36,954] {logging_mixin.py:115} INFO - [2024-04-04 20:37:36,954] {dag.py:2379} INFO - Sync 1 DAGs
[2024-04-04 20:37:36,965] {logging_mixin.py:115} INFO - [2024-04-04 20:37:36,964] {dag.py:2927} INFO - Setting next_dagrun for tutorial_etl_dag to None, run_after=None
[2024-04-04 20:37:36,981] {processor.py:161} INFO - Processing /home/dimitri/dimitri/airflowalura/venv/lib/python3.10/site-packages/airflow/example_dags/tutorial_etl_dag.py took 0.048 seconds
[2024-04-04 20:38:09,561] {processor.py:153} INFO - Started process (PID=572413) to work on /home/dimitri/dimitri/airflowalura/venv/lib/python3.10/site-packages/airflow/example_dags/tutorial_etl_dag.py
[2024-04-04 20:38:09,564] {processor.py:641} INFO - Processing file /home/dimitri/dimitri/airflowalura/venv/lib/python3.10/site-packages/airflow/example_dags/tutorial_etl_dag.py for tasks to queue
[2024-04-04 20:38:09,564] {logging_mixin.py:115} INFO - [2024-04-04 20:38:09,564] {dagbag.py:507} INFO - Filling up the DagBag from /home/dimitri/dimitri/airflowalura/venv/lib/python3.10/site-packages/airflow/example_dags/tutorial_etl_dag.py
[2024-04-04 20:38:09,572] {processor.py:651} INFO - DAG(s) dict_keys(['tutorial_etl_dag']) retrieved from /home/dimitri/dimitri/airflowalura/venv/lib/python3.10/site-packages/airflow/example_dags/tutorial_etl_dag.py
[2024-04-04 20:38:09,585] {logging_mixin.py:115} INFO - [2024-04-04 20:38:09,585] {dag.py:2379} INFO - Sync 1 DAGs
[2024-04-04 20:38:09,596] {logging_mixin.py:115} INFO - [2024-04-04 20:38:09,596] {dag.py:2927} INFO - Setting next_dagrun for tutorial_etl_dag to None, run_after=None
[2024-04-04 20:38:09,612] {processor.py:161} INFO - Processing /home/dimitri/dimitri/airflowalura/venv/lib/python3.10/site-packages/airflow/example_dags/tutorial_etl_dag.py took 0.052 seconds
[2024-04-04 20:38:43,295] {processor.py:153} INFO - Started process (PID=572546) to work on /home/dimitri/dimitri/airflowalura/venv/lib/python3.10/site-packages/airflow/example_dags/tutorial_etl_dag.py
[2024-04-04 20:38:43,299] {processor.py:641} INFO - Processing file /home/dimitri/dimitri/airflowalura/venv/lib/python3.10/site-packages/airflow/example_dags/tutorial_etl_dag.py for tasks to queue
[2024-04-04 20:38:43,300] {logging_mixin.py:115} INFO - [2024-04-04 20:38:43,300] {dagbag.py:507} INFO - Filling up the DagBag from /home/dimitri/dimitri/airflowalura/venv/lib/python3.10/site-packages/airflow/example_dags/tutorial_etl_dag.py
[2024-04-04 20:38:43,307] {processor.py:651} INFO - DAG(s) dict_keys(['tutorial_etl_dag']) retrieved from /home/dimitri/dimitri/airflowalura/venv/lib/python3.10/site-packages/airflow/example_dags/tutorial_etl_dag.py
[2024-04-04 20:38:43,318] {logging_mixin.py:115} INFO - [2024-04-04 20:38:43,318] {dag.py:2379} INFO - Sync 1 DAGs
[2024-04-04 20:38:43,327] {logging_mixin.py:115} INFO - [2024-04-04 20:38:43,327] {dag.py:2927} INFO - Setting next_dagrun for tutorial_etl_dag to None, run_after=None
[2024-04-04 20:38:43,342] {processor.py:161} INFO - Processing /home/dimitri/dimitri/airflowalura/venv/lib/python3.10/site-packages/airflow/example_dags/tutorial_etl_dag.py took 0.050 seconds
[2024-04-04 20:39:18,452] {processor.py:153} INFO - Started process (PID=572684) to work on /home/dimitri/dimitri/airflowalura/venv/lib/python3.10/site-packages/airflow/example_dags/tutorial_etl_dag.py
[2024-04-04 20:39:18,455] {processor.py:641} INFO - Processing file /home/dimitri/dimitri/airflowalura/venv/lib/python3.10/site-packages/airflow/example_dags/tutorial_etl_dag.py for tasks to queue
[2024-04-04 20:39:18,455] {logging_mixin.py:115} INFO - [2024-04-04 20:39:18,455] {dagbag.py:507} INFO - Filling up the DagBag from /home/dimitri/dimitri/airflowalura/venv/lib/python3.10/site-packages/airflow/example_dags/tutorial_etl_dag.py
[2024-04-04 20:39:18,460] {processor.py:651} INFO - DAG(s) dict_keys(['tutorial_etl_dag']) retrieved from /home/dimitri/dimitri/airflowalura/venv/lib/python3.10/site-packages/airflow/example_dags/tutorial_etl_dag.py
[2024-04-04 20:39:18,482] {logging_mixin.py:115} INFO - [2024-04-04 20:39:18,482] {dag.py:2379} INFO - Sync 1 DAGs
[2024-04-04 20:39:18,493] {logging_mixin.py:115} INFO - [2024-04-04 20:39:18,493] {dag.py:2927} INFO - Setting next_dagrun for tutorial_etl_dag to None, run_after=None
[2024-04-04 20:39:18,512] {processor.py:161} INFO - Processing /home/dimitri/dimitri/airflowalura/venv/lib/python3.10/site-packages/airflow/example_dags/tutorial_etl_dag.py took 0.064 seconds
[2024-04-04 20:39:50,997] {processor.py:153} INFO - Started process (PID=572809) to work on /home/dimitri/dimitri/airflowalura/venv/lib/python3.10/site-packages/airflow/example_dags/tutorial_etl_dag.py
[2024-04-04 20:39:51,000] {processor.py:641} INFO - Processing file /home/dimitri/dimitri/airflowalura/venv/lib/python3.10/site-packages/airflow/example_dags/tutorial_etl_dag.py for tasks to queue
[2024-04-04 20:39:51,001] {logging_mixin.py:115} INFO - [2024-04-04 20:39:51,001] {dagbag.py:507} INFO - Filling up the DagBag from /home/dimitri/dimitri/airflowalura/venv/lib/python3.10/site-packages/airflow/example_dags/tutorial_etl_dag.py
[2024-04-04 20:39:51,005] {processor.py:651} INFO - DAG(s) dict_keys(['tutorial_etl_dag']) retrieved from /home/dimitri/dimitri/airflowalura/venv/lib/python3.10/site-packages/airflow/example_dags/tutorial_etl_dag.py
[2024-04-04 20:39:51,017] {logging_mixin.py:115} INFO - [2024-04-04 20:39:51,017] {dag.py:2379} INFO - Sync 1 DAGs
[2024-04-04 20:39:51,030] {logging_mixin.py:115} INFO - [2024-04-04 20:39:51,028] {dag.py:2927} INFO - Setting next_dagrun for tutorial_etl_dag to None, run_after=None
[2024-04-04 20:39:51,049] {processor.py:161} INFO - Processing /home/dimitri/dimitri/airflowalura/venv/lib/python3.10/site-packages/airflow/example_dags/tutorial_etl_dag.py took 0.053 seconds
[2024-04-04 20:40:26,012] {processor.py:153} INFO - Started process (PID=572948) to work on /home/dimitri/dimitri/airflowalura/venv/lib/python3.10/site-packages/airflow/example_dags/tutorial_etl_dag.py
[2024-04-04 20:40:26,013] {processor.py:641} INFO - Processing file /home/dimitri/dimitri/airflowalura/venv/lib/python3.10/site-packages/airflow/example_dags/tutorial_etl_dag.py for tasks to queue
[2024-04-04 20:40:26,014] {logging_mixin.py:115} INFO - [2024-04-04 20:40:26,014] {dagbag.py:507} INFO - Filling up the DagBag from /home/dimitri/dimitri/airflowalura/venv/lib/python3.10/site-packages/airflow/example_dags/tutorial_etl_dag.py
[2024-04-04 20:40:26,020] {processor.py:651} INFO - DAG(s) dict_keys(['tutorial_etl_dag']) retrieved from /home/dimitri/dimitri/airflowalura/venv/lib/python3.10/site-packages/airflow/example_dags/tutorial_etl_dag.py
[2024-04-04 20:40:26,038] {logging_mixin.py:115} INFO - [2024-04-04 20:40:26,038] {dag.py:2379} INFO - Sync 1 DAGs
[2024-04-04 20:40:26,056] {logging_mixin.py:115} INFO - [2024-04-04 20:40:26,056] {dag.py:2927} INFO - Setting next_dagrun for tutorial_etl_dag to None, run_after=None
[2024-04-04 20:40:26,075] {processor.py:161} INFO - Processing /home/dimitri/dimitri/airflowalura/venv/lib/python3.10/site-packages/airflow/example_dags/tutorial_etl_dag.py took 0.065 seconds
[2024-04-04 20:41:15,208] {processor.py:153} INFO - Started process (PID=573156) to work on /home/dimitri/dimitri/airflowalura/venv/lib/python3.10/site-packages/airflow/example_dags/tutorial_etl_dag.py
[2024-04-04 20:41:15,211] {processor.py:641} INFO - Processing file /home/dimitri/dimitri/airflowalura/venv/lib/python3.10/site-packages/airflow/example_dags/tutorial_etl_dag.py for tasks to queue
[2024-04-04 20:41:15,211] {logging_mixin.py:115} INFO - [2024-04-04 20:41:15,211] {dagbag.py:507} INFO - Filling up the DagBag from /home/dimitri/dimitri/airflowalura/venv/lib/python3.10/site-packages/airflow/example_dags/tutorial_etl_dag.py
[2024-04-04 20:41:15,215] {processor.py:651} INFO - DAG(s) dict_keys(['tutorial_etl_dag']) retrieved from /home/dimitri/dimitri/airflowalura/venv/lib/python3.10/site-packages/airflow/example_dags/tutorial_etl_dag.py
[2024-04-04 20:41:15,228] {logging_mixin.py:115} INFO - [2024-04-04 20:41:15,228] {dag.py:2379} INFO - Sync 1 DAGs
[2024-04-04 20:41:15,239] {logging_mixin.py:115} INFO - [2024-04-04 20:41:15,239] {dag.py:2927} INFO - Setting next_dagrun for tutorial_etl_dag to None, run_after=None
[2024-04-04 20:41:15,256] {processor.py:161} INFO - Processing /home/dimitri/dimitri/airflowalura/venv/lib/python3.10/site-packages/airflow/example_dags/tutorial_etl_dag.py took 0.050 seconds
[2024-04-04 20:41:50,543] {processor.py:153} INFO - Started process (PID=573302) to work on /home/dimitri/dimitri/airflowalura/venv/lib/python3.10/site-packages/airflow/example_dags/tutorial_etl_dag.py
[2024-04-04 20:41:50,546] {processor.py:641} INFO - Processing file /home/dimitri/dimitri/airflowalura/venv/lib/python3.10/site-packages/airflow/example_dags/tutorial_etl_dag.py for tasks to queue
[2024-04-04 20:41:50,546] {logging_mixin.py:115} INFO - [2024-04-04 20:41:50,546] {dagbag.py:507} INFO - Filling up the DagBag from /home/dimitri/dimitri/airflowalura/venv/lib/python3.10/site-packages/airflow/example_dags/tutorial_etl_dag.py
[2024-04-04 20:41:50,550] {processor.py:651} INFO - DAG(s) dict_keys(['tutorial_etl_dag']) retrieved from /home/dimitri/dimitri/airflowalura/venv/lib/python3.10/site-packages/airflow/example_dags/tutorial_etl_dag.py
[2024-04-04 20:41:50,563] {logging_mixin.py:115} INFO - [2024-04-04 20:41:50,562] {dag.py:2379} INFO - Sync 1 DAGs
[2024-04-04 20:41:50,572] {logging_mixin.py:115} INFO - [2024-04-04 20:41:50,572] {dag.py:2927} INFO - Setting next_dagrun for tutorial_etl_dag to None, run_after=None
[2024-04-04 20:41:50,590] {processor.py:161} INFO - Processing /home/dimitri/dimitri/airflowalura/venv/lib/python3.10/site-packages/airflow/example_dags/tutorial_etl_dag.py took 0.049 seconds
[2024-04-04 20:42:24,688] {processor.py:153} INFO - Started process (PID=573433) to work on /home/dimitri/dimitri/airflowalura/venv/lib/python3.10/site-packages/airflow/example_dags/tutorial_etl_dag.py
[2024-04-04 20:42:24,690] {processor.py:641} INFO - Processing file /home/dimitri/dimitri/airflowalura/venv/lib/python3.10/site-packages/airflow/example_dags/tutorial_etl_dag.py for tasks to queue
[2024-04-04 20:42:24,691] {logging_mixin.py:115} INFO - [2024-04-04 20:42:24,691] {dagbag.py:507} INFO - Filling up the DagBag from /home/dimitri/dimitri/airflowalura/venv/lib/python3.10/site-packages/airflow/example_dags/tutorial_etl_dag.py
[2024-04-04 20:42:24,695] {processor.py:651} INFO - DAG(s) dict_keys(['tutorial_etl_dag']) retrieved from /home/dimitri/dimitri/airflowalura/venv/lib/python3.10/site-packages/airflow/example_dags/tutorial_etl_dag.py
[2024-04-04 20:42:24,708] {logging_mixin.py:115} INFO - [2024-04-04 20:42:24,708] {dag.py:2379} INFO - Sync 1 DAGs
[2024-04-04 20:42:24,719] {logging_mixin.py:115} INFO - [2024-04-04 20:42:24,719] {dag.py:2927} INFO - Setting next_dagrun for tutorial_etl_dag to None, run_after=None
[2024-04-04 20:42:24,735] {processor.py:161} INFO - Processing /home/dimitri/dimitri/airflowalura/venv/lib/python3.10/site-packages/airflow/example_dags/tutorial_etl_dag.py took 0.050 seconds
[2024-04-04 20:43:00,012] {processor.py:153} INFO - Started process (PID=573572) to work on /home/dimitri/dimitri/airflowalura/venv/lib/python3.10/site-packages/airflow/example_dags/tutorial_etl_dag.py
[2024-04-04 20:43:00,014] {processor.py:641} INFO - Processing file /home/dimitri/dimitri/airflowalura/venv/lib/python3.10/site-packages/airflow/example_dags/tutorial_etl_dag.py for tasks to queue
[2024-04-04 20:43:00,014] {logging_mixin.py:115} INFO - [2024-04-04 20:43:00,014] {dagbag.py:507} INFO - Filling up the DagBag from /home/dimitri/dimitri/airflowalura/venv/lib/python3.10/site-packages/airflow/example_dags/tutorial_etl_dag.py
[2024-04-04 20:43:00,019] {processor.py:651} INFO - DAG(s) dict_keys(['tutorial_etl_dag']) retrieved from /home/dimitri/dimitri/airflowalura/venv/lib/python3.10/site-packages/airflow/example_dags/tutorial_etl_dag.py
[2024-04-04 20:43:00,031] {logging_mixin.py:115} INFO - [2024-04-04 20:43:00,031] {dag.py:2379} INFO - Sync 1 DAGs
[2024-04-04 20:43:00,044] {logging_mixin.py:115} INFO - [2024-04-04 20:43:00,044] {dag.py:2927} INFO - Setting next_dagrun for tutorial_etl_dag to None, run_after=None
[2024-04-04 20:43:00,061] {processor.py:161} INFO - Processing /home/dimitri/dimitri/airflowalura/venv/lib/python3.10/site-packages/airflow/example_dags/tutorial_etl_dag.py took 0.051 seconds
[2024-04-04 20:43:34,763] {processor.py:153} INFO - Started process (PID=573711) to work on /home/dimitri/dimitri/airflowalura/venv/lib/python3.10/site-packages/airflow/example_dags/tutorial_etl_dag.py
[2024-04-04 20:43:34,766] {processor.py:641} INFO - Processing file /home/dimitri/dimitri/airflowalura/venv/lib/python3.10/site-packages/airflow/example_dags/tutorial_etl_dag.py for tasks to queue
[2024-04-04 20:43:34,766] {logging_mixin.py:115} INFO - [2024-04-04 20:43:34,766] {dagbag.py:507} INFO - Filling up the DagBag from /home/dimitri/dimitri/airflowalura/venv/lib/python3.10/site-packages/airflow/example_dags/tutorial_etl_dag.py
[2024-04-04 20:43:34,771] {processor.py:651} INFO - DAG(s) dict_keys(['tutorial_etl_dag']) retrieved from /home/dimitri/dimitri/airflowalura/venv/lib/python3.10/site-packages/airflow/example_dags/tutorial_etl_dag.py
[2024-04-04 20:43:34,784] {logging_mixin.py:115} INFO - [2024-04-04 20:43:34,784] {dag.py:2379} INFO - Sync 1 DAGs
[2024-04-04 20:43:34,796] {logging_mixin.py:115} INFO - [2024-04-04 20:43:34,796] {dag.py:2927} INFO - Setting next_dagrun for tutorial_etl_dag to None, run_after=None
[2024-04-04 20:43:34,812] {processor.py:161} INFO - Processing /home/dimitri/dimitri/airflowalura/venv/lib/python3.10/site-packages/airflow/example_dags/tutorial_etl_dag.py took 0.051 seconds
[2024-04-04 20:44:10,999] {processor.py:153} INFO - Started process (PID=573848) to work on /home/dimitri/dimitri/airflowalura/venv/lib/python3.10/site-packages/airflow/example_dags/tutorial_etl_dag.py
[2024-04-04 20:44:11,001] {processor.py:641} INFO - Processing file /home/dimitri/dimitri/airflowalura/venv/lib/python3.10/site-packages/airflow/example_dags/tutorial_etl_dag.py for tasks to queue
[2024-04-04 20:44:11,002] {logging_mixin.py:115} INFO - [2024-04-04 20:44:11,002] {dagbag.py:507} INFO - Filling up the DagBag from /home/dimitri/dimitri/airflowalura/venv/lib/python3.10/site-packages/airflow/example_dags/tutorial_etl_dag.py
[2024-04-04 20:44:11,006] {processor.py:651} INFO - DAG(s) dict_keys(['tutorial_etl_dag']) retrieved from /home/dimitri/dimitri/airflowalura/venv/lib/python3.10/site-packages/airflow/example_dags/tutorial_etl_dag.py
[2024-04-04 20:44:11,018] {logging_mixin.py:115} INFO - [2024-04-04 20:44:11,018] {dag.py:2379} INFO - Sync 1 DAGs
[2024-04-04 20:44:11,028] {logging_mixin.py:115} INFO - [2024-04-04 20:44:11,028] {dag.py:2927} INFO - Setting next_dagrun for tutorial_etl_dag to None, run_after=None
[2024-04-04 20:44:11,045] {processor.py:161} INFO - Processing /home/dimitri/dimitri/airflowalura/venv/lib/python3.10/site-packages/airflow/example_dags/tutorial_etl_dag.py took 0.049 seconds
[2024-04-04 20:44:44,270] {processor.py:153} INFO - Started process (PID=573979) to work on /home/dimitri/dimitri/airflowalura/venv/lib/python3.10/site-packages/airflow/example_dags/tutorial_etl_dag.py
[2024-04-04 20:44:44,270] {processor.py:641} INFO - Processing file /home/dimitri/dimitri/airflowalura/venv/lib/python3.10/site-packages/airflow/example_dags/tutorial_etl_dag.py for tasks to queue
[2024-04-04 20:44:44,271] {logging_mixin.py:115} INFO - [2024-04-04 20:44:44,271] {dagbag.py:507} INFO - Filling up the DagBag from /home/dimitri/dimitri/airflowalura/venv/lib/python3.10/site-packages/airflow/example_dags/tutorial_etl_dag.py
[2024-04-04 20:44:44,275] {processor.py:651} INFO - DAG(s) dict_keys(['tutorial_etl_dag']) retrieved from /home/dimitri/dimitri/airflowalura/venv/lib/python3.10/site-packages/airflow/example_dags/tutorial_etl_dag.py
[2024-04-04 20:44:44,288] {logging_mixin.py:115} INFO - [2024-04-04 20:44:44,288] {dag.py:2379} INFO - Sync 1 DAGs
[2024-04-04 20:44:44,298] {logging_mixin.py:115} INFO - [2024-04-04 20:44:44,298] {dag.py:2927} INFO - Setting next_dagrun for tutorial_etl_dag to None, run_after=None
[2024-04-04 20:44:44,313] {processor.py:161} INFO - Processing /home/dimitri/dimitri/airflowalura/venv/lib/python3.10/site-packages/airflow/example_dags/tutorial_etl_dag.py took 0.046 seconds
[2024-04-04 20:45:19,304] {processor.py:153} INFO - Started process (PID=574118) to work on /home/dimitri/dimitri/airflowalura/venv/lib/python3.10/site-packages/airflow/example_dags/tutorial_etl_dag.py
[2024-04-04 20:45:19,305] {processor.py:641} INFO - Processing file /home/dimitri/dimitri/airflowalura/venv/lib/python3.10/site-packages/airflow/example_dags/tutorial_etl_dag.py for tasks to queue
[2024-04-04 20:45:19,305] {logging_mixin.py:115} INFO - [2024-04-04 20:45:19,305] {dagbag.py:507} INFO - Filling up the DagBag from /home/dimitri/dimitri/airflowalura/venv/lib/python3.10/site-packages/airflow/example_dags/tutorial_etl_dag.py
[2024-04-04 20:45:19,310] {processor.py:651} INFO - DAG(s) dict_keys(['tutorial_etl_dag']) retrieved from /home/dimitri/dimitri/airflowalura/venv/lib/python3.10/site-packages/airflow/example_dags/tutorial_etl_dag.py
[2024-04-04 20:45:19,323] {logging_mixin.py:115} INFO - [2024-04-04 20:45:19,323] {dag.py:2379} INFO - Sync 1 DAGs
[2024-04-04 20:45:19,332] {logging_mixin.py:115} INFO - [2024-04-04 20:45:19,332] {dag.py:2927} INFO - Setting next_dagrun for tutorial_etl_dag to None, run_after=None
[2024-04-04 20:45:19,348] {processor.py:161} INFO - Processing /home/dimitri/dimitri/airflowalura/venv/lib/python3.10/site-packages/airflow/example_dags/tutorial_etl_dag.py took 0.046 seconds
[2024-04-04 20:45:54,251] {processor.py:153} INFO - Started process (PID=574255) to work on /home/dimitri/dimitri/airflowalura/venv/lib/python3.10/site-packages/airflow/example_dags/tutorial_etl_dag.py
[2024-04-04 20:45:54,254] {processor.py:641} INFO - Processing file /home/dimitri/dimitri/airflowalura/venv/lib/python3.10/site-packages/airflow/example_dags/tutorial_etl_dag.py for tasks to queue
[2024-04-04 20:45:54,254] {logging_mixin.py:115} INFO - [2024-04-04 20:45:54,254] {dagbag.py:507} INFO - Filling up the DagBag from /home/dimitri/dimitri/airflowalura/venv/lib/python3.10/site-packages/airflow/example_dags/tutorial_etl_dag.py
[2024-04-04 20:45:54,259] {processor.py:651} INFO - DAG(s) dict_keys(['tutorial_etl_dag']) retrieved from /home/dimitri/dimitri/airflowalura/venv/lib/python3.10/site-packages/airflow/example_dags/tutorial_etl_dag.py
[2024-04-04 20:45:54,270] {logging_mixin.py:115} INFO - [2024-04-04 20:45:54,270] {dag.py:2379} INFO - Sync 1 DAGs
[2024-04-04 20:45:54,280] {logging_mixin.py:115} INFO - [2024-04-04 20:45:54,280] {dag.py:2927} INFO - Setting next_dagrun for tutorial_etl_dag to None, run_after=None
[2024-04-04 20:45:54,296] {processor.py:161} INFO - Processing /home/dimitri/dimitri/airflowalura/venv/lib/python3.10/site-packages/airflow/example_dags/tutorial_etl_dag.py took 0.049 seconds
[2024-04-04 20:46:32,192] {processor.py:153} INFO - Started process (PID=574405) to work on /home/dimitri/dimitri/airflowalura/venv/lib/python3.10/site-packages/airflow/example_dags/tutorial_etl_dag.py
[2024-04-04 20:46:32,194] {processor.py:641} INFO - Processing file /home/dimitri/dimitri/airflowalura/venv/lib/python3.10/site-packages/airflow/example_dags/tutorial_etl_dag.py for tasks to queue
[2024-04-04 20:46:32,195] {logging_mixin.py:115} INFO - [2024-04-04 20:46:32,195] {dagbag.py:507} INFO - Filling up the DagBag from /home/dimitri/dimitri/airflowalura/venv/lib/python3.10/site-packages/airflow/example_dags/tutorial_etl_dag.py
[2024-04-04 20:46:32,199] {processor.py:651} INFO - DAG(s) dict_keys(['tutorial_etl_dag']) retrieved from /home/dimitri/dimitri/airflowalura/venv/lib/python3.10/site-packages/airflow/example_dags/tutorial_etl_dag.py
[2024-04-04 20:46:32,214] {logging_mixin.py:115} INFO - [2024-04-04 20:46:32,214] {dag.py:2379} INFO - Sync 1 DAGs
[2024-04-04 20:46:32,224] {logging_mixin.py:115} INFO - [2024-04-04 20:46:32,224] {dag.py:2927} INFO - Setting next_dagrun for tutorial_etl_dag to None, run_after=None
[2024-04-04 20:46:32,241] {processor.py:161} INFO - Processing /home/dimitri/dimitri/airflowalura/venv/lib/python3.10/site-packages/airflow/example_dags/tutorial_etl_dag.py took 0.051 seconds
[2024-04-04 20:47:04,966] {processor.py:153} INFO - Started process (PID=574549) to work on /home/dimitri/dimitri/airflowalura/venv/lib/python3.10/site-packages/airflow/example_dags/tutorial_etl_dag.py
[2024-04-04 20:47:04,969] {processor.py:641} INFO - Processing file /home/dimitri/dimitri/airflowalura/venv/lib/python3.10/site-packages/airflow/example_dags/tutorial_etl_dag.py for tasks to queue
[2024-04-04 20:47:04,969] {logging_mixin.py:115} INFO - [2024-04-04 20:47:04,969] {dagbag.py:507} INFO - Filling up the DagBag from /home/dimitri/dimitri/airflowalura/venv/lib/python3.10/site-packages/airflow/example_dags/tutorial_etl_dag.py
[2024-04-04 20:47:04,974] {processor.py:651} INFO - DAG(s) dict_keys(['tutorial_etl_dag']) retrieved from /home/dimitri/dimitri/airflowalura/venv/lib/python3.10/site-packages/airflow/example_dags/tutorial_etl_dag.py
[2024-04-04 20:47:04,987] {logging_mixin.py:115} INFO - [2024-04-04 20:47:04,987] {dag.py:2379} INFO - Sync 1 DAGs
[2024-04-04 20:47:04,997] {logging_mixin.py:115} INFO - [2024-04-04 20:47:04,997] {dag.py:2927} INFO - Setting next_dagrun for tutorial_etl_dag to None, run_after=None
[2024-04-04 20:47:05,018] {processor.py:161} INFO - Processing /home/dimitri/dimitri/airflowalura/venv/lib/python3.10/site-packages/airflow/example_dags/tutorial_etl_dag.py took 0.054 seconds
[2024-04-04 20:47:40,940] {processor.py:153} INFO - Started process (PID=574688) to work on /home/dimitri/dimitri/airflowalura/venv/lib/python3.10/site-packages/airflow/example_dags/tutorial_etl_dag.py
[2024-04-04 20:47:40,943] {processor.py:641} INFO - Processing file /home/dimitri/dimitri/airflowalura/venv/lib/python3.10/site-packages/airflow/example_dags/tutorial_etl_dag.py for tasks to queue
[2024-04-04 20:47:40,943] {logging_mixin.py:115} INFO - [2024-04-04 20:47:40,943] {dagbag.py:507} INFO - Filling up the DagBag from /home/dimitri/dimitri/airflowalura/venv/lib/python3.10/site-packages/airflow/example_dags/tutorial_etl_dag.py
[2024-04-04 20:47:40,948] {processor.py:651} INFO - DAG(s) dict_keys(['tutorial_etl_dag']) retrieved from /home/dimitri/dimitri/airflowalura/venv/lib/python3.10/site-packages/airflow/example_dags/tutorial_etl_dag.py
[2024-04-04 20:47:40,960] {logging_mixin.py:115} INFO - [2024-04-04 20:47:40,960] {dag.py:2379} INFO - Sync 1 DAGs
[2024-04-04 20:47:40,970] {logging_mixin.py:115} INFO - [2024-04-04 20:47:40,970] {dag.py:2927} INFO - Setting next_dagrun for tutorial_etl_dag to None, run_after=None
[2024-04-04 20:47:40,988] {processor.py:161} INFO - Processing /home/dimitri/dimitri/airflowalura/venv/lib/python3.10/site-packages/airflow/example_dags/tutorial_etl_dag.py took 0.050 seconds
[2024-04-04 20:48:13,531] {processor.py:153} INFO - Started process (PID=574821) to work on /home/dimitri/dimitri/airflowalura/venv/lib/python3.10/site-packages/airflow/example_dags/tutorial_etl_dag.py
[2024-04-04 20:48:13,532] {processor.py:641} INFO - Processing file /home/dimitri/dimitri/airflowalura/venv/lib/python3.10/site-packages/airflow/example_dags/tutorial_etl_dag.py for tasks to queue
[2024-04-04 20:48:13,533] {logging_mixin.py:115} INFO - [2024-04-04 20:48:13,532] {dagbag.py:507} INFO - Filling up the DagBag from /home/dimitri/dimitri/airflowalura/venv/lib/python3.10/site-packages/airflow/example_dags/tutorial_etl_dag.py
[2024-04-04 20:48:13,538] {processor.py:651} INFO - DAG(s) dict_keys(['tutorial_etl_dag']) retrieved from /home/dimitri/dimitri/airflowalura/venv/lib/python3.10/site-packages/airflow/example_dags/tutorial_etl_dag.py
[2024-04-04 20:48:13,549] {logging_mixin.py:115} INFO - [2024-04-04 20:48:13,549] {dag.py:2379} INFO - Sync 1 DAGs
[2024-04-04 20:48:13,560] {logging_mixin.py:115} INFO - [2024-04-04 20:48:13,560] {dag.py:2927} INFO - Setting next_dagrun for tutorial_etl_dag to None, run_after=None
[2024-04-04 20:48:13,577] {processor.py:161} INFO - Processing /home/dimitri/dimitri/airflowalura/venv/lib/python3.10/site-packages/airflow/example_dags/tutorial_etl_dag.py took 0.048 seconds
[2024-04-04 20:48:48,384] {processor.py:153} INFO - Started process (PID=574955) to work on /home/dimitri/dimitri/airflowalura/venv/lib/python3.10/site-packages/airflow/example_dags/tutorial_etl_dag.py
[2024-04-04 20:48:48,387] {processor.py:641} INFO - Processing file /home/dimitri/dimitri/airflowalura/venv/lib/python3.10/site-packages/airflow/example_dags/tutorial_etl_dag.py for tasks to queue
[2024-04-04 20:48:48,387] {logging_mixin.py:115} INFO - [2024-04-04 20:48:48,387] {dagbag.py:507} INFO - Filling up the DagBag from /home/dimitri/dimitri/airflowalura/venv/lib/python3.10/site-packages/airflow/example_dags/tutorial_etl_dag.py
[2024-04-04 20:48:48,391] {processor.py:651} INFO - DAG(s) dict_keys(['tutorial_etl_dag']) retrieved from /home/dimitri/dimitri/airflowalura/venv/lib/python3.10/site-packages/airflow/example_dags/tutorial_etl_dag.py
[2024-04-04 20:48:48,402] {logging_mixin.py:115} INFO - [2024-04-04 20:48:48,402] {dag.py:2379} INFO - Sync 1 DAGs
[2024-04-04 20:48:48,411] {logging_mixin.py:115} INFO - [2024-04-04 20:48:48,411] {dag.py:2927} INFO - Setting next_dagrun for tutorial_etl_dag to None, run_after=None
[2024-04-04 20:48:48,429] {processor.py:161} INFO - Processing /home/dimitri/dimitri/airflowalura/venv/lib/python3.10/site-packages/airflow/example_dags/tutorial_etl_dag.py took 0.047 seconds
[2024-04-04 20:49:19,790] {processor.py:153} INFO - Started process (PID=575078) to work on /home/dimitri/dimitri/airflowalura/venv/lib/python3.10/site-packages/airflow/example_dags/tutorial_etl_dag.py
[2024-04-04 20:49:19,794] {processor.py:641} INFO - Processing file /home/dimitri/dimitri/airflowalura/venv/lib/python3.10/site-packages/airflow/example_dags/tutorial_etl_dag.py for tasks to queue
[2024-04-04 20:49:19,794] {logging_mixin.py:115} INFO - [2024-04-04 20:49:19,794] {dagbag.py:507} INFO - Filling up the DagBag from /home/dimitri/dimitri/airflowalura/venv/lib/python3.10/site-packages/airflow/example_dags/tutorial_etl_dag.py
[2024-04-04 20:49:19,798] {processor.py:651} INFO - DAG(s) dict_keys(['tutorial_etl_dag']) retrieved from /home/dimitri/dimitri/airflowalura/venv/lib/python3.10/site-packages/airflow/example_dags/tutorial_etl_dag.py
[2024-04-04 20:49:19,809] {logging_mixin.py:115} INFO - [2024-04-04 20:49:19,809] {dag.py:2379} INFO - Sync 1 DAGs
[2024-04-04 20:49:19,818] {logging_mixin.py:115} INFO - [2024-04-04 20:49:19,818] {dag.py:2927} INFO - Setting next_dagrun for tutorial_etl_dag to None, run_after=None
[2024-04-04 20:49:19,834] {processor.py:161} INFO - Processing /home/dimitri/dimitri/airflowalura/venv/lib/python3.10/site-packages/airflow/example_dags/tutorial_etl_dag.py took 0.046 seconds
[2024-04-04 20:49:52,534] {processor.py:153} INFO - Started process (PID=575211) to work on /home/dimitri/dimitri/airflowalura/venv/lib/python3.10/site-packages/airflow/example_dags/tutorial_etl_dag.py
[2024-04-04 20:49:52,534] {processor.py:641} INFO - Processing file /home/dimitri/dimitri/airflowalura/venv/lib/python3.10/site-packages/airflow/example_dags/tutorial_etl_dag.py for tasks to queue
[2024-04-04 20:49:52,535] {logging_mixin.py:115} INFO - [2024-04-04 20:49:52,535] {dagbag.py:507} INFO - Filling up the DagBag from /home/dimitri/dimitri/airflowalura/venv/lib/python3.10/site-packages/airflow/example_dags/tutorial_etl_dag.py
[2024-04-04 20:49:52,540] {processor.py:651} INFO - DAG(s) dict_keys(['tutorial_etl_dag']) retrieved from /home/dimitri/dimitri/airflowalura/venv/lib/python3.10/site-packages/airflow/example_dags/tutorial_etl_dag.py
[2024-04-04 20:49:52,551] {logging_mixin.py:115} INFO - [2024-04-04 20:49:52,551] {dag.py:2379} INFO - Sync 1 DAGs
[2024-04-04 20:49:52,562] {logging_mixin.py:115} INFO - [2024-04-04 20:49:52,562] {dag.py:2927} INFO - Setting next_dagrun for tutorial_etl_dag to None, run_after=None
[2024-04-04 20:49:52,578] {processor.py:161} INFO - Processing /home/dimitri/dimitri/airflowalura/venv/lib/python3.10/site-packages/airflow/example_dags/tutorial_etl_dag.py took 0.047 seconds
[2024-04-04 20:50:27,431] {processor.py:153} INFO - Started process (PID=575350) to work on /home/dimitri/dimitri/airflowalura/venv/lib/python3.10/site-packages/airflow/example_dags/tutorial_etl_dag.py
[2024-04-04 20:50:27,433] {processor.py:641} INFO - Processing file /home/dimitri/dimitri/airflowalura/venv/lib/python3.10/site-packages/airflow/example_dags/tutorial_etl_dag.py for tasks to queue
[2024-04-04 20:50:27,433] {logging_mixin.py:115} INFO - [2024-04-04 20:50:27,433] {dagbag.py:507} INFO - Filling up the DagBag from /home/dimitri/dimitri/airflowalura/venv/lib/python3.10/site-packages/airflow/example_dags/tutorial_etl_dag.py
[2024-04-04 20:50:27,438] {processor.py:651} INFO - DAG(s) dict_keys(['tutorial_etl_dag']) retrieved from /home/dimitri/dimitri/airflowalura/venv/lib/python3.10/site-packages/airflow/example_dags/tutorial_etl_dag.py
[2024-04-04 20:50:27,452] {logging_mixin.py:115} INFO - [2024-04-04 20:50:27,452] {dag.py:2379} INFO - Sync 1 DAGs
[2024-04-04 20:50:27,466] {logging_mixin.py:115} INFO - [2024-04-04 20:50:27,466] {dag.py:2927} INFO - Setting next_dagrun for tutorial_etl_dag to None, run_after=None
[2024-04-04 20:50:27,485] {processor.py:161} INFO - Processing /home/dimitri/dimitri/airflowalura/venv/lib/python3.10/site-packages/airflow/example_dags/tutorial_etl_dag.py took 0.056 seconds
[2024-04-04 20:51:04,441] {processor.py:153} INFO - Started process (PID=575494) to work on /home/dimitri/dimitri/airflowalura/venv/lib/python3.10/site-packages/airflow/example_dags/tutorial_etl_dag.py
[2024-04-04 20:51:04,444] {processor.py:641} INFO - Processing file /home/dimitri/dimitri/airflowalura/venv/lib/python3.10/site-packages/airflow/example_dags/tutorial_etl_dag.py for tasks to queue
[2024-04-04 20:51:04,444] {logging_mixin.py:115} INFO - [2024-04-04 20:51:04,444] {dagbag.py:507} INFO - Filling up the DagBag from /home/dimitri/dimitri/airflowalura/venv/lib/python3.10/site-packages/airflow/example_dags/tutorial_etl_dag.py
[2024-04-04 20:51:04,449] {processor.py:651} INFO - DAG(s) dict_keys(['tutorial_etl_dag']) retrieved from /home/dimitri/dimitri/airflowalura/venv/lib/python3.10/site-packages/airflow/example_dags/tutorial_etl_dag.py
[2024-04-04 20:51:04,460] {logging_mixin.py:115} INFO - [2024-04-04 20:51:04,460] {dag.py:2379} INFO - Sync 1 DAGs
[2024-04-04 20:51:04,470] {logging_mixin.py:115} INFO - [2024-04-04 20:51:04,470] {dag.py:2927} INFO - Setting next_dagrun for tutorial_etl_dag to None, run_after=None
[2024-04-04 20:51:04,486] {processor.py:161} INFO - Processing /home/dimitri/dimitri/airflowalura/venv/lib/python3.10/site-packages/airflow/example_dags/tutorial_etl_dag.py took 0.047 seconds
[2024-04-04 20:51:39,273] {processor.py:153} INFO - Started process (PID=575626) to work on /home/dimitri/dimitri/airflowalura/venv/lib/python3.10/site-packages/airflow/example_dags/tutorial_etl_dag.py
[2024-04-04 20:51:39,275] {processor.py:641} INFO - Processing file /home/dimitri/dimitri/airflowalura/venv/lib/python3.10/site-packages/airflow/example_dags/tutorial_etl_dag.py for tasks to queue
[2024-04-04 20:51:39,276] {logging_mixin.py:115} INFO - [2024-04-04 20:51:39,276] {dagbag.py:507} INFO - Filling up the DagBag from /home/dimitri/dimitri/airflowalura/venv/lib/python3.10/site-packages/airflow/example_dags/tutorial_etl_dag.py
[2024-04-04 20:51:39,281] {processor.py:651} INFO - DAG(s) dict_keys(['tutorial_etl_dag']) retrieved from /home/dimitri/dimitri/airflowalura/venv/lib/python3.10/site-packages/airflow/example_dags/tutorial_etl_dag.py
[2024-04-04 20:51:39,293] {logging_mixin.py:115} INFO - [2024-04-04 20:51:39,293] {dag.py:2379} INFO - Sync 1 DAGs
[2024-04-04 20:51:39,303] {logging_mixin.py:115} INFO - [2024-04-04 20:51:39,302] {dag.py:2927} INFO - Setting next_dagrun for tutorial_etl_dag to None, run_after=None
[2024-04-04 20:51:39,319] {processor.py:161} INFO - Processing /home/dimitri/dimitri/airflowalura/venv/lib/python3.10/site-packages/airflow/example_dags/tutorial_etl_dag.py took 0.048 seconds
[2024-04-04 20:52:15,042] {processor.py:153} INFO - Started process (PID=575770) to work on /home/dimitri/dimitri/airflowalura/venv/lib/python3.10/site-packages/airflow/example_dags/tutorial_etl_dag.py
[2024-04-04 20:52:15,044] {processor.py:641} INFO - Processing file /home/dimitri/dimitri/airflowalura/venv/lib/python3.10/site-packages/airflow/example_dags/tutorial_etl_dag.py for tasks to queue
[2024-04-04 20:52:15,045] {logging_mixin.py:115} INFO - [2024-04-04 20:52:15,045] {dagbag.py:507} INFO - Filling up the DagBag from /home/dimitri/dimitri/airflowalura/venv/lib/python3.10/site-packages/airflow/example_dags/tutorial_etl_dag.py
[2024-04-04 20:52:15,050] {processor.py:651} INFO - DAG(s) dict_keys(['tutorial_etl_dag']) retrieved from /home/dimitri/dimitri/airflowalura/venv/lib/python3.10/site-packages/airflow/example_dags/tutorial_etl_dag.py
[2024-04-04 20:52:15,063] {logging_mixin.py:115} INFO - [2024-04-04 20:52:15,063] {dag.py:2379} INFO - Sync 1 DAGs
[2024-04-04 20:52:15,073] {logging_mixin.py:115} INFO - [2024-04-04 20:52:15,073] {dag.py:2927} INFO - Setting next_dagrun for tutorial_etl_dag to None, run_after=None
[2024-04-04 20:52:15,088] {processor.py:161} INFO - Processing /home/dimitri/dimitri/airflowalura/venv/lib/python3.10/site-packages/airflow/example_dags/tutorial_etl_dag.py took 0.048 seconds
[2024-04-04 20:52:49,778] {processor.py:153} INFO - Started process (PID=575900) to work on /home/dimitri/dimitri/airflowalura/venv/lib/python3.10/site-packages/airflow/example_dags/tutorial_etl_dag.py
[2024-04-04 20:52:49,781] {processor.py:641} INFO - Processing file /home/dimitri/dimitri/airflowalura/venv/lib/python3.10/site-packages/airflow/example_dags/tutorial_etl_dag.py for tasks to queue
[2024-04-04 20:52:49,782] {logging_mixin.py:115} INFO - [2024-04-04 20:52:49,781] {dagbag.py:507} INFO - Filling up the DagBag from /home/dimitri/dimitri/airflowalura/venv/lib/python3.10/site-packages/airflow/example_dags/tutorial_etl_dag.py
[2024-04-04 20:52:49,786] {processor.py:651} INFO - DAG(s) dict_keys(['tutorial_etl_dag']) retrieved from /home/dimitri/dimitri/airflowalura/venv/lib/python3.10/site-packages/airflow/example_dags/tutorial_etl_dag.py
[2024-04-04 20:52:49,799] {logging_mixin.py:115} INFO - [2024-04-04 20:52:49,799] {dag.py:2379} INFO - Sync 1 DAGs
[2024-04-04 20:52:49,809] {logging_mixin.py:115} INFO - [2024-04-04 20:52:49,809] {dag.py:2927} INFO - Setting next_dagrun for tutorial_etl_dag to None, run_after=None
[2024-04-04 20:52:49,827] {processor.py:161} INFO - Processing /home/dimitri/dimitri/airflowalura/venv/lib/python3.10/site-packages/airflow/example_dags/tutorial_etl_dag.py took 0.051 seconds
[2024-04-04 20:53:23,914] {processor.py:153} INFO - Started process (PID=576031) to work on /home/dimitri/dimitri/airflowalura/venv/lib/python3.10/site-packages/airflow/example_dags/tutorial_etl_dag.py
[2024-04-04 20:53:23,917] {processor.py:641} INFO - Processing file /home/dimitri/dimitri/airflowalura/venv/lib/python3.10/site-packages/airflow/example_dags/tutorial_etl_dag.py for tasks to queue
[2024-04-04 20:53:23,918] {logging_mixin.py:115} INFO - [2024-04-04 20:53:23,918] {dagbag.py:507} INFO - Filling up the DagBag from /home/dimitri/dimitri/airflowalura/venv/lib/python3.10/site-packages/airflow/example_dags/tutorial_etl_dag.py
[2024-04-04 20:53:23,922] {processor.py:651} INFO - DAG(s) dict_keys(['tutorial_etl_dag']) retrieved from /home/dimitri/dimitri/airflowalura/venv/lib/python3.10/site-packages/airflow/example_dags/tutorial_etl_dag.py
[2024-04-04 20:53:23,933] {logging_mixin.py:115} INFO - [2024-04-04 20:53:23,933] {dag.py:2379} INFO - Sync 1 DAGs
[2024-04-04 20:53:23,942] {logging_mixin.py:115} INFO - [2024-04-04 20:53:23,942] {dag.py:2927} INFO - Setting next_dagrun for tutorial_etl_dag to None, run_after=None
[2024-04-04 20:53:23,958] {processor.py:161} INFO - Processing /home/dimitri/dimitri/airflowalura/venv/lib/python3.10/site-packages/airflow/example_dags/tutorial_etl_dag.py took 0.048 seconds
[2024-04-04 20:54:00,732] {processor.py:153} INFO - Started process (PID=576176) to work on /home/dimitri/dimitri/airflowalura/venv/lib/python3.10/site-packages/airflow/example_dags/tutorial_etl_dag.py
[2024-04-04 20:54:00,734] {processor.py:641} INFO - Processing file /home/dimitri/dimitri/airflowalura/venv/lib/python3.10/site-packages/airflow/example_dags/tutorial_etl_dag.py for tasks to queue
[2024-04-04 20:54:00,734] {logging_mixin.py:115} INFO - [2024-04-04 20:54:00,734] {dagbag.py:507} INFO - Filling up the DagBag from /home/dimitri/dimitri/airflowalura/venv/lib/python3.10/site-packages/airflow/example_dags/tutorial_etl_dag.py
[2024-04-04 20:54:00,740] {processor.py:651} INFO - DAG(s) dict_keys(['tutorial_etl_dag']) retrieved from /home/dimitri/dimitri/airflowalura/venv/lib/python3.10/site-packages/airflow/example_dags/tutorial_etl_dag.py
[2024-04-04 20:54:00,750] {logging_mixin.py:115} INFO - [2024-04-04 20:54:00,750] {dag.py:2379} INFO - Sync 1 DAGs
[2024-04-04 20:54:00,759] {logging_mixin.py:115} INFO - [2024-04-04 20:54:00,759] {dag.py:2927} INFO - Setting next_dagrun for tutorial_etl_dag to None, run_after=None
[2024-04-04 20:54:00,774] {processor.py:161} INFO - Processing /home/dimitri/dimitri/airflowalura/venv/lib/python3.10/site-packages/airflow/example_dags/tutorial_etl_dag.py took 0.046 seconds
[2024-04-04 20:54:32,232] {processor.py:153} INFO - Started process (PID=576299) to work on /home/dimitri/dimitri/airflowalura/venv/lib/python3.10/site-packages/airflow/example_dags/tutorial_etl_dag.py
[2024-04-04 20:54:32,233] {processor.py:641} INFO - Processing file /home/dimitri/dimitri/airflowalura/venv/lib/python3.10/site-packages/airflow/example_dags/tutorial_etl_dag.py for tasks to queue
[2024-04-04 20:54:32,233] {logging_mixin.py:115} INFO - [2024-04-04 20:54:32,233] {dagbag.py:507} INFO - Filling up the DagBag from /home/dimitri/dimitri/airflowalura/venv/lib/python3.10/site-packages/airflow/example_dags/tutorial_etl_dag.py
[2024-04-04 20:54:32,238] {processor.py:651} INFO - DAG(s) dict_keys(['tutorial_etl_dag']) retrieved from /home/dimitri/dimitri/airflowalura/venv/lib/python3.10/site-packages/airflow/example_dags/tutorial_etl_dag.py
[2024-04-04 20:54:32,251] {logging_mixin.py:115} INFO - [2024-04-04 20:54:32,250] {dag.py:2379} INFO - Sync 1 DAGs
[2024-04-04 20:54:32,260] {logging_mixin.py:115} INFO - [2024-04-04 20:54:32,260] {dag.py:2927} INFO - Setting next_dagrun for tutorial_etl_dag to None, run_after=None
[2024-04-04 20:54:32,278] {processor.py:161} INFO - Processing /home/dimitri/dimitri/airflowalura/venv/lib/python3.10/site-packages/airflow/example_dags/tutorial_etl_dag.py took 0.049 seconds
[2024-04-04 20:55:06,041] {processor.py:153} INFO - Started process (PID=576430) to work on /home/dimitri/dimitri/airflowalura/venv/lib/python3.10/site-packages/airflow/example_dags/tutorial_etl_dag.py
[2024-04-04 20:55:06,043] {processor.py:641} INFO - Processing file /home/dimitri/dimitri/airflowalura/venv/lib/python3.10/site-packages/airflow/example_dags/tutorial_etl_dag.py for tasks to queue
[2024-04-04 20:55:06,043] {logging_mixin.py:115} INFO - [2024-04-04 20:55:06,043] {dagbag.py:507} INFO - Filling up the DagBag from /home/dimitri/dimitri/airflowalura/venv/lib/python3.10/site-packages/airflow/example_dags/tutorial_etl_dag.py
[2024-04-04 20:55:06,048] {processor.py:651} INFO - DAG(s) dict_keys(['tutorial_etl_dag']) retrieved from /home/dimitri/dimitri/airflowalura/venv/lib/python3.10/site-packages/airflow/example_dags/tutorial_etl_dag.py
[2024-04-04 20:55:06,060] {logging_mixin.py:115} INFO - [2024-04-04 20:55:06,060] {dag.py:2379} INFO - Sync 1 DAGs
[2024-04-04 20:55:06,071] {logging_mixin.py:115} INFO - [2024-04-04 20:55:06,071] {dag.py:2927} INFO - Setting next_dagrun for tutorial_etl_dag to None, run_after=None
[2024-04-04 20:55:06,087] {processor.py:161} INFO - Processing /home/dimitri/dimitri/airflowalura/venv/lib/python3.10/site-packages/airflow/example_dags/tutorial_etl_dag.py took 0.048 seconds
[2024-04-04 20:55:38,960] {processor.py:153} INFO - Started process (PID=576561) to work on /home/dimitri/dimitri/airflowalura/venv/lib/python3.10/site-packages/airflow/example_dags/tutorial_etl_dag.py
[2024-04-04 20:55:38,963] {processor.py:641} INFO - Processing file /home/dimitri/dimitri/airflowalura/venv/lib/python3.10/site-packages/airflow/example_dags/tutorial_etl_dag.py for tasks to queue
[2024-04-04 20:55:38,963] {logging_mixin.py:115} INFO - [2024-04-04 20:55:38,963] {dagbag.py:507} INFO - Filling up the DagBag from /home/dimitri/dimitri/airflowalura/venv/lib/python3.10/site-packages/airflow/example_dags/tutorial_etl_dag.py
[2024-04-04 20:55:38,968] {processor.py:651} INFO - DAG(s) dict_keys(['tutorial_etl_dag']) retrieved from /home/dimitri/dimitri/airflowalura/venv/lib/python3.10/site-packages/airflow/example_dags/tutorial_etl_dag.py
[2024-04-04 20:55:38,978] {logging_mixin.py:115} INFO - [2024-04-04 20:55:38,978] {dag.py:2379} INFO - Sync 1 DAGs
[2024-04-04 20:55:38,987] {logging_mixin.py:115} INFO - [2024-04-04 20:55:38,987] {dag.py:2927} INFO - Setting next_dagrun for tutorial_etl_dag to None, run_after=None
[2024-04-04 20:55:39,003] {processor.py:161} INFO - Processing /home/dimitri/dimitri/airflowalura/venv/lib/python3.10/site-packages/airflow/example_dags/tutorial_etl_dag.py took 0.046 seconds
[2024-04-04 20:56:14,329] {processor.py:153} INFO - Started process (PID=576698) to work on /home/dimitri/dimitri/airflowalura/venv/lib/python3.10/site-packages/airflow/example_dags/tutorial_etl_dag.py
[2024-04-04 20:56:14,332] {processor.py:641} INFO - Processing file /home/dimitri/dimitri/airflowalura/venv/lib/python3.10/site-packages/airflow/example_dags/tutorial_etl_dag.py for tasks to queue
[2024-04-04 20:56:14,332] {logging_mixin.py:115} INFO - [2024-04-04 20:56:14,332] {dagbag.py:507} INFO - Filling up the DagBag from /home/dimitri/dimitri/airflowalura/venv/lib/python3.10/site-packages/airflow/example_dags/tutorial_etl_dag.py
[2024-04-04 20:56:14,337] {processor.py:651} INFO - DAG(s) dict_keys(['tutorial_etl_dag']) retrieved from /home/dimitri/dimitri/airflowalura/venv/lib/python3.10/site-packages/airflow/example_dags/tutorial_etl_dag.py
[2024-04-04 20:56:14,348] {logging_mixin.py:115} INFO - [2024-04-04 20:56:14,348] {dag.py:2379} INFO - Sync 1 DAGs
[2024-04-04 20:56:14,358] {logging_mixin.py:115} INFO - [2024-04-04 20:56:14,358] {dag.py:2927} INFO - Setting next_dagrun for tutorial_etl_dag to None, run_after=None
[2024-04-04 20:56:14,374] {processor.py:161} INFO - Processing /home/dimitri/dimitri/airflowalura/venv/lib/python3.10/site-packages/airflow/example_dags/tutorial_etl_dag.py took 0.048 seconds
[2024-04-04 20:56:50,306] {processor.py:153} INFO - Started process (PID=576842) to work on /home/dimitri/dimitri/airflowalura/venv/lib/python3.10/site-packages/airflow/example_dags/tutorial_etl_dag.py
[2024-04-04 20:56:50,309] {processor.py:641} INFO - Processing file /home/dimitri/dimitri/airflowalura/venv/lib/python3.10/site-packages/airflow/example_dags/tutorial_etl_dag.py for tasks to queue
[2024-04-04 20:56:50,309] {logging_mixin.py:115} INFO - [2024-04-04 20:56:50,309] {dagbag.py:507} INFO - Filling up the DagBag from /home/dimitri/dimitri/airflowalura/venv/lib/python3.10/site-packages/airflow/example_dags/tutorial_etl_dag.py
[2024-04-04 20:56:50,314] {processor.py:651} INFO - DAG(s) dict_keys(['tutorial_etl_dag']) retrieved from /home/dimitri/dimitri/airflowalura/venv/lib/python3.10/site-packages/airflow/example_dags/tutorial_etl_dag.py
[2024-04-04 20:56:50,326] {logging_mixin.py:115} INFO - [2024-04-04 20:56:50,326] {dag.py:2379} INFO - Sync 1 DAGs
[2024-04-04 20:56:50,337] {logging_mixin.py:115} INFO - [2024-04-04 20:56:50,337] {dag.py:2927} INFO - Setting next_dagrun for tutorial_etl_dag to None, run_after=None
[2024-04-04 20:56:50,354] {processor.py:161} INFO - Processing /home/dimitri/dimitri/airflowalura/venv/lib/python3.10/site-packages/airflow/example_dags/tutorial_etl_dag.py took 0.050 seconds
[2024-04-04 20:57:24,742] {processor.py:153} INFO - Started process (PID=576976) to work on /home/dimitri/dimitri/airflowalura/venv/lib/python3.10/site-packages/airflow/example_dags/tutorial_etl_dag.py
[2024-04-04 20:57:24,745] {processor.py:641} INFO - Processing file /home/dimitri/dimitri/airflowalura/venv/lib/python3.10/site-packages/airflow/example_dags/tutorial_etl_dag.py for tasks to queue
[2024-04-04 20:57:24,745] {logging_mixin.py:115} INFO - [2024-04-04 20:57:24,745] {dagbag.py:507} INFO - Filling up the DagBag from /home/dimitri/dimitri/airflowalura/venv/lib/python3.10/site-packages/airflow/example_dags/tutorial_etl_dag.py
[2024-04-04 20:57:24,750] {processor.py:651} INFO - DAG(s) dict_keys(['tutorial_etl_dag']) retrieved from /home/dimitri/dimitri/airflowalura/venv/lib/python3.10/site-packages/airflow/example_dags/tutorial_etl_dag.py
[2024-04-04 20:57:24,761] {logging_mixin.py:115} INFO - [2024-04-04 20:57:24,761] {dag.py:2379} INFO - Sync 1 DAGs
[2024-04-04 20:57:24,771] {logging_mixin.py:115} INFO - [2024-04-04 20:57:24,771] {dag.py:2927} INFO - Setting next_dagrun for tutorial_etl_dag to None, run_after=None
[2024-04-04 20:57:24,788] {processor.py:161} INFO - Processing /home/dimitri/dimitri/airflowalura/venv/lib/python3.10/site-packages/airflow/example_dags/tutorial_etl_dag.py took 0.048 seconds
[2024-04-04 20:57:57,318] {processor.py:153} INFO - Started process (PID=577105) to work on /home/dimitri/dimitri/airflowalura/venv/lib/python3.10/site-packages/airflow/example_dags/tutorial_etl_dag.py
[2024-04-04 20:57:57,319] {processor.py:641} INFO - Processing file /home/dimitri/dimitri/airflowalura/venv/lib/python3.10/site-packages/airflow/example_dags/tutorial_etl_dag.py for tasks to queue
[2024-04-04 20:57:57,319] {logging_mixin.py:115} INFO - [2024-04-04 20:57:57,319] {dagbag.py:507} INFO - Filling up the DagBag from /home/dimitri/dimitri/airflowalura/venv/lib/python3.10/site-packages/airflow/example_dags/tutorial_etl_dag.py
[2024-04-04 20:57:57,324] {processor.py:651} INFO - DAG(s) dict_keys(['tutorial_etl_dag']) retrieved from /home/dimitri/dimitri/airflowalura/venv/lib/python3.10/site-packages/airflow/example_dags/tutorial_etl_dag.py
[2024-04-04 20:57:57,335] {logging_mixin.py:115} INFO - [2024-04-04 20:57:57,335] {dag.py:2379} INFO - Sync 1 DAGs
[2024-04-04 20:57:57,346] {logging_mixin.py:115} INFO - [2024-04-04 20:57:57,346] {dag.py:2927} INFO - Setting next_dagrun for tutorial_etl_dag to None, run_after=None
[2024-04-04 20:57:57,363] {processor.py:161} INFO - Processing /home/dimitri/dimitri/airflowalura/venv/lib/python3.10/site-packages/airflow/example_dags/tutorial_etl_dag.py took 0.047 seconds
[2024-04-04 20:58:32,430] {processor.py:153} INFO - Started process (PID=577242) to work on /home/dimitri/dimitri/airflowalura/venv/lib/python3.10/site-packages/airflow/example_dags/tutorial_etl_dag.py
[2024-04-04 20:58:32,432] {processor.py:641} INFO - Processing file /home/dimitri/dimitri/airflowalura/venv/lib/python3.10/site-packages/airflow/example_dags/tutorial_etl_dag.py for tasks to queue
[2024-04-04 20:58:32,432] {logging_mixin.py:115} INFO - [2024-04-04 20:58:32,432] {dagbag.py:507} INFO - Filling up the DagBag from /home/dimitri/dimitri/airflowalura/venv/lib/python3.10/site-packages/airflow/example_dags/tutorial_etl_dag.py
[2024-04-04 20:58:32,436] {processor.py:651} INFO - DAG(s) dict_keys(['tutorial_etl_dag']) retrieved from /home/dimitri/dimitri/airflowalura/venv/lib/python3.10/site-packages/airflow/example_dags/tutorial_etl_dag.py
[2024-04-04 20:58:32,450] {logging_mixin.py:115} INFO - [2024-04-04 20:58:32,449] {dag.py:2379} INFO - Sync 1 DAGs
[2024-04-04 20:58:32,461] {logging_mixin.py:115} INFO - [2024-04-04 20:58:32,461] {dag.py:2927} INFO - Setting next_dagrun for tutorial_etl_dag to None, run_after=None
[2024-04-04 20:58:32,480] {processor.py:161} INFO - Processing /home/dimitri/dimitri/airflowalura/venv/lib/python3.10/site-packages/airflow/example_dags/tutorial_etl_dag.py took 0.052 seconds
[2024-04-04 20:59:03,664] {processor.py:153} INFO - Started process (PID=577367) to work on /home/dimitri/dimitri/airflowalura/venv/lib/python3.10/site-packages/airflow/example_dags/tutorial_etl_dag.py
[2024-04-04 20:59:03,666] {processor.py:641} INFO - Processing file /home/dimitri/dimitri/airflowalura/venv/lib/python3.10/site-packages/airflow/example_dags/tutorial_etl_dag.py for tasks to queue
[2024-04-04 20:59:03,666] {logging_mixin.py:115} INFO - [2024-04-04 20:59:03,666] {dagbag.py:507} INFO - Filling up the DagBag from /home/dimitri/dimitri/airflowalura/venv/lib/python3.10/site-packages/airflow/example_dags/tutorial_etl_dag.py
[2024-04-04 20:59:03,671] {processor.py:651} INFO - DAG(s) dict_keys(['tutorial_etl_dag']) retrieved from /home/dimitri/dimitri/airflowalura/venv/lib/python3.10/site-packages/airflow/example_dags/tutorial_etl_dag.py
[2024-04-04 20:59:03,686] {logging_mixin.py:115} INFO - [2024-04-04 20:59:03,686] {dag.py:2379} INFO - Sync 1 DAGs
[2024-04-04 20:59:03,698] {logging_mixin.py:115} INFO - [2024-04-04 20:59:03,698] {dag.py:2927} INFO - Setting next_dagrun for tutorial_etl_dag to None, run_after=None
[2024-04-04 20:59:03,714] {processor.py:161} INFO - Processing /home/dimitri/dimitri/airflowalura/venv/lib/python3.10/site-packages/airflow/example_dags/tutorial_etl_dag.py took 0.052 seconds
[2024-04-04 20:59:37,623] {processor.py:153} INFO - Started process (PID=577498) to work on /home/dimitri/dimitri/airflowalura/venv/lib/python3.10/site-packages/airflow/example_dags/tutorial_etl_dag.py
[2024-04-04 20:59:37,625] {processor.py:641} INFO - Processing file /home/dimitri/dimitri/airflowalura/venv/lib/python3.10/site-packages/airflow/example_dags/tutorial_etl_dag.py for tasks to queue
[2024-04-04 20:59:37,625] {logging_mixin.py:115} INFO - [2024-04-04 20:59:37,625] {dagbag.py:507} INFO - Filling up the DagBag from /home/dimitri/dimitri/airflowalura/venv/lib/python3.10/site-packages/airflow/example_dags/tutorial_etl_dag.py
[2024-04-04 20:59:37,630] {processor.py:651} INFO - DAG(s) dict_keys(['tutorial_etl_dag']) retrieved from /home/dimitri/dimitri/airflowalura/venv/lib/python3.10/site-packages/airflow/example_dags/tutorial_etl_dag.py
[2024-04-04 20:59:37,642] {logging_mixin.py:115} INFO - [2024-04-04 20:59:37,641] {dag.py:2379} INFO - Sync 1 DAGs
[2024-04-04 20:59:37,651] {logging_mixin.py:115} INFO - [2024-04-04 20:59:37,651] {dag.py:2927} INFO - Setting next_dagrun for tutorial_etl_dag to None, run_after=None
[2024-04-04 20:59:37,667] {processor.py:161} INFO - Processing /home/dimitri/dimitri/airflowalura/venv/lib/python3.10/site-packages/airflow/example_dags/tutorial_etl_dag.py took 0.046 seconds
