[2024-04-04 20:28:57,893] {processor.py:153} INFO - Started process (PID=569870) to work on /home/dimitri/dimitri/airflowalura/venv/lib/python3.10/site-packages/airflow/example_dags/tutorial_taskflow_api_etl.py
[2024-04-04 20:28:57,894] {processor.py:641} INFO - Processing file /home/dimitri/dimitri/airflowalura/venv/lib/python3.10/site-packages/airflow/example_dags/tutorial_taskflow_api_etl.py for tasks to queue
[2024-04-04 20:28:57,894] {logging_mixin.py:115} INFO - [2024-04-04 20:28:57,894] {dagbag.py:507} INFO - Filling up the DagBag from /home/dimitri/dimitri/airflowalura/venv/lib/python3.10/site-packages/airflow/example_dags/tutorial_taskflow_api_etl.py
[2024-04-04 20:28:57,913] {processor.py:651} INFO - DAG(s) dict_keys(['tutorial_taskflow_api_etl']) retrieved from /home/dimitri/dimitri/airflowalura/venv/lib/python3.10/site-packages/airflow/example_dags/tutorial_taskflow_api_etl.py
[2024-04-04 20:28:57,977] {logging_mixin.py:115} INFO - [2024-04-04 20:28:57,977] {manager.py:508} INFO - Created Permission View: can read on DAG:tutorial_taskflow_api_etl
[2024-04-04 20:28:57,991] {logging_mixin.py:115} INFO - [2024-04-04 20:28:57,991] {manager.py:508} INFO - Created Permission View: can edit on DAG:tutorial_taskflow_api_etl
[2024-04-04 20:28:58,005] {logging_mixin.py:115} INFO - [2024-04-04 20:28:58,005] {manager.py:508} INFO - Created Permission View: can delete on DAG:tutorial_taskflow_api_etl
[2024-04-04 20:28:58,005] {logging_mixin.py:115} INFO - [2024-04-04 20:28:58,005] {dag.py:2379} INFO - Sync 1 DAGs
[2024-04-04 20:28:58,011] {logging_mixin.py:115} INFO - [2024-04-04 20:28:58,011] {dag.py:2398} INFO - Creating ORM DAG for tutorial_taskflow_api_etl
[2024-04-04 20:28:58,018] {logging_mixin.py:115} INFO - [2024-04-04 20:28:58,018] {dag.py:2927} INFO - Setting next_dagrun for tutorial_taskflow_api_etl to None, run_after=None
[2024-04-04 20:28:58,039] {processor.py:161} INFO - Processing /home/dimitri/dimitri/airflowalura/venv/lib/python3.10/site-packages/airflow/example_dags/tutorial_taskflow_api_etl.py took 0.147 seconds
[2024-04-04 20:29:33,573] {processor.py:153} INFO - Started process (PID=569946) to work on /home/dimitri/dimitri/airflowalura/venv/lib/python3.10/site-packages/airflow/example_dags/tutorial_taskflow_api_etl.py
[2024-04-04 20:29:33,574] {processor.py:641} INFO - Processing file /home/dimitri/dimitri/airflowalura/venv/lib/python3.10/site-packages/airflow/example_dags/tutorial_taskflow_api_etl.py for tasks to queue
[2024-04-04 20:29:33,574] {logging_mixin.py:115} INFO - [2024-04-04 20:29:33,574] {dagbag.py:507} INFO - Filling up the DagBag from /home/dimitri/dimitri/airflowalura/venv/lib/python3.10/site-packages/airflow/example_dags/tutorial_taskflow_api_etl.py
[2024-04-04 20:29:33,583] {processor.py:651} INFO - DAG(s) dict_keys(['tutorial_taskflow_api_etl']) retrieved from /home/dimitri/dimitri/airflowalura/venv/lib/python3.10/site-packages/airflow/example_dags/tutorial_taskflow_api_etl.py
[2024-04-04 20:29:33,622] {logging_mixin.py:115} INFO - [2024-04-04 20:29:33,621] {dag.py:2379} INFO - Sync 1 DAGs
[2024-04-04 20:29:33,643] {logging_mixin.py:115} INFO - [2024-04-04 20:29:33,643] {dag.py:2927} INFO - Setting next_dagrun for tutorial_taskflow_api_etl to None, run_after=None
[2024-04-04 20:29:33,663] {processor.py:161} INFO - Processing /home/dimitri/dimitri/airflowalura/venv/lib/python3.10/site-packages/airflow/example_dags/tutorial_taskflow_api_etl.py took 0.092 seconds
[2024-04-04 20:30:07,752] {processor.py:153} INFO - Started process (PID=570339) to work on /home/dimitri/dimitri/airflowalura/venv/lib/python3.10/site-packages/airflow/example_dags/tutorial_taskflow_api_etl.py
[2024-04-04 20:30:07,755] {processor.py:641} INFO - Processing file /home/dimitri/dimitri/airflowalura/venv/lib/python3.10/site-packages/airflow/example_dags/tutorial_taskflow_api_etl.py for tasks to queue
[2024-04-04 20:30:07,755] {logging_mixin.py:115} INFO - [2024-04-04 20:30:07,755] {dagbag.py:507} INFO - Filling up the DagBag from /home/dimitri/dimitri/airflowalura/venv/lib/python3.10/site-packages/airflow/example_dags/tutorial_taskflow_api_etl.py
[2024-04-04 20:30:07,764] {processor.py:651} INFO - DAG(s) dict_keys(['tutorial_taskflow_api_etl']) retrieved from /home/dimitri/dimitri/airflowalura/venv/lib/python3.10/site-packages/airflow/example_dags/tutorial_taskflow_api_etl.py
[2024-04-04 20:30:07,790] {logging_mixin.py:115} INFO - [2024-04-04 20:30:07,790] {dag.py:2379} INFO - Sync 1 DAGs
[2024-04-04 20:30:07,798] {logging_mixin.py:115} INFO - [2024-04-04 20:30:07,798] {dag.py:2927} INFO - Setting next_dagrun for tutorial_taskflow_api_etl to None, run_after=None
[2024-04-04 20:30:07,814] {processor.py:161} INFO - Processing /home/dimitri/dimitri/airflowalura/venv/lib/python3.10/site-packages/airflow/example_dags/tutorial_taskflow_api_etl.py took 0.065 seconds
[2024-04-04 20:30:40,108] {processor.py:153} INFO - Started process (PID=570474) to work on /home/dimitri/dimitri/airflowalura/venv/lib/python3.10/site-packages/airflow/example_dags/tutorial_taskflow_api_etl.py
[2024-04-04 20:30:40,108] {processor.py:641} INFO - Processing file /home/dimitri/dimitri/airflowalura/venv/lib/python3.10/site-packages/airflow/example_dags/tutorial_taskflow_api_etl.py for tasks to queue
[2024-04-04 20:30:40,109] {logging_mixin.py:115} INFO - [2024-04-04 20:30:40,109] {dagbag.py:507} INFO - Filling up the DagBag from /home/dimitri/dimitri/airflowalura/venv/lib/python3.10/site-packages/airflow/example_dags/tutorial_taskflow_api_etl.py
[2024-04-04 20:30:40,121] {processor.py:651} INFO - DAG(s) dict_keys(['tutorial_taskflow_api_etl']) retrieved from /home/dimitri/dimitri/airflowalura/venv/lib/python3.10/site-packages/airflow/example_dags/tutorial_taskflow_api_etl.py
[2024-04-04 20:30:40,134] {logging_mixin.py:115} INFO - [2024-04-04 20:30:40,134] {dag.py:2379} INFO - Sync 1 DAGs
[2024-04-04 20:30:40,146] {logging_mixin.py:115} INFO - [2024-04-04 20:30:40,146] {dag.py:2927} INFO - Setting next_dagrun for tutorial_taskflow_api_etl to None, run_after=None
[2024-04-04 20:30:40,163] {processor.py:161} INFO - Processing /home/dimitri/dimitri/airflowalura/venv/lib/python3.10/site-packages/airflow/example_dags/tutorial_taskflow_api_etl.py took 0.057 seconds
[2024-04-04 20:31:11,706] {processor.py:153} INFO - Started process (PID=570596) to work on /home/dimitri/dimitri/airflowalura/venv/lib/python3.10/site-packages/airflow/example_dags/tutorial_taskflow_api_etl.py
[2024-04-04 20:31:11,708] {processor.py:641} INFO - Processing file /home/dimitri/dimitri/airflowalura/venv/lib/python3.10/site-packages/airflow/example_dags/tutorial_taskflow_api_etl.py for tasks to queue
[2024-04-04 20:31:11,709] {logging_mixin.py:115} INFO - [2024-04-04 20:31:11,708] {dagbag.py:507} INFO - Filling up the DagBag from /home/dimitri/dimitri/airflowalura/venv/lib/python3.10/site-packages/airflow/example_dags/tutorial_taskflow_api_etl.py
[2024-04-04 20:31:11,720] {processor.py:651} INFO - DAG(s) dict_keys(['tutorial_taskflow_api_etl']) retrieved from /home/dimitri/dimitri/airflowalura/venv/lib/python3.10/site-packages/airflow/example_dags/tutorial_taskflow_api_etl.py
[2024-04-04 20:31:11,744] {logging_mixin.py:115} INFO - [2024-04-04 20:31:11,744] {dag.py:2379} INFO - Sync 1 DAGs
[2024-04-04 20:31:11,752] {logging_mixin.py:115} INFO - [2024-04-04 20:31:11,752] {dag.py:2927} INFO - Setting next_dagrun for tutorial_taskflow_api_etl to None, run_after=None
[2024-04-04 20:31:11,768] {processor.py:161} INFO - Processing /home/dimitri/dimitri/airflowalura/venv/lib/python3.10/site-packages/airflow/example_dags/tutorial_taskflow_api_etl.py took 0.064 seconds
[2024-04-04 20:31:43,188] {processor.py:153} INFO - Started process (PID=570719) to work on /home/dimitri/dimitri/airflowalura/venv/lib/python3.10/site-packages/airflow/example_dags/tutorial_taskflow_api_etl.py
[2024-04-04 20:31:43,189] {processor.py:641} INFO - Processing file /home/dimitri/dimitri/airflowalura/venv/lib/python3.10/site-packages/airflow/example_dags/tutorial_taskflow_api_etl.py for tasks to queue
[2024-04-04 20:31:43,190] {logging_mixin.py:115} INFO - [2024-04-04 20:31:43,190] {dagbag.py:507} INFO - Filling up the DagBag from /home/dimitri/dimitri/airflowalura/venv/lib/python3.10/site-packages/airflow/example_dags/tutorial_taskflow_api_etl.py
[2024-04-04 20:31:43,201] {processor.py:651} INFO - DAG(s) dict_keys(['tutorial_taskflow_api_etl']) retrieved from /home/dimitri/dimitri/airflowalura/venv/lib/python3.10/site-packages/airflow/example_dags/tutorial_taskflow_api_etl.py
[2024-04-04 20:31:43,226] {logging_mixin.py:115} INFO - [2024-04-04 20:31:43,226] {dag.py:2379} INFO - Sync 1 DAGs
[2024-04-04 20:31:43,235] {logging_mixin.py:115} INFO - [2024-04-04 20:31:43,235] {dag.py:2927} INFO - Setting next_dagrun for tutorial_taskflow_api_etl to None, run_after=None
[2024-04-04 20:31:43,252] {processor.py:161} INFO - Processing /home/dimitri/dimitri/airflowalura/venv/lib/python3.10/site-packages/airflow/example_dags/tutorial_taskflow_api_etl.py took 0.066 seconds
[2024-04-04 20:32:15,653] {processor.py:153} INFO - Started process (PID=570849) to work on /home/dimitri/dimitri/airflowalura/venv/lib/python3.10/site-packages/airflow/example_dags/tutorial_taskflow_api_etl.py
[2024-04-04 20:32:15,655] {processor.py:641} INFO - Processing file /home/dimitri/dimitri/airflowalura/venv/lib/python3.10/site-packages/airflow/example_dags/tutorial_taskflow_api_etl.py for tasks to queue
[2024-04-04 20:32:15,655] {logging_mixin.py:115} INFO - [2024-04-04 20:32:15,655] {dagbag.py:507} INFO - Filling up the DagBag from /home/dimitri/dimitri/airflowalura/venv/lib/python3.10/site-packages/airflow/example_dags/tutorial_taskflow_api_etl.py
[2024-04-04 20:32:15,666] {processor.py:651} INFO - DAG(s) dict_keys(['tutorial_taskflow_api_etl']) retrieved from /home/dimitri/dimitri/airflowalura/venv/lib/python3.10/site-packages/airflow/example_dags/tutorial_taskflow_api_etl.py
[2024-04-04 20:32:15,693] {logging_mixin.py:115} INFO - [2024-04-04 20:32:15,693] {dag.py:2379} INFO - Sync 1 DAGs
[2024-04-04 20:32:15,701] {logging_mixin.py:115} INFO - [2024-04-04 20:32:15,701] {dag.py:2927} INFO - Setting next_dagrun for tutorial_taskflow_api_etl to None, run_after=None
[2024-04-04 20:32:15,717] {processor.py:161} INFO - Processing /home/dimitri/dimitri/airflowalura/venv/lib/python3.10/site-packages/airflow/example_dags/tutorial_taskflow_api_etl.py took 0.066 seconds
[2024-04-04 20:32:47,035] {processor.py:153} INFO - Started process (PID=571120) to work on /home/dimitri/dimitri/airflowalura/venv/lib/python3.10/site-packages/airflow/example_dags/tutorial_taskflow_api_etl.py
[2024-04-04 20:32:47,037] {processor.py:641} INFO - Processing file /home/dimitri/dimitri/airflowalura/venv/lib/python3.10/site-packages/airflow/example_dags/tutorial_taskflow_api_etl.py for tasks to queue
[2024-04-04 20:32:47,038] {logging_mixin.py:115} INFO - [2024-04-04 20:32:47,038] {dagbag.py:507} INFO - Filling up the DagBag from /home/dimitri/dimitri/airflowalura/venv/lib/python3.10/site-packages/airflow/example_dags/tutorial_taskflow_api_etl.py
[2024-04-04 20:32:47,052] {processor.py:651} INFO - DAG(s) dict_keys(['tutorial_taskflow_api_etl']) retrieved from /home/dimitri/dimitri/airflowalura/venv/lib/python3.10/site-packages/airflow/example_dags/tutorial_taskflow_api_etl.py
[2024-04-04 20:32:47,076] {logging_mixin.py:115} INFO - [2024-04-04 20:32:47,076] {dag.py:2379} INFO - Sync 1 DAGs
[2024-04-04 20:32:47,085] {logging_mixin.py:115} INFO - [2024-04-04 20:32:47,085] {dag.py:2927} INFO - Setting next_dagrun for tutorial_taskflow_api_etl to None, run_after=None
[2024-04-04 20:32:47,101] {processor.py:161} INFO - Processing /home/dimitri/dimitri/airflowalura/venv/lib/python3.10/site-packages/airflow/example_dags/tutorial_taskflow_api_etl.py took 0.068 seconds
[2024-04-04 20:33:18,174] {processor.py:153} INFO - Started process (PID=571244) to work on /home/dimitri/dimitri/airflowalura/venv/lib/python3.10/site-packages/airflow/example_dags/tutorial_taskflow_api_etl.py
[2024-04-04 20:33:18,177] {processor.py:641} INFO - Processing file /home/dimitri/dimitri/airflowalura/venv/lib/python3.10/site-packages/airflow/example_dags/tutorial_taskflow_api_etl.py for tasks to queue
[2024-04-04 20:33:18,177] {logging_mixin.py:115} INFO - [2024-04-04 20:33:18,177] {dagbag.py:507} INFO - Filling up the DagBag from /home/dimitri/dimitri/airflowalura/venv/lib/python3.10/site-packages/airflow/example_dags/tutorial_taskflow_api_etl.py
[2024-04-04 20:33:18,190] {processor.py:651} INFO - DAG(s) dict_keys(['tutorial_taskflow_api_etl']) retrieved from /home/dimitri/dimitri/airflowalura/venv/lib/python3.10/site-packages/airflow/example_dags/tutorial_taskflow_api_etl.py
[2024-04-04 20:33:18,200] {logging_mixin.py:115} INFO - [2024-04-04 20:33:18,200] {dag.py:2379} INFO - Sync 1 DAGs
[2024-04-04 20:33:18,211] {logging_mixin.py:115} INFO - [2024-04-04 20:33:18,211] {dag.py:2927} INFO - Setting next_dagrun for tutorial_taskflow_api_etl to None, run_after=None
[2024-04-04 20:33:18,227] {processor.py:161} INFO - Processing /home/dimitri/dimitri/airflowalura/venv/lib/python3.10/site-packages/airflow/example_dags/tutorial_taskflow_api_etl.py took 0.056 seconds
[2024-04-04 20:33:51,442] {processor.py:153} INFO - Started process (PID=571376) to work on /home/dimitri/dimitri/airflowalura/venv/lib/python3.10/site-packages/airflow/example_dags/tutorial_taskflow_api_etl.py
[2024-04-04 20:33:51,445] {processor.py:641} INFO - Processing file /home/dimitri/dimitri/airflowalura/venv/lib/python3.10/site-packages/airflow/example_dags/tutorial_taskflow_api_etl.py for tasks to queue
[2024-04-04 20:33:51,445] {logging_mixin.py:115} INFO - [2024-04-04 20:33:51,445] {dagbag.py:507} INFO - Filling up the DagBag from /home/dimitri/dimitri/airflowalura/venv/lib/python3.10/site-packages/airflow/example_dags/tutorial_taskflow_api_etl.py
[2024-04-04 20:33:51,457] {processor.py:651} INFO - DAG(s) dict_keys(['tutorial_taskflow_api_etl']) retrieved from /home/dimitri/dimitri/airflowalura/venv/lib/python3.10/site-packages/airflow/example_dags/tutorial_taskflow_api_etl.py
[2024-04-04 20:33:51,467] {logging_mixin.py:115} INFO - [2024-04-04 20:33:51,467] {dag.py:2379} INFO - Sync 1 DAGs
[2024-04-04 20:33:51,476] {logging_mixin.py:115} INFO - [2024-04-04 20:33:51,476] {dag.py:2927} INFO - Setting next_dagrun for tutorial_taskflow_api_etl to None, run_after=None
[2024-04-04 20:33:51,492] {processor.py:161} INFO - Processing /home/dimitri/dimitri/airflowalura/venv/lib/python3.10/site-packages/airflow/example_dags/tutorial_taskflow_api_etl.py took 0.052 seconds
[2024-04-04 20:34:25,132] {processor.py:153} INFO - Started process (PID=571513) to work on /home/dimitri/dimitri/airflowalura/venv/lib/python3.10/site-packages/airflow/example_dags/tutorial_taskflow_api_etl.py
[2024-04-04 20:34:25,134] {processor.py:641} INFO - Processing file /home/dimitri/dimitri/airflowalura/venv/lib/python3.10/site-packages/airflow/example_dags/tutorial_taskflow_api_etl.py for tasks to queue
[2024-04-04 20:34:25,134] {logging_mixin.py:115} INFO - [2024-04-04 20:34:25,134] {dagbag.py:507} INFO - Filling up the DagBag from /home/dimitri/dimitri/airflowalura/venv/lib/python3.10/site-packages/airflow/example_dags/tutorial_taskflow_api_etl.py
[2024-04-04 20:34:25,147] {processor.py:651} INFO - DAG(s) dict_keys(['tutorial_taskflow_api_etl']) retrieved from /home/dimitri/dimitri/airflowalura/venv/lib/python3.10/site-packages/airflow/example_dags/tutorial_taskflow_api_etl.py
[2024-04-04 20:34:25,155] {logging_mixin.py:115} INFO - [2024-04-04 20:34:25,155] {dag.py:2379} INFO - Sync 1 DAGs
[2024-04-04 20:34:25,164] {logging_mixin.py:115} INFO - [2024-04-04 20:34:25,164] {dag.py:2927} INFO - Setting next_dagrun for tutorial_taskflow_api_etl to None, run_after=None
[2024-04-04 20:34:25,179] {processor.py:161} INFO - Processing /home/dimitri/dimitri/airflowalura/venv/lib/python3.10/site-packages/airflow/example_dags/tutorial_taskflow_api_etl.py took 0.049 seconds
[2024-04-04 20:34:57,254] {processor.py:153} INFO - Started process (PID=571637) to work on /home/dimitri/dimitri/airflowalura/venv/lib/python3.10/site-packages/airflow/example_dags/tutorial_taskflow_api_etl.py
[2024-04-04 20:34:57,256] {processor.py:641} INFO - Processing file /home/dimitri/dimitri/airflowalura/venv/lib/python3.10/site-packages/airflow/example_dags/tutorial_taskflow_api_etl.py for tasks to queue
[2024-04-04 20:34:57,257] {logging_mixin.py:115} INFO - [2024-04-04 20:34:57,257] {dagbag.py:507} INFO - Filling up the DagBag from /home/dimitri/dimitri/airflowalura/venv/lib/python3.10/site-packages/airflow/example_dags/tutorial_taskflow_api_etl.py
[2024-04-04 20:34:57,268] {processor.py:651} INFO - DAG(s) dict_keys(['tutorial_taskflow_api_etl']) retrieved from /home/dimitri/dimitri/airflowalura/venv/lib/python3.10/site-packages/airflow/example_dags/tutorial_taskflow_api_etl.py
[2024-04-04 20:34:57,277] {logging_mixin.py:115} INFO - [2024-04-04 20:34:57,277] {dag.py:2379} INFO - Sync 1 DAGs
[2024-04-04 20:34:57,288] {logging_mixin.py:115} INFO - [2024-04-04 20:34:57,288] {dag.py:2927} INFO - Setting next_dagrun for tutorial_taskflow_api_etl to None, run_after=None
[2024-04-04 20:34:57,303] {processor.py:161} INFO - Processing /home/dimitri/dimitri/airflowalura/venv/lib/python3.10/site-packages/airflow/example_dags/tutorial_taskflow_api_etl.py took 0.052 seconds
[2024-04-04 20:35:30,156] {processor.py:153} INFO - Started process (PID=571769) to work on /home/dimitri/dimitri/airflowalura/venv/lib/python3.10/site-packages/airflow/example_dags/tutorial_taskflow_api_etl.py
[2024-04-04 20:35:30,158] {processor.py:641} INFO - Processing file /home/dimitri/dimitri/airflowalura/venv/lib/python3.10/site-packages/airflow/example_dags/tutorial_taskflow_api_etl.py for tasks to queue
[2024-04-04 20:35:30,158] {logging_mixin.py:115} INFO - [2024-04-04 20:35:30,158] {dagbag.py:507} INFO - Filling up the DagBag from /home/dimitri/dimitri/airflowalura/venv/lib/python3.10/site-packages/airflow/example_dags/tutorial_taskflow_api_etl.py
[2024-04-04 20:35:30,170] {processor.py:651} INFO - DAG(s) dict_keys(['tutorial_taskflow_api_etl']) retrieved from /home/dimitri/dimitri/airflowalura/venv/lib/python3.10/site-packages/airflow/example_dags/tutorial_taskflow_api_etl.py
[2024-04-04 20:35:30,180] {logging_mixin.py:115} INFO - [2024-04-04 20:35:30,180] {dag.py:2379} INFO - Sync 1 DAGs
[2024-04-04 20:35:30,190] {logging_mixin.py:115} INFO - [2024-04-04 20:35:30,190] {dag.py:2927} INFO - Setting next_dagrun for tutorial_taskflow_api_etl to None, run_after=None
[2024-04-04 20:35:30,210] {processor.py:161} INFO - Processing /home/dimitri/dimitri/airflowalura/venv/lib/python3.10/site-packages/airflow/example_dags/tutorial_taskflow_api_etl.py took 0.056 seconds
[2024-04-04 20:36:02,485] {processor.py:153} INFO - Started process (PID=571892) to work on /home/dimitri/dimitri/airflowalura/venv/lib/python3.10/site-packages/airflow/example_dags/tutorial_taskflow_api_etl.py
[2024-04-04 20:36:02,486] {processor.py:641} INFO - Processing file /home/dimitri/dimitri/airflowalura/venv/lib/python3.10/site-packages/airflow/example_dags/tutorial_taskflow_api_etl.py for tasks to queue
[2024-04-04 20:36:02,486] {logging_mixin.py:115} INFO - [2024-04-04 20:36:02,486] {dagbag.py:507} INFO - Filling up the DagBag from /home/dimitri/dimitri/airflowalura/venv/lib/python3.10/site-packages/airflow/example_dags/tutorial_taskflow_api_etl.py
[2024-04-04 20:36:02,502] {processor.py:651} INFO - DAG(s) dict_keys(['tutorial_taskflow_api_etl']) retrieved from /home/dimitri/dimitri/airflowalura/venv/lib/python3.10/site-packages/airflow/example_dags/tutorial_taskflow_api_etl.py
[2024-04-04 20:36:02,511] {logging_mixin.py:115} INFO - [2024-04-04 20:36:02,511] {dag.py:2379} INFO - Sync 1 DAGs
[2024-04-04 20:36:02,524] {logging_mixin.py:115} INFO - [2024-04-04 20:36:02,524] {dag.py:2927} INFO - Setting next_dagrun for tutorial_taskflow_api_etl to None, run_after=None
[2024-04-04 20:36:02,542] {processor.py:161} INFO - Processing /home/dimitri/dimitri/airflowalura/venv/lib/python3.10/site-packages/airflow/example_dags/tutorial_taskflow_api_etl.py took 0.059 seconds
[2024-04-04 20:36:15,424] {processor.py:153} INFO - Started process (PID=571958) to work on /home/dimitri/dimitri/airflowalura/venv/lib/python3.10/site-packages/airflow/example_dags/tutorial_taskflow_api_etl.py
[2024-04-04 20:36:15,425] {processor.py:641} INFO - Processing file /home/dimitri/dimitri/airflowalura/venv/lib/python3.10/site-packages/airflow/example_dags/tutorial_taskflow_api_etl.py for tasks to queue
[2024-04-04 20:36:15,425] {logging_mixin.py:115} INFO - [2024-04-04 20:36:15,425] {dagbag.py:507} INFO - Filling up the DagBag from /home/dimitri/dimitri/airflowalura/venv/lib/python3.10/site-packages/airflow/example_dags/tutorial_taskflow_api_etl.py
[2024-04-04 20:36:15,436] {processor.py:651} INFO - DAG(s) dict_keys(['tutorial_taskflow_api_etl']) retrieved from /home/dimitri/dimitri/airflowalura/venv/lib/python3.10/site-packages/airflow/example_dags/tutorial_taskflow_api_etl.py
[2024-04-04 20:36:15,459] {logging_mixin.py:115} INFO - [2024-04-04 20:36:15,459] {dag.py:2379} INFO - Sync 1 DAGs
[2024-04-04 20:36:15,467] {logging_mixin.py:115} INFO - [2024-04-04 20:36:15,467] {dag.py:2927} INFO - Setting next_dagrun for tutorial_taskflow_api_etl to None, run_after=None
[2024-04-04 20:36:15,483] {processor.py:161} INFO - Processing /home/dimitri/dimitri/airflowalura/venv/lib/python3.10/site-packages/airflow/example_dags/tutorial_taskflow_api_etl.py took 0.062 seconds
[2024-04-04 20:36:48,275] {processor.py:153} INFO - Started process (PID=572088) to work on /home/dimitri/dimitri/airflowalura/venv/lib/python3.10/site-packages/airflow/example_dags/tutorial_taskflow_api_etl.py
[2024-04-04 20:36:48,276] {processor.py:641} INFO - Processing file /home/dimitri/dimitri/airflowalura/venv/lib/python3.10/site-packages/airflow/example_dags/tutorial_taskflow_api_etl.py for tasks to queue
[2024-04-04 20:36:48,276] {logging_mixin.py:115} INFO - [2024-04-04 20:36:48,276] {dagbag.py:507} INFO - Filling up the DagBag from /home/dimitri/dimitri/airflowalura/venv/lib/python3.10/site-packages/airflow/example_dags/tutorial_taskflow_api_etl.py
[2024-04-04 20:36:48,290] {processor.py:651} INFO - DAG(s) dict_keys(['tutorial_taskflow_api_etl']) retrieved from /home/dimitri/dimitri/airflowalura/venv/lib/python3.10/site-packages/airflow/example_dags/tutorial_taskflow_api_etl.py
[2024-04-04 20:36:48,317] {logging_mixin.py:115} INFO - [2024-04-04 20:36:48,317] {dag.py:2379} INFO - Sync 1 DAGs
[2024-04-04 20:36:48,325] {logging_mixin.py:115} INFO - [2024-04-04 20:36:48,325] {dag.py:2927} INFO - Setting next_dagrun for tutorial_taskflow_api_etl to None, run_after=None
[2024-04-04 20:36:48,341] {processor.py:161} INFO - Processing /home/dimitri/dimitri/airflowalura/venv/lib/python3.10/site-packages/airflow/example_dags/tutorial_taskflow_api_etl.py took 0.068 seconds
[2024-04-04 20:37:23,304] {processor.py:153} INFO - Started process (PID=572225) to work on /home/dimitri/dimitri/airflowalura/venv/lib/python3.10/site-packages/airflow/example_dags/tutorial_taskflow_api_etl.py
[2024-04-04 20:37:23,307] {processor.py:641} INFO - Processing file /home/dimitri/dimitri/airflowalura/venv/lib/python3.10/site-packages/airflow/example_dags/tutorial_taskflow_api_etl.py for tasks to queue
[2024-04-04 20:37:23,307] {logging_mixin.py:115} INFO - [2024-04-04 20:37:23,307] {dagbag.py:507} INFO - Filling up the DagBag from /home/dimitri/dimitri/airflowalura/venv/lib/python3.10/site-packages/airflow/example_dags/tutorial_taskflow_api_etl.py
[2024-04-04 20:37:23,319] {processor.py:651} INFO - DAG(s) dict_keys(['tutorial_taskflow_api_etl']) retrieved from /home/dimitri/dimitri/airflowalura/venv/lib/python3.10/site-packages/airflow/example_dags/tutorial_taskflow_api_etl.py
[2024-04-04 20:37:23,327] {logging_mixin.py:115} INFO - [2024-04-04 20:37:23,326] {dag.py:2379} INFO - Sync 1 DAGs
[2024-04-04 20:37:23,336] {logging_mixin.py:115} INFO - [2024-04-04 20:37:23,336] {dag.py:2927} INFO - Setting next_dagrun for tutorial_taskflow_api_etl to None, run_after=None
[2024-04-04 20:37:23,352] {processor.py:161} INFO - Processing /home/dimitri/dimitri/airflowalura/venv/lib/python3.10/site-packages/airflow/example_dags/tutorial_taskflow_api_etl.py took 0.050 seconds
[2024-04-04 20:37:56,293] {processor.py:153} INFO - Started process (PID=572358) to work on /home/dimitri/dimitri/airflowalura/venv/lib/python3.10/site-packages/airflow/example_dags/tutorial_taskflow_api_etl.py
[2024-04-04 20:37:56,295] {processor.py:641} INFO - Processing file /home/dimitri/dimitri/airflowalura/venv/lib/python3.10/site-packages/airflow/example_dags/tutorial_taskflow_api_etl.py for tasks to queue
[2024-04-04 20:37:56,296] {logging_mixin.py:115} INFO - [2024-04-04 20:37:56,296] {dagbag.py:507} INFO - Filling up the DagBag from /home/dimitri/dimitri/airflowalura/venv/lib/python3.10/site-packages/airflow/example_dags/tutorial_taskflow_api_etl.py
[2024-04-04 20:37:56,308] {processor.py:651} INFO - DAG(s) dict_keys(['tutorial_taskflow_api_etl']) retrieved from /home/dimitri/dimitri/airflowalura/venv/lib/python3.10/site-packages/airflow/example_dags/tutorial_taskflow_api_etl.py
[2024-04-04 20:37:56,317] {logging_mixin.py:115} INFO - [2024-04-04 20:37:56,317] {dag.py:2379} INFO - Sync 1 DAGs
[2024-04-04 20:37:56,326] {logging_mixin.py:115} INFO - [2024-04-04 20:37:56,326] {dag.py:2927} INFO - Setting next_dagrun for tutorial_taskflow_api_etl to None, run_after=None
[2024-04-04 20:37:56,342] {processor.py:161} INFO - Processing /home/dimitri/dimitri/airflowalura/venv/lib/python3.10/site-packages/airflow/example_dags/tutorial_taskflow_api_etl.py took 0.052 seconds
[2024-04-04 20:38:31,141] {processor.py:153} INFO - Started process (PID=572497) to work on /home/dimitri/dimitri/airflowalura/venv/lib/python3.10/site-packages/airflow/example_dags/tutorial_taskflow_api_etl.py
[2024-04-04 20:38:31,144] {processor.py:641} INFO - Processing file /home/dimitri/dimitri/airflowalura/venv/lib/python3.10/site-packages/airflow/example_dags/tutorial_taskflow_api_etl.py for tasks to queue
[2024-04-04 20:38:31,144] {logging_mixin.py:115} INFO - [2024-04-04 20:38:31,144] {dagbag.py:507} INFO - Filling up the DagBag from /home/dimitri/dimitri/airflowalura/venv/lib/python3.10/site-packages/airflow/example_dags/tutorial_taskflow_api_etl.py
[2024-04-04 20:38:31,161] {processor.py:651} INFO - DAG(s) dict_keys(['tutorial_taskflow_api_etl']) retrieved from /home/dimitri/dimitri/airflowalura/venv/lib/python3.10/site-packages/airflow/example_dags/tutorial_taskflow_api_etl.py
[2024-04-04 20:38:31,170] {logging_mixin.py:115} INFO - [2024-04-04 20:38:31,170] {dag.py:2379} INFO - Sync 1 DAGs
[2024-04-04 20:38:31,181] {logging_mixin.py:115} INFO - [2024-04-04 20:38:31,180] {dag.py:2927} INFO - Setting next_dagrun for tutorial_taskflow_api_etl to None, run_after=None
[2024-04-04 20:38:31,196] {processor.py:161} INFO - Processing /home/dimitri/dimitri/airflowalura/venv/lib/python3.10/site-packages/airflow/example_dags/tutorial_taskflow_api_etl.py took 0.057 seconds
[2024-04-04 20:39:05,890] {processor.py:153} INFO - Started process (PID=572635) to work on /home/dimitri/dimitri/airflowalura/venv/lib/python3.10/site-packages/airflow/example_dags/tutorial_taskflow_api_etl.py
[2024-04-04 20:39:05,892] {processor.py:641} INFO - Processing file /home/dimitri/dimitri/airflowalura/venv/lib/python3.10/site-packages/airflow/example_dags/tutorial_taskflow_api_etl.py for tasks to queue
[2024-04-04 20:39:05,893] {logging_mixin.py:115} INFO - [2024-04-04 20:39:05,893] {dagbag.py:507} INFO - Filling up the DagBag from /home/dimitri/dimitri/airflowalura/venv/lib/python3.10/site-packages/airflow/example_dags/tutorial_taskflow_api_etl.py
[2024-04-04 20:39:05,904] {processor.py:651} INFO - DAG(s) dict_keys(['tutorial_taskflow_api_etl']) retrieved from /home/dimitri/dimitri/airflowalura/venv/lib/python3.10/site-packages/airflow/example_dags/tutorial_taskflow_api_etl.py
[2024-04-04 20:39:05,913] {logging_mixin.py:115} INFO - [2024-04-04 20:39:05,913] {dag.py:2379} INFO - Sync 1 DAGs
[2024-04-04 20:39:05,922] {logging_mixin.py:115} INFO - [2024-04-04 20:39:05,922] {dag.py:2927} INFO - Setting next_dagrun for tutorial_taskflow_api_etl to None, run_after=None
[2024-04-04 20:39:05,936] {processor.py:161} INFO - Processing /home/dimitri/dimitri/airflowalura/venv/lib/python3.10/site-packages/airflow/example_dags/tutorial_taskflow_api_etl.py took 0.048 seconds
[2024-04-04 20:39:37,947] {processor.py:153} INFO - Started process (PID=572759) to work on /home/dimitri/dimitri/airflowalura/venv/lib/python3.10/site-packages/airflow/example_dags/tutorial_taskflow_api_etl.py
[2024-04-04 20:39:37,949] {processor.py:641} INFO - Processing file /home/dimitri/dimitri/airflowalura/venv/lib/python3.10/site-packages/airflow/example_dags/tutorial_taskflow_api_etl.py for tasks to queue
[2024-04-04 20:39:37,950] {logging_mixin.py:115} INFO - [2024-04-04 20:39:37,950] {dagbag.py:507} INFO - Filling up the DagBag from /home/dimitri/dimitri/airflowalura/venv/lib/python3.10/site-packages/airflow/example_dags/tutorial_taskflow_api_etl.py
[2024-04-04 20:39:37,962] {processor.py:651} INFO - DAG(s) dict_keys(['tutorial_taskflow_api_etl']) retrieved from /home/dimitri/dimitri/airflowalura/venv/lib/python3.10/site-packages/airflow/example_dags/tutorial_taskflow_api_etl.py
[2024-04-04 20:39:37,970] {logging_mixin.py:115} INFO - [2024-04-04 20:39:37,970] {dag.py:2379} INFO - Sync 1 DAGs
[2024-04-04 20:39:37,979] {logging_mixin.py:115} INFO - [2024-04-04 20:39:37,979] {dag.py:2927} INFO - Setting next_dagrun for tutorial_taskflow_api_etl to None, run_after=None
[2024-04-04 20:39:37,995] {processor.py:161} INFO - Processing /home/dimitri/dimitri/airflowalura/venv/lib/python3.10/site-packages/airflow/example_dags/tutorial_taskflow_api_etl.py took 0.050 seconds
[2024-04-04 20:40:11,568] {processor.py:153} INFO - Started process (PID=572892) to work on /home/dimitri/dimitri/airflowalura/venv/lib/python3.10/site-packages/airflow/example_dags/tutorial_taskflow_api_etl.py
[2024-04-04 20:40:11,571] {processor.py:641} INFO - Processing file /home/dimitri/dimitri/airflowalura/venv/lib/python3.10/site-packages/airflow/example_dags/tutorial_taskflow_api_etl.py for tasks to queue
[2024-04-04 20:40:11,571] {logging_mixin.py:115} INFO - [2024-04-04 20:40:11,571] {dagbag.py:507} INFO - Filling up the DagBag from /home/dimitri/dimitri/airflowalura/venv/lib/python3.10/site-packages/airflow/example_dags/tutorial_taskflow_api_etl.py
[2024-04-04 20:40:11,583] {processor.py:651} INFO - DAG(s) dict_keys(['tutorial_taskflow_api_etl']) retrieved from /home/dimitri/dimitri/airflowalura/venv/lib/python3.10/site-packages/airflow/example_dags/tutorial_taskflow_api_etl.py
[2024-04-04 20:40:11,591] {logging_mixin.py:115} INFO - [2024-04-04 20:40:11,591] {dag.py:2379} INFO - Sync 1 DAGs
[2024-04-04 20:40:11,600] {logging_mixin.py:115} INFO - [2024-04-04 20:40:11,600] {dag.py:2927} INFO - Setting next_dagrun for tutorial_taskflow_api_etl to None, run_after=None
[2024-04-04 20:40:11,616] {processor.py:161} INFO - Processing /home/dimitri/dimitri/airflowalura/venv/lib/python3.10/site-packages/airflow/example_dags/tutorial_taskflow_api_etl.py took 0.050 seconds
[2024-04-04 20:40:46,161] {processor.py:153} INFO - Started process (PID=573028) to work on /home/dimitri/dimitri/airflowalura/venv/lib/python3.10/site-packages/airflow/example_dags/tutorial_taskflow_api_etl.py
[2024-04-04 20:40:46,163] {processor.py:641} INFO - Processing file /home/dimitri/dimitri/airflowalura/venv/lib/python3.10/site-packages/airflow/example_dags/tutorial_taskflow_api_etl.py for tasks to queue
[2024-04-04 20:40:46,164] {logging_mixin.py:115} INFO - [2024-04-04 20:40:46,164] {dagbag.py:507} INFO - Filling up the DagBag from /home/dimitri/dimitri/airflowalura/venv/lib/python3.10/site-packages/airflow/example_dags/tutorial_taskflow_api_etl.py
[2024-04-04 20:40:46,178] {processor.py:651} INFO - DAG(s) dict_keys(['tutorial_taskflow_api_etl']) retrieved from /home/dimitri/dimitri/airflowalura/venv/lib/python3.10/site-packages/airflow/example_dags/tutorial_taskflow_api_etl.py
[2024-04-04 20:40:46,192] {logging_mixin.py:115} INFO - [2024-04-04 20:40:46,192] {dag.py:2379} INFO - Sync 1 DAGs
[2024-04-04 20:40:46,203] {logging_mixin.py:115} INFO - [2024-04-04 20:40:46,203] {dag.py:2927} INFO - Setting next_dagrun for tutorial_taskflow_api_etl to None, run_after=None
[2024-04-04 20:40:46,220] {processor.py:161} INFO - Processing /home/dimitri/dimitri/airflowalura/venv/lib/python3.10/site-packages/airflow/example_dags/tutorial_taskflow_api_etl.py took 0.061 seconds
[2024-04-04 20:41:03,780] {processor.py:153} INFO - Started process (PID=573105) to work on /home/dimitri/dimitri/airflowalura/venv/lib/python3.10/site-packages/airflow/example_dags/tutorial_taskflow_api_etl.py
[2024-04-04 20:41:03,781] {processor.py:641} INFO - Processing file /home/dimitri/dimitri/airflowalura/venv/lib/python3.10/site-packages/airflow/example_dags/tutorial_taskflow_api_etl.py for tasks to queue
[2024-04-04 20:41:03,782] {logging_mixin.py:115} INFO - [2024-04-04 20:41:03,782] {dagbag.py:507} INFO - Filling up the DagBag from /home/dimitri/dimitri/airflowalura/venv/lib/python3.10/site-packages/airflow/example_dags/tutorial_taskflow_api_etl.py
[2024-04-04 20:41:03,794] {processor.py:651} INFO - DAG(s) dict_keys(['tutorial_taskflow_api_etl']) retrieved from /home/dimitri/dimitri/airflowalura/venv/lib/python3.10/site-packages/airflow/example_dags/tutorial_taskflow_api_etl.py
[2024-04-04 20:41:03,817] {logging_mixin.py:115} INFO - [2024-04-04 20:41:03,817] {dag.py:2379} INFO - Sync 1 DAGs
[2024-04-04 20:41:03,825] {logging_mixin.py:115} INFO - [2024-04-04 20:41:03,825] {dag.py:2927} INFO - Setting next_dagrun for tutorial_taskflow_api_etl to None, run_after=None
[2024-04-04 20:41:03,841] {processor.py:161} INFO - Processing /home/dimitri/dimitri/airflowalura/venv/lib/python3.10/site-packages/airflow/example_dags/tutorial_taskflow_api_etl.py took 0.063 seconds
[2024-04-04 20:41:36,945] {processor.py:153} INFO - Started process (PID=573242) to work on /home/dimitri/dimitri/airflowalura/venv/lib/python3.10/site-packages/airflow/example_dags/tutorial_taskflow_api_etl.py
[2024-04-04 20:41:36,946] {processor.py:641} INFO - Processing file /home/dimitri/dimitri/airflowalura/venv/lib/python3.10/site-packages/airflow/example_dags/tutorial_taskflow_api_etl.py for tasks to queue
[2024-04-04 20:41:36,947] {logging_mixin.py:115} INFO - [2024-04-04 20:41:36,947] {dagbag.py:507} INFO - Filling up the DagBag from /home/dimitri/dimitri/airflowalura/venv/lib/python3.10/site-packages/airflow/example_dags/tutorial_taskflow_api_etl.py
[2024-04-04 20:41:36,962] {processor.py:651} INFO - DAG(s) dict_keys(['tutorial_taskflow_api_etl']) retrieved from /home/dimitri/dimitri/airflowalura/venv/lib/python3.10/site-packages/airflow/example_dags/tutorial_taskflow_api_etl.py
[2024-04-04 20:41:36,994] {logging_mixin.py:115} INFO - [2024-04-04 20:41:36,994] {dag.py:2379} INFO - Sync 1 DAGs
[2024-04-04 20:41:37,003] {logging_mixin.py:115} INFO - [2024-04-04 20:41:37,003] {dag.py:2927} INFO - Setting next_dagrun for tutorial_taskflow_api_etl to None, run_after=None
[2024-04-04 20:41:37,020] {processor.py:161} INFO - Processing /home/dimitri/dimitri/airflowalura/venv/lib/python3.10/site-packages/airflow/example_dags/tutorial_taskflow_api_etl.py took 0.077 seconds
[2024-04-04 20:42:13,187] {processor.py:153} INFO - Started process (PID=573390) to work on /home/dimitri/dimitri/airflowalura/venv/lib/python3.10/site-packages/airflow/example_dags/tutorial_taskflow_api_etl.py
[2024-04-04 20:42:13,188] {processor.py:641} INFO - Processing file /home/dimitri/dimitri/airflowalura/venv/lib/python3.10/site-packages/airflow/example_dags/tutorial_taskflow_api_etl.py for tasks to queue
[2024-04-04 20:42:13,188] {logging_mixin.py:115} INFO - [2024-04-04 20:42:13,188] {dagbag.py:507} INFO - Filling up the DagBag from /home/dimitri/dimitri/airflowalura/venv/lib/python3.10/site-packages/airflow/example_dags/tutorial_taskflow_api_etl.py
[2024-04-04 20:42:13,202] {processor.py:651} INFO - DAG(s) dict_keys(['tutorial_taskflow_api_etl']) retrieved from /home/dimitri/dimitri/airflowalura/venv/lib/python3.10/site-packages/airflow/example_dags/tutorial_taskflow_api_etl.py
[2024-04-04 20:42:13,211] {logging_mixin.py:115} INFO - [2024-04-04 20:42:13,211] {dag.py:2379} INFO - Sync 1 DAGs
[2024-04-04 20:42:13,223] {logging_mixin.py:115} INFO - [2024-04-04 20:42:13,223] {dag.py:2927} INFO - Setting next_dagrun for tutorial_taskflow_api_etl to None, run_after=None
[2024-04-04 20:42:13,239] {processor.py:161} INFO - Processing /home/dimitri/dimitri/airflowalura/venv/lib/python3.10/site-packages/airflow/example_dags/tutorial_taskflow_api_etl.py took 0.054 seconds
[2024-04-04 20:42:47,207] {processor.py:153} INFO - Started process (PID=573521) to work on /home/dimitri/dimitri/airflowalura/venv/lib/python3.10/site-packages/airflow/example_dags/tutorial_taskflow_api_etl.py
[2024-04-04 20:42:47,209] {processor.py:641} INFO - Processing file /home/dimitri/dimitri/airflowalura/venv/lib/python3.10/site-packages/airflow/example_dags/tutorial_taskflow_api_etl.py for tasks to queue
[2024-04-04 20:42:47,209] {logging_mixin.py:115} INFO - [2024-04-04 20:42:47,209] {dagbag.py:507} INFO - Filling up the DagBag from /home/dimitri/dimitri/airflowalura/venv/lib/python3.10/site-packages/airflow/example_dags/tutorial_taskflow_api_etl.py
[2024-04-04 20:42:47,223] {processor.py:651} INFO - DAG(s) dict_keys(['tutorial_taskflow_api_etl']) retrieved from /home/dimitri/dimitri/airflowalura/venv/lib/python3.10/site-packages/airflow/example_dags/tutorial_taskflow_api_etl.py
[2024-04-04 20:42:47,232] {logging_mixin.py:115} INFO - [2024-04-04 20:42:47,232] {dag.py:2379} INFO - Sync 1 DAGs
[2024-04-04 20:42:47,244] {logging_mixin.py:115} INFO - [2024-04-04 20:42:47,244] {dag.py:2927} INFO - Setting next_dagrun for tutorial_taskflow_api_etl to None, run_after=None
[2024-04-04 20:42:47,260] {processor.py:161} INFO - Processing /home/dimitri/dimitri/airflowalura/venv/lib/python3.10/site-packages/airflow/example_dags/tutorial_taskflow_api_etl.py took 0.056 seconds
[2024-04-04 20:43:22,844] {processor.py:153} INFO - Started process (PID=573660) to work on /home/dimitri/dimitri/airflowalura/venv/lib/python3.10/site-packages/airflow/example_dags/tutorial_taskflow_api_etl.py
[2024-04-04 20:43:22,845] {processor.py:641} INFO - Processing file /home/dimitri/dimitri/airflowalura/venv/lib/python3.10/site-packages/airflow/example_dags/tutorial_taskflow_api_etl.py for tasks to queue
[2024-04-04 20:43:22,845] {logging_mixin.py:115} INFO - [2024-04-04 20:43:22,845] {dagbag.py:507} INFO - Filling up the DagBag from /home/dimitri/dimitri/airflowalura/venv/lib/python3.10/site-packages/airflow/example_dags/tutorial_taskflow_api_etl.py
[2024-04-04 20:43:22,859] {processor.py:651} INFO - DAG(s) dict_keys(['tutorial_taskflow_api_etl']) retrieved from /home/dimitri/dimitri/airflowalura/venv/lib/python3.10/site-packages/airflow/example_dags/tutorial_taskflow_api_etl.py
[2024-04-04 20:43:22,869] {logging_mixin.py:115} INFO - [2024-04-04 20:43:22,869] {dag.py:2379} INFO - Sync 1 DAGs
[2024-04-04 20:43:22,880] {logging_mixin.py:115} INFO - [2024-04-04 20:43:22,880] {dag.py:2927} INFO - Setting next_dagrun for tutorial_taskflow_api_etl to None, run_after=None
[2024-04-04 20:43:22,898] {processor.py:161} INFO - Processing /home/dimitri/dimitri/airflowalura/venv/lib/python3.10/site-packages/airflow/example_dags/tutorial_taskflow_api_etl.py took 0.057 seconds
[2024-04-04 20:43:55,458] {processor.py:153} INFO - Started process (PID=573791) to work on /home/dimitri/dimitri/airflowalura/venv/lib/python3.10/site-packages/airflow/example_dags/tutorial_taskflow_api_etl.py
[2024-04-04 20:43:55,461] {processor.py:641} INFO - Processing file /home/dimitri/dimitri/airflowalura/venv/lib/python3.10/site-packages/airflow/example_dags/tutorial_taskflow_api_etl.py for tasks to queue
[2024-04-04 20:43:55,461] {logging_mixin.py:115} INFO - [2024-04-04 20:43:55,461] {dagbag.py:507} INFO - Filling up the DagBag from /home/dimitri/dimitri/airflowalura/venv/lib/python3.10/site-packages/airflow/example_dags/tutorial_taskflow_api_etl.py
[2024-04-04 20:43:55,476] {processor.py:651} INFO - DAG(s) dict_keys(['tutorial_taskflow_api_etl']) retrieved from /home/dimitri/dimitri/airflowalura/venv/lib/python3.10/site-packages/airflow/example_dags/tutorial_taskflow_api_etl.py
[2024-04-04 20:43:55,487] {logging_mixin.py:115} INFO - [2024-04-04 20:43:55,487] {dag.py:2379} INFO - Sync 1 DAGs
[2024-04-04 20:43:55,498] {logging_mixin.py:115} INFO - [2024-04-04 20:43:55,498] {dag.py:2927} INFO - Setting next_dagrun for tutorial_taskflow_api_etl to None, run_after=None
[2024-04-04 20:43:55,515] {processor.py:161} INFO - Processing /home/dimitri/dimitri/airflowalura/venv/lib/python3.10/site-packages/airflow/example_dags/tutorial_taskflow_api_etl.py took 0.058 seconds
[2024-04-04 20:44:28,814] {processor.py:153} INFO - Started process (PID=573921) to work on /home/dimitri/dimitri/airflowalura/venv/lib/python3.10/site-packages/airflow/example_dags/tutorial_taskflow_api_etl.py
[2024-04-04 20:44:28,818] {processor.py:641} INFO - Processing file /home/dimitri/dimitri/airflowalura/venv/lib/python3.10/site-packages/airflow/example_dags/tutorial_taskflow_api_etl.py for tasks to queue
[2024-04-04 20:44:28,818] {logging_mixin.py:115} INFO - [2024-04-04 20:44:28,818] {dagbag.py:507} INFO - Filling up the DagBag from /home/dimitri/dimitri/airflowalura/venv/lib/python3.10/site-packages/airflow/example_dags/tutorial_taskflow_api_etl.py
[2024-04-04 20:44:28,833] {processor.py:651} INFO - DAG(s) dict_keys(['tutorial_taskflow_api_etl']) retrieved from /home/dimitri/dimitri/airflowalura/venv/lib/python3.10/site-packages/airflow/example_dags/tutorial_taskflow_api_etl.py
[2024-04-04 20:44:28,843] {logging_mixin.py:115} INFO - [2024-04-04 20:44:28,843] {dag.py:2379} INFO - Sync 1 DAGs
[2024-04-04 20:44:28,854] {logging_mixin.py:115} INFO - [2024-04-04 20:44:28,854] {dag.py:2927} INFO - Setting next_dagrun for tutorial_taskflow_api_etl to None, run_after=None
[2024-04-04 20:44:28,869] {processor.py:161} INFO - Processing /home/dimitri/dimitri/airflowalura/venv/lib/python3.10/site-packages/airflow/example_dags/tutorial_taskflow_api_etl.py took 0.057 seconds
[2024-04-04 20:45:01,280] {processor.py:153} INFO - Started process (PID=574044) to work on /home/dimitri/dimitri/airflowalura/venv/lib/python3.10/site-packages/airflow/example_dags/tutorial_taskflow_api_etl.py
[2024-04-04 20:45:01,283] {processor.py:641} INFO - Processing file /home/dimitri/dimitri/airflowalura/venv/lib/python3.10/site-packages/airflow/example_dags/tutorial_taskflow_api_etl.py for tasks to queue
[2024-04-04 20:45:01,283] {logging_mixin.py:115} INFO - [2024-04-04 20:45:01,283] {dagbag.py:507} INFO - Filling up the DagBag from /home/dimitri/dimitri/airflowalura/venv/lib/python3.10/site-packages/airflow/example_dags/tutorial_taskflow_api_etl.py
[2024-04-04 20:45:01,296] {processor.py:651} INFO - DAG(s) dict_keys(['tutorial_taskflow_api_etl']) retrieved from /home/dimitri/dimitri/airflowalura/venv/lib/python3.10/site-packages/airflow/example_dags/tutorial_taskflow_api_etl.py
[2024-04-04 20:45:01,310] {logging_mixin.py:115} INFO - [2024-04-04 20:45:01,310] {dag.py:2379} INFO - Sync 1 DAGs
[2024-04-04 20:45:01,327] {logging_mixin.py:115} INFO - [2024-04-04 20:45:01,327] {dag.py:2927} INFO - Setting next_dagrun for tutorial_taskflow_api_etl to None, run_after=None
[2024-04-04 20:45:01,350] {processor.py:161} INFO - Processing /home/dimitri/dimitri/airflowalura/venv/lib/python3.10/site-packages/airflow/example_dags/tutorial_taskflow_api_etl.py took 0.072 seconds
[2024-04-04 20:45:35,937] {processor.py:153} INFO - Started process (PID=574182) to work on /home/dimitri/dimitri/airflowalura/venv/lib/python3.10/site-packages/airflow/example_dags/tutorial_taskflow_api_etl.py
[2024-04-04 20:45:35,940] {processor.py:641} INFO - Processing file /home/dimitri/dimitri/airflowalura/venv/lib/python3.10/site-packages/airflow/example_dags/tutorial_taskflow_api_etl.py for tasks to queue
[2024-04-04 20:45:35,940] {logging_mixin.py:115} INFO - [2024-04-04 20:45:35,940] {dagbag.py:507} INFO - Filling up the DagBag from /home/dimitri/dimitri/airflowalura/venv/lib/python3.10/site-packages/airflow/example_dags/tutorial_taskflow_api_etl.py
[2024-04-04 20:45:35,954] {processor.py:651} INFO - DAG(s) dict_keys(['tutorial_taskflow_api_etl']) retrieved from /home/dimitri/dimitri/airflowalura/venv/lib/python3.10/site-packages/airflow/example_dags/tutorial_taskflow_api_etl.py
[2024-04-04 20:45:35,962] {logging_mixin.py:115} INFO - [2024-04-04 20:45:35,962] {dag.py:2379} INFO - Sync 1 DAGs
[2024-04-04 20:45:35,975] {logging_mixin.py:115} INFO - [2024-04-04 20:45:35,975] {dag.py:2927} INFO - Setting next_dagrun for tutorial_taskflow_api_etl to None, run_after=None
[2024-04-04 20:45:35,990] {processor.py:161} INFO - Processing /home/dimitri/dimitri/airflowalura/venv/lib/python3.10/site-packages/airflow/example_dags/tutorial_taskflow_api_etl.py took 0.055 seconds
[2024-04-04 20:46:10,948] {processor.py:153} INFO - Started process (PID=574321) to work on /home/dimitri/dimitri/airflowalura/venv/lib/python3.10/site-packages/airflow/example_dags/tutorial_taskflow_api_etl.py
[2024-04-04 20:46:10,950] {processor.py:641} INFO - Processing file /home/dimitri/dimitri/airflowalura/venv/lib/python3.10/site-packages/airflow/example_dags/tutorial_taskflow_api_etl.py for tasks to queue
[2024-04-04 20:46:10,951] {logging_mixin.py:115} INFO - [2024-04-04 20:46:10,951] {dagbag.py:507} INFO - Filling up the DagBag from /home/dimitri/dimitri/airflowalura/venv/lib/python3.10/site-packages/airflow/example_dags/tutorial_taskflow_api_etl.py
[2024-04-04 20:46:10,968] {processor.py:651} INFO - DAG(s) dict_keys(['tutorial_taskflow_api_etl']) retrieved from /home/dimitri/dimitri/airflowalura/venv/lib/python3.10/site-packages/airflow/example_dags/tutorial_taskflow_api_etl.py
[2024-04-04 20:46:10,996] {logging_mixin.py:115} INFO - [2024-04-04 20:46:10,996] {dag.py:2379} INFO - Sync 1 DAGs
[2024-04-04 20:46:11,005] {logging_mixin.py:115} INFO - [2024-04-04 20:46:11,005] {dag.py:2927} INFO - Setting next_dagrun for tutorial_taskflow_api_etl to None, run_after=None
[2024-04-04 20:46:11,021] {processor.py:161} INFO - Processing /home/dimitri/dimitri/airflowalura/venv/lib/python3.10/site-packages/airflow/example_dags/tutorial_taskflow_api_etl.py took 0.075 seconds
[2024-04-04 20:46:43,556] {processor.py:153} INFO - Started process (PID=574450) to work on /home/dimitri/dimitri/airflowalura/venv/lib/python3.10/site-packages/airflow/example_dags/tutorial_taskflow_api_etl.py
[2024-04-04 20:46:43,557] {processor.py:641} INFO - Processing file /home/dimitri/dimitri/airflowalura/venv/lib/python3.10/site-packages/airflow/example_dags/tutorial_taskflow_api_etl.py for tasks to queue
[2024-04-04 20:46:43,557] {logging_mixin.py:115} INFO - [2024-04-04 20:46:43,557] {dagbag.py:507} INFO - Filling up the DagBag from /home/dimitri/dimitri/airflowalura/venv/lib/python3.10/site-packages/airflow/example_dags/tutorial_taskflow_api_etl.py
[2024-04-04 20:46:43,574] {processor.py:651} INFO - DAG(s) dict_keys(['tutorial_taskflow_api_etl']) retrieved from /home/dimitri/dimitri/airflowalura/venv/lib/python3.10/site-packages/airflow/example_dags/tutorial_taskflow_api_etl.py
[2024-04-04 20:46:43,584] {logging_mixin.py:115} INFO - [2024-04-04 20:46:43,584] {dag.py:2379} INFO - Sync 1 DAGs
[2024-04-04 20:46:43,599] {logging_mixin.py:115} INFO - [2024-04-04 20:46:43,599] {dag.py:2927} INFO - Setting next_dagrun for tutorial_taskflow_api_etl to None, run_after=None
[2024-04-04 20:46:43,616] {processor.py:161} INFO - Processing /home/dimitri/dimitri/airflowalura/venv/lib/python3.10/site-packages/airflow/example_dags/tutorial_taskflow_api_etl.py took 0.062 seconds
[2024-04-04 20:47:16,254] {processor.py:153} INFO - Started process (PID=574591) to work on /home/dimitri/dimitri/airflowalura/venv/lib/python3.10/site-packages/airflow/example_dags/tutorial_taskflow_api_etl.py
[2024-04-04 20:47:16,257] {processor.py:641} INFO - Processing file /home/dimitri/dimitri/airflowalura/venv/lib/python3.10/site-packages/airflow/example_dags/tutorial_taskflow_api_etl.py for tasks to queue
[2024-04-04 20:47:16,258] {logging_mixin.py:115} INFO - [2024-04-04 20:47:16,257] {dagbag.py:507} INFO - Filling up the DagBag from /home/dimitri/dimitri/airflowalura/venv/lib/python3.10/site-packages/airflow/example_dags/tutorial_taskflow_api_etl.py
[2024-04-04 20:47:16,271] {processor.py:651} INFO - DAG(s) dict_keys(['tutorial_taskflow_api_etl']) retrieved from /home/dimitri/dimitri/airflowalura/venv/lib/python3.10/site-packages/airflow/example_dags/tutorial_taskflow_api_etl.py
[2024-04-04 20:47:16,280] {logging_mixin.py:115} INFO - [2024-04-04 20:47:16,280] {dag.py:2379} INFO - Sync 1 DAGs
[2024-04-04 20:47:16,291] {logging_mixin.py:115} INFO - [2024-04-04 20:47:16,291] {dag.py:2927} INFO - Setting next_dagrun for tutorial_taskflow_api_etl to None, run_after=None
[2024-04-04 20:47:16,309] {processor.py:161} INFO - Processing /home/dimitri/dimitri/airflowalura/venv/lib/python3.10/site-packages/airflow/example_dags/tutorial_taskflow_api_etl.py took 0.057 seconds
[2024-04-04 20:47:51,194] {processor.py:153} INFO - Started process (PID=574728) to work on /home/dimitri/dimitri/airflowalura/venv/lib/python3.10/site-packages/airflow/example_dags/tutorial_taskflow_api_etl.py
[2024-04-04 20:47:51,197] {processor.py:641} INFO - Processing file /home/dimitri/dimitri/airflowalura/venv/lib/python3.10/site-packages/airflow/example_dags/tutorial_taskflow_api_etl.py for tasks to queue
[2024-04-04 20:47:51,197] {logging_mixin.py:115} INFO - [2024-04-04 20:47:51,197] {dagbag.py:507} INFO - Filling up the DagBag from /home/dimitri/dimitri/airflowalura/venv/lib/python3.10/site-packages/airflow/example_dags/tutorial_taskflow_api_etl.py
[2024-04-04 20:47:51,211] {processor.py:651} INFO - DAG(s) dict_keys(['tutorial_taskflow_api_etl']) retrieved from /home/dimitri/dimitri/airflowalura/venv/lib/python3.10/site-packages/airflow/example_dags/tutorial_taskflow_api_etl.py
[2024-04-04 20:47:51,219] {logging_mixin.py:115} INFO - [2024-04-04 20:47:51,219] {dag.py:2379} INFO - Sync 1 DAGs
[2024-04-04 20:47:51,230] {logging_mixin.py:115} INFO - [2024-04-04 20:47:51,230] {dag.py:2927} INFO - Setting next_dagrun for tutorial_taskflow_api_etl to None, run_after=None
[2024-04-04 20:47:51,247] {processor.py:161} INFO - Processing /home/dimitri/dimitri/airflowalura/venv/lib/python3.10/site-packages/airflow/example_dags/tutorial_taskflow_api_etl.py took 0.055 seconds
[2024-04-04 20:48:23,825] {processor.py:153} INFO - Started process (PID=574861) to work on /home/dimitri/dimitri/airflowalura/venv/lib/python3.10/site-packages/airflow/example_dags/tutorial_taskflow_api_etl.py
[2024-04-04 20:48:23,828] {processor.py:641} INFO - Processing file /home/dimitri/dimitri/airflowalura/venv/lib/python3.10/site-packages/airflow/example_dags/tutorial_taskflow_api_etl.py for tasks to queue
[2024-04-04 20:48:23,828] {logging_mixin.py:115} INFO - [2024-04-04 20:48:23,828] {dagbag.py:507} INFO - Filling up the DagBag from /home/dimitri/dimitri/airflowalura/venv/lib/python3.10/site-packages/airflow/example_dags/tutorial_taskflow_api_etl.py
[2024-04-04 20:48:23,842] {processor.py:651} INFO - DAG(s) dict_keys(['tutorial_taskflow_api_etl']) retrieved from /home/dimitri/dimitri/airflowalura/venv/lib/python3.10/site-packages/airflow/example_dags/tutorial_taskflow_api_etl.py
[2024-04-04 20:48:23,853] {logging_mixin.py:115} INFO - [2024-04-04 20:48:23,852] {dag.py:2379} INFO - Sync 1 DAGs
[2024-04-04 20:48:23,863] {logging_mixin.py:115} INFO - [2024-04-04 20:48:23,863] {dag.py:2927} INFO - Setting next_dagrun for tutorial_taskflow_api_etl to None, run_after=None
[2024-04-04 20:48:23,881] {processor.py:161} INFO - Processing /home/dimitri/dimitri/airflowalura/venv/lib/python3.10/site-packages/airflow/example_dags/tutorial_taskflow_api_etl.py took 0.058 seconds
[2024-04-04 20:48:55,365] {processor.py:153} INFO - Started process (PID=574986) to work on /home/dimitri/dimitri/airflowalura/venv/lib/python3.10/site-packages/airflow/example_dags/tutorial_taskflow_api_etl.py
[2024-04-04 20:48:55,368] {processor.py:641} INFO - Processing file /home/dimitri/dimitri/airflowalura/venv/lib/python3.10/site-packages/airflow/example_dags/tutorial_taskflow_api_etl.py for tasks to queue
[2024-04-04 20:48:55,368] {logging_mixin.py:115} INFO - [2024-04-04 20:48:55,368] {dagbag.py:507} INFO - Filling up the DagBag from /home/dimitri/dimitri/airflowalura/venv/lib/python3.10/site-packages/airflow/example_dags/tutorial_taskflow_api_etl.py
[2024-04-04 20:48:55,381] {processor.py:651} INFO - DAG(s) dict_keys(['tutorial_taskflow_api_etl']) retrieved from /home/dimitri/dimitri/airflowalura/venv/lib/python3.10/site-packages/airflow/example_dags/tutorial_taskflow_api_etl.py
[2024-04-04 20:48:55,390] {logging_mixin.py:115} INFO - [2024-04-04 20:48:55,390] {dag.py:2379} INFO - Sync 1 DAGs
[2024-04-04 20:48:55,404] {logging_mixin.py:115} INFO - [2024-04-04 20:48:55,403] {dag.py:2927} INFO - Setting next_dagrun for tutorial_taskflow_api_etl to None, run_after=None
[2024-04-04 20:48:55,420] {processor.py:161} INFO - Processing /home/dimitri/dimitri/airflowalura/venv/lib/python3.10/site-packages/airflow/example_dags/tutorial_taskflow_api_etl.py took 0.057 seconds
[2024-04-04 20:49:27,937] {processor.py:153} INFO - Started process (PID=575110) to work on /home/dimitri/dimitri/airflowalura/venv/lib/python3.10/site-packages/airflow/example_dags/tutorial_taskflow_api_etl.py
[2024-04-04 20:49:27,940] {processor.py:641} INFO - Processing file /home/dimitri/dimitri/airflowalura/venv/lib/python3.10/site-packages/airflow/example_dags/tutorial_taskflow_api_etl.py for tasks to queue
[2024-04-04 20:49:27,940] {logging_mixin.py:115} INFO - [2024-04-04 20:49:27,940] {dagbag.py:507} INFO - Filling up the DagBag from /home/dimitri/dimitri/airflowalura/venv/lib/python3.10/site-packages/airflow/example_dags/tutorial_taskflow_api_etl.py
[2024-04-04 20:49:27,952] {processor.py:651} INFO - DAG(s) dict_keys(['tutorial_taskflow_api_etl']) retrieved from /home/dimitri/dimitri/airflowalura/venv/lib/python3.10/site-packages/airflow/example_dags/tutorial_taskflow_api_etl.py
[2024-04-04 20:49:27,960] {logging_mixin.py:115} INFO - [2024-04-04 20:49:27,960] {dag.py:2379} INFO - Sync 1 DAGs
[2024-04-04 20:49:27,970] {logging_mixin.py:115} INFO - [2024-04-04 20:49:27,970] {dag.py:2927} INFO - Setting next_dagrun for tutorial_taskflow_api_etl to None, run_after=None
[2024-04-04 20:49:27,986] {processor.py:161} INFO - Processing /home/dimitri/dimitri/airflowalura/venv/lib/python3.10/site-packages/airflow/example_dags/tutorial_taskflow_api_etl.py took 0.052 seconds
[2024-04-04 20:49:59,977] {processor.py:153} INFO - Started process (PID=575243) to work on /home/dimitri/dimitri/airflowalura/venv/lib/python3.10/site-packages/airflow/example_dags/tutorial_taskflow_api_etl.py
[2024-04-04 20:49:59,980] {processor.py:641} INFO - Processing file /home/dimitri/dimitri/airflowalura/venv/lib/python3.10/site-packages/airflow/example_dags/tutorial_taskflow_api_etl.py for tasks to queue
[2024-04-04 20:49:59,980] {logging_mixin.py:115} INFO - [2024-04-04 20:49:59,980] {dagbag.py:507} INFO - Filling up the DagBag from /home/dimitri/dimitri/airflowalura/venv/lib/python3.10/site-packages/airflow/example_dags/tutorial_taskflow_api_etl.py
[2024-04-04 20:49:59,994] {processor.py:651} INFO - DAG(s) dict_keys(['tutorial_taskflow_api_etl']) retrieved from /home/dimitri/dimitri/airflowalura/venv/lib/python3.10/site-packages/airflow/example_dags/tutorial_taskflow_api_etl.py
[2024-04-04 20:50:00,002] {logging_mixin.py:115} INFO - [2024-04-04 20:50:00,002] {dag.py:2379} INFO - Sync 1 DAGs
[2024-04-04 20:50:00,011] {logging_mixin.py:115} INFO - [2024-04-04 20:50:00,011] {dag.py:2927} INFO - Setting next_dagrun for tutorial_taskflow_api_etl to None, run_after=None
[2024-04-04 20:50:00,027] {processor.py:161} INFO - Processing /home/dimitri/dimitri/airflowalura/venv/lib/python3.10/site-packages/airflow/example_dags/tutorial_taskflow_api_etl.py took 0.053 seconds
[2024-04-04 20:50:33,769] {processor.py:153} INFO - Started process (PID=575374) to work on /home/dimitri/dimitri/airflowalura/venv/lib/python3.10/site-packages/airflow/example_dags/tutorial_taskflow_api_etl.py
[2024-04-04 20:50:33,770] {processor.py:641} INFO - Processing file /home/dimitri/dimitri/airflowalura/venv/lib/python3.10/site-packages/airflow/example_dags/tutorial_taskflow_api_etl.py for tasks to queue
[2024-04-04 20:50:33,771] {logging_mixin.py:115} INFO - [2024-04-04 20:50:33,771] {dagbag.py:507} INFO - Filling up the DagBag from /home/dimitri/dimitri/airflowalura/venv/lib/python3.10/site-packages/airflow/example_dags/tutorial_taskflow_api_etl.py
[2024-04-04 20:50:33,783] {processor.py:651} INFO - DAG(s) dict_keys(['tutorial_taskflow_api_etl']) retrieved from /home/dimitri/dimitri/airflowalura/venv/lib/python3.10/site-packages/airflow/example_dags/tutorial_taskflow_api_etl.py
[2024-04-04 20:50:33,792] {logging_mixin.py:115} INFO - [2024-04-04 20:50:33,792] {dag.py:2379} INFO - Sync 1 DAGs
[2024-04-04 20:50:33,804] {logging_mixin.py:115} INFO - [2024-04-04 20:50:33,804] {dag.py:2927} INFO - Setting next_dagrun for tutorial_taskflow_api_etl to None, run_after=None
[2024-04-04 20:50:33,818] {processor.py:161} INFO - Processing /home/dimitri/dimitri/airflowalura/venv/lib/python3.10/site-packages/airflow/example_dags/tutorial_taskflow_api_etl.py took 0.051 seconds
[2024-04-04 20:51:08,292] {processor.py:153} INFO - Started process (PID=575505) to work on /home/dimitri/dimitri/airflowalura/venv/lib/python3.10/site-packages/airflow/example_dags/tutorial_taskflow_api_etl.py
[2024-04-04 20:51:08,293] {processor.py:641} INFO - Processing file /home/dimitri/dimitri/airflowalura/venv/lib/python3.10/site-packages/airflow/example_dags/tutorial_taskflow_api_etl.py for tasks to queue
[2024-04-04 20:51:08,293] {logging_mixin.py:115} INFO - [2024-04-04 20:51:08,293] {dagbag.py:507} INFO - Filling up the DagBag from /home/dimitri/dimitri/airflowalura/venv/lib/python3.10/site-packages/airflow/example_dags/tutorial_taskflow_api_etl.py
[2024-04-04 20:51:08,305] {processor.py:651} INFO - DAG(s) dict_keys(['tutorial_taskflow_api_etl']) retrieved from /home/dimitri/dimitri/airflowalura/venv/lib/python3.10/site-packages/airflow/example_dags/tutorial_taskflow_api_etl.py
[2024-04-04 20:51:08,330] {logging_mixin.py:115} INFO - [2024-04-04 20:51:08,330] {dag.py:2379} INFO - Sync 1 DAGs
[2024-04-04 20:51:08,340] {logging_mixin.py:115} INFO - [2024-04-04 20:51:08,340] {dag.py:2927} INFO - Setting next_dagrun for tutorial_taskflow_api_etl to None, run_after=None
[2024-04-04 20:51:08,357] {processor.py:161} INFO - Processing /home/dimitri/dimitri/airflowalura/venv/lib/python3.10/site-packages/airflow/example_dags/tutorial_taskflow_api_etl.py took 0.067 seconds
[2024-04-04 20:51:38,604] {processor.py:153} INFO - Started process (PID=575625) to work on /home/dimitri/dimitri/airflowalura/venv/lib/python3.10/site-packages/airflow/example_dags/tutorial_taskflow_api_etl.py
[2024-04-04 20:51:38,605] {processor.py:641} INFO - Processing file /home/dimitri/dimitri/airflowalura/venv/lib/python3.10/site-packages/airflow/example_dags/tutorial_taskflow_api_etl.py for tasks to queue
[2024-04-04 20:51:38,606] {logging_mixin.py:115} INFO - [2024-04-04 20:51:38,606] {dagbag.py:507} INFO - Filling up the DagBag from /home/dimitri/dimitri/airflowalura/venv/lib/python3.10/site-packages/airflow/example_dags/tutorial_taskflow_api_etl.py
[2024-04-04 20:51:38,618] {processor.py:651} INFO - DAG(s) dict_keys(['tutorial_taskflow_api_etl']) retrieved from /home/dimitri/dimitri/airflowalura/venv/lib/python3.10/site-packages/airflow/example_dags/tutorial_taskflow_api_etl.py
[2024-04-04 20:51:38,628] {logging_mixin.py:115} INFO - [2024-04-04 20:51:38,628] {dag.py:2379} INFO - Sync 1 DAGs
[2024-04-04 20:51:38,639] {logging_mixin.py:115} INFO - [2024-04-04 20:51:38,638] {dag.py:2927} INFO - Setting next_dagrun for tutorial_taskflow_api_etl to None, run_after=None
[2024-04-04 20:51:38,655] {processor.py:161} INFO - Processing /home/dimitri/dimitri/airflowalura/venv/lib/python3.10/site-packages/airflow/example_dags/tutorial_taskflow_api_etl.py took 0.053 seconds
[2024-04-04 20:52:13,917] {processor.py:153} INFO - Started process (PID=575763) to work on /home/dimitri/dimitri/airflowalura/venv/lib/python3.10/site-packages/airflow/example_dags/tutorial_taskflow_api_etl.py
[2024-04-04 20:52:13,920] {processor.py:641} INFO - Processing file /home/dimitri/dimitri/airflowalura/venv/lib/python3.10/site-packages/airflow/example_dags/tutorial_taskflow_api_etl.py for tasks to queue
[2024-04-04 20:52:13,920] {logging_mixin.py:115} INFO - [2024-04-04 20:52:13,920] {dagbag.py:507} INFO - Filling up the DagBag from /home/dimitri/dimitri/airflowalura/venv/lib/python3.10/site-packages/airflow/example_dags/tutorial_taskflow_api_etl.py
[2024-04-04 20:52:13,931] {processor.py:651} INFO - DAG(s) dict_keys(['tutorial_taskflow_api_etl']) retrieved from /home/dimitri/dimitri/airflowalura/venv/lib/python3.10/site-packages/airflow/example_dags/tutorial_taskflow_api_etl.py
[2024-04-04 20:52:13,941] {logging_mixin.py:115} INFO - [2024-04-04 20:52:13,941] {dag.py:2379} INFO - Sync 1 DAGs
[2024-04-04 20:52:13,951] {logging_mixin.py:115} INFO - [2024-04-04 20:52:13,951] {dag.py:2927} INFO - Setting next_dagrun for tutorial_taskflow_api_etl to None, run_after=None
[2024-04-04 20:52:13,967] {processor.py:161} INFO - Processing /home/dimitri/dimitri/airflowalura/venv/lib/python3.10/site-packages/airflow/example_dags/tutorial_taskflow_api_etl.py took 0.052 seconds
[2024-04-04 20:52:47,765] {processor.py:153} INFO - Started process (PID=575892) to work on /home/dimitri/dimitri/airflowalura/venv/lib/python3.10/site-packages/airflow/example_dags/tutorial_taskflow_api_etl.py
[2024-04-04 20:52:47,768] {processor.py:641} INFO - Processing file /home/dimitri/dimitri/airflowalura/venv/lib/python3.10/site-packages/airflow/example_dags/tutorial_taskflow_api_etl.py for tasks to queue
[2024-04-04 20:52:47,768] {logging_mixin.py:115} INFO - [2024-04-04 20:52:47,768] {dagbag.py:507} INFO - Filling up the DagBag from /home/dimitri/dimitri/airflowalura/venv/lib/python3.10/site-packages/airflow/example_dags/tutorial_taskflow_api_etl.py
[2024-04-04 20:52:47,787] {processor.py:651} INFO - DAG(s) dict_keys(['tutorial_taskflow_api_etl']) retrieved from /home/dimitri/dimitri/airflowalura/venv/lib/python3.10/site-packages/airflow/example_dags/tutorial_taskflow_api_etl.py
[2024-04-04 20:52:47,798] {logging_mixin.py:115} INFO - [2024-04-04 20:52:47,798] {dag.py:2379} INFO - Sync 1 DAGs
[2024-04-04 20:52:47,810] {logging_mixin.py:115} INFO - [2024-04-04 20:52:47,810] {dag.py:2927} INFO - Setting next_dagrun for tutorial_taskflow_api_etl to None, run_after=None
[2024-04-04 20:52:47,825] {processor.py:161} INFO - Processing /home/dimitri/dimitri/airflowalura/venv/lib/python3.10/site-packages/airflow/example_dags/tutorial_taskflow_api_etl.py took 0.063 seconds
[2024-04-04 20:53:22,322] {processor.py:153} INFO - Started process (PID=576029) to work on /home/dimitri/dimitri/airflowalura/venv/lib/python3.10/site-packages/airflow/example_dags/tutorial_taskflow_api_etl.py
[2024-04-04 20:53:22,325] {processor.py:641} INFO - Processing file /home/dimitri/dimitri/airflowalura/venv/lib/python3.10/site-packages/airflow/example_dags/tutorial_taskflow_api_etl.py for tasks to queue
[2024-04-04 20:53:22,325] {logging_mixin.py:115} INFO - [2024-04-04 20:53:22,325] {dagbag.py:507} INFO - Filling up the DagBag from /home/dimitri/dimitri/airflowalura/venv/lib/python3.10/site-packages/airflow/example_dags/tutorial_taskflow_api_etl.py
[2024-04-04 20:53:22,338] {processor.py:651} INFO - DAG(s) dict_keys(['tutorial_taskflow_api_etl']) retrieved from /home/dimitri/dimitri/airflowalura/venv/lib/python3.10/site-packages/airflow/example_dags/tutorial_taskflow_api_etl.py
[2024-04-04 20:53:22,346] {logging_mixin.py:115} INFO - [2024-04-04 20:53:22,346] {dag.py:2379} INFO - Sync 1 DAGs
[2024-04-04 20:53:22,355] {logging_mixin.py:115} INFO - [2024-04-04 20:53:22,355] {dag.py:2927} INFO - Setting next_dagrun for tutorial_taskflow_api_etl to None, run_after=None
[2024-04-04 20:53:22,371] {processor.py:161} INFO - Processing /home/dimitri/dimitri/airflowalura/venv/lib/python3.10/site-packages/airflow/example_dags/tutorial_taskflow_api_etl.py took 0.051 seconds
[2024-04-04 20:53:53,741] {processor.py:153} INFO - Started process (PID=576151) to work on /home/dimitri/dimitri/airflowalura/venv/lib/python3.10/site-packages/airflow/example_dags/tutorial_taskflow_api_etl.py
[2024-04-04 20:53:53,743] {processor.py:641} INFO - Processing file /home/dimitri/dimitri/airflowalura/venv/lib/python3.10/site-packages/airflow/example_dags/tutorial_taskflow_api_etl.py for tasks to queue
[2024-04-04 20:53:53,744] {logging_mixin.py:115} INFO - [2024-04-04 20:53:53,744] {dagbag.py:507} INFO - Filling up the DagBag from /home/dimitri/dimitri/airflowalura/venv/lib/python3.10/site-packages/airflow/example_dags/tutorial_taskflow_api_etl.py
[2024-04-04 20:53:53,757] {processor.py:651} INFO - DAG(s) dict_keys(['tutorial_taskflow_api_etl']) retrieved from /home/dimitri/dimitri/airflowalura/venv/lib/python3.10/site-packages/airflow/example_dags/tutorial_taskflow_api_etl.py
[2024-04-04 20:53:53,766] {logging_mixin.py:115} INFO - [2024-04-04 20:53:53,766] {dag.py:2379} INFO - Sync 1 DAGs
[2024-04-04 20:53:53,777] {logging_mixin.py:115} INFO - [2024-04-04 20:53:53,776] {dag.py:2927} INFO - Setting next_dagrun for tutorial_taskflow_api_etl to None, run_after=None
[2024-04-04 20:53:53,793] {processor.py:161} INFO - Processing /home/dimitri/dimitri/airflowalura/venv/lib/python3.10/site-packages/airflow/example_dags/tutorial_taskflow_api_etl.py took 0.054 seconds
[2024-04-04 20:54:24,079] {processor.py:153} INFO - Started process (PID=576267) to work on /home/dimitri/dimitri/airflowalura/venv/lib/python3.10/site-packages/airflow/example_dags/tutorial_taskflow_api_etl.py
[2024-04-04 20:54:24,082] {processor.py:641} INFO - Processing file /home/dimitri/dimitri/airflowalura/venv/lib/python3.10/site-packages/airflow/example_dags/tutorial_taskflow_api_etl.py for tasks to queue
[2024-04-04 20:54:24,083] {logging_mixin.py:115} INFO - [2024-04-04 20:54:24,083] {dagbag.py:507} INFO - Filling up the DagBag from /home/dimitri/dimitri/airflowalura/venv/lib/python3.10/site-packages/airflow/example_dags/tutorial_taskflow_api_etl.py
[2024-04-04 20:54:24,095] {processor.py:651} INFO - DAG(s) dict_keys(['tutorial_taskflow_api_etl']) retrieved from /home/dimitri/dimitri/airflowalura/venv/lib/python3.10/site-packages/airflow/example_dags/tutorial_taskflow_api_etl.py
[2024-04-04 20:54:24,106] {logging_mixin.py:115} INFO - [2024-04-04 20:54:24,106] {dag.py:2379} INFO - Sync 1 DAGs
[2024-04-04 20:54:24,118] {logging_mixin.py:115} INFO - [2024-04-04 20:54:24,117] {dag.py:2927} INFO - Setting next_dagrun for tutorial_taskflow_api_etl to None, run_after=None
[2024-04-04 20:54:24,136] {processor.py:161} INFO - Processing /home/dimitri/dimitri/airflowalura/venv/lib/python3.10/site-packages/airflow/example_dags/tutorial_taskflow_api_etl.py took 0.058 seconds
[2024-04-04 20:54:54,517] {processor.py:153} INFO - Started process (PID=576389) to work on /home/dimitri/dimitri/airflowalura/venv/lib/python3.10/site-packages/airflow/example_dags/tutorial_taskflow_api_etl.py
[2024-04-04 20:54:54,519] {processor.py:641} INFO - Processing file /home/dimitri/dimitri/airflowalura/venv/lib/python3.10/site-packages/airflow/example_dags/tutorial_taskflow_api_etl.py for tasks to queue
[2024-04-04 20:54:54,520] {logging_mixin.py:115} INFO - [2024-04-04 20:54:54,520] {dagbag.py:507} INFO - Filling up the DagBag from /home/dimitri/dimitri/airflowalura/venv/lib/python3.10/site-packages/airflow/example_dags/tutorial_taskflow_api_etl.py
[2024-04-04 20:54:54,534] {processor.py:651} INFO - DAG(s) dict_keys(['tutorial_taskflow_api_etl']) retrieved from /home/dimitri/dimitri/airflowalura/venv/lib/python3.10/site-packages/airflow/example_dags/tutorial_taskflow_api_etl.py
[2024-04-04 20:54:54,543] {logging_mixin.py:115} INFO - [2024-04-04 20:54:54,543] {dag.py:2379} INFO - Sync 1 DAGs
[2024-04-04 20:54:54,552] {logging_mixin.py:115} INFO - [2024-04-04 20:54:54,552] {dag.py:2927} INFO - Setting next_dagrun for tutorial_taskflow_api_etl to None, run_after=None
[2024-04-04 20:54:54,568] {processor.py:161} INFO - Processing /home/dimitri/dimitri/airflowalura/venv/lib/python3.10/site-packages/airflow/example_dags/tutorial_taskflow_api_etl.py took 0.055 seconds
[2024-04-04 20:55:30,249] {processor.py:153} INFO - Started process (PID=576528) to work on /home/dimitri/dimitri/airflowalura/venv/lib/python3.10/site-packages/airflow/example_dags/tutorial_taskflow_api_etl.py
[2024-04-04 20:55:30,252] {processor.py:641} INFO - Processing file /home/dimitri/dimitri/airflowalura/venv/lib/python3.10/site-packages/airflow/example_dags/tutorial_taskflow_api_etl.py for tasks to queue
[2024-04-04 20:55:30,252] {logging_mixin.py:115} INFO - [2024-04-04 20:55:30,252] {dagbag.py:507} INFO - Filling up the DagBag from /home/dimitri/dimitri/airflowalura/venv/lib/python3.10/site-packages/airflow/example_dags/tutorial_taskflow_api_etl.py
[2024-04-04 20:55:30,264] {processor.py:651} INFO - DAG(s) dict_keys(['tutorial_taskflow_api_etl']) retrieved from /home/dimitri/dimitri/airflowalura/venv/lib/python3.10/site-packages/airflow/example_dags/tutorial_taskflow_api_etl.py
[2024-04-04 20:55:30,272] {logging_mixin.py:115} INFO - [2024-04-04 20:55:30,272] {dag.py:2379} INFO - Sync 1 DAGs
[2024-04-04 20:55:30,281] {logging_mixin.py:115} INFO - [2024-04-04 20:55:30,281] {dag.py:2927} INFO - Setting next_dagrun for tutorial_taskflow_api_etl to None, run_after=None
[2024-04-04 20:55:30,297] {processor.py:161} INFO - Processing /home/dimitri/dimitri/airflowalura/venv/lib/python3.10/site-packages/airflow/example_dags/tutorial_taskflow_api_etl.py took 0.050 seconds
[2024-04-04 20:56:01,190] {processor.py:153} INFO - Started process (PID=576649) to work on /home/dimitri/dimitri/airflowalura/venv/lib/python3.10/site-packages/airflow/example_dags/tutorial_taskflow_api_etl.py
[2024-04-04 20:56:01,191] {processor.py:641} INFO - Processing file /home/dimitri/dimitri/airflowalura/venv/lib/python3.10/site-packages/airflow/example_dags/tutorial_taskflow_api_etl.py for tasks to queue
[2024-04-04 20:56:01,191] {logging_mixin.py:115} INFO - [2024-04-04 20:56:01,191] {dagbag.py:507} INFO - Filling up the DagBag from /home/dimitri/dimitri/airflowalura/venv/lib/python3.10/site-packages/airflow/example_dags/tutorial_taskflow_api_etl.py
[2024-04-04 20:56:01,211] {processor.py:651} INFO - DAG(s) dict_keys(['tutorial_taskflow_api_etl']) retrieved from /home/dimitri/dimitri/airflowalura/venv/lib/python3.10/site-packages/airflow/example_dags/tutorial_taskflow_api_etl.py
[2024-04-04 20:56:01,241] {logging_mixin.py:115} INFO - [2024-04-04 20:56:01,240] {dag.py:2379} INFO - Sync 1 DAGs
[2024-04-04 20:56:01,249] {logging_mixin.py:115} INFO - [2024-04-04 20:56:01,249] {dag.py:2927} INFO - Setting next_dagrun for tutorial_taskflow_api_etl to None, run_after=None
[2024-04-04 20:56:01,265] {processor.py:161} INFO - Processing /home/dimitri/dimitri/airflowalura/venv/lib/python3.10/site-packages/airflow/example_dags/tutorial_taskflow_api_etl.py took 0.078 seconds
[2024-04-04 20:56:32,762] {processor.py:153} INFO - Started process (PID=576771) to work on /home/dimitri/dimitri/airflowalura/venv/lib/python3.10/site-packages/airflow/example_dags/tutorial_taskflow_api_etl.py
[2024-04-04 20:56:32,763] {processor.py:641} INFO - Processing file /home/dimitri/dimitri/airflowalura/venv/lib/python3.10/site-packages/airflow/example_dags/tutorial_taskflow_api_etl.py for tasks to queue
[2024-04-04 20:56:32,764] {logging_mixin.py:115} INFO - [2024-04-04 20:56:32,764] {dagbag.py:507} INFO - Filling up the DagBag from /home/dimitri/dimitri/airflowalura/venv/lib/python3.10/site-packages/airflow/example_dags/tutorial_taskflow_api_etl.py
[2024-04-04 20:56:32,776] {processor.py:651} INFO - DAG(s) dict_keys(['tutorial_taskflow_api_etl']) retrieved from /home/dimitri/dimitri/airflowalura/venv/lib/python3.10/site-packages/airflow/example_dags/tutorial_taskflow_api_etl.py
[2024-04-04 20:56:32,801] {logging_mixin.py:115} INFO - [2024-04-04 20:56:32,801] {dag.py:2379} INFO - Sync 1 DAGs
[2024-04-04 20:56:32,809] {logging_mixin.py:115} INFO - [2024-04-04 20:56:32,809] {dag.py:2927} INFO - Setting next_dagrun for tutorial_taskflow_api_etl to None, run_after=None
[2024-04-04 20:56:32,826] {processor.py:161} INFO - Processing /home/dimitri/dimitri/airflowalura/venv/lib/python3.10/site-packages/airflow/example_dags/tutorial_taskflow_api_etl.py took 0.067 seconds
[2024-04-04 20:57:07,011] {processor.py:153} INFO - Started process (PID=576909) to work on /home/dimitri/dimitri/airflowalura/venv/lib/python3.10/site-packages/airflow/example_dags/tutorial_taskflow_api_etl.py
[2024-04-04 20:57:07,014] {processor.py:641} INFO - Processing file /home/dimitri/dimitri/airflowalura/venv/lib/python3.10/site-packages/airflow/example_dags/tutorial_taskflow_api_etl.py for tasks to queue
[2024-04-04 20:57:07,014] {logging_mixin.py:115} INFO - [2024-04-04 20:57:07,014] {dagbag.py:507} INFO - Filling up the DagBag from /home/dimitri/dimitri/airflowalura/venv/lib/python3.10/site-packages/airflow/example_dags/tutorial_taskflow_api_etl.py
[2024-04-04 20:57:07,027] {processor.py:651} INFO - DAG(s) dict_keys(['tutorial_taskflow_api_etl']) retrieved from /home/dimitri/dimitri/airflowalura/venv/lib/python3.10/site-packages/airflow/example_dags/tutorial_taskflow_api_etl.py
[2024-04-04 20:57:07,053] {logging_mixin.py:115} INFO - [2024-04-04 20:57:07,053] {dag.py:2379} INFO - Sync 1 DAGs
[2024-04-04 20:57:07,062] {logging_mixin.py:115} INFO - [2024-04-04 20:57:07,062] {dag.py:2927} INFO - Setting next_dagrun for tutorial_taskflow_api_etl to None, run_after=None
[2024-04-04 20:57:07,078] {processor.py:161} INFO - Processing /home/dimitri/dimitri/airflowalura/venv/lib/python3.10/site-packages/airflow/example_dags/tutorial_taskflow_api_etl.py took 0.069 seconds
[2024-04-04 20:57:40,764] {processor.py:153} INFO - Started process (PID=577040) to work on /home/dimitri/dimitri/airflowalura/venv/lib/python3.10/site-packages/airflow/example_dags/tutorial_taskflow_api_etl.py
[2024-04-04 20:57:40,766] {processor.py:641} INFO - Processing file /home/dimitri/dimitri/airflowalura/venv/lib/python3.10/site-packages/airflow/example_dags/tutorial_taskflow_api_etl.py for tasks to queue
[2024-04-04 20:57:40,767] {logging_mixin.py:115} INFO - [2024-04-04 20:57:40,766] {dagbag.py:507} INFO - Filling up the DagBag from /home/dimitri/dimitri/airflowalura/venv/lib/python3.10/site-packages/airflow/example_dags/tutorial_taskflow_api_etl.py
[2024-04-04 20:57:40,778] {processor.py:651} INFO - DAG(s) dict_keys(['tutorial_taskflow_api_etl']) retrieved from /home/dimitri/dimitri/airflowalura/venv/lib/python3.10/site-packages/airflow/example_dags/tutorial_taskflow_api_etl.py
[2024-04-04 20:57:40,803] {logging_mixin.py:115} INFO - [2024-04-04 20:57:40,803] {dag.py:2379} INFO - Sync 1 DAGs
[2024-04-04 20:57:40,811] {logging_mixin.py:115} INFO - [2024-04-04 20:57:40,811] {dag.py:2927} INFO - Setting next_dagrun for tutorial_taskflow_api_etl to None, run_after=None
[2024-04-04 20:57:40,832] {processor.py:161} INFO - Processing /home/dimitri/dimitri/airflowalura/venv/lib/python3.10/site-packages/airflow/example_dags/tutorial_taskflow_api_etl.py took 0.070 seconds
[2024-04-04 20:58:12,885] {processor.py:153} INFO - Started process (PID=577163) to work on /home/dimitri/dimitri/airflowalura/venv/lib/python3.10/site-packages/airflow/example_dags/tutorial_taskflow_api_etl.py
[2024-04-04 20:58:12,887] {processor.py:641} INFO - Processing file /home/dimitri/dimitri/airflowalura/venv/lib/python3.10/site-packages/airflow/example_dags/tutorial_taskflow_api_etl.py for tasks to queue
[2024-04-04 20:58:12,888] {logging_mixin.py:115} INFO - [2024-04-04 20:58:12,888] {dagbag.py:507} INFO - Filling up the DagBag from /home/dimitri/dimitri/airflowalura/venv/lib/python3.10/site-packages/airflow/example_dags/tutorial_taskflow_api_etl.py
[2024-04-04 20:58:12,899] {processor.py:651} INFO - DAG(s) dict_keys(['tutorial_taskflow_api_etl']) retrieved from /home/dimitri/dimitri/airflowalura/venv/lib/python3.10/site-packages/airflow/example_dags/tutorial_taskflow_api_etl.py
[2024-04-04 20:58:12,924] {logging_mixin.py:115} INFO - [2024-04-04 20:58:12,924] {dag.py:2379} INFO - Sync 1 DAGs
[2024-04-04 20:58:12,932] {logging_mixin.py:115} INFO - [2024-04-04 20:58:12,932] {dag.py:2927} INFO - Setting next_dagrun for tutorial_taskflow_api_etl to None, run_after=None
[2024-04-04 20:58:12,949] {processor.py:161} INFO - Processing /home/dimitri/dimitri/airflowalura/venv/lib/python3.10/site-packages/airflow/example_dags/tutorial_taskflow_api_etl.py took 0.067 seconds
[2024-04-04 20:58:47,895] {processor.py:153} INFO - Started process (PID=577302) to work on /home/dimitri/dimitri/airflowalura/venv/lib/python3.10/site-packages/airflow/example_dags/tutorial_taskflow_api_etl.py
[2024-04-04 20:58:47,897] {processor.py:641} INFO - Processing file /home/dimitri/dimitri/airflowalura/venv/lib/python3.10/site-packages/airflow/example_dags/tutorial_taskflow_api_etl.py for tasks to queue
[2024-04-04 20:58:47,898] {logging_mixin.py:115} INFO - [2024-04-04 20:58:47,897] {dagbag.py:507} INFO - Filling up the DagBag from /home/dimitri/dimitri/airflowalura/venv/lib/python3.10/site-packages/airflow/example_dags/tutorial_taskflow_api_etl.py
[2024-04-04 20:58:47,909] {processor.py:651} INFO - DAG(s) dict_keys(['tutorial_taskflow_api_etl']) retrieved from /home/dimitri/dimitri/airflowalura/venv/lib/python3.10/site-packages/airflow/example_dags/tutorial_taskflow_api_etl.py
[2024-04-04 20:58:47,920] {logging_mixin.py:115} INFO - [2024-04-04 20:58:47,919] {dag.py:2379} INFO - Sync 1 DAGs
[2024-04-04 20:58:47,930] {logging_mixin.py:115} INFO - [2024-04-04 20:58:47,930] {dag.py:2927} INFO - Setting next_dagrun for tutorial_taskflow_api_etl to None, run_after=None
[2024-04-04 20:58:47,946] {processor.py:161} INFO - Processing /home/dimitri/dimitri/airflowalura/venv/lib/python3.10/site-packages/airflow/example_dags/tutorial_taskflow_api_etl.py took 0.054 seconds
[2024-04-04 20:59:18,391] {processor.py:153} INFO - Started process (PID=577424) to work on /home/dimitri/dimitri/airflowalura/venv/lib/python3.10/site-packages/airflow/example_dags/tutorial_taskflow_api_etl.py
[2024-04-04 20:59:18,394] {processor.py:641} INFO - Processing file /home/dimitri/dimitri/airflowalura/venv/lib/python3.10/site-packages/airflow/example_dags/tutorial_taskflow_api_etl.py for tasks to queue
[2024-04-04 20:59:18,394] {logging_mixin.py:115} INFO - [2024-04-04 20:59:18,394] {dagbag.py:507} INFO - Filling up the DagBag from /home/dimitri/dimitri/airflowalura/venv/lib/python3.10/site-packages/airflow/example_dags/tutorial_taskflow_api_etl.py
[2024-04-04 20:59:18,407] {processor.py:651} INFO - DAG(s) dict_keys(['tutorial_taskflow_api_etl']) retrieved from /home/dimitri/dimitri/airflowalura/venv/lib/python3.10/site-packages/airflow/example_dags/tutorial_taskflow_api_etl.py
[2024-04-04 20:59:18,416] {logging_mixin.py:115} INFO - [2024-04-04 20:59:18,416] {dag.py:2379} INFO - Sync 1 DAGs
[2024-04-04 20:59:18,427] {logging_mixin.py:115} INFO - [2024-04-04 20:59:18,427] {dag.py:2927} INFO - Setting next_dagrun for tutorial_taskflow_api_etl to None, run_after=None
[2024-04-04 20:59:18,443] {processor.py:161} INFO - Processing /home/dimitri/dimitri/airflowalura/venv/lib/python3.10/site-packages/airflow/example_dags/tutorial_taskflow_api_etl.py took 0.054 seconds
[2024-04-04 20:59:49,665] {processor.py:153} INFO - Started process (PID=577547) to work on /home/dimitri/dimitri/airflowalura/venv/lib/python3.10/site-packages/airflow/example_dags/tutorial_taskflow_api_etl.py
[2024-04-04 20:59:49,667] {processor.py:641} INFO - Processing file /home/dimitri/dimitri/airflowalura/venv/lib/python3.10/site-packages/airflow/example_dags/tutorial_taskflow_api_etl.py for tasks to queue
[2024-04-04 20:59:49,668] {logging_mixin.py:115} INFO - [2024-04-04 20:59:49,668] {dagbag.py:507} INFO - Filling up the DagBag from /home/dimitri/dimitri/airflowalura/venv/lib/python3.10/site-packages/airflow/example_dags/tutorial_taskflow_api_etl.py
[2024-04-04 20:59:49,679] {processor.py:651} INFO - DAG(s) dict_keys(['tutorial_taskflow_api_etl']) retrieved from /home/dimitri/dimitri/airflowalura/venv/lib/python3.10/site-packages/airflow/example_dags/tutorial_taskflow_api_etl.py
[2024-04-04 20:59:49,689] {logging_mixin.py:115} INFO - [2024-04-04 20:59:49,689] {dag.py:2379} INFO - Sync 1 DAGs
[2024-04-04 20:59:49,699] {logging_mixin.py:115} INFO - [2024-04-04 20:59:49,699] {dag.py:2927} INFO - Setting next_dagrun for tutorial_taskflow_api_etl to None, run_after=None
[2024-04-04 20:59:49,716] {processor.py:161} INFO - Processing /home/dimitri/dimitri/airflowalura/venv/lib/python3.10/site-packages/airflow/example_dags/tutorial_taskflow_api_etl.py took 0.053 seconds
