[2024-04-04 20:29:27,770] {processor.py:153} INFO - Started process (PID=569906) to work on /home/dimitri/dimitri/airflowalura/venv/lib/python3.10/site-packages/airflow/example_dags/plugins/workday.py
[2024-04-04 20:29:27,771] {processor.py:641} INFO - Processing file /home/dimitri/dimitri/airflowalura/venv/lib/python3.10/site-packages/airflow/example_dags/plugins/workday.py for tasks to queue
[2024-04-04 20:29:27,771] {logging_mixin.py:115} INFO - [2024-04-04 20:29:27,771] {dagbag.py:507} INFO - Filling up the DagBag from /home/dimitri/dimitri/airflowalura/venv/lib/python3.10/site-packages/airflow/example_dags/plugins/workday.py
[2024-04-04 20:29:27,772] {processor.py:653} WARNING - No viable dags retrieved from /home/dimitri/dimitri/airflowalura/venv/lib/python3.10/site-packages/airflow/example_dags/plugins/workday.py
[2024-04-04 20:29:27,779] {processor.py:161} INFO - Processing /home/dimitri/dimitri/airflowalura/venv/lib/python3.10/site-packages/airflow/example_dags/plugins/workday.py took 0.010 seconds
[2024-04-04 20:30:03,777] {processor.py:153} INFO - Started process (PID=570320) to work on /home/dimitri/dimitri/airflowalura/venv/lib/python3.10/site-packages/airflow/example_dags/plugins/workday.py
[2024-04-04 20:30:03,779] {processor.py:641} INFO - Processing file /home/dimitri/dimitri/airflowalura/venv/lib/python3.10/site-packages/airflow/example_dags/plugins/workday.py for tasks to queue
[2024-04-04 20:30:03,779] {logging_mixin.py:115} INFO - [2024-04-04 20:30:03,779] {dagbag.py:507} INFO - Filling up the DagBag from /home/dimitri/dimitri/airflowalura/venv/lib/python3.10/site-packages/airflow/example_dags/plugins/workday.py
[2024-04-04 20:30:03,781] {processor.py:653} WARNING - No viable dags retrieved from /home/dimitri/dimitri/airflowalura/venv/lib/python3.10/site-packages/airflow/example_dags/plugins/workday.py
[2024-04-04 20:30:03,787] {processor.py:161} INFO - Processing /home/dimitri/dimitri/airflowalura/venv/lib/python3.10/site-packages/airflow/example_dags/plugins/workday.py took 0.013 seconds
[2024-04-04 20:30:37,639] {processor.py:153} INFO - Started process (PID=570465) to work on /home/dimitri/dimitri/airflowalura/venv/lib/python3.10/site-packages/airflow/example_dags/plugins/workday.py
[2024-04-04 20:30:37,640] {processor.py:641} INFO - Processing file /home/dimitri/dimitri/airflowalura/venv/lib/python3.10/site-packages/airflow/example_dags/plugins/workday.py for tasks to queue
[2024-04-04 20:30:37,641] {logging_mixin.py:115} INFO - [2024-04-04 20:30:37,641] {dagbag.py:507} INFO - Filling up the DagBag from /home/dimitri/dimitri/airflowalura/venv/lib/python3.10/site-packages/airflow/example_dags/plugins/workday.py
[2024-04-04 20:30:37,642] {processor.py:653} WARNING - No viable dags retrieved from /home/dimitri/dimitri/airflowalura/venv/lib/python3.10/site-packages/airflow/example_dags/plugins/workday.py
[2024-04-04 20:30:37,649] {processor.py:161} INFO - Processing /home/dimitri/dimitri/airflowalura/venv/lib/python3.10/site-packages/airflow/example_dags/plugins/workday.py took 0.012 seconds
[2024-04-04 20:31:12,693] {processor.py:153} INFO - Started process (PID=570603) to work on /home/dimitri/dimitri/airflowalura/venv/lib/python3.10/site-packages/airflow/example_dags/plugins/workday.py
[2024-04-04 20:31:12,694] {processor.py:641} INFO - Processing file /home/dimitri/dimitri/airflowalura/venv/lib/python3.10/site-packages/airflow/example_dags/plugins/workday.py for tasks to queue
[2024-04-04 20:31:12,695] {logging_mixin.py:115} INFO - [2024-04-04 20:31:12,695] {dagbag.py:507} INFO - Filling up the DagBag from /home/dimitri/dimitri/airflowalura/venv/lib/python3.10/site-packages/airflow/example_dags/plugins/workday.py
[2024-04-04 20:31:12,696] {processor.py:653} WARNING - No viable dags retrieved from /home/dimitri/dimitri/airflowalura/venv/lib/python3.10/site-packages/airflow/example_dags/plugins/workday.py
[2024-04-04 20:31:12,703] {processor.py:161} INFO - Processing /home/dimitri/dimitri/airflowalura/venv/lib/python3.10/site-packages/airflow/example_dags/plugins/workday.py took 0.012 seconds
[2024-04-04 20:31:47,899] {processor.py:153} INFO - Started process (PID=570741) to work on /home/dimitri/dimitri/airflowalura/venv/lib/python3.10/site-packages/airflow/example_dags/plugins/workday.py
[2024-04-04 20:31:47,900] {processor.py:641} INFO - Processing file /home/dimitri/dimitri/airflowalura/venv/lib/python3.10/site-packages/airflow/example_dags/plugins/workday.py for tasks to queue
[2024-04-04 20:31:47,900] {logging_mixin.py:115} INFO - [2024-04-04 20:31:47,900] {dagbag.py:507} INFO - Filling up the DagBag from /home/dimitri/dimitri/airflowalura/venv/lib/python3.10/site-packages/airflow/example_dags/plugins/workday.py
[2024-04-04 20:31:47,901] {processor.py:653} WARNING - No viable dags retrieved from /home/dimitri/dimitri/airflowalura/venv/lib/python3.10/site-packages/airflow/example_dags/plugins/workday.py
[2024-04-04 20:31:47,910] {processor.py:161} INFO - Processing /home/dimitri/dimitri/airflowalura/venv/lib/python3.10/site-packages/airflow/example_dags/plugins/workday.py took 0.013 seconds
[2024-04-04 20:32:21,954] {processor.py:153} INFO - Started process (PID=570874) to work on /home/dimitri/dimitri/airflowalura/venv/lib/python3.10/site-packages/airflow/example_dags/plugins/workday.py
[2024-04-04 20:32:21,957] {processor.py:641} INFO - Processing file /home/dimitri/dimitri/airflowalura/venv/lib/python3.10/site-packages/airflow/example_dags/plugins/workday.py for tasks to queue
[2024-04-04 20:32:21,957] {logging_mixin.py:115} INFO - [2024-04-04 20:32:21,957] {dagbag.py:507} INFO - Filling up the DagBag from /home/dimitri/dimitri/airflowalura/venv/lib/python3.10/site-packages/airflow/example_dags/plugins/workday.py
[2024-04-04 20:32:21,958] {processor.py:653} WARNING - No viable dags retrieved from /home/dimitri/dimitri/airflowalura/venv/lib/python3.10/site-packages/airflow/example_dags/plugins/workday.py
[2024-04-04 20:32:21,965] {processor.py:161} INFO - Processing /home/dimitri/dimitri/airflowalura/venv/lib/python3.10/site-packages/airflow/example_dags/plugins/workday.py took 0.014 seconds
[2024-04-04 20:33:12,709] {processor.py:153} INFO - Started process (PID=571224) to work on /home/dimitri/dimitri/airflowalura/venv/lib/python3.10/site-packages/airflow/example_dags/plugins/workday.py
[2024-04-04 20:33:12,711] {processor.py:641} INFO - Processing file /home/dimitri/dimitri/airflowalura/venv/lib/python3.10/site-packages/airflow/example_dags/plugins/workday.py for tasks to queue
[2024-04-04 20:33:12,712] {logging_mixin.py:115} INFO - [2024-04-04 20:33:12,711] {dagbag.py:507} INFO - Filling up the DagBag from /home/dimitri/dimitri/airflowalura/venv/lib/python3.10/site-packages/airflow/example_dags/plugins/workday.py
[2024-04-04 20:33:12,713] {processor.py:653} WARNING - No viable dags retrieved from /home/dimitri/dimitri/airflowalura/venv/lib/python3.10/site-packages/airflow/example_dags/plugins/workday.py
[2024-04-04 20:33:12,720] {processor.py:161} INFO - Processing /home/dimitri/dimitri/airflowalura/venv/lib/python3.10/site-packages/airflow/example_dags/plugins/workday.py took 0.012 seconds
[2024-04-04 20:33:46,342] {processor.py:153} INFO - Started process (PID=571359) to work on /home/dimitri/dimitri/airflowalura/venv/lib/python3.10/site-packages/airflow/example_dags/plugins/workday.py
[2024-04-04 20:33:46,344] {processor.py:641} INFO - Processing file /home/dimitri/dimitri/airflowalura/venv/lib/python3.10/site-packages/airflow/example_dags/plugins/workday.py for tasks to queue
[2024-04-04 20:33:46,345] {logging_mixin.py:115} INFO - [2024-04-04 20:33:46,345] {dagbag.py:507} INFO - Filling up the DagBag from /home/dimitri/dimitri/airflowalura/venv/lib/python3.10/site-packages/airflow/example_dags/plugins/workday.py
[2024-04-04 20:33:46,346] {processor.py:653} WARNING - No viable dags retrieved from /home/dimitri/dimitri/airflowalura/venv/lib/python3.10/site-packages/airflow/example_dags/plugins/workday.py
[2024-04-04 20:33:46,354] {processor.py:161} INFO - Processing /home/dimitri/dimitri/airflowalura/venv/lib/python3.10/site-packages/airflow/example_dags/plugins/workday.py took 0.013 seconds
[2024-04-04 20:34:23,790] {processor.py:153} INFO - Started process (PID=571505) to work on /home/dimitri/dimitri/airflowalura/venv/lib/python3.10/site-packages/airflow/example_dags/plugins/workday.py
[2024-04-04 20:34:23,792] {processor.py:641} INFO - Processing file /home/dimitri/dimitri/airflowalura/venv/lib/python3.10/site-packages/airflow/example_dags/plugins/workday.py for tasks to queue
[2024-04-04 20:34:23,793] {logging_mixin.py:115} INFO - [2024-04-04 20:34:23,793] {dagbag.py:507} INFO - Filling up the DagBag from /home/dimitri/dimitri/airflowalura/venv/lib/python3.10/site-packages/airflow/example_dags/plugins/workday.py
[2024-04-04 20:34:23,794] {processor.py:653} WARNING - No viable dags retrieved from /home/dimitri/dimitri/airflowalura/venv/lib/python3.10/site-packages/airflow/example_dags/plugins/workday.py
[2024-04-04 20:34:23,800] {processor.py:161} INFO - Processing /home/dimitri/dimitri/airflowalura/venv/lib/python3.10/site-packages/airflow/example_dags/plugins/workday.py took 0.013 seconds
[2024-04-04 20:34:58,380] {processor.py:153} INFO - Started process (PID=571644) to work on /home/dimitri/dimitri/airflowalura/venv/lib/python3.10/site-packages/airflow/example_dags/plugins/workday.py
[2024-04-04 20:34:58,383] {processor.py:641} INFO - Processing file /home/dimitri/dimitri/airflowalura/venv/lib/python3.10/site-packages/airflow/example_dags/plugins/workday.py for tasks to queue
[2024-04-04 20:34:58,384] {logging_mixin.py:115} INFO - [2024-04-04 20:34:58,384] {dagbag.py:507} INFO - Filling up the DagBag from /home/dimitri/dimitri/airflowalura/venv/lib/python3.10/site-packages/airflow/example_dags/plugins/workday.py
[2024-04-04 20:34:58,385] {processor.py:653} WARNING - No viable dags retrieved from /home/dimitri/dimitri/airflowalura/venv/lib/python3.10/site-packages/airflow/example_dags/plugins/workday.py
[2024-04-04 20:34:58,391] {processor.py:161} INFO - Processing /home/dimitri/dimitri/airflowalura/venv/lib/python3.10/site-packages/airflow/example_dags/plugins/workday.py took 0.013 seconds
[2024-04-04 20:35:32,159] {processor.py:153} INFO - Started process (PID=571777) to work on /home/dimitri/dimitri/airflowalura/venv/lib/python3.10/site-packages/airflow/example_dags/plugins/workday.py
[2024-04-04 20:35:32,161] {processor.py:641} INFO - Processing file /home/dimitri/dimitri/airflowalura/venv/lib/python3.10/site-packages/airflow/example_dags/plugins/workday.py for tasks to queue
[2024-04-04 20:35:32,161] {logging_mixin.py:115} INFO - [2024-04-04 20:35:32,161] {dagbag.py:507} INFO - Filling up the DagBag from /home/dimitri/dimitri/airflowalura/venv/lib/python3.10/site-packages/airflow/example_dags/plugins/workday.py
[2024-04-04 20:35:32,163] {processor.py:653} WARNING - No viable dags retrieved from /home/dimitri/dimitri/airflowalura/venv/lib/python3.10/site-packages/airflow/example_dags/plugins/workday.py
[2024-04-04 20:35:32,171] {processor.py:161} INFO - Processing /home/dimitri/dimitri/airflowalura/venv/lib/python3.10/site-packages/airflow/example_dags/plugins/workday.py took 0.016 seconds
[2024-04-04 20:36:40,859] {processor.py:153} INFO - Started process (PID=572060) to work on /home/dimitri/dimitri/airflowalura/venv/lib/python3.10/site-packages/airflow/example_dags/plugins/workday.py
[2024-04-04 20:36:40,860] {processor.py:641} INFO - Processing file /home/dimitri/dimitri/airflowalura/venv/lib/python3.10/site-packages/airflow/example_dags/plugins/workday.py for tasks to queue
[2024-04-04 20:36:40,861] {logging_mixin.py:115} INFO - [2024-04-04 20:36:40,861] {dagbag.py:507} INFO - Filling up the DagBag from /home/dimitri/dimitri/airflowalura/venv/lib/python3.10/site-packages/airflow/example_dags/plugins/workday.py
[2024-04-04 20:36:40,862] {processor.py:653} WARNING - No viable dags retrieved from /home/dimitri/dimitri/airflowalura/venv/lib/python3.10/site-packages/airflow/example_dags/plugins/workday.py
[2024-04-04 20:36:40,869] {processor.py:161} INFO - Processing /home/dimitri/dimitri/airflowalura/venv/lib/python3.10/site-packages/airflow/example_dags/plugins/workday.py took 0.012 seconds
[2024-04-04 20:37:16,492] {processor.py:153} INFO - Started process (PID=572200) to work on /home/dimitri/dimitri/airflowalura/venv/lib/python3.10/site-packages/airflow/example_dags/plugins/workday.py
[2024-04-04 20:37:16,493] {processor.py:641} INFO - Processing file /home/dimitri/dimitri/airflowalura/venv/lib/python3.10/site-packages/airflow/example_dags/plugins/workday.py for tasks to queue
[2024-04-04 20:37:16,493] {logging_mixin.py:115} INFO - [2024-04-04 20:37:16,493] {dagbag.py:507} INFO - Filling up the DagBag from /home/dimitri/dimitri/airflowalura/venv/lib/python3.10/site-packages/airflow/example_dags/plugins/workday.py
[2024-04-04 20:37:16,494] {processor.py:653} WARNING - No viable dags retrieved from /home/dimitri/dimitri/airflowalura/venv/lib/python3.10/site-packages/airflow/example_dags/plugins/workday.py
[2024-04-04 20:37:16,501] {processor.py:161} INFO - Processing /home/dimitri/dimitri/airflowalura/venv/lib/python3.10/site-packages/airflow/example_dags/plugins/workday.py took 0.010 seconds
[2024-04-04 20:37:51,431] {processor.py:153} INFO - Started process (PID=572341) to work on /home/dimitri/dimitri/airflowalura/venv/lib/python3.10/site-packages/airflow/example_dags/plugins/workday.py
[2024-04-04 20:37:51,434] {processor.py:641} INFO - Processing file /home/dimitri/dimitri/airflowalura/venv/lib/python3.10/site-packages/airflow/example_dags/plugins/workday.py for tasks to queue
[2024-04-04 20:37:51,434] {logging_mixin.py:115} INFO - [2024-04-04 20:37:51,434] {dagbag.py:507} INFO - Filling up the DagBag from /home/dimitri/dimitri/airflowalura/venv/lib/python3.10/site-packages/airflow/example_dags/plugins/workday.py
[2024-04-04 20:37:51,436] {processor.py:653} WARNING - No viable dags retrieved from /home/dimitri/dimitri/airflowalura/venv/lib/python3.10/site-packages/airflow/example_dags/plugins/workday.py
[2024-04-04 20:37:51,442] {processor.py:161} INFO - Processing /home/dimitri/dimitri/airflowalura/venv/lib/python3.10/site-packages/airflow/example_dags/plugins/workday.py took 0.014 seconds
[2024-04-04 20:38:26,567] {processor.py:153} INFO - Started process (PID=572479) to work on /home/dimitri/dimitri/airflowalura/venv/lib/python3.10/site-packages/airflow/example_dags/plugins/workday.py
[2024-04-04 20:38:26,569] {processor.py:641} INFO - Processing file /home/dimitri/dimitri/airflowalura/venv/lib/python3.10/site-packages/airflow/example_dags/plugins/workday.py for tasks to queue
[2024-04-04 20:38:26,570] {logging_mixin.py:115} INFO - [2024-04-04 20:38:26,569] {dagbag.py:507} INFO - Filling up the DagBag from /home/dimitri/dimitri/airflowalura/venv/lib/python3.10/site-packages/airflow/example_dags/plugins/workday.py
[2024-04-04 20:38:26,571] {processor.py:653} WARNING - No viable dags retrieved from /home/dimitri/dimitri/airflowalura/venv/lib/python3.10/site-packages/airflow/example_dags/plugins/workday.py
[2024-04-04 20:38:26,580] {processor.py:161} INFO - Processing /home/dimitri/dimitri/airflowalura/venv/lib/python3.10/site-packages/airflow/example_dags/plugins/workday.py took 0.015 seconds
[2024-04-04 20:39:02,455] {processor.py:153} INFO - Started process (PID=572620) to work on /home/dimitri/dimitri/airflowalura/venv/lib/python3.10/site-packages/airflow/example_dags/plugins/workday.py
[2024-04-04 20:39:02,458] {processor.py:641} INFO - Processing file /home/dimitri/dimitri/airflowalura/venv/lib/python3.10/site-packages/airflow/example_dags/plugins/workday.py for tasks to queue
[2024-04-04 20:39:02,458] {logging_mixin.py:115} INFO - [2024-04-04 20:39:02,458] {dagbag.py:507} INFO - Filling up the DagBag from /home/dimitri/dimitri/airflowalura/venv/lib/python3.10/site-packages/airflow/example_dags/plugins/workday.py
[2024-04-04 20:39:02,459] {processor.py:653} WARNING - No viable dags retrieved from /home/dimitri/dimitri/airflowalura/venv/lib/python3.10/site-packages/airflow/example_dags/plugins/workday.py
[2024-04-04 20:39:02,466] {processor.py:161} INFO - Processing /home/dimitri/dimitri/airflowalura/venv/lib/python3.10/site-packages/airflow/example_dags/plugins/workday.py took 0.013 seconds
[2024-04-04 20:39:35,576] {processor.py:153} INFO - Started process (PID=572751) to work on /home/dimitri/dimitri/airflowalura/venv/lib/python3.10/site-packages/airflow/example_dags/plugins/workday.py
[2024-04-04 20:39:35,579] {processor.py:641} INFO - Processing file /home/dimitri/dimitri/airflowalura/venv/lib/python3.10/site-packages/airflow/example_dags/plugins/workday.py for tasks to queue
[2024-04-04 20:39:35,579] {logging_mixin.py:115} INFO - [2024-04-04 20:39:35,579] {dagbag.py:507} INFO - Filling up the DagBag from /home/dimitri/dimitri/airflowalura/venv/lib/python3.10/site-packages/airflow/example_dags/plugins/workday.py
[2024-04-04 20:39:35,580] {processor.py:653} WARNING - No viable dags retrieved from /home/dimitri/dimitri/airflowalura/venv/lib/python3.10/site-packages/airflow/example_dags/plugins/workday.py
[2024-04-04 20:39:35,586] {processor.py:161} INFO - Processing /home/dimitri/dimitri/airflowalura/venv/lib/python3.10/site-packages/airflow/example_dags/plugins/workday.py took 0.013 seconds
[2024-04-04 20:40:10,976] {processor.py:153} INFO - Started process (PID=572891) to work on /home/dimitri/dimitri/airflowalura/venv/lib/python3.10/site-packages/airflow/example_dags/plugins/workday.py
[2024-04-04 20:40:10,978] {processor.py:641} INFO - Processing file /home/dimitri/dimitri/airflowalura/venv/lib/python3.10/site-packages/airflow/example_dags/plugins/workday.py for tasks to queue
[2024-04-04 20:40:10,978] {logging_mixin.py:115} INFO - [2024-04-04 20:40:10,978] {dagbag.py:507} INFO - Filling up the DagBag from /home/dimitri/dimitri/airflowalura/venv/lib/python3.10/site-packages/airflow/example_dags/plugins/workday.py
[2024-04-04 20:40:10,980] {processor.py:653} WARNING - No viable dags retrieved from /home/dimitri/dimitri/airflowalura/venv/lib/python3.10/site-packages/airflow/example_dags/plugins/workday.py
[2024-04-04 20:40:10,987] {processor.py:161} INFO - Processing /home/dimitri/dimitri/airflowalura/venv/lib/python3.10/site-packages/airflow/example_dags/plugins/workday.py took 0.013 seconds
[2024-04-04 20:40:48,719] {processor.py:153} INFO - Started process (PID=573037) to work on /home/dimitri/dimitri/airflowalura/venv/lib/python3.10/site-packages/airflow/example_dags/plugins/workday.py
[2024-04-04 20:40:48,722] {processor.py:641} INFO - Processing file /home/dimitri/dimitri/airflowalura/venv/lib/python3.10/site-packages/airflow/example_dags/plugins/workday.py for tasks to queue
[2024-04-04 20:40:48,722] {logging_mixin.py:115} INFO - [2024-04-04 20:40:48,722] {dagbag.py:507} INFO - Filling up the DagBag from /home/dimitri/dimitri/airflowalura/venv/lib/python3.10/site-packages/airflow/example_dags/plugins/workday.py
[2024-04-04 20:40:48,724] {processor.py:653} WARNING - No viable dags retrieved from /home/dimitri/dimitri/airflowalura/venv/lib/python3.10/site-packages/airflow/example_dags/plugins/workday.py
[2024-04-04 20:40:48,730] {processor.py:161} INFO - Processing /home/dimitri/dimitri/airflowalura/venv/lib/python3.10/site-packages/airflow/example_dags/plugins/workday.py took 0.012 seconds
[2024-04-04 20:41:29,506] {processor.py:153} INFO - Started process (PID=573215) to work on /home/dimitri/dimitri/airflowalura/venv/lib/python3.10/site-packages/airflow/example_dags/plugins/workday.py
[2024-04-04 20:41:29,509] {processor.py:641} INFO - Processing file /home/dimitri/dimitri/airflowalura/venv/lib/python3.10/site-packages/airflow/example_dags/plugins/workday.py for tasks to queue
[2024-04-04 20:41:29,510] {logging_mixin.py:115} INFO - [2024-04-04 20:41:29,510] {dagbag.py:507} INFO - Filling up the DagBag from /home/dimitri/dimitri/airflowalura/venv/lib/python3.10/site-packages/airflow/example_dags/plugins/workday.py
[2024-04-04 20:41:29,511] {processor.py:653} WARNING - No viable dags retrieved from /home/dimitri/dimitri/airflowalura/venv/lib/python3.10/site-packages/airflow/example_dags/plugins/workday.py
[2024-04-04 20:41:29,518] {processor.py:161} INFO - Processing /home/dimitri/dimitri/airflowalura/venv/lib/python3.10/site-packages/airflow/example_dags/plugins/workday.py took 0.014 seconds
[2024-04-04 20:42:08,032] {processor.py:153} INFO - Started process (PID=573367) to work on /home/dimitri/dimitri/airflowalura/venv/lib/python3.10/site-packages/airflow/example_dags/plugins/workday.py
[2024-04-04 20:42:08,033] {processor.py:641} INFO - Processing file /home/dimitri/dimitri/airflowalura/venv/lib/python3.10/site-packages/airflow/example_dags/plugins/workday.py for tasks to queue
[2024-04-04 20:42:08,033] {logging_mixin.py:115} INFO - [2024-04-04 20:42:08,033] {dagbag.py:507} INFO - Filling up the DagBag from /home/dimitri/dimitri/airflowalura/venv/lib/python3.10/site-packages/airflow/example_dags/plugins/workday.py
[2024-04-04 20:42:08,035] {processor.py:653} WARNING - No viable dags retrieved from /home/dimitri/dimitri/airflowalura/venv/lib/python3.10/site-packages/airflow/example_dags/plugins/workday.py
[2024-04-04 20:42:08,043] {processor.py:161} INFO - Processing /home/dimitri/dimitri/airflowalura/venv/lib/python3.10/site-packages/airflow/example_dags/plugins/workday.py took 0.013 seconds
[2024-04-04 20:42:42,203] {processor.py:153} INFO - Started process (PID=573504) to work on /home/dimitri/dimitri/airflowalura/venv/lib/python3.10/site-packages/airflow/example_dags/plugins/workday.py
[2024-04-04 20:42:42,206] {processor.py:641} INFO - Processing file /home/dimitri/dimitri/airflowalura/venv/lib/python3.10/site-packages/airflow/example_dags/plugins/workday.py for tasks to queue
[2024-04-04 20:42:42,206] {logging_mixin.py:115} INFO - [2024-04-04 20:42:42,206] {dagbag.py:507} INFO - Filling up the DagBag from /home/dimitri/dimitri/airflowalura/venv/lib/python3.10/site-packages/airflow/example_dags/plugins/workday.py
[2024-04-04 20:42:42,208] {processor.py:653} WARNING - No viable dags retrieved from /home/dimitri/dimitri/airflowalura/venv/lib/python3.10/site-packages/airflow/example_dags/plugins/workday.py
[2024-04-04 20:42:42,217] {processor.py:161} INFO - Processing /home/dimitri/dimitri/airflowalura/venv/lib/python3.10/site-packages/airflow/example_dags/plugins/workday.py took 0.016 seconds
[2024-04-04 20:43:20,491] {processor.py:153} INFO - Started process (PID=573652) to work on /home/dimitri/dimitri/airflowalura/venv/lib/python3.10/site-packages/airflow/example_dags/plugins/workday.py
[2024-04-04 20:43:20,492] {processor.py:641} INFO - Processing file /home/dimitri/dimitri/airflowalura/venv/lib/python3.10/site-packages/airflow/example_dags/plugins/workday.py for tasks to queue
[2024-04-04 20:43:20,492] {logging_mixin.py:115} INFO - [2024-04-04 20:43:20,492] {dagbag.py:507} INFO - Filling up the DagBag from /home/dimitri/dimitri/airflowalura/venv/lib/python3.10/site-packages/airflow/example_dags/plugins/workday.py
[2024-04-04 20:43:20,494] {processor.py:653} WARNING - No viable dags retrieved from /home/dimitri/dimitri/airflowalura/venv/lib/python3.10/site-packages/airflow/example_dags/plugins/workday.py
[2024-04-04 20:43:20,501] {processor.py:161} INFO - Processing /home/dimitri/dimitri/airflowalura/venv/lib/python3.10/site-packages/airflow/example_dags/plugins/workday.py took 0.012 seconds
[2024-04-04 20:43:59,056] {processor.py:153} INFO - Started process (PID=573800) to work on /home/dimitri/dimitri/airflowalura/venv/lib/python3.10/site-packages/airflow/example_dags/plugins/workday.py
[2024-04-04 20:43:59,059] {processor.py:641} INFO - Processing file /home/dimitri/dimitri/airflowalura/venv/lib/python3.10/site-packages/airflow/example_dags/plugins/workday.py for tasks to queue
[2024-04-04 20:43:59,060] {logging_mixin.py:115} INFO - [2024-04-04 20:43:59,060] {dagbag.py:507} INFO - Filling up the DagBag from /home/dimitri/dimitri/airflowalura/venv/lib/python3.10/site-packages/airflow/example_dags/plugins/workday.py
[2024-04-04 20:43:59,061] {processor.py:653} WARNING - No viable dags retrieved from /home/dimitri/dimitri/airflowalura/venv/lib/python3.10/site-packages/airflow/example_dags/plugins/workday.py
[2024-04-04 20:43:59,068] {processor.py:161} INFO - Processing /home/dimitri/dimitri/airflowalura/venv/lib/python3.10/site-packages/airflow/example_dags/plugins/workday.py took 0.014 seconds
[2024-04-04 20:44:36,370] {processor.py:153} INFO - Started process (PID=573946) to work on /home/dimitri/dimitri/airflowalura/venv/lib/python3.10/site-packages/airflow/example_dags/plugins/workday.py
[2024-04-04 20:44:36,372] {processor.py:641} INFO - Processing file /home/dimitri/dimitri/airflowalura/venv/lib/python3.10/site-packages/airflow/example_dags/plugins/workday.py for tasks to queue
[2024-04-04 20:44:36,373] {logging_mixin.py:115} INFO - [2024-04-04 20:44:36,373] {dagbag.py:507} INFO - Filling up the DagBag from /home/dimitri/dimitri/airflowalura/venv/lib/python3.10/site-packages/airflow/example_dags/plugins/workday.py
[2024-04-04 20:44:36,374] {processor.py:653} WARNING - No viable dags retrieved from /home/dimitri/dimitri/airflowalura/venv/lib/python3.10/site-packages/airflow/example_dags/plugins/workday.py
[2024-04-04 20:44:36,383] {processor.py:161} INFO - Processing /home/dimitri/dimitri/airflowalura/venv/lib/python3.10/site-packages/airflow/example_dags/plugins/workday.py took 0.015 seconds
[2024-04-04 20:45:10,094] {processor.py:153} INFO - Started process (PID=574083) to work on /home/dimitri/dimitri/airflowalura/venv/lib/python3.10/site-packages/airflow/example_dags/plugins/workday.py
[2024-04-04 20:45:10,097] {processor.py:641} INFO - Processing file /home/dimitri/dimitri/airflowalura/venv/lib/python3.10/site-packages/airflow/example_dags/plugins/workday.py for tasks to queue
[2024-04-04 20:45:10,098] {logging_mixin.py:115} INFO - [2024-04-04 20:45:10,097] {dagbag.py:507} INFO - Filling up the DagBag from /home/dimitri/dimitri/airflowalura/venv/lib/python3.10/site-packages/airflow/example_dags/plugins/workday.py
[2024-04-04 20:45:10,099] {processor.py:653} WARNING - No viable dags retrieved from /home/dimitri/dimitri/airflowalura/venv/lib/python3.10/site-packages/airflow/example_dags/plugins/workday.py
[2024-04-04 20:45:10,108] {processor.py:161} INFO - Processing /home/dimitri/dimitri/airflowalura/venv/lib/python3.10/site-packages/airflow/example_dags/plugins/workday.py took 0.016 seconds
[2024-04-04 20:45:47,879] {processor.py:153} INFO - Started process (PID=574231) to work on /home/dimitri/dimitri/airflowalura/venv/lib/python3.10/site-packages/airflow/example_dags/plugins/workday.py
[2024-04-04 20:45:47,882] {processor.py:641} INFO - Processing file /home/dimitri/dimitri/airflowalura/venv/lib/python3.10/site-packages/airflow/example_dags/plugins/workday.py for tasks to queue
[2024-04-04 20:45:47,882] {logging_mixin.py:115} INFO - [2024-04-04 20:45:47,882] {dagbag.py:507} INFO - Filling up the DagBag from /home/dimitri/dimitri/airflowalura/venv/lib/python3.10/site-packages/airflow/example_dags/plugins/workday.py
[2024-04-04 20:45:47,883] {processor.py:653} WARNING - No viable dags retrieved from /home/dimitri/dimitri/airflowalura/venv/lib/python3.10/site-packages/airflow/example_dags/plugins/workday.py
[2024-04-04 20:45:47,891] {processor.py:161} INFO - Processing /home/dimitri/dimitri/airflowalura/venv/lib/python3.10/site-packages/airflow/example_dags/plugins/workday.py took 0.013 seconds
[2024-04-04 20:46:26,559] {processor.py:153} INFO - Started process (PID=574381) to work on /home/dimitri/dimitri/airflowalura/venv/lib/python3.10/site-packages/airflow/example_dags/plugins/workday.py
[2024-04-04 20:46:26,562] {processor.py:641} INFO - Processing file /home/dimitri/dimitri/airflowalura/venv/lib/python3.10/site-packages/airflow/example_dags/plugins/workday.py for tasks to queue
[2024-04-04 20:46:26,562] {logging_mixin.py:115} INFO - [2024-04-04 20:46:26,562] {dagbag.py:507} INFO - Filling up the DagBag from /home/dimitri/dimitri/airflowalura/venv/lib/python3.10/site-packages/airflow/example_dags/plugins/workday.py
[2024-04-04 20:46:26,564] {processor.py:653} WARNING - No viable dags retrieved from /home/dimitri/dimitri/airflowalura/venv/lib/python3.10/site-packages/airflow/example_dags/plugins/workday.py
[2024-04-04 20:46:26,572] {processor.py:161} INFO - Processing /home/dimitri/dimitri/airflowalura/venv/lib/python3.10/site-packages/airflow/example_dags/plugins/workday.py took 0.015 seconds
[2024-04-04 20:46:59,895] {processor.py:153} INFO - Started process (PID=574525) to work on /home/dimitri/dimitri/airflowalura/venv/lib/python3.10/site-packages/airflow/example_dags/plugins/workday.py
[2024-04-04 20:46:59,897] {processor.py:641} INFO - Processing file /home/dimitri/dimitri/airflowalura/venv/lib/python3.10/site-packages/airflow/example_dags/plugins/workday.py for tasks to queue
[2024-04-04 20:46:59,897] {logging_mixin.py:115} INFO - [2024-04-04 20:46:59,897] {dagbag.py:507} INFO - Filling up the DagBag from /home/dimitri/dimitri/airflowalura/venv/lib/python3.10/site-packages/airflow/example_dags/plugins/workday.py
[2024-04-04 20:46:59,899] {processor.py:653} WARNING - No viable dags retrieved from /home/dimitri/dimitri/airflowalura/venv/lib/python3.10/site-packages/airflow/example_dags/plugins/workday.py
[2024-04-04 20:46:59,913] {processor.py:161} INFO - Processing /home/dimitri/dimitri/airflowalura/venv/lib/python3.10/site-packages/airflow/example_dags/plugins/workday.py took 0.020 seconds
[2024-04-04 20:47:36,524] {processor.py:153} INFO - Started process (PID=574672) to work on /home/dimitri/dimitri/airflowalura/venv/lib/python3.10/site-packages/airflow/example_dags/plugins/workday.py
[2024-04-04 20:47:36,525] {processor.py:641} INFO - Processing file /home/dimitri/dimitri/airflowalura/venv/lib/python3.10/site-packages/airflow/example_dags/plugins/workday.py for tasks to queue
[2024-04-04 20:47:36,526] {logging_mixin.py:115} INFO - [2024-04-04 20:47:36,526] {dagbag.py:507} INFO - Filling up the DagBag from /home/dimitri/dimitri/airflowalura/venv/lib/python3.10/site-packages/airflow/example_dags/plugins/workday.py
[2024-04-04 20:47:36,527] {processor.py:653} WARNING - No viable dags retrieved from /home/dimitri/dimitri/airflowalura/venv/lib/python3.10/site-packages/airflow/example_dags/plugins/workday.py
[2024-04-04 20:47:36,535] {processor.py:161} INFO - Processing /home/dimitri/dimitri/airflowalura/venv/lib/python3.10/site-packages/airflow/example_dags/plugins/workday.py took 0.012 seconds
[2024-04-04 20:48:09,521] {processor.py:153} INFO - Started process (PID=574803) to work on /home/dimitri/dimitri/airflowalura/venv/lib/python3.10/site-packages/airflow/example_dags/plugins/workday.py
[2024-04-04 20:48:09,523] {processor.py:641} INFO - Processing file /home/dimitri/dimitri/airflowalura/venv/lib/python3.10/site-packages/airflow/example_dags/plugins/workday.py for tasks to queue
[2024-04-04 20:48:09,523] {logging_mixin.py:115} INFO - [2024-04-04 20:48:09,523] {dagbag.py:507} INFO - Filling up the DagBag from /home/dimitri/dimitri/airflowalura/venv/lib/python3.10/site-packages/airflow/example_dags/plugins/workday.py
[2024-04-04 20:48:09,525] {processor.py:653} WARNING - No viable dags retrieved from /home/dimitri/dimitri/airflowalura/venv/lib/python3.10/site-packages/airflow/example_dags/plugins/workday.py
[2024-04-04 20:48:09,532] {processor.py:161} INFO - Processing /home/dimitri/dimitri/airflowalura/venv/lib/python3.10/site-packages/airflow/example_dags/plugins/workday.py took 0.013 seconds
[2024-04-04 20:48:46,372] {processor.py:153} INFO - Started process (PID=574947) to work on /home/dimitri/dimitri/airflowalura/venv/lib/python3.10/site-packages/airflow/example_dags/plugins/workday.py
[2024-04-04 20:48:46,374] {processor.py:641} INFO - Processing file /home/dimitri/dimitri/airflowalura/venv/lib/python3.10/site-packages/airflow/example_dags/plugins/workday.py for tasks to queue
[2024-04-04 20:48:46,375] {logging_mixin.py:115} INFO - [2024-04-04 20:48:46,375] {dagbag.py:507} INFO - Filling up the DagBag from /home/dimitri/dimitri/airflowalura/venv/lib/python3.10/site-packages/airflow/example_dags/plugins/workday.py
[2024-04-04 20:48:46,376] {processor.py:653} WARNING - No viable dags retrieved from /home/dimitri/dimitri/airflowalura/venv/lib/python3.10/site-packages/airflow/example_dags/plugins/workday.py
[2024-04-04 20:48:46,383] {processor.py:161} INFO - Processing /home/dimitri/dimitri/airflowalura/venv/lib/python3.10/site-packages/airflow/example_dags/plugins/workday.py took 0.014 seconds
[2024-04-04 20:49:21,658] {processor.py:153} INFO - Started process (PID=575086) to work on /home/dimitri/dimitri/airflowalura/venv/lib/python3.10/site-packages/airflow/example_dags/plugins/workday.py
[2024-04-04 20:49:21,661] {processor.py:641} INFO - Processing file /home/dimitri/dimitri/airflowalura/venv/lib/python3.10/site-packages/airflow/example_dags/plugins/workday.py for tasks to queue
[2024-04-04 20:49:21,661] {logging_mixin.py:115} INFO - [2024-04-04 20:49:21,661] {dagbag.py:507} INFO - Filling up the DagBag from /home/dimitri/dimitri/airflowalura/venv/lib/python3.10/site-packages/airflow/example_dags/plugins/workday.py
[2024-04-04 20:49:21,663] {processor.py:653} WARNING - No viable dags retrieved from /home/dimitri/dimitri/airflowalura/venv/lib/python3.10/site-packages/airflow/example_dags/plugins/workday.py
[2024-04-04 20:49:21,670] {processor.py:161} INFO - Processing /home/dimitri/dimitri/airflowalura/venv/lib/python3.10/site-packages/airflow/example_dags/plugins/workday.py took 0.014 seconds
[2024-04-04 20:49:54,811] {processor.py:153} INFO - Started process (PID=575219) to work on /home/dimitri/dimitri/airflowalura/venv/lib/python3.10/site-packages/airflow/example_dags/plugins/workday.py
[2024-04-04 20:49:54,813] {processor.py:641} INFO - Processing file /home/dimitri/dimitri/airflowalura/venv/lib/python3.10/site-packages/airflow/example_dags/plugins/workday.py for tasks to queue
[2024-04-04 20:49:54,814] {logging_mixin.py:115} INFO - [2024-04-04 20:49:54,814] {dagbag.py:507} INFO - Filling up the DagBag from /home/dimitri/dimitri/airflowalura/venv/lib/python3.10/site-packages/airflow/example_dags/plugins/workday.py
[2024-04-04 20:49:54,815] {processor.py:653} WARNING - No viable dags retrieved from /home/dimitri/dimitri/airflowalura/venv/lib/python3.10/site-packages/airflow/example_dags/plugins/workday.py
[2024-04-04 20:49:54,822] {processor.py:161} INFO - Processing /home/dimitri/dimitri/airflowalura/venv/lib/python3.10/site-packages/airflow/example_dags/plugins/workday.py took 0.014 seconds
[2024-04-04 20:50:32,082] {processor.py:153} INFO - Started process (PID=575366) to work on /home/dimitri/dimitri/airflowalura/venv/lib/python3.10/site-packages/airflow/example_dags/plugins/workday.py
[2024-04-04 20:50:32,084] {processor.py:641} INFO - Processing file /home/dimitri/dimitri/airflowalura/venv/lib/python3.10/site-packages/airflow/example_dags/plugins/workday.py for tasks to queue
[2024-04-04 20:50:32,085] {logging_mixin.py:115} INFO - [2024-04-04 20:50:32,085] {dagbag.py:507} INFO - Filling up the DagBag from /home/dimitri/dimitri/airflowalura/venv/lib/python3.10/site-packages/airflow/example_dags/plugins/workday.py
[2024-04-04 20:50:32,086] {processor.py:653} WARNING - No viable dags retrieved from /home/dimitri/dimitri/airflowalura/venv/lib/python3.10/site-packages/airflow/example_dags/plugins/workday.py
[2024-04-04 20:50:32,093] {processor.py:161} INFO - Processing /home/dimitri/dimitri/airflowalura/venv/lib/python3.10/site-packages/airflow/example_dags/plugins/workday.py took 0.014 seconds
[2024-04-04 20:51:07,090] {processor.py:153} INFO - Started process (PID=575504) to work on /home/dimitri/dimitri/airflowalura/venv/lib/python3.10/site-packages/airflow/example_dags/plugins/workday.py
[2024-04-04 20:51:07,091] {processor.py:641} INFO - Processing file /home/dimitri/dimitri/airflowalura/venv/lib/python3.10/site-packages/airflow/example_dags/plugins/workday.py for tasks to queue
[2024-04-04 20:51:07,091] {logging_mixin.py:115} INFO - [2024-04-04 20:51:07,091] {dagbag.py:507} INFO - Filling up the DagBag from /home/dimitri/dimitri/airflowalura/venv/lib/python3.10/site-packages/airflow/example_dags/plugins/workday.py
[2024-04-04 20:51:07,092] {processor.py:653} WARNING - No viable dags retrieved from /home/dimitri/dimitri/airflowalura/venv/lib/python3.10/site-packages/airflow/example_dags/plugins/workday.py
[2024-04-04 20:51:07,099] {processor.py:161} INFO - Processing /home/dimitri/dimitri/airflowalura/venv/lib/python3.10/site-packages/airflow/example_dags/plugins/workday.py took 0.011 seconds
[2024-04-04 20:51:44,228] {processor.py:153} INFO - Started process (PID=575648) to work on /home/dimitri/dimitri/airflowalura/venv/lib/python3.10/site-packages/airflow/example_dags/plugins/workday.py
[2024-04-04 20:51:44,231] {processor.py:641} INFO - Processing file /home/dimitri/dimitri/airflowalura/venv/lib/python3.10/site-packages/airflow/example_dags/plugins/workday.py for tasks to queue
[2024-04-04 20:51:44,231] {logging_mixin.py:115} INFO - [2024-04-04 20:51:44,231] {dagbag.py:507} INFO - Filling up the DagBag from /home/dimitri/dimitri/airflowalura/venv/lib/python3.10/site-packages/airflow/example_dags/plugins/workday.py
[2024-04-04 20:51:44,233] {processor.py:653} WARNING - No viable dags retrieved from /home/dimitri/dimitri/airflowalura/venv/lib/python3.10/site-packages/airflow/example_dags/plugins/workday.py
[2024-04-04 20:51:44,240] {processor.py:161} INFO - Processing /home/dimitri/dimitri/airflowalura/venv/lib/python3.10/site-packages/airflow/example_dags/plugins/workday.py took 0.013 seconds
[2024-04-04 20:52:24,373] {processor.py:153} INFO - Started process (PID=575803) to work on /home/dimitri/dimitri/airflowalura/venv/lib/python3.10/site-packages/airflow/example_dags/plugins/workday.py
[2024-04-04 20:52:24,376] {processor.py:641} INFO - Processing file /home/dimitri/dimitri/airflowalura/venv/lib/python3.10/site-packages/airflow/example_dags/plugins/workday.py for tasks to queue
[2024-04-04 20:52:24,377] {logging_mixin.py:115} INFO - [2024-04-04 20:52:24,377] {dagbag.py:507} INFO - Filling up the DagBag from /home/dimitri/dimitri/airflowalura/venv/lib/python3.10/site-packages/airflow/example_dags/plugins/workday.py
[2024-04-04 20:52:24,378] {processor.py:653} WARNING - No viable dags retrieved from /home/dimitri/dimitri/airflowalura/venv/lib/python3.10/site-packages/airflow/example_dags/plugins/workday.py
[2024-04-04 20:52:24,385] {processor.py:161} INFO - Processing /home/dimitri/dimitri/airflowalura/venv/lib/python3.10/site-packages/airflow/example_dags/plugins/workday.py took 0.014 seconds
[2024-04-04 20:53:05,674] {processor.py:153} INFO - Started process (PID=575963) to work on /home/dimitri/dimitri/airflowalura/venv/lib/python3.10/site-packages/airflow/example_dags/plugins/workday.py
[2024-04-04 20:53:05,676] {processor.py:641} INFO - Processing file /home/dimitri/dimitri/airflowalura/venv/lib/python3.10/site-packages/airflow/example_dags/plugins/workday.py for tasks to queue
[2024-04-04 20:53:05,676] {logging_mixin.py:115} INFO - [2024-04-04 20:53:05,676] {dagbag.py:507} INFO - Filling up the DagBag from /home/dimitri/dimitri/airflowalura/venv/lib/python3.10/site-packages/airflow/example_dags/plugins/workday.py
[2024-04-04 20:53:05,677] {processor.py:653} WARNING - No viable dags retrieved from /home/dimitri/dimitri/airflowalura/venv/lib/python3.10/site-packages/airflow/example_dags/plugins/workday.py
[2024-04-04 20:53:05,685] {processor.py:161} INFO - Processing /home/dimitri/dimitri/airflowalura/venv/lib/python3.10/site-packages/airflow/example_dags/plugins/workday.py took 0.013 seconds
[2024-04-04 20:53:42,695] {processor.py:153} INFO - Started process (PID=576103) to work on /home/dimitri/dimitri/airflowalura/venv/lib/python3.10/site-packages/airflow/example_dags/plugins/workday.py
[2024-04-04 20:53:42,698] {processor.py:641} INFO - Processing file /home/dimitri/dimitri/airflowalura/venv/lib/python3.10/site-packages/airflow/example_dags/plugins/workday.py for tasks to queue
[2024-04-04 20:53:42,698] {logging_mixin.py:115} INFO - [2024-04-04 20:53:42,698] {dagbag.py:507} INFO - Filling up the DagBag from /home/dimitri/dimitri/airflowalura/venv/lib/python3.10/site-packages/airflow/example_dags/plugins/workday.py
[2024-04-04 20:53:42,700] {processor.py:653} WARNING - No viable dags retrieved from /home/dimitri/dimitri/airflowalura/venv/lib/python3.10/site-packages/airflow/example_dags/plugins/workday.py
[2024-04-04 20:53:42,707] {processor.py:161} INFO - Processing /home/dimitri/dimitri/airflowalura/venv/lib/python3.10/site-packages/airflow/example_dags/plugins/workday.py took 0.015 seconds
[2024-04-04 20:54:18,954] {processor.py:153} INFO - Started process (PID=576249) to work on /home/dimitri/dimitri/airflowalura/venv/lib/python3.10/site-packages/airflow/example_dags/plugins/workday.py
[2024-04-04 20:54:18,955] {processor.py:641} INFO - Processing file /home/dimitri/dimitri/airflowalura/venv/lib/python3.10/site-packages/airflow/example_dags/plugins/workday.py for tasks to queue
[2024-04-04 20:54:18,956] {logging_mixin.py:115} INFO - [2024-04-04 20:54:18,956] {dagbag.py:507} INFO - Filling up the DagBag from /home/dimitri/dimitri/airflowalura/venv/lib/python3.10/site-packages/airflow/example_dags/plugins/workday.py
[2024-04-04 20:54:18,957] {processor.py:653} WARNING - No viable dags retrieved from /home/dimitri/dimitri/airflowalura/venv/lib/python3.10/site-packages/airflow/example_dags/plugins/workday.py
[2024-04-04 20:54:18,964] {processor.py:161} INFO - Processing /home/dimitri/dimitri/airflowalura/venv/lib/python3.10/site-packages/airflow/example_dags/plugins/workday.py took 0.012 seconds
[2024-04-04 20:54:53,313] {processor.py:153} INFO - Started process (PID=576382) to work on /home/dimitri/dimitri/airflowalura/venv/lib/python3.10/site-packages/airflow/example_dags/plugins/workday.py
[2024-04-04 20:54:53,316] {processor.py:641} INFO - Processing file /home/dimitri/dimitri/airflowalura/venv/lib/python3.10/site-packages/airflow/example_dags/plugins/workday.py for tasks to queue
[2024-04-04 20:54:53,316] {logging_mixin.py:115} INFO - [2024-04-04 20:54:53,316] {dagbag.py:507} INFO - Filling up the DagBag from /home/dimitri/dimitri/airflowalura/venv/lib/python3.10/site-packages/airflow/example_dags/plugins/workday.py
[2024-04-04 20:54:53,317] {processor.py:653} WARNING - No viable dags retrieved from /home/dimitri/dimitri/airflowalura/venv/lib/python3.10/site-packages/airflow/example_dags/plugins/workday.py
[2024-04-04 20:54:53,325] {processor.py:161} INFO - Processing /home/dimitri/dimitri/airflowalura/venv/lib/python3.10/site-packages/airflow/example_dags/plugins/workday.py took 0.013 seconds
[2024-04-04 20:55:35,504] {processor.py:153} INFO - Started process (PID=576551) to work on /home/dimitri/dimitri/airflowalura/venv/lib/python3.10/site-packages/airflow/example_dags/plugins/workday.py
[2024-04-04 20:55:35,507] {processor.py:641} INFO - Processing file /home/dimitri/dimitri/airflowalura/venv/lib/python3.10/site-packages/airflow/example_dags/plugins/workday.py for tasks to queue
[2024-04-04 20:55:35,507] {logging_mixin.py:115} INFO - [2024-04-04 20:55:35,507] {dagbag.py:507} INFO - Filling up the DagBag from /home/dimitri/dimitri/airflowalura/venv/lib/python3.10/site-packages/airflow/example_dags/plugins/workday.py
[2024-04-04 20:55:35,508] {processor.py:653} WARNING - No viable dags retrieved from /home/dimitri/dimitri/airflowalura/venv/lib/python3.10/site-packages/airflow/example_dags/plugins/workday.py
[2024-04-04 20:55:35,515] {processor.py:161} INFO - Processing /home/dimitri/dimitri/airflowalura/venv/lib/python3.10/site-packages/airflow/example_dags/plugins/workday.py took 0.013 seconds
[2024-04-04 20:56:12,462] {processor.py:153} INFO - Started process (PID=576690) to work on /home/dimitri/dimitri/airflowalura/venv/lib/python3.10/site-packages/airflow/example_dags/plugins/workday.py
[2024-04-04 20:56:12,464] {processor.py:641} INFO - Processing file /home/dimitri/dimitri/airflowalura/venv/lib/python3.10/site-packages/airflow/example_dags/plugins/workday.py for tasks to queue
[2024-04-04 20:56:12,464] {logging_mixin.py:115} INFO - [2024-04-04 20:56:12,464] {dagbag.py:507} INFO - Filling up the DagBag from /home/dimitri/dimitri/airflowalura/venv/lib/python3.10/site-packages/airflow/example_dags/plugins/workday.py
[2024-04-04 20:56:12,465] {processor.py:653} WARNING - No viable dags retrieved from /home/dimitri/dimitri/airflowalura/venv/lib/python3.10/site-packages/airflow/example_dags/plugins/workday.py
[2024-04-04 20:56:12,477] {processor.py:161} INFO - Processing /home/dimitri/dimitri/airflowalura/venv/lib/python3.10/site-packages/airflow/example_dags/plugins/workday.py took 0.017 seconds
[2024-04-04 20:56:48,551] {processor.py:153} INFO - Started process (PID=576834) to work on /home/dimitri/dimitri/airflowalura/venv/lib/python3.10/site-packages/airflow/example_dags/plugins/workday.py
[2024-04-04 20:56:48,554] {processor.py:641} INFO - Processing file /home/dimitri/dimitri/airflowalura/venv/lib/python3.10/site-packages/airflow/example_dags/plugins/workday.py for tasks to queue
[2024-04-04 20:56:48,554] {logging_mixin.py:115} INFO - [2024-04-04 20:56:48,554] {dagbag.py:507} INFO - Filling up the DagBag from /home/dimitri/dimitri/airflowalura/venv/lib/python3.10/site-packages/airflow/example_dags/plugins/workday.py
[2024-04-04 20:56:48,556] {processor.py:653} WARNING - No viable dags retrieved from /home/dimitri/dimitri/airflowalura/venv/lib/python3.10/site-packages/airflow/example_dags/plugins/workday.py
[2024-04-04 20:56:48,562] {processor.py:161} INFO - Processing /home/dimitri/dimitri/airflowalura/venv/lib/python3.10/site-packages/airflow/example_dags/plugins/workday.py took 0.013 seconds
[2024-04-04 20:57:23,302] {processor.py:153} INFO - Started process (PID=576971) to work on /home/dimitri/dimitri/airflowalura/venv/lib/python3.10/site-packages/airflow/example_dags/plugins/workday.py
[2024-04-04 20:57:23,303] {processor.py:641} INFO - Processing file /home/dimitri/dimitri/airflowalura/venv/lib/python3.10/site-packages/airflow/example_dags/plugins/workday.py for tasks to queue
[2024-04-04 20:57:23,303] {logging_mixin.py:115} INFO - [2024-04-04 20:57:23,303] {dagbag.py:507} INFO - Filling up the DagBag from /home/dimitri/dimitri/airflowalura/venv/lib/python3.10/site-packages/airflow/example_dags/plugins/workday.py
[2024-04-04 20:57:23,305] {processor.py:653} WARNING - No viable dags retrieved from /home/dimitri/dimitri/airflowalura/venv/lib/python3.10/site-packages/airflow/example_dags/plugins/workday.py
[2024-04-04 20:57:23,312] {processor.py:161} INFO - Processing /home/dimitri/dimitri/airflowalura/venv/lib/python3.10/site-packages/airflow/example_dags/plugins/workday.py took 0.012 seconds
[2024-04-04 20:58:00,736] {processor.py:153} INFO - Started process (PID=577117) to work on /home/dimitri/dimitri/airflowalura/venv/lib/python3.10/site-packages/airflow/example_dags/plugins/workday.py
[2024-04-04 20:58:00,739] {processor.py:641} INFO - Processing file /home/dimitri/dimitri/airflowalura/venv/lib/python3.10/site-packages/airflow/example_dags/plugins/workday.py for tasks to queue
[2024-04-04 20:58:00,739] {logging_mixin.py:115} INFO - [2024-04-04 20:58:00,739] {dagbag.py:507} INFO - Filling up the DagBag from /home/dimitri/dimitri/airflowalura/venv/lib/python3.10/site-packages/airflow/example_dags/plugins/workday.py
[2024-04-04 20:58:00,740] {processor.py:653} WARNING - No viable dags retrieved from /home/dimitri/dimitri/airflowalura/venv/lib/python3.10/site-packages/airflow/example_dags/plugins/workday.py
[2024-04-04 20:58:00,748] {processor.py:161} INFO - Processing /home/dimitri/dimitri/airflowalura/venv/lib/python3.10/site-packages/airflow/example_dags/plugins/workday.py took 0.015 seconds
[2024-04-04 20:58:36,653] {processor.py:153} INFO - Started process (PID=577260) to work on /home/dimitri/dimitri/airflowalura/venv/lib/python3.10/site-packages/airflow/example_dags/plugins/workday.py
[2024-04-04 20:58:36,655] {processor.py:641} INFO - Processing file /home/dimitri/dimitri/airflowalura/venv/lib/python3.10/site-packages/airflow/example_dags/plugins/workday.py for tasks to queue
[2024-04-04 20:58:36,656] {logging_mixin.py:115} INFO - [2024-04-04 20:58:36,656] {dagbag.py:507} INFO - Filling up the DagBag from /home/dimitri/dimitri/airflowalura/venv/lib/python3.10/site-packages/airflow/example_dags/plugins/workday.py
[2024-04-04 20:58:36,657] {processor.py:653} WARNING - No viable dags retrieved from /home/dimitri/dimitri/airflowalura/venv/lib/python3.10/site-packages/airflow/example_dags/plugins/workday.py
[2024-04-04 20:58:36,667] {processor.py:161} INFO - Processing /home/dimitri/dimitri/airflowalura/venv/lib/python3.10/site-packages/airflow/example_dags/plugins/workday.py took 0.016 seconds
[2024-04-04 20:59:09,437] {processor.py:153} INFO - Started process (PID=577391) to work on /home/dimitri/dimitri/airflowalura/venv/lib/python3.10/site-packages/airflow/example_dags/plugins/workday.py
[2024-04-04 20:59:09,439] {processor.py:641} INFO - Processing file /home/dimitri/dimitri/airflowalura/venv/lib/python3.10/site-packages/airflow/example_dags/plugins/workday.py for tasks to queue
[2024-04-04 20:59:09,439] {logging_mixin.py:115} INFO - [2024-04-04 20:59:09,439] {dagbag.py:507} INFO - Filling up the DagBag from /home/dimitri/dimitri/airflowalura/venv/lib/python3.10/site-packages/airflow/example_dags/plugins/workday.py
[2024-04-04 20:59:09,441] {processor.py:653} WARNING - No viable dags retrieved from /home/dimitri/dimitri/airflowalura/venv/lib/python3.10/site-packages/airflow/example_dags/plugins/workday.py
[2024-04-04 20:59:09,447] {processor.py:161} INFO - Processing /home/dimitri/dimitri/airflowalura/venv/lib/python3.10/site-packages/airflow/example_dags/plugins/workday.py took 0.012 seconds
[2024-04-04 20:59:44,246] {processor.py:153} INFO - Started process (PID=577523) to work on /home/dimitri/dimitri/airflowalura/venv/lib/python3.10/site-packages/airflow/example_dags/plugins/workday.py
[2024-04-04 20:59:44,249] {processor.py:641} INFO - Processing file /home/dimitri/dimitri/airflowalura/venv/lib/python3.10/site-packages/airflow/example_dags/plugins/workday.py for tasks to queue
[2024-04-04 20:59:44,249] {logging_mixin.py:115} INFO - [2024-04-04 20:59:44,249] {dagbag.py:507} INFO - Filling up the DagBag from /home/dimitri/dimitri/airflowalura/venv/lib/python3.10/site-packages/airflow/example_dags/plugins/workday.py
[2024-04-04 20:59:44,250] {processor.py:653} WARNING - No viable dags retrieved from /home/dimitri/dimitri/airflowalura/venv/lib/python3.10/site-packages/airflow/example_dags/plugins/workday.py
[2024-04-04 20:59:44,258] {processor.py:161} INFO - Processing /home/dimitri/dimitri/airflowalura/venv/lib/python3.10/site-packages/airflow/example_dags/plugins/workday.py took 0.014 seconds
