[2024-04-05 19:36:36,646] {taskinstance.py:1159} INFO - Dependencies all met for <TaskInstance: dados_climaticos.cria_pasta scheduled__2024-02-05T00:00:00+00:00 [queued]>
[2024-04-05 19:36:36,651] {taskinstance.py:1159} INFO - Dependencies all met for <TaskInstance: dados_climaticos.cria_pasta scheduled__2024-02-05T00:00:00+00:00 [queued]>
[2024-04-05 19:36:36,651] {taskinstance.py:1356} INFO - 
--------------------------------------------------------------------------------
[2024-04-05 19:36:36,651] {taskinstance.py:1357} INFO - Starting attempt 1 of 1
[2024-04-05 19:36:36,651] {taskinstance.py:1358} INFO - 
--------------------------------------------------------------------------------
[2024-04-05 19:36:36,670] {taskinstance.py:1377} INFO - Executing <Task(BashOperator): cria_pasta> on 2024-02-05 00:00:00+00:00
[2024-04-05 19:36:36,672] {standard_task_runner.py:52} INFO - Started process 726067 to run task
[2024-04-05 19:36:36,676] {standard_task_runner.py:79} INFO - Running: ['airflow', 'tasks', 'run', 'dados_climaticos', 'cria_pasta', 'scheduled__2024-02-05T00:00:00+00:00', '--job-id', '115', '--raw', '--subdir', 'DAGS_FOLDER/extrai_dados_climaticos.py', '--cfg-path', '/tmp/tmpzns_w64q', '--error-file', '/tmp/tmpm126rpmk']
[2024-04-05 19:36:36,677] {standard_task_runner.py:80} INFO - Job 115: Subtask cria_pasta
[2024-04-05 19:36:36,718] {task_command.py:370} INFO - Running <TaskInstance: dados_climaticos.cria_pasta scheduled__2024-02-05T00:00:00+00:00 [running]> on host TEC017860.
[2024-04-05 19:36:36,785] {taskinstance.py:1569} INFO - Exporting the following env vars:
AIRFLOW_CTX_DAG_OWNER=airflow
AIRFLOW_CTX_DAG_ID=dados_climaticos
AIRFLOW_CTX_TASK_ID=cria_pasta
AIRFLOW_CTX_EXECUTION_DATE=2024-02-05T00:00:00+00:00
AIRFLOW_CTX_TRY_NUMBER=1
AIRFLOW_CTX_DAG_RUN_ID=scheduled__2024-02-05T00:00:00+00:00
[2024-04-05 19:36:36,786] {subprocess.py:62} INFO - Tmp dir root location: 
 /tmp
[2024-04-05 19:36:36,786] {subprocess.py:74} INFO - Running command: ['bash', '-c', 'mkdir -p "/home/dimitri/dimitri/airflowalura/semana=2024-02-12"']
[2024-04-05 19:36:36,791] {subprocess.py:85} INFO - Output:
[2024-04-05 19:36:36,792] {subprocess.py:96} INFO - Command exited with return code 0
[2024-04-05 19:36:36,819] {taskinstance.py:1395} INFO - Marking task as SUCCESS. dag_id=dados_climaticos, task_id=cria_pasta, execution_date=20240205T000000, start_date=20240405T223636, end_date=20240405T223636
[2024-04-05 19:36:36,861] {local_task_job.py:156} INFO - Task exited with return code 0
[2024-04-05 19:36:36,887] {local_task_job.py:273} INFO - 1 downstream tasks scheduled from follow-on schedule check
