[2024-04-05 19:36:20,304] {taskinstance.py:1159} INFO - Dependencies all met for <TaskInstance: dados_climaticos.cria_pasta scheduled__2024-01-08T00:00:00+00:00 [queued]>
[2024-04-05 19:36:20,308] {taskinstance.py:1159} INFO - Dependencies all met for <TaskInstance: dados_climaticos.cria_pasta scheduled__2024-01-08T00:00:00+00:00 [queued]>
[2024-04-05 19:36:20,308] {taskinstance.py:1356} INFO - 
--------------------------------------------------------------------------------
[2024-04-05 19:36:20,308] {taskinstance.py:1357} INFO - Starting attempt 1 of 1
[2024-04-05 19:36:20,308] {taskinstance.py:1358} INFO - 
--------------------------------------------------------------------------------
[2024-04-05 19:36:20,325] {taskinstance.py:1377} INFO - Executing <Task(BashOperator): cria_pasta> on 2024-01-08 00:00:00+00:00
[2024-04-05 19:36:20,327] {standard_task_runner.py:52} INFO - Started process 725901 to run task
[2024-04-05 19:36:20,329] {standard_task_runner.py:79} INFO - Running: ['airflow', 'tasks', 'run', 'dados_climaticos', 'cria_pasta', 'scheduled__2024-01-08T00:00:00+00:00', '--job-id', '107', '--raw', '--subdir', 'DAGS_FOLDER/extrai_dados_climaticos.py', '--cfg-path', '/tmp/tmptqgdbiuq', '--error-file', '/tmp/tmpdkuke272']
[2024-04-05 19:36:20,330] {standard_task_runner.py:80} INFO - Job 107: Subtask cria_pasta
[2024-04-05 19:36:20,368] {task_command.py:370} INFO - Running <TaskInstance: dados_climaticos.cria_pasta scheduled__2024-01-08T00:00:00+00:00 [running]> on host TEC017860.
[2024-04-05 19:36:20,427] {taskinstance.py:1569} INFO - Exporting the following env vars:
AIRFLOW_CTX_DAG_OWNER=airflow
AIRFLOW_CTX_DAG_ID=dados_climaticos
AIRFLOW_CTX_TASK_ID=cria_pasta
AIRFLOW_CTX_EXECUTION_DATE=2024-01-08T00:00:00+00:00
AIRFLOW_CTX_TRY_NUMBER=1
AIRFLOW_CTX_DAG_RUN_ID=scheduled__2024-01-08T00:00:00+00:00
[2024-04-05 19:36:20,428] {subprocess.py:62} INFO - Tmp dir root location: 
 /tmp
[2024-04-05 19:36:20,428] {subprocess.py:74} INFO - Running command: ['bash', '-c', 'mkdir -p "/home/dimitri/dimitri/airflowalura/semana=2024-01-15"']
[2024-04-05 19:36:20,433] {subprocess.py:85} INFO - Output:
[2024-04-05 19:36:20,435] {subprocess.py:96} INFO - Command exited with return code 0
[2024-04-05 19:36:20,455] {taskinstance.py:1395} INFO - Marking task as SUCCESS. dag_id=dados_climaticos, task_id=cria_pasta, execution_date=20240108T000000, start_date=20240405T223620, end_date=20240405T223620
[2024-04-05 19:36:20,471] {local_task_job.py:156} INFO - Task exited with return code 0
[2024-04-05 19:36:20,492] {local_task_job.py:273} INFO - 1 downstream tasks scheduled from follow-on schedule check
