[2024-04-05 19:35:32,252] {taskinstance.py:1159} INFO - Dependencies all met for <TaskInstance: dados_climaticos.extrai_dados scheduled__2023-10-09T00:00:00+00:00 [queued]>
[2024-04-05 19:35:32,256] {taskinstance.py:1159} INFO - Dependencies all met for <TaskInstance: dados_climaticos.extrai_dados scheduled__2023-10-09T00:00:00+00:00 [queued]>
[2024-04-05 19:35:32,256] {taskinstance.py:1356} INFO - 
--------------------------------------------------------------------------------
[2024-04-05 19:35:32,256] {taskinstance.py:1357} INFO - Starting attempt 1 of 1
[2024-04-05 19:35:32,256] {taskinstance.py:1358} INFO - 
--------------------------------------------------------------------------------
[2024-04-05 19:35:32,269] {taskinstance.py:1377} INFO - Executing <Task(PythonOperator): extrai_dados> on 2023-10-09 00:00:00+00:00
[2024-04-05 19:35:32,271] {standard_task_runner.py:52} INFO - Started process 725401 to run task
[2024-04-05 19:35:32,273] {standard_task_runner.py:79} INFO - Running: ['airflow', 'tasks', 'run', 'dados_climaticos', 'extrai_dados', 'scheduled__2023-10-09T00:00:00+00:00', '--job-id', '82', '--raw', '--subdir', 'DAGS_FOLDER/extrai_dados_climaticos.py', '--cfg-path', '/tmp/tmpzrqua4dt', '--error-file', '/tmp/tmpsabhuo59']
[2024-04-05 19:35:32,273] {standard_task_runner.py:80} INFO - Job 82: Subtask extrai_dados
[2024-04-05 19:35:32,300] {task_command.py:370} INFO - Running <TaskInstance: dados_climaticos.extrai_dados scheduled__2023-10-09T00:00:00+00:00 [running]> on host TEC017860.
[2024-04-05 19:35:32,344] {taskinstance.py:1569} INFO - Exporting the following env vars:
AIRFLOW_CTX_DAG_OWNER=airflow
AIRFLOW_CTX_DAG_ID=dados_climaticos
AIRFLOW_CTX_TASK_ID=extrai_dados
AIRFLOW_CTX_EXECUTION_DATE=2023-10-09T00:00:00+00:00
AIRFLOW_CTX_TRY_NUMBER=1
AIRFLOW_CTX_DAG_RUN_ID=scheduled__2023-10-09T00:00:00+00:00
[2024-04-05 19:35:32,985] {python.py:173} INFO - Done. Returned value was: None
[2024-04-05 19:35:32,988] {taskinstance.py:1395} INFO - Marking task as SUCCESS. dag_id=dados_climaticos, task_id=extrai_dados, execution_date=20231009T000000, start_date=20240405T223532, end_date=20240405T223532
[2024-04-05 19:35:33,029] {local_task_job.py:156} INFO - Task exited with return code 0
[2024-04-05 19:35:33,043] {local_task_job.py:273} INFO - 0 downstream tasks scheduled from follow-on schedule check
