[2024-04-05 19:35:23,537] {taskinstance.py:1159} INFO - Dependencies all met for <TaskInstance: dados_climaticos.cria_pasta scheduled__2023-09-25T00:00:00+00:00 [queued]>
[2024-04-05 19:35:23,543] {taskinstance.py:1159} INFO - Dependencies all met for <TaskInstance: dados_climaticos.cria_pasta scheduled__2023-09-25T00:00:00+00:00 [queued]>
[2024-04-05 19:35:23,543] {taskinstance.py:1356} INFO - 
--------------------------------------------------------------------------------
[2024-04-05 19:35:23,543] {taskinstance.py:1357} INFO - Starting attempt 1 of 1
[2024-04-05 19:35:23,543] {taskinstance.py:1358} INFO - 
--------------------------------------------------------------------------------
[2024-04-05 19:35:23,558] {taskinstance.py:1377} INFO - Executing <Task(BashOperator): cria_pasta> on 2023-09-25 00:00:00+00:00
[2024-04-05 19:35:23,560] {standard_task_runner.py:52} INFO - Started process 725304 to run task
[2024-04-05 19:35:23,562] {standard_task_runner.py:79} INFO - Running: ['airflow', 'tasks', 'run', 'dados_climaticos', 'cria_pasta', 'scheduled__2023-09-25T00:00:00+00:00', '--job-id', '77', '--raw', '--subdir', 'DAGS_FOLDER/extrai_dados_climaticos.py', '--cfg-path', '/tmp/tmpmesl7dsd', '--error-file', '/tmp/tmpfqb_g5bv']
[2024-04-05 19:35:23,563] {standard_task_runner.py:80} INFO - Job 77: Subtask cria_pasta
[2024-04-05 19:35:23,592] {task_command.py:370} INFO - Running <TaskInstance: dados_climaticos.cria_pasta scheduled__2023-09-25T00:00:00+00:00 [running]> on host TEC017860.
[2024-04-05 19:35:23,645] {taskinstance.py:1569} INFO - Exporting the following env vars:
AIRFLOW_CTX_DAG_OWNER=airflow
AIRFLOW_CTX_DAG_ID=dados_climaticos
AIRFLOW_CTX_TASK_ID=cria_pasta
AIRFLOW_CTX_EXECUTION_DATE=2023-09-25T00:00:00+00:00
AIRFLOW_CTX_TRY_NUMBER=1
AIRFLOW_CTX_DAG_RUN_ID=scheduled__2023-09-25T00:00:00+00:00
[2024-04-05 19:35:23,646] {subprocess.py:62} INFO - Tmp dir root location: 
 /tmp
[2024-04-05 19:35:23,646] {subprocess.py:74} INFO - Running command: ['bash', '-c', 'mkdir -p "/home/dimitri/dimitri/airflowalura/semana=2023-10-02"']
[2024-04-05 19:35:23,649] {subprocess.py:85} INFO - Output:
[2024-04-05 19:35:23,650] {subprocess.py:96} INFO - Command exited with return code 0
[2024-04-05 19:35:23,670] {taskinstance.py:1395} INFO - Marking task as SUCCESS. dag_id=dados_climaticos, task_id=cria_pasta, execution_date=20230925T000000, start_date=20240405T223523, end_date=20240405T223523
[2024-04-05 19:35:23,705] {local_task_job.py:156} INFO - Task exited with return code 0
[2024-04-05 19:35:23,729] {local_task_job.py:273} INFO - 1 downstream tasks scheduled from follow-on schedule check
