[2024-04-05 19:36:21,950] {taskinstance.py:1159} INFO - Dependencies all met for <TaskInstance: dados_climaticos.extrai_dados scheduled__2024-01-08T00:00:00+00:00 [queued]>
[2024-04-05 19:36:21,954] {taskinstance.py:1159} INFO - Dependencies all met for <TaskInstance: dados_climaticos.extrai_dados scheduled__2024-01-08T00:00:00+00:00 [queued]>
[2024-04-05 19:36:21,954] {taskinstance.py:1356} INFO - 
--------------------------------------------------------------------------------
[2024-04-05 19:36:21,955] {taskinstance.py:1357} INFO - Starting attempt 1 of 1
[2024-04-05 19:36:21,955] {taskinstance.py:1358} INFO - 
--------------------------------------------------------------------------------
[2024-04-05 19:36:21,972] {taskinstance.py:1377} INFO - Executing <Task(PythonOperator): extrai_dados> on 2024-01-08 00:00:00+00:00
[2024-04-05 19:36:21,974] {standard_task_runner.py:52} INFO - Started process 725922 to run task
[2024-04-05 19:36:21,976] {standard_task_runner.py:79} INFO - Running: ['airflow', 'tasks', 'run', 'dados_climaticos', 'extrai_dados', 'scheduled__2024-01-08T00:00:00+00:00', '--job-id', '108', '--raw', '--subdir', 'DAGS_FOLDER/extrai_dados_climaticos.py', '--cfg-path', '/tmp/tmp6xg09z2y', '--error-file', '/tmp/tmp98_om2s2']
[2024-04-05 19:36:21,977] {standard_task_runner.py:80} INFO - Job 108: Subtask extrai_dados
[2024-04-05 19:36:22,010] {task_command.py:370} INFO - Running <TaskInstance: dados_climaticos.extrai_dados scheduled__2024-01-08T00:00:00+00:00 [running]> on host TEC017860.
[2024-04-05 19:36:22,060] {taskinstance.py:1569} INFO - Exporting the following env vars:
AIRFLOW_CTX_DAG_OWNER=airflow
AIRFLOW_CTX_DAG_ID=dados_climaticos
AIRFLOW_CTX_TASK_ID=extrai_dados
AIRFLOW_CTX_EXECUTION_DATE=2024-01-08T00:00:00+00:00
AIRFLOW_CTX_TRY_NUMBER=1
AIRFLOW_CTX_DAG_RUN_ID=scheduled__2024-01-08T00:00:00+00:00
[2024-04-05 19:36:22,737] {python.py:173} INFO - Done. Returned value was: None
[2024-04-05 19:36:22,741] {taskinstance.py:1395} INFO - Marking task as SUCCESS. dag_id=dados_climaticos, task_id=extrai_dados, execution_date=20240108T000000, start_date=20240405T223621, end_date=20240405T223622
[2024-04-05 19:36:22,770] {local_task_job.py:156} INFO - Task exited with return code 0
[2024-04-05 19:36:22,779] {local_task_job.py:273} INFO - 0 downstream tasks scheduled from follow-on schedule check
