[2024-04-05 19:33:36,645] {taskinstance.py:1159} INFO - Dependencies all met for <TaskInstance: dados_climaticos.cria_pasta scheduled__2023-05-22T00:00:00+00:00 [queued]>
[2024-04-05 19:33:36,650] {taskinstance.py:1159} INFO - Dependencies all met for <TaskInstance: dados_climaticos.cria_pasta scheduled__2023-05-22T00:00:00+00:00 [queued]>
[2024-04-05 19:33:36,650] {taskinstance.py:1356} INFO - 
--------------------------------------------------------------------------------
[2024-04-05 19:33:36,650] {taskinstance.py:1357} INFO - Starting attempt 1 of 1
[2024-04-05 19:33:36,650] {taskinstance.py:1358} INFO - 
--------------------------------------------------------------------------------
[2024-04-05 19:33:36,672] {taskinstance.py:1377} INFO - Executing <Task(BashOperator): cria_pasta> on 2023-05-22 00:00:00+00:00
[2024-04-05 19:33:36,675] {standard_task_runner.py:52} INFO - Started process 724553 to run task
[2024-04-05 19:33:36,677] {standard_task_runner.py:79} INFO - Running: ['airflow', 'tasks', 'run', 'dados_climaticos', 'cria_pasta', 'scheduled__2023-05-22T00:00:00+00:00', '--job-id', '54', '--raw', '--subdir', 'DAGS_FOLDER/extrai_dados_climaticos.py', '--cfg-path', '/tmp/tmp3z91xgvi', '--error-file', '/tmp/tmp3ne08r5s']
[2024-04-05 19:33:36,678] {standard_task_runner.py:80} INFO - Job 54: Subtask cria_pasta
[2024-04-05 19:33:36,717] {task_command.py:370} INFO - Running <TaskInstance: dados_climaticos.cria_pasta scheduled__2023-05-22T00:00:00+00:00 [running]> on host TEC017860.
[2024-04-05 19:33:36,780] {taskinstance.py:1569} INFO - Exporting the following env vars:
AIRFLOW_CTX_DAG_OWNER=airflow
AIRFLOW_CTX_DAG_ID=dados_climaticos
AIRFLOW_CTX_TASK_ID=cria_pasta
AIRFLOW_CTX_EXECUTION_DATE=2023-05-22T00:00:00+00:00
AIRFLOW_CTX_TRY_NUMBER=1
AIRFLOW_CTX_DAG_RUN_ID=scheduled__2023-05-22T00:00:00+00:00
[2024-04-05 19:33:36,780] {subprocess.py:62} INFO - Tmp dir root location: 
 /tmp
[2024-04-05 19:33:36,781] {subprocess.py:74} INFO - Running command: ['bash', '-c', 'mkdir -p "/home/millenagena/Documents/airflowalura/semana=2023-05-29"']
[2024-04-05 19:33:36,787] {subprocess.py:85} INFO - Output:
[2024-04-05 19:33:36,788] {subprocess.py:92} INFO - mkdir: cannot create directory ‘/home/millenagena’: Permission denied
[2024-04-05 19:33:36,789] {subprocess.py:96} INFO - Command exited with return code 1
[2024-04-05 19:33:36,797] {taskinstance.py:1889} ERROR - Task failed with exception
Traceback (most recent call last):
  File "/home/dimitri/dimitri/airflowalura/venv/lib/python3.10/site-packages/airflow/operators/bash.py", line 194, in execute
    raise AirflowException(
airflow.exceptions.AirflowException: Bash command failed. The command returned a non-zero exit code 1.
[2024-04-05 19:33:36,799] {taskinstance.py:1395} INFO - Marking task as FAILED. dag_id=dados_climaticos, task_id=cria_pasta, execution_date=20230522T000000, start_date=20240405T223336, end_date=20240405T223336
[2024-04-05 19:33:36,815] {standard_task_runner.py:92} ERROR - Failed to execute job 54 for task cria_pasta (Bash command failed. The command returned a non-zero exit code 1.; 724553)
[2024-04-05 19:33:36,854] {local_task_job.py:156} INFO - Task exited with return code 1
[2024-04-05 19:33:36,884] {local_task_job.py:273} INFO - 0 downstream tasks scheduled from follow-on schedule check
