[2024-04-05 19:36:49,885] {taskinstance.py:1159} INFO - Dependencies all met for <TaskInstance: dados_climaticos.cria_pasta scheduled__2024-02-26T00:00:00+00:00 [queued]>
[2024-04-05 19:36:49,891] {taskinstance.py:1159} INFO - Dependencies all met for <TaskInstance: dados_climaticos.cria_pasta scheduled__2024-02-26T00:00:00+00:00 [queued]>
[2024-04-05 19:36:49,891] {taskinstance.py:1356} INFO - 
--------------------------------------------------------------------------------
[2024-04-05 19:36:49,891] {taskinstance.py:1357} INFO - Starting attempt 1 of 1
[2024-04-05 19:36:49,891] {taskinstance.py:1358} INFO - 
--------------------------------------------------------------------------------
[2024-04-05 19:36:49,909] {taskinstance.py:1377} INFO - Executing <Task(BashOperator): cria_pasta> on 2024-02-26 00:00:00+00:00
[2024-04-05 19:36:49,911] {standard_task_runner.py:52} INFO - Started process 726192 to run task
[2024-04-05 19:36:49,914] {standard_task_runner.py:79} INFO - Running: ['airflow', 'tasks', 'run', 'dados_climaticos', 'cria_pasta', 'scheduled__2024-02-26T00:00:00+00:00', '--job-id', '121', '--raw', '--subdir', 'DAGS_FOLDER/extrai_dados_climaticos.py', '--cfg-path', '/tmp/tmpsfpxmxlw', '--error-file', '/tmp/tmpabv_jndt']
[2024-04-05 19:36:49,915] {standard_task_runner.py:80} INFO - Job 121: Subtask cria_pasta
[2024-04-05 19:36:49,952] {task_command.py:370} INFO - Running <TaskInstance: dados_climaticos.cria_pasta scheduled__2024-02-26T00:00:00+00:00 [running]> on host TEC017860.
[2024-04-05 19:36:50,012] {taskinstance.py:1569} INFO - Exporting the following env vars:
AIRFLOW_CTX_DAG_OWNER=airflow
AIRFLOW_CTX_DAG_ID=dados_climaticos
AIRFLOW_CTX_TASK_ID=cria_pasta
AIRFLOW_CTX_EXECUTION_DATE=2024-02-26T00:00:00+00:00
AIRFLOW_CTX_TRY_NUMBER=1
AIRFLOW_CTX_DAG_RUN_ID=scheduled__2024-02-26T00:00:00+00:00
[2024-04-05 19:36:50,012] {subprocess.py:62} INFO - Tmp dir root location: 
 /tmp
[2024-04-05 19:36:50,013] {subprocess.py:74} INFO - Running command: ['bash', '-c', 'mkdir -p "/home/dimitri/dimitri/airflowalura/semana=2024-03-04"']
[2024-04-05 19:36:50,017] {subprocess.py:85} INFO - Output:
[2024-04-05 19:36:50,018] {subprocess.py:96} INFO - Command exited with return code 0
[2024-04-05 19:36:50,042] {taskinstance.py:1395} INFO - Marking task as SUCCESS. dag_id=dados_climaticos, task_id=cria_pasta, execution_date=20240226T000000, start_date=20240405T223649, end_date=20240405T223650
[2024-04-05 19:36:50,100] {local_task_job.py:156} INFO - Task exited with return code 0
[2024-04-05 19:36:50,126] {local_task_job.py:273} INFO - 1 downstream tasks scheduled from follow-on schedule check
