[2024-04-05 19:36:58,525] {taskinstance.py:1159} INFO - Dependencies all met for <TaskInstance: dados_climaticos.cria_pasta scheduled__2024-03-11T00:00:00+00:00 [queued]>
[2024-04-05 19:36:58,529] {taskinstance.py:1159} INFO - Dependencies all met for <TaskInstance: dados_climaticos.cria_pasta scheduled__2024-03-11T00:00:00+00:00 [queued]>
[2024-04-05 19:36:58,529] {taskinstance.py:1356} INFO - 
--------------------------------------------------------------------------------
[2024-04-05 19:36:58,530] {taskinstance.py:1357} INFO - Starting attempt 1 of 1
[2024-04-05 19:36:58,530] {taskinstance.py:1358} INFO - 
--------------------------------------------------------------------------------
[2024-04-05 19:36:58,552] {taskinstance.py:1377} INFO - Executing <Task(BashOperator): cria_pasta> on 2024-03-11 00:00:00+00:00
[2024-04-05 19:36:58,554] {standard_task_runner.py:52} INFO - Started process 726274 to run task
[2024-04-05 19:36:58,557] {standard_task_runner.py:79} INFO - Running: ['airflow', 'tasks', 'run', 'dados_climaticos', 'cria_pasta', 'scheduled__2024-03-11T00:00:00+00:00', '--job-id', '125', '--raw', '--subdir', 'DAGS_FOLDER/extrai_dados_climaticos.py', '--cfg-path', '/tmp/tmpcgnvf8c5', '--error-file', '/tmp/tmp7_1hw6fu']
[2024-04-05 19:36:58,557] {standard_task_runner.py:80} INFO - Job 125: Subtask cria_pasta
[2024-04-05 19:36:58,591] {task_command.py:370} INFO - Running <TaskInstance: dados_climaticos.cria_pasta scheduled__2024-03-11T00:00:00+00:00 [running]> on host TEC017860.
[2024-04-05 19:36:58,650] {taskinstance.py:1569} INFO - Exporting the following env vars:
AIRFLOW_CTX_DAG_OWNER=airflow
AIRFLOW_CTX_DAG_ID=dados_climaticos
AIRFLOW_CTX_TASK_ID=cria_pasta
AIRFLOW_CTX_EXECUTION_DATE=2024-03-11T00:00:00+00:00
AIRFLOW_CTX_TRY_NUMBER=1
AIRFLOW_CTX_DAG_RUN_ID=scheduled__2024-03-11T00:00:00+00:00
[2024-04-05 19:36:58,651] {subprocess.py:62} INFO - Tmp dir root location: 
 /tmp
[2024-04-05 19:36:58,651] {subprocess.py:74} INFO - Running command: ['bash', '-c', 'mkdir -p "/home/dimitri/dimitri/airflowalura/semana=2024-03-18"']
[2024-04-05 19:36:58,656] {subprocess.py:85} INFO - Output:
[2024-04-05 19:36:58,658] {subprocess.py:96} INFO - Command exited with return code 0
[2024-04-05 19:36:58,680] {taskinstance.py:1395} INFO - Marking task as SUCCESS. dag_id=dados_climaticos, task_id=cria_pasta, execution_date=20240311T000000, start_date=20240405T223658, end_date=20240405T223658
[2024-04-05 19:36:58,737] {local_task_job.py:156} INFO - Task exited with return code 0
[2024-04-05 19:36:58,763] {local_task_job.py:273} INFO - 1 downstream tasks scheduled from follow-on schedule check
