[2024-04-05 19:35:41,488] {taskinstance.py:1159} INFO - Dependencies all met for <TaskInstance: dados_climaticos.cria_pasta scheduled__2023-10-30T00:00:00+00:00 [queued]>
[2024-04-05 19:35:41,491] {taskinstance.py:1159} INFO - Dependencies all met for <TaskInstance: dados_climaticos.cria_pasta scheduled__2023-10-30T00:00:00+00:00 [queued]>
[2024-04-05 19:35:41,491] {taskinstance.py:1356} INFO - 
--------------------------------------------------------------------------------
[2024-04-05 19:35:41,491] {taskinstance.py:1357} INFO - Starting attempt 1 of 1
[2024-04-05 19:35:41,492] {taskinstance.py:1358} INFO - 
--------------------------------------------------------------------------------
[2024-04-05 19:35:41,508] {taskinstance.py:1377} INFO - Executing <Task(BashOperator): cria_pasta> on 2023-10-30 00:00:00+00:00
[2024-04-05 19:35:41,510] {standard_task_runner.py:52} INFO - Started process 725497 to run task
[2024-04-05 19:35:41,512] {standard_task_runner.py:79} INFO - Running: ['airflow', 'tasks', 'run', 'dados_climaticos', 'cria_pasta', 'scheduled__2023-10-30T00:00:00+00:00', '--job-id', '87', '--raw', '--subdir', 'DAGS_FOLDER/extrai_dados_climaticos.py', '--cfg-path', '/tmp/tmpvramotdx', '--error-file', '/tmp/tmpolabznin']
[2024-04-05 19:35:41,513] {standard_task_runner.py:80} INFO - Job 87: Subtask cria_pasta
[2024-04-05 19:35:41,541] {task_command.py:370} INFO - Running <TaskInstance: dados_climaticos.cria_pasta scheduled__2023-10-30T00:00:00+00:00 [running]> on host TEC017860.
[2024-04-05 19:35:41,593] {taskinstance.py:1569} INFO - Exporting the following env vars:
AIRFLOW_CTX_DAG_OWNER=airflow
AIRFLOW_CTX_DAG_ID=dados_climaticos
AIRFLOW_CTX_TASK_ID=cria_pasta
AIRFLOW_CTX_EXECUTION_DATE=2023-10-30T00:00:00+00:00
AIRFLOW_CTX_TRY_NUMBER=1
AIRFLOW_CTX_DAG_RUN_ID=scheduled__2023-10-30T00:00:00+00:00
[2024-04-05 19:35:41,593] {subprocess.py:62} INFO - Tmp dir root location: 
 /tmp
[2024-04-05 19:35:41,594] {subprocess.py:74} INFO - Running command: ['bash', '-c', 'mkdir -p "/home/dimitri/dimitri/airflowalura/semana=2023-11-06"']
[2024-04-05 19:35:41,597] {subprocess.py:85} INFO - Output:
[2024-04-05 19:35:41,598] {subprocess.py:96} INFO - Command exited with return code 0
[2024-04-05 19:35:41,617] {taskinstance.py:1395} INFO - Marking task as SUCCESS. dag_id=dados_climaticos, task_id=cria_pasta, execution_date=20231030T000000, start_date=20240405T223541, end_date=20240405T223541
[2024-04-05 19:35:41,652] {local_task_job.py:156} INFO - Task exited with return code 0
[2024-04-05 19:35:41,677] {local_task_job.py:273} INFO - 1 downstream tasks scheduled from follow-on schedule check
