[2024-04-04 20:29:29,004] {processor.py:153} INFO - Started process (PID=569934) to work on /home/dimitri/dimitri/airflowalura/venv/lib/python3.10/site-packages/airflow/example_dags/subdags/subdag.py
[2024-04-04 20:29:29,005] {processor.py:641} INFO - Processing file /home/dimitri/dimitri/airflowalura/venv/lib/python3.10/site-packages/airflow/example_dags/subdags/subdag.py for tasks to queue
[2024-04-04 20:29:29,007] {logging_mixin.py:115} INFO - [2024-04-04 20:29:29,007] {dagbag.py:507} INFO - Filling up the DagBag from /home/dimitri/dimitri/airflowalura/venv/lib/python3.10/site-packages/airflow/example_dags/subdags/subdag.py
[2024-04-04 20:29:29,011] {processor.py:653} WARNING - No viable dags retrieved from /home/dimitri/dimitri/airflowalura/venv/lib/python3.10/site-packages/airflow/example_dags/subdags/subdag.py
[2024-04-04 20:29:29,064] {processor.py:161} INFO - Processing /home/dimitri/dimitri/airflowalura/venv/lib/python3.10/site-packages/airflow/example_dags/subdags/subdag.py took 0.074 seconds
[2024-04-04 20:30:04,130] {processor.py:153} INFO - Started process (PID=570321) to work on /home/dimitri/dimitri/airflowalura/venv/lib/python3.10/site-packages/airflow/example_dags/subdags/subdag.py
[2024-04-04 20:30:04,133] {processor.py:641} INFO - Processing file /home/dimitri/dimitri/airflowalura/venv/lib/python3.10/site-packages/airflow/example_dags/subdags/subdag.py for tasks to queue
[2024-04-04 20:30:04,133] {logging_mixin.py:115} INFO - [2024-04-04 20:30:04,133] {dagbag.py:507} INFO - Filling up the DagBag from /home/dimitri/dimitri/airflowalura/venv/lib/python3.10/site-packages/airflow/example_dags/subdags/subdag.py
[2024-04-04 20:30:04,134] {processor.py:653} WARNING - No viable dags retrieved from /home/dimitri/dimitri/airflowalura/venv/lib/python3.10/site-packages/airflow/example_dags/subdags/subdag.py
[2024-04-04 20:30:04,141] {processor.py:161} INFO - Processing /home/dimitri/dimitri/airflowalura/venv/lib/python3.10/site-packages/airflow/example_dags/subdags/subdag.py took 0.014 seconds
[2024-04-04 20:30:38,773] {processor.py:153} INFO - Started process (PID=570472) to work on /home/dimitri/dimitri/airflowalura/venv/lib/python3.10/site-packages/airflow/example_dags/subdags/subdag.py
[2024-04-04 20:30:38,774] {processor.py:641} INFO - Processing file /home/dimitri/dimitri/airflowalura/venv/lib/python3.10/site-packages/airflow/example_dags/subdags/subdag.py for tasks to queue
[2024-04-04 20:30:38,775] {logging_mixin.py:115} INFO - [2024-04-04 20:30:38,775] {dagbag.py:507} INFO - Filling up the DagBag from /home/dimitri/dimitri/airflowalura/venv/lib/python3.10/site-packages/airflow/example_dags/subdags/subdag.py
[2024-04-04 20:30:38,776] {processor.py:653} WARNING - No viable dags retrieved from /home/dimitri/dimitri/airflowalura/venv/lib/python3.10/site-packages/airflow/example_dags/subdags/subdag.py
[2024-04-04 20:30:38,783] {processor.py:161} INFO - Processing /home/dimitri/dimitri/airflowalura/venv/lib/python3.10/site-packages/airflow/example_dags/subdags/subdag.py took 0.011 seconds
[2024-04-04 20:31:13,852] {processor.py:153} INFO - Started process (PID=570604) to work on /home/dimitri/dimitri/airflowalura/venv/lib/python3.10/site-packages/airflow/example_dags/subdags/subdag.py
[2024-04-04 20:31:13,855] {processor.py:641} INFO - Processing file /home/dimitri/dimitri/airflowalura/venv/lib/python3.10/site-packages/airflow/example_dags/subdags/subdag.py for tasks to queue
[2024-04-04 20:31:13,856] {logging_mixin.py:115} INFO - [2024-04-04 20:31:13,856] {dagbag.py:507} INFO - Filling up the DagBag from /home/dimitri/dimitri/airflowalura/venv/lib/python3.10/site-packages/airflow/example_dags/subdags/subdag.py
[2024-04-04 20:31:13,856] {processor.py:653} WARNING - No viable dags retrieved from /home/dimitri/dimitri/airflowalura/venv/lib/python3.10/site-packages/airflow/example_dags/subdags/subdag.py
[2024-04-04 20:31:13,863] {processor.py:161} INFO - Processing /home/dimitri/dimitri/airflowalura/venv/lib/python3.10/site-packages/airflow/example_dags/subdags/subdag.py took 0.013 seconds
[2024-04-04 20:31:48,838] {processor.py:153} INFO - Started process (PID=570742) to work on /home/dimitri/dimitri/airflowalura/venv/lib/python3.10/site-packages/airflow/example_dags/subdags/subdag.py
[2024-04-04 20:31:48,841] {processor.py:641} INFO - Processing file /home/dimitri/dimitri/airflowalura/venv/lib/python3.10/site-packages/airflow/example_dags/subdags/subdag.py for tasks to queue
[2024-04-04 20:31:48,841] {logging_mixin.py:115} INFO - [2024-04-04 20:31:48,841] {dagbag.py:507} INFO - Filling up the DagBag from /home/dimitri/dimitri/airflowalura/venv/lib/python3.10/site-packages/airflow/example_dags/subdags/subdag.py
[2024-04-04 20:31:48,842] {processor.py:653} WARNING - No viable dags retrieved from /home/dimitri/dimitri/airflowalura/venv/lib/python3.10/site-packages/airflow/example_dags/subdags/subdag.py
[2024-04-04 20:31:48,851] {processor.py:161} INFO - Processing /home/dimitri/dimitri/airflowalura/venv/lib/python3.10/site-packages/airflow/example_dags/subdags/subdag.py took 0.015 seconds
[2024-04-04 20:32:23,088] {processor.py:153} INFO - Started process (PID=570881) to work on /home/dimitri/dimitri/airflowalura/venv/lib/python3.10/site-packages/airflow/example_dags/subdags/subdag.py
[2024-04-04 20:32:23,092] {processor.py:641} INFO - Processing file /home/dimitri/dimitri/airflowalura/venv/lib/python3.10/site-packages/airflow/example_dags/subdags/subdag.py for tasks to queue
[2024-04-04 20:32:23,092] {logging_mixin.py:115} INFO - [2024-04-04 20:32:23,092] {dagbag.py:507} INFO - Filling up the DagBag from /home/dimitri/dimitri/airflowalura/venv/lib/python3.10/site-packages/airflow/example_dags/subdags/subdag.py
[2024-04-04 20:32:23,093] {processor.py:653} WARNING - No viable dags retrieved from /home/dimitri/dimitri/airflowalura/venv/lib/python3.10/site-packages/airflow/example_dags/subdags/subdag.py
[2024-04-04 20:32:23,100] {processor.py:161} INFO - Processing /home/dimitri/dimitri/airflowalura/venv/lib/python3.10/site-packages/airflow/example_dags/subdags/subdag.py took 0.014 seconds
[2024-04-04 20:33:13,024] {processor.py:153} INFO - Started process (PID=571225) to work on /home/dimitri/dimitri/airflowalura/venv/lib/python3.10/site-packages/airflow/example_dags/subdags/subdag.py
[2024-04-04 20:33:13,026] {processor.py:641} INFO - Processing file /home/dimitri/dimitri/airflowalura/venv/lib/python3.10/site-packages/airflow/example_dags/subdags/subdag.py for tasks to queue
[2024-04-04 20:33:13,026] {logging_mixin.py:115} INFO - [2024-04-04 20:33:13,026] {dagbag.py:507} INFO - Filling up the DagBag from /home/dimitri/dimitri/airflowalura/venv/lib/python3.10/site-packages/airflow/example_dags/subdags/subdag.py
[2024-04-04 20:33:13,027] {processor.py:653} WARNING - No viable dags retrieved from /home/dimitri/dimitri/airflowalura/venv/lib/python3.10/site-packages/airflow/example_dags/subdags/subdag.py
[2024-04-04 20:33:13,042] {processor.py:161} INFO - Processing /home/dimitri/dimitri/airflowalura/venv/lib/python3.10/site-packages/airflow/example_dags/subdags/subdag.py took 0.020 seconds
[2024-04-04 20:33:47,475] {processor.py:153} INFO - Started process (PID=571366) to work on /home/dimitri/dimitri/airflowalura/venv/lib/python3.10/site-packages/airflow/example_dags/subdags/subdag.py
[2024-04-04 20:33:47,478] {processor.py:641} INFO - Processing file /home/dimitri/dimitri/airflowalura/venv/lib/python3.10/site-packages/airflow/example_dags/subdags/subdag.py for tasks to queue
[2024-04-04 20:33:47,478] {logging_mixin.py:115} INFO - [2024-04-04 20:33:47,478] {dagbag.py:507} INFO - Filling up the DagBag from /home/dimitri/dimitri/airflowalura/venv/lib/python3.10/site-packages/airflow/example_dags/subdags/subdag.py
[2024-04-04 20:33:47,479] {processor.py:653} WARNING - No viable dags retrieved from /home/dimitri/dimitri/airflowalura/venv/lib/python3.10/site-packages/airflow/example_dags/subdags/subdag.py
[2024-04-04 20:33:47,485] {processor.py:161} INFO - Processing /home/dimitri/dimitri/airflowalura/venv/lib/python3.10/site-packages/airflow/example_dags/subdags/subdag.py took 0.011 seconds
[2024-04-04 20:34:24,947] {processor.py:153} INFO - Started process (PID=571512) to work on /home/dimitri/dimitri/airflowalura/venv/lib/python3.10/site-packages/airflow/example_dags/subdags/subdag.py
[2024-04-04 20:34:24,951] {processor.py:641} INFO - Processing file /home/dimitri/dimitri/airflowalura/venv/lib/python3.10/site-packages/airflow/example_dags/subdags/subdag.py for tasks to queue
[2024-04-04 20:34:24,951] {logging_mixin.py:115} INFO - [2024-04-04 20:34:24,951] {dagbag.py:507} INFO - Filling up the DagBag from /home/dimitri/dimitri/airflowalura/venv/lib/python3.10/site-packages/airflow/example_dags/subdags/subdag.py
[2024-04-04 20:34:24,952] {processor.py:653} WARNING - No viable dags retrieved from /home/dimitri/dimitri/airflowalura/venv/lib/python3.10/site-packages/airflow/example_dags/subdags/subdag.py
[2024-04-04 20:34:24,960] {processor.py:161} INFO - Processing /home/dimitri/dimitri/airflowalura/venv/lib/python3.10/site-packages/airflow/example_dags/subdags/subdag.py took 0.016 seconds
[2024-04-04 20:34:58,583] {processor.py:153} INFO - Started process (PID=571645) to work on /home/dimitri/dimitri/airflowalura/venv/lib/python3.10/site-packages/airflow/example_dags/subdags/subdag.py
[2024-04-04 20:34:58,586] {processor.py:641} INFO - Processing file /home/dimitri/dimitri/airflowalura/venv/lib/python3.10/site-packages/airflow/example_dags/subdags/subdag.py for tasks to queue
[2024-04-04 20:34:58,586] {logging_mixin.py:115} INFO - [2024-04-04 20:34:58,586] {dagbag.py:507} INFO - Filling up the DagBag from /home/dimitri/dimitri/airflowalura/venv/lib/python3.10/site-packages/airflow/example_dags/subdags/subdag.py
[2024-04-04 20:34:58,587] {processor.py:653} WARNING - No viable dags retrieved from /home/dimitri/dimitri/airflowalura/venv/lib/python3.10/site-packages/airflow/example_dags/subdags/subdag.py
[2024-04-04 20:34:58,595] {processor.py:161} INFO - Processing /home/dimitri/dimitri/airflowalura/venv/lib/python3.10/site-packages/airflow/example_dags/subdags/subdag.py took 0.014 seconds
[2024-04-04 20:35:33,314] {processor.py:153} INFO - Started process (PID=571778) to work on /home/dimitri/dimitri/airflowalura/venv/lib/python3.10/site-packages/airflow/example_dags/subdags/subdag.py
[2024-04-04 20:35:33,315] {processor.py:641} INFO - Processing file /home/dimitri/dimitri/airflowalura/venv/lib/python3.10/site-packages/airflow/example_dags/subdags/subdag.py for tasks to queue
[2024-04-04 20:35:33,316] {logging_mixin.py:115} INFO - [2024-04-04 20:35:33,316] {dagbag.py:507} INFO - Filling up the DagBag from /home/dimitri/dimitri/airflowalura/venv/lib/python3.10/site-packages/airflow/example_dags/subdags/subdag.py
[2024-04-04 20:35:33,317] {processor.py:653} WARNING - No viable dags retrieved from /home/dimitri/dimitri/airflowalura/venv/lib/python3.10/site-packages/airflow/example_dags/subdags/subdag.py
[2024-04-04 20:35:33,324] {processor.py:161} INFO - Processing /home/dimitri/dimitri/airflowalura/venv/lib/python3.10/site-packages/airflow/example_dags/subdags/subdag.py took 0.014 seconds
[2024-04-04 20:36:41,998] {processor.py:153} INFO - Started process (PID=572061) to work on /home/dimitri/dimitri/airflowalura/venv/lib/python3.10/site-packages/airflow/example_dags/subdags/subdag.py
[2024-04-04 20:36:41,999] {processor.py:641} INFO - Processing file /home/dimitri/dimitri/airflowalura/venv/lib/python3.10/site-packages/airflow/example_dags/subdags/subdag.py for tasks to queue
[2024-04-04 20:36:41,999] {logging_mixin.py:115} INFO - [2024-04-04 20:36:41,999] {dagbag.py:507} INFO - Filling up the DagBag from /home/dimitri/dimitri/airflowalura/venv/lib/python3.10/site-packages/airflow/example_dags/subdags/subdag.py
[2024-04-04 20:36:42,000] {processor.py:653} WARNING - No viable dags retrieved from /home/dimitri/dimitri/airflowalura/venv/lib/python3.10/site-packages/airflow/example_dags/subdags/subdag.py
[2024-04-04 20:36:42,006] {processor.py:161} INFO - Processing /home/dimitri/dimitri/airflowalura/venv/lib/python3.10/site-packages/airflow/example_dags/subdags/subdag.py took 0.011 seconds
[2024-04-04 20:37:17,035] {processor.py:153} INFO - Started process (PID=572201) to work on /home/dimitri/dimitri/airflowalura/venv/lib/python3.10/site-packages/airflow/example_dags/subdags/subdag.py
[2024-04-04 20:37:17,036] {processor.py:641} INFO - Processing file /home/dimitri/dimitri/airflowalura/venv/lib/python3.10/site-packages/airflow/example_dags/subdags/subdag.py for tasks to queue
[2024-04-04 20:37:17,036] {logging_mixin.py:115} INFO - [2024-04-04 20:37:17,036] {dagbag.py:507} INFO - Filling up the DagBag from /home/dimitri/dimitri/airflowalura/venv/lib/python3.10/site-packages/airflow/example_dags/subdags/subdag.py
[2024-04-04 20:37:17,037] {processor.py:653} WARNING - No viable dags retrieved from /home/dimitri/dimitri/airflowalura/venv/lib/python3.10/site-packages/airflow/example_dags/subdags/subdag.py
[2024-04-04 20:37:17,047] {processor.py:161} INFO - Processing /home/dimitri/dimitri/airflowalura/venv/lib/python3.10/site-packages/airflow/example_dags/subdags/subdag.py took 0.014 seconds
[2024-04-04 20:37:52,578] {processor.py:153} INFO - Started process (PID=572342) to work on /home/dimitri/dimitri/airflowalura/venv/lib/python3.10/site-packages/airflow/example_dags/subdags/subdag.py
[2024-04-04 20:37:52,579] {processor.py:641} INFO - Processing file /home/dimitri/dimitri/airflowalura/venv/lib/python3.10/site-packages/airflow/example_dags/subdags/subdag.py for tasks to queue
[2024-04-04 20:37:52,580] {logging_mixin.py:115} INFO - [2024-04-04 20:37:52,580] {dagbag.py:507} INFO - Filling up the DagBag from /home/dimitri/dimitri/airflowalura/venv/lib/python3.10/site-packages/airflow/example_dags/subdags/subdag.py
[2024-04-04 20:37:52,581] {processor.py:653} WARNING - No viable dags retrieved from /home/dimitri/dimitri/airflowalura/venv/lib/python3.10/site-packages/airflow/example_dags/subdags/subdag.py
[2024-04-04 20:37:52,590] {processor.py:161} INFO - Processing /home/dimitri/dimitri/airflowalura/venv/lib/python3.10/site-packages/airflow/example_dags/subdags/subdag.py took 0.015 seconds
[2024-04-04 20:38:27,721] {processor.py:153} INFO - Started process (PID=572482) to work on /home/dimitri/dimitri/airflowalura/venv/lib/python3.10/site-packages/airflow/example_dags/subdags/subdag.py
[2024-04-04 20:38:27,723] {processor.py:641} INFO - Processing file /home/dimitri/dimitri/airflowalura/venv/lib/python3.10/site-packages/airflow/example_dags/subdags/subdag.py for tasks to queue
[2024-04-04 20:38:27,724] {logging_mixin.py:115} INFO - [2024-04-04 20:38:27,724] {dagbag.py:507} INFO - Filling up the DagBag from /home/dimitri/dimitri/airflowalura/venv/lib/python3.10/site-packages/airflow/example_dags/subdags/subdag.py
[2024-04-04 20:38:27,725] {processor.py:653} WARNING - No viable dags retrieved from /home/dimitri/dimitri/airflowalura/venv/lib/python3.10/site-packages/airflow/example_dags/subdags/subdag.py
[2024-04-04 20:38:27,731] {processor.py:161} INFO - Processing /home/dimitri/dimitri/airflowalura/venv/lib/python3.10/site-packages/airflow/example_dags/subdags/subdag.py took 0.014 seconds
[2024-04-04 20:39:03,617] {processor.py:153} INFO - Started process (PID=572624) to work on /home/dimitri/dimitri/airflowalura/venv/lib/python3.10/site-packages/airflow/example_dags/subdags/subdag.py
[2024-04-04 20:39:03,620] {processor.py:641} INFO - Processing file /home/dimitri/dimitri/airflowalura/venv/lib/python3.10/site-packages/airflow/example_dags/subdags/subdag.py for tasks to queue
[2024-04-04 20:39:03,620] {logging_mixin.py:115} INFO - [2024-04-04 20:39:03,620] {dagbag.py:507} INFO - Filling up the DagBag from /home/dimitri/dimitri/airflowalura/venv/lib/python3.10/site-packages/airflow/example_dags/subdags/subdag.py
[2024-04-04 20:39:03,621] {processor.py:653} WARNING - No viable dags retrieved from /home/dimitri/dimitri/airflowalura/venv/lib/python3.10/site-packages/airflow/example_dags/subdags/subdag.py
[2024-04-04 20:39:03,627] {processor.py:161} INFO - Processing /home/dimitri/dimitri/airflowalura/venv/lib/python3.10/site-packages/airflow/example_dags/subdags/subdag.py took 0.012 seconds
[2024-04-04 20:39:39,071] {processor.py:153} INFO - Started process (PID=572766) to work on /home/dimitri/dimitri/airflowalura/venv/lib/python3.10/site-packages/airflow/example_dags/subdags/subdag.py
[2024-04-04 20:39:39,073] {processor.py:641} INFO - Processing file /home/dimitri/dimitri/airflowalura/venv/lib/python3.10/site-packages/airflow/example_dags/subdags/subdag.py for tasks to queue
[2024-04-04 20:39:39,073] {logging_mixin.py:115} INFO - [2024-04-04 20:39:39,073] {dagbag.py:507} INFO - Filling up the DagBag from /home/dimitri/dimitri/airflowalura/venv/lib/python3.10/site-packages/airflow/example_dags/subdags/subdag.py
[2024-04-04 20:39:39,074] {processor.py:653} WARNING - No viable dags retrieved from /home/dimitri/dimitri/airflowalura/venv/lib/python3.10/site-packages/airflow/example_dags/subdags/subdag.py
[2024-04-04 20:39:39,080] {processor.py:161} INFO - Processing /home/dimitri/dimitri/airflowalura/venv/lib/python3.10/site-packages/airflow/example_dags/subdags/subdag.py took 0.011 seconds
[2024-04-04 20:40:14,562] {processor.py:153} INFO - Started process (PID=572907) to work on /home/dimitri/dimitri/airflowalura/venv/lib/python3.10/site-packages/airflow/example_dags/subdags/subdag.py
[2024-04-04 20:40:14,563] {processor.py:641} INFO - Processing file /home/dimitri/dimitri/airflowalura/venv/lib/python3.10/site-packages/airflow/example_dags/subdags/subdag.py for tasks to queue
[2024-04-04 20:40:14,564] {logging_mixin.py:115} INFO - [2024-04-04 20:40:14,564] {dagbag.py:507} INFO - Filling up the DagBag from /home/dimitri/dimitri/airflowalura/venv/lib/python3.10/site-packages/airflow/example_dags/subdags/subdag.py
[2024-04-04 20:40:14,565] {processor.py:653} WARNING - No viable dags retrieved from /home/dimitri/dimitri/airflowalura/venv/lib/python3.10/site-packages/airflow/example_dags/subdags/subdag.py
[2024-04-04 20:40:14,576] {processor.py:161} INFO - Processing /home/dimitri/dimitri/airflowalura/venv/lib/python3.10/site-packages/airflow/example_dags/subdags/subdag.py took 0.016 seconds
[2024-04-04 20:41:30,710] {processor.py:153} INFO - Started process (PID=573216) to work on /home/dimitri/dimitri/airflowalura/venv/lib/python3.10/site-packages/airflow/example_dags/subdags/subdag.py
[2024-04-04 20:41:30,712] {processor.py:641} INFO - Processing file /home/dimitri/dimitri/airflowalura/venv/lib/python3.10/site-packages/airflow/example_dags/subdags/subdag.py for tasks to queue
[2024-04-04 20:41:30,712] {logging_mixin.py:115} INFO - [2024-04-04 20:41:30,712] {dagbag.py:507} INFO - Filling up the DagBag from /home/dimitri/dimitri/airflowalura/venv/lib/python3.10/site-packages/airflow/example_dags/subdags/subdag.py
[2024-04-04 20:41:30,713] {processor.py:653} WARNING - No viable dags retrieved from /home/dimitri/dimitri/airflowalura/venv/lib/python3.10/site-packages/airflow/example_dags/subdags/subdag.py
[2024-04-04 20:41:30,719] {processor.py:161} INFO - Processing /home/dimitri/dimitri/airflowalura/venv/lib/python3.10/site-packages/airflow/example_dags/subdags/subdag.py took 0.011 seconds
[2024-04-04 20:42:09,251] {processor.py:153} INFO - Started process (PID=573374) to work on /home/dimitri/dimitri/airflowalura/venv/lib/python3.10/site-packages/airflow/example_dags/subdags/subdag.py
[2024-04-04 20:42:09,254] {processor.py:641} INFO - Processing file /home/dimitri/dimitri/airflowalura/venv/lib/python3.10/site-packages/airflow/example_dags/subdags/subdag.py for tasks to queue
[2024-04-04 20:42:09,254] {logging_mixin.py:115} INFO - [2024-04-04 20:42:09,254] {dagbag.py:507} INFO - Filling up the DagBag from /home/dimitri/dimitri/airflowalura/venv/lib/python3.10/site-packages/airflow/example_dags/subdags/subdag.py
[2024-04-04 20:42:09,255] {processor.py:653} WARNING - No viable dags retrieved from /home/dimitri/dimitri/airflowalura/venv/lib/python3.10/site-packages/airflow/example_dags/subdags/subdag.py
[2024-04-04 20:42:09,262] {processor.py:161} INFO - Processing /home/dimitri/dimitri/airflowalura/venv/lib/python3.10/site-packages/airflow/example_dags/subdags/subdag.py took 0.014 seconds
[2024-04-04 20:42:46,024] {processor.py:153} INFO - Started process (PID=573514) to work on /home/dimitri/dimitri/airflowalura/venv/lib/python3.10/site-packages/airflow/example_dags/subdags/subdag.py
[2024-04-04 20:42:46,026] {processor.py:641} INFO - Processing file /home/dimitri/dimitri/airflowalura/venv/lib/python3.10/site-packages/airflow/example_dags/subdags/subdag.py for tasks to queue
[2024-04-04 20:42:46,027] {logging_mixin.py:115} INFO - [2024-04-04 20:42:46,027] {dagbag.py:507} INFO - Filling up the DagBag from /home/dimitri/dimitri/airflowalura/venv/lib/python3.10/site-packages/airflow/example_dags/subdags/subdag.py
[2024-04-04 20:42:46,028] {processor.py:653} WARNING - No viable dags retrieved from /home/dimitri/dimitri/airflowalura/venv/lib/python3.10/site-packages/airflow/example_dags/subdags/subdag.py
[2024-04-04 20:42:46,034] {processor.py:161} INFO - Processing /home/dimitri/dimitri/airflowalura/venv/lib/python3.10/site-packages/airflow/example_dags/subdags/subdag.py took 0.013 seconds
[2024-04-04 20:43:21,635] {processor.py:153} INFO - Started process (PID=573653) to work on /home/dimitri/dimitri/airflowalura/venv/lib/python3.10/site-packages/airflow/example_dags/subdags/subdag.py
[2024-04-04 20:43:21,638] {processor.py:641} INFO - Processing file /home/dimitri/dimitri/airflowalura/venv/lib/python3.10/site-packages/airflow/example_dags/subdags/subdag.py for tasks to queue
[2024-04-04 20:43:21,638] {logging_mixin.py:115} INFO - [2024-04-04 20:43:21,638] {dagbag.py:507} INFO - Filling up the DagBag from /home/dimitri/dimitri/airflowalura/venv/lib/python3.10/site-packages/airflow/example_dags/subdags/subdag.py
[2024-04-04 20:43:21,639] {processor.py:653} WARNING - No viable dags retrieved from /home/dimitri/dimitri/airflowalura/venv/lib/python3.10/site-packages/airflow/example_dags/subdags/subdag.py
[2024-04-04 20:43:21,651] {processor.py:161} INFO - Processing /home/dimitri/dimitri/airflowalura/venv/lib/python3.10/site-packages/airflow/example_dags/subdags/subdag.py took 0.018 seconds
[2024-04-04 20:44:00,267] {processor.py:153} INFO - Started process (PID=573807) to work on /home/dimitri/dimitri/airflowalura/venv/lib/python3.10/site-packages/airflow/example_dags/subdags/subdag.py
[2024-04-04 20:44:00,270] {processor.py:641} INFO - Processing file /home/dimitri/dimitri/airflowalura/venv/lib/python3.10/site-packages/airflow/example_dags/subdags/subdag.py for tasks to queue
[2024-04-04 20:44:00,270] {logging_mixin.py:115} INFO - [2024-04-04 20:44:00,270] {dagbag.py:507} INFO - Filling up the DagBag from /home/dimitri/dimitri/airflowalura/venv/lib/python3.10/site-packages/airflow/example_dags/subdags/subdag.py
[2024-04-04 20:44:00,271] {processor.py:653} WARNING - No viable dags retrieved from /home/dimitri/dimitri/airflowalura/venv/lib/python3.10/site-packages/airflow/example_dags/subdags/subdag.py
[2024-04-04 20:44:00,280] {processor.py:161} INFO - Processing /home/dimitri/dimitri/airflowalura/venv/lib/python3.10/site-packages/airflow/example_dags/subdags/subdag.py took 0.016 seconds
[2024-04-04 20:44:36,804] {processor.py:153} INFO - Started process (PID=573953) to work on /home/dimitri/dimitri/airflowalura/venv/lib/python3.10/site-packages/airflow/example_dags/subdags/subdag.py
[2024-04-04 20:44:36,806] {processor.py:641} INFO - Processing file /home/dimitri/dimitri/airflowalura/venv/lib/python3.10/site-packages/airflow/example_dags/subdags/subdag.py for tasks to queue
[2024-04-04 20:44:36,806] {logging_mixin.py:115} INFO - [2024-04-04 20:44:36,806] {dagbag.py:507} INFO - Filling up the DagBag from /home/dimitri/dimitri/airflowalura/venv/lib/python3.10/site-packages/airflow/example_dags/subdags/subdag.py
[2024-04-04 20:44:36,807] {processor.py:653} WARNING - No viable dags retrieved from /home/dimitri/dimitri/airflowalura/venv/lib/python3.10/site-packages/airflow/example_dags/subdags/subdag.py
[2024-04-04 20:44:36,816] {processor.py:161} INFO - Processing /home/dimitri/dimitri/airflowalura/venv/lib/python3.10/site-packages/airflow/example_dags/subdags/subdag.py took 0.013 seconds
[2024-04-04 20:45:11,279] {processor.py:153} INFO - Started process (PID=574084) to work on /home/dimitri/dimitri/airflowalura/venv/lib/python3.10/site-packages/airflow/example_dags/subdags/subdag.py
[2024-04-04 20:45:11,281] {processor.py:641} INFO - Processing file /home/dimitri/dimitri/airflowalura/venv/lib/python3.10/site-packages/airflow/example_dags/subdags/subdag.py for tasks to queue
[2024-04-04 20:45:11,281] {logging_mixin.py:115} INFO - [2024-04-04 20:45:11,281] {dagbag.py:507} INFO - Filling up the DagBag from /home/dimitri/dimitri/airflowalura/venv/lib/python3.10/site-packages/airflow/example_dags/subdags/subdag.py
[2024-04-04 20:45:11,282] {processor.py:653} WARNING - No viable dags retrieved from /home/dimitri/dimitri/airflowalura/venv/lib/python3.10/site-packages/airflow/example_dags/subdags/subdag.py
[2024-04-04 20:45:11,289] {processor.py:161} INFO - Processing /home/dimitri/dimitri/airflowalura/venv/lib/python3.10/site-packages/airflow/example_dags/subdags/subdag.py took 0.012 seconds
[2024-04-04 20:45:49,090] {processor.py:153} INFO - Started process (PID=574232) to work on /home/dimitri/dimitri/airflowalura/venv/lib/python3.10/site-packages/airflow/example_dags/subdags/subdag.py
[2024-04-04 20:45:49,091] {processor.py:641} INFO - Processing file /home/dimitri/dimitri/airflowalura/venv/lib/python3.10/site-packages/airflow/example_dags/subdags/subdag.py for tasks to queue
[2024-04-04 20:45:49,091] {logging_mixin.py:115} INFO - [2024-04-04 20:45:49,091] {dagbag.py:507} INFO - Filling up the DagBag from /home/dimitri/dimitri/airflowalura/venv/lib/python3.10/site-packages/airflow/example_dags/subdags/subdag.py
[2024-04-04 20:45:49,092] {processor.py:653} WARNING - No viable dags retrieved from /home/dimitri/dimitri/airflowalura/venv/lib/python3.10/site-packages/airflow/example_dags/subdags/subdag.py
[2024-04-04 20:45:49,100] {processor.py:161} INFO - Processing /home/dimitri/dimitri/airflowalura/venv/lib/python3.10/site-packages/airflow/example_dags/subdags/subdag.py took 0.012 seconds
[2024-04-04 20:46:27,746] {processor.py:153} INFO - Started process (PID=574388) to work on /home/dimitri/dimitri/airflowalura/venv/lib/python3.10/site-packages/airflow/example_dags/subdags/subdag.py
[2024-04-04 20:46:27,749] {processor.py:641} INFO - Processing file /home/dimitri/dimitri/airflowalura/venv/lib/python3.10/site-packages/airflow/example_dags/subdags/subdag.py for tasks to queue
[2024-04-04 20:46:27,749] {logging_mixin.py:115} INFO - [2024-04-04 20:46:27,749] {dagbag.py:507} INFO - Filling up the DagBag from /home/dimitri/dimitri/airflowalura/venv/lib/python3.10/site-packages/airflow/example_dags/subdags/subdag.py
[2024-04-04 20:46:27,750] {processor.py:653} WARNING - No viable dags retrieved from /home/dimitri/dimitri/airflowalura/venv/lib/python3.10/site-packages/airflow/example_dags/subdags/subdag.py
[2024-04-04 20:46:27,758] {processor.py:161} INFO - Processing /home/dimitri/dimitri/airflowalura/venv/lib/python3.10/site-packages/airflow/example_dags/subdags/subdag.py took 0.014 seconds
[2024-04-04 20:47:01,041] {processor.py:153} INFO - Started process (PID=574532) to work on /home/dimitri/dimitri/airflowalura/venv/lib/python3.10/site-packages/airflow/example_dags/subdags/subdag.py
[2024-04-04 20:47:01,043] {processor.py:641} INFO - Processing file /home/dimitri/dimitri/airflowalura/venv/lib/python3.10/site-packages/airflow/example_dags/subdags/subdag.py for tasks to queue
[2024-04-04 20:47:01,043] {logging_mixin.py:115} INFO - [2024-04-04 20:47:01,043] {dagbag.py:507} INFO - Filling up the DagBag from /home/dimitri/dimitri/airflowalura/venv/lib/python3.10/site-packages/airflow/example_dags/subdags/subdag.py
[2024-04-04 20:47:01,044] {processor.py:653} WARNING - No viable dags retrieved from /home/dimitri/dimitri/airflowalura/venv/lib/python3.10/site-packages/airflow/example_dags/subdags/subdag.py
[2024-04-04 20:47:01,052] {processor.py:161} INFO - Processing /home/dimitri/dimitri/airflowalura/venv/lib/python3.10/site-packages/airflow/example_dags/subdags/subdag.py took 0.014 seconds
[2024-04-04 20:47:37,496] {processor.py:153} INFO - Started process (PID=574673) to work on /home/dimitri/dimitri/airflowalura/venv/lib/python3.10/site-packages/airflow/example_dags/subdags/subdag.py
[2024-04-04 20:47:37,499] {processor.py:641} INFO - Processing file /home/dimitri/dimitri/airflowalura/venv/lib/python3.10/site-packages/airflow/example_dags/subdags/subdag.py for tasks to queue
[2024-04-04 20:47:37,500] {logging_mixin.py:115} INFO - [2024-04-04 20:47:37,500] {dagbag.py:507} INFO - Filling up the DagBag from /home/dimitri/dimitri/airflowalura/venv/lib/python3.10/site-packages/airflow/example_dags/subdags/subdag.py
[2024-04-04 20:47:37,501] {processor.py:653} WARNING - No viable dags retrieved from /home/dimitri/dimitri/airflowalura/venv/lib/python3.10/site-packages/airflow/example_dags/subdags/subdag.py
[2024-04-04 20:47:37,508] {processor.py:161} INFO - Processing /home/dimitri/dimitri/airflowalura/venv/lib/python3.10/site-packages/airflow/example_dags/subdags/subdag.py took 0.014 seconds
[2024-04-04 20:48:12,936] {processor.py:153} INFO - Started process (PID=574814) to work on /home/dimitri/dimitri/airflowalura/venv/lib/python3.10/site-packages/airflow/example_dags/subdags/subdag.py
[2024-04-04 20:48:12,938] {processor.py:641} INFO - Processing file /home/dimitri/dimitri/airflowalura/venv/lib/python3.10/site-packages/airflow/example_dags/subdags/subdag.py for tasks to queue
[2024-04-04 20:48:12,939] {logging_mixin.py:115} INFO - [2024-04-04 20:48:12,939] {dagbag.py:507} INFO - Filling up the DagBag from /home/dimitri/dimitri/airflowalura/venv/lib/python3.10/site-packages/airflow/example_dags/subdags/subdag.py
[2024-04-04 20:48:12,939] {processor.py:653} WARNING - No viable dags retrieved from /home/dimitri/dimitri/airflowalura/venv/lib/python3.10/site-packages/airflow/example_dags/subdags/subdag.py
[2024-04-04 20:48:12,947] {processor.py:161} INFO - Processing /home/dimitri/dimitri/airflowalura/venv/lib/python3.10/site-packages/airflow/example_dags/subdags/subdag.py took 0.013 seconds
[2024-04-04 20:48:53,052] {processor.py:153} INFO - Started process (PID=574977) to work on /home/dimitri/dimitri/airflowalura/venv/lib/python3.10/site-packages/airflow/example_dags/subdags/subdag.py
[2024-04-04 20:48:53,055] {processor.py:641} INFO - Processing file /home/dimitri/dimitri/airflowalura/venv/lib/python3.10/site-packages/airflow/example_dags/subdags/subdag.py for tasks to queue
[2024-04-04 20:48:53,055] {logging_mixin.py:115} INFO - [2024-04-04 20:48:53,055] {dagbag.py:507} INFO - Filling up the DagBag from /home/dimitri/dimitri/airflowalura/venv/lib/python3.10/site-packages/airflow/example_dags/subdags/subdag.py
[2024-04-04 20:48:53,056] {processor.py:653} WARNING - No viable dags retrieved from /home/dimitri/dimitri/airflowalura/venv/lib/python3.10/site-packages/airflow/example_dags/subdags/subdag.py
[2024-04-04 20:48:53,063] {processor.py:161} INFO - Processing /home/dimitri/dimitri/airflowalura/venv/lib/python3.10/site-packages/airflow/example_dags/subdags/subdag.py took 0.013 seconds
[2024-04-04 20:49:29,082] {processor.py:153} INFO - Started process (PID=575117) to work on /home/dimitri/dimitri/airflowalura/venv/lib/python3.10/site-packages/airflow/example_dags/subdags/subdag.py
[2024-04-04 20:49:29,085] {processor.py:641} INFO - Processing file /home/dimitri/dimitri/airflowalura/venv/lib/python3.10/site-packages/airflow/example_dags/subdags/subdag.py for tasks to queue
[2024-04-04 20:49:29,085] {logging_mixin.py:115} INFO - [2024-04-04 20:49:29,085] {dagbag.py:507} INFO - Filling up the DagBag from /home/dimitri/dimitri/airflowalura/venv/lib/python3.10/site-packages/airflow/example_dags/subdags/subdag.py
[2024-04-04 20:49:29,086] {processor.py:653} WARNING - No viable dags retrieved from /home/dimitri/dimitri/airflowalura/venv/lib/python3.10/site-packages/airflow/example_dags/subdags/subdag.py
[2024-04-04 20:49:29,093] {processor.py:161} INFO - Processing /home/dimitri/dimitri/airflowalura/venv/lib/python3.10/site-packages/airflow/example_dags/subdags/subdag.py took 0.014 seconds
[2024-04-04 20:50:02,832] {processor.py:153} INFO - Started process (PID=575252) to work on /home/dimitri/dimitri/airflowalura/venv/lib/python3.10/site-packages/airflow/example_dags/subdags/subdag.py
[2024-04-04 20:50:02,833] {processor.py:641} INFO - Processing file /home/dimitri/dimitri/airflowalura/venv/lib/python3.10/site-packages/airflow/example_dags/subdags/subdag.py for tasks to queue
[2024-04-04 20:50:02,833] {logging_mixin.py:115} INFO - [2024-04-04 20:50:02,833] {dagbag.py:507} INFO - Filling up the DagBag from /home/dimitri/dimitri/airflowalura/venv/lib/python3.10/site-packages/airflow/example_dags/subdags/subdag.py
[2024-04-04 20:50:02,834] {processor.py:653} WARNING - No viable dags retrieved from /home/dimitri/dimitri/airflowalura/venv/lib/python3.10/site-packages/airflow/example_dags/subdags/subdag.py
[2024-04-04 20:50:02,842] {processor.py:161} INFO - Processing /home/dimitri/dimitri/airflowalura/venv/lib/python3.10/site-packages/airflow/example_dags/subdags/subdag.py took 0.012 seconds
[2024-04-04 20:50:44,074] {processor.py:153} INFO - Started process (PID=575414) to work on /home/dimitri/dimitri/airflowalura/venv/lib/python3.10/site-packages/airflow/example_dags/subdags/subdag.py
[2024-04-04 20:50:44,077] {processor.py:641} INFO - Processing file /home/dimitri/dimitri/airflowalura/venv/lib/python3.10/site-packages/airflow/example_dags/subdags/subdag.py for tasks to queue
[2024-04-04 20:50:44,077] {logging_mixin.py:115} INFO - [2024-04-04 20:50:44,077] {dagbag.py:507} INFO - Filling up the DagBag from /home/dimitri/dimitri/airflowalura/venv/lib/python3.10/site-packages/airflow/example_dags/subdags/subdag.py
[2024-04-04 20:50:44,078] {processor.py:653} WARNING - No viable dags retrieved from /home/dimitri/dimitri/airflowalura/venv/lib/python3.10/site-packages/airflow/example_dags/subdags/subdag.py
[2024-04-04 20:50:44,086] {processor.py:161} INFO - Processing /home/dimitri/dimitri/airflowalura/venv/lib/python3.10/site-packages/airflow/example_dags/subdags/subdag.py took 0.014 seconds
[2024-04-04 20:51:22,136] {processor.py:153} INFO - Started process (PID=575561) to work on /home/dimitri/dimitri/airflowalura/venv/lib/python3.10/site-packages/airflow/example_dags/subdags/subdag.py
[2024-04-04 20:51:22,137] {processor.py:641} INFO - Processing file /home/dimitri/dimitri/airflowalura/venv/lib/python3.10/site-packages/airflow/example_dags/subdags/subdag.py for tasks to queue
[2024-04-04 20:51:22,137] {logging_mixin.py:115} INFO - [2024-04-04 20:51:22,137] {dagbag.py:507} INFO - Filling up the DagBag from /home/dimitri/dimitri/airflowalura/venv/lib/python3.10/site-packages/airflow/example_dags/subdags/subdag.py
[2024-04-04 20:51:22,139] {processor.py:653} WARNING - No viable dags retrieved from /home/dimitri/dimitri/airflowalura/venv/lib/python3.10/site-packages/airflow/example_dags/subdags/subdag.py
[2024-04-04 20:51:22,146] {processor.py:161} INFO - Processing /home/dimitri/dimitri/airflowalura/venv/lib/python3.10/site-packages/airflow/example_dags/subdags/subdag.py took 0.012 seconds
[2024-04-04 20:52:01,250] {processor.py:153} INFO - Started process (PID=575713) to work on /home/dimitri/dimitri/airflowalura/venv/lib/python3.10/site-packages/airflow/example_dags/subdags/subdag.py
[2024-04-04 20:52:01,252] {processor.py:641} INFO - Processing file /home/dimitri/dimitri/airflowalura/venv/lib/python3.10/site-packages/airflow/example_dags/subdags/subdag.py for tasks to queue
[2024-04-04 20:52:01,252] {logging_mixin.py:115} INFO - [2024-04-04 20:52:01,252] {dagbag.py:507} INFO - Filling up the DagBag from /home/dimitri/dimitri/airflowalura/venv/lib/python3.10/site-packages/airflow/example_dags/subdags/subdag.py
[2024-04-04 20:52:01,253] {processor.py:653} WARNING - No viable dags retrieved from /home/dimitri/dimitri/airflowalura/venv/lib/python3.10/site-packages/airflow/example_dags/subdags/subdag.py
[2024-04-04 20:52:01,261] {processor.py:161} INFO - Processing /home/dimitri/dimitri/airflowalura/venv/lib/python3.10/site-packages/airflow/example_dags/subdags/subdag.py took 0.013 seconds
[2024-04-04 20:52:40,813] {processor.py:153} INFO - Started process (PID=575867) to work on /home/dimitri/dimitri/airflowalura/venv/lib/python3.10/site-packages/airflow/example_dags/subdags/subdag.py
[2024-04-04 20:52:40,815] {processor.py:641} INFO - Processing file /home/dimitri/dimitri/airflowalura/venv/lib/python3.10/site-packages/airflow/example_dags/subdags/subdag.py for tasks to queue
[2024-04-04 20:52:40,815] {logging_mixin.py:115} INFO - [2024-04-04 20:52:40,815] {dagbag.py:507} INFO - Filling up the DagBag from /home/dimitri/dimitri/airflowalura/venv/lib/python3.10/site-packages/airflow/example_dags/subdags/subdag.py
[2024-04-04 20:52:40,816] {processor.py:653} WARNING - No viable dags retrieved from /home/dimitri/dimitri/airflowalura/venv/lib/python3.10/site-packages/airflow/example_dags/subdags/subdag.py
[2024-04-04 20:52:40,825] {processor.py:161} INFO - Processing /home/dimitri/dimitri/airflowalura/venv/lib/python3.10/site-packages/airflow/example_dags/subdags/subdag.py took 0.014 seconds
[2024-04-04 20:53:15,887] {processor.py:153} INFO - Started process (PID=576004) to work on /home/dimitri/dimitri/airflowalura/venv/lib/python3.10/site-packages/airflow/example_dags/subdags/subdag.py
[2024-04-04 20:53:15,888] {processor.py:641} INFO - Processing file /home/dimitri/dimitri/airflowalura/venv/lib/python3.10/site-packages/airflow/example_dags/subdags/subdag.py for tasks to queue
[2024-04-04 20:53:15,889] {logging_mixin.py:115} INFO - [2024-04-04 20:53:15,889] {dagbag.py:507} INFO - Filling up the DagBag from /home/dimitri/dimitri/airflowalura/venv/lib/python3.10/site-packages/airflow/example_dags/subdags/subdag.py
[2024-04-04 20:53:15,890] {processor.py:653} WARNING - No viable dags retrieved from /home/dimitri/dimitri/airflowalura/venv/lib/python3.10/site-packages/airflow/example_dags/subdags/subdag.py
[2024-04-04 20:53:15,897] {processor.py:161} INFO - Processing /home/dimitri/dimitri/airflowalura/venv/lib/python3.10/site-packages/airflow/example_dags/subdags/subdag.py took 0.012 seconds
[2024-04-04 20:53:52,702] {processor.py:153} INFO - Started process (PID=576144) to work on /home/dimitri/dimitri/airflowalura/venv/lib/python3.10/site-packages/airflow/example_dags/subdags/subdag.py
[2024-04-04 20:53:52,704] {processor.py:641} INFO - Processing file /home/dimitri/dimitri/airflowalura/venv/lib/python3.10/site-packages/airflow/example_dags/subdags/subdag.py for tasks to queue
[2024-04-04 20:53:52,704] {logging_mixin.py:115} INFO - [2024-04-04 20:53:52,704] {dagbag.py:507} INFO - Filling up the DagBag from /home/dimitri/dimitri/airflowalura/venv/lib/python3.10/site-packages/airflow/example_dags/subdags/subdag.py
[2024-04-04 20:53:52,706] {processor.py:653} WARNING - No viable dags retrieved from /home/dimitri/dimitri/airflowalura/venv/lib/python3.10/site-packages/airflow/example_dags/subdags/subdag.py
[2024-04-04 20:53:52,713] {processor.py:161} INFO - Processing /home/dimitri/dimitri/airflowalura/venv/lib/python3.10/site-packages/airflow/example_dags/subdags/subdag.py took 0.014 seconds
[2024-04-04 20:54:27,042] {processor.py:153} INFO - Started process (PID=576282) to work on /home/dimitri/dimitri/airflowalura/venv/lib/python3.10/site-packages/airflow/example_dags/subdags/subdag.py
[2024-04-04 20:54:27,043] {processor.py:641} INFO - Processing file /home/dimitri/dimitri/airflowalura/venv/lib/python3.10/site-packages/airflow/example_dags/subdags/subdag.py for tasks to queue
[2024-04-04 20:54:27,043] {logging_mixin.py:115} INFO - [2024-04-04 20:54:27,043] {dagbag.py:507} INFO - Filling up the DagBag from /home/dimitri/dimitri/airflowalura/venv/lib/python3.10/site-packages/airflow/example_dags/subdags/subdag.py
[2024-04-04 20:54:27,044] {processor.py:653} WARNING - No viable dags retrieved from /home/dimitri/dimitri/airflowalura/venv/lib/python3.10/site-packages/airflow/example_dags/subdags/subdag.py
[2024-04-04 20:54:27,052] {processor.py:161} INFO - Processing /home/dimitri/dimitri/airflowalura/venv/lib/python3.10/site-packages/airflow/example_dags/subdags/subdag.py took 0.012 seconds
[2024-04-04 20:55:02,026] {processor.py:153} INFO - Started process (PID=576420) to work on /home/dimitri/dimitri/airflowalura/venv/lib/python3.10/site-packages/airflow/example_dags/subdags/subdag.py
[2024-04-04 20:55:02,028] {processor.py:641} INFO - Processing file /home/dimitri/dimitri/airflowalura/venv/lib/python3.10/site-packages/airflow/example_dags/subdags/subdag.py for tasks to queue
[2024-04-04 20:55:02,028] {logging_mixin.py:115} INFO - [2024-04-04 20:55:02,028] {dagbag.py:507} INFO - Filling up the DagBag from /home/dimitri/dimitri/airflowalura/venv/lib/python3.10/site-packages/airflow/example_dags/subdags/subdag.py
[2024-04-04 20:55:02,029] {processor.py:653} WARNING - No viable dags retrieved from /home/dimitri/dimitri/airflowalura/venv/lib/python3.10/site-packages/airflow/example_dags/subdags/subdag.py
[2024-04-04 20:55:02,040] {processor.py:161} INFO - Processing /home/dimitri/dimitri/airflowalura/venv/lib/python3.10/site-packages/airflow/example_dags/subdags/subdag.py took 0.016 seconds
[2024-04-04 20:55:42,232] {processor.py:153} INFO - Started process (PID=576576) to work on /home/dimitri/dimitri/airflowalura/venv/lib/python3.10/site-packages/airflow/example_dags/subdags/subdag.py
[2024-04-04 20:55:42,234] {processor.py:641} INFO - Processing file /home/dimitri/dimitri/airflowalura/venv/lib/python3.10/site-packages/airflow/example_dags/subdags/subdag.py for tasks to queue
[2024-04-04 20:55:42,234] {logging_mixin.py:115} INFO - [2024-04-04 20:55:42,234] {dagbag.py:507} INFO - Filling up the DagBag from /home/dimitri/dimitri/airflowalura/venv/lib/python3.10/site-packages/airflow/example_dags/subdags/subdag.py
[2024-04-04 20:55:42,235] {processor.py:653} WARNING - No viable dags retrieved from /home/dimitri/dimitri/airflowalura/venv/lib/python3.10/site-packages/airflow/example_dags/subdags/subdag.py
[2024-04-04 20:55:42,242] {processor.py:161} INFO - Processing /home/dimitri/dimitri/airflowalura/venv/lib/python3.10/site-packages/airflow/example_dags/subdags/subdag.py took 0.012 seconds
[2024-04-04 20:56:17,741] {processor.py:153} INFO - Started process (PID=576713) to work on /home/dimitri/dimitri/airflowalura/venv/lib/python3.10/site-packages/airflow/example_dags/subdags/subdag.py
[2024-04-04 20:56:17,744] {processor.py:641} INFO - Processing file /home/dimitri/dimitri/airflowalura/venv/lib/python3.10/site-packages/airflow/example_dags/subdags/subdag.py for tasks to queue
[2024-04-04 20:56:17,744] {logging_mixin.py:115} INFO - [2024-04-04 20:56:17,744] {dagbag.py:507} INFO - Filling up the DagBag from /home/dimitri/dimitri/airflowalura/venv/lib/python3.10/site-packages/airflow/example_dags/subdags/subdag.py
[2024-04-04 20:56:17,745] {processor.py:653} WARNING - No viable dags retrieved from /home/dimitri/dimitri/airflowalura/venv/lib/python3.10/site-packages/airflow/example_dags/subdags/subdag.py
[2024-04-04 20:56:17,753] {processor.py:161} INFO - Processing /home/dimitri/dimitri/airflowalura/venv/lib/python3.10/site-packages/airflow/example_dags/subdags/subdag.py took 0.014 seconds
[2024-04-04 20:56:53,011] {processor.py:153} INFO - Started process (PID=576851) to work on /home/dimitri/dimitri/airflowalura/venv/lib/python3.10/site-packages/airflow/example_dags/subdags/subdag.py
[2024-04-04 20:56:53,012] {processor.py:641} INFO - Processing file /home/dimitri/dimitri/airflowalura/venv/lib/python3.10/site-packages/airflow/example_dags/subdags/subdag.py for tasks to queue
[2024-04-04 20:56:53,013] {logging_mixin.py:115} INFO - [2024-04-04 20:56:53,013] {dagbag.py:507} INFO - Filling up the DagBag from /home/dimitri/dimitri/airflowalura/venv/lib/python3.10/site-packages/airflow/example_dags/subdags/subdag.py
[2024-04-04 20:56:53,014] {processor.py:653} WARNING - No viable dags retrieved from /home/dimitri/dimitri/airflowalura/venv/lib/python3.10/site-packages/airflow/example_dags/subdags/subdag.py
[2024-04-04 20:56:53,024] {processor.py:161} INFO - Processing /home/dimitri/dimitri/airflowalura/venv/lib/python3.10/site-packages/airflow/example_dags/subdags/subdag.py took 0.014 seconds
[2024-04-04 20:57:27,597] {processor.py:153} INFO - Started process (PID=576991) to work on /home/dimitri/dimitri/airflowalura/venv/lib/python3.10/site-packages/airflow/example_dags/subdags/subdag.py
[2024-04-04 20:57:27,600] {processor.py:641} INFO - Processing file /home/dimitri/dimitri/airflowalura/venv/lib/python3.10/site-packages/airflow/example_dags/subdags/subdag.py for tasks to queue
[2024-04-04 20:57:27,601] {logging_mixin.py:115} INFO - [2024-04-04 20:57:27,600] {dagbag.py:507} INFO - Filling up the DagBag from /home/dimitri/dimitri/airflowalura/venv/lib/python3.10/site-packages/airflow/example_dags/subdags/subdag.py
[2024-04-04 20:57:27,602] {processor.py:653} WARNING - No viable dags retrieved from /home/dimitri/dimitri/airflowalura/venv/lib/python3.10/site-packages/airflow/example_dags/subdags/subdag.py
[2024-04-04 20:57:27,609] {processor.py:161} INFO - Processing /home/dimitri/dimitri/airflowalura/venv/lib/python3.10/site-packages/airflow/example_dags/subdags/subdag.py took 0.014 seconds
[2024-04-04 20:58:05,007] {processor.py:153} INFO - Started process (PID=577137) to work on /home/dimitri/dimitri/airflowalura/venv/lib/python3.10/site-packages/airflow/example_dags/subdags/subdag.py
[2024-04-04 20:58:05,007] {processor.py:641} INFO - Processing file /home/dimitri/dimitri/airflowalura/venv/lib/python3.10/site-packages/airflow/example_dags/subdags/subdag.py for tasks to queue
[2024-04-04 20:58:05,008] {logging_mixin.py:115} INFO - [2024-04-04 20:58:05,008] {dagbag.py:507} INFO - Filling up the DagBag from /home/dimitri/dimitri/airflowalura/venv/lib/python3.10/site-packages/airflow/example_dags/subdags/subdag.py
[2024-04-04 20:58:05,009] {processor.py:653} WARNING - No viable dags retrieved from /home/dimitri/dimitri/airflowalura/venv/lib/python3.10/site-packages/airflow/example_dags/subdags/subdag.py
[2024-04-04 20:58:05,016] {processor.py:161} INFO - Processing /home/dimitri/dimitri/airflowalura/venv/lib/python3.10/site-packages/airflow/example_dags/subdags/subdag.py took 0.011 seconds
[2024-04-04 20:58:42,559] {processor.py:153} INFO - Started process (PID=577284) to work on /home/dimitri/dimitri/airflowalura/venv/lib/python3.10/site-packages/airflow/example_dags/subdags/subdag.py
[2024-04-04 20:58:42,561] {processor.py:641} INFO - Processing file /home/dimitri/dimitri/airflowalura/venv/lib/python3.10/site-packages/airflow/example_dags/subdags/subdag.py for tasks to queue
[2024-04-04 20:58:42,562] {logging_mixin.py:115} INFO - [2024-04-04 20:58:42,562] {dagbag.py:507} INFO - Filling up the DagBag from /home/dimitri/dimitri/airflowalura/venv/lib/python3.10/site-packages/airflow/example_dags/subdags/subdag.py
[2024-04-04 20:58:42,563] {processor.py:653} WARNING - No viable dags retrieved from /home/dimitri/dimitri/airflowalura/venv/lib/python3.10/site-packages/airflow/example_dags/subdags/subdag.py
[2024-04-04 20:58:42,571] {processor.py:161} INFO - Processing /home/dimitri/dimitri/airflowalura/venv/lib/python3.10/site-packages/airflow/example_dags/subdags/subdag.py took 0.014 seconds
[2024-04-04 20:59:17,256] {processor.py:153} INFO - Started process (PID=577417) to work on /home/dimitri/dimitri/airflowalura/venv/lib/python3.10/site-packages/airflow/example_dags/subdags/subdag.py
[2024-04-04 20:59:17,259] {processor.py:641} INFO - Processing file /home/dimitri/dimitri/airflowalura/venv/lib/python3.10/site-packages/airflow/example_dags/subdags/subdag.py for tasks to queue
[2024-04-04 20:59:17,259] {logging_mixin.py:115} INFO - [2024-04-04 20:59:17,259] {dagbag.py:507} INFO - Filling up the DagBag from /home/dimitri/dimitri/airflowalura/venv/lib/python3.10/site-packages/airflow/example_dags/subdags/subdag.py
[2024-04-04 20:59:17,260] {processor.py:653} WARNING - No viable dags retrieved from /home/dimitri/dimitri/airflowalura/venv/lib/python3.10/site-packages/airflow/example_dags/subdags/subdag.py
[2024-04-04 20:59:17,267] {processor.py:161} INFO - Processing /home/dimitri/dimitri/airflowalura/venv/lib/python3.10/site-packages/airflow/example_dags/subdags/subdag.py took 0.013 seconds
[2024-04-04 20:59:53,072] {processor.py:153} INFO - Started process (PID=577556) to work on /home/dimitri/dimitri/airflowalura/venv/lib/python3.10/site-packages/airflow/example_dags/subdags/subdag.py
[2024-04-04 20:59:53,073] {processor.py:641} INFO - Processing file /home/dimitri/dimitri/airflowalura/venv/lib/python3.10/site-packages/airflow/example_dags/subdags/subdag.py for tasks to queue
[2024-04-04 20:59:53,074] {logging_mixin.py:115} INFO - [2024-04-04 20:59:53,073] {dagbag.py:507} INFO - Filling up the DagBag from /home/dimitri/dimitri/airflowalura/venv/lib/python3.10/site-packages/airflow/example_dags/subdags/subdag.py
[2024-04-04 20:59:53,074] {processor.py:653} WARNING - No viable dags retrieved from /home/dimitri/dimitri/airflowalura/venv/lib/python3.10/site-packages/airflow/example_dags/subdags/subdag.py
[2024-04-04 20:59:53,082] {processor.py:161} INFO - Processing /home/dimitri/dimitri/airflowalura/venv/lib/python3.10/site-packages/airflow/example_dags/subdags/subdag.py took 0.012 seconds
