[2024-04-05 19:36:12,517] {taskinstance.py:1159} INFO - Dependencies all met for <TaskInstance: dados_climaticos.cria_pasta scheduled__2023-12-25T00:00:00+00:00 [queued]>
[2024-04-05 19:36:12,521] {taskinstance.py:1159} INFO - Dependencies all met for <TaskInstance: dados_climaticos.cria_pasta scheduled__2023-12-25T00:00:00+00:00 [queued]>
[2024-04-05 19:36:12,521] {taskinstance.py:1356} INFO - 
--------------------------------------------------------------------------------
[2024-04-05 19:36:12,521] {taskinstance.py:1357} INFO - Starting attempt 1 of 1
[2024-04-05 19:36:12,521] {taskinstance.py:1358} INFO - 
--------------------------------------------------------------------------------
[2024-04-05 19:36:12,538] {taskinstance.py:1377} INFO - Executing <Task(BashOperator): cria_pasta> on 2023-12-25 00:00:00+00:00
[2024-04-05 19:36:12,540] {standard_task_runner.py:52} INFO - Started process 725819 to run task
[2024-04-05 19:36:12,542] {standard_task_runner.py:79} INFO - Running: ['airflow', 'tasks', 'run', 'dados_climaticos', 'cria_pasta', 'scheduled__2023-12-25T00:00:00+00:00', '--job-id', '103', '--raw', '--subdir', 'DAGS_FOLDER/extrai_dados_climaticos.py', '--cfg-path', '/tmp/tmpq4fzwncw', '--error-file', '/tmp/tmpoiject3r']
[2024-04-05 19:36:12,543] {standard_task_runner.py:80} INFO - Job 103: Subtask cria_pasta
[2024-04-05 19:36:12,575] {task_command.py:370} INFO - Running <TaskInstance: dados_climaticos.cria_pasta scheduled__2023-12-25T00:00:00+00:00 [running]> on host TEC017860.
[2024-04-05 19:36:12,632] {taskinstance.py:1569} INFO - Exporting the following env vars:
AIRFLOW_CTX_DAG_OWNER=airflow
AIRFLOW_CTX_DAG_ID=dados_climaticos
AIRFLOW_CTX_TASK_ID=cria_pasta
AIRFLOW_CTX_EXECUTION_DATE=2023-12-25T00:00:00+00:00
AIRFLOW_CTX_TRY_NUMBER=1
AIRFLOW_CTX_DAG_RUN_ID=scheduled__2023-12-25T00:00:00+00:00
[2024-04-05 19:36:12,633] {subprocess.py:62} INFO - Tmp dir root location: 
 /tmp
[2024-04-05 19:36:12,634] {subprocess.py:74} INFO - Running command: ['bash', '-c', 'mkdir -p "/home/dimitri/dimitri/airflowalura/semana=2024-01-01"']
[2024-04-05 19:36:12,637] {subprocess.py:85} INFO - Output:
[2024-04-05 19:36:12,638] {subprocess.py:96} INFO - Command exited with return code 0
[2024-04-05 19:36:12,661] {taskinstance.py:1395} INFO - Marking task as SUCCESS. dag_id=dados_climaticos, task_id=cria_pasta, execution_date=20231225T000000, start_date=20240405T223612, end_date=20240405T223612
[2024-04-05 19:36:12,685] {local_task_job.py:156} INFO - Task exited with return code 0
[2024-04-05 19:36:12,707] {local_task_job.py:273} INFO - 1 downstream tasks scheduled from follow-on schedule check
