[2024-04-04 20:36:10,459] {processor.py:153} INFO - Started process (PID=571930) to work on /home/dimitri/dimitri/airflowalura/dags/meu_primeiro_dag.py
[2024-04-04 20:36:10,459] {processor.py:641} INFO - Processing file /home/dimitri/dimitri/airflowalura/dags/meu_primeiro_dag.py for tasks to queue
[2024-04-04 20:36:10,459] {logging_mixin.py:115} INFO - [2024-04-04 20:36:10,459] {dagbag.py:507} INFO - Filling up the DagBag from /home/dimitri/dimitri/airflowalura/dags/meu_primeiro_dag.py
[2024-04-04 20:36:10,461] {logging_mixin.py:115} INFO - [2024-04-04 20:36:10,460] {dagbag.py:320} ERROR - Failed to import: /home/dimitri/dimitri/airflowalura/dags/meu_primeiro_dag.py
Traceback (most recent call last):
  File "/home/dimitri/dimitri/airflowalura/venv/lib/python3.10/site-packages/airflow/models/dagbag.py", line 317, in parse
    loader.exec_module(new_module)
  File "<frozen importlib._bootstrap_external>", line 883, in exec_module
  File "<frozen importlib._bootstrap>", line 241, in _call_with_frames_removed
  File "/home/dimitri/dimitri/airflowalura/dags/meu_primeiro_dag.py", line 1, in <module>
    with DAG(
NameError: name 'DAG' is not defined
[2024-04-04 20:36:10,461] {processor.py:653} WARNING - No viable dags retrieved from /home/dimitri/dimitri/airflowalura/dags/meu_primeiro_dag.py
[2024-04-04 20:36:10,479] {processor.py:161} INFO - Processing /home/dimitri/dimitri/airflowalura/dags/meu_primeiro_dag.py took 0.022 seconds
[2024-04-04 20:36:43,142] {processor.py:153} INFO - Started process (PID=572068) to work on /home/dimitri/dimitri/airflowalura/dags/meu_primeiro_dag.py
[2024-04-04 20:36:43,143] {processor.py:641} INFO - Processing file /home/dimitri/dimitri/airflowalura/dags/meu_primeiro_dag.py for tasks to queue
[2024-04-04 20:36:43,143] {logging_mixin.py:115} INFO - [2024-04-04 20:36:43,143] {dagbag.py:507} INFO - Filling up the DagBag from /home/dimitri/dimitri/airflowalura/dags/meu_primeiro_dag.py
[2024-04-04 20:36:43,145] {logging_mixin.py:115} INFO - [2024-04-04 20:36:43,144] {dagbag.py:320} ERROR - Failed to import: /home/dimitri/dimitri/airflowalura/dags/meu_primeiro_dag.py
Traceback (most recent call last):
  File "/home/dimitri/dimitri/airflowalura/venv/lib/python3.10/site-packages/airflow/models/dagbag.py", line 317, in parse
    loader.exec_module(new_module)
  File "<frozen importlib._bootstrap_external>", line 883, in exec_module
  File "<frozen importlib._bootstrap>", line 241, in _call_with_frames_removed
  File "/home/dimitri/dimitri/airflowalura/dags/meu_primeiro_dag.py", line 1, in <module>
    with DAG(
NameError: name 'DAG' is not defined
[2024-04-04 20:36:43,145] {processor.py:653} WARNING - No viable dags retrieved from /home/dimitri/dimitri/airflowalura/dags/meu_primeiro_dag.py
[2024-04-04 20:36:43,167] {processor.py:161} INFO - Processing /home/dimitri/dimitri/airflowalura/dags/meu_primeiro_dag.py took 0.027 seconds
[2024-04-04 20:37:18,177] {processor.py:153} INFO - Started process (PID=572208) to work on /home/dimitri/dimitri/airflowalura/dags/meu_primeiro_dag.py
[2024-04-04 20:37:18,179] {processor.py:641} INFO - Processing file /home/dimitri/dimitri/airflowalura/dags/meu_primeiro_dag.py for tasks to queue
[2024-04-04 20:37:18,180] {logging_mixin.py:115} INFO - [2024-04-04 20:37:18,180] {dagbag.py:507} INFO - Filling up the DagBag from /home/dimitri/dimitri/airflowalura/dags/meu_primeiro_dag.py
[2024-04-04 20:37:18,181] {logging_mixin.py:115} INFO - [2024-04-04 20:37:18,181] {dagbag.py:320} ERROR - Failed to import: /home/dimitri/dimitri/airflowalura/dags/meu_primeiro_dag.py
Traceback (most recent call last):
  File "/home/dimitri/dimitri/airflowalura/venv/lib/python3.10/site-packages/airflow/models/dagbag.py", line 317, in parse
    loader.exec_module(new_module)
  File "<frozen importlib._bootstrap_external>", line 883, in exec_module
  File "<frozen importlib._bootstrap>", line 241, in _call_with_frames_removed
  File "/home/dimitri/dimitri/airflowalura/dags/meu_primeiro_dag.py", line 1, in <module>
    with DAG(
NameError: name 'DAG' is not defined
[2024-04-04 20:37:18,181] {processor.py:653} WARNING - No viable dags retrieved from /home/dimitri/dimitri/airflowalura/dags/meu_primeiro_dag.py
[2024-04-04 20:37:18,202] {processor.py:161} INFO - Processing /home/dimitri/dimitri/airflowalura/dags/meu_primeiro_dag.py took 0.027 seconds
[2024-04-04 20:37:50,134] {processor.py:153} INFO - Started process (PID=572333) to work on /home/dimitri/dimitri/airflowalura/dags/meu_primeiro_dag.py
[2024-04-04 20:37:50,136] {processor.py:641} INFO - Processing file /home/dimitri/dimitri/airflowalura/dags/meu_primeiro_dag.py for tasks to queue
[2024-04-04 20:37:50,137] {logging_mixin.py:115} INFO - [2024-04-04 20:37:50,137] {dagbag.py:507} INFO - Filling up the DagBag from /home/dimitri/dimitri/airflowalura/dags/meu_primeiro_dag.py
[2024-04-04 20:37:50,138] {logging_mixin.py:115} INFO - [2024-04-04 20:37:50,138] {dagbag.py:320} ERROR - Failed to import: /home/dimitri/dimitri/airflowalura/dags/meu_primeiro_dag.py
Traceback (most recent call last):
  File "/home/dimitri/dimitri/airflowalura/venv/lib/python3.10/site-packages/airflow/models/dagbag.py", line 317, in parse
    loader.exec_module(new_module)
  File "<frozen importlib._bootstrap_external>", line 883, in exec_module
  File "<frozen importlib._bootstrap>", line 241, in _call_with_frames_removed
  File "/home/dimitri/dimitri/airflowalura/dags/meu_primeiro_dag.py", line 1, in <module>
    with DAG(
NameError: name 'DAG' is not defined
[2024-04-04 20:37:50,138] {processor.py:653} WARNING - No viable dags retrieved from /home/dimitri/dimitri/airflowalura/dags/meu_primeiro_dag.py
[2024-04-04 20:37:50,156] {processor.py:161} INFO - Processing /home/dimitri/dimitri/airflowalura/dags/meu_primeiro_dag.py took 0.024 seconds
[2024-04-04 20:38:23,839] {processor.py:153} INFO - Started process (PID=572464) to work on /home/dimitri/dimitri/airflowalura/dags/meu_primeiro_dag.py
[2024-04-04 20:38:23,840] {processor.py:641} INFO - Processing file /home/dimitri/dimitri/airflowalura/dags/meu_primeiro_dag.py for tasks to queue
[2024-04-04 20:38:23,841] {logging_mixin.py:115} INFO - [2024-04-04 20:38:23,841] {dagbag.py:507} INFO - Filling up the DagBag from /home/dimitri/dimitri/airflowalura/dags/meu_primeiro_dag.py
[2024-04-04 20:38:23,842] {logging_mixin.py:115} INFO - [2024-04-04 20:38:23,841] {dagbag.py:320} ERROR - Failed to import: /home/dimitri/dimitri/airflowalura/dags/meu_primeiro_dag.py
Traceback (most recent call last):
  File "/home/dimitri/dimitri/airflowalura/venv/lib/python3.10/site-packages/airflow/models/dagbag.py", line 317, in parse
    loader.exec_module(new_module)
  File "<frozen importlib._bootstrap_external>", line 883, in exec_module
  File "<frozen importlib._bootstrap>", line 241, in _call_with_frames_removed
  File "/home/dimitri/dimitri/airflowalura/dags/meu_primeiro_dag.py", line 1, in <module>
    with DAG(
NameError: name 'DAG' is not defined
[2024-04-04 20:38:23,842] {processor.py:653} WARNING - No viable dags retrieved from /home/dimitri/dimitri/airflowalura/dags/meu_primeiro_dag.py
[2024-04-04 20:38:23,860] {processor.py:161} INFO - Processing /home/dimitri/dimitri/airflowalura/dags/meu_primeiro_dag.py took 0.022 seconds
[2024-04-04 20:38:54,569] {processor.py:153} INFO - Started process (PID=572587) to work on /home/dimitri/dimitri/airflowalura/dags/meu_primeiro_dag.py
[2024-04-04 20:38:54,572] {processor.py:641} INFO - Processing file /home/dimitri/dimitri/airflowalura/dags/meu_primeiro_dag.py for tasks to queue
[2024-04-04 20:38:54,572] {logging_mixin.py:115} INFO - [2024-04-04 20:38:54,572] {dagbag.py:507} INFO - Filling up the DagBag from /home/dimitri/dimitri/airflowalura/dags/meu_primeiro_dag.py
[2024-04-04 20:38:54,574] {logging_mixin.py:115} INFO - [2024-04-04 20:38:54,573] {dagbag.py:320} ERROR - Failed to import: /home/dimitri/dimitri/airflowalura/dags/meu_primeiro_dag.py
Traceback (most recent call last):
  File "/home/dimitri/dimitri/airflowalura/venv/lib/python3.10/site-packages/airflow/models/dagbag.py", line 317, in parse
    loader.exec_module(new_module)
  File "<frozen importlib._bootstrap_external>", line 883, in exec_module
  File "<frozen importlib._bootstrap>", line 241, in _call_with_frames_removed
  File "/home/dimitri/dimitri/airflowalura/dags/meu_primeiro_dag.py", line 1, in <module>
    with DAG(
NameError: name 'DAG' is not defined
[2024-04-04 20:38:54,574] {processor.py:653} WARNING - No viable dags retrieved from /home/dimitri/dimitri/airflowalura/dags/meu_primeiro_dag.py
[2024-04-04 20:38:54,593] {processor.py:161} INFO - Processing /home/dimitri/dimitri/airflowalura/dags/meu_primeiro_dag.py took 0.027 seconds
[2024-04-04 20:39:25,054] {processor.py:153} INFO - Started process (PID=572709) to work on /home/dimitri/dimitri/airflowalura/dags/meu_primeiro_dag.py
[2024-04-04 20:39:25,058] {processor.py:641} INFO - Processing file /home/dimitri/dimitri/airflowalura/dags/meu_primeiro_dag.py for tasks to queue
[2024-04-04 20:39:25,058] {logging_mixin.py:115} INFO - [2024-04-04 20:39:25,058] {dagbag.py:507} INFO - Filling up the DagBag from /home/dimitri/dimitri/airflowalura/dags/meu_primeiro_dag.py
[2024-04-04 20:39:25,060] {logging_mixin.py:115} INFO - [2024-04-04 20:39:25,059] {dagbag.py:320} ERROR - Failed to import: /home/dimitri/dimitri/airflowalura/dags/meu_primeiro_dag.py
Traceback (most recent call last):
  File "/home/dimitri/dimitri/airflowalura/venv/lib/python3.10/site-packages/airflow/models/dagbag.py", line 317, in parse
    loader.exec_module(new_module)
  File "<frozen importlib._bootstrap_external>", line 883, in exec_module
  File "<frozen importlib._bootstrap>", line 241, in _call_with_frames_removed
  File "/home/dimitri/dimitri/airflowalura/dags/meu_primeiro_dag.py", line 1, in <module>
    with DAG(
NameError: name 'DAG' is not defined
[2024-04-04 20:39:25,060] {processor.py:653} WARNING - No viable dags retrieved from /home/dimitri/dimitri/airflowalura/dags/meu_primeiro_dag.py
[2024-04-04 20:39:25,080] {processor.py:161} INFO - Processing /home/dimitri/dimitri/airflowalura/dags/meu_primeiro_dag.py took 0.029 seconds
[2024-04-04 20:39:55,431] {processor.py:153} INFO - Started process (PID=572825) to work on /home/dimitri/dimitri/airflowalura/dags/meu_primeiro_dag.py
[2024-04-04 20:39:55,434] {processor.py:641} INFO - Processing file /home/dimitri/dimitri/airflowalura/dags/meu_primeiro_dag.py for tasks to queue
[2024-04-04 20:39:55,434] {logging_mixin.py:115} INFO - [2024-04-04 20:39:55,434] {dagbag.py:507} INFO - Filling up the DagBag from /home/dimitri/dimitri/airflowalura/dags/meu_primeiro_dag.py
[2024-04-04 20:39:55,436] {logging_mixin.py:115} INFO - [2024-04-04 20:39:55,435] {dagbag.py:320} ERROR - Failed to import: /home/dimitri/dimitri/airflowalura/dags/meu_primeiro_dag.py
Traceback (most recent call last):
  File "/home/dimitri/dimitri/airflowalura/venv/lib/python3.10/site-packages/airflow/models/dagbag.py", line 317, in parse
    loader.exec_module(new_module)
  File "<frozen importlib._bootstrap_external>", line 883, in exec_module
  File "<frozen importlib._bootstrap>", line 241, in _call_with_frames_removed
  File "/home/dimitri/dimitri/airflowalura/dags/meu_primeiro_dag.py", line 1, in <module>
    with DAG(
NameError: name 'DAG' is not defined
[2024-04-04 20:39:55,436] {processor.py:653} WARNING - No viable dags retrieved from /home/dimitri/dimitri/airflowalura/dags/meu_primeiro_dag.py
[2024-04-04 20:39:55,455] {processor.py:161} INFO - Processing /home/dimitri/dimitri/airflowalura/dags/meu_primeiro_dag.py took 0.028 seconds
[2024-04-04 20:40:26,972] {processor.py:153} INFO - Started process (PID=572955) to work on /home/dimitri/dimitri/airflowalura/dags/meu_primeiro_dag.py
[2024-04-04 20:40:26,974] {processor.py:641} INFO - Processing file /home/dimitri/dimitri/airflowalura/dags/meu_primeiro_dag.py for tasks to queue
[2024-04-04 20:40:26,975] {logging_mixin.py:115} INFO - [2024-04-04 20:40:26,975] {dagbag.py:507} INFO - Filling up the DagBag from /home/dimitri/dimitri/airflowalura/dags/meu_primeiro_dag.py
[2024-04-04 20:40:26,976] {logging_mixin.py:115} INFO - [2024-04-04 20:40:26,976] {dagbag.py:320} ERROR - Failed to import: /home/dimitri/dimitri/airflowalura/dags/meu_primeiro_dag.py
Traceback (most recent call last):
  File "/home/dimitri/dimitri/airflowalura/venv/lib/python3.10/site-packages/airflow/models/dagbag.py", line 317, in parse
    loader.exec_module(new_module)
  File "<frozen importlib._bootstrap_external>", line 883, in exec_module
  File "<frozen importlib._bootstrap>", line 241, in _call_with_frames_removed
  File "/home/dimitri/dimitri/airflowalura/dags/meu_primeiro_dag.py", line 1, in <module>
    with DAG(
NameError: name 'DAG' is not defined
[2024-04-04 20:40:26,976] {processor.py:653} WARNING - No viable dags retrieved from /home/dimitri/dimitri/airflowalura/dags/meu_primeiro_dag.py
[2024-04-04 20:40:26,998] {processor.py:161} INFO - Processing /home/dimitri/dimitri/airflowalura/dags/meu_primeiro_dag.py took 0.028 seconds
[2024-04-04 20:40:58,801] {processor.py:153} INFO - Started process (PID=573084) to work on /home/dimitri/dimitri/airflowalura/dags/meu_primeiro_dag.py
[2024-04-04 20:40:58,802] {processor.py:641} INFO - Processing file /home/dimitri/dimitri/airflowalura/dags/meu_primeiro_dag.py for tasks to queue
[2024-04-04 20:40:58,803] {logging_mixin.py:115} INFO - [2024-04-04 20:40:58,802] {dagbag.py:507} INFO - Filling up the DagBag from /home/dimitri/dimitri/airflowalura/dags/meu_primeiro_dag.py
[2024-04-04 20:40:58,810] {processor.py:651} INFO - DAG(s) dict_keys(['meu_primeiro_dag']) retrieved from /home/dimitri/dimitri/airflowalura/dags/meu_primeiro_dag.py
[2024-04-04 20:40:58,869] {logging_mixin.py:115} INFO - [2024-04-04 20:40:58,869] {manager.py:508} INFO - Created Permission View: can edit on DAG:meu_primeiro_dag
[2024-04-04 20:40:58,886] {logging_mixin.py:115} INFO - [2024-04-04 20:40:58,886] {manager.py:508} INFO - Created Permission View: can delete on DAG:meu_primeiro_dag
[2024-04-04 20:40:58,898] {logging_mixin.py:115} INFO - [2024-04-04 20:40:58,898] {manager.py:508} INFO - Created Permission View: can read on DAG:meu_primeiro_dag
[2024-04-04 20:40:58,898] {logging_mixin.py:115} INFO - [2024-04-04 20:40:58,898] {dag.py:2379} INFO - Sync 1 DAGs
[2024-04-04 20:40:58,903] {logging_mixin.py:115} INFO - [2024-04-04 20:40:58,903] {dag.py:2398} INFO - Creating ORM DAG for meu_primeiro_dag
[2024-04-04 20:40:58,909] {logging_mixin.py:115} INFO - [2024-04-04 20:40:58,909] {dag.py:2927} INFO - Setting next_dagrun for meu_primeiro_dag to 2024-04-03T00:00:00+00:00, run_after=2024-04-04T00:00:00+00:00
[2024-04-04 20:40:58,939] {processor.py:161} INFO - Processing /home/dimitri/dimitri/airflowalura/dags/meu_primeiro_dag.py took 0.140 seconds
[2024-04-04 20:41:31,880] {processor.py:153} INFO - Started process (PID=573223) to work on /home/dimitri/dimitri/airflowalura/dags/meu_primeiro_dag.py
[2024-04-04 20:41:31,881] {processor.py:641} INFO - Processing file /home/dimitri/dimitri/airflowalura/dags/meu_primeiro_dag.py for tasks to queue
[2024-04-04 20:41:31,881] {logging_mixin.py:115} INFO - [2024-04-04 20:41:31,881] {dagbag.py:507} INFO - Filling up the DagBag from /home/dimitri/dimitri/airflowalura/dags/meu_primeiro_dag.py
[2024-04-04 20:41:31,888] {processor.py:651} INFO - DAG(s) dict_keys(['meu_primeiro_dag']) retrieved from /home/dimitri/dimitri/airflowalura/dags/meu_primeiro_dag.py
[2024-04-04 20:41:31,902] {logging_mixin.py:115} INFO - [2024-04-04 20:41:31,902] {dag.py:2379} INFO - Sync 1 DAGs
[2024-04-04 20:41:31,916] {logging_mixin.py:115} INFO - [2024-04-04 20:41:31,916] {dag.py:2927} INFO - Setting next_dagrun for meu_primeiro_dag to 2024-04-03T00:00:00+00:00, run_after=2024-04-04T00:00:00+00:00
[2024-04-04 20:41:31,934] {processor.py:161} INFO - Processing /home/dimitri/dimitri/airflowalura/dags/meu_primeiro_dag.py took 0.057 seconds
[2024-04-04 20:42:04,084] {processor.py:153} INFO - Started process (PID=573351) to work on /home/dimitri/dimitri/airflowalura/dags/meu_primeiro_dag.py
[2024-04-04 20:42:04,086] {processor.py:641} INFO - Processing file /home/dimitri/dimitri/airflowalura/dags/meu_primeiro_dag.py for tasks to queue
[2024-04-04 20:42:04,086] {logging_mixin.py:115} INFO - [2024-04-04 20:42:04,086] {dagbag.py:507} INFO - Filling up the DagBag from /home/dimitri/dimitri/airflowalura/dags/meu_primeiro_dag.py
[2024-04-04 20:42:04,091] {processor.py:651} INFO - DAG(s) dict_keys(['meu_primeiro_dag']) retrieved from /home/dimitri/dimitri/airflowalura/dags/meu_primeiro_dag.py
[2024-04-04 20:42:04,107] {logging_mixin.py:115} INFO - [2024-04-04 20:42:04,107] {dag.py:2379} INFO - Sync 1 DAGs
[2024-04-04 20:42:04,121] {logging_mixin.py:115} INFO - [2024-04-04 20:42:04,121] {dag.py:2927} INFO - Setting next_dagrun for meu_primeiro_dag to 2024-04-04T00:00:00+00:00, run_after=2024-04-05T00:00:00+00:00
[2024-04-04 20:42:04,139] {processor.py:161} INFO - Processing /home/dimitri/dimitri/airflowalura/dags/meu_primeiro_dag.py took 0.057 seconds
[2024-04-04 20:42:34,931] {processor.py:153} INFO - Started process (PID=573473) to work on /home/dimitri/dimitri/airflowalura/dags/meu_primeiro_dag.py
[2024-04-04 20:42:34,934] {processor.py:641} INFO - Processing file /home/dimitri/dimitri/airflowalura/dags/meu_primeiro_dag.py for tasks to queue
[2024-04-04 20:42:34,935] {logging_mixin.py:115} INFO - [2024-04-04 20:42:34,934] {dagbag.py:507} INFO - Filling up the DagBag from /home/dimitri/dimitri/airflowalura/dags/meu_primeiro_dag.py
[2024-04-04 20:42:34,941] {processor.py:651} INFO - DAG(s) dict_keys(['meu_primeiro_dag']) retrieved from /home/dimitri/dimitri/airflowalura/dags/meu_primeiro_dag.py
[2024-04-04 20:42:34,952] {logging_mixin.py:115} INFO - [2024-04-04 20:42:34,952] {dag.py:2379} INFO - Sync 1 DAGs
[2024-04-04 20:42:34,963] {logging_mixin.py:115} INFO - [2024-04-04 20:42:34,963] {dag.py:2927} INFO - Setting next_dagrun for meu_primeiro_dag to 2024-04-04T00:00:00+00:00, run_after=2024-04-05T00:00:00+00:00
[2024-04-04 20:42:34,980] {processor.py:161} INFO - Processing /home/dimitri/dimitri/airflowalura/dags/meu_primeiro_dag.py took 0.052 seconds
[2024-04-04 20:43:10,193] {processor.py:153} INFO - Started process (PID=573612) to work on /home/dimitri/dimitri/airflowalura/dags/meu_primeiro_dag.py
[2024-04-04 20:43:10,193] {processor.py:641} INFO - Processing file /home/dimitri/dimitri/airflowalura/dags/meu_primeiro_dag.py for tasks to queue
[2024-04-04 20:43:10,194] {logging_mixin.py:115} INFO - [2024-04-04 20:43:10,194] {dagbag.py:507} INFO - Filling up the DagBag from /home/dimitri/dimitri/airflowalura/dags/meu_primeiro_dag.py
[2024-04-04 20:43:10,200] {processor.py:651} INFO - DAG(s) dict_keys(['meu_primeiro_dag']) retrieved from /home/dimitri/dimitri/airflowalura/dags/meu_primeiro_dag.py
[2024-04-04 20:43:10,216] {logging_mixin.py:115} INFO - [2024-04-04 20:43:10,216] {dag.py:2379} INFO - Sync 1 DAGs
[2024-04-04 20:43:10,238] {logging_mixin.py:115} INFO - [2024-04-04 20:43:10,238] {dag.py:2927} INFO - Setting next_dagrun for meu_primeiro_dag to 2024-04-04T00:00:00+00:00, run_after=2024-04-05T00:00:00+00:00
[2024-04-04 20:43:10,268] {processor.py:161} INFO - Processing /home/dimitri/dimitri/airflowalura/dags/meu_primeiro_dag.py took 0.077 seconds
[2024-04-04 20:43:45,124] {processor.py:153} INFO - Started process (PID=573751) to work on /home/dimitri/dimitri/airflowalura/dags/meu_primeiro_dag.py
[2024-04-04 20:43:45,126] {processor.py:641} INFO - Processing file /home/dimitri/dimitri/airflowalura/dags/meu_primeiro_dag.py for tasks to queue
[2024-04-04 20:43:45,127] {logging_mixin.py:115} INFO - [2024-04-04 20:43:45,127] {dagbag.py:507} INFO - Filling up the DagBag from /home/dimitri/dimitri/airflowalura/dags/meu_primeiro_dag.py
[2024-04-04 20:43:45,132] {processor.py:651} INFO - DAG(s) dict_keys(['meu_primeiro_dag']) retrieved from /home/dimitri/dimitri/airflowalura/dags/meu_primeiro_dag.py
[2024-04-04 20:43:45,144] {logging_mixin.py:115} INFO - [2024-04-04 20:43:45,144] {dag.py:2379} INFO - Sync 1 DAGs
[2024-04-04 20:43:45,156] {logging_mixin.py:115} INFO - [2024-04-04 20:43:45,156] {dag.py:2927} INFO - Setting next_dagrun for meu_primeiro_dag to 2024-04-04T00:00:00+00:00, run_after=2024-04-05T00:00:00+00:00
[2024-04-04 20:43:45,174] {processor.py:161} INFO - Processing /home/dimitri/dimitri/airflowalura/dags/meu_primeiro_dag.py took 0.053 seconds
[2024-04-04 20:44:18,573] {processor.py:153} INFO - Started process (PID=573880) to work on /home/dimitri/dimitri/airflowalura/dags/meu_primeiro_dag.py
[2024-04-04 20:44:18,576] {processor.py:641} INFO - Processing file /home/dimitri/dimitri/airflowalura/dags/meu_primeiro_dag.py for tasks to queue
[2024-04-04 20:44:18,577] {logging_mixin.py:115} INFO - [2024-04-04 20:44:18,577] {dagbag.py:507} INFO - Filling up the DagBag from /home/dimitri/dimitri/airflowalura/dags/meu_primeiro_dag.py
[2024-04-04 20:44:18,585] {processor.py:651} INFO - DAG(s) dict_keys(['meu_primeiro_dag']) retrieved from /home/dimitri/dimitri/airflowalura/dags/meu_primeiro_dag.py
[2024-04-04 20:44:18,603] {logging_mixin.py:115} INFO - [2024-04-04 20:44:18,603] {dag.py:2379} INFO - Sync 1 DAGs
[2024-04-04 20:44:18,619] {logging_mixin.py:115} INFO - [2024-04-04 20:44:18,618] {dag.py:2927} INFO - Setting next_dagrun for meu_primeiro_dag to 2024-04-04T00:00:00+00:00, run_after=2024-04-05T00:00:00+00:00
[2024-04-04 20:44:18,640] {processor.py:161} INFO - Processing /home/dimitri/dimitri/airflowalura/dags/meu_primeiro_dag.py took 0.069 seconds
[2024-04-04 20:44:50,634] {processor.py:153} INFO - Started process (PID=574003) to work on /home/dimitri/dimitri/airflowalura/dags/meu_primeiro_dag.py
[2024-04-04 20:44:50,637] {processor.py:641} INFO - Processing file /home/dimitri/dimitri/airflowalura/dags/meu_primeiro_dag.py for tasks to queue
[2024-04-04 20:44:50,637] {logging_mixin.py:115} INFO - [2024-04-04 20:44:50,637] {dagbag.py:507} INFO - Filling up the DagBag from /home/dimitri/dimitri/airflowalura/dags/meu_primeiro_dag.py
[2024-04-04 20:44:50,643] {processor.py:651} INFO - DAG(s) dict_keys(['meu_primeiro_dag']) retrieved from /home/dimitri/dimitri/airflowalura/dags/meu_primeiro_dag.py
[2024-04-04 20:44:50,657] {logging_mixin.py:115} INFO - [2024-04-04 20:44:50,657] {dag.py:2379} INFO - Sync 1 DAGs
[2024-04-04 20:44:50,671] {logging_mixin.py:115} INFO - [2024-04-04 20:44:50,671] {dag.py:2927} INFO - Setting next_dagrun for meu_primeiro_dag to 2024-04-04T00:00:00+00:00, run_after=2024-04-05T00:00:00+00:00
[2024-04-04 20:44:50,688] {processor.py:161} INFO - Processing /home/dimitri/dimitri/airflowalura/dags/meu_primeiro_dag.py took 0.057 seconds
[2024-04-04 20:45:23,317] {processor.py:153} INFO - Started process (PID=574134) to work on /home/dimitri/dimitri/airflowalura/dags/meu_primeiro_dag.py
[2024-04-04 20:45:23,319] {processor.py:641} INFO - Processing file /home/dimitri/dimitri/airflowalura/dags/meu_primeiro_dag.py for tasks to queue
[2024-04-04 20:45:23,319] {logging_mixin.py:115} INFO - [2024-04-04 20:45:23,319] {dagbag.py:507} INFO - Filling up the DagBag from /home/dimitri/dimitri/airflowalura/dags/meu_primeiro_dag.py
[2024-04-04 20:45:23,325] {processor.py:651} INFO - DAG(s) dict_keys(['meu_primeiro_dag']) retrieved from /home/dimitri/dimitri/airflowalura/dags/meu_primeiro_dag.py
[2024-04-04 20:45:23,356] {logging_mixin.py:115} INFO - [2024-04-04 20:45:23,356] {dag.py:2379} INFO - Sync 1 DAGs
[2024-04-04 20:45:23,366] {logging_mixin.py:115} INFO - [2024-04-04 20:45:23,366] {dag.py:2927} INFO - Setting next_dagrun for meu_primeiro_dag to 2024-04-04T00:00:00+00:00, run_after=2024-04-05T00:00:00+00:00
[2024-04-04 20:45:23,385] {processor.py:161} INFO - Processing /home/dimitri/dimitri/airflowalura/dags/meu_primeiro_dag.py took 0.070 seconds
[2024-04-04 20:45:55,457] {processor.py:153} INFO - Started process (PID=574256) to work on /home/dimitri/dimitri/airflowalura/dags/meu_primeiro_dag.py
[2024-04-04 20:45:55,460] {processor.py:641} INFO - Processing file /home/dimitri/dimitri/airflowalura/dags/meu_primeiro_dag.py for tasks to queue
[2024-04-04 20:45:55,460] {logging_mixin.py:115} INFO - [2024-04-04 20:45:55,460] {dagbag.py:507} INFO - Filling up the DagBag from /home/dimitri/dimitri/airflowalura/dags/meu_primeiro_dag.py
[2024-04-04 20:45:55,466] {processor.py:651} INFO - DAG(s) dict_keys(['meu_primeiro_dag']) retrieved from /home/dimitri/dimitri/airflowalura/dags/meu_primeiro_dag.py
[2024-04-04 20:45:55,479] {logging_mixin.py:115} INFO - [2024-04-04 20:45:55,479] {dag.py:2379} INFO - Sync 1 DAGs
[2024-04-04 20:45:55,492] {logging_mixin.py:115} INFO - [2024-04-04 20:45:55,492] {dag.py:2927} INFO - Setting next_dagrun for meu_primeiro_dag to 2024-04-04T00:00:00+00:00, run_after=2024-04-05T00:00:00+00:00
[2024-04-04 20:45:55,509] {processor.py:161} INFO - Processing /home/dimitri/dimitri/airflowalura/dags/meu_primeiro_dag.py took 0.054 seconds
[2024-04-04 20:46:28,960] {processor.py:153} INFO - Started process (PID=574389) to work on /home/dimitri/dimitri/airflowalura/dags/meu_primeiro_dag.py
[2024-04-04 20:46:28,963] {processor.py:641} INFO - Processing file /home/dimitri/dimitri/airflowalura/dags/meu_primeiro_dag.py for tasks to queue
[2024-04-04 20:46:28,964] {logging_mixin.py:115} INFO - [2024-04-04 20:46:28,964] {dagbag.py:507} INFO - Filling up the DagBag from /home/dimitri/dimitri/airflowalura/dags/meu_primeiro_dag.py
[2024-04-04 20:46:28,969] {processor.py:651} INFO - DAG(s) dict_keys(['meu_primeiro_dag']) retrieved from /home/dimitri/dimitri/airflowalura/dags/meu_primeiro_dag.py
[2024-04-04 20:46:28,999] {logging_mixin.py:115} INFO - [2024-04-04 20:46:28,999] {dag.py:2379} INFO - Sync 1 DAGs
[2024-04-04 20:46:29,003] {logging_mixin.py:115} INFO - [2024-04-04 20:46:29,002] {dag.py:2398} INFO - Creating ORM DAG for meu_primeiro_dag
[2024-04-04 20:46:29,008] {logging_mixin.py:115} INFO - [2024-04-04 20:46:29,008] {dag.py:2927} INFO - Setting next_dagrun for meu_primeiro_dag to 2024-04-03T00:00:00+00:00, run_after=2024-04-04T00:00:00+00:00
[2024-04-04 20:46:29,028] {processor.py:161} INFO - Processing /home/dimitri/dimitri/airflowalura/dags/meu_primeiro_dag.py took 0.071 seconds
[2024-04-04 20:47:01,454] {processor.py:153} INFO - Started process (PID=574533) to work on /home/dimitri/dimitri/airflowalura/dags/meu_primeiro_dag.py
[2024-04-04 20:47:01,455] {processor.py:641} INFO - Processing file /home/dimitri/dimitri/airflowalura/dags/meu_primeiro_dag.py for tasks to queue
[2024-04-04 20:47:01,455] {logging_mixin.py:115} INFO - [2024-04-04 20:47:01,455] {dagbag.py:507} INFO - Filling up the DagBag from /home/dimitri/dimitri/airflowalura/dags/meu_primeiro_dag.py
[2024-04-04 20:47:01,462] {processor.py:651} INFO - DAG(s) dict_keys(['meu_primeiro_dag']) retrieved from /home/dimitri/dimitri/airflowalura/dags/meu_primeiro_dag.py
[2024-04-04 20:47:01,474] {logging_mixin.py:115} INFO - [2024-04-04 20:47:01,474] {dag.py:2379} INFO - Sync 1 DAGs
[2024-04-04 20:47:01,487] {logging_mixin.py:115} INFO - [2024-04-04 20:47:01,487] {dag.py:2927} INFO - Setting next_dagrun for meu_primeiro_dag to 2024-04-04T00:00:00+00:00, run_after=2024-04-05T00:00:00+00:00
[2024-04-04 20:47:01,504] {processor.py:161} INFO - Processing /home/dimitri/dimitri/airflowalura/dags/meu_primeiro_dag.py took 0.051 seconds
[2024-04-04 20:47:33,861] {processor.py:153} INFO - Started process (PID=574663) to work on /home/dimitri/dimitri/airflowalura/dags/meu_primeiro_dag.py
[2024-04-04 20:47:33,863] {processor.py:641} INFO - Processing file /home/dimitri/dimitri/airflowalura/dags/meu_primeiro_dag.py for tasks to queue
[2024-04-04 20:47:33,863] {logging_mixin.py:115} INFO - [2024-04-04 20:47:33,863] {dagbag.py:507} INFO - Filling up the DagBag from /home/dimitri/dimitri/airflowalura/dags/meu_primeiro_dag.py
[2024-04-04 20:47:33,869] {processor.py:651} INFO - DAG(s) dict_keys(['meu_primeiro_dag']) retrieved from /home/dimitri/dimitri/airflowalura/dags/meu_primeiro_dag.py
[2024-04-04 20:47:33,899] {logging_mixin.py:115} INFO - [2024-04-04 20:47:33,899] {dag.py:2379} INFO - Sync 1 DAGs
[2024-04-04 20:47:33,915] {logging_mixin.py:115} INFO - [2024-04-04 20:47:33,915] {dag.py:2927} INFO - Setting next_dagrun for meu_primeiro_dag to 2024-04-04T00:00:00+00:00, run_after=2024-04-05T00:00:00+00:00
[2024-04-04 20:47:33,932] {processor.py:161} INFO - Processing /home/dimitri/dimitri/airflowalura/dags/meu_primeiro_dag.py took 0.072 seconds
[2024-04-04 20:48:06,917] {processor.py:153} INFO - Started process (PID=574788) to work on /home/dimitri/dimitri/airflowalura/dags/meu_primeiro_dag.py
[2024-04-04 20:48:06,920] {processor.py:641} INFO - Processing file /home/dimitri/dimitri/airflowalura/dags/meu_primeiro_dag.py for tasks to queue
[2024-04-04 20:48:06,920] {logging_mixin.py:115} INFO - [2024-04-04 20:48:06,920] {dagbag.py:507} INFO - Filling up the DagBag from /home/dimitri/dimitri/airflowalura/dags/meu_primeiro_dag.py
[2024-04-04 20:48:06,926] {processor.py:651} INFO - DAG(s) dict_keys(['meu_primeiro_dag']) retrieved from /home/dimitri/dimitri/airflowalura/dags/meu_primeiro_dag.py
[2024-04-04 20:48:06,938] {logging_mixin.py:115} INFO - [2024-04-04 20:48:06,938] {dag.py:2379} INFO - Sync 1 DAGs
[2024-04-04 20:48:06,950] {logging_mixin.py:115} INFO - [2024-04-04 20:48:06,950] {dag.py:2927} INFO - Setting next_dagrun for meu_primeiro_dag to 2024-04-04T00:00:00+00:00, run_after=2024-04-05T00:00:00+00:00
[2024-04-04 20:48:06,966] {processor.py:161} INFO - Processing /home/dimitri/dimitri/airflowalura/dags/meu_primeiro_dag.py took 0.052 seconds
[2024-04-04 20:48:41,558] {processor.py:153} INFO - Started process (PID=574928) to work on /home/dimitri/dimitri/airflowalura/dags/meu_primeiro_dag.py
[2024-04-04 20:48:41,560] {processor.py:641} INFO - Processing file /home/dimitri/dimitri/airflowalura/dags/meu_primeiro_dag.py for tasks to queue
[2024-04-04 20:48:41,561] {logging_mixin.py:115} INFO - [2024-04-04 20:48:41,561] {dagbag.py:507} INFO - Filling up the DagBag from /home/dimitri/dimitri/airflowalura/dags/meu_primeiro_dag.py
[2024-04-04 20:48:41,566] {processor.py:651} INFO - DAG(s) dict_keys(['meu_primeiro_dag']) retrieved from /home/dimitri/dimitri/airflowalura/dags/meu_primeiro_dag.py
[2024-04-04 20:48:41,590] {logging_mixin.py:115} INFO - [2024-04-04 20:48:41,590] {dag.py:2379} INFO - Sync 1 DAGs
[2024-04-04 20:48:41,593] {logging_mixin.py:115} INFO - [2024-04-04 20:48:41,593] {dag.py:2398} INFO - Creating ORM DAG for meu_primeiro_dag
[2024-04-04 20:48:41,599] {logging_mixin.py:115} INFO - [2024-04-04 20:48:41,598] {dag.py:2927} INFO - Setting next_dagrun for meu_primeiro_dag to 2024-04-03T00:00:00+00:00, run_after=2024-04-04T00:00:00+00:00
[2024-04-04 20:48:41,615] {processor.py:161} INFO - Processing /home/dimitri/dimitri/airflowalura/dags/meu_primeiro_dag.py took 0.059 seconds
[2024-04-04 20:49:14,785] {processor.py:153} INFO - Started process (PID=575060) to work on /home/dimitri/dimitri/airflowalura/dags/meu_primeiro_dag.py
[2024-04-04 20:49:14,787] {processor.py:641} INFO - Processing file /home/dimitri/dimitri/airflowalura/dags/meu_primeiro_dag.py for tasks to queue
[2024-04-04 20:49:14,788] {logging_mixin.py:115} INFO - [2024-04-04 20:49:14,788] {dagbag.py:507} INFO - Filling up the DagBag from /home/dimitri/dimitri/airflowalura/dags/meu_primeiro_dag.py
[2024-04-04 20:49:14,792] {processor.py:651} INFO - DAG(s) dict_keys(['meu_primeiro_dag']) retrieved from /home/dimitri/dimitri/airflowalura/dags/meu_primeiro_dag.py
[2024-04-04 20:49:14,804] {logging_mixin.py:115} INFO - [2024-04-04 20:49:14,803] {dag.py:2379} INFO - Sync 1 DAGs
[2024-04-04 20:49:14,813] {logging_mixin.py:115} INFO - [2024-04-04 20:49:14,813] {dag.py:2927} INFO - Setting next_dagrun for meu_primeiro_dag to 2024-04-03T00:00:00+00:00, run_after=2024-04-04T00:00:00+00:00
[2024-04-04 20:49:14,828] {processor.py:161} INFO - Processing /home/dimitri/dimitri/airflowalura/dags/meu_primeiro_dag.py took 0.046 seconds
[2024-04-04 20:49:45,663] {processor.py:153} INFO - Started process (PID=575182) to work on /home/dimitri/dimitri/airflowalura/dags/meu_primeiro_dag.py
[2024-04-04 20:49:45,665] {processor.py:641} INFO - Processing file /home/dimitri/dimitri/airflowalura/dags/meu_primeiro_dag.py for tasks to queue
[2024-04-04 20:49:45,666] {logging_mixin.py:115} INFO - [2024-04-04 20:49:45,666] {dagbag.py:507} INFO - Filling up the DagBag from /home/dimitri/dimitri/airflowalura/dags/meu_primeiro_dag.py
[2024-04-04 20:49:45,671] {processor.py:651} INFO - DAG(s) dict_keys(['meu_primeiro_dag']) retrieved from /home/dimitri/dimitri/airflowalura/dags/meu_primeiro_dag.py
[2024-04-04 20:49:45,686] {logging_mixin.py:115} INFO - [2024-04-04 20:49:45,686] {dag.py:2379} INFO - Sync 1 DAGs
[2024-04-04 20:49:45,701] {logging_mixin.py:115} INFO - [2024-04-04 20:49:45,701] {dag.py:2927} INFO - Setting next_dagrun for meu_primeiro_dag to 2024-04-03T00:00:00+00:00, run_after=2024-04-04T00:00:00+00:00
[2024-04-04 20:49:45,717] {processor.py:161} INFO - Processing /home/dimitri/dimitri/airflowalura/dags/meu_primeiro_dag.py took 0.055 seconds
[2024-04-04 20:50:16,397] {processor.py:153} INFO - Started process (PID=575307) to work on /home/dimitri/dimitri/airflowalura/dags/meu_primeiro_dag.py
[2024-04-04 20:50:16,400] {processor.py:641} INFO - Processing file /home/dimitri/dimitri/airflowalura/dags/meu_primeiro_dag.py for tasks to queue
[2024-04-04 20:50:16,400] {logging_mixin.py:115} INFO - [2024-04-04 20:50:16,400] {dagbag.py:507} INFO - Filling up the DagBag from /home/dimitri/dimitri/airflowalura/dags/meu_primeiro_dag.py
[2024-04-04 20:50:16,405] {processor.py:651} INFO - DAG(s) dict_keys(['meu_primeiro_dag']) retrieved from /home/dimitri/dimitri/airflowalura/dags/meu_primeiro_dag.py
[2024-04-04 20:50:16,416] {logging_mixin.py:115} INFO - [2024-04-04 20:50:16,416] {dag.py:2379} INFO - Sync 1 DAGs
[2024-04-04 20:50:16,426] {logging_mixin.py:115} INFO - [2024-04-04 20:50:16,426] {dag.py:2927} INFO - Setting next_dagrun for meu_primeiro_dag to 2024-04-03T00:00:00+00:00, run_after=2024-04-04T00:00:00+00:00
[2024-04-04 20:50:16,465] {processor.py:161} INFO - Processing /home/dimitri/dimitri/airflowalura/dags/meu_primeiro_dag.py took 0.070 seconds
[2024-04-04 20:50:50,704] {processor.py:153} INFO - Started process (PID=575439) to work on /home/dimitri/dimitri/airflowalura/dags/meu_primeiro_dag.py
[2024-04-04 20:50:50,706] {processor.py:641} INFO - Processing file /home/dimitri/dimitri/airflowalura/dags/meu_primeiro_dag.py for tasks to queue
[2024-04-04 20:50:50,707] {logging_mixin.py:115} INFO - [2024-04-04 20:50:50,707] {dagbag.py:507} INFO - Filling up the DagBag from /home/dimitri/dimitri/airflowalura/dags/meu_primeiro_dag.py
[2024-04-04 20:50:50,712] {processor.py:651} INFO - DAG(s) dict_keys(['meu_primeiro_dag']) retrieved from /home/dimitri/dimitri/airflowalura/dags/meu_primeiro_dag.py
[2024-04-04 20:50:50,728] {logging_mixin.py:115} INFO - [2024-04-04 20:50:50,728] {dag.py:2379} INFO - Sync 1 DAGs
[2024-04-04 20:50:50,740] {logging_mixin.py:115} INFO - [2024-04-04 20:50:50,740] {dag.py:2927} INFO - Setting next_dagrun for meu_primeiro_dag to 2024-04-03T00:00:00+00:00, run_after=2024-04-04T00:00:00+00:00
[2024-04-04 20:50:50,758] {processor.py:161} INFO - Processing /home/dimitri/dimitri/airflowalura/dags/meu_primeiro_dag.py took 0.056 seconds
[2024-04-04 20:51:23,280] {processor.py:153} INFO - Started process (PID=575568) to work on /home/dimitri/dimitri/airflowalura/dags/meu_primeiro_dag.py
[2024-04-04 20:51:23,281] {processor.py:641} INFO - Processing file /home/dimitri/dimitri/airflowalura/dags/meu_primeiro_dag.py for tasks to queue
[2024-04-04 20:51:23,282] {logging_mixin.py:115} INFO - [2024-04-04 20:51:23,282] {dagbag.py:507} INFO - Filling up the DagBag from /home/dimitri/dimitri/airflowalura/dags/meu_primeiro_dag.py
[2024-04-04 20:51:23,291] {processor.py:651} INFO - DAG(s) dict_keys(['meu_primeiro_dag']) retrieved from /home/dimitri/dimitri/airflowalura/dags/meu_primeiro_dag.py
[2024-04-04 20:51:23,311] {logging_mixin.py:115} INFO - [2024-04-04 20:51:23,310] {dag.py:2379} INFO - Sync 1 DAGs
[2024-04-04 20:51:23,327] {logging_mixin.py:115} INFO - [2024-04-04 20:51:23,327] {dag.py:2927} INFO - Setting next_dagrun for meu_primeiro_dag to 2024-04-03T00:00:00+00:00, run_after=2024-04-04T00:00:00+00:00
[2024-04-04 20:51:23,344] {processor.py:161} INFO - Processing /home/dimitri/dimitri/airflowalura/dags/meu_primeiro_dag.py took 0.068 seconds
[2024-04-04 20:51:56,058] {processor.py:153} INFO - Started process (PID=575690) to work on /home/dimitri/dimitri/airflowalura/dags/meu_primeiro_dag.py
[2024-04-04 20:51:56,061] {processor.py:641} INFO - Processing file /home/dimitri/dimitri/airflowalura/dags/meu_primeiro_dag.py for tasks to queue
[2024-04-04 20:51:56,062] {logging_mixin.py:115} INFO - [2024-04-04 20:51:56,062] {dagbag.py:507} INFO - Filling up the DagBag from /home/dimitri/dimitri/airflowalura/dags/meu_primeiro_dag.py
[2024-04-04 20:51:56,070] {processor.py:651} INFO - DAG(s) dict_keys(['meu_primeiro_dag']) retrieved from /home/dimitri/dimitri/airflowalura/dags/meu_primeiro_dag.py
[2024-04-04 20:51:56,087] {logging_mixin.py:115} INFO - [2024-04-04 20:51:56,087] {dag.py:2379} INFO - Sync 1 DAGs
[2024-04-04 20:51:56,101] {logging_mixin.py:115} INFO - [2024-04-04 20:51:56,101] {dag.py:2927} INFO - Setting next_dagrun for meu_primeiro_dag to 2024-04-03T00:00:00+00:00, run_after=2024-04-04T00:00:00+00:00
[2024-04-04 20:51:56,118] {processor.py:161} INFO - Processing /home/dimitri/dimitri/airflowalura/dags/meu_primeiro_dag.py took 0.062 seconds
[2024-04-04 20:52:31,113] {processor.py:153} INFO - Started process (PID=575828) to work on /home/dimitri/dimitri/airflowalura/dags/meu_primeiro_dag.py
[2024-04-04 20:52:31,115] {processor.py:641} INFO - Processing file /home/dimitri/dimitri/airflowalura/dags/meu_primeiro_dag.py for tasks to queue
[2024-04-04 20:52:31,115] {logging_mixin.py:115} INFO - [2024-04-04 20:52:31,115] {dagbag.py:507} INFO - Filling up the DagBag from /home/dimitri/dimitri/airflowalura/dags/meu_primeiro_dag.py
[2024-04-04 20:52:31,120] {processor.py:651} INFO - DAG(s) dict_keys(['meu_primeiro_dag']) retrieved from /home/dimitri/dimitri/airflowalura/dags/meu_primeiro_dag.py
[2024-04-04 20:52:31,133] {logging_mixin.py:115} INFO - [2024-04-04 20:52:31,133] {dag.py:2379} INFO - Sync 1 DAGs
[2024-04-04 20:52:31,144] {logging_mixin.py:115} INFO - [2024-04-04 20:52:31,144] {dag.py:2927} INFO - Setting next_dagrun for meu_primeiro_dag to 2024-04-03T00:00:00+00:00, run_after=2024-04-04T00:00:00+00:00
[2024-04-04 20:52:31,160] {processor.py:161} INFO - Processing /home/dimitri/dimitri/airflowalura/dags/meu_primeiro_dag.py took 0.049 seconds
[2024-04-04 20:53:05,975] {processor.py:153} INFO - Started process (PID=575964) to work on /home/dimitri/dimitri/airflowalura/dags/meu_primeiro_dag.py
[2024-04-04 20:53:05,976] {processor.py:641} INFO - Processing file /home/dimitri/dimitri/airflowalura/dags/meu_primeiro_dag.py for tasks to queue
[2024-04-04 20:53:05,976] {logging_mixin.py:115} INFO - [2024-04-04 20:53:05,976] {dagbag.py:507} INFO - Filling up the DagBag from /home/dimitri/dimitri/airflowalura/dags/meu_primeiro_dag.py
[2024-04-04 20:53:05,981] {processor.py:651} INFO - DAG(s) dict_keys(['meu_primeiro_dag']) retrieved from /home/dimitri/dimitri/airflowalura/dags/meu_primeiro_dag.py
[2024-04-04 20:53:05,992] {logging_mixin.py:115} INFO - [2024-04-04 20:53:05,992] {dag.py:2379} INFO - Sync 1 DAGs
[2024-04-04 20:53:06,001] {logging_mixin.py:115} INFO - [2024-04-04 20:53:06,001] {dag.py:2927} INFO - Setting next_dagrun for meu_primeiro_dag to 2024-04-03T00:00:00+00:00, run_after=2024-04-04T00:00:00+00:00
[2024-04-04 20:53:06,018] {processor.py:161} INFO - Processing /home/dimitri/dimitri/airflowalura/dags/meu_primeiro_dag.py took 0.045 seconds
[2024-04-04 20:53:37,510] {processor.py:153} INFO - Started process (PID=576086) to work on /home/dimitri/dimitri/airflowalura/dags/meu_primeiro_dag.py
[2024-04-04 20:53:37,512] {processor.py:641} INFO - Processing file /home/dimitri/dimitri/airflowalura/dags/meu_primeiro_dag.py for tasks to queue
[2024-04-04 20:53:37,513] {logging_mixin.py:115} INFO - [2024-04-04 20:53:37,513] {dagbag.py:507} INFO - Filling up the DagBag from /home/dimitri/dimitri/airflowalura/dags/meu_primeiro_dag.py
[2024-04-04 20:53:37,518] {processor.py:651} INFO - DAG(s) dict_keys(['meu_primeiro_dag']) retrieved from /home/dimitri/dimitri/airflowalura/dags/meu_primeiro_dag.py
[2024-04-04 20:53:37,529] {logging_mixin.py:115} INFO - [2024-04-04 20:53:37,529] {dag.py:2379} INFO - Sync 1 DAGs
[2024-04-04 20:53:37,539] {logging_mixin.py:115} INFO - [2024-04-04 20:53:37,539] {dag.py:2927} INFO - Setting next_dagrun for meu_primeiro_dag to 2024-04-03T00:00:00+00:00, run_after=2024-04-04T00:00:00+00:00
[2024-04-04 20:53:37,554] {processor.py:161} INFO - Processing /home/dimitri/dimitri/airflowalura/dags/meu_primeiro_dag.py took 0.048 seconds
[2024-04-04 20:54:10,843] {processor.py:153} INFO - Started process (PID=576217) to work on /home/dimitri/dimitri/airflowalura/dags/meu_primeiro_dag.py
[2024-04-04 20:54:10,846] {processor.py:641} INFO - Processing file /home/dimitri/dimitri/airflowalura/dags/meu_primeiro_dag.py for tasks to queue
[2024-04-04 20:54:10,847] {logging_mixin.py:115} INFO - [2024-04-04 20:54:10,847] {dagbag.py:507} INFO - Filling up the DagBag from /home/dimitri/dimitri/airflowalura/dags/meu_primeiro_dag.py
[2024-04-04 20:54:10,852] {processor.py:651} INFO - DAG(s) dict_keys(['meu_primeiro_dag']) retrieved from /home/dimitri/dimitri/airflowalura/dags/meu_primeiro_dag.py
[2024-04-04 20:54:10,863] {logging_mixin.py:115} INFO - [2024-04-04 20:54:10,863] {dag.py:2379} INFO - Sync 1 DAGs
[2024-04-04 20:54:10,874] {logging_mixin.py:115} INFO - [2024-04-04 20:54:10,874] {dag.py:2927} INFO - Setting next_dagrun for meu_primeiro_dag to 2024-04-03T00:00:00+00:00, run_after=2024-04-04T00:00:00+00:00
[2024-04-04 20:54:10,890] {processor.py:161} INFO - Processing /home/dimitri/dimitri/airflowalura/dags/meu_primeiro_dag.py took 0.049 seconds
[2024-04-04 20:54:41,452] {processor.py:153} INFO - Started process (PID=576339) to work on /home/dimitri/dimitri/airflowalura/dags/meu_primeiro_dag.py
[2024-04-04 20:54:41,454] {processor.py:641} INFO - Processing file /home/dimitri/dimitri/airflowalura/dags/meu_primeiro_dag.py for tasks to queue
[2024-04-04 20:54:41,454] {logging_mixin.py:115} INFO - [2024-04-04 20:54:41,454] {dagbag.py:507} INFO - Filling up the DagBag from /home/dimitri/dimitri/airflowalura/dags/meu_primeiro_dag.py
[2024-04-04 20:54:41,460] {processor.py:651} INFO - DAG(s) dict_keys(['meu_primeiro_dag']) retrieved from /home/dimitri/dimitri/airflowalura/dags/meu_primeiro_dag.py
[2024-04-04 20:54:41,471] {logging_mixin.py:115} INFO - [2024-04-04 20:54:41,471] {dag.py:2379} INFO - Sync 1 DAGs
[2024-04-04 20:54:41,482] {logging_mixin.py:115} INFO - [2024-04-04 20:54:41,482] {dag.py:2927} INFO - Setting next_dagrun for meu_primeiro_dag to 2024-04-03T00:00:00+00:00, run_after=2024-04-04T00:00:00+00:00
[2024-04-04 20:54:41,498] {processor.py:161} INFO - Processing /home/dimitri/dimitri/airflowalura/dags/meu_primeiro_dag.py took 0.048 seconds
[2024-04-04 20:55:12,393] {processor.py:153} INFO - Started process (PID=576460) to work on /home/dimitri/dimitri/airflowalura/dags/meu_primeiro_dag.py
[2024-04-04 20:55:12,395] {processor.py:641} INFO - Processing file /home/dimitri/dimitri/airflowalura/dags/meu_primeiro_dag.py for tasks to queue
[2024-04-04 20:55:12,395] {logging_mixin.py:115} INFO - [2024-04-04 20:55:12,395] {dagbag.py:507} INFO - Filling up the DagBag from /home/dimitri/dimitri/airflowalura/dags/meu_primeiro_dag.py
[2024-04-04 20:55:12,401] {processor.py:651} INFO - DAG(s) dict_keys(['meu_primeiro_dag']) retrieved from /home/dimitri/dimitri/airflowalura/dags/meu_primeiro_dag.py
[2024-04-04 20:55:12,413] {logging_mixin.py:115} INFO - [2024-04-04 20:55:12,413] {dag.py:2379} INFO - Sync 1 DAGs
[2024-04-04 20:55:12,423] {logging_mixin.py:115} INFO - [2024-04-04 20:55:12,423] {dag.py:2927} INFO - Setting next_dagrun for meu_primeiro_dag to 2024-04-03T00:00:00+00:00, run_after=2024-04-04T00:00:00+00:00
[2024-04-04 20:55:12,441] {processor.py:161} INFO - Processing /home/dimitri/dimitri/airflowalura/dags/meu_primeiro_dag.py took 0.050 seconds
[2024-04-04 20:55:43,387] {processor.py:153} INFO - Started process (PID=576577) to work on /home/dimitri/dimitri/airflowalura/dags/meu_primeiro_dag.py
[2024-04-04 20:55:43,390] {processor.py:641} INFO - Processing file /home/dimitri/dimitri/airflowalura/dags/meu_primeiro_dag.py for tasks to queue
[2024-04-04 20:55:43,391] {logging_mixin.py:115} INFO - [2024-04-04 20:55:43,391] {dagbag.py:507} INFO - Filling up the DagBag from /home/dimitri/dimitri/airflowalura/dags/meu_primeiro_dag.py
[2024-04-04 20:55:43,397] {processor.py:651} INFO - DAG(s) dict_keys(['meu_primeiro_dag']) retrieved from /home/dimitri/dimitri/airflowalura/dags/meu_primeiro_dag.py
[2024-04-04 20:55:43,407] {logging_mixin.py:115} INFO - [2024-04-04 20:55:43,407] {dag.py:2379} INFO - Sync 1 DAGs
[2024-04-04 20:55:43,417] {logging_mixin.py:115} INFO - [2024-04-04 20:55:43,416] {dag.py:2927} INFO - Setting next_dagrun for meu_primeiro_dag to 2024-04-03T00:00:00+00:00, run_after=2024-04-04T00:00:00+00:00
[2024-04-04 20:55:43,432] {processor.py:161} INFO - Processing /home/dimitri/dimitri/airflowalura/dags/meu_primeiro_dag.py took 0.049 seconds
[2024-04-04 20:56:18,316] {processor.py:153} INFO - Started process (PID=576714) to work on /home/dimitri/dimitri/airflowalura/dags/meu_primeiro_dag.py
[2024-04-04 20:56:18,317] {processor.py:641} INFO - Processing file /home/dimitri/dimitri/airflowalura/dags/meu_primeiro_dag.py for tasks to queue
[2024-04-04 20:56:18,317] {logging_mixin.py:115} INFO - [2024-04-04 20:56:18,317] {dagbag.py:507} INFO - Filling up the DagBag from /home/dimitri/dimitri/airflowalura/dags/meu_primeiro_dag.py
[2024-04-04 20:56:18,323] {processor.py:651} INFO - DAG(s) dict_keys(['meu_primeiro_dag']) retrieved from /home/dimitri/dimitri/airflowalura/dags/meu_primeiro_dag.py
[2024-04-04 20:56:18,334] {logging_mixin.py:115} INFO - [2024-04-04 20:56:18,334] {dag.py:2379} INFO - Sync 1 DAGs
[2024-04-04 20:56:18,346] {logging_mixin.py:115} INFO - [2024-04-04 20:56:18,346] {dag.py:2927} INFO - Setting next_dagrun for meu_primeiro_dag to 2024-04-03T00:00:00+00:00, run_after=2024-04-04T00:00:00+00:00
[2024-04-04 20:56:18,363] {processor.py:161} INFO - Processing /home/dimitri/dimitri/airflowalura/dags/meu_primeiro_dag.py took 0.049 seconds
[2024-04-04 20:56:49,159] {processor.py:153} INFO - Started process (PID=576835) to work on /home/dimitri/dimitri/airflowalura/dags/meu_primeiro_dag.py
[2024-04-04 20:56:49,161] {processor.py:641} INFO - Processing file /home/dimitri/dimitri/airflowalura/dags/meu_primeiro_dag.py for tasks to queue
[2024-04-04 20:56:49,161] {logging_mixin.py:115} INFO - [2024-04-04 20:56:49,161] {dagbag.py:507} INFO - Filling up the DagBag from /home/dimitri/dimitri/airflowalura/dags/meu_primeiro_dag.py
[2024-04-04 20:56:49,166] {processor.py:651} INFO - DAG(s) dict_keys(['meu_primeiro_dag']) retrieved from /home/dimitri/dimitri/airflowalura/dags/meu_primeiro_dag.py
[2024-04-04 20:56:49,178] {logging_mixin.py:115} INFO - [2024-04-04 20:56:49,178] {dag.py:2379} INFO - Sync 1 DAGs
[2024-04-04 20:56:49,188] {logging_mixin.py:115} INFO - [2024-04-04 20:56:49,188] {dag.py:2927} INFO - Setting next_dagrun for meu_primeiro_dag to 2024-04-03T00:00:00+00:00, run_after=2024-04-04T00:00:00+00:00
[2024-04-04 20:56:49,204] {processor.py:161} INFO - Processing /home/dimitri/dimitri/airflowalura/dags/meu_primeiro_dag.py took 0.048 seconds
[2024-04-04 20:57:19,553] {processor.py:153} INFO - Started process (PID=576958) to work on /home/dimitri/dimitri/airflowalura/dags/meu_primeiro_dag.py
[2024-04-04 20:57:19,556] {processor.py:641} INFO - Processing file /home/dimitri/dimitri/airflowalura/dags/meu_primeiro_dag.py for tasks to queue
[2024-04-04 20:57:19,556] {logging_mixin.py:115} INFO - [2024-04-04 20:57:19,556] {dagbag.py:507} INFO - Filling up the DagBag from /home/dimitri/dimitri/airflowalura/dags/meu_primeiro_dag.py
[2024-04-04 20:57:19,561] {processor.py:651} INFO - DAG(s) dict_keys(['meu_primeiro_dag']) retrieved from /home/dimitri/dimitri/airflowalura/dags/meu_primeiro_dag.py
[2024-04-04 20:57:19,574] {logging_mixin.py:115} INFO - [2024-04-04 20:57:19,574] {dag.py:2379} INFO - Sync 1 DAGs
[2024-04-04 20:57:19,585] {logging_mixin.py:115} INFO - [2024-04-04 20:57:19,585] {dag.py:2927} INFO - Setting next_dagrun for meu_primeiro_dag to 2024-04-03T00:00:00+00:00, run_after=2024-04-04T00:00:00+00:00
[2024-04-04 20:57:19,602] {processor.py:161} INFO - Processing /home/dimitri/dimitri/airflowalura/dags/meu_primeiro_dag.py took 0.051 seconds
[2024-04-04 20:57:51,025] {processor.py:153} INFO - Started process (PID=577080) to work on /home/dimitri/dimitri/airflowalura/dags/meu_primeiro_dag.py
[2024-04-04 20:57:51,026] {processor.py:641} INFO - Processing file /home/dimitri/dimitri/airflowalura/dags/meu_primeiro_dag.py for tasks to queue
[2024-04-04 20:57:51,026] {logging_mixin.py:115} INFO - [2024-04-04 20:57:51,026] {dagbag.py:507} INFO - Filling up the DagBag from /home/dimitri/dimitri/airflowalura/dags/meu_primeiro_dag.py
[2024-04-04 20:57:51,032] {processor.py:651} INFO - DAG(s) dict_keys(['meu_primeiro_dag']) retrieved from /home/dimitri/dimitri/airflowalura/dags/meu_primeiro_dag.py
[2024-04-04 20:57:51,044] {logging_mixin.py:115} INFO - [2024-04-04 20:57:51,043] {dag.py:2379} INFO - Sync 1 DAGs
[2024-04-04 20:57:51,053] {logging_mixin.py:115} INFO - [2024-04-04 20:57:51,053] {dag.py:2927} INFO - Setting next_dagrun for meu_primeiro_dag to 2024-04-03T00:00:00+00:00, run_after=2024-04-04T00:00:00+00:00
[2024-04-04 20:57:51,071] {processor.py:161} INFO - Processing /home/dimitri/dimitri/airflowalura/dags/meu_primeiro_dag.py took 0.049 seconds
[2024-04-04 20:58:21,532] {processor.py:153} INFO - Started process (PID=577201) to work on /home/dimitri/dimitri/airflowalura/dags/meu_primeiro_dag.py
[2024-04-04 20:58:21,535] {processor.py:641} INFO - Processing file /home/dimitri/dimitri/airflowalura/dags/meu_primeiro_dag.py for tasks to queue
[2024-04-04 20:58:21,536] {logging_mixin.py:115} INFO - [2024-04-04 20:58:21,536] {dagbag.py:507} INFO - Filling up the DagBag from /home/dimitri/dimitri/airflowalura/dags/meu_primeiro_dag.py
[2024-04-04 20:58:21,541] {processor.py:651} INFO - DAG(s) dict_keys(['meu_primeiro_dag']) retrieved from /home/dimitri/dimitri/airflowalura/dags/meu_primeiro_dag.py
[2024-04-04 20:58:21,554] {logging_mixin.py:115} INFO - [2024-04-04 20:58:21,554] {dag.py:2379} INFO - Sync 1 DAGs
[2024-04-04 20:58:21,564] {logging_mixin.py:115} INFO - [2024-04-04 20:58:21,564] {dag.py:2927} INFO - Setting next_dagrun for meu_primeiro_dag to 2024-04-03T00:00:00+00:00, run_after=2024-04-04T00:00:00+00:00
[2024-04-04 20:58:21,582] {processor.py:161} INFO - Processing /home/dimitri/dimitri/airflowalura/dags/meu_primeiro_dag.py took 0.052 seconds
[2024-04-04 20:58:53,034] {processor.py:153} INFO - Started process (PID=577325) to work on /home/dimitri/dimitri/airflowalura/dags/meu_primeiro_dag.py
[2024-04-04 20:58:53,035] {processor.py:641} INFO - Processing file /home/dimitri/dimitri/airflowalura/dags/meu_primeiro_dag.py for tasks to queue
[2024-04-04 20:58:53,036] {logging_mixin.py:115} INFO - [2024-04-04 20:58:53,036] {dagbag.py:507} INFO - Filling up the DagBag from /home/dimitri/dimitri/airflowalura/dags/meu_primeiro_dag.py
[2024-04-04 20:58:53,041] {processor.py:651} INFO - DAG(s) dict_keys(['meu_primeiro_dag']) retrieved from /home/dimitri/dimitri/airflowalura/dags/meu_primeiro_dag.py
[2024-04-04 20:58:53,052] {logging_mixin.py:115} INFO - [2024-04-04 20:58:53,052] {dag.py:2379} INFO - Sync 1 DAGs
[2024-04-04 20:58:53,063] {logging_mixin.py:115} INFO - [2024-04-04 20:58:53,063] {dag.py:2927} INFO - Setting next_dagrun for meu_primeiro_dag to 2024-04-03T00:00:00+00:00, run_after=2024-04-04T00:00:00+00:00
[2024-04-04 20:58:53,079] {processor.py:161} INFO - Processing /home/dimitri/dimitri/airflowalura/dags/meu_primeiro_dag.py took 0.047 seconds
[2024-04-04 20:59:24,573] {processor.py:153} INFO - Started process (PID=577449) to work on /home/dimitri/dimitri/airflowalura/dags/meu_primeiro_dag.py
[2024-04-04 20:59:24,576] {processor.py:641} INFO - Processing file /home/dimitri/dimitri/airflowalura/dags/meu_primeiro_dag.py for tasks to queue
[2024-04-04 20:59:24,576] {logging_mixin.py:115} INFO - [2024-04-04 20:59:24,576] {dagbag.py:507} INFO - Filling up the DagBag from /home/dimitri/dimitri/airflowalura/dags/meu_primeiro_dag.py
[2024-04-04 20:59:24,581] {processor.py:651} INFO - DAG(s) dict_keys(['meu_primeiro_dag']) retrieved from /home/dimitri/dimitri/airflowalura/dags/meu_primeiro_dag.py
[2024-04-04 20:59:24,593] {logging_mixin.py:115} INFO - [2024-04-04 20:59:24,593] {dag.py:2379} INFO - Sync 1 DAGs
[2024-04-04 20:59:24,605] {logging_mixin.py:115} INFO - [2024-04-04 20:59:24,605] {dag.py:2927} INFO - Setting next_dagrun for meu_primeiro_dag to 2024-04-03T00:00:00+00:00, run_after=2024-04-04T00:00:00+00:00
[2024-04-04 20:59:24,621] {processor.py:161} INFO - Processing /home/dimitri/dimitri/airflowalura/dags/meu_primeiro_dag.py took 0.049 seconds
[2024-04-04 20:59:58,236] {processor.py:153} INFO - Started process (PID=577580) to work on /home/dimitri/dimitri/airflowalura/dags/meu_primeiro_dag.py
[2024-04-04 20:59:58,239] {processor.py:641} INFO - Processing file /home/dimitri/dimitri/airflowalura/dags/meu_primeiro_dag.py for tasks to queue
[2024-04-04 20:59:58,239] {logging_mixin.py:115} INFO - [2024-04-04 20:59:58,239] {dagbag.py:507} INFO - Filling up the DagBag from /home/dimitri/dimitri/airflowalura/dags/meu_primeiro_dag.py
[2024-04-04 20:59:58,244] {processor.py:651} INFO - DAG(s) dict_keys(['meu_primeiro_dag']) retrieved from /home/dimitri/dimitri/airflowalura/dags/meu_primeiro_dag.py
[2024-04-04 20:59:58,255] {logging_mixin.py:115} INFO - [2024-04-04 20:59:58,255] {dag.py:2379} INFO - Sync 1 DAGs
[2024-04-04 20:59:58,267] {logging_mixin.py:115} INFO - [2024-04-04 20:59:58,267] {dag.py:2927} INFO - Setting next_dagrun for meu_primeiro_dag to 2024-04-03T00:00:00+00:00, run_after=2024-04-04T00:00:00+00:00
[2024-04-04 20:59:58,283] {processor.py:161} INFO - Processing /home/dimitri/dimitri/airflowalura/dags/meu_primeiro_dag.py took 0.050 seconds
