[2024-04-05 19:36:25,746] {taskinstance.py:1159} INFO - Dependencies all met for <TaskInstance: dados_climaticos.extrai_dados scheduled__2024-01-15T00:00:00+00:00 [queued]>
[2024-04-05 19:36:25,751] {taskinstance.py:1159} INFO - Dependencies all met for <TaskInstance: dados_climaticos.extrai_dados scheduled__2024-01-15T00:00:00+00:00 [queued]>
[2024-04-05 19:36:25,751] {taskinstance.py:1356} INFO - 
--------------------------------------------------------------------------------
[2024-04-05 19:36:25,751] {taskinstance.py:1357} INFO - Starting attempt 1 of 1
[2024-04-05 19:36:25,752] {taskinstance.py:1358} INFO - 
--------------------------------------------------------------------------------
[2024-04-05 19:36:25,769] {taskinstance.py:1377} INFO - Executing <Task(PythonOperator): extrai_dados> on 2024-01-15 00:00:00+00:00
[2024-04-05 19:36:25,771] {standard_task_runner.py:52} INFO - Started process 725957 to run task
[2024-04-05 19:36:25,774] {standard_task_runner.py:79} INFO - Running: ['airflow', 'tasks', 'run', 'dados_climaticos', 'extrai_dados', 'scheduled__2024-01-15T00:00:00+00:00', '--job-id', '110', '--raw', '--subdir', 'DAGS_FOLDER/extrai_dados_climaticos.py', '--cfg-path', '/tmp/tmpuo8fj15l', '--error-file', '/tmp/tmpm6is5eox']
[2024-04-05 19:36:25,774] {standard_task_runner.py:80} INFO - Job 110: Subtask extrai_dados
[2024-04-05 19:36:25,811] {task_command.py:370} INFO - Running <TaskInstance: dados_climaticos.extrai_dados scheduled__2024-01-15T00:00:00+00:00 [running]> on host TEC017860.
[2024-04-05 19:36:25,860] {taskinstance.py:1569} INFO - Exporting the following env vars:
AIRFLOW_CTX_DAG_OWNER=airflow
AIRFLOW_CTX_DAG_ID=dados_climaticos
AIRFLOW_CTX_TASK_ID=extrai_dados
AIRFLOW_CTX_EXECUTION_DATE=2024-01-15T00:00:00+00:00
AIRFLOW_CTX_TRY_NUMBER=1
AIRFLOW_CTX_DAG_RUN_ID=scheduled__2024-01-15T00:00:00+00:00
[2024-04-05 19:36:26,707] {python.py:173} INFO - Done. Returned value was: None
[2024-04-05 19:36:26,711] {taskinstance.py:1395} INFO - Marking task as SUCCESS. dag_id=dados_climaticos, task_id=extrai_dados, execution_date=20240115T000000, start_date=20240405T223625, end_date=20240405T223626
[2024-04-05 19:36:26,773] {local_task_job.py:156} INFO - Task exited with return code 0
[2024-04-05 19:36:26,790] {local_task_job.py:273} INFO - 0 downstream tasks scheduled from follow-on schedule check
